	
BDSW1H25.ITM : Opcode 81: Les 2 parametres doivent avoir la valeur 0
BDXBOW01.ITM : Opcode 165: Les 2 parametres doivent avoir la valeur 0
BDXBOW02.ITM : Opcode 165: Les 2 parametres doivent avoir la valeur 0
DWXBOW01.ITM : Opcode 165: Les 2 parametres doivent avoir la valeur 0
HAMM10.ITM : Opcode 177: Invalid ids entry : gender.ids (20)
HAMM11.ITM : Opcode 177: Invalid ids entry : gender.ids (20)
MISC4Y.ITM : Opcode 0: parameter1 equal to 0 for a bonus/malus to the armor class.
MISC5E.ITM : Opcode 0: parameter1 equal to 0 for a bonus/malus to the armor class.
MISC5R.ITM : Opcode 0: parameter1 equal to 0 for a bonus/malus to the armor class.
MISC5W.ITM : Opcode 0: parameter1 equal to 0 for a bonus/malus to the armor class.
MISC7R.ITM : Opcode 0: parameter1 equal to 0 for a bonus/malus to the armor class.
MISC8L.ITM : Opcode 0: parameter1 equal to 0 for a bonus/malus to the armor class.
MISC8O.ITM : Opcode 0: parameter1 equal to 0 for a bonus/malus to the armor class.
MISC9N.ITM : Opcode 0: parameter1 equal to 0 for a bonus/malus to the armor class.
MISCA9.ITM : Opcode 0: parameter1 equal to 0 for a bonus/malus to the armor class.
MISCAD.ITM : Opcode 0: parameter1 equal to 0 for a bonus/malus to the armor class.
MISCAE.ITM : Opcode 0: parameter1 equal to 0 for a bonus/malus to the armor class.
MISCB1.ITM : Opcode 0: parameter1 equal to 0 for a bonus/malus to the armor class.
OHBREW02.ITM : Opcode 177: The resref parameter is empty
PLAT17.ITM : Opcode 0: parameter1 equal to 0 for a bonus/malus to the armor class.
PLAT23.ITM : Opcode 0: parameter1 equal to 0 for a bonus/malus to the armor class.
PRINCESS.ITM : Opcode 238: Wrong ids file : 24
RING37.ITM : Opcode 0: parameter1 equal to 0 for a bonus/malus to the armor class.
RING38.ITM : Opcode 0: parameter1 equal to 0 for a bonus/malus to the armor class.
RING45.ITM : Opcode 0: parameter1 equal to 0 for a bonus/malus to the armor class.
RINGJOIA.ITM : Opcode 0: parameter1 equal to 0 for a bonus/malus to the armor class.
RINGJOS.ITM : Opcode 0: parameter1 equal to 0 for a bonus/malus to the armor class.
SECRET01.ITM : Opcode 165: Les 2 parametres doivent avoir la valeur 0
SHLD06P.ITM : Opcode 178: Wrong ids file : 255
SHLD06P.ITM : Opcode 219000: Wrong ids file : 255
SHLD06P.ITM : Opcode 219001: Wrong ids file : 255
SHLD06P.ITM : Opcode 219000: Wrong ids file : 255
SHLD06P.ITM : Opcode 219001: Wrong ids file : 255
SW2H07.ITM : Opcode 177: Invalid ids entry : gender.ids (20)
XBOW01.ITM : Opcode 165: Les 2 parametres doivent avoir la valeur 0
XBOW02.ITM : Opcode 165: Les 2 parametres doivent avoir la valeur 0
XBOW03.ITM : Opcode 165: Les 2 parametres doivent avoir la valeur 0
XBOW04.ITM : Opcode 165: Les 2 parametres doivent avoir la valeur 0
XBOW05.ITM : Opcode 165: Les 2 parametres doivent avoir la valeur 0
XBOW06.ITM : Opcode 165: Les 2 parametres doivent avoir la valeur 0
XBOW07.ITM : Opcode 165: Les 2 parametres doivent avoir la valeur 0
XBOW08.ITM : Opcode 165: Les 2 parametres doivent avoir la valeur 0
XBOW09.ITM : Opcode 165: Les 2 parametres doivent avoir la valeur 0
XBOW10.ITM : Opcode 165: Les 2 parametres doivent avoir la valeur 0
XBOW12.ITM : Opcode 165: Les 2 parametres doivent avoir la valeur 0
XBOW13.ITM : Opcode 165: Les 2 parametres doivent avoir la valeur 0
XBOW14.ITM : Opcode 165: Les 2 parametres doivent avoir la valeur 0
XBOW15.ITM : Opcode 165: Les 2 parametres doivent avoir la valeur 0
XBOW16.ITM : Opcode 165: Les 2 parametres doivent avoir la valeur 0
XBOW17.ITM : Opcode 165: Les 2 parametres doivent avoir la valeur 0
XBOW18.ITM : Opcode 165: Les 2 parametres doivent avoir la valeur 0

Total : 3658

Sans description : 1386

Ignores : 2537

Reussis : 1116

Echoues : 5

Potions (TODO): 414

Munitions (TODO) : 60

Opcodes a coder : 18
