	
BDSHLD03.ITM : Opcode 318 : self avec parameter1 et parameter2 différent de 0
BDSHLD03.ITM : Opcode 318 : self avec parameter1 et parameter2 différent de 0
BDSHLD03.ITM : Opcode 318 : self avec parameter1 et parameter2 différent de 0
BDSHLD03.ITM : Opcode 318 : self avec parameter1 et parameter2 différent de 0
BDBLUN06.ITM : Opcode 318 : self avec parameter1 et parameter2 différent de 0
BDHALB01.ITM : Opcode 318 : self avec parameter1 et parameter2 différent de 0
BDHALB02.ITM : Opcode 318 : self avec parameter1 et parameter2 différent de 0
BDHALB03.ITM : Opcode 318 : self avec parameter1 et parameter2 différent de 0
BDMISC10.ITM : Opcode 318 : self avec parameter1 et parameter2 différent de 0
BDMISC10.ITM : Opcode 318 : self avec parameter1 et parameter2 différent de 0
BDMISC10.ITM : Opcode 318 : self avec parameter1 et parameter2 différent de 0
BDMISC10.ITM : Opcode 318 : self avec parameter1 et parameter2 différent de 0
BDSHLD01.ITM : Opcode 318 : self avec parameter1 et parameter2 différent de 0
BDSHLD01.ITM : Opcode 318 : self avec parameter1 et parameter2 différent de 0
BDSHLD01.ITM : Opcode 318 : self avec parameter1 et parameter2 différent de 0
BDSHLD01.ITM : Opcode 318 : self avec parameter1 et parameter2 différent de 0
BDSHLD02.ITM : Opcode 318 : self avec parameter1 et parameter2 différent de 0
BDSHLD02.ITM : Opcode 318 : self avec parameter1 et parameter2 différent de 0
BDSHLD02.ITM : Opcode 318 : self avec parameter1 et parameter2 différent de 0
BDSHLD02.ITM : Opcode 318 : self avec parameter1 et parameter2 différent de 0
BDSHLD04.ITM : Opcode 318 : self avec parameter1 et parameter2 différent de 0
BDSHLD04.ITM : Opcode 318 : self avec parameter1 et parameter2 différent de 0
BDSHLD04.ITM : Opcode 318 : self avec parameter1 et parameter2 différent de 0
BDSHLD04.ITM : Opcode 318 : self avec parameter1 et parameter2 différent de 0
BDSHLD05.ITM : Opcode 318 : self avec parameter1 et parameter2 différent de 0
BDSHLD05.ITM : Opcode 318 : self avec parameter1 et parameter2 différent de 0
BDSHLD05.ITM : Opcode 318 : self avec parameter1 et parameter2 différent de 0
BDSHLD05.ITM : Opcode 318 : self avec parameter1 et parameter2 différent de 0
BDSHLD06.ITM : Opcode 318 : self avec parameter1 et parameter2 différent de 0
BDSHLD06.ITM : Opcode 318 : self avec parameter1 et parameter2 différent de 0
BDSHLD06.ITM : Opcode 318 : self avec parameter1 et parameter2 différent de 0
BDSHLD06.ITM : Opcode 318 : self avec parameter1 et parameter2 différent de 0
BDSHLD07.ITM : Opcode 318 : self avec parameter1 et parameter2 différent de 0
BDSHLD07.ITM : Opcode 318 : self avec parameter1 et parameter2 différent de 0
BDSHLD07.ITM : Opcode 318 : self avec parameter1 et parameter2 différent de 0
BDSHLD07.ITM : Opcode 318 : self avec parameter1 et parameter2 différent de 0
BDSHLD08.ITM : Opcode 318 : self avec parameter1 et parameter2 différent de 0
BDSHLD08.ITM : Opcode 318 : self avec parameter1 et parameter2 différent de 0
BDSHLD08.ITM : Opcode 318 : self avec parameter1 et parameter2 différent de 0
BDSHLD08.ITM : Opcode 318 : self avec parameter1 et parameter2 différent de 0
BDSHLDCA.ITM : Opcode 318 : self avec parameter1 et parameter2 différent de 0
BDSHLDCA.ITM : Opcode 318 : self avec parameter1 et parameter2 différent de 0
BDSHLDCA.ITM : Opcode 318 : self avec parameter1 et parameter2 différent de 0
BDSHLDCA.ITM : Opcode 318 : self avec parameter1 et parameter2 différent de 0
BDSHSTF1.ITM : Opcode 318 : self avec parameter1 et parameter2 différent de 0
BDSPER01.ITM : Opcode 318 : self avec parameter1 et parameter2 différent de 0
BDSTAF01.ITM : Opcode 318 : self avec parameter1 et parameter2 différent de 0
BDSTAF02.ITM : Opcode 318 : self avec parameter1 et parameter2 différent de 0
BDSTAF03.ITM : Opcode 318 : self avec parameter1 et parameter2 différent de 0
BDSW2H01.ITM : Opcode 318 : self avec parameter1 et parameter2 différent de 0
BDSW2H02.ITM : Opcode 318 : self avec parameter1 et parameter2 différent de 0
BDSW2H03.ITM : Opcode 318 : self avec parameter1 et parameter2 différent de 0
BGSW2H07.ITM : Opcode 318 : self avec parameter1 et parameter2 différent de 0
CDSW2H07.ITM : Opcode 318 : self avec parameter1 et parameter2 différent de 0
CHALSHLD.ITM : Opcode 318 : self avec parameter1 et parameter2 différent de 0
CHALSHLD.ITM : Opcode 318 : self avec parameter1 et parameter2 différent de 0
CHALSHLD.ITM : Opcode 318 : self avec parameter1 et parameter2 différent de 0
CHALSHLD.ITM : Opcode 318 : self avec parameter1 et parameter2 différent de 0
DVSHLD01.ITM : Opcode 318 : self avec parameter1 et parameter2 différent de 0
DVSHLD01.ITM : Opcode 318 : self avec parameter1 et parameter2 différent de 0
DVSHLD01.ITM : Opcode 318 : self avec parameter1 et parameter2 différent de 0
DVSHLD01.ITM : Opcode 318 : self avec parameter1 et parameter2 différent de 0
DWHALB01.ITM : Opcode 318 : self avec parameter1 et parameter2 différent de 0
DWSHLD01.ITM : Opcode 318 : self avec parameter1 et parameter2 différent de 0
DWSHLD01.ITM : Opcode 318 : self avec parameter1 et parameter2 différent de 0
DWSHLD01.ITM : Opcode 318 : self avec parameter1 et parameter2 différent de 0
DWSHLD01.ITM : Opcode 318 : self avec parameter1 et parameter2 différent de 0
DWSPER01.ITM : Opcode 318 : self avec parameter1 et parameter2 différent de 0
ENSTAFF.ITM : Opcode 318 : self avec parameter1 et parameter2 différent de 0
FINSAREV.ITM : Opcode 318 : self avec parameter1 et parameter2 différent de 0
HALB01.ITM : Opcode 318 : self avec parameter1 et parameter2 différent de 0
HALB01.ITM : Opcode 146 : La ressource k#shatwe.spl n'existe pas.
HALB02.ITM : Opcode 318 : self avec parameter1 et parameter2 différent de 0
HALB03.ITM : Opcode 318 : self avec parameter1 et parameter2 différent de 0
HALB04.ITM : Opcode 318 : self avec parameter1 et parameter2 différent de 0
HALB05.ITM : Opcode 318 : self avec parameter1 et parameter2 différent de 0
HALB06.ITM : Opcode 318 : self avec parameter1 et parameter2 différent de 0
HALB07.ITM : Opcode 318 : self avec parameter1 et parameter2 différent de 0
HALB08.ITM : Opcode 318 : self avec parameter1 et parameter2 différent de 0
HALB09.ITM : Opcode 318 : self avec parameter1 et parameter2 différent de 0
HALB09.ITM : Opcode 206 : La ressource spwi812d.spl n'existe pas.
HALB10.ITM : Opcode 318 : self avec parameter1 et parameter2 différent de 0
HALB11.ITM : Opcode 318 : self avec parameter1 et parameter2 différent de 0
HALB12.ITM : Opcode 318 : self avec parameter1 et parameter2 différent de 0
HALB13.ITM : Opcode 318 : self avec parameter1 et parameter2 différent de 0
ISHLD02.ITM : Opcode 318 : self avec parameter1 et parameter2 différent de 0
ISHLD02.ITM : Opcode 318 : self avec parameter1 et parameter2 différent de 0
ISHLD02.ITM : Opcode 318 : self avec parameter1 et parameter2 différent de 0
ISHLD02.ITM : Opcode 318 : self avec parameter1 et parameter2 différent de 0
MISC5T.ITM : Opcode 318 : self avec parameter1 et parameter2 différent de 0
MISC9O.ITM : Opcode 318 : self avec parameter1 et parameter2 différent de 0
NPSHLD.ITM : Opcode 318 : self avec parameter1 et parameter2 différent de 0
NPSHLD.ITM : Opcode 318 : self avec parameter1 et parameter2 différent de 0
NPSHLD.ITM : Opcode 318 : self avec parameter1 et parameter2 différent de 0
NPSHLD.ITM : Opcode 318 : self avec parameter1 et parameter2 différent de 0
NPSTAF.ITM : Opcode 318 : self avec parameter1 et parameter2 différent de 0
NPSW03.ITM : Opcode 318 : self avec parameter1 et parameter2 différent de 0
OHBREW02.ITM : Opcode 318 : self avec parameter1 et parameter2 différent de 0
OHBSHLD1.ITM : Opcode 318 : self avec parameter1 et parameter2 différent de 0
OHBSHLD1.ITM : Opcode 318 : self avec parameter1 et parameter2 différent de 0
OHBSHLD1.ITM : Opcode 318 : self avec parameter1 et parameter2 différent de 0
OHBSHLD1.ITM : Opcode 318 : self avec parameter1 et parameter2 différent de 0
OHBSTAF1.ITM : Opcode 318 : self avec parameter1 et parameter2 différent de 0
OHBWING.ITM : Opcode 318 : self avec parameter1 et parameter2 différent de 0
OHBWING2.ITM : Opcode 318 : self avec parameter1 et parameter2 différent de 0
OHDSW2HA.ITM : Opcode 318 : self avec parameter1 et parameter2 différent de 0
OHDSW2HB.ITM : Opcode 318 : self avec parameter1 et parameter2 différent de 0
OHDSW2HC.ITM : Opcode 318 : self avec parameter1 et parameter2 différent de 0
OHDSW2HD.ITM : Opcode 318 : self avec parameter1 et parameter2 différent de 0
OHNSHLD1.ITM : Opcode 318 : self avec parameter1 et parameter2 différent de 0
OHNSHLD1.ITM : Opcode 318 : self avec parameter1 et parameter2 différent de 0
OHNSHLD1.ITM : Opcode 318 : self avec parameter1 et parameter2 différent de 0
OHNSHLD1.ITM : Opcode 318 : self avec parameter1 et parameter2 différent de 0
OHREAVER.ITM : Opcode 318 : self avec parameter1 et parameter2 différent de 0
OHSHLD50.ITM : Opcode 318 : self avec parameter1 et parameter2 différent de 0
OHSHLD50.ITM : Opcode 318 : self avec parameter1 et parameter2 différent de 0
OHSHLD50.ITM : Opcode 318 : self avec parameter1 et parameter2 différent de 0
OHSHLD50.ITM : Opcode 318 : self avec parameter1 et parameter2 différent de 0
OHSHLD51.ITM : Opcode 318 : self avec parameter1 et parameter2 différent de 0
OHSHLD51.ITM : Opcode 318 : self avec parameter1 et parameter2 différent de 0
OHSHLD51.ITM : Opcode 318 : self avec parameter1 et parameter2 différent de 0
OHSHLD51.ITM : Opcode 318 : self avec parameter1 et parameter2 différent de 0
PSTAFM0.ITM : Opcode 318 : self avec parameter1 et parameter2 différent de 0
PSTAFM0B.ITM : Opcode 318 : self avec parameter1 et parameter2 différent de 0
PSTAFM0C.ITM : Opcode 318 : self avec parameter1 et parameter2 différent de 0
PSTAFM0D.ITM : Opcode 318 : self avec parameter1 et parameter2 différent de 0
PSTAFM0E.ITM : Opcode 318 : self avec parameter1 et parameter2 différent de 0
PSTAFM1.ITM : Opcode 318 : self avec parameter1 et parameter2 différent de 0
PSTAFM2.ITM : Opcode 318 : self avec parameter1 et parameter2 différent de 0
REAVER.ITM : Opcode 318 : self avec parameter1 et parameter2 différent de 0
RODSPEAR.ITM : Opcode 318 : self avec parameter1 et parameter2 différent de 0
RODSPEAR.ITM : Opcode 123 à gérer.
RODSPEAR.ITM : Opcode 123 à gérer.
RODSPEAR.ITM : Opcode 123 à gérer.
RODSPEAR.ITM : Opcode 123 à gérer.
SHLD01.ITM : Opcode 318 : self avec parameter1 et parameter2 différent de 0
SHLD01.ITM : Opcode 318 : self avec parameter1 et parameter2 différent de 0
SHLD01.ITM : Opcode 318 : self avec parameter1 et parameter2 différent de 0
SHLD01.ITM : Opcode 318 : self avec parameter1 et parameter2 différent de 0
SHLD01.ITM : Opcode 232 : La ressource k#shatsh.spl n'existe pas.
SHLD01.ITM : La ressource K#SHATSH.spl n'existe pas.
SHLD01A.ITM : Opcode 318 : self avec parameter1 et parameter2 différent de 0
SHLD01A.ITM : Opcode 318 : self avec parameter1 et parameter2 différent de 0
SHLD01A.ITM : Opcode 318 : self avec parameter1 et parameter2 différent de 0
SHLD01A.ITM : Opcode 318 : self avec parameter1 et parameter2 différent de 0
SHLD01A.ITM : Opcode 232 : La ressource k#shatsh.spl n'existe pas.
SHLD01A.ITM : La ressource K#SHATSH.spl n'existe pas.
SHLD02.ITM : Opcode 318 : self avec parameter1 et parameter2 différent de 0
SHLD02.ITM : Opcode 318 : self avec parameter1 et parameter2 différent de 0
SHLD02.ITM : Opcode 318 : self avec parameter1 et parameter2 différent de 0
SHLD02.ITM : Opcode 318 : self avec parameter1 et parameter2 différent de 0
SHLD02A.ITM : Opcode 318 : self avec parameter1 et parameter2 différent de 0
SHLD02A.ITM : Opcode 318 : self avec parameter1 et parameter2 différent de 0
SHLD02A.ITM : Opcode 318 : self avec parameter1 et parameter2 différent de 0
SHLD02A.ITM : Opcode 318 : self avec parameter1 et parameter2 différent de 0
SHLD02P.ITM : Opcode 318 : self avec parameter1 et parameter2 différent de 0
SHLD02P.ITM : Opcode 318 : self avec parameter1 et parameter2 différent de 0
SHLD02P.ITM : Opcode 318 : self avec parameter1 et parameter2 différent de 0
SHLD02P.ITM : Opcode 318 : self avec parameter1 et parameter2 différent de 0
SHLD03.ITM : Opcode 318 : self avec parameter1 et parameter2 différent de 0
SHLD03.ITM : Opcode 318 : self avec parameter1 et parameter2 différent de 0
SHLD03.ITM : Opcode 318 : self avec parameter1 et parameter2 différent de 0
SHLD03.ITM : Opcode 318 : self avec parameter1 et parameter2 différent de 0
SHLD03.ITM : Opcode 232 : La ressource k#shatsh.spl n'existe pas.
SHLD03.ITM : La ressource K#SHATSH.spl n'existe pas.
SHLD03A.ITM : Opcode 318 : self avec parameter1 et parameter2 différent de 0
SHLD03A.ITM : Opcode 318 : self avec parameter1 et parameter2 différent de 0
SHLD03A.ITM : Opcode 318 : self avec parameter1 et parameter2 différent de 0
SHLD03A.ITM : Opcode 318 : self avec parameter1 et parameter2 différent de 0
SHLD03A.ITM : Opcode 232 : La ressource k#shatsh.spl n'existe pas.
SHLD03A.ITM : La ressource K#SHATSH.spl n'existe pas.
SHLD03P.ITM : Opcode 318 : self avec parameter1 et parameter2 différent de 0
SHLD03P.ITM : Opcode 318 : self avec parameter1 et parameter2 différent de 0
SHLD03P.ITM : Opcode 318 : self avec parameter1 et parameter2 différent de 0
SHLD03P.ITM : Opcode 318 : self avec parameter1 et parameter2 différent de 0
SHLD04.ITM : Opcode 318 : self avec parameter1 et parameter2 différent de 0
SHLD04.ITM : Opcode 318 : self avec parameter1 et parameter2 différent de 0
SHLD04.ITM : Opcode 318 : self avec parameter1 et parameter2 différent de 0
SHLD04.ITM : Opcode 318 : self avec parameter1 et parameter2 différent de 0
SHLD04A.ITM : Opcode 318 : self avec parameter1 et parameter2 différent de 0
SHLD04A.ITM : Opcode 318 : self avec parameter1 et parameter2 différent de 0
SHLD04A.ITM : Opcode 318 : self avec parameter1 et parameter2 différent de 0
SHLD04A.ITM : Opcode 318 : self avec parameter1 et parameter2 différent de 0
SHLD05.ITM : Opcode 318 : self avec parameter1 et parameter2 différent de 0
SHLD05.ITM : Opcode 318 : self avec parameter1 et parameter2 différent de 0
SHLD05.ITM : Opcode 318 : self avec parameter1 et parameter2 différent de 0
SHLD05.ITM : Opcode 318 : self avec parameter1 et parameter2 différent de 0
SHLD05.ITM : Opcode 232 : La ressource k#shatsh.spl n'existe pas.
SHLD05.ITM : La ressource K#SHATSH.spl n'existe pas.
SHLD05A.ITM : Opcode 318 : self avec parameter1 et parameter2 différent de 0
SHLD05A.ITM : Opcode 318 : self avec parameter1 et parameter2 différent de 0
SHLD05A.ITM : Opcode 318 : self avec parameter1 et parameter2 différent de 0
SHLD05A.ITM : Opcode 318 : self avec parameter1 et parameter2 différent de 0
SHLD05A.ITM : Opcode 232 : La ressource k#shatsh.spl n'existe pas.
SHLD05A.ITM : La ressource K#SHATSH.spl n'existe pas.
SHLD05P.ITM : Opcode 318 : self avec parameter1 et parameter2 différent de 0
SHLD05P.ITM : Opcode 318 : self avec parameter1 et parameter2 différent de 0
SHLD05P.ITM : Opcode 318 : self avec parameter1 et parameter2 différent de 0
SHLD05P.ITM : Opcode 318 : self avec parameter1 et parameter2 différent de 0
SHLD06.ITM : Opcode 318 : self avec parameter1 et parameter2 différent de 0
SHLD06.ITM : Opcode 318 : self avec parameter1 et parameter2 différent de 0
SHLD06.ITM : Opcode 318 : self avec parameter1 et parameter2 différent de 0
SHLD06.ITM : Opcode 318 : self avec parameter1 et parameter2 différent de 0
SHLD06A.ITM : Opcode 318 : self avec parameter1 et parameter2 différent de 0
SHLD06A.ITM : Opcode 318 : self avec parameter1 et parameter2 différent de 0
SHLD06A.ITM : Opcode 318 : self avec parameter1 et parameter2 différent de 0
SHLD06A.ITM : Opcode 318 : self avec parameter1 et parameter2 différent de 0
SHLD06P.ITM : Opcode 318 : self avec parameter1 et parameter2 différent de 0
SHLD06P.ITM : Opcode 318 : self avec parameter1 et parameter2 différent de 0
SHLD06P.ITM : Opcode 318 : self avec parameter1 et parameter2 différent de 0
SHLD06P.ITM : Opcode 318 : self avec parameter1 et parameter2 différent de 0
SHLD07.ITM : Opcode 318 : self avec parameter1 et parameter2 différent de 0
SHLD07.ITM : Opcode 318 : self avec parameter1 et parameter2 différent de 0
SHLD07.ITM : Opcode 318 : self avec parameter1 et parameter2 différent de 0
SHLD07.ITM : Opcode 318 : self avec parameter1 et parameter2 différent de 0
SHLD07A.ITM : Opcode 318 : self avec parameter1 et parameter2 différent de 0
SHLD07A.ITM : Opcode 318 : self avec parameter1 et parameter2 différent de 0
SHLD07A.ITM : Opcode 318 : self avec parameter1 et parameter2 différent de 0
SHLD07A.ITM : Opcode 318 : self avec parameter1 et parameter2 différent de 0
SHLD07P.ITM : Opcode 318 : self avec parameter1 et parameter2 différent de 0
SHLD07P.ITM : Opcode 318 : self avec parameter1 et parameter2 différent de 0
SHLD07P.ITM : Opcode 318 : self avec parameter1 et parameter2 différent de 0
SHLD07P.ITM : Opcode 318 : self avec parameter1 et parameter2 différent de 0
SHLD08.ITM : Opcode 318 : self avec parameter1 et parameter2 différent de 0
SHLD08.ITM : Opcode 318 : self avec parameter1 et parameter2 différent de 0
SHLD08.ITM : Opcode 318 : self avec parameter1 et parameter2 différent de 0
SHLD08.ITM : Opcode 318 : self avec parameter1 et parameter2 différent de 0
SHLD08.ITM : Opcode 232 : La ressource k#shatsh.spl n'existe pas.
SHLD08.ITM : La ressource K#SHATSH.spl n'existe pas.
SHLD08A.ITM : Opcode 318 : self avec parameter1 et parameter2 différent de 0
SHLD08A.ITM : Opcode 318 : self avec parameter1 et parameter2 différent de 0
SHLD08A.ITM : Opcode 318 : self avec parameter1 et parameter2 différent de 0
SHLD08A.ITM : Opcode 318 : self avec parameter1 et parameter2 différent de 0
SHLD08A.ITM : Opcode 232 : La ressource k#shatsh.spl n'existe pas.
SHLD08A.ITM : La ressource K#SHATSH.spl n'existe pas.
SHLD08P.ITM : Opcode 318 : self avec parameter1 et parameter2 différent de 0
SHLD08P.ITM : Opcode 318 : self avec parameter1 et parameter2 différent de 0
SHLD08P.ITM : Opcode 318 : self avec parameter1 et parameter2 différent de 0
SHLD08P.ITM : Opcode 318 : self avec parameter1 et parameter2 différent de 0
SHLD08P.ITM : Unknown macro: opcode_target_1
SHLD08P.ITM : FAILURE: opcode 326: Failure("Unknown macro: opcode_target_1")
SHLD08P.ITM : FAILURE: opcode 232: Failure("Opcode 326: Failure(\"Unknown macro: opcode_target_1\")")
SHLD09.ITM : Opcode 318 : self avec parameter1 et parameter2 différent de 0
SHLD09.ITM : Opcode 318 : self avec parameter1 et parameter2 différent de 0
SHLD09.ITM : Opcode 318 : self avec parameter1 et parameter2 différent de 0
SHLD09.ITM : Opcode 318 : self avec parameter1 et parameter2 différent de 0
SHLD09.ITM : Opcode 232 : La ressource k#shatsh.spl n'existe pas.
SHLD09.ITM : La ressource K#SHATSH.spl n'existe pas.
SHLD09A.ITM : Opcode 318 : self avec parameter1 et parameter2 différent de 0
SHLD09A.ITM : Opcode 318 : self avec parameter1 et parameter2 différent de 0
SHLD09A.ITM : Opcode 318 : self avec parameter1 et parameter2 différent de 0
SHLD09A.ITM : Opcode 318 : self avec parameter1 et parameter2 différent de 0
SHLD09A.ITM : Opcode 232 : La ressource k#shatsh.spl n'existe pas.
SHLD09A.ITM : La ressource K#SHATSH.spl n'existe pas.
SHLD09P.ITM : Opcode 318 : self avec parameter1 et parameter2 différent de 0
SHLD09P.ITM : Opcode 318 : self avec parameter1 et parameter2 différent de 0
SHLD09P.ITM : Opcode 318 : self avec parameter1 et parameter2 différent de 0
SHLD09P.ITM : Opcode 318 : self avec parameter1 et parameter2 différent de 0
SHLD10.ITM : Opcode 318 : self avec parameter1 et parameter2 différent de 0
SHLD10.ITM : Opcode 318 : self avec parameter1 et parameter2 différent de 0
SHLD10.ITM : Opcode 318 : self avec parameter1 et parameter2 différent de 0
SHLD10.ITM : Opcode 318 : self avec parameter1 et parameter2 différent de 0
SHLD10.ITM : Opcode 232 : La ressource k#shatsh.spl n'existe pas.
SHLD10.ITM : La ressource K#SHATSH.spl n'existe pas.
SHLD10A.ITM : Opcode 318 : self avec parameter1 et parameter2 différent de 0
SHLD10A.ITM : Opcode 318 : self avec parameter1 et parameter2 différent de 0
SHLD10A.ITM : Opcode 318 : self avec parameter1 et parameter2 différent de 0
SHLD10A.ITM : Opcode 318 : self avec parameter1 et parameter2 différent de 0
SHLD10A.ITM : Opcode 232 : La ressource k#shatsh.spl n'existe pas.
SHLD10A.ITM : La ressource K#SHATSH.spl n'existe pas.
SHLD11.ITM : Opcode 318 : self avec parameter1 et parameter2 différent de 0
SHLD11.ITM : Opcode 318 : self avec parameter1 et parameter2 différent de 0
SHLD11.ITM : Opcode 318 : self avec parameter1 et parameter2 différent de 0
SHLD11.ITM : Opcode 318 : self avec parameter1 et parameter2 différent de 0
SHLD11.ITM : Opcode 232 : La ressource k#shatsh.spl n'existe pas.
SHLD11.ITM : La ressource K#SHATSH.spl n'existe pas.
SHLD11A.ITM : Opcode 318 : self avec parameter1 et parameter2 différent de 0
SHLD11A.ITM : Opcode 318 : self avec parameter1 et parameter2 différent de 0
SHLD11A.ITM : Opcode 318 : self avec parameter1 et parameter2 différent de 0
SHLD11A.ITM : Opcode 318 : self avec parameter1 et parameter2 différent de 0
SHLD11A.ITM : Opcode 232 : La ressource k#shatsh.spl n'existe pas.
SHLD11A.ITM : La ressource K#SHATSH.spl n'existe pas.
SHLD12.ITM : Opcode 318 : self avec parameter1 et parameter2 différent de 0
SHLD12.ITM : Opcode 318 : self avec parameter1 et parameter2 différent de 0
SHLD12.ITM : Opcode 318 : self avec parameter1 et parameter2 différent de 0
SHLD12.ITM : Opcode 318 : self avec parameter1 et parameter2 différent de 0
SHLD12.ITM : Opcode 232 : La ressource k#shatsh.spl n'existe pas.
SHLD12.ITM : La ressource K#SHATSH.spl n'existe pas.
SHLD12A.ITM : Opcode 318 : self avec parameter1 et parameter2 différent de 0
SHLD12A.ITM : Opcode 318 : self avec parameter1 et parameter2 différent de 0
SHLD12A.ITM : Opcode 318 : self avec parameter1 et parameter2 différent de 0
SHLD12A.ITM : Opcode 318 : self avec parameter1 et parameter2 différent de 0
SHLD12A.ITM : Opcode 232 : La ressource k#shatsh.spl n'existe pas.
SHLD12A.ITM : La ressource K#SHATSH.spl n'existe pas.
SHLD13.ITM : Opcode 318 : self avec parameter1 et parameter2 différent de 0
SHLD13.ITM : Opcode 318 : self avec parameter1 et parameter2 différent de 0
SHLD13.ITM : Opcode 318 : self avec parameter1 et parameter2 différent de 0
SHLD13.ITM : Opcode 318 : self avec parameter1 et parameter2 différent de 0
SHLD13.ITM : Opcode 232 : La ressource k#shatsh.spl n'existe pas.
SHLD13.ITM : La ressource K#SHATSH.spl n'existe pas.
SHLD13A.ITM : Opcode 318 : self avec parameter1 et parameter2 différent de 0
SHLD13A.ITM : Opcode 318 : self avec parameter1 et parameter2 différent de 0
SHLD13A.ITM : Opcode 318 : self avec parameter1 et parameter2 différent de 0
SHLD13A.ITM : Opcode 318 : self avec parameter1 et parameter2 différent de 0
SHLD13A.ITM : Opcode 232 : La ressource k#shatsh.spl n'existe pas.
SHLD13A.ITM : La ressource K#SHATSH.spl n'existe pas.
SHLD14.ITM : Opcode 318 : self avec parameter1 et parameter2 différent de 0
SHLD14.ITM : Opcode 318 : self avec parameter1 et parameter2 différent de 0
SHLD14.ITM : Opcode 318 : self avec parameter1 et parameter2 différent de 0
SHLD14.ITM : Opcode 318 : self avec parameter1 et parameter2 différent de 0
SHLD14.ITM : Opcode 232 : La ressource k#shatsh.spl n'existe pas.
SHLD14.ITM : La ressource K#SHATSH.spl n'existe pas.
SHLD14A.ITM : Opcode 318 : self avec parameter1 et parameter2 différent de 0
SHLD14A.ITM : Opcode 318 : self avec parameter1 et parameter2 différent de 0
SHLD14A.ITM : Opcode 318 : self avec parameter1 et parameter2 différent de 0
SHLD14A.ITM : Opcode 318 : self avec parameter1 et parameter2 différent de 0
SHLD14A.ITM : Opcode 232 : La ressource k#shatsh.spl n'existe pas.
SHLD14A.ITM : La ressource K#SHATSH.spl n'existe pas.
SHLD15.ITM : Opcode 318 : self avec parameter1 et parameter2 différent de 0
SHLD15.ITM : Opcode 318 : self avec parameter1 et parameter2 différent de 0
SHLD15.ITM : Opcode 318 : self avec parameter1 et parameter2 différent de 0
SHLD15.ITM : Opcode 318 : self avec parameter1 et parameter2 différent de 0
SHLD15.ITM : Opcode 232 : La ressource k#shatsh.spl n'existe pas.
SHLD15.ITM : La ressource K#SHATSH.spl n'existe pas.
SHLD15A.ITM : Opcode 318 : self avec parameter1 et parameter2 différent de 0
SHLD15A.ITM : Opcode 318 : self avec parameter1 et parameter2 différent de 0
SHLD15A.ITM : Opcode 318 : self avec parameter1 et parameter2 différent de 0
SHLD15A.ITM : Opcode 318 : self avec parameter1 et parameter2 différent de 0
SHLD15A.ITM : Opcode 232 : La ressource k#shatsh.spl n'existe pas.
SHLD15A.ITM : La ressource K#SHATSH.spl n'existe pas.
SHLD16.ITM : Opcode 318 : self avec parameter1 et parameter2 différent de 0
SHLD16.ITM : Opcode 318 : self avec parameter1 et parameter2 différent de 0
SHLD16.ITM : Opcode 318 : self avec parameter1 et parameter2 différent de 0
SHLD16.ITM : Opcode 318 : self avec parameter1 et parameter2 différent de 0
SHLD16.ITM : Opcode 232 : La ressource k#shatsh.spl n'existe pas.
SHLD16.ITM : La ressource K#SHATSH.spl n'existe pas.
SHLD16A.ITM : Opcode 318 : self avec parameter1 et parameter2 différent de 0
SHLD16A.ITM : Opcode 318 : self avec parameter1 et parameter2 différent de 0
SHLD16A.ITM : Opcode 318 : self avec parameter1 et parameter2 différent de 0
SHLD16A.ITM : Opcode 318 : self avec parameter1 et parameter2 différent de 0
SHLD16A.ITM : Opcode 232 : La ressource k#shatsh.spl n'existe pas.
SHLD16A.ITM : La ressource K#SHATSH.spl n'existe pas.
SHLD17.ITM : Opcode 318 : self avec parameter1 et parameter2 différent de 0
SHLD17.ITM : Opcode 318 : self avec parameter1 et parameter2 différent de 0
SHLD17.ITM : Opcode 318 : self avec parameter1 et parameter2 différent de 0
SHLD17.ITM : Opcode 318 : self avec parameter1 et parameter2 différent de 0
SHLD17A.ITM : Opcode 318 : self avec parameter1 et parameter2 différent de 0
SHLD17A.ITM : Opcode 318 : self avec parameter1 et parameter2 différent de 0
SHLD17A.ITM : Opcode 318 : self avec parameter1 et parameter2 différent de 0
SHLD17A.ITM : Opcode 318 : self avec parameter1 et parameter2 différent de 0
SHLD19.ITM : Opcode 318 : self avec parameter1 et parameter2 différent de 0
SHLD19.ITM : Opcode 318 : self avec parameter1 et parameter2 différent de 0
SHLD19.ITM : Opcode 318 : self avec parameter1 et parameter2 différent de 0
SHLD19.ITM : Opcode 318 : self avec parameter1 et parameter2 différent de 0
SHLD19A.ITM : Opcode 318 : self avec parameter1 et parameter2 différent de 0
SHLD19A.ITM : Opcode 318 : self avec parameter1 et parameter2 différent de 0
SHLD19A.ITM : Opcode 318 : self avec parameter1 et parameter2 différent de 0
SHLD19A.ITM : Opcode 318 : self avec parameter1 et parameter2 différent de 0
SHLD20.ITM : Opcode 318 : self avec parameter1 et parameter2 différent de 0
SHLD20.ITM : Opcode 318 : self avec parameter1 et parameter2 différent de 0
SHLD20.ITM : Opcode 318 : self avec parameter1 et parameter2 différent de 0
SHLD20.ITM : Opcode 318 : self avec parameter1 et parameter2 différent de 0
SHLD21.ITM : Opcode 318 : self avec parameter1 et parameter2 différent de 0
SHLD21.ITM : Opcode 318 : self avec parameter1 et parameter2 différent de 0
SHLD21.ITM : Opcode 318 : self avec parameter1 et parameter2 différent de 0
SHLD21.ITM : Opcode 318 : self avec parameter1 et parameter2 différent de 0
SHLD22.ITM : Opcode 318 : self avec parameter1 et parameter2 différent de 0
SHLD22.ITM : Opcode 318 : self avec parameter1 et parameter2 différent de 0
SHLD22.ITM : Opcode 318 : self avec parameter1 et parameter2 différent de 0
SHLD22.ITM : Opcode 318 : self avec parameter1 et parameter2 différent de 0
SHLD23.ITM : Opcode 318 : self avec parameter1 et parameter2 différent de 0
SHLD23.ITM : Opcode 318 : self avec parameter1 et parameter2 différent de 0
SHLD23.ITM : Opcode 318 : self avec parameter1 et parameter2 différent de 0
SHLD23.ITM : Opcode 318 : self avec parameter1 et parameter2 différent de 0
SHLD23A.ITM : Opcode 318 : self avec parameter1 et parameter2 différent de 0
SHLD23A.ITM : Opcode 318 : self avec parameter1 et parameter2 différent de 0
SHLD23A.ITM : Opcode 318 : self avec parameter1 et parameter2 différent de 0
SHLD23A.ITM : Opcode 318 : self avec parameter1 et parameter2 différent de 0
SHLD23_.ITM : Opcode 318 : self avec parameter1 et parameter2 différent de 0
SHLD23_.ITM : Opcode 318 : self avec parameter1 et parameter2 différent de 0
SHLD23_.ITM : Opcode 318 : self avec parameter1 et parameter2 différent de 0
SHLD23_.ITM : Opcode 318 : self avec parameter1 et parameter2 différent de 0
SHLD24.ITM : Opcode 318 : self avec parameter1 et parameter2 différent de 0
SHLD24.ITM : Opcode 318 : self avec parameter1 et parameter2 différent de 0
SHLD24.ITM : Opcode 318 : self avec parameter1 et parameter2 différent de 0
SHLD24.ITM : Opcode 318 : self avec parameter1 et parameter2 différent de 0
SHLD24.ITM : Opcode 83 : Type de projectile '385'
SHLD24.ITM : Opcode 83 : Type de projectile '312'
SHLD24.ITM : Opcode 83 : Type de projectile '11'
SHLD24.ITM : Opcode 83 : Type de projectile '15'
SHLD24.ITM : Opcode 83 : Type de projectile '20'
SHLD24.ITM : Opcode 83 : Type de projectile '101'
SHLD24.ITM : Opcode 83 : Type de projectile '257'
SHLD24.ITM : Opcode 83 : Type de projectile '270'
SHLD24A.ITM : Opcode 318 : self avec parameter1 et parameter2 différent de 0
SHLD24A.ITM : Opcode 318 : self avec parameter1 et parameter2 différent de 0
SHLD24A.ITM : Opcode 318 : self avec parameter1 et parameter2 différent de 0
SHLD24A.ITM : Opcode 318 : self avec parameter1 et parameter2 différent de 0
SHLD25.ITM : Opcode 318 : self avec parameter1 et parameter2 différent de 0
SHLD25.ITM : Opcode 318 : self avec parameter1 et parameter2 différent de 0
SHLD25.ITM : Opcode 318 : self avec parameter1 et parameter2 différent de 0
SHLD25.ITM : Opcode 318 : self avec parameter1 et parameter2 différent de 0
SHLD26.ITM : Opcode 318 : self avec parameter1 et parameter2 différent de 0
SHLD26.ITM : Opcode 318 : self avec parameter1 et parameter2 différent de 0
SHLD26.ITM : Opcode 318 : self avec parameter1 et parameter2 différent de 0
SHLD26.ITM : Opcode 318 : self avec parameter1 et parameter2 différent de 0
SHLD26A.ITM : Opcode 318 : self avec parameter1 et parameter2 différent de 0
SHLD26A.ITM : Opcode 318 : self avec parameter1 et parameter2 différent de 0
SHLD26A.ITM : Opcode 318 : self avec parameter1 et parameter2 différent de 0
SHLD26A.ITM : Opcode 318 : self avec parameter1 et parameter2 différent de 0
SHLD26_.ITM : Opcode 318 : self avec parameter1 et parameter2 différent de 0
SHLD26_.ITM : Opcode 318 : self avec parameter1 et parameter2 différent de 0
SHLD26_.ITM : Opcode 318 : self avec parameter1 et parameter2 différent de 0
SHLD26_.ITM : Opcode 318 : self avec parameter1 et parameter2 différent de 0
SHLD27.ITM : Opcode 318 : self avec parameter1 et parameter2 différent de 0
SHLD27.ITM : Opcode 318 : self avec parameter1 et parameter2 différent de 0
SHLD27.ITM : Opcode 318 : self avec parameter1 et parameter2 différent de 0
SHLD27.ITM : Opcode 318 : self avec parameter1 et parameter2 différent de 0
SHLD27A.ITM : Opcode 318 : self avec parameter1 et parameter2 différent de 0
SHLD27A.ITM : Opcode 318 : self avec parameter1 et parameter2 différent de 0
SHLD27A.ITM : Opcode 318 : self avec parameter1 et parameter2 différent de 0
SHLD27A.ITM : Opcode 318 : self avec parameter1 et parameter2 différent de 0
SHLD27_.ITM : Opcode 318 : self avec parameter1 et parameter2 différent de 0
SHLD27_.ITM : Opcode 318 : self avec parameter1 et parameter2 différent de 0
SHLD27_.ITM : Opcode 318 : self avec parameter1 et parameter2 différent de 0
SHLD27_.ITM : Opcode 318 : self avec parameter1 et parameter2 différent de 0
SHLD28.ITM : Opcode 318 : self avec parameter1 et parameter2 différent de 0
SHLD28.ITM : Opcode 318 : self avec parameter1 et parameter2 différent de 0
SHLD28.ITM : Opcode 318 : self avec parameter1 et parameter2 différent de 0
SHLD28.ITM : Opcode 318 : self avec parameter1 et parameter2 différent de 0
SHLD28A.ITM : Opcode 318 : self avec parameter1 et parameter2 différent de 0
SHLD28A.ITM : Opcode 318 : self avec parameter1 et parameter2 différent de 0
SHLD28A.ITM : Opcode 318 : self avec parameter1 et parameter2 différent de 0
SHLD28A.ITM : Opcode 318 : self avec parameter1 et parameter2 différent de 0
SHLD29.ITM : Opcode 318 : self avec parameter1 et parameter2 différent de 0
SHLD29.ITM : Opcode 318 : self avec parameter1 et parameter2 différent de 0
SHLD29.ITM : Opcode 318 : self avec parameter1 et parameter2 différent de 0
SHLD29.ITM : Opcode 318 : self avec parameter1 et parameter2 différent de 0
SHLD29A.ITM : Opcode 318 : self avec parameter1 et parameter2 différent de 0
SHLD29A.ITM : Opcode 318 : self avec parameter1 et parameter2 différent de 0
SHLD29A.ITM : Opcode 318 : self avec parameter1 et parameter2 différent de 0
SHLD29A.ITM : Opcode 318 : self avec parameter1 et parameter2 différent de 0
SHLD30.ITM : Opcode 318 : self avec parameter1 et parameter2 différent de 0
SHLD30.ITM : Opcode 318 : self avec parameter1 et parameter2 différent de 0
SHLD30.ITM : Opcode 318 : self avec parameter1 et parameter2 différent de 0
SHLD30.ITM : Opcode 318 : self avec parameter1 et parameter2 différent de 0
SHLD30A.ITM : Opcode 318 : self avec parameter1 et parameter2 différent de 0
SHLD30A.ITM : Opcode 318 : self avec parameter1 et parameter2 différent de 0
SHLD30A.ITM : Opcode 318 : self avec parameter1 et parameter2 différent de 0
SHLD30A.ITM : Opcode 318 : self avec parameter1 et parameter2 différent de 0
SHLD31.ITM : Opcode 318 : self avec parameter1 et parameter2 différent de 0
SHLD31.ITM : Opcode 318 : self avec parameter1 et parameter2 différent de 0
SHLD31.ITM : Opcode 318 : self avec parameter1 et parameter2 différent de 0
SHLD31.ITM : Opcode 318 : self avec parameter1 et parameter2 différent de 0
SHLD31A.ITM : Opcode 318 : self avec parameter1 et parameter2 différent de 0
SHLD31A.ITM : Opcode 318 : self avec parameter1 et parameter2 différent de 0
SHLD31A.ITM : Opcode 318 : self avec parameter1 et parameter2 différent de 0
SHLD31A.ITM : Opcode 318 : self avec parameter1 et parameter2 différent de 0
SHLD31_.ITM : Opcode 318 : self avec parameter1 et parameter2 différent de 0
SHLD31_.ITM : Opcode 318 : self avec parameter1 et parameter2 différent de 0
SHLD31_.ITM : Opcode 318 : self avec parameter1 et parameter2 différent de 0
SHLD31_.ITM : Opcode 318 : self avec parameter1 et parameter2 différent de 0
SHLD32.ITM : Opcode 318 : self avec parameter1 et parameter2 différent de 0
SHLD32.ITM : Opcode 318 : self avec parameter1 et parameter2 différent de 0
SHLD32.ITM : Opcode 318 : self avec parameter1 et parameter2 différent de 0
SHLD32.ITM : Opcode 318 : self avec parameter1 et parameter2 différent de 0
SHLD33.ITM : Opcode 318 : self avec parameter1 et parameter2 différent de 0
SHLD33.ITM : Opcode 318 : self avec parameter1 et parameter2 différent de 0
SHLD33.ITM : Opcode 318 : self avec parameter1 et parameter2 différent de 0
SHLD33.ITM : Opcode 318 : self avec parameter1 et parameter2 différent de 0
SPER01.ITM : Opcode 318 : self avec parameter1 et parameter2 différent de 0
SPER01.ITM : Opcode 146 : La ressource k#shatwe.spl n'existe pas.
SPER02.ITM : Opcode 318 : self avec parameter1 et parameter2 différent de 0
SPER03.ITM : Opcode 318 : self avec parameter1 et parameter2 différent de 0
SPER04.ITM : Opcode 318 : self avec parameter1 et parameter2 différent de 0
SPER05.ITM : Opcode 318 : self avec parameter1 et parameter2 différent de 0
SPER06.ITM : Opcode 318 : self avec parameter1 et parameter2 différent de 0
SPER07.ITM : Opcode 318 : self avec parameter1 et parameter2 différent de 0
SPER08.ITM : Opcode 318 : self avec parameter1 et parameter2 différent de 0
SPER09.ITM : Opcode 318 : self avec parameter1 et parameter2 différent de 0
SPER10.ITM : Opcode 318 : self avec parameter1 et parameter2 différent de 0
SPER11.ITM : Opcode 318 : self avec parameter1 et parameter2 différent de 0
SPER12.ITM : Opcode 318 : self avec parameter1 et parameter2 différent de 0
STAF01.ITM : Opcode 318 : self avec parameter1 et parameter2 différent de 0
STAF02.ITM : Opcode 318 : self avec parameter1 et parameter2 différent de 0
STAF04.ITM : Opcode 318 : self avec parameter1 et parameter2 différent de 0
STAF05.ITM : Opcode 318 : self avec parameter1 et parameter2 différent de 0
STAF07.ITM : Opcode 318 : self avec parameter1 et parameter2 différent de 0
STAF08.ITM : Opcode 318 : self avec parameter1 et parameter2 différent de 0
STAF08_.ITM : Opcode 318 : self avec parameter1 et parameter2 différent de 0
STAF09.ITM : Opcode 318 : self avec parameter1 et parameter2 différent de 0
STAF10.ITM : Opcode 318 : self avec parameter1 et parameter2 différent de 0
STAF11.ITM : Opcode 318 : self avec parameter1 et parameter2 différent de 0
STAF11.ITM : Opcode 206 : La ressource sppr121.spl n'existe pas.
STAF11.ITM : Opcode 206 : La ressource spwi505d.spl n'existe pas.
STAF11.ITM : Opcode 233: Proficiency not found : 118
STAF12.ITM : Opcode 318 : self avec parameter1 et parameter2 différent de 0
STAF13.ITM : Opcode 318 : self avec parameter1 et parameter2 différent de 0
STAF14.ITM : Opcode 318 : self avec parameter1 et parameter2 différent de 0
STAF15.ITM : Opcode 318 : self avec parameter1 et parameter2 différent de 0
STAF16.ITM : Opcode 318 : self avec parameter1 et parameter2 différent de 0
STAF17.ITM : Opcode 318 : self avec parameter1 et parameter2 différent de 0
STAF18.ITM : Opcode 318 : self avec parameter1 et parameter2 différent de 0
STAF19.ITM : Opcode 318 : self avec parameter1 et parameter2 différent de 0
STAF20.ITM : Opcode 318 : self avec parameter1 et parameter2 différent de 0
STAF20.ITM : Opcode 206 : La ressource rr#curse.spl n'existe pas.
STAF21.ITM : Opcode 318 : self avec parameter1 et parameter2 différent de 0
STAF22.ITM : Opcode 318 : self avec parameter1 et parameter2 différent de 0
STAF23.ITM : Opcode 318 : self avec parameter1 et parameter2 différent de 0
STAF24.ITM : Opcode 318 : self avec parameter1 et parameter2 différent de 0
STAF25.ITM : Opcode 318 : self avec parameter1 et parameter2 différent de 0
STAFN1.ITM : Opcode 318 : self avec parameter1 et parameter2 différent de 0
SW2H01.ITM : Opcode 318 : self avec parameter1 et parameter2 différent de 0
SW2H01.ITM : Opcode 146 : La ressource k#shatwe.spl n'existe pas.
SW2H02.ITM : Opcode 318 : self avec parameter1 et parameter2 différent de 0
SW2H03.ITM : Opcode 318 : self avec parameter1 et parameter2 différent de 0
SW2H06.ITM : Opcode 318 : self avec parameter1 et parameter2 différent de 0
SW2H06.ITM : Opcode 206 : La ressource spwi215d.spl n'existe pas.
SW2H06.ITM : Opcode 206 : La ressource wand14d.spl n'existe pas.
SW2H06.ITM : Opcode 206 : La ressource d0spiweb.spl n'existe pas.
SW2H06.ITM : Opcode 206 : La ressource dvweb.spl n'existe pas.
SW2H06.ITM : Opcode 206 : La ressource dw#0w215.spl n'existe pas.
SW2H06.ITM : Opcode 206 : La ressource dw#mweb.spl n'existe pas.
SW2H06.ITM : Opcode 206 : La ressource dw#web.spl n'existe pas.
SW2H06.ITM : Opcode 206 : La ressource spin175.spl n'existe pas.
SW2H07.ITM : Opcode 318 : self avec parameter1 et parameter2 différent de 0
SW2H07A.ITM : Opcode 318 : self avec parameter1 et parameter2 différent de 0
SW2H07_.ITM : Opcode 318 : self avec parameter1 et parameter2 différent de 0
SW2H08.ITM : Opcode 318 : self avec parameter1 et parameter2 différent de 0
SW2H08_.ITM : Opcode 318 : self avec parameter1 et parameter2 différent de 0
SW2H09.ITM : Opcode 318 : self avec parameter1 et parameter2 différent de 0
SW2H10.ITM : Opcode 318 : self avec parameter1 et parameter2 différent de 0
SW2H11.ITM : Opcode 318 : self avec parameter1 et parameter2 différent de 0
SW2H12.ITM : Opcode 318 : self avec parameter1 et parameter2 différent de 0
SW2H13.ITM : Opcode 318 : self avec parameter1 et parameter2 différent de 0
SW2H13.ITM : Opcode 206 : La ressource spwi215d.spl n'existe pas.
SW2H13.ITM : Opcode 206 : La ressource wand14d.spl n'existe pas.
SW2H13.ITM : Opcode 206 : La ressource d0spiweb.spl n'existe pas.
SW2H13.ITM : Opcode 206 : La ressource dvweb.spl n'existe pas.
SW2H13.ITM : Opcode 206 : La ressource dw#0w215.spl n'existe pas.
SW2H13.ITM : Opcode 206 : La ressource dw#mweb.spl n'existe pas.
SW2H13.ITM : Opcode 206 : La ressource dw#web.spl n'existe pas.
SW2H13.ITM : Opcode 206 : La ressource spin175.spl n'existe pas.
SW2H14.ITM : Opcode 318 : self avec parameter1 et parameter2 différent de 0
SW2H15.ITM : Opcode 318 : self avec parameter1 et parameter2 différent de 0
SW2H16.ITM : Opcode 318 : self avec parameter1 et parameter2 différent de 0
SW2H17.ITM : Opcode 318 : self avec parameter1 et parameter2 différent de 0
SW2H18.ITM : Opcode 318 : self avec parameter1 et parameter2 différent de 0
SW2H19.ITM : Opcode 318 : self avec parameter1 et parameter2 différent de 0
SW2H20.ITM : Opcode 318 : self avec parameter1 et parameter2 différent de 0
SW2H21.ITM : Opcode 318 : self avec parameter1 et parameter2 différent de 0
SW2H22.ITM : Opcode 318 : self avec parameter1 et parameter2 différent de 0
SW2HD1.ITM : Opcode 318 : self avec parameter1 et parameter2 différent de 0
SW2HD1.ITM : Opcode 321 : La ressource ohdsw1.itm n'existe pas.
SW2HD1.ITM : Opcode 321 : no names of spells or items found
SW2HD1.ITM : Opcode 321 : La ressource ohdsw1.itm n'existe pas.
SW2HD1.ITM : Opcode 321 : no names of spells or items found
TTSHLD01.ITM : Opcode 318 : self avec parameter1 et parameter2 différent de 0
TTSHLD01.ITM : Opcode 318 : self avec parameter1 et parameter2 différent de 0
TTSHLD01.ITM : Opcode 318 : self avec parameter1 et parameter2 différent de 0
TTSHLD01.ITM : Opcode 318 : self avec parameter1 et parameter2 différent de 0
WA2HALB.ITM : Opcode 318 : self avec parameter1 et parameter2 différent de 0
WA2SHIEL.ITM : Opcode 318 : self avec parameter1 et parameter2 différent de 0
WA2SHIEL.ITM : Opcode 318 : self avec parameter1 et parameter2 différent de 0
WA2SHIEL.ITM : Opcode 318 : self avec parameter1 et parameter2 différent de 0
WA2SHIEL.ITM : Opcode 318 : self avec parameter1 et parameter2 différent de 0
WAS2H.ITM : Opcode 318 : self avec parameter1 et parameter2 différent de 0
WASPEAR.ITM : Opcode 318 : self avec parameter1 et parameter2 différent de 0
WASTAFF.ITM : Opcode 318 : self avec parameter1 et parameter2 différent de 0
AEGIS2.ITM : Opcode 123 à gérer.
AEGIS2A.ITM : Opcode 123 à gérer.
AEGIS2B.ITM : Opcode 123 à gérer.
AX1H01.ITM : Opcode 146 : La ressource k#shatwe.spl n'existe pas.
AX1H05.ITM : Opcode 123 à gérer.
AX1H05A.ITM : Opcode 123 à gérer.
AX1H05B.ITM : Opcode 123 à gérer.
AX1H06.ITM : Opcode 123 à gérer.
AX1H06A.ITM : Opcode 123 à gérer.
AX1H06B.ITM : Opcode 123 à gérer.
AX1H08.ITM : Opcode 123 à gérer.
AX1H08A.ITM : Opcode 123 à gérer.
AX1H08B.ITM : Opcode 123 à gérer.
AX1H09.ITM : Opcode 123 à gérer.
AX1H09A.ITM : Opcode 123 à gérer.
AX1H09B.ITM : Opcode 123 à gérer.
AX1H10.ITM : Opcode 123 à gérer.
AX1H10A.ITM : Opcode 123 à gérer.
AX1H10B.ITM : Opcode 123 à gérer.
AX1H16.ITM : Opcode 123 à gérer.
AX1H16A.ITM : Opcode 123 à gérer.
AX1H16B.ITM : Opcode 123 à gérer.
BDAX1H02.ITM : Opcode 318 : self avec parameter1 et parameter2 différent de 0
BDAX1H05.ITM : Opcode 318 : self avec parameter1 et parameter2 différent de 0
BDBLUN04.ITM : FAILURE: opcode 12: Failure("BDBLUN04.ITM : Type de degat '3' pour le opcode 12 pas encore gere")
BDBLUN04.ITM : FAILURE: opcode 341: Failure("Opcode 12: Failure(\"BDBLUN04.ITM : Type de degat '3' pour le opcode 12 pas encore gere\")")
BDBOW01.ITM : Opcode 318 : self avec parameter1 et parameter2 différent de 0
BDBOW01.ITM : Opcode 318 : self avec parameter1 et parameter2 différent de 0
BDBOW01.ITM : Opcode 318 : self avec parameter1 et parameter2 différent de 0
BDBOW02.ITM : Opcode 318 : self avec parameter1 et parameter2 différent de 0
BDBOW02.ITM : Opcode 318 : self avec parameter1 et parameter2 différent de 0
BDBOW03.ITM : Opcode 318 : self avec parameter1 et parameter2 différent de 0
BDBOW03.ITM : Opcode 318 : self avec parameter1 et parameter2 différent de 0
BDBOW04.ITM : Opcode 318 : self avec parameter1 et parameter2 différent de 0
BDBOW04.ITM : Opcode 318 : self avec parameter1 et parameter2 différent de 0
BDBOW05.ITM : Opcode 318 : self avec parameter1 et parameter2 différent de 0
BDBOW05.ITM : Opcode 318 : self avec parameter1 et parameter2 différent de 0
BDBOW06.ITM : Opcode 318 : self avec parameter1 et parameter2 différent de 0
BDBOW06.ITM : Opcode 318 : self avec parameter1 et parameter2 différent de 0
BDDART01.ITM : Opcode 318 : self avec parameter1 et parameter2 différent de 0
BDDART01.ITM : Opcode 318 : self avec parameter1 et parameter2 différent de 0
BDPLAT01.ITM : opcode 326: Traduction 13260158 manquante
BDPLAT01.ITM : opcode 326: Traduction 13260158 manquante
BDPLAT01.ITM : opcode 326: Traduction 13260157 manquante
BDPLAT01.ITM : opcode 326: Traduction 13260157 manquante
BDPLAT01.ITM : opcode 326: Traduction 13260156 manquante
BDPLAT01.ITM : opcode 326: Traduction 13260156 manquante
BDPLAT01.ITM : opcode 326: Traduction 13260155 manquante
BDPLAT01.ITM : opcode 326: Traduction 13260155 manquante
BDPLAT01.ITM : opcode 326: Traduction 13260153 manquante
BDPLAT01.ITM : opcode 326: Traduction 13260153 manquante
BDPLAT03.ITM : opcode 326: Traduction 13260158 manquante
BDPLAT03.ITM : opcode 326: Traduction 13260158 manquante
BDPLAT03.ITM : opcode 326: Traduction 13260157 manquante
BDPLAT03.ITM : opcode 326: Traduction 13260157 manquante
BDPLAT03.ITM : opcode 326: Traduction 13260156 manquante
BDPLAT03.ITM : opcode 326: Traduction 13260156 manquante
BDPLAT03.ITM : opcode 326: Traduction 13260155 manquante
BDPLAT03.ITM : opcode 326: Traduction 13260155 manquante
BDPLAT03.ITM : opcode 326: Traduction 13260153 manquante
BDPLAT03.ITM : opcode 326: Traduction 13260153 manquante
BDPLAT04.ITM : opcode 326: Traduction 13260158 manquante
BDPLAT04.ITM : opcode 326: Traduction 13260158 manquante
BDPLAT04.ITM : opcode 326: Traduction 13260157 manquante
BDPLAT04.ITM : opcode 326: Traduction 13260157 manquante
BDPLAT04.ITM : opcode 326: Traduction 13260156 manquante
BDPLAT04.ITM : opcode 326: Traduction 13260156 manquante
BDPLAT04.ITM : opcode 326: Traduction 13260155 manquante
BDPLAT04.ITM : opcode 326: Traduction 13260155 manquante
BDPLAT04.ITM : opcode 326: Traduction 13260153 manquante
BDPLAT04.ITM : opcode 326: Traduction 13260153 manquante
BDSLNG01.ITM : Opcode 318 : self avec parameter1 et parameter2 différent de 0
BDSLNG01.ITM : Opcode 318 : self avec parameter1 et parameter2 différent de 0
BDSW1H01.ITM : Opcode 321 : La ressource SPCL521.itm n'existe pas.
BDSW1H03.ITM : Unknown macro: opcode_target_68
BDSW1H03.ITM : FAILURE: opcode 326: Failure("Unknown macro: opcode_target_68")
BDSW1H03.ITM : FAILURE: opcode 341: Failure("Opcode 326: Failure(\"Unknown macro: opcode_target_68\")")
BDSW1H08.ITM : Opcode 321 : La ressource SPWI418.itm n'existe pas.
BDXBOW01.ITM : Opcode 318 : self avec parameter1 et parameter2 différent de 0
BDXBOW01.ITM : Opcode 318 : self avec parameter1 et parameter2 différent de 0
BDXBOW02.ITM : Opcode 318 : self avec parameter1 et parameter2 différent de 0
BDXBOW02.ITM : Opcode 318 : self avec parameter1 et parameter2 différent de 0
BLUN02.ITM : Opcode 146 : La ressource k#shatwe.spl n'existe pas.
BLUN04.ITM : Opcode 146 : La ressource k#shatwe.spl n'existe pas.
BLUN06.ITM : Opcode 146 : La ressource k#shatwe.spl n'existe pas.
BLUN08.ITM : Opcode 146 : La ressource k#shatwe.spl n'existe pas.
BOW01.ITM : Opcode 318 : self avec parameter1 et parameter2 différent de 0
BOW01.ITM : Opcode 318 : self avec parameter1 et parameter2 différent de 0
BOW02.ITM : Opcode 318 : self avec parameter1 et parameter2 différent de 0
BOW02.ITM : Opcode 318 : self avec parameter1 et parameter2 différent de 0
BOW03.ITM : Opcode 318 : self avec parameter1 et parameter2 différent de 0
BOW03.ITM : Opcode 318 : self avec parameter1 et parameter2 différent de 0
BOW04.ITM : Opcode 318 : self avec parameter1 et parameter2 différent de 0
BOW04.ITM : Opcode 318 : self avec parameter1 et parameter2 différent de 0
BOW05.ITM : Opcode 318 : self avec parameter1 et parameter2 différent de 0
BOW05.ITM : Opcode 318 : self avec parameter1 et parameter2 différent de 0
BOW06.ITM : Opcode 318 : self avec parameter1 et parameter2 différent de 0
BOW06.ITM : Opcode 318 : self avec parameter1 et parameter2 différent de 0
BOW07.ITM : Opcode 318 : self avec parameter1 et parameter2 différent de 0
BOW07.ITM : Opcode 318 : self avec parameter1 et parameter2 différent de 0
BOW08.ITM : Opcode 318 : self avec parameter1 et parameter2 différent de 0
BOW08.ITM : Opcode 318 : self avec parameter1 et parameter2 différent de 0
BOW09.ITM : Opcode 318 : self avec parameter1 et parameter2 différent de 0
BOW09.ITM : Opcode 318 : self avec parameter1 et parameter2 différent de 0
BOW10.ITM : Opcode 318 : self avec parameter1 et parameter2 différent de 0
BOW10.ITM : Opcode 318 : self avec parameter1 et parameter2 différent de 0
BOW11.ITM : Opcode 318 : self avec parameter1 et parameter2 différent de 0
BOW11.ITM : Opcode 318 : self avec parameter1 et parameter2 différent de 0
BOW12.ITM : Opcode 318 : self avec parameter1 et parameter2 différent de 0
BOW12.ITM : Opcode 318 : self avec parameter1 et parameter2 différent de 0
BOW13.ITM : Opcode 318 : self avec parameter1 et parameter2 différent de 0
BOW13.ITM : Opcode 318 : self avec parameter1 et parameter2 différent de 0
BOW14.ITM : Opcode 318 : self avec parameter1 et parameter2 différent de 0
BOW14.ITM : Opcode 318 : self avec parameter1 et parameter2 différent de 0
BOW15.ITM : Opcode 318 : self avec parameter1 et parameter2 différent de 0
BOW15.ITM : Opcode 318 : self avec parameter1 et parameter2 différent de 0
BOW16.ITM : Opcode 318 : self avec parameter1 et parameter2 différent de 0
BOW16.ITM : Opcode 318 : self avec parameter1 et parameter2 différent de 0
BOW17.ITM : Opcode 318 : self avec parameter1 et parameter2 différent de 0
BOW17.ITM : Opcode 318 : self avec parameter1 et parameter2 différent de 0
BOW18.ITM : Opcode 318 : self avec parameter1 et parameter2 différent de 0
BOW18.ITM : Opcode 318 : self avec parameter1 et parameter2 différent de 0
BOW19.ITM : Opcode 318 : self avec parameter1 et parameter2 différent de 0
BOW19.ITM : Opcode 318 : self avec parameter1 et parameter2 différent de 0
BOW20.ITM : Opcode 318 : self avec parameter1 et parameter2 différent de 0
BOW20.ITM : Opcode 318 : self avec parameter1 et parameter2 différent de 0
BOW21.ITM : Opcode 318 : self avec parameter1 et parameter2 différent de 0
BOW21.ITM : Opcode 318 : self avec parameter1 et parameter2 différent de 0
BOW22.ITM : Opcode 318 : self avec parameter1 et parameter2 différent de 0
BOW22.ITM : Opcode 318 : self avec parameter1 et parameter2 différent de 0
BOW23.ITM : Opcode 318 : self avec parameter1 et parameter2 différent de 0
BOW23.ITM : Opcode 318 : self avec parameter1 et parameter2 différent de 0
BOW24.ITM : Opcode 318 : self avec parameter1 et parameter2 différent de 0
BOW24.ITM : Opcode 318 : self avec parameter1 et parameter2 différent de 0
BOW25.ITM : Opcode 318 : self avec parameter1 et parameter2 différent de 0
BOW25.ITM : Opcode 318 : self avec parameter1 et parameter2 différent de 0
BOW26.ITM : Opcode 318 : self avec parameter1 et parameter2 différent de 0
BOW26.ITM : Opcode 318 : self avec parameter1 et parameter2 différent de 0
BRUENPLA.ITM : opcode 326: Traduction 13260158 manquante
BRUENPLA.ITM : opcode 326: Traduction 13260158 manquante
BRUENPLA.ITM : opcode 326: Traduction 13260157 manquante
BRUENPLA.ITM : opcode 326: Traduction 13260157 manquante
BRUENPLA.ITM : opcode 326: Traduction 13260156 manquante
BRUENPLA.ITM : opcode 326: Traduction 13260156 manquante
BRUENPLA.ITM : opcode 326: Traduction 13260155 manquante
BRUENPLA.ITM : opcode 326: Traduction 13260155 manquante
BRUENPLA.ITM : opcode 326: Traduction 13260153 manquante
BRUENPLA.ITM : opcode 326: Traduction 13260153 manquante
CATTIBOW.ITM : Opcode 318 : self avec parameter1 et parameter2 différent de 0
CATTIBOW.ITM : Opcode 318 : self avec parameter1 et parameter2 différent de 0
DAGG01.ITM : Opcode 146 : La ressource k#shatwe.spl n'existe pas.
DAGG06.ITM : Opcode 146 : La ressource k#shatwe.spl n'existe pas.
DAGG07.ITM : Opcode 146 : La ressource k#shatwe.spl n'existe pas.
DAGG09.ITM : Opcode 123 à gérer.
DAGG09A.ITM : Opcode 123 à gérer.
DAGG09B.ITM : Opcode 123 à gérer.
DAGG11.ITM : Opcode 123 à gérer.
DAGG11A.ITM : Opcode 123 à gérer.
DAGG11B.ITM : Opcode 123 à gérer.
DAGG12.ITM : Opcode 123 à gérer.
DAGG12A.ITM : Opcode 123 à gérer.
DAGG12B.ITM : Opcode 123 à gérer.
DAGG22.ITM : Opcode 123 à gérer.
DAGG22A.ITM : Opcode 123 à gérer.
DART01.ITM : Opcode 318 : self avec parameter1 et parameter2 différent de 0
DART01.ITM : Opcode 318 : self avec parameter1 et parameter2 différent de 0
DART02.ITM : Opcode 318 : self avec parameter1 et parameter2 différent de 0
DART02.ITM : Opcode 318 : self avec parameter1 et parameter2 différent de 0
DART03.ITM : Opcode 318 : self avec parameter1 et parameter2 différent de 0
DART03.ITM : Opcode 318 : self avec parameter1 et parameter2 différent de 0
DART04.ITM : Opcode 318 : self avec parameter1 et parameter2 différent de 0
DART04.ITM : Opcode 318 : self avec parameter1 et parameter2 différent de 0
DART05.ITM : Opcode 318 : self avec parameter1 et parameter2 différent de 0
DART05.ITM : Opcode 318 : self avec parameter1 et parameter2 différent de 0
DART08.ITM : Opcode 318 : self avec parameter1 et parameter2 différent de 0
DART08.ITM : Opcode 318 : self avec parameter1 et parameter2 différent de 0
DART09.ITM : Opcode 318 : self avec parameter1 et parameter2 différent de 0
DART09.ITM : Opcode 318 : self avec parameter1 et parameter2 différent de 0
DART10.ITM : Opcode 318 : self avec parameter1 et parameter2 différent de 0
DART10.ITM : Opcode 318 : self avec parameter1 et parameter2 différent de 0
DART11.ITM : Opcode 318 : self avec parameter1 et parameter2 différent de 0
DART11.ITM : Opcode 318 : self avec parameter1 et parameter2 différent de 0
DWDART01.ITM : Opcode 318 : self avec parameter1 et parameter2 différent de 0
DWDART01.ITM : Opcode 318 : self avec parameter1 et parameter2 différent de 0
DWPLAT01.ITM : opcode 326: Traduction 13260158 manquante
DWPLAT01.ITM : opcode 326: Traduction 13260158 manquante
DWPLAT01.ITM : opcode 326: Traduction 13260157 manquante
DWPLAT01.ITM : opcode 326: Traduction 13260157 manquante
DWPLAT01.ITM : opcode 326: Traduction 13260156 manquante
DWPLAT01.ITM : opcode 326: Traduction 13260156 manquante
DWPLAT01.ITM : opcode 326: Traduction 13260155 manquante
DWPLAT01.ITM : opcode 326: Traduction 13260155 manquante
DWPLAT01.ITM : opcode 326: Traduction 13260153 manquante
DWPLAT01.ITM : opcode 326: Traduction 13260153 manquante
DWXBOW01.ITM : Opcode 318 : self avec parameter1 et parameter2 différent de 0
DWXBOW01.ITM : Opcode 318 : self avec parameter1 et parameter2 différent de 0
GODBOW.ITM : Opcode 318 : self avec parameter1 et parameter2 différent de 0
GODBOW.ITM : Opcode 318 : self avec parameter1 et parameter2 différent de 0
HAMM01.ITM : Opcode 146 : La ressource k#shatwe.spl n'existe pas.
HAMM06.ITM : Opcode 123 à gérer.
HAMM06A.ITM : Opcode 123 à gérer.
HAMM06B.ITM : Opcode 123 à gérer.
HAMM09.ITM : Opcode 123 à gérer.
HAMM09A.ITM : Opcode 123 à gérer.
HAMM13.ITM : Opcode 206 : La ressource sppr309d.spl n'existe pas.
HAMM13.ITM : Opcode 206 : La ressource spwi203d.spl n'existe pas.
NPBOW.ITM : Opcode 318 : self avec parameter1 et parameter2 différent de 0
NPBOW.ITM : Opcode 318 : self avec parameter1 et parameter2 différent de 0
NPPLAT.ITM : opcode 326: Traduction 13260158 manquante
NPPLAT.ITM : opcode 326: Traduction 13260158 manquante
NPPLAT.ITM : opcode 326: Traduction 13260157 manquante
NPPLAT.ITM : opcode 326: Traduction 13260157 manquante
NPPLAT.ITM : opcode 326: Traduction 13260156 manquante
NPPLAT.ITM : opcode 326: Traduction 13260156 manquante
NPPLAT.ITM : opcode 326: Traduction 13260155 manquante
NPPLAT.ITM : opcode 326: Traduction 13260155 manquante
NPPLAT.ITM : opcode 326: Traduction 13260153 manquante
NPPLAT.ITM : opcode 326: Traduction 13260153 manquante
OHDARMOR.ITM : opcode 326: Traduction 13260158 manquante
OHDARMOR.ITM : opcode 326: Traduction 13260158 manquante
OHDARMOR.ITM : opcode 326: Traduction 13260157 manquante
OHDARMOR.ITM : opcode 326: Traduction 13260157 manquante
OHDARMOR.ITM : opcode 326: Traduction 13260156 manquante
OHDARMOR.ITM : opcode 326: Traduction 13260156 manquante
OHDARMOR.ITM : opcode 326: Traduction 13260155 manquante
OHDARMOR.ITM : opcode 326: Traduction 13260155 manquante
OHDARMOR.ITM : opcode 326: Traduction 13260153 manquante
OHDARMOR.ITM : opcode 326: Traduction 13260153 manquante
OHDART50.ITM : Opcode 318 : self avec parameter1 et parameter2 différent de 0
OHDART50.ITM : Opcode 318 : self avec parameter1 et parameter2 différent de 0
OHDART51.ITM : Opcode 318 : self avec parameter1 et parameter2 différent de 0
OHDART51.ITM : Opcode 318 : self avec parameter1 et parameter2 différent de 0
OHNSLNG1.ITM : Opcode 318 : self avec parameter1 et parameter2 différent de 0
OHNSLNG1.ITM : Opcode 318 : self avec parameter1 et parameter2 différent de 0
OHPLAT50.ITM : opcode 326: Traduction 13260158 manquante
OHPLAT50.ITM : opcode 326: Traduction 13260158 manquante
OHPLAT50.ITM : opcode 326: Traduction 13260157 manquante
OHPLAT50.ITM : opcode 326: Traduction 13260157 manquante
OHPLAT50.ITM : opcode 326: Traduction 13260156 manquante
OHPLAT50.ITM : opcode 326: Traduction 13260156 manquante
OHPLAT50.ITM : opcode 326: Traduction 13260155 manquante
OHPLAT50.ITM : opcode 326: Traduction 13260155 manquante
OHPLAT50.ITM : opcode 326: Traduction 13260153 manquante
OHPLAT50.ITM : opcode 326: Traduction 13260153 manquante
OHRSLNG1.ITM : Opcode 318 : self avec parameter1 et parameter2 différent de 0
OHRSLNG1.ITM : Opcode 318 : self avec parameter1 et parameter2 différent de 0
PALPLAT.ITM : opcode 326: Traduction 13260158 manquante
PALPLAT.ITM : opcode 326: Traduction 13260158 manquante
PALPLAT.ITM : opcode 326: Traduction 13260157 manquante
PALPLAT.ITM : opcode 326: Traduction 13260157 manquante
PALPLAT.ITM : opcode 326: Traduction 13260156 manquante
PALPLAT.ITM : opcode 326: Traduction 13260156 manquante
PALPLAT.ITM : opcode 326: Traduction 13260155 manquante
PALPLAT.ITM : opcode 326: Traduction 13260155 manquante
PALPLAT.ITM : opcode 326: Traduction 13260153 manquante
PALPLAT.ITM : opcode 326: Traduction 13260153 manquante
PLAT01.ITM : opcode 326: Traduction 13260158 manquante
PLAT01.ITM : opcode 326: Traduction 13260158 manquante
PLAT01.ITM : opcode 326: Traduction 13260157 manquante
PLAT01.ITM : opcode 326: Traduction 13260157 manquante
PLAT01.ITM : opcode 326: Traduction 13260156 manquante
PLAT01.ITM : opcode 326: Traduction 13260156 manquante
PLAT01.ITM : opcode 326: Traduction 13260155 manquante
PLAT01.ITM : opcode 326: Traduction 13260155 manquante
PLAT01.ITM : opcode 326: Traduction 13260153 manquante
PLAT01.ITM : opcode 326: Traduction 13260153 manquante
PLAT01.ITM : Opcode 232 : La ressource k#shatar.spl n'existe pas.
PLAT01.ITM : La ressource K#SHATAR.spl n'existe pas.
PLAT02.ITM : opcode 326: Traduction 13260158 manquante
PLAT02.ITM : opcode 326: Traduction 13260158 manquante
PLAT02.ITM : opcode 326: Traduction 13260157 manquante
PLAT02.ITM : opcode 326: Traduction 13260157 manquante
PLAT02.ITM : opcode 326: Traduction 13260156 manquante
PLAT02.ITM : opcode 326: Traduction 13260156 manquante
PLAT02.ITM : opcode 326: Traduction 13260155 manquante
PLAT02.ITM : opcode 326: Traduction 13260155 manquante
PLAT02.ITM : opcode 326: Traduction 13260153 manquante
PLAT02.ITM : opcode 326: Traduction 13260153 manquante
PLAT02_.ITM : opcode 326: Traduction 13260158 manquante
PLAT02_.ITM : opcode 326: Traduction 13260158 manquante
PLAT02_.ITM : opcode 326: Traduction 13260157 manquante
PLAT02_.ITM : opcode 326: Traduction 13260157 manquante
PLAT02_.ITM : opcode 326: Traduction 13260156 manquante
PLAT02_.ITM : opcode 326: Traduction 13260156 manquante
PLAT02_.ITM : opcode 326: Traduction 13260155 manquante
PLAT02_.ITM : opcode 326: Traduction 13260155 manquante
PLAT02_.ITM : opcode 326: Traduction 13260153 manquante
PLAT02_.ITM : opcode 326: Traduction 13260153 manquante
PLAT04.ITM : opcode 326: Traduction 13260158 manquante
PLAT04.ITM : opcode 326: Traduction 13260158 manquante
PLAT04.ITM : opcode 326: Traduction 13260157 manquante
PLAT04.ITM : opcode 326: Traduction 13260157 manquante
PLAT04.ITM : opcode 326: Traduction 13260156 manquante
PLAT04.ITM : opcode 326: Traduction 13260156 manquante
PLAT04.ITM : opcode 326: Traduction 13260155 manquante
PLAT04.ITM : opcode 326: Traduction 13260155 manquante
PLAT04.ITM : opcode 326: Traduction 13260153 manquante
PLAT04.ITM : opcode 326: Traduction 13260153 manquante
PLAT04.ITM : Opcode 232 : La ressource k#shatar.spl n'existe pas.
PLAT04.ITM : La ressource K#SHATAR.spl n'existe pas.
PLAT05.ITM : opcode 326: Traduction 13260158 manquante
PLAT05.ITM : opcode 326: Traduction 13260158 manquante
PLAT05.ITM : opcode 326: Traduction 13260157 manquante
PLAT05.ITM : opcode 326: Traduction 13260157 manquante
PLAT05.ITM : opcode 326: Traduction 13260156 manquante
PLAT05.ITM : opcode 326: Traduction 13260156 manquante
PLAT05.ITM : opcode 326: Traduction 13260155 manquante
PLAT05.ITM : opcode 326: Traduction 13260155 manquante
PLAT05.ITM : opcode 326: Traduction 13260153 manquante
PLAT05.ITM : opcode 326: Traduction 13260153 manquante
PLAT05_.ITM : opcode 326: Traduction 13260158 manquante
PLAT05_.ITM : opcode 326: Traduction 13260158 manquante
PLAT05_.ITM : opcode 326: Traduction 13260157 manquante
PLAT05_.ITM : opcode 326: Traduction 13260157 manquante
PLAT05_.ITM : opcode 326: Traduction 13260156 manquante
PLAT05_.ITM : opcode 326: Traduction 13260156 manquante
PLAT05_.ITM : opcode 326: Traduction 13260155 manquante
PLAT05_.ITM : opcode 326: Traduction 13260155 manquante
PLAT05_.ITM : opcode 326: Traduction 13260153 manquante
PLAT05_.ITM : opcode 326: Traduction 13260153 manquante
PLAT06.ITM : opcode 326: Traduction 13260158 manquante
PLAT06.ITM : opcode 326: Traduction 13260158 manquante
PLAT06.ITM : opcode 326: Traduction 13260157 manquante
PLAT06.ITM : opcode 326: Traduction 13260157 manquante
PLAT06.ITM : opcode 326: Traduction 13260156 manquante
PLAT06.ITM : opcode 326: Traduction 13260156 manquante
PLAT06.ITM : opcode 326: Traduction 13260155 manquante
PLAT06.ITM : opcode 326: Traduction 13260155 manquante
PLAT06.ITM : opcode 326: Traduction 13260153 manquante
PLAT06.ITM : opcode 326: Traduction 13260153 manquante
PLAT06_.ITM : opcode 326: Traduction 13260158 manquante
PLAT06_.ITM : opcode 326: Traduction 13260158 manquante
PLAT06_.ITM : opcode 326: Traduction 13260157 manquante
PLAT06_.ITM : opcode 326: Traduction 13260157 manquante
PLAT06_.ITM : opcode 326: Traduction 13260156 manquante
PLAT06_.ITM : opcode 326: Traduction 13260156 manquante
PLAT06_.ITM : opcode 326: Traduction 13260155 manquante
PLAT06_.ITM : opcode 326: Traduction 13260155 manquante
PLAT06_.ITM : opcode 326: Traduction 13260153 manquante
PLAT06_.ITM : opcode 326: Traduction 13260153 manquante
PLAT08.ITM : opcode 326: Traduction 13260158 manquante
PLAT08.ITM : opcode 326: Traduction 13260158 manquante
PLAT08.ITM : opcode 326: Traduction 13260157 manquante
PLAT08.ITM : opcode 326: Traduction 13260157 manquante
PLAT08.ITM : opcode 326: Traduction 13260156 manquante
PLAT08.ITM : opcode 326: Traduction 13260156 manquante
PLAT08.ITM : opcode 326: Traduction 13260155 manquante
PLAT08.ITM : opcode 326: Traduction 13260155 manquante
PLAT08.ITM : opcode 326: Traduction 13260153 manquante
PLAT08.ITM : opcode 326: Traduction 13260153 manquante
PLAT08.ITM : Opcode 233: Proficiency not found : 117
PLAT09.ITM : opcode 326: Traduction 13260158 manquante
PLAT09.ITM : opcode 326: Traduction 13260158 manquante
PLAT09.ITM : opcode 326: Traduction 13260157 manquante
PLAT09.ITM : opcode 326: Traduction 13260157 manquante
PLAT09.ITM : opcode 326: Traduction 13260156 manquante
PLAT09.ITM : opcode 326: Traduction 13260156 manquante
PLAT09.ITM : opcode 326: Traduction 13260155 manquante
PLAT09.ITM : opcode 326: Traduction 13260155 manquante
PLAT09.ITM : opcode 326: Traduction 13260153 manquante
PLAT09.ITM : opcode 326: Traduction 13260153 manquante
PLAT10.ITM : opcode 326: Traduction 13260158 manquante
PLAT10.ITM : opcode 326: Traduction 13260158 manquante
PLAT10.ITM : opcode 326: Traduction 13260157 manquante
PLAT10.ITM : opcode 326: Traduction 13260157 manquante
PLAT10.ITM : opcode 326: Traduction 13260156 manquante
PLAT10.ITM : opcode 326: Traduction 13260156 manquante
PLAT10.ITM : opcode 326: Traduction 13260155 manquante
PLAT10.ITM : opcode 326: Traduction 13260155 manquante
PLAT10.ITM : opcode 326: Traduction 13260153 manquante
PLAT10.ITM : opcode 326: Traduction 13260153 manquante
PLAT11.ITM : opcode 326: Traduction 13260158 manquante
PLAT11.ITM : opcode 326: Traduction 13260158 manquante
PLAT11.ITM : opcode 326: Traduction 13260157 manquante
PLAT11.ITM : opcode 326: Traduction 13260157 manquante
PLAT11.ITM : opcode 326: Traduction 13260156 manquante
PLAT11.ITM : opcode 326: Traduction 13260156 manquante
PLAT11.ITM : opcode 326: Traduction 13260155 manquante
PLAT11.ITM : opcode 326: Traduction 13260155 manquante
PLAT11.ITM : opcode 326: Traduction 13260153 manquante
PLAT11.ITM : opcode 326: Traduction 13260153 manquante
PLAT12.ITM : opcode 326: Traduction 13260158 manquante
PLAT12.ITM : opcode 326: Traduction 13260158 manquante
PLAT12.ITM : opcode 326: Traduction 13260157 manquante
PLAT12.ITM : opcode 326: Traduction 13260157 manquante
PLAT12.ITM : opcode 326: Traduction 13260156 manquante
PLAT12.ITM : opcode 326: Traduction 13260156 manquante
PLAT12.ITM : opcode 326: Traduction 13260155 manquante
PLAT12.ITM : opcode 326: Traduction 13260155 manquante
PLAT12.ITM : opcode 326: Traduction 13260153 manquante
PLAT12.ITM : opcode 326: Traduction 13260153 manquante
PLAT13.ITM : opcode 326: Traduction 13260158 manquante
PLAT13.ITM : opcode 326: Traduction 13260158 manquante
PLAT13.ITM : opcode 326: Traduction 13260157 manquante
PLAT13.ITM : opcode 326: Traduction 13260157 manquante
PLAT13.ITM : opcode 326: Traduction 13260156 manquante
PLAT13.ITM : opcode 326: Traduction 13260156 manquante
PLAT13.ITM : opcode 326: Traduction 13260155 manquante
PLAT13.ITM : opcode 326: Traduction 13260155 manquante
PLAT13.ITM : opcode 326: Traduction 13260153 manquante
PLAT13.ITM : opcode 326: Traduction 13260153 manquante
PLAT14.ITM : opcode 326: Traduction 13260158 manquante
PLAT14.ITM : opcode 326: Traduction 13260158 manquante
PLAT14.ITM : opcode 326: Traduction 13260157 manquante
PLAT14.ITM : opcode 326: Traduction 13260157 manquante
PLAT14.ITM : opcode 326: Traduction 13260156 manquante
PLAT14.ITM : opcode 326: Traduction 13260156 manquante
PLAT14.ITM : opcode 326: Traduction 13260155 manquante
PLAT14.ITM : opcode 326: Traduction 13260155 manquante
PLAT14.ITM : opcode 326: Traduction 13260153 manquante
PLAT14.ITM : opcode 326: Traduction 13260153 manquante
PLAT15.ITM : opcode 326: Traduction 13260158 manquante
PLAT15.ITM : opcode 326: Traduction 13260158 manquante
PLAT15.ITM : opcode 326: Traduction 13260157 manquante
PLAT15.ITM : opcode 326: Traduction 13260157 manquante
PLAT15.ITM : opcode 326: Traduction 13260156 manquante
PLAT15.ITM : opcode 326: Traduction 13260156 manquante
PLAT15.ITM : opcode 326: Traduction 13260155 manquante
PLAT15.ITM : opcode 326: Traduction 13260155 manquante
PLAT15.ITM : opcode 326: Traduction 13260153 manquante
PLAT15.ITM : opcode 326: Traduction 13260153 manquante
PLAT16.ITM : opcode 326: Traduction 13260158 manquante
PLAT16.ITM : opcode 326: Traduction 13260158 manquante
PLAT16.ITM : opcode 326: Traduction 13260157 manquante
PLAT16.ITM : opcode 326: Traduction 13260157 manquante
PLAT16.ITM : opcode 326: Traduction 13260156 manquante
PLAT16.ITM : opcode 326: Traduction 13260156 manquante
PLAT16.ITM : opcode 326: Traduction 13260155 manquante
PLAT16.ITM : opcode 326: Traduction 13260155 manquante
PLAT16.ITM : opcode 326: Traduction 13260153 manquante
PLAT16.ITM : opcode 326: Traduction 13260153 manquante
PLAT17.ITM : opcode 326: Traduction 13260158 manquante
PLAT17.ITM : opcode 326: Traduction 13260158 manquante
PLAT17.ITM : opcode 326: Traduction 13260157 manquante
PLAT17.ITM : opcode 326: Traduction 13260157 manquante
PLAT17.ITM : opcode 326: Traduction 13260156 manquante
PLAT17.ITM : opcode 326: Traduction 13260156 manquante
PLAT17.ITM : opcode 326: Traduction 13260155 manquante
PLAT17.ITM : opcode 326: Traduction 13260155 manquante
PLAT17.ITM : opcode 326: Traduction 13260153 manquante
PLAT17.ITM : opcode 326: Traduction 13260153 manquante
PLAT17.ITM : Opcode 206 : La ressource sppr215.spl n'existe pas.
PLAT18.ITM : opcode 326: Traduction 13260158 manquante
PLAT18.ITM : opcode 326: Traduction 13260158 manquante
PLAT18.ITM : opcode 326: Traduction 13260157 manquante
PLAT18.ITM : opcode 326: Traduction 13260157 manquante
PLAT18.ITM : opcode 326: Traduction 13260156 manquante
PLAT18.ITM : opcode 326: Traduction 13260156 manquante
PLAT18.ITM : opcode 326: Traduction 13260155 manquante
PLAT18.ITM : opcode 326: Traduction 13260155 manquante
PLAT18.ITM : opcode 326: Traduction 13260153 manquante
PLAT18.ITM : opcode 326: Traduction 13260153 manquante
PLAT19.ITM : opcode 326: Traduction 13260158 manquante
PLAT19.ITM : opcode 326: Traduction 13260158 manquante
PLAT19.ITM : opcode 326: Traduction 13260157 manquante
PLAT19.ITM : opcode 326: Traduction 13260157 manquante
PLAT19.ITM : opcode 326: Traduction 13260156 manquante
PLAT19.ITM : opcode 326: Traduction 13260156 manquante
PLAT19.ITM : opcode 326: Traduction 13260155 manquante
PLAT19.ITM : opcode 326: Traduction 13260155 manquante
PLAT19.ITM : opcode 326: Traduction 13260153 manquante
PLAT19.ITM : opcode 326: Traduction 13260153 manquante
PLAT20.ITM : opcode 326: Traduction 13260158 manquante
PLAT20.ITM : opcode 326: Traduction 13260158 manquante
PLAT20.ITM : opcode 326: Traduction 13260157 manquante
PLAT20.ITM : opcode 326: Traduction 13260157 manquante
PLAT20.ITM : opcode 326: Traduction 13260156 manquante
PLAT20.ITM : opcode 326: Traduction 13260156 manquante
PLAT20.ITM : opcode 326: Traduction 13260155 manquante
PLAT20.ITM : opcode 326: Traduction 13260155 manquante
PLAT20.ITM : opcode 326: Traduction 13260153 manquante
PLAT20.ITM : opcode 326: Traduction 13260153 manquante
PLAT21.ITM : opcode 326: Traduction 13260158 manquante
PLAT21.ITM : opcode 326: Traduction 13260158 manquante
PLAT21.ITM : opcode 326: Traduction 13260157 manquante
PLAT21.ITM : opcode 326: Traduction 13260157 manquante
PLAT21.ITM : opcode 326: Traduction 13260156 manquante
PLAT21.ITM : opcode 326: Traduction 13260156 manquante
PLAT21.ITM : opcode 326: Traduction 13260155 manquante
PLAT21.ITM : opcode 326: Traduction 13260155 manquante
PLAT21.ITM : opcode 326: Traduction 13260153 manquante
PLAT21.ITM : opcode 326: Traduction 13260153 manquante
PLAT23.ITM : opcode 326: Traduction 13260158 manquante
PLAT23.ITM : opcode 326: Traduction 13260158 manquante
PLAT23.ITM : opcode 326: Traduction 13260157 manquante
PLAT23.ITM : opcode 326: Traduction 13260157 manquante
PLAT23.ITM : opcode 326: Traduction 13260156 manquante
PLAT23.ITM : opcode 326: Traduction 13260156 manquante
PLAT23.ITM : opcode 326: Traduction 13260155 manquante
PLAT23.ITM : opcode 326: Traduction 13260155 manquante
PLAT23.ITM : opcode 326: Traduction 13260153 manquante
PLAT23.ITM : opcode 326: Traduction 13260153 manquante
PLAT24.ITM : opcode 326: Traduction 13260158 manquante
PLAT24.ITM : opcode 326: Traduction 13260158 manquante
PLAT24.ITM : opcode 326: Traduction 13260157 manquante
PLAT24.ITM : opcode 326: Traduction 13260157 manquante
PLAT24.ITM : opcode 326: Traduction 13260156 manquante
PLAT24.ITM : opcode 326: Traduction 13260156 manquante
PLAT24.ITM : opcode 326: Traduction 13260155 manquante
PLAT24.ITM : opcode 326: Traduction 13260155 manquante
PLAT24.ITM : opcode 326: Traduction 13260153 manquante
PLAT24.ITM : opcode 326: Traduction 13260153 manquante
RODAXE.ITM : Opcode 123 à gérer.
RODAXE.ITM : Opcode 123 à gérer.
RODAXE.ITM : Opcode 123 à gérer.
RODAXE.ITM : Opcode 123 à gérer.
RODMACE.ITM : Opcode 123 à gérer.
RODMACE.ITM : Opcode 123 à gérer.
RODMACE.ITM : Opcode 123 à gérer.
RODMACE.ITM : Opcode 123 à gérer.
RODS02.ITM : Opcode 123 à gérer.
RODS02.ITM : Opcode 123 à gérer.
RODS02.ITM : Opcode 123 à gérer.
RODS02.ITM : Opcode 123 à gérer.
RODS02A.ITM : Opcode 123 à gérer.
RODS02A.ITM : Opcode 123 à gérer.
RODS02A.ITM : Opcode 123 à gérer.
RODS02A.ITM : Opcode 123 à gérer.
RODSWORD.ITM : Opcode 123 à gérer.
RODSWORD.ITM : Opcode 123 à gérer.
RODSWORD.ITM : Opcode 123 à gérer.
RODSWORD.ITM : Opcode 123 à gérer.
SECRET01.ITM : Opcode 318 : self avec parameter1 et parameter2 différent de 0
SECRET01.ITM : Opcode 318 : self avec parameter1 et parameter2 différent de 0
SECRET01.ITM : Opcode 180 : La ressource DVENBOLT.itm n'existe pas.
SLNG01.ITM : Opcode 318 : self avec parameter1 et parameter2 différent de 0
SLNG01.ITM : Opcode 318 : self avec parameter1 et parameter2 différent de 0
SLNG02.ITM : Opcode 318 : self avec parameter1 et parameter2 différent de 0
SLNG02.ITM : Opcode 318 : self avec parameter1 et parameter2 différent de 0
SLNG03.ITM : Opcode 318 : self avec parameter1 et parameter2 différent de 0
SLNG03.ITM : Opcode 318 : self avec parameter1 et parameter2 différent de 0
SLNG04.ITM : Opcode 318 : self avec parameter1 et parameter2 différent de 0
SLNG04.ITM : Opcode 318 : self avec parameter1 et parameter2 différent de 0
SLNG05.ITM : Opcode 318 : self avec parameter1 et parameter2 différent de 0
SLNG05.ITM : Opcode 318 : self avec parameter1 et parameter2 différent de 0
SLNG06.ITM : Opcode 318 : self avec parameter1 et parameter2 différent de 0
SLNG06.ITM : Opcode 318 : self avec parameter1 et parameter2 différent de 0
SLNG07.ITM : Opcode 318 : self avec parameter1 et parameter2 différent de 0
SLNG07.ITM : Opcode 318 : self avec parameter1 et parameter2 différent de 0
SLNG08.ITM : Opcode 318 : self avec parameter1 et parameter2 différent de 0
SLNG08.ITM : Opcode 318 : self avec parameter1 et parameter2 différent de 0
SLNG09.ITM : Opcode 318 : self avec parameter1 et parameter2 différent de 0
SLNG09.ITM : Opcode 318 : self avec parameter1 et parameter2 différent de 0
SLNG10.ITM : Opcode 318 : self avec parameter1 et parameter2 différent de 0
SLNG10.ITM : Opcode 318 : self avec parameter1 et parameter2 différent de 0
SLNG11.ITM : Opcode 318 : self avec parameter1 et parameter2 différent de 0
SLNG11.ITM : Opcode 318 : self avec parameter1 et parameter2 différent de 0
SW1H01.ITM : Opcode 146 : La ressource k#shatwe.spl n'existe pas.
SW1H04.ITM : Opcode 146 : La ressource k#shatwe.spl n'existe pas.
SW1H07.ITM : Opcode 146 : La ressource k#shatwe.spl n'existe pas.
SW1H12.ITM : Opcode 146 : La ressource k#shatwe.spl n'existe pas.
SW1H17.ITM : Opcode 146 : La ressource k#shatwe.spl n'existe pas.
SW1H20.ITM : Opcode 146 : La ressource k#shatwe.spl n'existe pas.
SW1H27.ITM : Opcode 206 : La ressource spwi215d.spl n'existe pas.
SW1H27.ITM : Opcode 206 : La ressource wand14d.spl n'existe pas.
SW1H27.ITM : Opcode 206 : La ressource d0spiweb.spl n'existe pas.
SW1H27.ITM : Opcode 206 : La ressource dvweb.spl n'existe pas.
SW1H27.ITM : Opcode 206 : La ressource dw#0w215.spl n'existe pas.
SW1H27.ITM : Opcode 206 : La ressource dw#mweb.spl n'existe pas.
SW1H27.ITM : Opcode 206 : La ressource dw#web.spl n'existe pas.
SW1H33.ITM : Opcode 112 à gérer.
SW1H33A.ITM : Opcode 112 à gérer.
SW1H43.ITM : Opcode 146 : La ressource k#shatwe.spl n'existe pas.
SW1H46.ITM : Opcode 146 : La ressource k#shatwe.spl n'existe pas.
SW1H48.ITM : Opcode 146 : La ressource k#shatwe.spl n'existe pas.
SW1P01.ITM : Unknown macro: opcode_target_233
SW1P01.ITM : FAILURE: opcode 232: Failure("Unknown macro: opcode_target_233")
WA2PLAT.ITM : opcode 326: Traduction 13260158 manquante
WA2PLAT.ITM : opcode 326: Traduction 13260158 manquante
WA2PLAT.ITM : opcode 326: Traduction 13260157 manquante
WA2PLAT.ITM : opcode 326: Traduction 13260157 manquante
WA2PLAT.ITM : opcode 326: Traduction 13260156 manquante
WA2PLAT.ITM : opcode 326: Traduction 13260156 manquante
WA2PLAT.ITM : opcode 326: Traduction 13260155 manquante
WA2PLAT.ITM : opcode 326: Traduction 13260155 manquante
WA2PLAT.ITM : opcode 326: Traduction 13260153 manquante
WA2PLAT.ITM : opcode 326: Traduction 13260153 manquante
WASLING.ITM : Opcode 318 : self avec parameter1 et parameter2 différent de 0
WASLING.ITM : Opcode 318 : self avec parameter1 et parameter2 différent de 0
XBOW01.ITM : Opcode 318 : self avec parameter1 et parameter2 différent de 0
XBOW01.ITM : Opcode 318 : self avec parameter1 et parameter2 différent de 0
XBOW02.ITM : Opcode 318 : self avec parameter1 et parameter2 différent de 0
XBOW02.ITM : Opcode 318 : self avec parameter1 et parameter2 différent de 0
XBOW03.ITM : Opcode 318 : self avec parameter1 et parameter2 différent de 0
XBOW03.ITM : Opcode 318 : self avec parameter1 et parameter2 différent de 0
XBOW04.ITM : Opcode 318 : self avec parameter1 et parameter2 différent de 0
XBOW04.ITM : Opcode 318 : self avec parameter1 et parameter2 différent de 0
XBOW05.ITM : Opcode 318 : self avec parameter1 et parameter2 différent de 0
XBOW05.ITM : Opcode 318 : self avec parameter1 et parameter2 différent de 0
XBOW06.ITM : Opcode 318 : self avec parameter1 et parameter2 différent de 0
XBOW06.ITM : Opcode 318 : self avec parameter1 et parameter2 différent de 0
XBOW07.ITM : Opcode 318 : self avec parameter1 et parameter2 différent de 0
XBOW07.ITM : Opcode 318 : self avec parameter1 et parameter2 différent de 0
XBOW08.ITM : Opcode 318 : self avec parameter1 et parameter2 différent de 0
XBOW08.ITM : Opcode 318 : self avec parameter1 et parameter2 différent de 0
XBOW09.ITM : Opcode 318 : self avec parameter1 et parameter2 différent de 0
XBOW09.ITM : Opcode 318 : self avec parameter1 et parameter2 différent de 0
XBOW10.ITM : Opcode 318 : self avec parameter1 et parameter2 différent de 0
XBOW10.ITM : Opcode 318 : self avec parameter1 et parameter2 différent de 0
XBOW12.ITM : Opcode 318 : self avec parameter1 et parameter2 différent de 0
XBOW12.ITM : Opcode 318 : self avec parameter1 et parameter2 différent de 0
XBOW13.ITM : Opcode 318 : self avec parameter1 et parameter2 différent de 0
XBOW13.ITM : Opcode 318 : self avec parameter1 et parameter2 différent de 0
XBOW14.ITM : Opcode 318 : self avec parameter1 et parameter2 différent de 0
XBOW14.ITM : Opcode 318 : self avec parameter1 et parameter2 différent de 0
XBOW15.ITM : Opcode 318 : self avec parameter1 et parameter2 différent de 0
XBOW15.ITM : Opcode 318 : self avec parameter1 et parameter2 différent de 0
XBOW15.ITM : Opcode 180 : La ressource DVENBOLT.itm n'existe pas.
XBOW16.ITM : Opcode 318 : self avec parameter1 et parameter2 différent de 0
XBOW16.ITM : Opcode 318 : self avec parameter1 et parameter2 différent de 0
XBOW16.ITM : Opcode 180 : La ressource DVENBOLT.itm n'existe pas.
XBOW17.ITM : Opcode 318 : self avec parameter1 et parameter2 différent de 0
XBOW17.ITM : Opcode 318 : self avec parameter1 et parameter2 différent de 0
XBOW18.ITM : Opcode 318 : self avec parameter1 et parameter2 différent de 0
XBOW18.ITM : Opcode 318 : self avec parameter1 et parameter2 différent de 0
CHAN01.ITM : Opcode 232 : La ressource k#shatar.spl n'existe pas.
CHAN01.ITM : La ressource K#SHATAR.spl n'existe pas.
CHAN04.ITM : Opcode 232 : La ressource k#shatar.spl n'existe pas.
CHAN04.ITM : La ressource K#SHATAR.spl n'existe pas.
CHAN09.ITM : Opcode 206 : La ressource dvstench.spl n'existe pas.
CHAN10.ITM : Opcode 206 : La ressource dvprism.spl n'existe pas.
CHAN10.ITM : Opcode 206 : La ressource spwi105d.spl n'existe pas.
CHAN10.ITM : Opcode 206 : La ressource spwi714d.spl n'existe pas.
HELM01.ITM : Opcode 232 : La ressource k#shathe.spl n'existe pas.
HELM01.ITM : La ressource K#SHATHE.spl n'existe pas.
HELM08.ITM : Opcode 232 : La ressource k#shathe.spl n'existe pas.
HELM08.ITM : La ressource K#SHATHE.spl n'existe pas.
HELM09.ITM : Opcode 232 : La ressource k#shathe.spl n'existe pas.
HELM09.ITM : La ressource K#SHATHE.spl n'existe pas.
HELM10.ITM : Opcode 232 : La ressource k#shathe.spl n'existe pas.
HELM10.ITM : La ressource K#SHATHE.spl n'existe pas.
HELM11.ITM : Opcode 232 : La ressource k#shathe.spl n'existe pas.
HELM11.ITM : La ressource K#SHATHE.spl n'existe pas.
HELM12.ITM : Opcode 232 : La ressource k#shathe.spl n'existe pas.
HELM12.ITM : La ressource K#SHATHE.spl n'existe pas.
HELM13.ITM : Opcode 232 : La ressource k#shathe.spl n'existe pas.
HELM13.ITM : La ressource K#SHATHE.spl n'existe pas.
HELM15.ITM : Opcode 232 : La ressource k#shathe.spl n'existe pas.
HELM15.ITM : La ressource K#SHATHE.spl n'existe pas.
HELM35.ITM : Opcode 83: TODO: self_probability
