	
AX1H19.ITM : Opcode 81: Les 2 parametres doivent avoir la valeur 0
BDAX1H02.ITM : Opcode 318 : self avec parameter1 et parameter2 différent de 0
BDAX1H05.ITM : Opcode 318 : self avec parameter1 et parameter2 différent de 0
BDBLUN04.ITM : FAILURE: opcode 12: Failure("BDBLUN04.ITM: opcode_12_common: mode 3 a gerer : la cible perd 15 % de ses pv max")
BDBLUN04.ITM : FAILURE: opcode 341: Failure("Opcode 12: Failure(\"BDBLUN04.ITM: opcode_12_common: mode 3 a gerer : la cible perd 15 % de ses pv max\")")
BDBOW01.ITM : Opcode 318 : self avec parameter1 et parameter2 différent de 0
BDSW1H03.ITM : FAILURE: Unknown macro: opcode_self_219
BDSW1H03.ITM : FAILURE: Unknown macro: opcode_self_219
BDSW1H07.ITM : FAILURE: Unknown macro: opcode_self_219
BDSW1H25.ITM : Opcode 81: Les 2 parametres doivent avoir la valeur 0
BLUN23.ITM : Opcode 177 : La ressource mobln232.eff n'existe pas.
BLUN23.ITM : Opcode 177 : La ressource mobln231.eff n'existe pas.
C2MAZZ01.ITM : Opcode 206 : La ressource cdsw1h58.spl n'existe pas.
C2MAZZ01.ITM : Opcode 206 : La ressource cdmound.spl n'existe pas.
C2MAZZ01.ITM : Opcode 206 : La ressource cdhgnya1.spl n'existe pas.
C2SW1H01.ITM : FAILURE: Unknown macro: opcode_self_219
C2SW2H02.ITM : Opcode 166: Target est none
CM1H01.ITM : Opcode 179: Probability error : <= 0
CM1H01.ITM : Opcode 179: Probability error : <= 0
COMH01.ITM : Opcode 0: Target est none
FINSAREV.ITM : Opcode 0: Target est none
FINSRV.ITM : Opcode 0: Target est none
HAMM09.ITM : Opcode 123 à gérer.
L#NDSW1.ITM : opcode 326: Traduction 13260076 manquante
L#NDSW2.ITM : FAILURE: Unknown macro: opcode_self_219
L#NSSW1.ITM : FAILURE: Unknown macro: opcode_self_219
L#NSSW1.ITM : FAILURE: Unknown macro: opcode_self_219
L#NSSW2.ITM : FAILURE: Unknown macro: opcode_self_219
L#NSSW2.ITM : FAILURE: Unknown macro: opcode_self_219
L#NSSW4.ITM : FAILURE: Unknown macro: opcode_self_219
L#NSSW4.ITM : FAILURE: Unknown macro: opcode_self_219
LUCKY.ITM : Opcode 206 : La ressource chance.spl n'existe pas.
MO1H50.ITM : Opcode 324 : Immunité à une ressource (spl ou itm) différente de l'objet : MISC75
MO1H50.ITM : Opcode 324 : Immunité à une ressource (spl ou itm) différente de l'objet : MISC75
MOAX01.ITM : Opcode 206 : La ressource kla#deqd.spl n'existe pas.
MODAG01.ITM : Opcode 341 : La ressource modag01.spl n'existe pas.
MODAG01.ITM : La ressource MODAG01.spl n'existe pas.
MOMS01.ITM : Opcode 324 : Immunité à une ressource (spl ou itm) différente de l'objet : DAGG13
MOMS01.ITM : Opcode 324 : Immunité à une ressource (spl ou itm) différente de l'objet : DAGG13
MOSTA01.ITM : Opcode 324 : Immunité à une ressource (spl ou itm) différente de l'objet : RING30
MOSTA01.ITM : Opcode 324 : Immunité à une ressource (spl ou itm) différente de l'objet : RING30
SOAITM27.ITM : Opcode 115: Unknow target : 4 
STAF10.ITM : Opcode 321 : no names of spells or items found
STAF10.ITM : Opcode 321 : no names of spells or items found
STAF10.ITM : Opcode 321 : no names of spells or items found
STAF10.ITM : Opcode 321 : no names of spells or items found
STAF10.ITM : Opcode 321 : no names of spells or items found
STAF10.ITM : Opcode 321 : no names of spells or items found
STAF10.ITM : Opcode 321 : no names of spells or items found
STAF10.ITM : Opcode 321 : no names of spells or items found
STAF10.ITM : Opcode 321 : no names of spells or items found
STAF11.ITM : FAILURE: Unknown macro: opcode_self_219
STAF11.ITM : Opcode 81: Les 2 parametres doivent avoir la valeur 0
SW1H23.ITM : Opcode 341 : La ressource mo1h23.spl n'existe pas.
SW1H23.ITM : La ressource mo1h23.spl n'existe pas.
SW1H34.ITM : Opcode 318: Unknow target : 4 
SW1H34.ITM : Opcode 318: Unknow target : 4 
SW1H34.ITM : Opcode 116: Unknow target : 4 
SW1H43.ITM : Opcode 146 : La ressource sw1h43.spl n'existe pas.
SW1H46.ITM : Opcode 146 : La ressource sw1h46.spl n'existe pas.
SW1H48.ITM : Opcode 146 : La ressource sw1h48.spl n'existe pas.
SW1H64.ITM : opcode 101: Traduction 11012216 manquante
SW1H65.ITM : Opcode 321 : no names of spells or items found
SW1H65.ITM : Opcode 321 : no names of spells or items found
SW1H65.ITM : Opcode 321 : no names of spells or items found
SW1H65.ITM : Opcode 321 : no names of spells or items found
SW1H65.ITM : Opcode 321 : no names of spells or items found
SW1H65.ITM : Opcode 321 : no names of spells or items found
SW1H65.ITM : Opcode 321 : no names of spells or items found
SW1H65.ITM : Opcode 321 : no names of spells or items found
SW1H65.ITM : Opcode 321 : no names of spells or items found
SW1H65.ITM : opcode 101: Traduction 11012216 manquante
SW1H65.ITM : opcode 101: Traduction 11012024 manquante
SW1H65.ITM : opcode 101: Traduction 11012106 manquante
SW1H65.ITM : opcode 101: Traduction 11012023 manquante
SW1H65.ITM : opcode 101: Traduction 11012076 manquante
SW1H65.ITM : opcode 101: Traduction 11012128 manquante
SW1P01.ITM : Unknown macro: opcode_target_233
SW1P01.ITM : FAILURE: opcode 232: Failure("Unknown macro: opcode_target_233")
SW1P01.ITM : Opcode 134: Les 2 parametres doivent avoir la valeur 0
SW1P01.ITM : Opcode 134: Les 2 parametres doivent avoir la valeur 0
SW1P01.ITM : Opcode 318 : self_probability avec parameter1 et parameter2 différent de 0
SW1P01.ITM : Opcode 318 : self_probability avec parameter1 et parameter2 différent de 0
SW2H06.ITM : Opcode 206 : La ressource cdsw1h58.spl n'existe pas.
SW2H06.ITM : Opcode 206 : La ressource cdmound.spl n'existe pas.
SW2H06.ITM : Opcode 206 : La ressource cdhgnya1.spl n'existe pas.
SW2H10.ITM : Opcode 81: Les 2 parametres doivent avoir la valeur 0
SW2H13.ITM : Opcode 206 : La ressource cdsw1h58.spl n'existe pas.
SW2H13.ITM : Opcode 206 : La ressource cdmound.spl n'existe pas.
SW2H13.ITM : Opcode 206 : La ressource cdhgnya1.spl n'existe pas.
SW2H19.ITM : Opcode 81: Les 2 parametres doivent avoir la valeur 0
SW2HD1.ITM : Opcode 321 : no names of spells or items found
SW2HD1.ITM : Opcode 321 : no names of spells or items found
WQXSWQ1.ITM : Opcode 55: has no effect : levelMin (6) > levelMax (5) 
ZZE6PE.ITM : Opcode 177 : La ressource ZZE6PEH.eff n'existe pas.
ZZE6PE.ITM : Opcode 177 : La ressource ZZE6PED.eff n'existe pas.
ZZM5MH.ITM : Opcode 177 : La ressource zzm5mhH.eff n'existe pas.
ZZM5MH.ITM : Opcode 177 : La ressource zzm5mhD.eff n'existe pas.
ZZS6SC.ITM : Opcode 177 : La ressource ZZS6SCH.eff n'existe pas.
ZZS6SC.ITM : Opcode 177 : La ressource ZZS6SCD.eff n'existe pas.
CHAINBM.ITM : Opcode 318 : La ressource umbergaz.spl n'existe pas.
