	
AX1H19.ITM : Opcode 81: Les 2 parametres doivent avoir la valeur 0
DEVA.ITM : Opcode 81: Les 2 parametres doivent avoir la valeur 0
DEVAEVIL.ITM : Opcode 81: Les 2 parametres doivent avoir la valeur 0
FINSOL01.ITM : Opcode 77: Les 2 parametres doivent avoir la valeur 0
FINSOL01.ITM : Opcode 81: Les 2 parametres doivent avoir la valeur 0
PLANETAR.ITM : Opcode 81: Les 2 parametres doivent avoir la valeur 0
PRINCESS.ITM : Opcode 238: Wrong ids file : 24
SHLD06P.ITM : Opcode 178: Wrong ids file : 255
SHLD06P.ITM : Opcode 219000: Wrong ids file : 255
SHLD06P.ITM : Opcode 219001: Wrong ids file : 255
SHLD06P.ITM : Opcode 219000: Wrong ids file : 255
SHLD06P.ITM : Opcode 219001: Wrong ids file : 255
SW1P01.ITM : Opcode 134: Les 2 parametres doivent avoir la valeur 0
SW1P01.ITM : Opcode 134: Les 2 parametres doivent avoir la valeur 0

Total : 2153

Sans description : 0

Ignores : 1075

Reussis : 1037

Echoues : 41

Potions (TODO): 347

Munitions (TODO) : 61

Opcodes a coder : 38