	
AMUL17.ITM : Opcode 321 à gérer.
AMUL17.ITM : Opcode 321 à gérer.
AX1H02.ITM : Opcode 319 à gérer.
AX1H03.ITM : Opcode 319 à gérer.
AX1H05.ITM : Opcode 319 à gérer.
AX1H06.ITM : Opcode 319 à gérer.
AX1H07.ITM : Opcode 319 à gérer.
AX1H08.ITM : Opcode 319 à gérer.
AX1H09.ITM : Opcode 319 à gérer.
AX1H10.ITM : Opcode 319 à gérer.
AX1H11.ITM : Opcode 319 à gérer.
AX1H12.ITM : Opcode 319 à gérer.
AX1H13.ITM : Opcode 319 à gérer.
AX1H14.ITM : Opcode 319 à gérer.
AX1H15.ITM : Opcode 319 à gérer.
AX1H16.ITM : Opcode 319 à gérer.
AX1H17.ITM : Opcode 319 à gérer.
BDAMUL26.ITM : Opcode 319 à gérer.
BDBELT02.ITM : Kit utilisé n'existe pas : 16396 : 0x0000400c
BDBELT02.ITM : Kit utilisé n'existe pas : 16397 : 0x0000400d
bdvoid.spl : BDHAMM02.ITM : Opcode 146 : Nom du sort introuvable pour bdvoid.spl.
BDHELM16.ITM : Opcode 319 à gérer.
bdvoid.spl : BDSW1H06.ITM : Opcode 146 : Nom du sort introuvable pour bdvoid.spl.
BDSW2H01.ITM : Opcode 232 à gérer.
BDSW2H01.ITM : Opcode 341 : La ressource BDSW2H01.eff n'existe pas.
BELTBW.ITM : Opcode 319 à gérer.
BELTSH.ITM : Opcode 319 à gérer.
BLUN30.ITM : Opcode 206 : La ressource cdsw1h58.eff n'existe pas.
BLUN30.ITM : Opcode 206 : La ressource cdmound.eff n'existe pas.
BLUN30.ITM : Opcode 206 : La ressource cdhgnya1.eff n'existe pas.
BOOT08.ITM : Opcode 272 à gérer.
BOW06.ITM : Opcode 319 à gérer.
BOW08.ITM : Opcode 319 à gérer.
BOW14.ITM : Opcode 319 à gérer.
BOW15.ITM : Opcode 319 à gérer.
BOW18.ITM : Opcode 319 à gérer.
BOW19.ITM : Opcode 319 à gérer.
BOW20.ITM : Opcode 319 à gérer.
BOW21.ITM : Opcode 319 à gérer.
BOW26.ITM : Opcode 319 à gérer.
BRUENAXE.ITM : Opcode 319 à gérer.
CATTIBOW.ITM : Opcode 319 à gérer.
CHALCY3.ITM : Opcode 321 à gérer.
CHALCY3.ITM : Opcode 321 à gérer.
CLCK24.ITM : Opcode 197 : Réflection du type de projectile '219'
CLCK24.ITM : Opcode 197 : Réflection du type de projectile '212'
CLCK24.ITM : Opcode 197 : Réflection du type de projectile '206'
CLCK24.ITM : Opcode 197 : Réflection du type de projectile '205'
CLCK24.ITM : Opcode 197 : Réflection du type de projectile '84'
CLCK24.ITM : Opcode 197 : Réflection du type de projectile '83'
CLCK24.ITM : Opcode 197 : Réflection du type de projectile '82'
CLCK24.ITM : Opcode 197 : Réflection du type de projectile '81'
CLCK24.ITM : Opcode 197 : Réflection du type de projectile '80'
CLCK24.ITM : Opcode 197 : Réflection du type de projectile '320'
DWSW1H01.ITM : Opcode 319 à gérer.
ENSW2H.ITM : Opcode 319 à gérer.
JWSUPER.ITM : Opcode 206 : La ressource cdsw1h58.eff n'existe pas.
JWSUPER.ITM : Opcode 206 : La ressource cdmound.eff n'existe pas.
JWSUPER.ITM : Opcode 206 : La ressource cdhgnya1.eff n'existe pas.
KORAX01.ITM : Opcode 319 à gérer.
LEAT23.ITM : Opcode 232 à gérer.
MISC5X.ITM : Opcode 319 à gérer.
NPARM.ITM : Opcode 319 à gérer.
NPCHAN.ITM : Opcode 319 à gérer.
NPCLCK.ITM : Opcode 319 à gérer.
NPMISC2.ITM : Opcode 319 à gérer.
NPPLAT.ITM : Opcode 206 : La ressource cdsw1h58.eff n'existe pas.
NPPLAT.ITM : Opcode 206 : La ressource cdmound.eff n'existe pas.
NPPLAT.ITM : Opcode 206 : La ressource cdhgnya1.eff n'existe pas.
NPPLAT.ITM : Opcode 319 à gérer.
NPSHLD.ITM : Opcode 319 à gérer.
NPSTAF.ITM : Opcode 319 à gérer.
NPSW02.ITM : Opcode 319 à gérer.
NPSW03.ITM : Opcode 232 à gérer.
NPSW04.ITM : Opcode 319 à gérer.
NPSW05.ITM : Opcode 319 à gérer.
OHBGLOV1.ITM : Opcode 232 à gérer.
OHBGLOV1.ITM : Opcode 319 à gérer.
OHBREW02.ITM : Opcode 177 : La ressource .eff n'existe pas.
OHDARMOR.ITM : Opcode 319 à gérer.
OHDARMOR.ITM : Opcode 232 à gérer.
OHHCLOAK.ITM : Opcode 319 à gérer.
OHHKORK.ITM : Opcode 319 à gérer.
OHHSCIM.ITM : Opcode 319 à gérer.
OHNHAMM1.ITM : Opcode 272 à gérer.
OHNSHLD1.ITM : Opcode 272 à gérer.
OHRAX1H1.ITM : Opcode 319 à gérer.
OHRAXE01.ITM : Opcode 319 à gérer.
OHRBELT2.ITM : Opcode 232 à gérer.
OHRBOOT1.ITM : Opcode 83 : Type de projectile '319'
OHRBOOT1.ITM : Opcode 83 : Type de projectile '319'
OHRBOOT1.ITM : Opcode 83 : Type de projectile '319'
OHRCLCK4.ITM : Opcode 232 à gérer.
OHRSW1H1.ITM : Opcode 319 à gérer.
OHSW1H55.ITM : Opcode 319 à gérer.
PLAT06.ITM : Opcode 319 à gérer.
PLAT18.ITM : Opcode 319 à gérer.
PLAT20.ITM : Opcode 319 à gérer.
RING09.ITM : Opcode 206 : La ressource cdsw1h58.eff n'existe pas.
RING09.ITM : Opcode 206 : La ressource cdmound.eff n'existe pas.
RING09.ITM : Opcode 206 : La ressource cdhgnya1.eff n'existe pas.
ROSSRING.ITM : Opcode 206 : La ressource cdsw1h58.eff n'existe pas.
ROSSRING.ITM : Opcode 206 : La ressource cdmound.eff n'existe pas.
ROSSRING.ITM : Opcode 206 : La ressource cdhgnya1.eff n'existe pas.
RSBOOT.ITM : Opcode 319 à gérer.
RSBRAC.ITM : Opcode 319 à gérer.
SHLD24.ITM : Opcode 197 : Réflection du type de projectile '318'
SHLD24.ITM : Opcode 197 : Réflection du type de projectile '317'
SHLD24.ITM : Opcode 197 : Réflection du type de projectile '316'
SHLD24.ITM : Opcode 197 : Réflection du type de projectile '315'
SHLD24.ITM : Opcode 197 : Réflection du type de projectile '314'
SHLD24.ITM : Opcode 197 : Réflection du type de projectile '313'
SHLD24.ITM : Opcode 197 : Réflection du type de projectile '311'
SHLD24.ITM : Opcode 197 : Réflection du type de projectile '310'
SHLD24.ITM : Opcode 197 : Réflection du type de projectile '309'
SHLD24.ITM : Opcode 197 : Réflection du type de projectile '308'
SHLD24.ITM : Opcode 197 : Réflection du type de projectile '307'
SHLD24.ITM : Opcode 197 : Réflection du type de projectile '306'
SHLD24.ITM : Opcode 197 : Réflection du type de projectile '305'
SHLD24.ITM : Opcode 197 : Réflection du type de projectile '304'
SHLD24.ITM : Opcode 197 : Réflection du type de projectile '303'
SHLD24.ITM : Opcode 197 : Réflection du type de projectile '302'
SHLD24.ITM : Opcode 197 : Réflection du type de projectile '301'
SHLD24.ITM : Opcode 197 : Réflection du type de projectile '300'
SHLD24.ITM : Opcode 197 : Réflection du type de projectile '299'
SHLD24.ITM : Opcode 197 : Réflection du type de projectile '298'
SHLD24.ITM : Opcode 197 : Réflection du type de projectile '297'
SHLD24.ITM : Opcode 197 : Réflection du type de projectile '296'
SHLD24.ITM : Opcode 197 : Réflection du type de projectile '295'
SHLD24.ITM : Opcode 197 : Réflection du type de projectile '294'
SHLD24.ITM : Opcode 197 : Réflection du type de projectile '293'
SHLD24.ITM : Opcode 197 : Réflection du type de projectile '292'
SHLD24.ITM : Opcode 197 : Réflection du type de projectile '291'
SHLD24.ITM : Opcode 197 : Réflection du type de projectile '290'
SHLD24.ITM : Opcode 197 : Réflection du type de projectile '289'
SHLD24.ITM : Opcode 197 : Réflection du type de projectile '288'
SHLD24.ITM : Opcode 197 : Réflection du type de projectile '287'
SHLD24.ITM : Opcode 197 : Réflection du type de projectile '286'
SHLD24.ITM : Opcode 197 : Réflection du type de projectile '285'
SHLD24.ITM : Opcode 197 : Réflection du type de projectile '284'
SHLD24.ITM : Opcode 197 : Réflection du type de projectile '283'
SHLD24.ITM : Opcode 197 : Réflection du type de projectile '55'
SHLD24.ITM : Opcode 197 : Réflection du type de projectile '1'
SHLD24.ITM : Opcode 197 : Réflection du type de projectile '4'
SHLD24.ITM : Opcode 197 : Réflection du type de projectile '2'
SHLD24.ITM : Opcode 197 : Réflection du type de projectile '5'
SHLD24.ITM : Opcode 197 : Réflection du type de projectile '3'
SHLD24.ITM : Opcode 197 : Réflection du type de projectile '11'
SHLD24.ITM : Opcode 197 : Réflection du type de projectile '12'
SHLD24.ITM : Opcode 197 : Réflection du type de projectile '13'
SHLD24.ITM : Opcode 197 : Réflection du type de projectile '14'
SHLD24.ITM : Opcode 197 : Réflection du type de projectile '15'
SHLD24.ITM : Opcode 197 : Réflection du type de projectile '26'
SHLD24.ITM : Opcode 197 : Réflection du type de projectile '27'
SHLD24.ITM : Opcode 197 : Réflection du type de projectile '28'
SHLD24.ITM : Opcode 197 : Réflection du type de projectile '29'
SHLD24.ITM : Opcode 197 : Réflection du type de projectile '30'
SHLD24.ITM : Opcode 197 : Réflection du type de projectile '31'
SHLD24.ITM : Opcode 197 : Réflection du type de projectile '32'
SHLD24.ITM : Opcode 197 : Réflection du type de projectile '33'
SHLD24.ITM : Opcode 197 : Réflection du type de projectile '34'
SHLD24.ITM : Opcode 197 : Réflection du type de projectile '35'
SHLD24.ITM : Opcode 197 : Réflection du type de projectile '6'
SHLD24.ITM : Opcode 197 : Réflection du type de projectile '8'
SHLD24.ITM : Opcode 197 : Réflection du type de projectile '7'
SHLD24.ITM : Opcode 197 : Réflection du type de projectile '9'
SHLD24.ITM : Opcode 197 : Réflection du type de projectile '10'
SHLD24.ITM : Opcode 197 : Réflection du type de projectile '30'
SHLD24.ITM : Opcode 197 : Réflection du type de projectile '55'
SHLD24.ITM : Opcode 197 : Réflection du type de projectile '56'
SHLD24.ITM : Opcode 197 : Réflection du type de projectile '57'
SHLD24.ITM : Opcode 197 : Réflection du type de projectile '58'
SHLD24.ITM : Opcode 197 : Réflection du type de projectile '59'
SHLD24.ITM : Opcode 197 : Réflection du type de projectile '18'
SHLD24.ITM : Opcode 197 : Réflection du type de projectile '19'
SHLD24.ITM : Opcode 197 : Réflection du type de projectile '10'
SHLD24.ITM : Opcode 197 : Réflection du type de projectile '16'
SHLD24.ITM : Opcode 197 : Réflection du type de projectile '17'
SHLD24.ITM : Opcode 197 : Réflection du type de projectile '102'
SHLD24A.ITM : Opcode 197 : Réflection du type de projectile '1'
SHLD24A.ITM : Opcode 197 : Réflection du type de projectile '4'
SHLD24A.ITM : Opcode 197 : Réflection du type de projectile '2'
SHLD24A.ITM : Opcode 197 : Réflection du type de projectile '5'
SHLD24A.ITM : Opcode 197 : Réflection du type de projectile '3'
SHLD24A.ITM : Opcode 197 : Réflection du type de projectile '11'
SHLD24A.ITM : Opcode 197 : Réflection du type de projectile '12'
SHLD24A.ITM : Opcode 197 : Réflection du type de projectile '13'
SHLD24A.ITM : Opcode 197 : Réflection du type de projectile '14'
SHLD24A.ITM : Opcode 197 : Réflection du type de projectile '15'
SHLD24A.ITM : Opcode 197 : Réflection du type de projectile '26'
SHLD24A.ITM : Opcode 197 : Réflection du type de projectile '27'
SHLD24A.ITM : Opcode 197 : Réflection du type de projectile '28'
SHLD24A.ITM : Opcode 197 : Réflection du type de projectile '29'
SHLD24A.ITM : Opcode 197 : Réflection du type de projectile '30'
SHLD24A.ITM : Opcode 197 : Réflection du type de projectile '31'
SHLD24A.ITM : Opcode 197 : Réflection du type de projectile '32'
SHLD24A.ITM : Opcode 197 : Réflection du type de projectile '33'
SHLD24A.ITM : Opcode 197 : Réflection du type de projectile '34'
SHLD24A.ITM : Opcode 197 : Réflection du type de projectile '35'
SHLD24A.ITM : Opcode 197 : Réflection du type de projectile '6'
SHLD24A.ITM : Opcode 197 : Réflection du type de projectile '8'
SHLD24A.ITM : Opcode 197 : Réflection du type de projectile '7'
SHLD24A.ITM : Opcode 197 : Réflection du type de projectile '9'
SHLD24A.ITM : Opcode 197 : Réflection du type de projectile '10'
SHLD24A.ITM : Opcode 197 : Réflection du type de projectile '30'
SHLD24A.ITM : Opcode 197 : Réflection du type de projectile '55'
SHLD24A.ITM : Opcode 197 : Réflection du type de projectile '56'
SHLD24A.ITM : Opcode 197 : Réflection du type de projectile '57'
SHLD24A.ITM : Opcode 197 : Réflection du type de projectile '58'
SHLD24A.ITM : Opcode 197 : Réflection du type de projectile '59'
SHLD24A.ITM : Opcode 197 : Réflection du type de projectile '18'
SHLD24A.ITM : Opcode 197 : Réflection du type de projectile '19'
SHLD24A.ITM : Opcode 197 : Réflection du type de projectile '10'
SHLD24A.ITM : Opcode 197 : Réflection du type de projectile '16'
SHLD24A.ITM : Opcode 197 : Réflection du type de projectile '17'
SHLD24A.ITM : Opcode 197 : Réflection du type de projectile '102'
SHLD26.ITM : Opcode 319 à gérer.
SHLD26A.ITM : Opcode 319 à gérer.
SPER12.ITM : Opcode 206 : La ressource cdsw1h58.eff n'existe pas.
SPER12.ITM : Opcode 206 : La ressource cdmound.eff n'existe pas.
SPER12.ITM : Opcode 206 : La ressource cdhgnya1.eff n'existe pas.
STAFN1.ITM : Opcode 319 à gérer.
SW1H15.ITM : Opcode 319 à gérer.
SW1H16.ITM : Opcode 319 à gérer.
SW1H22.ITM : Opcode 319 à gérer.
SW1H23.ITM : Opcode 319 à gérer.
SW1H30.ITM : Opcode 319 à gérer.
SW1H50.ITM : Opcode 319 à gérer.
SW1H52.ITM : Opcode 319 à gérer.
spin104a.spl : SW1H63.ITM : Opcode 146 : Nom du sort introuvable pour spin104a.spl.
SW1H68.ITM : Opcode 319 à gérer.
SW1H69.ITM : Opcode 319 à gérer.
SW1H76.ITM : Opcode 319 à gérer.
SW1HWK.ITM : Opcode 319 à gérer.
SW2H06.ITM : Opcode 206 : La ressource cdsw1h58.eff n'existe pas.
SW2H06.ITM : Opcode 206 : La ressource cdmound.eff n'existe pas.
SW2H06.ITM : Opcode 206 : La ressource cdhgnya1.eff n'existe pas.
SW2H13.ITM : Opcode 206 : La ressource cdsw1h58.eff n'existe pas.
SW2H13.ITM : Opcode 206 : La ressource cdmound.eff n'existe pas.
SW2H13.ITM : Opcode 206 : La ressource cdhgnya1.eff n'existe pas.
SW2HD1.ITM : Opcode 232 à gérer.
SW2HD1.ITM : Opcode 232 à gérer.
WA2SHIEL.ITM : Opcode 197 : Réflection du type de projectile '320'
WAAXE.ITM : Opcode 319 à gérer.
