	
c2amul01.itm : Opcode 318 self à gérer
c2anom01.itm : Opcode 319 à gérer.
c2hd1.itm : Opcode 319 à gérer.
c2hd2.itm : Opcode 319 à gérer.
c2keld01.itm : Opcode 319 à gérer.
c2keld01.itm : Opcode 206 : La ressource CDSW1H58.eff n'existe pas.
c2keld01.itm : Opcode 206 : La ressource CDMOUND.eff n'existe pas.
c2keld01.itm : Opcode 206 : La ressource CDHGNYA1.eff n'existe pas.
c2keld02.itm : Opcode 319 à gérer.
c2keld02.itm : Opcode 232 à gérer.
c2leat01.itm : Opcode 318 self à gérer
c2mazz01.itm : Opcode 206 : La ressource CDSW1H58.eff n'existe pas.
c2mazz01.itm : Opcode 206 : La ressource CDMOUND.eff n'existe pas.
c2mazz01.itm : Opcode 206 : La ressource CDHGNYA1.eff n'existe pas.
c2ring04.itm : Opcode 180 : La ressource RING08A.itm n'existe pas.
c2valy01.itm : Opcode 319 à gérer.

Total : 50

Sans description : 1

Ignores : 5

Reussis : 45

Echoues : 0

Potions (TODO): 0

Munitions (TODO) : 3

Opcodes a coder : 55
