	
CDHGTRL.ITM : Opcode 4: Les 2 parametres doivent avoir la valeur 0
CDHGTRL.ITM : Opcode 75: Les 2 parametres doivent avoir la valeur 0
CDHGTRL.ITM : Opcode 77: Les 2 parametres doivent avoir la valeur 0
CDHGTRL.ITM : Opcode 81: Les 2 parametres doivent avoir la valeur 0
CDHGTRL.ITM : Opcode 79: Les 2 parametres doivent avoir la valeur 0
CDTORGAL.ITM : Opcode 4: Les 2 parametres doivent avoir la valeur 0
CDTORGAL.ITM : Opcode 75: Les 2 parametres doivent avoir la valeur 0
CDTORGAL.ITM : Opcode 77: Les 2 parametres doivent avoir la valeur 0
CDTORGAL.ITM : Opcode 81: Les 2 parametres doivent avoir la valeur 0
CDTORGAL.ITM : Opcode 79: Les 2 parametres doivent avoir la valeur 0
CDTRLBLZ.ITM : Opcode 4: Les 2 parametres doivent avoir la valeur 0
CDTRLBLZ.ITM : Opcode 75: Les 2 parametres doivent avoir la valeur 0
CDTRLBLZ.ITM : Opcode 77: Les 2 parametres doivent avoir la valeur 0
CDTRLBLZ.ITM : Opcode 81: Les 2 parametres doivent avoir la valeur 0
CDTRLBLZ.ITM : Opcode 79: Les 2 parametres doivent avoir la valeur 0
DEVA.ITM : Opcode 81: Les 2 parametres doivent avoir la valeur 0
DEVAEVIL.ITM : Opcode 81: Les 2 parametres doivent avoir la valeur 0
FINSOL01.ITM : Opcode 77: Les 2 parametres doivent avoir la valeur 0
FINSOL01.ITM : Opcode 81: Les 2 parametres doivent avoir la valeur 0
OHBREW05.ITM : Opcode 344: Invalid ids entry : specific.ids (5)
OHBDHIT.eff : Opcode 178: Invalid ids entry : specific.ids (5)
OHBREW05.ITM : Opcode 177: Invalid ids entry : specific.ids (5)
PLANETAR.ITM : Opcode 81: Les 2 parametres doivent avoir la valeur 0
STAF11.ITM : Opcode 81: Les 2 parametres doivent avoir la valeur 0
SW2H10.ITM : Opcode 81: Les 2 parametres doivent avoir la valeur 0
SW2H19.ITM : Opcode 81: Les 2 parametres doivent avoir la valeur 0
TROLLREG.ITM : Opcode 4: Les 2 parametres doivent avoir la valeur 0
TROLLREG.ITM : Opcode 75: Les 2 parametres doivent avoir la valeur 0
TROLLREG.ITM : Opcode 77: Les 2 parametres doivent avoir la valeur 0
TROLLREG.ITM : Opcode 81: Les 2 parametres doivent avoir la valeur 0
TROLLREG.ITM : Opcode 79: Les 2 parametres doivent avoir la valeur 0

Total : 2867

Sans description : 0

Ignores : 1525

Reussis : 1319

Echoues : 23

Potions (TODO): 444

Munitions (TODO) : 64

Opcodes a coder : 37