	
mh#amul7.itm : Opcode 272 à gérer.
mh#amul8.itm : Opcode 148 : La ressource .eff n'existe pas.
mh#amul8.itm : FAILURE: opcode 148: Failure("mh#amul8.itm : opcode_self_148 nom du sort introuvable pour ")
mh#btax3.itm : La ressource MH#VHMSG.eff n'existe pas.
mh#hide2.itm : Unknown macro: opcode_target_111
mh#mace1.itm : La ressource mh#lych3.eff n'existe pas.
mh#mace2.itm : opcode 177: Traduction 204175 manquante
mh#mace2.itm : FAILURE: opcode 177: Not_found
mh#mace3.itm : La ressource MH#MACE3.eff n'existe pas.
mh#ring9.itm : opcode 177: Traduction 205219 manquante
mh#ring9.itm : FAILURE: opcode 177: Not_found
spin106a.spl : Opcode 146 : Nom du sort introuvable pour spin106a.spl.
mh#staf4.itm : FAILURE: opcode 146: Failure("mh#staf4.itm : opcode_target_probability_146 nom du sort introuvable pour SPIN106A")
mh#staf5.itm : opcode 55: Traduction 205219 manquante
mh#staf5.itm : FAILURE: opcode 55: Not_found


Total : 163

Sans description : 6

Ignores : 39

Reussis : 118

Echoues : 6

Potions (TODO): 11

Munitions (TODO) : 2

Opcodes a coder : 58