	
BLADEFE1.itm : Unknown macro: opcode_target_106
NEWBR01.itm : opcode 100: Traduction 205201 manquante
NEWBR01.itm : FAILURE: opcode 100: Not_found
NEWCL02.itm : Unknown macro: opcode_target_3
NEWHL02.itm : Unknown macro: opcode_target_probability_76
NEWHMDO.itm : Opcode 160 à gérer.
NeuHit1.eff : opcode 178: Traduction 208002 manquante
NEWKAT01.itm : FAILURE: opcode 177: Failure("Not_found")
NEWKAT02.itm : Unknown macro: opcode_target_65
NEWSCI03.itm : Opcode 232 à gérer.
NEWSCI03.itm : Opcode 232 à gérer.
NEWSCI03.itm : Opcode 232 à gérer.
NEWSCI03.itm : Opcode 232 à gérer.
NEWSCI03.itm : Opcode 232 à gérer.
NEWSPR03.itm : FAILURE: opcode 101: Not_found
NEWSWL01.itm : Unknown macro: opcode_target_probability_20
NEWSWS01.itm : Unknown macro: opcode_target_3
NEWSWS03.itm : Opcode 232 à gérer.
REFRING.itm : Opcode 203 à gérer.
SOULARM3.itm : FAILURE: opcode 101: Not_found
SOULARMR.itm : FAILURE: opcode 101: Not_found

Total : 449

Sans description : 137

Ignores : 245

Reussis : 193

Echoues : 11

Potions (TODO): 29

Munitions (TODO) : 8

Opcodes a coder : 58