	
pxl2aeld.itm : Opcode 180 à gérer.
pxl2chau.itm : Opcode 206 : La ressource SPWI305D.eff n'existe pas.
spcl321d.spl : Opcode 206 : Nom du sort introuvable pour spcl321d.spl.
pxl2denk.itm : Opcode 180 à gérer.
pxl2dis1.spl : Opcode 146 : Nom du sort introuvable pour pxl2dis1.spl.
pxl2diss.itm : FAILURE: opcode 146: Failure("pxl2diss.itm : opcode_target_probability_146 nom du sort introuvable pour PXL2DIS1")
pxl2dual.itm : Opcode 272 à gérer.
pxl2dua3.spl : Opcode 146 : Nom du sort introuvable pour pxl2dua3.spl.
pxl2dual.itm : FAILURE: opcode 146: Failure("pxl2dual.itm : opcode_target_probability_146 nom du sort introuvable pour PXL2DUA3")
pxl2fier.itm : FAILURE: opcode 214: Failure("pxl2fier.itm : Opcode 214 : Lire les sorts utilisables depuis le fichier 2da PXL2DRAG")
pxl2mait.itm : Opcode 232 à gérer.
pxl2pala.itm : Opcode 232 à gérer.
pxl2perc.itm : Opcode 272 à gérer.
pxl2perc.itm : Unknown macro: opcode_self_probability_94
pxl2sauv.itm : FAILURE: opcode 214: Failure("pxl2sauv.itm : Opcode 214 : Lire les sorts utilisables depuis le fichier 2da PXL2SAUV")
spcl321d.spl : Opcode 206 : Nom du sort introuvable pour spcl321d.spl.
pxl2stru.itm : Opcode 232 à gérer.
pxl2tach.itm : Opcode 232 à gérer.
pxl2wolf.itm : Opcode 180 à gérer.
pxl2wolf.itm : Opcode 180 à gérer.
pxl2wolf.itm : Opcode 245 à gérer.
pxl2ardr.itm : Opcode 232 à gérer.
pxl2arn.itm : FAILURE: opcode 177: Failure("Failure(\"Unknown macro: opcode_self_129\")")
pxl2futa.itm : Opcode 202 à gérer.
pxl2futa.itm : Opcode 202 à gérer.
pxl2futa.itm : Opcode 202 à gérer.
pxl2futa.itm : Opcode 202 à gérer.
pxl2futa.itm : Opcode 202 à gérer.
pxl2futa.itm : Opcode 202 à gérer.
pxl2futa.itm : Opcode 202 à gérer.
pxl2futa.itm : Opcode 202 à gérer.
pxl2sili.itm : Opcode 232 à gérer.
pxl2vast.itm : Unknown macro: opcode_target_probability_93
pxl2hasu.itm : Opcode 272 à gérer.
pxl2omb1.spl : Opcode 146 : Nom du sort introuvable pour pxl2omb1.spl.

Total : 180

Sans description : 18

Ignores : 101

Reussis : 71

Echoues : 8

Potions (TODO): 59

Munitions (TODO) : 2

Opcodes a coder : 58
