	
C2SW1H01.ITM : Opcode 177: Invalid ids entry : race.ids (0)
CM1H07.ITM : Opcode 177: Invalid ids entry : ea.ids (8)
CM1H07.ITM : Opcode 177: Invalid ids entry : ea.ids (8)
CM1H07.ITM : Opcode 177: Invalid ids entry : general.ids (8)
COMH01.ITM : Opcode 0: parameter1 equal to 0 for a bonus/malus to the armor class.
DAGG19.ITM : Opcode 42: Invalid parameter1/parameter2 10/0
FINSAREV.ITM : Opcode 0: parameter1 equal to 0 for a bonus/malus to the armor class.
FINSRV.ITM : Opcode 0: parameter1 equal to 0 for a bonus/malus to the armor class.
OHBREW02.ITM : Opcode 177: The resref parameter is empty
SW1H50.ITM : Opcode 55: Invalid ids entry : specific.ids (243)
PRINCESS.ITM : Opcode 238: Wrong ids file : 24

Reussis : 0
Echoues : 0
Ignores : 0
   Maudits : 0
   Sans description : 0
   Non deplacables : 0
   Type non gere : 0

Total : 0

Opcodes a coder : 18
