	
CM1H01.ITM : FAILURE: opcode 177: Failure("Failure(\"Unknown macro: opcode_self_probability_179\")")
CM1H07.ITM : opcode 177: Traduction 202008 manquante
CM1H07.ITM : FAILURE: opcode 177: Not_found
CM2H01.ITM : Opcode 232 à gérer.
CM2H01.ITM : FAILURE: opcode 101: Not_found
CMAX03.ITM : opcode 55: Traduction 205147 manquante
CMAX03.ITM : FAILURE: opcode 55: Not_found
CMDA01.ITM : Opcode 303 à gérer.
CMDA01.ITM : Unknown macro: opcode_self_probability_71
CMHA01.ITM : FAILURE: opcode 197: Failure("CMHA01.ITM : Opcode 197 : R\195\169flection du Type de projectile '1' \195\160 g\195\169rer")
CMMM02.ITM : opcode 55: Traduction 205112 manquante
CMMM02.ITM : FAILURE: opcode 55: Not_found
CMTULE03.ITM : Opcode 232 à gérer.
CMXB02.ITM : Opcode 117 à gérer.
COMF03.ITM : Unknown macro: opcode_self_probability_213


Total : 107

Sans description : 3

Ignores : 18

Reussis : 81

Echoues : 8

Potions (TODO): 6

Munitions (TODO) : 2

Opcodes a coder : 58
