	
BOOTMOA.ITM : Opcode 318 self à gérer
BOOTMOA.ITM : Opcode 206 : La ressource talongf.spl n'existe pas.
BOOTMOA.ITM : Opcode 206 : La ressource holdfst.spl n'existe pas.
BOOTMOA.ITM : Opcode 206 : La ressource gasp.spl n'existe pas.
FKILLER.ITM : Opcode 112 à gérer.
FKILLER.ITM : Opcode 112 à gérer.
FKILLER.ITM : Opcode 112 à gérer.
FKILLER.ITM : Opcode 112 à gérer.
FKILLER.ITM : Opcode 112 à gérer.
FKILLER.ITM : Opcode 112 à gérer.
FKILLER.ITM : Opcode 112 à gérer.
FKILLER.ITM : Opcode 112 à gérer.
FKILLER.ITM : Opcode 112 à gérer.
FKILLER.ITM : Opcode 112 à gérer.
FKILLER.ITM : Opcode 112 à gérer.
FKILLER.ITM : Opcode 112 à gérer.
FKILLER.ITM : Opcode 123 à gérer.
FKILLER.ITM : Opcode 123 à gérer.
LUCKY.ITM : Opcode 206 : La ressource chance.spl n'existe pas.
ohbrac01.ITM : Opcode 248 : La ressource OHBRAC01.eff n'existe pas.
ZZE6PE.ITM : Opcode 177 : La ressource ZZE6PEH.eff n'existe pas.
ZZE6PE.ITM : Opcode 177 : La ressource ZZE6PED.eff n'existe pas.
ZZM5MH.ITM : Opcode 177 : La ressource zzm5mhH.eff n'existe pas.
ZZM5MH.ITM : Opcode 177 : La ressource zzm5mhD.eff n'existe pas.
ZZS6SC.ITM : Opcode 177 : La ressource ZZS6SCH.eff n'existe pas.
ZZS6SC.ITM : Opcode 177 : La ressource ZZS6SCD.eff n'existe pas.
