// Log of Currently Installed WeiDU Mods
// The top of the file is the 'oldest' mod
// ~TP2_File~ #language_number #component_number // [Subcomponent Name -> ] Component Name [ : Version]
~SETUP-WEIDU.TP2~ #0 #0 // 24900
~CORRECTFRBG2EE/CORRECTFRBG2EE.TP2~ #0 #10 // Correction de la traduction de Baldur's Gate II : Enhanced Edition: 0.14
~CORRECTFRBG2EE/CORRECTFRBG2EE.TP2~ #0 #20 // Correction de la description des objets: 0.14
~CORRECTFRBG2EE/CORRECTFRBG2EE.TP2~ #0 #30 // Patch audio et video francais: 0.14
~CORRECTFRBG2EE/CORRECTFRBG2EE.TP2~ #0 #40 // Suppression des doublages en anglais: 0.14
~EET/EET.TP2~ #3 #0 // EET core (importation de ressource): V13.4
~EEEX/EEEX.TP2~ #0 #0 // EEex: 0.9.7
~EEEX/EEEX.TP2~ #0 #1 // Enable effect menu module - (LShift-on-hover to view spells affecting creature): 0.9.7
~EEEX/EEEX.TP2~ #0 #2 // Enable timer module - (visual indicators for modal actions, contingency spells, and spell/item cooldowns): 0.9.7
~BUBB_SPELL_MENU_EXTENDED/BUBB_SPELL_MENU_EXTENDED.TP2~ #0 #0 // Bubb's Spell Menu Extended: 4.5.1
~EEUITWEAKS/EEUITWEAKS.TP2~ #0 #1000 // Mods Options: 4.0
~EEUITWEAKS/EEUITWEAKS.TP2~ #0 #1040 // Portrait Selectors -> Mr2150's Portrait Picker (Scaleable UI): 4.0
~EEUITWEAKS/EEUITWEAKS.TP2~ #0 #1042 // Mr2150's Backup M_BG.lua: 4.0
~EEUITWEAKS/EEUITWEAKS.TP2~ #0 #1050 // Adul's Unhide Chargen Options: 4.0
~EEUITWEAKS/EEUITWEAKS.TP2~ #0 #1100 // Display max proficiency limits: 4.0
~EEUITWEAKS/EEUITWEAKS.TP2~ #0 #2000 // Transparent Sidebars: 4.0
~EEUITWEAKS/EEUITWEAKS.TP2~ #0 #2010 // Feedback Message Box Re-sizers -> Feedback Message Box Buttons Hack: 4.0
~EEUITWEAKS/EEUITWEAKS.TP2~ #0 #2030 // Adul's Better Quick Loot: 4.0
~EEUITWEAKS/EEUITWEAKS.TP2~ #0 #2070 // Dee's Permanent Thieving Button: 4.0
~EEUITWEAKS/EEUITWEAKS.TP2~ #0 #2110 // lefreut's Keep Dialog Box active after death: 4.0
~EEUITWEAKS/EEUITWEAKS.TP2~ #0 #3023 // Journal Fixes and Tweaks -> lefreut's Journal (quests expanded by default): 4.0
~EEUITWEAKS/EEUITWEAKS.TP2~ #0 #3028 // lefreut's Customize Screens Tweaks: 4.0
~EEUITWEAKS/EEUITWEAKS.TP2~ #0 #3050 // lefreut's Improved Inventory Screen -> With Item Comparison: 4.0
~EEUITWEAKS/EEUITWEAKS.TP2~ #0 #4010 // lefreut's Steal Multiple Items: 4.0
~EEUITWEAKS/EEUITWEAKS.TP2~ #0 #4020 // Adul's Smooth Selling: 4.0
~EEUITWEAKS/EEUITWEAKS.TP2~ #0 #4040 // Spell Books -> Kilivitz's Classic Spellbooks: 4.0
~EEUITWEAKS/EEUITWEAKS.TP2~ #0 #5000 // lefreut's Tooltip Scroll: 4.0
~EEUITWEAKS/EEUITWEAKS.TP2~ #0 #5020 // lefreut's Box 5 (Dialog Box) Override: 4.0
~HIDDENGAMEPLAYOPTIONS/HIDDENGAMEPLAYOPTIONS.TP2~ #1 #0 // Installer simultanement toutes les options de jeu cachees: 3.0
~CDTWEAKS/SETUP-CDTWEAKS.TP2~ #2 #2250 // Table de progression des sorts du sorcier debridee: v15
~CDTWEAKS/SETUP-CDTWEAKS.TP2~ #2 #2260 // Alterer la table de progression des sorts du mage -> Table debridee (Blucher): v15
~CDTWEAKS/SETUP-CDTWEAKS.TP2~ #2 #2270 // Alterer la table de progression des sorts du barde -> Table debridee (Blucher): v15
~CDTWEAKS/SETUP-CDTWEAKS.TP2~ #2 #2280 // Alterer la table de progression des sorts du clerc -> Table debridee (Blucher): v15
~CDTWEAKS/SETUP-CDTWEAKS.TP2~ #2 #2290 // Alterer les tables de progression des sorts et de niveaux du druide -> Pas de modification de la progression, table debridee des sorts des druides uniquement (Blucher): v15
~CDTWEAKS/SETUP-CDTWEAKS.TP2~ #2 #2580 // Modifier la table des sorts divins en bonus lies à la sagesse -> Utiliser la table PnP/PsT: v15
~CDTWEAKS/SETUP-CDTWEAKS.TP2~ #2 #2339 // Suppression de la limite de convocation pour les creatures normales: v15
~CDTWEAKS/SETUP-CDTWEAKS.TP2~ #2 #2090 // Changer la limite de points d'experience -> Retirer la limite: v15
~CDTWEAKS/SETUP-CDTWEAKS.TP2~ #2 #2300 // Tables de capacites de haut niveau pour les triclasses: v15
~CDTWEAKS/SETUP-CDTWEAKS.TP2~ #2 #40 // Peau bleue pour Viconia: v15
~CDTWEAKS/SETUP-CDTWEAKS.TP2~ #2 #50 // Script de changement d'avatar: v15
~CDTWEAKS/SETUP-CDTWEAKS.TP2~ #2 #60 // Animation des armes amelioree: v15
~CDTWEAKS/SETUP-CDTWEAKS.TP2~ #2 #110 // Amelioration des icones des objets: v15
~CDTWEAKS/SETUP-CDTWEAKS.TP2~ #2 #140 // Correction du cri de Bouh: v15
~CDTWEAKS/SETUP-CDTWEAKS.TP2~ #2 #150 // Supprimer "+x" dans les noms des objets uniques: v15
~CDTWEAKS/SETUP-CDTWEAKS.TP2~ #2 #170 // Icones uniques -> Ne remplacer que les icones qui ne sont pas deja uniques: v15
~CDTWEAKS/SETUP-CDTWEAKS.TP2~ #2 #182 // Recipients uniques -> Recipients et noms uniques: v15
~CDTWEAKS/SETUP-CDTWEAKS.TP2~ #2 #2010 // Separer l'icone de resistance au feu/froid en icones distinctes (Angel): v15
~CDTWEAKS/SETUP-CDTWEAKS.TP2~ #2 #1010 // Davantage d'interjections: v15
~CDTWEAKS/SETUP-CDTWEAKS.TP2~ #2 #1020 // Modifier la valeur limite des points de vie pour les dialogues des PNJs blesses: v15
~CDTWEAKS/SETUP-CDTWEAKS.TP2~ #2 #1070 // Amelioration du dialogue d'ejection pour les PNJs multijoueurs: v15
~CDTWEAKS/SETUP-CDTWEAKS.TP2~ #2 #1080 // Ajouter des sacs de contenance: v15
~CDTWEAKS/SETUP-CDTWEAKS.TP2~ #2 #1101 // Ne pas explorer automatiquement les villes: v15
~CDTWEAKS/SETUP-CDTWEAKS.TP2~ #2 #1120 // Plus de munitions dans les boutiques: v15
~CDTWEAKS/SETUP-CDTWEAKS.TP2~ #2 #1160 // Forteresses pour toutes les classes -> Pas de restrictions (Baldurdash): v15
~CDTWEAKS/SETUP-CDTWEAKS.TP2~ #2 #1180 // Portrait feminin pour Edwina: v15
~CDTWEAKS/SETUP-CDTWEAKS.TP2~ #2 #1220 // Permettre a Cromwell d'ameliorer les objets de la Tour de Garde: v15
~CDTWEAKS/SETUP-CDTWEAKS.TP2~ #2 #1225 // Ajuster le temps de forgeage de Cromwell -> Forgeage instantane (reglage BG2 original): v15
~CDTWEAKS/SETUP-CDTWEAKS.TP2~ #2 #1230 // Permettre a Cespenar d'utiliser les recettes de Cromwell: v15
~CDTWEAKS/SETUP-CDTWEAKS.TP2~ #2 #2040 // Gourdins universels: v15
~CDTWEAKS/SETUP-CDTWEAKS.TP2~ #2 #2060 // Styles de combat pour toutes les classes: v15
~CDTWEAKS/SETUP-CDTWEAKS.TP2~ #2 #2100 // Autoriser l'utilisation des competences de voleur en armure lourde: v15
~CDTWEAKS/SETUP-CDTWEAKS.TP2~ #2 #2120 // Autoriser le lancement des sorts profanes en armure: v15
~CDTWEAKS/SETUP-CDTWEAKS.TP2~ #2 #2151 // Port de plusieurs objets de protection -> Pas de restrictions: v15
~CDTWEAKS/SETUP-CDTWEAKS.TP2~ #2 #2160 // Modifier le systeme des competences martiales -> Reequilibrage des competences martiales: v15
~CDTWEAKS/SETUP-CDTWEAKS.TP2~ #2 #2170 // Lancement des sorts depuis les parchemins (et autres objets) au niveau du personnage: v15
~CDTWEAKS/SETUP-CDTWEAKS.TP2~ #2 #2200 // Grande maitrise pour les multi-classes (Weimer): v15
~CDTWEAKS/SETUP-CDTWEAKS.TP2~ #2 #2210 // Modifier les bonus de grande maitrise -> Veritable grande maitrise (Baldurdash): v15
~CDTWEAKS/SETUP-CDTWEAKS.TP2~ #2 #2240 // Table debridee des TAC0: v15
~CDTWEAKS/SETUP-CDTWEAKS.TP2~ #2 #2320 // Suppression de la limite du nombre de pieges (Ardanis/GeN1e): v15
~CDTWEAKS/SETUP-CDTWEAKS.TP2~ #2 #2330 // Suppression du delai pour les pieges magiques (Ardanis/GeN1e): v15
~CDTWEAKS/SETUP-CDTWEAKS.TP2~ #2 #2340 // Suppression de la limite de convocation des creatures celestes (Ardanis/GeN1e): v15
~CDTWEAKS/SETUP-CDTWEAKS.TP2~ #2 #2357 // Alterer les restrictions des multi-classses -> Installer les options une et deux (tout le monde a acces aux multi-classes sans contrainte): v15
~CDTWEAKS/SETUP-CDTWEAKS.TP2~ #2 #2360 // Suppression des restrictions raciales pour les mono-classes: v15
~CDTWEAKS/SETUP-CDTWEAKS.TP2~ #2 #2371 // Alterer les restrictions de jumelage -> Autoriser les non-humains a se jumeler: v15
~CDTWEAKS/SETUP-CDTWEAKS.TP2~ #2 #2550 // Modifier les options de kit/multi-classe du gnome -> Conserve l'illusionniste pour les gnome multi-classes, autorise tous les kits pour les mono-classes: v15
~CDTWEAKS/SETUP-CDTWEAKS.TP2~ #2 #2380 // Suppression des restrictions raciales pour les kits: v15
~CDTWEAKS/SETUP-CDTWEAKS.TP2~ #2 #2420 // Attenuer les restrictions d'equipement pour les clercs multi-classes: v15
~CDTWEAKS/SETUP-CDTWEAKS.TP2~ #2 #2430 // Modifier les restrictions d'equipement pour les druides multi-classes -> Attenuer les restrictions d'equipement pour les druides multi-classes: v15
~CDTWEAKS/SETUP-CDTWEAKS.TP2~ #2 #2440 // Tout le monde obtient le bonus d'attaque par round de specialisation: v15
~CDTWEAKS/SETUP-CDTWEAKS.TP2~ #2 #2500 // Modification de la limite de poids de la force exceptionnelle: v15
~CDTWEAKS/SETUP-CDTWEAKS.TP2~ #2 #2520 // Permettre aux mages d'utiliser une targe et les voleurs d'utiliser une rondache (Angel): v15
~CDTWEAKS/SETUP-CDTWEAKS.TP2~ #2 #2540 // Accelerer les quetes de forteresse du chateau de'Arnise: v15
~CDTWEAKS/SETUP-CDTWEAKS.TP2~ #2 #2560 // Autorise le port du casque pour les moines: v15
~CDTWEAKS/SETUP-CDTWEAKS.TP2~ #2 #2590 // Les voleurs peuvent executer des attaques sournoises avec plus d'armes grace a "Utilisation d'objet": v15
~CDTWEAKS/SETUP-CDTWEAKS.TP2~ #2 #2999 // Maximum de PV au niveau 1: v15
~CDTWEAKS/SETUP-CDTWEAKS.TP2~ #2 #3000 // Davantage de points de vie a la montee de niveau -> Maximum: v15
~CDTWEAKS/SETUP-CDTWEAKS.TP2~ #2 #3010 // Points de vie maximum pour les PNJs (the bigg) -> Pour toutes les creatures du jeu: v15
~CDTWEAKS/SETUP-CDTWEAKS.TP2~ #2 #3031 // Apprentissage des sorts assoupli -> 100 % de chance d'apprendre un sort et nombre de sorts illimite: v15
~CDTWEAKS/SETUP-CDTWEAKS.TP2~ #2 #3040 // Sacs de contenance sans fond: v15
~CDTWEAKS/SETUP-CDTWEAKS.TP2~ #2 #3050 // Retirer l'effet de fatigue des sorts de restauration: v15
~CDTWEAKS/SETUP-CDTWEAKS.TP2~ #2 #3060 // Desactiver la voix "Vous devez reunir votre groupe avant d'aller plus loin" (Weimer): v15
~CDTWEAKS/SETUP-CDTWEAKS.TP2~ #2 #3070 // Changer l'effet de la reputation sur les prix dans les boutiques -> Prix reduits dans les boutiques pour les faibles reputations (Sabre): v15
~CDTWEAKS/SETUP-CDTWEAKS.TP2~ #2 #3080 // Augmenter la taille de la pile de munitions -> Empilement illimite des munitions: v15
~CDTWEAKS/SETUP-CDTWEAKS.TP2~ #2 #3090 // Augmenter la limite d'empilement des gemmes et des bijoux -> Empilement illimite des gemmes et des bijoux: v15
~CDTWEAKS/SETUP-CDTWEAKS.TP2~ #2 #3100 // Augmenter la limite d'empilement des potions -> Empilement illimite des potions: v15
~CDTWEAKS/SETUP-CDTWEAKS.TP2~ #2 #3110 // Augmenter la limite d'empilement des parchemins -> Empilement illimite des parchemins: v15
~CDTWEAKS/SETUP-CDTWEAKS.TP2~ #2 #3125 // Rendre heureux les personnages neutres lorsque la reputation est moyenne: v15
~CDTWEAKS/SETUP-CDTWEAKS.TP2~ #2 #3130 // Pas de pieges ni de verrous (Weimer): v15
~CDTWEAKS/SETUP-CDTWEAKS.TP2~ #2 #3170 // Pas d'avatar d'elfe noir pour le groupe en Ombre-Terre: v15
~CDTWEAKS/SETUP-CDTWEAKS.TP2~ #2 #3183 // Triche sur les romances: v15
~CDTWEAKS/SETUP-CDTWEAKS.TP2~ #2 #3200 // Batons, gourdins et frondes vendables (Icelus): v15
~CDTWEAKS/SETUP-CDTWEAKS.TP2~ #2 #3205 // Les magasins achetent tous les types d'objets: v15
~CDTWEAKS/SETUP-CDTWEAKS.TP2~ #2 #3230 // Taerum fabrique une armure d'Ankheg supplementaire (Icendoan/grogerson): v15
~CDTWEAKS/SETUP-CDTWEAKS.TP2~ #2 #3280 // Accorder a chaque classe/kit quatre emplacements d'arme: v15
~CDTWEAKS/SETUP-CDTWEAKS.TP2~ #2 #3294 // Personnaliser le nom des sauvegardes automatiques -> Employer la forme : 000000000-[Protagoniste]-Nom de sauvegarde: v15
~CDTWEAKS/SETUP-CDTWEAKS.TP2~ #2 #3310 // Demarrer les nouvelles parties avec l'IA de groupe desactivee: v15
~CDTWEAKS/SETUP-CDTWEAKS.TP2~ #2 #3330 // Rendre les membres du groupe moins susceptibles de mourir de facon permanente: v15
~CDTWEAKS/SETUP-CDTWEAKS.TP2~ #2 #3357 // Creer des sauvegardes periodiques -> Toutes les 120 minutes (cycle de quatre emplacements de sauvegarde): v15
~CDTWEAKS/SETUP-CDTWEAKS.TP2~ #2 #4000 // Ajuster le jet de reputation des PNJs mauvais recrutables: v15
~CDTWEAKS/SETUP-CDTWEAKS.TP2~ #2 #4110 // Donner a Kagain une valeur reglementaire de 19 en constitution: v15
~CDTWEAKS/SETUP-CDTWEAKS.TP2~ #2 #4120 // Donner a Coran une valeur reglementaire de 19 en dexterite: v15
~CDTWEAKS/SETUP-CDTWEAKS.TP2~ #2 #4140 // Ne pas attribuer automatiquement un script IA avance au groupe: v15
~CDTWEAKS/SETUP-CDTWEAKS.TP2~ #2 #4150 // Deplacer Bouh dans le sac de Minsc: v15
~CDTWEAKS/SETUP-CDTWEAKS.TP2~ #2 #4160 // Permettre a Yeslick d'utiliser les haches: v15
~CDTWEAKS/SETUP-CDTWEAKS.TP2~ #2 #4180 // Objets detachables des PNJ: v15
~EET_END/EET_END.TP2~ #3 #0 // EET end (dernier mod dans l'ordre d'installation) -> Installation standard
// Recently Uninstalled: ~SETUP-BWS_FINAL.TP2~ #0 #0 // Make quick-logged WeiDU-entries visible
