	
ABAZRING.ITM : Opcode 206 : La ressource cdsw1h58.spl n'existe pas.
ABAZRING.ITM : Opcode 206 : La ressource cdmound.spl n'existe pas.
ABAZRING.ITM : Opcode 206 : La ressource cdhgnya1.spl n'existe pas.
ALDETH.ITM : Opcode 206 : La ressource cdsw1h58.spl n'existe pas.
ALDETH.ITM : Opcode 206 : La ressource cdmound.spl n'existe pas.
ALDETH.ITM : Opcode 206 : La ressource cdhgnya1.spl n'existe pas.
AMUL17.ITM : Opcode 321 à gérer.
AMUL17.ITM : Opcode 321 à gérer.
ARROPHEO.ITM : Opcode 67 : La ressource pheogurd.cre n'existe pas.
ARROPHEO.ITM : Opcode 67 : La ressource pheogurd.cre n'existe pas.
AURSTAF.ITM : AURSTAF.ITM : Opcode 232 : Nom du sort introuvable pour spauru.spl.
BAZPATRG.ITM : Opcode 206 : La ressource cdsw1h58.spl n'existe pas.
BAZPATRG.ITM : Opcode 206 : La ressource cdmound.spl n'existe pas.
BAZPATRG.ITM : Opcode 206 : La ressource cdhgnya1.spl n'existe pas.
BDHAMM02.ITM : BDHAMM02.ITM : Opcode 146 : Nom du sort introuvable pour bdvoid.spl.
BDSPIRIM.ITM : Opcode 206 : La ressource bdbeldis.spl n'existe pas.
BDSPNAIM.ITM : Opcode 206 : La ressource bdbeldis.spl n'existe pas.
BDSW1H06.ITM : BDSW1H06.ITM : Opcode 146 : Nom du sort introuvable pour bdvoid.spl.
BDSW2H01.ITM : BDSW2H01.ITM : Opcode 232 : Nom du sort introuvable pour bddragbl.spl.
BDSW2H01.ITM : BDSW2H01.ITM : Opcode 206 : Nom du sort introuvable pour bddragbl.spl.
BDSW2H01.ITM : BDSW2H01.ITM : Opcode 206 : Nom du sort introuvable pour bddragbl.spl.
BDSW2H01.ITM : BDSW2H01.ITM : Opcode 341 : Nom du sort introuvable pour bdsw2h01.spl.
BDSW2H01.ITM : Opcode 321 à gérer.
BEHOLDER.ITM : Opcode 206 : La ressource cdsw1h58.spl n'existe pas.
BEHOLDER.ITM : Opcode 206 : La ressource cdmound.spl n'existe pas.
BEHOLDER.ITM : Opcode 206 : La ressource cdhgnya1.spl n'existe pas.
BHAALHP1.ITM : BHAALHP1.ITM : Opcode 206 : Nom du sort introuvable pour sareveff.spl.
BHAALIMM.ITM : BHAALIMM.ITM : Opcode 206 : Nom du sort introuvable pour sareveff.spl.
BLUN30.ITM : Opcode 206 : La ressource cdsw1h58.spl n'existe pas.
BLUN30.ITM : Opcode 206 : La ressource cdmound.spl n'existe pas.
BLUN30.ITM : Opcode 206 : La ressource cdhgnya1.spl n'existe pas.
CDHGTRL.ITM : CDHGTRL.ITM : Opcode 232 : Nom du sort introuvable pour cdhgtrl.spl.
CDHGTRL.ITM : Opcode 112 à gérer.
CDHGTRL.ITM : Opcode 112 à gérer.
CDHGTRL.ITM : CDHGTRL.ITM : Opcode 143 : Nom de l'objet introuvable pour MONHP1.itm.
CDTORGAL.ITM : CDTORGAL.ITM : Opcode 232 : Nom du sort introuvable pour cdtorgal.spl.
CDTORGAL.ITM : Opcode 112 à gérer.
CDTORGAL.ITM : Opcode 112 à gérer.
CDTORGAL.ITM : CDTORGAL.ITM : Opcode 143 : Nom de l'objet introuvable pour MONHP1.itm.
CDTRLBLZ.ITM : CDTRLBLZ.ITM : Opcode 232 : Nom du sort introuvable pour cdtrlblz.spl.
CDTRLBLZ.ITM : Opcode 112 à gérer.
CDTRLBLZ.ITM : Opcode 112 à gérer.
CDTRLBLZ.ITM : CDTRLBLZ.ITM : Opcode 143 : Nom de l'objet introuvable pour MONHP1.itm.
CHALCY3.ITM : Opcode 321 à gérer.
CHALCY3.ITM : Opcode 321 à gérer.
CLCK24.ITM : Opcode 197 : Réflection du type de projectile '219'
CLCK24.ITM : Opcode 197 : Réflection du type de projectile '205'
CLCK24.ITM : Opcode 197 : Réflection du type de projectile '320'
COMPS63.ITM : COMPS63.ITM : Opcode 146 : Nom du sort introuvable pour spin104a.spl.
DRAGRING.ITM : Opcode 206 : La ressource cdsw1h58.spl n'existe pas.
DRAGRING.ITM : Opcode 206 : La ressource cdmound.spl n'existe pas.
DRAGRING.ITM : Opcode 206 : La ressource cdhgnya1.spl n'existe pas.
ETTERC.ITM : Opcode 318 : self avec parameter1 et parameter2 différent de 0
ETTERC.ITM : Opcode 318 : self avec parameter1 et parameter2 différent de 0
FAMMY.ITM : FAMMY.ITM : Opcode 206 : Nom du sort introuvable pour ohbremov.spl.
FINMEL01.ITM : FINMEL01.ITM : Opcode 206 : Nom du sort introuvable pour sareveff.spl.
FREERING.ITM : Opcode 206 : La ressource cdsw1h58.spl n'existe pas.
FREERING.ITM : Opcode 206 : La ressource cdmound.spl n'existe pas.
FREERING.ITM : Opcode 206 : La ressource cdhgnya1.spl n'existe pas.
FSSPIR.ITM : Opcode 206 : La ressource cdsw1h58.spl n'existe pas.
FSSPIR.ITM : Opcode 206 : La ressource cdmound.spl n'existe pas.
FSSPIR.ITM : Opcode 206 : La ressource cdhgnya1.spl n'existe pas.
GBASIL.ITM : Opcode 318 : self avec parameter1 et parameter2 différent de 0
GBASIL.ITM : Opcode 318 : self avec parameter1 et parameter2 différent de 0
GISPID.ITM : Opcode 318 : self avec parameter1 et parameter2 différent de 0
GISPID.ITM : Opcode 318 : self avec parameter1 et parameter2 différent de 0
GORAIR.ITM : GORAIR.ITM : Opcode 206 : Nom du sort introuvable pour spin643.spl.
GORCHR.ITM : Opcode 206 : La ressource cdsw1h58.spl n'existe pas.
GORCHR.ITM : Opcode 206 : La ressource cdmound.spl n'existe pas.
GORCHR.ITM : Opcode 206 : La ressource cdhgnya1.spl n'existe pas.
GORCHR.ITM : GORCHR.ITM : Opcode 206 : Nom du sort introuvable pour spwi403d.spl.
GORCHR.ITM : GORCHR.ITM : Opcode 206 : Nom du sort introuvable pour spwi418d.spl.
GORCHR.ITM : GORCHR.ITM : Opcode 206 : Nom du sort introuvable pour sppr730d.spl.
GORMISTI.ITM : GORMISTI.ITM : Opcode 206 : Nom du sort introuvable pour spin628.spl.
GORMISTP.ITM : GORMISTP.ITM : Opcode 206 : Nom du sort introuvable pour spin642.spl.
HAMM09.ITM : Opcode 123 à gérer.
HARM.ITM : FAILURE: opcode 12: Failure("HARM.ITM : Type de degat '4194305' pour le opcode 12 pas encore gere")
HOLDRING.ITM : Opcode 206 : La ressource cdsw1h58.spl n'existe pas.
HOLDRING.ITM : Opcode 206 : La ressource cdmound.spl n'existe pas.
HOLDRING.ITM : Opcode 206 : La ressource cdhgnya1.spl n'existe pas.
HUSPID.ITM : Opcode 318 : self avec parameter1 et parameter2 différent de 0
HUSPID.ITM : Opcode 318 : self avec parameter1 et parameter2 différent de 0
IMMCLOUD.ITM : Opcode 83 : Type de projectile '94'
IMMUNE3.ITM : Opcode 233: Proficiency not found : 128
IMMUNE4.ITM : Opcode 233: Proficiency not found : 128
INVULNER.ITM : Opcode 206 : La ressource cdsw1h58.spl n'existe pas.
INVULNER.ITM : Opcode 206 : La ressource cdmound.spl n'existe pas.
INVULNER.ITM : Opcode 206 : La ressource cdhgnya1.spl n'existe pas.
IPSION.ITM : Opcode 321 à gérer.
IPSION.ITM : Opcode 321 à gérer.
JWSUPER.ITM : Opcode 206 : La ressource cdsw1h58.spl n'existe pas.
JWSUPER.ITM : Opcode 206 : La ressource cdmound.spl n'existe pas.
JWSUPER.ITM : Opcode 206 : La ressource cdhgnya1.spl n'existe pas.
LEAT23.ITM : LEAT23.ITM : Opcode 232 : Nom du sort introuvable pour leat23a.spl.
MAGE05.ITM : Opcode 206 : La ressource cdsw1h58.spl n'existe pas.
MAGE05.ITM : Opcode 206 : La ressource cdmound.spl n'existe pas.
MAGE05.ITM : Opcode 206 : La ressource cdhgnya1.spl n'existe pas.
NISHRUU.ITM : Opcode 243 à gérer.
NPPLAT.ITM : Opcode 206 : La ressource cdsw1h58.spl n'existe pas.
NPPLAT.ITM : Opcode 206 : La ressource cdmound.spl n'existe pas.
NPPLAT.ITM : Opcode 206 : La ressource cdhgnya1.spl n'existe pas.
NPSW03.ITM : NPSW03.ITM : Opcode 232 : Nom du sort introuvable pour keldorn.spl.
OBJRING.ITM : Opcode 206 : La ressource cdsw1h58.spl n'existe pas.
OBJRING.ITM : Opcode 206 : La ressource cdmound.spl n'existe pas.
OBJRING.ITM : Opcode 206 : La ressource cdhgnya1.spl n'existe pas.
OHBDTRAI.ITM : OHBDTRAI.ITM : Opcode 206 : Nom du sort introuvable pour spin642.spl.
OHBDTRAI.ITM : Opcode 206 : La ressource sppr215.spl n'existe pas.
OHBETRAI.ITM : OHBETRAI.ITM : Opcode 206 : Nom du sort introuvable pour spin642.spl.
OHBETRAI.ITM : Opcode 206 : La ressource sppr215.spl n'existe pas.
OHBGASIM.ITM : OHBGASIM.ITM : Opcode 206 : Nom du sort introuvable pour spin642.spl.
OHBREW02.ITM : Opcode 177 : La ressource .eff n'existe pas.
OHDARMOR.ITM : OHDARMOR.ITM : Opcode 232 : Nom du sort introuvable pour ohdheal2.spl.
OHNHAMM1.ITM : OHNHAMM1.ITM : Opcode 146 : Nom du sort introuvable pour ohnhammx.spl.
OHNSHLD1.ITM : OHNSHLD1.ITM : Opcode 146 : Nom du sort introuvable pour ohnshldx.spl.
OHRCLCK4.ITM : OHRCLCK4.ITM : Opcode 232 : Nom du sort introuvable pour ohrclck4.spl.
OHRWILC1.ITM : Opcode 233: Proficiency not found : 108
OHRWILC1.ITM : OHRWILC1.ITM : Opcode 146 : Nom du sort introuvable pour ohrhug.spl.
OHRWILC2.ITM : Opcode 233: Proficiency not found : 108
OHRWILC2.ITM : OHRWILC2.ITM : Opcode 146 : Nom du sort introuvable pour ohrhug.spl.
OHRWILC3.ITM : Opcode 233: Proficiency not found : 108
OHRWILC3.ITM : OHRWILC3.ITM : Opcode 146 : Nom du sort introuvable pour ohrhug.spl.
OHRWILC4.ITM : Opcode 233: Proficiency not found : 108
OHRWILC4.ITM : OHRWILC4.ITM : Opcode 146 : Nom du sort introuvable pour ohrhug.spl.
OHRWILC5.ITM : Opcode 233: Proficiency not found : 108
OHRWILC5.ITM : OHRWILC5.ITM : Opcode 146 : Nom du sort introuvable pour ohrhug.spl.
PALRING.ITM : Opcode 206 : La ressource cdsw1h58.spl n'existe pas.
PALRING.ITM : Opcode 206 : La ressource cdmound.spl n'existe pas.
PALRING.ITM : Opcode 206 : La ressource cdhgnya1.spl n'existe pas.
PHSPID.ITM : Opcode 318 : self avec parameter1 et parameter2 différent de 0
PHSPID.ITM : Opcode 318 : self avec parameter1 et parameter2 différent de 0
PLYJELLY.ITM : Opcode 318 : La ressource wand13.spl n'existe pas.
PLYWYVRN.ITM : Opcode 206 : La ressource cdhgnya1.spl n'existe pas.
PLYWYVRN.ITM : Opcode 206 : La ressource cdmound.spl n'existe pas.
PLYWYVRN.ITM : Opcode 206 : La ressource cdsw1h58.spl n'existe pas.
RING09.ITM : Opcode 206 : La ressource cdsw1h58.spl n'existe pas.
RING09.ITM : Opcode 206 : La ressource cdmound.spl n'existe pas.
RING09.ITM : Opcode 206 : La ressource cdhgnya1.spl n'existe pas.
RING97.ITM : Opcode 206 : La ressource cdsw1h58.spl n'existe pas.
RING97.ITM : Opcode 206 : La ressource cdmound.spl n'existe pas.
RING97.ITM : Opcode 206 : La ressource cdhgnya1.spl n'existe pas.
ROSSRING.ITM : Opcode 206 : La ressource cdsw1h58.spl n'existe pas.
ROSSRING.ITM : Opcode 206 : La ressource cdmound.spl n'existe pas.
ROSSRING.ITM : Opcode 206 : La ressource cdhgnya1.spl n'existe pas.
SALGRFIR.ITM : SALGRFIR.ITM : Opcode 232 : Nom du sort introuvable pour spwi418d.spl.
SALGRICE.ITM : SALGRICE.ITM : Opcode 232 : Nom du sort introuvable pour spwi403d.spl.
SAREVIMM.ITM : SAREVIMM.ITM : Opcode 206 : Nom du sort introuvable pour sareveff.spl.
SHALT01.ITM : Opcode 206 : La ressource cdsw1h58.spl n'existe pas.
SHALT01.ITM : Opcode 206 : La ressource cdmound.spl n'existe pas.
SHALT01.ITM : Opcode 206 : La ressource cdhgnya1.spl n'existe pas.
SPER12.ITM : Opcode 206 : La ressource cdsw1h58.spl n'existe pas.
SPER12.ITM : Opcode 206 : La ressource cdmound.spl n'existe pas.
SPER12.ITM : Opcode 206 : La ressource cdhgnya1.spl n'existe pas.
SPRNGB01.ITM : opcode 101: Traduction 11010151 manquante
SPRNGB01.ITM : FAILURE: opcode 101: Not_found
SPRNGB02.ITM : opcode 101: Traduction 11010151 manquante
SPRNGB02.ITM : FAILURE: opcode 101: Not_found
SPRNGB03.ITM : Opcode 206 : La ressource cdsw1h58.spl n'existe pas.
SPRNGB03.ITM : Opcode 206 : La ressource cdmound.spl n'existe pas.
SPRNGB03.ITM : Opcode 206 : La ressource cdhgnya1.spl n'existe pas.
SPRNGB03.ITM : opcode 101: Traduction 11010151 manquante
SPRNGB03.ITM : FAILURE: opcode 101: Not_found
SPRNGB04.ITM : Opcode 206 : La ressource cdsw1h58.spl n'existe pas.
SPRNGB04.ITM : Opcode 206 : La ressource cdmound.spl n'existe pas.
SPRNGB04.ITM : Opcode 206 : La ressource cdhgnya1.spl n'existe pas.
SPRNGB04.ITM : opcode 101: Traduction 11010151 manquante
SPRNGB04.ITM : FAILURE: opcode 101: Not_found
SPRNGL01.ITM : opcode 101: Traduction 11010151 manquante
SPRNGL01.ITM : FAILURE: opcode 101: Not_found
SPRNGL02.ITM : opcode 101: Traduction 11010151 manquante
SPRNGL02.ITM : FAILURE: opcode 101: Not_found
SPRNGL03.ITM : Opcode 206 : La ressource cdsw1h58.spl n'existe pas.
SPRNGL03.ITM : Opcode 206 : La ressource cdmound.spl n'existe pas.
SPRNGL03.ITM : Opcode 206 : La ressource cdhgnya1.spl n'existe pas.
SPRNGL03.ITM : opcode 101: Traduction 11010151 manquante
SPRNGL03.ITM : FAILURE: opcode 101: Not_found
SPRNGL04.ITM : Opcode 206 : La ressource cdsw1h58.spl n'existe pas.
SPRNGL04.ITM : Opcode 206 : La ressource cdmound.spl n'existe pas.
SPRNGL04.ITM : Opcode 206 : La ressource cdhgnya1.spl n'existe pas.
SPRNGL04.ITM : opcode 101: Traduction 11010151 manquante
SPRNGL04.ITM : FAILURE: opcode 101: Not_found
SPRNGS01.ITM : Opcode 206 : La ressource cdsw1h58.spl n'existe pas.
SPRNGS01.ITM : Opcode 206 : La ressource cdmound.spl n'existe pas.
SPRNGS01.ITM : Opcode 206 : La ressource cdhgnya1.spl n'existe pas.
SPRNGS01.ITM : opcode 101: Traduction 11010151 manquante
SPRNGS01.ITM : FAILURE: opcode 101: Not_found
SPRNGS02.ITM : Opcode 206 : La ressource cdsw1h58.spl n'existe pas.
SPRNGS02.ITM : Opcode 206 : La ressource cdmound.spl n'existe pas.
SPRNGS02.ITM : Opcode 206 : La ressource cdhgnya1.spl n'existe pas.
SPRNGS02.ITM : opcode 101: Traduction 11010151 manquante
SPRNGS02.ITM : FAILURE: opcode 101: Not_found
SPRNGS03.ITM : Opcode 206 : La ressource cdsw1h58.spl n'existe pas.
SPRNGS03.ITM : Opcode 206 : La ressource cdmound.spl n'existe pas.
SPRNGS03.ITM : Opcode 206 : La ressource cdhgnya1.spl n'existe pas.
SPRNGS03.ITM : opcode 101: Traduction 11010151 manquante
SPRNGS03.ITM : FAILURE: opcode 101: Not_found
SPRNGS04.ITM : Opcode 206 : La ressource cdsw1h58.spl n'existe pas.
SPRNGS04.ITM : Opcode 206 : La ressource cdmound.spl n'existe pas.
SPRNGS04.ITM : Opcode 206 : La ressource cdhgnya1.spl n'existe pas.
SPRNGS04.ITM : opcode 101: Traduction 11010151 manquante
SPRNGS04.ITM : FAILURE: opcode 101: Not_found
SPRNGW01.ITM : opcode 101: Traduction 11010151 manquante
SPRNGW01.ITM : FAILURE: opcode 101: Not_found
SPRNGW02.ITM : opcode 101: Traduction 11010151 manquante
SPRNGW02.ITM : FAILURE: opcode 101: Not_found
SPRNGW03.ITM : opcode 101: Traduction 11010151 manquante
SPRNGW03.ITM : FAILURE: opcode 101: Not_found
SPRNGW04.ITM : opcode 101: Traduction 11010151 manquante
SPRNGW04.ITM : FAILURE: opcode 101: Not_found
SPRNGZ05.ITM : Opcode 206 : La ressource cdsw1h58.spl n'existe pas.
SPRNGZ05.ITM : Opcode 206 : La ressource cdmound.spl n'existe pas.
SPRNGZ05.ITM : Opcode 206 : La ressource cdhgnya1.spl n'existe pas.
SPRNGZ05.ITM : opcode 101: Traduction 11010151 manquante
SPRNGZ05.ITM : FAILURE: opcode 101: Not_found
SUREHP1.ITM : Opcode 206 : La ressource cdsw1h58.spl n'existe pas.
SUREHP1.ITM : Opcode 206 : La ressource cdmound.spl n'existe pas.
SUREHP1.ITM : Opcode 206 : La ressource cdhgnya1.spl n'existe pas.
SW1H63.ITM : SW1H63.ITM : Opcode 146 : Nom du sort introuvable pour spin104a.spl.
SW1H68C.ITM : Opcode 112 à gérer.
SW1H69C.ITM : Opcode 112 à gérer.
SW2H06.ITM : Opcode 206 : La ressource cdsw1h58.spl n'existe pas.
SW2H06.ITM : Opcode 206 : La ressource cdmound.spl n'existe pas.
SW2H06.ITM : Opcode 206 : La ressource cdhgnya1.spl n'existe pas.
SW2H13.ITM : Opcode 206 : La ressource cdsw1h58.spl n'existe pas.
SW2H13.ITM : Opcode 206 : La ressource cdmound.spl n'existe pas.
SW2H13.ITM : Opcode 206 : La ressource cdhgnya1.spl n'existe pas.
SW2HD1.ITM : SW2HD1.ITM : Opcode 232 : Nom du sort introuvable pour ohdsw2.spl.
SW2HD1.ITM : SW2HD1.ITM : Opcode 206 : Nom du sort introuvable pour ohdsw1.spl.
SW2HD1.ITM : SW2HD1.ITM : Opcode 206 : Nom du sort introuvable pour ohdsw2.spl.
SW2HD1.ITM : SW2HD1.ITM : Opcode 232 : Nom du sort introuvable pour ohdsw1.spl.
SW2HD1.ITM : Opcode 321 à gérer.
TROLLREG.ITM : TROLLREG.ITM : Opcode 232 : Nom du sort introuvable pour trollreg.spl.
TROLLREG.ITM : Opcode 112 à gérer.
TROLLREG.ITM : Opcode 112 à gérer.
TROLLREG.ITM : TROLLREG.ITM : Opcode 143 : Nom de l'objet introuvable pour MONHP1.itm.
VAMT01.ITM : VAMT01.ITM : Opcode 146 : Nom du sort introuvable pour spwi314a.spl.
VAMT06.ITM : VAMT06.ITM : Opcode 146 : Nom du sort introuvable pour spwi314a.spl.
VAMT08.ITM : VAMT08.ITM : Opcode 146 : Nom du sort introuvable pour spwi314a.spl.
VAMT10.ITM : VAMT10.ITM : Opcode 146 : Nom du sort introuvable pour spwi314a.spl.
VAMT12.ITM : VAMT12.ITM : Opcode 146 : Nom du sort introuvable pour spwi314a.spl.
WA2SHIEL.ITM : Opcode 197 : Réflection du type de projectile '320'
