	
AX1H19.ITM : Opcode 112 à gérer.
BDAX1H02.ITM : Opcode 318 : self avec parameter1 et parameter2 différent de 0
BDAX1H05.ITM : Opcode 318 : self avec parameter1 et parameter2 différent de 0
BDBOW01.ITM : Opcode 318 : self avec parameter1 et parameter2 différent de 0
BDSW1H01.ITM : Opcode 321 : La ressource SPCL521.itm n'existe pas.
BDSW1H03.ITM : Unknown macro: opcode_target_68
BDSW1H03.ITM : FAILURE: opcode 326: Failure("Unknown macro: opcode_target_68")
BDSW1H03.ITM : FAILURE: opcode 341: Failure("Opcode 326: Failure(\"Unknown macro: opcode_target_68\")")
BDSW1H08.ITM : Opcode 321 : La ressource SPWI418.itm n'existe pas.
HAMM09.ITM : Opcode 123 à gérer.
MO1H50.ITM : Opcode 324 : Immunité à une ressource (spl ou itm) différente de l'objet : MISC75
MO1H50.ITM : Opcode 324 : Immunité à une ressource (spl ou itm) différente de l'objet : MISC75
MOAX01.ITM : Opcode 206 : La ressource kla#deqd.spl n'existe pas.
MODAG01.ITM : Opcode 341 : La ressource modag01.spl n'existe pas.
MODAG01.ITM : La ressource MODAG01.spl n'existe pas.
MOMS01.ITM : Opcode 324 : Immunité à une ressource (spl ou itm) différente de l'objet : DAGG13
MOMS01.ITM : Opcode 324 : Immunité à une ressource (spl ou itm) différente de l'objet : DAGG13
MOSTA01.ITM : Opcode 324 : Immunité à une ressource (spl ou itm) différente de l'objet : RING30
MOSTA01.ITM : Opcode 324 : Immunité à une ressource (spl ou itm) différente de l'objet : RING30
SW1H23.ITM : Opcode 341 : La ressource mo1h23.spl n'existe pas.
SW1H23.ITM : La ressource mo1h23.spl n'existe pas.
SW1H64.ITM : opcode 101: Traduction 11012216 manquante
SW1H65.ITM : Opcode 321 : La ressource SPWI205.itm n'existe pas.
SW1H65.ITM : Opcode 321 : La ressource SPIN105.itm n'existe pas.
SW1H65.ITM : Opcode 321 : La ressource SPPR650.itm n'existe pas.
SW1H65.ITM : Opcode 321 : La ressource acidooz3.spl n'existe pas.
SW1H65.ITM : Opcode 321 : La ressource dartmel.spl n'existe pas.
SW1H65.ITM : Opcode 321 : La ressource demogorg.spl n'existe pas.
SW1H65.ITM : Opcode 321 : no names of spells or items found
SW1H65.ITM : Opcode 321 : La ressource ghast1.spl n'existe pas.
SW1H65.ITM : Opcode 321 : La ressource ghoullor.spl n'existe pas.
SW1H65.ITM : Opcode 321 : La ressource iotyugh.spl n'existe pas.
SW1H65.ITM : Opcode 321 : La ressource lacedo.spl n'existe pas.
SW1H65.ITM : Opcode 321 : La ressource lacedo02.spl n'existe pas.
SW1H65.ITM : Opcode 321 : La ressource magispwr.spl n'existe pas.
SW1H65.ITM : Opcode 321 : no names of spells or items found
SW1H65.ITM : Opcode 321 : La ressource misc8j.spl n'existe pas.
SW1H65.ITM : Opcode 321 : La ressource mumgrew.spl n'existe pas.
SW1H65.ITM : Opcode 321 : no names of spells or items found
SW1H65.ITM : Opcode 321 : La ressource mummyw.spl n'existe pas.
SW1H65.ITM : Opcode 321 : no names of spells or items found
SW1H65.ITM : Opcode 321 : La ressource ohhgmum1.spl n'existe pas.
SW1H65.ITM : Opcode 321 : no names of spells or items found
SW1H65.ITM : Opcode 321 : La ressource ohrslng1.spl n'existe pas.
SW1H65.ITM : Opcode 321 : La ressource otyugh.spl n'existe pas.
SW1H65.ITM : Opcode 321 : La ressource p1-2p.spl n'existe pas.
SW1H65.ITM : Opcode 321 : no names of spells or items found
SW1H65.ITM : Opcode 321 : La ressource paraghas.spl n'existe pas.
SW1H65.ITM : Opcode 321 : La ressource pudden01.spl n'existe pas.
SW1H65.ITM : Opcode 321 : no names of spells or items found
SW1H65.ITM : Opcode 321 : La ressource sahzom01.spl n'existe pas.
SW1H65.ITM : Opcode 321 : no names of spells or items found
SW1H65.ITM : Opcode 321 : La ressource sharswd.spl n'existe pas.
SW1H65.ITM : Opcode 321 : La ressource spidwr1.spl n'existe pas.
SW1H65.ITM : Opcode 321 : no names of spells or items found
SW1H65.ITM : Opcode 321 : La ressource zomsea.spl n'existe pas.
SW1H65.ITM : Opcode 321 : La ressource OHBCDIS.itm n'existe pas.
SW1H65.ITM : Opcode 321 : La ressource SPIN784.itm n'existe pas.
SW1H65.ITM : Opcode 321 : La ressource SPWI409.itm n'existe pas.
SW1H65.ITM : opcode 101: Traduction 11012216 manquante
SW1H65.ITM : opcode 101: Traduction 11012024 manquante
SW1H65.ITM : opcode 101: Traduction 11012106 manquante
SW1H65.ITM : opcode 101: Traduction 11012023 manquante
SW1H65.ITM : opcode 101: Traduction 11012076 manquante
SW1H65.ITM : opcode 101: Traduction 11012128 manquante
SW1H68C.ITM : Opcode 112 à gérer.
SW1H69C.ITM : Opcode 112 à gérer.
SW1P01.ITM : Unknown macro: opcode_target_233
SW1P01.ITM : FAILURE: opcode 232: Failure("Unknown macro: opcode_target_233")
SW2H06.ITM : Opcode 206 : La ressource cdsw1h58.spl n'existe pas.
SW2H06.ITM : Opcode 206 : La ressource cdmound.spl n'existe pas.
SW2H06.ITM : Opcode 206 : La ressource cdhgnya1.spl n'existe pas.
SW2H13.ITM : Opcode 206 : La ressource cdsw1h58.spl n'existe pas.
SW2H13.ITM : Opcode 206 : La ressource cdmound.spl n'existe pas.
SW2H13.ITM : Opcode 206 : La ressource cdhgnya1.spl n'existe pas.
SW2HD1.ITM : Opcode 321 : La ressource ohdsw1.itm n'existe pas.
SW2HD1.ITM : Opcode 321 : no names of spells or items found
SW2HD1.ITM : Opcode 321 : La ressource ohdsw1.itm n'existe pas.
SW2HD1.ITM : Opcode 321 : no names of spells or items found
BLUN23.ITM : Opcode 177 : La ressource mobln232.eff n'existe pas.
BLUN23.ITM : Opcode 177 : La ressource mobln231.eff n'existe pas.
CHAINBM.ITM : Opcode 318 : La ressource umbergaz.spl n'existe pas.
MOBT07.ITM : Opcode 206 : La ressource cdsw1h58.spl n'existe pas.
MOBT07.ITM : Opcode 206 : La ressource cdmound.spl n'existe pas.
MOBT07.ITM : Opcode 206 : La ressource cdhgnya1.spl n'existe pas.
