	
CBBNEL31.itm : opcode 101: Traduction 11010224 manquante
CBBNEL31.itm : FAILURE: opcode 101: Not_found
CBCL023A.itm : Opcode 112 à gérer.
CBDRT70B.itm : opcode 101: Traduction 11010170 manquante
CBDRT70B.itm : FAILURE: opcode 101: Not_found
CBMANCL2.itm : opcode 101: Traduction 11010163 manquante
CBMANCL2.itm : FAILURE: opcode 101: Not_found
CBMANCLE.itm : Opcode 123 à gérer.
CBTN2HS1.itm : Unknown macro: opcode_target_233
CBTN2HS2.itm : Unknown macro: opcode_target_233
CBTN2HS3.itm : Unknown macro: opcode_target_233
CBTN2HS4.itm : Unknown macro: opcode_target_233
CBTN2HS5.itm : Unknown macro: opcode_target_233
CBTN2HW1.itm : Unknown macro: opcode_target_233
CBTN2HW2.itm : Unknown macro: opcode_target_233
CBTN2HW3.itm : Unknown macro: opcode_target_233
CBTNAXE1.itm : Unknown macro: opcode_target_233
CBTNAXE2.itm : Unknown macro: opcode_target_233
CBTNAXE3.itm : Unknown macro: opcode_target_233
CBTNAXE4.itm : Unknown macro: opcode_target_233
CBTNAXE5.itm : Unknown macro: opcode_target_233
CBTNBSD1.itm : Unknown macro: opcode_target_233
CBTNBSD2.itm : Unknown macro: opcode_target_233
CBTNBSD3.itm : Unknown macro: opcode_target_233
CBTNBSD4.itm : Unknown macro: opcode_target_233
CBTNBSD5.itm : Unknown macro: opcode_target_233
CBTNCLB1.itm : Unknown macro: opcode_target_233
CBTNCLB2.itm : Unknown macro: opcode_target_233
CBTNCLB3.itm : Unknown macro: opcode_target_233
CBTNCLB4.itm : Unknown macro: opcode_target_233
CBTNCLB5.itm : Unknown macro: opcode_target_233
CBTNDGR1.itm : Unknown macro: opcode_target_233
CBTNDGR2.itm : Unknown macro: opcode_target_233
CBTNDGR3.itm : Unknown macro: opcode_target_233
CBTNDGR4.itm : Unknown macro: opcode_target_233
CBTNDGR5.itm : Unknown macro: opcode_target_233
CBTNDRT1.itm : Unknown macro: opcode_target_233
CBTNDRT2.itm : Unknown macro: opcode_target_233
CBTNDRT3.itm : Unknown macro: opcode_target_233
CBTNDRT4.itm : Unknown macro: opcode_target_233
CBTNDRT5.itm : Unknown macro: opcode_target_233
CBTNHAL1.itm : Unknown macro: opcode_target_233
CBTNHAL2.itm : Unknown macro: opcode_target_233
CBTNHAL3.itm : Unknown macro: opcode_target_233
CBTNHAL4.itm : Unknown macro: opcode_target_233
CBTNHAL5.itm : Unknown macro: opcode_target_233
CBTNKAT1.itm : Unknown macro: opcode_target_233
CBTNKAT2.itm : Unknown macro: opcode_target_233
CBTNKAT3.itm : Unknown macro: opcode_target_233
CBTNKAT4.itm : Unknown macro: opcode_target_233
CBTNKAT5.itm : Unknown macro: opcode_target_233
CBTNLBW1.itm : Unknown macro: opcode_target_233
CBTNLBW2.itm : Unknown macro: opcode_target_233
CBTNLBW3.itm : Unknown macro: opcode_target_233
CBTNLBW4.itm : Unknown macro: opcode_target_233
CBTNLBW5.itm : Unknown macro: opcode_target_233
CBTNLSD1.itm : Unknown macro: opcode_target_233
CBTNLSD2.itm : Unknown macro: opcode_target_233
CBTNLSD3.itm : Unknown macro: opcode_target_233
CBTNLSD4.itm : Unknown macro: opcode_target_233
CBTNLSD5.itm : Unknown macro: opcode_target_233
CBTNMCE1.itm : Unknown macro: opcode_target_233
CBTNMCE2.itm : Unknown macro: opcode_target_233
CBTNMCE3.itm : Unknown macro: opcode_target_233
CBTNMCE4.itm : Unknown macro: opcode_target_233
CBTNMCE5.itm : Unknown macro: opcode_target_233
CBTNMST1.itm : Unknown macro: opcode_target_233
CBTNMST2.itm : Unknown macro: opcode_target_233
CBTNMST3.itm : Unknown macro: opcode_target_233
CBTNMST4.itm : Unknown macro: opcode_target_233
CBTNMST5.itm : Unknown macro: opcode_target_233
CBTNQSF1.itm : Unknown macro: opcode_target_233
CBTNQSF2.itm : Unknown macro: opcode_target_233
CBTNQSF3.itm : Unknown macro: opcode_target_233
CBTNQSF4.itm : Unknown macro: opcode_target_233
CBTNQSF5.itm : Unknown macro: opcode_target_233
CBTNSBW1.itm : Unknown macro: opcode_target_233
CBTNSBW2.itm : Unknown macro: opcode_target_233
CBTNSBW3.itm : Unknown macro: opcode_target_233
CBTNSBW4.itm : Unknown macro: opcode_target_233
CBTNSBW5.itm : Unknown macro: opcode_target_233
CBTNSCM1.itm : Unknown macro: opcode_target_233
CBTNSCM2.itm : Unknown macro: opcode_target_233
CBTNSCM3.itm : Unknown macro: opcode_target_233
CBTNSCM4.itm : Unknown macro: opcode_target_233
CBTNSCM5.itm : Unknown macro: opcode_target_233
CBTNSLG1.itm : Unknown macro: opcode_target_233
CBTNSLG2.itm : Unknown macro: opcode_target_233
CBTNSLG3.itm : Unknown macro: opcode_target_233
CBTNSLG4.itm : Unknown macro: opcode_target_233
CBTNSLG5.itm : Unknown macro: opcode_target_233
CBTNSPR1.itm : Unknown macro: opcode_target_233
CBTNSPR2.itm : Unknown macro: opcode_target_233
CBTNSPR3.itm : Unknown macro: opcode_target_233
CBTNSPR4.itm : Unknown macro: opcode_target_233
CBTNSPR5.itm : Unknown macro: opcode_target_233
CBTNSSD1.itm : Unknown macro: opcode_target_233
CBTNSSD2.itm : Unknown macro: opcode_target_233
CBTNSSD3.itm : Unknown macro: opcode_target_233
CBTNSSD4.itm : Unknown macro: opcode_target_233
CBTNSSD5.itm : Unknown macro: opcode_target_233
CBTNSSS1.itm : Unknown macro: opcode_target_233
CBTNSSS2.itm : Unknown macro: opcode_target_233
CBTNSSS3.itm : Unknown macro: opcode_target_233
CBTNSWS1.itm : Unknown macro: opcode_target_233
CBTNSWS2.itm : Unknown macro: opcode_target_233
CBTNSWS3.itm : Unknown macro: opcode_target_233
CBTNTWS1.itm : Unknown macro: opcode_target_233
CBTNTWS2.itm : Unknown macro: opcode_target_233
CBTNTWS3.itm : Unknown macro: opcode_target_233
CBTNWHR1.itm : Unknown macro: opcode_target_233
CBTNWHR2.itm : Unknown macro: opcode_target_233
CBTNWHR3.itm : Unknown macro: opcode_target_233
CBTNWHR4.itm : Unknown macro: opcode_target_233
CBTNWHR5.itm : Unknown macro: opcode_target_233
CBTNXBW1.itm : Unknown macro: opcode_target_233
CBTNXBW2.itm : Unknown macro: opcode_target_233
CBTNXBW3.itm : Unknown macro: opcode_target_233
CBTNXBW4.itm : Unknown macro: opcode_target_233
CBTNXBW5.itm : Unknown macro: opcode_target_233
