	
ABAZRING.ITM : Opcode 206 : La ressource cdsw1h58.spl n'existe pas.
ABAZRING.ITM : Opcode 206 : La ressource cdmound.spl n'existe pas.
ABAZRING.ITM : Opcode 206 : La ressource cdhgnya1.spl n'existe pas.
ALDETH.ITM : Opcode 206 : La ressource cdsw1h58.spl n'existe pas.
ALDETH.ITM : Opcode 206 : La ressource cdmound.spl n'existe pas.
ALDETH.ITM : Opcode 206 : La ressource cdhgnya1.spl n'existe pas.
AMUL17.ITM : Opcode 321 à gérer.
AMUL17.ITM : Opcode 321 à gérer.
AX1H19.ITM : Opcode 112 à gérer.
BAZPATRG.ITM : Opcode 206 : La ressource cdsw1h58.spl n'existe pas.
BAZPATRG.ITM : Opcode 206 : La ressource cdmound.spl n'existe pas.
BAZPATRG.ITM : Opcode 206 : La ressource cdhgnya1.spl n'existe pas.
BDAX1H02.ITM : Opcode 318 : self avec parameter1 et parameter2 différent de 0
BDAX1H05.ITM : Opcode 318 : self avec parameter1 et parameter2 différent de 0
BDBELT01.ITM : Opcode 321 à gérer.
BDBLUN04.ITM : FAILURE: opcode 12: Failure("BDBLUN04.ITM : Type de degat '3' pour le opcode 12 pas encore gere")
BDBLUN04.ITM : FAILURE: opcode 341: Failure("Opcode 12: Failure(\"BDBLUN04.ITM : Type de degat '3' pour le opcode 12 pas encore gere\")")
BDBOW01.ITM : Opcode 318 : self avec parameter1 et parameter2 différent de 0
BDBOW04.ITM : Unknown macro: opcode_target_326
BDBOW05.ITM : Unknown macro: opcode_target_326
BDCONSTR.ITM : Opcode 206 : La ressource sppr422.spl n'existe pas.
BDFF1000.ITM : opcode 101: Traduction 11010007 manquante
BDFF1000.ITM : FAILURE: opcode 101: Not_found
BDFF1002.ITM : opcode 101: Traduction 11010007 manquante
BDFF1002.ITM : FAILURE: opcode 101: Not_found
BDGOGH01.ITM : Opcode 318 : Immunité à une ressource (spl ou itm) différente de l'objet : BDSHA06A
BDGOGH01.ITM : Opcode 318 : self avec parameter1 et parameter2 différent de 0
BDHALB02.ITM : Opcode 318 : Immunité à une ressource (spl ou itm) différente de l'objet : BDFESTER
BDHALB02.ITM : Opcode 318 : Immunité à une ressource (spl ou itm) différente de l'objet : BDFESTER
BDHALB02.ITM : Opcode 318 : Immunité à une ressource (spl ou itm) différente de l'objet : BDFESTER
BDHALB02.ITM : Opcode 321 à gérer.
BDHALB03.ITM : Unknown macro: opcode_target_326
BDHAMM06.ITM : Unknown macro: opcode_target_326
BDMISC1B.ITM : opcode 101: Traduction 11010177 manquante
BDMISC1B.ITM : FAILURE: opcode 101: Not_found
BDMISC1C.ITM : opcode 101: Traduction 11010177 manquante
BDMISC1C.ITM : FAILURE: opcode 101: Not_found
BDRING09.ITM : Opcode 206 : La ressource cdsw1h58.spl n'existe pas.
BDRING09.ITM : Opcode 206 : La ressource cdmound.spl n'existe pas.
BDRING09.ITM : Opcode 206 : La ressource cdhgnya1.spl n'existe pas.
BDSW1H01.ITM : Opcode 321 à gérer.
BDSW1H01.ITM : Opcode 321 à gérer.
BDSW1H03.ITM : Unknown macro: opcode_target_326
BDSW1H03.ITM : FAILURE: opcode 341: Failure("Unknown macro: opcode_target_326")
BDSW1H08.ITM : Opcode 321 à gérer.
BDSW1H14.ITM : Opcode 321 à gérer.
BDSW1H21.ITM : Opcode 321 à gérer.
BDSW1H21.ITM : Opcode 321 à gérer.
BDSW1H21.ITM : Opcode 44: Unknow target : 9 
BDSW2H01.ITM : Opcode 321 à gérer.
BDSW2H02.ITM : Unknown macro: opcode_target_326
BDSW2H02.ITM : FAILURE: opcode 341: Failure("Unknown macro: opcode_target_326")
BEHOLDER.ITM : Opcode 206 : La ressource cdsw1h58.spl n'existe pas.
BEHOLDER.ITM : Opcode 206 : La ressource cdmound.spl n'existe pas.
BEHOLDER.ITM : Opcode 206 : La ressource cdhgnya1.spl n'existe pas.
BLUN30.ITM : Opcode 206 : La ressource cdsw1h58.spl n'existe pas.
BLUN30.ITM : Opcode 206 : La ressource cdmound.spl n'existe pas.
BLUN30.ITM : Opcode 206 : La ressource cdhgnya1.spl n'existe pas.
CATRING.ITM : FAILURE: opcode 1: Not_found
CBBNEL31.ITM : opcode 101: Traduction 11010224 manquante
CBBNEL31.ITM : FAILURE: opcode 101: Not_found
CBCL023A.ITM : Opcode 112 à gérer.
CBDRT70B.ITM : opcode 101: Traduction 11010170 manquante
CBDRT70B.ITM : FAILURE: opcode 101: Not_found
CBMANCL2.ITM : opcode 101: Traduction 11010163 manquante
CBMANCL2.ITM : FAILURE: opcode 101: Not_found
CBMANCLE.ITM : Opcode 123 à gérer.
CBTN2HS1.ITM : Unknown macro: opcode_target_233
CBTN2HS2.ITM : Unknown macro: opcode_target_233
CBTN2HS3.ITM : Unknown macro: opcode_target_233
CBTN2HS4.ITM : Unknown macro: opcode_target_233
CBTN2HS5.ITM : Unknown macro: opcode_target_233
CBTN2HW1.ITM : Unknown macro: opcode_target_233
CBTN2HW2.ITM : Unknown macro: opcode_target_233
CBTN2HW3.ITM : Unknown macro: opcode_target_233
CBTNAXE1.ITM : Unknown macro: opcode_target_233
CBTNAXE2.ITM : Unknown macro: opcode_target_233
CBTNAXE3.ITM : Unknown macro: opcode_target_233
CBTNAXE4.ITM : Unknown macro: opcode_target_233
CBTNAXE5.ITM : Unknown macro: opcode_target_233
CBTNBSD1.ITM : Unknown macro: opcode_target_233
CBTNBSD2.ITM : Unknown macro: opcode_target_233
CBTNBSD3.ITM : Unknown macro: opcode_target_233
CBTNBSD4.ITM : Unknown macro: opcode_target_233
CBTNBSD5.ITM : Unknown macro: opcode_target_233
CBTNCLB1.ITM : Unknown macro: opcode_target_233
CBTNCLB2.ITM : Unknown macro: opcode_target_233
CBTNCLB3.ITM : Unknown macro: opcode_target_233
CBTNCLB4.ITM : Unknown macro: opcode_target_233
CBTNCLB5.ITM : Unknown macro: opcode_target_233
CBTNDGR1.ITM : Unknown macro: opcode_target_233
CBTNDGR2.ITM : Unknown macro: opcode_target_233
CBTNDGR3.ITM : Unknown macro: opcode_target_233
CBTNDGR4.ITM : Unknown macro: opcode_target_233
CBTNDGR5.ITM : Unknown macro: opcode_target_233
CBTNDRT1.ITM : Unknown macro: opcode_target_233
CBTNDRT2.ITM : Unknown macro: opcode_target_233
CBTNDRT3.ITM : Unknown macro: opcode_target_233
CBTNDRT4.ITM : Unknown macro: opcode_target_233
CBTNDRT5.ITM : Unknown macro: opcode_target_233
CBTNHAL1.ITM : Unknown macro: opcode_target_233
CBTNHAL2.ITM : Unknown macro: opcode_target_233
CBTNHAL3.ITM : Unknown macro: opcode_target_233
CBTNHAL4.ITM : Unknown macro: opcode_target_233
CBTNHAL5.ITM : Unknown macro: opcode_target_233
CBTNKAT1.ITM : Unknown macro: opcode_target_233
CBTNKAT2.ITM : Unknown macro: opcode_target_233
CBTNKAT3.ITM : Unknown macro: opcode_target_233
CBTNKAT4.ITM : Unknown macro: opcode_target_233
CBTNKAT5.ITM : Unknown macro: opcode_target_233
CBTNLBW1.ITM : Unknown macro: opcode_target_233
CBTNLBW2.ITM : Unknown macro: opcode_target_233
CBTNLBW3.ITM : Unknown macro: opcode_target_233
CBTNLBW4.ITM : Unknown macro: opcode_target_233
CBTNLBW5.ITM : Unknown macro: opcode_target_233
CBTNLSD1.ITM : Unknown macro: opcode_target_233
CBTNLSD2.ITM : Unknown macro: opcode_target_233
CBTNLSD3.ITM : Unknown macro: opcode_target_233
CBTNLSD4.ITM : Unknown macro: opcode_target_233
CBTNLSD5.ITM : Unknown macro: opcode_target_233
CBTNMCE1.ITM : Unknown macro: opcode_target_233
CBTNMCE2.ITM : Unknown macro: opcode_target_233
CBTNMCE3.ITM : Unknown macro: opcode_target_233
CBTNMCE4.ITM : Unknown macro: opcode_target_233
CBTNMCE5.ITM : Unknown macro: opcode_target_233
CBTNMST1.ITM : Unknown macro: opcode_target_233
CBTNMST2.ITM : Unknown macro: opcode_target_233
CBTNMST3.ITM : Unknown macro: opcode_target_233
CBTNMST4.ITM : Unknown macro: opcode_target_233
CBTNMST5.ITM : Unknown macro: opcode_target_233
CBTNQSF1.ITM : Unknown macro: opcode_target_233
CBTNQSF2.ITM : Unknown macro: opcode_target_233
CBTNQSF3.ITM : Unknown macro: opcode_target_233
CBTNQSF4.ITM : Unknown macro: opcode_target_233
CBTNQSF5.ITM : Unknown macro: opcode_target_233
CBTNSBW1.ITM : Unknown macro: opcode_target_233
CBTNSBW2.ITM : Unknown macro: opcode_target_233
CBTNSBW3.ITM : Unknown macro: opcode_target_233
CBTNSBW4.ITM : Unknown macro: opcode_target_233
CBTNSBW5.ITM : Unknown macro: opcode_target_233
CBTNSCM1.ITM : Unknown macro: opcode_target_233
CBTNSCM2.ITM : Unknown macro: opcode_target_233
CBTNSCM3.ITM : Unknown macro: opcode_target_233
CBTNSCM4.ITM : Unknown macro: opcode_target_233
CBTNSCM5.ITM : Unknown macro: opcode_target_233
CBTNSLG1.ITM : Unknown macro: opcode_target_233
CBTNSLG2.ITM : Unknown macro: opcode_target_233
CBTNSLG3.ITM : Unknown macro: opcode_target_233
CBTNSLG4.ITM : Unknown macro: opcode_target_233
CBTNSLG5.ITM : Unknown macro: opcode_target_233
CBTNSPR1.ITM : Unknown macro: opcode_target_233
CBTNSPR2.ITM : Unknown macro: opcode_target_233
CBTNSPR3.ITM : Unknown macro: opcode_target_233
CBTNSPR4.ITM : Unknown macro: opcode_target_233
CBTNSPR5.ITM : Unknown macro: opcode_target_233
CBTNSSD1.ITM : Unknown macro: opcode_target_233
CBTNSSD2.ITM : Unknown macro: opcode_target_233
CBTNSSD3.ITM : Unknown macro: opcode_target_233
CBTNSSD4.ITM : Unknown macro: opcode_target_233
CBTNSSD5.ITM : Unknown macro: opcode_target_233
CBTNSSS1.ITM : Unknown macro: opcode_target_233
CBTNSSS2.ITM : Unknown macro: opcode_target_233
CBTNSSS3.ITM : Unknown macro: opcode_target_233
CBTNSWS1.ITM : Unknown macro: opcode_target_233
CBTNSWS2.ITM : Unknown macro: opcode_target_233
CBTNSWS3.ITM : Unknown macro: opcode_target_233
CBTNTWS1.ITM : Unknown macro: opcode_target_233
CBTNTWS2.ITM : Unknown macro: opcode_target_233
CBTNTWS3.ITM : Unknown macro: opcode_target_233
CBTNWHR1.ITM : Unknown macro: opcode_target_233
CBTNWHR2.ITM : Unknown macro: opcode_target_233
CBTNWHR3.ITM : Unknown macro: opcode_target_233
CBTNWHR4.ITM : Unknown macro: opcode_target_233
CBTNWHR5.ITM : Unknown macro: opcode_target_233
CBTNXBW1.ITM : Unknown macro: opcode_target_233
CBTNXBW2.ITM : Unknown macro: opcode_target_233
CBTNXBW3.ITM : Unknown macro: opcode_target_233
CBTNXBW4.ITM : Unknown macro: opcode_target_233
CBTNXBW5.ITM : Unknown macro: opcode_target_233
CBWTNI6A.ITM : Opcode 248 : La ressource CBROLFSW.eff n'existe pas.
CBWTNI6A.ITM : Opcode 248 : La ressource GUIVVIS.eff n'existe pas.
CBWTNI6A.ITM : Opcode 249 : La ressource GUIVVIS.eff n'existe pas.
CDHGTRL.ITM : Opcode 112 à gérer.
CDHGTRL.ITM : Opcode 112 à gérer.
CDTORGAL.ITM : Opcode 112 à gérer.
CDTORGAL.ITM : Opcode 112 à gérer.
CDTRLBLZ.ITM : Opcode 112 à gérer.
CDTRLBLZ.ITM : Opcode 112 à gérer.
CHALCY3.ITM : Opcode 321 à gérer.
CHALCY3.ITM : Opcode 321 à gérer.
CLCK24.ITM : Opcode 197 : Réflection du type de projectile '219'
CLCK24.ITM : Opcode 197 : Réflection du type de projectile '205'
CLCK24.ITM : Opcode 197 : Réflection du type de projectile '320'
DRAGRING.ITM : Opcode 206 : La ressource cdsw1h58.spl n'existe pas.
DRAGRING.ITM : Opcode 206 : La ressource cdmound.spl n'existe pas.
DRAGRING.ITM : Opcode 206 : La ressource cdhgnya1.spl n'existe pas.
DSCUCW01.ITM : Unknown macro: opcode_self_115
DSRNG103.ITM : opcode 101: Traduction 11012134 manquante
DSRNG103.ITM : FAILURE: opcode 101: Not_found
DSSKSTAF.ITM : Unknown macro: opcode_target_probability_71
ETTERC.ITM : Opcode 318 : self avec parameter1 et parameter2 différent de 0
ETTERC.ITM : Opcode 318 : self avec parameter1 et parameter2 différent de 0
FREERING.ITM : Opcode 206 : La ressource cdsw1h58.spl n'existe pas.
FREERING.ITM : Opcode 206 : La ressource cdmound.spl n'existe pas.
FREERING.ITM : Opcode 206 : La ressource cdhgnya1.spl n'existe pas.
FSSPIR.ITM : Opcode 206 : La ressource cdsw1h58.spl n'existe pas.
FSSPIR.ITM : Opcode 206 : La ressource cdmound.spl n'existe pas.
FSSPIR.ITM : Opcode 206 : La ressource cdhgnya1.spl n'existe pas.
GBASIL.ITM : Opcode 318 : self avec parameter1 et parameter2 différent de 0
GBASIL.ITM : Opcode 318 : self avec parameter1 et parameter2 différent de 0
GISPID.ITM : Opcode 318 : self avec parameter1 et parameter2 différent de 0
GISPID.ITM : Opcode 318 : self avec parameter1 et parameter2 différent de 0
GORCHR.ITM : Opcode 206 : La ressource cdsw1h58.spl n'existe pas.
GORCHR.ITM : Opcode 206 : La ressource cdmound.spl n'existe pas.
GORCHR.ITM : Opcode 206 : La ressource cdhgnya1.spl n'existe pas.
HAMM09.ITM : Opcode 123 à gérer.
HARM.ITM : FAILURE: opcode 12: Failure("HARM.ITM : Type de degat '4194305' pour le opcode 12 pas encore gere")
HELM35.ITM : Opcode 83: TODO: self_probability
HOLDRING.ITM : Opcode 206 : La ressource cdsw1h58.spl n'existe pas.
HOLDRING.ITM : Opcode 206 : La ressource cdmound.spl n'existe pas.
HOLDRING.ITM : Opcode 206 : La ressource cdhgnya1.spl n'existe pas.
HUSPID.ITM : Opcode 318 : self avec parameter1 et parameter2 différent de 0
HUSPID.ITM : Opcode 318 : self avec parameter1 et parameter2 différent de 0
IMMCLOUD.ITM : Opcode 83 : Type de projectile '94'
IMMUNE3.ITM : Opcode 233: Proficiency not found : 128
IMMUNE4.ITM : Opcode 233: Proficiency not found : 128
INVULNER.ITM : Opcode 206 : La ressource cdsw1h58.spl n'existe pas.
INVULNER.ITM : Opcode 206 : La ressource cdmound.spl n'existe pas.
INVULNER.ITM : Opcode 206 : La ressource cdhgnya1.spl n'existe pas.
IPSION.ITM : Opcode 321 à gérer.
IPSION.ITM : Opcode 321 à gérer.
JWSUPER.ITM : Opcode 206 : La ressource cdsw1h58.spl n'existe pas.
JWSUPER.ITM : Opcode 206 : La ressource cdmound.spl n'existe pas.
JWSUPER.ITM : Opcode 206 : La ressource cdhgnya1.spl n'existe pas.
MAGE05.ITM : Opcode 206 : La ressource cdsw1h58.spl n'existe pas.
MAGE05.ITM : Opcode 206 : La ressource cdmound.spl n'existe pas.
MAGE05.ITM : Opcode 206 : La ressource cdhgnya1.spl n'existe pas.
NEWNTXA.ITM : Opcode 112 à gérer.
NEWSCI03.ITM : Opcode 232: TODO: target_probability
NEWSCI03.ITM : Opcode 232: TODO: target_probability
NEWSCI03.ITM : Opcode 232: TODO: target_probability
NEWSCI03.ITM : Opcode 232: TODO: target_probability
NEWSCI03.ITM : Opcode 232: TODO: target_probability
NEWSTF03.ITM : Opcode 112 à gérer.
NEWSTF03.ITM : Opcode 112 à gérer.
NEWSTF03.ITM : Opcode 112 à gérer.
NEWSTF03.ITM : Opcode 112 à gérer.
NEWSTF03.ITM : Opcode 112 à gérer.
NEWSTF03.ITM : Opcode 112 à gérer.
NEWSTF03.ITM : Opcode 112 à gérer.
NEWSTF03.ITM : Opcode 112 à gérer.
NEWSTF03.ITM : Opcode 112 à gérer.
NEWSTF03.ITM : Opcode 112 à gérer.
NEWSTF03.ITM : Opcode 112 à gérer.
NEWSTF03.ITM : Opcode 112 à gérer.
NEWSTF03.ITM : Opcode 112 à gérer.
NEWSTF03.ITM : Opcode 112 à gérer.
NEWSTF03.ITM : Opcode 112 à gérer.
NEWSTF03.ITM : Opcode 112 à gérer.
NEWSTF03.ITM : Opcode 112 à gérer.
NEWSTF03.ITM : Opcode 112 à gérer.
NEWSTF03.ITM : Opcode 112 à gérer.
NEWSTF03.ITM : Opcode 112 à gérer.
NEWSTF03.ITM : Opcode 112 à gérer.
NEWSTF03.ITM : Opcode 112 à gérer.
NEWSTF03.ITM : Opcode 112 à gérer.
NEWSTF03.ITM : Opcode 112 à gérer.
NEWSTF03.ITM : Opcode 112 à gérer.
NEWSTF03.ITM : Opcode 112 à gérer.
NEWSTF03.ITM : Opcode 112 à gérer.
NEWSTF03.ITM : Opcode 112 à gérer.
NEWSTF03.ITM : Opcode 112 à gérer.
NEWSTF03.ITM : Opcode 112 à gérer.
NEWSTF03.ITM : Opcode 112 à gérer.
NEWSTF03.ITM : Opcode 112 à gérer.
NEWSTF03.ITM : Opcode 112 à gérer.
NEWSTF03.ITM : Opcode 112 à gérer.
NEWSTF03.ITM : Opcode 112 à gérer.
NEWSWS03.ITM : Opcode 232: TODO: target_probability
NPPLAT.ITM : Opcode 206 : La ressource cdsw1h58.spl n'existe pas.
NPPLAT.ITM : Opcode 206 : La ressource cdmound.spl n'existe pas.
NPPLAT.ITM : Opcode 206 : La ressource cdhgnya1.spl n'existe pas.
OBJRING.ITM : Opcode 206 : La ressource cdsw1h58.spl n'existe pas.
OBJRING.ITM : Opcode 206 : La ressource cdmound.spl n'existe pas.
OBJRING.ITM : Opcode 206 : La ressource cdhgnya1.spl n'existe pas.
OHBREW02.ITM : Opcode 177 : La ressource .eff n'existe pas.
OHRWILC1.ITM : Opcode 233: Proficiency not found : 108
OHRWILC2.ITM : Opcode 233: Proficiency not found : 108
OHRWILC3.ITM : Opcode 233: Proficiency not found : 108
OHRWILC4.ITM : Opcode 233: Proficiency not found : 108
OHRWILC5.ITM : Opcode 233: Proficiency not found : 108
PALRING.ITM : Opcode 206 : La ressource cdsw1h58.spl n'existe pas.
PALRING.ITM : Opcode 206 : La ressource cdmound.spl n'existe pas.
PALRING.ITM : Opcode 206 : La ressource cdhgnya1.spl n'existe pas.
PHSPID.ITM : Opcode 318 : self avec parameter1 et parameter2 différent de 0
PHSPID.ITM : Opcode 318 : self avec parameter1 et parameter2 différent de 0
PLYJELLY.ITM : Opcode 318 : La ressource wand13.spl n'existe pas.
PLYWYVRN.ITM : Opcode 206 : La ressource cdhgnya1.spl n'existe pas.
PLYWYVRN.ITM : Opcode 206 : La ressource cdmound.spl n'existe pas.
PLYWYVRN.ITM : Opcode 206 : La ressource cdsw1h58.spl n'existe pas.
RING09.ITM : Opcode 206 : La ressource cdsw1h58.spl n'existe pas.
RING09.ITM : Opcode 206 : La ressource cdmound.spl n'existe pas.
RING09.ITM : Opcode 206 : La ressource cdhgnya1.spl n'existe pas.
RING97.ITM : Opcode 206 : La ressource cdsw1h58.spl n'existe pas.
RING97.ITM : Opcode 206 : La ressource cdmound.spl n'existe pas.
RING97.ITM : Opcode 206 : La ressource cdhgnya1.spl n'existe pas.
ROSSRING.ITM : Opcode 206 : La ressource cdsw1h58.spl n'existe pas.
ROSSRING.ITM : Opcode 206 : La ressource cdmound.spl n'existe pas.
ROSSRING.ITM : Opcode 206 : La ressource cdhgnya1.spl n'existe pas.
SHALT01.ITM : Opcode 206 : La ressource cdsw1h58.spl n'existe pas.
SHALT01.ITM : Opcode 206 : La ressource cdmound.spl n'existe pas.
SHALT01.ITM : Opcode 206 : La ressource cdhgnya1.spl n'existe pas.
SHLD08P.ITM : Unknown macro: opcode_target_326
SHLD08P.ITM : FAILURE: opcode 232: Failure("Unknown macro: opcode_target_326")
SPER12.ITM : Opcode 206 : La ressource cdsw1h58.spl n'existe pas.
SPER12.ITM : Opcode 206 : La ressource cdmound.spl n'existe pas.
SPER12.ITM : Opcode 206 : La ressource cdhgnya1.spl n'existe pas.
SPRNGB01.ITM : opcode 101: Traduction 11010151 manquante
SPRNGB01.ITM : FAILURE: opcode 101: Not_found
SPRNGB02.ITM : opcode 101: Traduction 11010151 manquante
SPRNGB02.ITM : FAILURE: opcode 101: Not_found
SPRNGB03.ITM : Opcode 206 : La ressource cdsw1h58.spl n'existe pas.
SPRNGB03.ITM : Opcode 206 : La ressource cdmound.spl n'existe pas.
SPRNGB03.ITM : Opcode 206 : La ressource cdhgnya1.spl n'existe pas.
SPRNGB03.ITM : opcode 101: Traduction 11010151 manquante
SPRNGB03.ITM : FAILURE: opcode 101: Not_found
SPRNGB04.ITM : Opcode 206 : La ressource cdsw1h58.spl n'existe pas.
SPRNGB04.ITM : Opcode 206 : La ressource cdmound.spl n'existe pas.
SPRNGB04.ITM : Opcode 206 : La ressource cdhgnya1.spl n'existe pas.
SPRNGB04.ITM : opcode 101: Traduction 11010151 manquante
SPRNGB04.ITM : FAILURE: opcode 101: Not_found
SPRNGL01.ITM : opcode 101: Traduction 11010151 manquante
SPRNGL01.ITM : FAILURE: opcode 101: Not_found
SPRNGL02.ITM : opcode 101: Traduction 11010151 manquante
SPRNGL02.ITM : FAILURE: opcode 101: Not_found
SPRNGL03.ITM : Opcode 206 : La ressource cdsw1h58.spl n'existe pas.
SPRNGL03.ITM : Opcode 206 : La ressource cdmound.spl n'existe pas.
SPRNGL03.ITM : Opcode 206 : La ressource cdhgnya1.spl n'existe pas.
SPRNGL03.ITM : opcode 101: Traduction 11010151 manquante
SPRNGL03.ITM : FAILURE: opcode 101: Not_found
SPRNGL04.ITM : Opcode 206 : La ressource cdsw1h58.spl n'existe pas.
SPRNGL04.ITM : Opcode 206 : La ressource cdmound.spl n'existe pas.
SPRNGL04.ITM : Opcode 206 : La ressource cdhgnya1.spl n'existe pas.
SPRNGL04.ITM : opcode 101: Traduction 11010151 manquante
SPRNGL04.ITM : FAILURE: opcode 101: Not_found
SPRNGS01.ITM : Opcode 206 : La ressource cdsw1h58.spl n'existe pas.
SPRNGS01.ITM : Opcode 206 : La ressource cdmound.spl n'existe pas.
SPRNGS01.ITM : Opcode 206 : La ressource cdhgnya1.spl n'existe pas.
SPRNGS01.ITM : opcode 101: Traduction 11010151 manquante
SPRNGS01.ITM : FAILURE: opcode 101: Not_found
SPRNGS02.ITM : Opcode 206 : La ressource cdsw1h58.spl n'existe pas.
SPRNGS02.ITM : Opcode 206 : La ressource cdmound.spl n'existe pas.
SPRNGS02.ITM : Opcode 206 : La ressource cdhgnya1.spl n'existe pas.
SPRNGS02.ITM : opcode 101: Traduction 11010151 manquante
SPRNGS02.ITM : FAILURE: opcode 101: Not_found
SPRNGS03.ITM : Opcode 206 : La ressource cdsw1h58.spl n'existe pas.
SPRNGS03.ITM : Opcode 206 : La ressource cdmound.spl n'existe pas.
SPRNGS03.ITM : Opcode 206 : La ressource cdhgnya1.spl n'existe pas.
SPRNGS03.ITM : opcode 101: Traduction 11010151 manquante
SPRNGS03.ITM : FAILURE: opcode 101: Not_found
SPRNGS04.ITM : Opcode 206 : La ressource cdsw1h58.spl n'existe pas.
SPRNGS04.ITM : Opcode 206 : La ressource cdmound.spl n'existe pas.
SPRNGS04.ITM : Opcode 206 : La ressource cdhgnya1.spl n'existe pas.
SPRNGS04.ITM : opcode 101: Traduction 11010151 manquante
SPRNGS04.ITM : FAILURE: opcode 101: Not_found
SPRNGW01.ITM : opcode 101: Traduction 11010151 manquante
SPRNGW01.ITM : FAILURE: opcode 101: Not_found
SPRNGW02.ITM : opcode 101: Traduction 11010151 manquante
SPRNGW02.ITM : FAILURE: opcode 101: Not_found
SPRNGW03.ITM : opcode 101: Traduction 11010151 manquante
SPRNGW03.ITM : FAILURE: opcode 101: Not_found
SPRNGW04.ITM : opcode 101: Traduction 11010151 manquante
SPRNGW04.ITM : FAILURE: opcode 101: Not_found
SPRNGZ05.ITM : Opcode 206 : La ressource cdsw1h58.spl n'existe pas.
SPRNGZ05.ITM : Opcode 206 : La ressource cdmound.spl n'existe pas.
SPRNGZ05.ITM : Opcode 206 : La ressource cdhgnya1.spl n'existe pas.
SPRNGZ05.ITM : opcode 101: Traduction 11010151 manquante
SPRNGZ05.ITM : FAILURE: opcode 101: Not_found
SUREHP1.ITM : Opcode 206 : La ressource cdsw1h58.spl n'existe pas.
SUREHP1.ITM : Opcode 206 : La ressource cdmound.spl n'existe pas.
SUREHP1.ITM : Opcode 206 : La ressource cdhgnya1.spl n'existe pas.
SW1H43.ITM : Opcode 146 : La ressource sw1h43.spl n'existe pas.
SW1H46.ITM : Opcode 146 : La ressource sw1h46.spl n'existe pas.
SW1H48.ITM : Opcode 146 : La ressource sw1h48.spl n'existe pas.
SW1H68C.ITM : Opcode 112 à gérer.
SW1H69C.ITM : Opcode 112 à gérer.
SW1P01.ITM : Unknown macro: opcode_target_233
SW1P01.ITM : FAILURE: opcode 232: Failure("Unknown macro: opcode_target_233")
SW2H06.ITM : Opcode 206 : La ressource cdsw1h58.spl n'existe pas.
SW2H06.ITM : Opcode 206 : La ressource cdmound.spl n'existe pas.
SW2H06.ITM : Opcode 206 : La ressource cdhgnya1.spl n'existe pas.
SW2H13.ITM : Opcode 206 : La ressource cdsw1h58.spl n'existe pas.
SW2H13.ITM : Opcode 206 : La ressource cdmound.spl n'existe pas.
SW2H13.ITM : Opcode 206 : La ressource cdhgnya1.spl n'existe pas.
SW2HD1.ITM : Opcode 321 à gérer.
TROLLREG.ITM : Opcode 112 à gérer.
TROLLREG.ITM : Opcode 112 à gérer.
UNIAMN.ITM : opcode 101: Traduction 11010007 manquante
UNIAMN.ITM : FAILURE: opcode 101: Not_found
UNIBAND.ITM : opcode 101: Traduction 11010007 manquante
UNIBAND.ITM : FAILURE: opcode 101: Not_found
UNIBBEG.ITM : opcode 101: Traduction 11010007 manquante
UNIBBEG.ITM : FAILURE: opcode 101: Not_found
UNICAEL.ITM : opcode 101: Traduction 11010007 manquante
UNICAEL.ITM : FAILURE: opcode 101: Not_found
UNICAND.ITM : opcode 101: Traduction 11010007 manquante
UNICAND.ITM : FAILURE: opcode 101: Not_found
UNICHILL.ITM : opcode 101: Traduction 11010007 manquante
UNICHILL.ITM : FAILURE: opcode 101: Not_found
UNIDAGG.ITM : opcode 101: Traduction 11010007 manquante
UNIDAGG.ITM : FAILURE: opcode 101: Not_found
UNIDRSH.ITM : opcode 101: Traduction 11010007 manquante
UNIDRSH.ITM : FAILURE: opcode 101: Not_found
UNIDRUID.ITM : opcode 101: Traduction 11010007 manquante
UNIDRUID.ITM : FAILURE: opcode 101: Not_found
UNIFAI.ITM : opcode 101: Traduction 11010007 manquante
UNIFAI.ITM : FAILURE: opcode 101: Not_found
UNIFLAM.ITM : opcode 101: Traduction 11010007 manquante
UNIFLAM.ITM : FAILURE: opcode 101: Not_found
UNILATH1.ITM : opcode 101: Traduction 11010007 manquante
UNILATH1.ITM : FAILURE: opcode 101: Not_found
UNITALON.ITM : opcode 101: Traduction 11010007 manquante
UNITALON.ITM : FAILURE: opcode 101: Not_found
UNITHAY.ITM : opcode 101: Traduction 11010007 manquante
UNITHAY.ITM : FAILURE: opcode 101: Not_found
UNITHRON.ITM : opcode 101: Traduction 11010007 manquante
UNITHRON.ITM : FAILURE: opcode 101: Not_found
UNIWATER.ITM : opcode 101: Traduction 11010007 manquante
UNIWATER.ITM : FAILURE: opcode 101: Not_found
WA2SHIEL.ITM : Opcode 197 : Réflection du type de projectile '320'
