	
AMAUNMAC.itm : Opcode 177: Wrong ids file : 0
AMAUNMAC.itm : Opcode 177: Wrong ids file : 0
GHARSW.itm : Opcode 177: Wrong ids file : 0
GHARSW.itm : Opcode 177: Wrong ids file : 0
MISERY.itm : Opcode 177: Wrong ids file : 0
MISERY.itm : Opcode 177: Wrong ids file : 0
RINGDUND.itm : Opcode 0: parameter1 equal to 0 for a bonus/malus to the armor class.
STARYM.itm : Opcode 177: Wrong ids file : 0
STARYM.itm : Opcode 177: Wrong ids file : 0
STARYM.itm : Opcode 177: Wrong ids file : 0
STARYM.itm : Opcode 177: Wrong ids file : 0
SWZZZ2.itm : Opcode 55: Invalid ids entry : class.ids (0)

Total : 164

Sans description : 0

Ignores : 55

Reussis : 108

Echoues : 1

Potions (TODO): 16

Munitions (TODO) : 1

Opcodes a coder : 18
