	
AMAUNMAC.ITM : Opcode 177: Wrong ids file : 0
AMAUNMAC.ITM : Opcode 177: Wrong ids file : 0
AX1H19.ITM : Opcode 81: Les 2 parametres doivent avoir la valeur 0
BDSW1H25.ITM : Opcode 81: Les 2 parametres doivent avoir la valeur 0
BW05JUAR.ITM : Opcode 0: parameter1 equal to 0 for a bonus/malus to the armor class.
CBPLAYR1.ITM : Opcode 100: Wrong ids file : 106
CBPLAYR1.ITM : Opcode 100: Wrong ids file : 102
CBPLAYR1.ITM : Opcode 100: Wrong ids file : 104
CBPLAYR1.ITM : Opcode 100: Wrong ids file : 105
CBPLAYR1.ITM : Opcode 100: Wrong ids file : 0
CBPLAYR1.ITM : Opcode 100: Invalid ids entry : class.ids (0)
CBPLAYR1.ITM : Opcode 100: Wrong ids file : 113
CBPLAYR1.ITM : Opcode 100: Wrong ids file : 107
CBPLAYR1.ITM : Opcode 100: Wrong ids file : 1
CBPLAYR1.ITM : Opcode 100: Wrong ids file : 108
CBPLAYR1.ITM : Opcode 100: Wrong ids file : 255
CBPLAYR1.ITM : Opcode 100: Wrong ids file : 109
CBPLAYR1.ITM : Opcode 100: Wrong ids file : 110
CBPLAYR1.ITM : Opcode 100: Wrong ids file : 111
CBPLAYR1.ITM : Opcode 100: Wrong ids file : 112
CBPLAYR1.ITM : Opcode 100: Invalid ids entry : race.ids (0)
CBPLAYR1.ITM : Opcode 100: Wrong ids file : 101
CDHGTRL.ITM : Opcode 4: Les 2 parametres doivent avoir la valeur 0
CDHGTRL.ITM : Opcode 75: Les 2 parametres doivent avoir la valeur 0
CDHGTRL.ITM : Opcode 77: Les 2 parametres doivent avoir la valeur 0
CDHGTRL.ITM : Opcode 81: Les 2 parametres doivent avoir la valeur 0
CDHGTRL.ITM : Opcode 79: Les 2 parametres doivent avoir la valeur 0
CDTORGAL.ITM : Opcode 4: Les 2 parametres doivent avoir la valeur 0
CDTORGAL.ITM : Opcode 75: Les 2 parametres doivent avoir la valeur 0
CDTORGAL.ITM : Opcode 77: Les 2 parametres doivent avoir la valeur 0
CDTORGAL.ITM : Opcode 81: Les 2 parametres doivent avoir la valeur 0
CDTORGAL.ITM : Opcode 79: Les 2 parametres doivent avoir la valeur 0
CDTRLBLZ.ITM : Opcode 4: Les 2 parametres doivent avoir la valeur 0
CDTRLBLZ.ITM : Opcode 75: Les 2 parametres doivent avoir la valeur 0
CDTRLBLZ.ITM : Opcode 77: Les 2 parametres doivent avoir la valeur 0
CDTRLBLZ.ITM : Opcode 81: Les 2 parametres doivent avoir la valeur 0
CDTRLBLZ.ITM : Opcode 79: Les 2 parametres doivent avoir la valeur 0
DEVA.ITM : Opcode 81: Les 2 parametres doivent avoir la valeur 0
DEVAEVIL.ITM : Opcode 81: Les 2 parametres doivent avoir la valeur 0
DWCHAN02.ITM : Opcode 0: parameter1 equal to 0 for a bonus/malus to the armor class.
FINSAREV.ITM : Opcode 0: parameter1 equal to 0 for a bonus/malus to the armor class.
FINSOL01.ITM : Opcode 77: Les 2 parametres doivent avoir la valeur 0
FINSOL01.ITM : Opcode 81: Les 2 parametres doivent avoir la valeur 0
FINSRV.ITM : Opcode 0: parameter1 equal to 0 for a bonus/malus to the armor class.
GHARSW.ITM : Opcode 177: Wrong ids file : 0
GHARSW.ITM : Opcode 177: Wrong ids file : 0
MISERY.ITM : Opcode 177: Wrong ids file : 0
MISERY.ITM : Opcode 177: Wrong ids file : 0
OHBREW02.ITM : Opcode 177: The resref parameter is empty
PLANETAR.ITM : Opcode 81: Les 2 parametres doivent avoir la valeur 0
PRINCESS.ITM : Opcode 238: Wrong ids file : 24
REG1HP2.ITM : Opcode 4: Les 2 parametres doivent avoir la valeur 0
REG1HP2.ITM : Opcode 75: Les 2 parametres doivent avoir la valeur 0
REG1HP2.ITM : Opcode 77: Les 2 parametres doivent avoir la valeur 0
REG1HP2.ITM : Opcode 81: Les 2 parametres doivent avoir la valeur 0
REG1HP2.ITM : Opcode 79: Les 2 parametres doivent avoir la valeur 0
RINGDUND.ITM : Opcode 0: parameter1 equal to 0 for a bonus/malus to the armor class.
SHLD06P.ITM : Opcode 178: Wrong ids file : 255
SHLD06P.ITM : Opcode 219000: Wrong ids file : 255
SHLD06P.ITM : Opcode 219001: Wrong ids file : 255
SHLD06P.ITM : Opcode 219000: Wrong ids file : 255
SHLD06P.ITM : Opcode 219001: Wrong ids file : 255
STAF11.ITM : Opcode 81: Les 2 parametres doivent avoir la valeur 0
STARYM.ITM : Opcode 177: Wrong ids file : 0
STARYM.ITM : Opcode 177: Wrong ids file : 0
STARYM.ITM : Opcode 177: Wrong ids file : 0
STARYM.ITM : Opcode 177: Wrong ids file : 0
SW1H50.ITM : Opcode 55: Invalid ids entry : specific.ids (243)
SW2H10.ITM : Opcode 81: Les 2 parametres doivent avoir la valeur 0
SW2H19.ITM : Opcode 81: Les 2 parametres doivent avoir la valeur 0
SWZZZ2.ITM : Opcode 55: Invalid ids entry : class.ids (0)
TROLLREG.ITM : Opcode 4: Les 2 parametres doivent avoir la valeur 0
TROLLREG.ITM : Opcode 75: Les 2 parametres doivent avoir la valeur 0
TROLLREG.ITM : Opcode 77: Les 2 parametres doivent avoir la valeur 0
TROLLREG.ITM : Opcode 81: Les 2 parametres doivent avoir la valeur 0
TROLLREG.ITM : Opcode 79: Les 2 parametres doivent avoir la valeur 0
ZLIN192.ITM : Opcode 55: Invalid ids entry : class.ids (0)
ZLIN192.ITM : Opcode 55: Invalid ids entry : class.ids (0)
ZLIN281.ITM : Opcode 0: parameter1 equal to 0 for a bonus/malus to the armor class.
ZLIN367.ITM : Opcode 75: Les 2 parametres doivent avoir la valeur 0
ZLIN397.ITM : Opcode 0: parameter1 equal to 0 for a bonus/malus to the armor class.
ZLIN407.ITM : Opcode 0: parameter1 equal to 0 for a bonus/malus to the armor class.
ZLINK20.ITM : Opcode 238: Wrong ids file : 0
ZLINK41.ITM : Opcode 0: parameter1 equal to 0 for a bonus/malus to the armor class.
ZLINK92.ITM : Opcode 43: Les 2 parametres doivent avoir la valeur 0
ZLINK93.ITM : Opcode 190 : Invalid value for parameter2 : 24


Total : 5942

Sans description : 0

Ignores : 2975

Reussis : 2942

Echoues : 25

Potions (TODO): 733

Munitions (TODO) : 109

Opcodes a coder : 18
