	
BEHOLDER.itm : Opcode 206 : La ressource cdsw1h58.spl n'existe pas.
BEHOLDER.itm : Opcode 206 : La ressource cdmound.spl n'existe pas.
BEHOLDER.itm : Opcode 206 : La ressource cdhgnya1.spl n'existe pas.
l#rni3.itm : Unknown macro: opcode_target_1
l#rni3.itm : FAILURE: opcode 177: Failure("Failure(\"Unknown macro: opcode_target_1\")")
l#shadm1.itm : Unknown macro: opcode_self_24
l#shadm1.itm : FAILURE: opcode 232: Failure("Unknown macro: opcode_self_24")
l#ulcda.itm : Unknown macro: opcode_target_233
l#ulcda.itm : FAILURE: opcode 341: Failure("Unknown macro: opcode_target_233")
l#zsod9.itm : Opcode 321 : La ressource L#ZSOD9A.itm n'existe pas.
l#zsod9.itm : Opcode 321 : no names of spells or items found
l#zsod9.itm : Opcode 321 : La ressource L#ZSOD9B.itm n'existe pas.
l#zsod9.itm : Opcode 321 : no names of spells or items found
l#zsod9.itm : Opcode 321 : La ressource L#ZSOD9C.itm n'existe pas.
l#zsod9.itm : Opcode 321 : no names of spells or items found
l#zsod9.itm : Opcode 321 : La ressource L#ZSOD9E.itm n'existe pas.
l#zsod9.itm : Opcode 321 : no names of spells or items found
l#zsod9.itm : Opcode 321 : La ressource L#ZSOD9F.itm n'existe pas.
l#zsod9.itm : Opcode 321 : no names of spells or items found
BEHOLDER.ITM : Opcode 206 : La ressource cdsw1h58.spl n'existe pas.
BEHOLDER.ITM : Opcode 206 : La ressource cdmound.spl n'existe pas.
BEHOLDER.ITM : Opcode 206 : La ressource cdhgnya1.spl n'existe pas.
