	
AMAUNMAC.itm : Opcode 177 : La ressource SMOLD3.eff n'existe pas.
AMAUNMAC.itm : Opcode 177 : La ressource EMBER3.eff n'existe pas.
BLADETRM.itm : Opcode 264 à gérer.
DEATHREB.itm : Opcode 177 : La ressource LICHHIT3.eff n'existe pas.
DEATHREB.itm : Opcode 177 : La ressource LICHDAM3.eff n'existe pas.
DEATHREB.itm : Opcode 177 : La ressource SKELHIT3.eff n'existe pas.
DEATHREB.itm : Opcode 177 : La ressource SKELDAM3.eff n'existe pas.
LAVAHND.itm : Opcode 264 à gérer.
LV16ROB.itm : Opcode 112 à gérer.
LV16ROB.itm : Opcode 112 à gérer.
LV16ROB.itm : Opcode 112 à gérer.
LV16ROB.itm : Opcode 112 à gérer.
LV16ROB.itm : Opcode 112 à gérer.
LV16ROB.itm : Opcode 112 à gérer.
LV16ROB.itm : Opcode 112 à gérer.
LV16ROB.itm : Opcode 112 à gérer.
LV16ROB.itm : Opcode 112 à gérer.
LV16ROB.itm : Opcode 112 à gérer.
LV16ROB.itm : Opcode 112 à gérer.
LV16ROB.itm : Opcode 112 à gérer.
LV16ROB.itm : Opcode 112 à gérer.
LV16ROB.itm : Opcode 112 à gérer.
LV16ROB.itm : Opcode 112 à gérer.
LV16ROB.itm : Opcode 112 à gérer.
LV16ROB.itm : Opcode 112 à gérer.
LV16ROB.itm : Opcode 112 à gérer.
LV16ROB.itm : Opcode 112 à gérer.
LV16ROB.itm : Opcode 112 à gérer.
LV16ROB.itm : Opcode 112 à gérer.
LV16ROB.itm : Opcode 112 à gérer.
LV16ROB.itm : Opcode 112 à gérer.
LV16ROB.itm : Opcode 112 à gérer.
LV16ROB.itm : Opcode 112 à gérer.
LV16ROB.itm : Opcode 112 à gérer.
LV16ROB.itm : Opcode 112 à gérer.
LV16ROB.itm : Opcode 112 à gérer.
LV16ROB.itm : Opcode 112 à gérer.
LV16ROB.itm : Opcode 112 à gérer.
LV16ROB.itm : Opcode 112 à gérer.
LV16ROB.itm : Opcode 112 à gérer.
LV16ROB.itm : Opcode 112 à gérer.
LV16ROB.itm : Opcode 112 à gérer.
LV16ROB.itm : Opcode 112 à gérer.
MISERY.itm : Opcode 177 : La ressource ELFDAM1.eff n'existe pas.
MISERY.itm : Opcode 177 : La ressource ELFHIT1.eff n'existe pas.
MOONLITE.itm : Opcode 177 : La ressource UNDDAM2.eff n'existe pas.
NIGHTHND.itm : Unknown macro: opcode_target_probability_36
POWEATH1.itm : opcode 101: Traduction 11010082 manquante
POWEATH1.itm : opcode 101: Traduction 11010068 manquante
RINGDUND.itm : Opcode 206 : La ressource spmi145.spl n'existe pas.
RINGDUND.itm : Opcode 206 : La ressource sprb999.spl n'existe pas.
RINGDUND.itm : Opcode 206 : La ressource spmi103.spl n'existe pas.
SILBLADE.itm : Opcode 177 : La ressource GOODDAM4.eff n'existe pas.
SILBLADE.itm : Opcode 177 : La ressource GOODDA24.eff n'existe pas.
SILBLADE.itm : Opcode 177 : La ressource GOODHIT4.eff n'existe pas.
SILBLADE.itm : Opcode 177 : La ressource GOODHI24.eff n'existe pas.
SILBLADE.itm : Opcode 177 : La ressource GOODDA34.eff n'existe pas.
SILBLADE.itm : Opcode 177 : La ressource GOODHI34.eff n'existe pas.
SILBLADE.itm : Opcode 146 : La ressource sginvis.spl n'existe pas.
STARYM.itm : Opcode 177 : La ressource HUMHIT3.eff n'existe pas.
STARYM.itm : Opcode 177 : La ressource HUMDAM3.eff n'existe pas.
STARYM.itm : Opcode 177 : La ressource HELFHIT3.eff n'existe pas.
STARYM.itm : Opcode 177 : La ressource HELFDAM3.eff n'existe pas.
TROLSIND.itm : Opcode 177 : La ressource TROLDAM3.eff n'existe pas.
TROLSIND.itm : Opcode 177 : La ressource TROLHIT3.eff n'existe pas.
