	
BDRING09.ITM : Opcode 206 : La ressource cdsw1h58.spl n'existe pas.
BDRING09.ITM : Opcode 206 : La ressource cdmound.spl n'existe pas.
BDRING09.ITM : Opcode 206 : La ressource cdhgnya1.spl n'existe pas.
SPRNGB03.ITM : Opcode 206 : La ressource cdsw1h58.spl n'existe pas.
SPRNGB03.ITM : Opcode 206 : La ressource cdmound.spl n'existe pas.
SPRNGB03.ITM : Opcode 206 : La ressource cdhgnya1.spl n'existe pas.
SPRNGB04.ITM : Opcode 206 : La ressource cdsw1h58.spl n'existe pas.
SPRNGB04.ITM : Opcode 206 : La ressource cdmound.spl n'existe pas.
SPRNGB04.ITM : Opcode 206 : La ressource cdhgnya1.spl n'existe pas.
SPRNGL03.ITM : Opcode 206 : La ressource cdsw1h58.spl n'existe pas.
SPRNGL03.ITM : Opcode 206 : La ressource cdmound.spl n'existe pas.
SPRNGL03.ITM : Opcode 206 : La ressource cdhgnya1.spl n'existe pas.
SPRNGL04.ITM : Opcode 206 : La ressource cdsw1h58.spl n'existe pas.
SPRNGL04.ITM : Opcode 206 : La ressource cdmound.spl n'existe pas.
SPRNGL04.ITM : Opcode 206 : La ressource cdhgnya1.spl n'existe pas.
SPRNGS01.ITM : Opcode 206 : La ressource cdsw1h58.spl n'existe pas.
SPRNGS01.ITM : Opcode 206 : La ressource cdmound.spl n'existe pas.
SPRNGS01.ITM : Opcode 206 : La ressource cdhgnya1.spl n'existe pas.
SPRNGS02.ITM : Opcode 206 : La ressource cdsw1h58.spl n'existe pas.
SPRNGS02.ITM : Opcode 206 : La ressource cdmound.spl n'existe pas.
SPRNGS02.ITM : Opcode 206 : La ressource cdhgnya1.spl n'existe pas.
SPRNGS03.ITM : Opcode 206 : La ressource cdsw1h58.spl n'existe pas.
SPRNGS03.ITM : Opcode 206 : La ressource cdmound.spl n'existe pas.
SPRNGS03.ITM : Opcode 206 : La ressource cdhgnya1.spl n'existe pas.
SPRNGS04.ITM : Opcode 206 : La ressource cdsw1h58.spl n'existe pas.
SPRNGS04.ITM : Opcode 206 : La ressource cdmound.spl n'existe pas.
SPRNGS04.ITM : Opcode 206 : La ressource cdhgnya1.spl n'existe pas.
SPRNGZ05.ITM : Opcode 206 : La ressource cdsw1h58.spl n'existe pas.
SPRNGZ05.ITM : Opcode 206 : La ressource cdmound.spl n'existe pas.
SPRNGZ05.ITM : Opcode 206 : La ressource cdhgnya1.spl n'existe pas.
