	
AX1H03.ITM : Opcode 341 : La ressource MOSPR05.eff n'existe pas.
AX1H10.ITM : Opcode 341 : La ressource MOSPR05.eff n'existe pas.
AX1H12.ITM : Opcode 341 : La ressource MOSPR05.eff n'existe pas.
AX1H13.ITM : Opcode 341 : La ressource MOSPR05.eff n'existe pas.
mostr06.eff : Opcode 232 à gérer.
mostr05.eff : Opcode 232 à gérer.
mostr04.eff : Opcode 232 à gérer.
mostr03.eff : Opcode 232 à gérer.
mostr02.eff : Opcode 232 à gérer.
mostr01.eff : Opcode 232 à gérer.
BDSW2H01.ITM : Opcode 318 : self avec parameter1 et parameter2 différent de 0
BDSW2H01.ITM : Opcode 232 à gérer.
BDSW2H01.ITM : Opcode 341 : La ressource BDSW2H01.eff n'existe pas.
BLUN23.ITM : Opcode 177 : La ressource mobln232.eff n'existe pas.
BLUN23.ITM : Opcode 177 : La ressource mobln231.eff n'existe pas.
BOW08.ITM : Opcode 318 : self avec parameter1 et parameter2 différent de 0
BOW08.ITM : Opcode 318 : self avec parameter1 et parameter2 différent de 0
BOW08.ITM : Opcode 341 : La ressource MOSPR03.eff n'existe pas.
BOW09.ITM : Opcode 318 : self avec parameter1 et parameter2 différent de 0
BOW09.ITM : Opcode 318 : self avec parameter1 et parameter2 différent de 0
BOW09.ITM : Opcode 341 : La ressource MOSPR03.eff n'existe pas.
BOW12.ITM : Opcode 318 : self avec parameter1 et parameter2 différent de 0
BOW12.ITM : Opcode 318 : self avec parameter1 et parameter2 différent de 0
BOW12.ITM : Opcode 341 : La ressource MOSPR03.eff n'existe pas.
BOW22.ITM : Opcode 318 : self avec parameter1 et parameter2 différent de 0
BOW22.ITM : Opcode 318 : self avec parameter1 et parameter2 différent de 0
BOW22.ITM : Opcode 341 : La ressource MOSPR03.eff n'existe pas.
BOW23.ITM : Opcode 318 : self avec parameter1 et parameter2 différent de 0
BOW23.ITM : Opcode 318 : self avec parameter1 et parameter2 différent de 0
BOW23.ITM : Opcode 341 : La ressource MOSPR03.eff n'existe pas.
mostr06.eff : Opcode 232 à gérer.
mostr05.eff : Opcode 232 à gérer.
mostr04.eff : Opcode 232 à gérer.
mostr03.eff : Opcode 232 à gérer.
mostr02.eff : Opcode 232 à gérer.
mostr01.eff : Opcode 232 à gérer.
HALB03.ITM : Opcode 318 : self avec parameter1 et parameter2 différent de 0
HALB03.ITM : Opcode 341 : La ressource MOSPR02.eff n'existe pas.
mostr06.eff : Opcode 232 à gérer.
mostr05.eff : Opcode 232 à gérer.
mostr04.eff : Opcode 232 à gérer.
mostr03.eff : Opcode 232 à gérer.
mostr02.eff : Opcode 232 à gérer.
mostr01.eff : Opcode 232 à gérer.
HALB05.ITM : Opcode 318 : self avec parameter1 et parameter2 différent de 0
HALB05.ITM : Opcode 341 : La ressource MOSPR02.eff n'existe pas.
mostr06.eff : Opcode 232 à gérer.
mostr05.eff : Opcode 232 à gérer.
mostr04.eff : Opcode 232 à gérer.
mostr03.eff : Opcode 232 à gérer.
mostr02.eff : Opcode 232 à gérer.
mostr01.eff : Opcode 232 à gérer.
HALB08.ITM : Opcode 318 : self avec parameter1 et parameter2 différent de 0
HALB08.ITM : Opcode 341 : La ressource MOSPR02.eff n'existe pas.
mostr06.eff : Opcode 232 à gérer.
mostr05.eff : Opcode 232 à gérer.
mostr04.eff : Opcode 232 à gérer.
mostr03.eff : Opcode 232 à gérer.
mostr02.eff : Opcode 232 à gérer.
mostr01.eff : Opcode 232 à gérer.
HALB09.ITM : Opcode 318 : self avec parameter1 et parameter2 différent de 0
HALB09.ITM : Opcode 341 : La ressource MOSPR02.eff n'existe pas.
HAMM03.ITM : Opcode 341 : La ressource MOSPR06.eff n'existe pas.
HAMM05.ITM : Opcode 341 : La ressource MOSPR06.eff n'existe pas.
HAMM07.ITM : Opcode 341 : La ressource MOSPR06.eff n'existe pas.
mo1h30.spl : MO1H03.ITM : Opcode 146 : Nom du sort introuvable pour mo1h30.spl.
MO1H07.ITM : Opcode 341 : La ressource MO1H07.eff n'existe pas.
mo1h30.spl : MO1H30.ITM : Opcode 146 : Nom du sort introuvable pour mo1h30.spl.
bdsw1h21.spl : MO1H39.ITM : Opcode 146 : Nom du sort introuvable pour bdsw1h21.spl.
MO1H50.ITM : Opcode 324 : Immunité à une ressource (spl ou itm) différente de l'objet : MISC75
MO1H50.ITM : Opcode 324 : Immunité à une ressource (spl ou itm) différente de l'objet : MISC75
mostr06.eff : Opcode 232 à gérer.
mostr05.eff : Opcode 232 à gérer.
mostr04.eff : Opcode 232 à gérer.
mostr03.eff : Opcode 232 à gérer.
mostr02.eff : Opcode 232 à gérer.
mostr01.eff : Opcode 232 à gérer.
MO2H01.ITM : Opcode 318 : self avec parameter1 et parameter2 différent de 0
mostr06.eff : Opcode 232 à gérer.
mostr05.eff : Opcode 232 à gérer.
mostr04.eff : Opcode 232 à gérer.
mostr03.eff : Opcode 232 à gérer.
mostr02.eff : Opcode 232 à gérer.
mostr01.eff : Opcode 232 à gérer.
MO2H02.ITM : Opcode 318 : self avec parameter1 et parameter2 différent de 0
MO2H02.ITM : Opcode 341 : La ressource MO2H02.eff n'existe pas.
mostr06.eff : Opcode 232 à gérer.
mostr05.eff : Opcode 232 à gérer.
mostr04.eff : Opcode 232 à gérer.
mostr03.eff : Opcode 232 à gérer.
mostr02.eff : Opcode 232 à gérer.
mostr01.eff : Opcode 232 à gérer.
MO2H15.ITM : Opcode 318 : self avec parameter1 et parameter2 différent de 0
MOAX01.ITM : Opcode 341 : La ressource MOSPR05.eff n'existe pas.
MOAX01.ITM : Opcode 206 : La ressource KLA#DEQD.spl n'existe pas.
MOAX02.ITM : Opcode 341 : La ressource MOSPR05.eff n'existe pas.
MODAG01.ITM : Opcode 341 : La ressource MODAG01.eff n'existe pas.
bdsw1h21.spl : MODAG01.ITM : Opcode 146 : Nom du sort introuvable pour bdsw1h21.spl.
mostr06.eff : Opcode 232 à gérer.
mostr05.eff : Opcode 232 à gérer.
mostr04.eff : Opcode 232 à gérer.
mostr03.eff : Opcode 232 à gérer.
mostr02.eff : Opcode 232 à gérer.
mostr01.eff : Opcode 232 à gérer.
MOHAL01.ITM : Opcode 318 : self avec parameter1 et parameter2 différent de 0
MOHAL01.ITM : Opcode 341 : La ressource MOSPR02.eff n'existe pas.
MOHAL01.ITM : Opcode 341 : La ressource MOHAL01.eff n'existe pas.
mostr06.eff : Opcode 232 à gérer.
mostr05.eff : Opcode 232 à gérer.
mostr04.eff : Opcode 232 à gérer.
mostr03.eff : Opcode 232 à gérer.
mostr02.eff : Opcode 232 à gérer.
mostr01.eff : Opcode 232 à gérer.
MOHAL02.ITM : Opcode 318 : self avec parameter1 et parameter2 différent de 0
MOHAL02.ITM : Opcode 341 : La ressource MOSPR02.eff n'existe pas.
MOHM02.ITM : Opcode 341 : La ressource MOSPR06.eff n'existe pas.
MOMS01.ITM : Opcode 324 : Immunité à une ressource (spl ou itm) différente de l'objet : DAGG13
MOMS01.ITM : Opcode 324 : Immunité à une ressource (spl ou itm) différente de l'objet : DAGG13
mostr06.eff : Opcode 232 à gérer.
mostr05.eff : Opcode 232 à gérer.
mostr04.eff : Opcode 232 à gérer.
mostr03.eff : Opcode 232 à gérer.
mostr02.eff : Opcode 232 à gérer.
mostr01.eff : Opcode 232 à gérer.
MOSP02.ITM : Opcode 318 : self avec parameter1 et parameter2 différent de 0
MOSP02.ITM : Opcode 341 : La ressource MOSPR01.eff n'existe pas.
mostr06.eff : Opcode 232 à gérer.
mostr05.eff : Opcode 232 à gérer.
mostr04.eff : Opcode 232 à gérer.
mostr03.eff : Opcode 232 à gérer.
mostr02.eff : Opcode 232 à gérer.
mostr01.eff : Opcode 232 à gérer.
MOSTA01.ITM : Opcode 318 : self avec parameter1 et parameter2 différent de 0
MOSTA01.ITM : Opcode 324 : Immunité à une ressource (spl ou itm) différente de l'objet : RING30
MOSTA01.ITM : Opcode 324 : Immunité à une ressource (spl ou itm) différente de l'objet : RING30
mostr06.eff : Opcode 232 à gérer.
mostr05.eff : Opcode 232 à gérer.
mostr04.eff : Opcode 232 à gérer.
mostr03.eff : Opcode 232 à gérer.
mostr02.eff : Opcode 232 à gérer.
mostr01.eff : Opcode 232 à gérer.
MOSTA02.ITM : Opcode 318 : self avec parameter1 et parameter2 différent de 0
mostr06.eff : Opcode 232 à gérer.
mostr05.eff : Opcode 232 à gérer.
mostr04.eff : Opcode 232 à gérer.
mostr03.eff : Opcode 232 à gérer.
mostr02.eff : Opcode 232 à gérer.
mostr01.eff : Opcode 232 à gérer.
MOSTA03.ITM : Opcode 318 : self avec parameter1 et parameter2 différent de 0
mostr06.eff : Opcode 232 à gérer.
mostr05.eff : Opcode 232 à gérer.
mostr04.eff : Opcode 232 à gérer.
mostr03.eff : Opcode 232 à gérer.
mostr02.eff : Opcode 232 à gérer.
mostr01.eff : Opcode 232 à gérer.
OHREAVER.ITM : Opcode 318 : self avec parameter1 et parameter2 différent de 0
mostr06.eff : Opcode 232 à gérer.
mostr05.eff : Opcode 232 à gérer.
mostr04.eff : Opcode 232 à gérer.
mostr03.eff : Opcode 232 à gérer.
mostr02.eff : Opcode 232 à gérer.
mostr01.eff : Opcode 232 à gérer.
SERRATE.ITM : Opcode 318 : self avec parameter1 et parameter2 différent de 0
mostr06.eff : Opcode 232 à gérer.
mostr05.eff : Opcode 232 à gérer.
mostr04.eff : Opcode 232 à gérer.
mostr03.eff : Opcode 232 à gérer.
mostr02.eff : Opcode 232 à gérer.
mostr01.eff : Opcode 232 à gérer.
SPER10.ITM : Opcode 318 : self avec parameter1 et parameter2 différent de 0
SPER10.ITM : Opcode 341 : La ressource MOSPR01.eff n'existe pas.
mostr06.eff : Opcode 232 à gérer.
mostr05.eff : Opcode 232 à gérer.
mostr04.eff : Opcode 232 à gérer.
mostr03.eff : Opcode 232 à gérer.
mostr02.eff : Opcode 232 à gérer.
mostr01.eff : Opcode 232 à gérer.
SPER12.ITM : Opcode 318 : self avec parameter1 et parameter2 différent de 0
SPER12.ITM : Opcode 341 : La ressource MOSPR01.eff n'existe pas.
mostr06.eff : Opcode 232 à gérer.
mostr05.eff : Opcode 232 à gérer.
mostr04.eff : Opcode 232 à gérer.
mostr03.eff : Opcode 232 à gérer.
mostr02.eff : Opcode 232 à gérer.
mostr01.eff : Opcode 232 à gérer.
STAF08.ITM : Opcode 318 : self avec parameter1 et parameter2 différent de 0
mostr06.eff : Opcode 232 à gérer.
mostr05.eff : Opcode 232 à gérer.
mostr04.eff : Opcode 232 à gérer.
mostr03.eff : Opcode 232 à gérer.
mostr02.eff : Opcode 232 à gérer.
mostr01.eff : Opcode 232 à gérer.
STAF19.ITM : Opcode 318 : self avec parameter1 et parameter2 différent de 0
bdsw1h21.spl : SW1H28.ITM : Opcode 146 : Nom du sort introuvable pour bdsw1h21.spl.
MO1H64.eff : Opcode 232 à gérer.
MO1H65.eff : Opcode 232 à gérer.
mostr06.eff : Opcode 232 à gérer.
mostr05.eff : Opcode 232 à gérer.
mostr04.eff : Opcode 232 à gérer.
mostr03.eff : Opcode 232 à gérer.
mostr02.eff : Opcode 232 à gérer.
mostr01.eff : Opcode 232 à gérer.
SW2H07.ITM : Opcode 318 : self avec parameter1 et parameter2 différent de 0
SW2H07.ITM : Opcode 341 : La ressource MO2H07.eff n'existe pas.
mostr06.eff : Opcode 232 à gérer.
mostr05.eff : Opcode 232 à gérer.
mostr04.eff : Opcode 232 à gérer.
mostr03.eff : Opcode 232 à gérer.
mostr02.eff : Opcode 232 à gérer.
mostr01.eff : Opcode 232 à gérer.
SW2H10.ITM : Opcode 318 : self avec parameter1 et parameter2 différent de 0
SW2H10.ITM : Opcode 58: TODO EE : Dissipation des armes magiques à gerer : 131074
mostr06.eff : Opcode 232 à gérer.
mostr05.eff : Opcode 232 à gérer.
mostr04.eff : Opcode 232 à gérer.
mostr03.eff : Opcode 232 à gérer.
mostr02.eff : Opcode 232 à gérer.
mostr01.eff : Opcode 232 à gérer.
SW2H17.ITM : Opcode 318 : self avec parameter1 et parameter2 différent de 0
mostr06.eff : Opcode 232 à gérer.
mostr05.eff : Opcode 232 à gérer.
mostr04.eff : Opcode 232 à gérer.
mostr03.eff : Opcode 232 à gérer.
mostr02.eff : Opcode 232 à gérer.
mostr01.eff : Opcode 232 à gérer.
SW2H18.ITM : Opcode 318 : self avec parameter1 et parameter2 différent de 0
mostr06.eff : Opcode 232 à gérer.
mostr05.eff : Opcode 232 à gérer.
mostr04.eff : Opcode 232 à gérer.
mostr03.eff : Opcode 232 à gérer.
mostr02.eff : Opcode 232 à gérer.
mostr01.eff : Opcode 232 à gérer.
SW2H19.ITM : Opcode 318 : self avec parameter1 et parameter2 différent de 0
SW2H19.ITM : Opcode 58: TODO EE : Dissipation des armes magiques à gerer : 131074
U1HAM3A.ITM : Opcode 341 : La ressource MOSPR06.eff n'existe pas.
U1HAX3B.ITM : Opcode 341 : La ressource MOSPR05.eff n'existe pas.
mostr06.eff : Opcode 232 à gérer.
mostr05.eff : Opcode 232 à gérer.
mostr04.eff : Opcode 232 à gérer.
mostr03.eff : Opcode 232 à gérer.
mostr02.eff : Opcode 232 à gérer.
mostr01.eff : Opcode 232 à gérer.
UTSWD2B.ITM : Opcode 318 : self avec parameter1 et parameter2 différent de 0
mostr06.eff : Opcode 232 à gérer.
mostr05.eff : Opcode 232 à gérer.
mostr04.eff : Opcode 232 à gérer.
mostr03.eff : Opcode 232 à gérer.
mostr02.eff : Opcode 232 à gérer.
mostr01.eff : Opcode 232 à gérer.
WAS2H.ITM : Opcode 318 : self avec parameter1 et parameter2 différent de 0
mostr06.eff : Opcode 232 à gérer.
mostr05.eff : Opcode 232 à gérer.
mostr04.eff : Opcode 232 à gérer.
mostr03.eff : Opcode 232 à gérer.
mostr02.eff : Opcode 232 à gérer.
mostr01.eff : Opcode 232 à gérer.
WASPEAR.ITM : Opcode 318 : self avec parameter1 et parameter2 différent de 0
WASPEAR.ITM : Opcode 341 : La ressource MOSPR01.eff n'existe pas.
HAMM09.ITM : Opcode 341 : La ressource MOSPR06.eff n'existe pas.
cftroll.eff : Opcode 123 à gérer.
HAMM11.ITM : Opcode 341 : La ressource MOSPR06.eff n'existe pas.
CHAINBM.ITM : Opcode 318 : La ressource UMBERGAZ.spl n'existe pas.
MOBSH01.ITM : Opcode 318 : self avec parameter1 et parameter2 différent de 0
MOBSH01.ITM : Opcode 318 : self avec parameter1 et parameter2 différent de 0
MOBSH01.ITM : Opcode 318 : self avec parameter1 et parameter2 différent de 0
MOBSH01.ITM : Opcode 318 : self avec parameter1 et parameter2 différent de 0
MOBSH02.ITM : Opcode 318 : self avec parameter1 et parameter2 différent de 0
MOBSH02.ITM : Opcode 318 : self avec parameter1 et parameter2 différent de 0
MOBSH02.ITM : Opcode 318 : self avec parameter1 et parameter2 différent de 0
MOBSH02.ITM : Opcode 318 : self avec parameter1 et parameter2 différent de 0
MOBT07.ITM : Opcode 206 : La ressource CDSW1H58.spl n'existe pas.
MOBT07.ITM : Opcode 206 : La ressource CDMOUND.spl n'existe pas.
MOBT07.ITM : Opcode 206 : La ressource CDHGNYA1.spl n'existe pas.
moarm06.eff : Opcode 232 à gérer.
moarm05.eff : Opcode 232 à gérer.
moarm04.eff : Opcode 232 à gérer.
moarm03.eff : Opcode 232 à gérer.
moarm01.eff : Opcode 232 à gérer.
moarm06.eff : Opcode 232 à gérer.
moarm05.eff : Opcode 232 à gérer.
moarm04.eff : Opcode 232 à gérer.
moarm03.eff : Opcode 232 à gérer.
moarm01.eff : Opcode 232 à gérer.
moarm06.eff : Opcode 232 à gérer.
moarm05.eff : Opcode 232 à gérer.
moarm04.eff : Opcode 232 à gérer.
moarm03.eff : Opcode 232 à gérer.
moarm01.eff : Opcode 232 à gérer.
MOMSH01.ITM : Opcode 318 : self avec parameter1 et parameter2 différent de 0
MOMSH01.ITM : Opcode 318 : self avec parameter1 et parameter2 différent de 0
MOMSH01.ITM : Opcode 318 : self avec parameter1 et parameter2 différent de 0
MOMSH01.ITM : Opcode 318 : self avec parameter1 et parameter2 différent de 0
MOMSH02.ITM : Opcode 318 : self avec parameter1 et parameter2 différent de 0
MOMSH02.ITM : Opcode 318 : self avec parameter1 et parameter2 différent de 0
MOMSH02.ITM : Opcode 318 : self avec parameter1 et parameter2 différent de 0
MOMSH02.ITM : Opcode 318 : self avec parameter1 et parameter2 différent de 0
MOMSH03.ITM : Opcode 318 : self avec parameter1 et parameter2 différent de 0
MOMSH03.ITM : Opcode 318 : self avec parameter1 et parameter2 différent de 0
MOMSH03.ITM : Opcode 318 : self avec parameter1 et parameter2 différent de 0
MOMSH03.ITM : Opcode 318 : self avec parameter1 et parameter2 différent de 0
MOMSH04.ITM : Opcode 318 : self avec parameter1 et parameter2 différent de 0
MOMSH04.ITM : Opcode 318 : self avec parameter1 et parameter2 différent de 0
MOMSH04.ITM : Opcode 318 : self avec parameter1 et parameter2 différent de 0
MOMSH04.ITM : Opcode 318 : self avec parameter1 et parameter2 différent de 0
MOMSH05.ITM : Opcode 318 : self avec parameter1 et parameter2 différent de 0
MOMSH05.ITM : Opcode 318 : self avec parameter1 et parameter2 différent de 0
MOMSH05.ITM : Opcode 318 : self avec parameter1 et parameter2 différent de 0
MOMSH05.ITM : Opcode 318 : self avec parameter1 et parameter2 différent de 0
moarm06.eff : Opcode 232 à gérer.
moarm05.eff : Opcode 232 à gérer.
moarm04.eff : Opcode 232 à gérer.
moarm03.eff : Opcode 232 à gérer.
moarm01.eff : Opcode 232 à gérer.
moarm06.eff : Opcode 232 à gérer.
moarm05.eff : Opcode 232 à gérer.
moarm04.eff : Opcode 232 à gérer.
moarm03.eff : Opcode 232 à gérer.
moarm01.eff : Opcode 232 à gérer.
MOSSH01.ITM : Opcode 318 : self avec parameter1 et parameter2 différent de 0
MOSSH01.ITM : Opcode 318 : self avec parameter1 et parameter2 différent de 0
MOSSH01.ITM : Opcode 318 : self avec parameter1 et parameter2 différent de 0
MOSSH01.ITM : Opcode 318 : self avec parameter1 et parameter2 différent de 0
MOSSH02.ITM : Opcode 318 : self avec parameter1 et parameter2 différent de 0
MOSSH02.ITM : Opcode 318 : self avec parameter1 et parameter2 différent de 0
MOSSH02.ITM : Opcode 318 : self avec parameter1 et parameter2 différent de 0
MOSSH02.ITM : Opcode 318 : self avec parameter1 et parameter2 différent de 0
USHLD4A.ITM : Opcode 318 : self avec parameter1 et parameter2 différent de 0
USHLD4A.ITM : Opcode 318 : self avec parameter1 et parameter2 différent de 0
USHLD4A.ITM : Opcode 318 : self avec parameter1 et parameter2 différent de 0
USHLD4A.ITM : Opcode 318 : self avec parameter1 et parameter2 différent de 0
