	
u#amul02.itm : Opcode 319 à gérer.
u#amul02.itm : Opcode 321 à gérer.
u#amul02.itm : Opcode 321 à gérer.
u#amul02.itm : Opcode 321 à gérer.
u#ax1h01.itm : Opcode 319 à gérer.
u#ax2h01.itm : Opcode 319 à gérer.
u#boot01.itm : Opcode 321 à gérer.
u#boot01.itm : Opcode 321 à gérer.
u#boot01.itm : Opcode 321 à gérer.
u#clck04.itm : Opcode 319 à gérer.
u#halb01.itm : Opcode 177 : La ressource U#HALB01.eff n'existe pas.
u#staf02.itm : Opcode 319 à gérer.
u#sw1h04.itm : Opcode 321 à gérer.
u#sw1h04.itm : Opcode 321 à gérer.
u#sw1h04.itm : Opcode 321 à gérer.
u#sw1h05.itm : Opcode 319 à gérer.
u#sw1h06.itm : Opcode 319 à gérer.
u#sw1h07.itm : Opcode 319 à gérer.
u#sw2h01.itm : Opcode 177 : La ressource U#SW2H01.eff n'existe pas.

Total : 63

Sans description : 0

Ignores : 4

Reussis : 59

Echoues : 0

Potions (TODO): 1

Munitions (TODO) : 0

Opcodes a coder : 55
