	
AMUL17.ITM : Opcode 321 à gérer.
AMUL17.ITM : Opcode 321 à gérer.
spin775.spl : AMUL17.ITM : Opcode 206 : Nom du sort introuvable pour spin775.spl.
AX1H06.ITM : Opcode 341 : La ressource BDRHYTE.eff n'existe pas.
AX1H19.ITM : Opcode 112 à gérer.
AX1H19.ITM : Opcode 58: TODO EE : Dissipation des armes magiques à gerer : 131074
BDAX1H02.ITM : Opcode 318 : self avec parameter1 et parameter2 différent de 0
bdax1h02.spl : BDAX1H02.ITM : Opcode 146 : Nom du sort introuvable pour bdax1h02.spl.
bdax1h02.spl : BDAX1H02.ITM : Opcode 146 : Nom du sort introuvable pour bdax1h02.spl.
BDAX1H05.ITM : Opcode 318 : self avec parameter1 et parameter2 différent de 0
bdax1h05.spl : BDAX1H05.ITM : Opcode 146 : Nom du sort introuvable pour bdax1h05.spl.
bdax1h05.spl : BDAX1H05.ITM : Opcode 146 : Nom du sort introuvable pour bdax1h05.spl.
BDBELT01.ITM : Opcode 321 à gérer.
BDBLUN04.ITM : Opcode 341 : La ressource BDBLUN04.eff n'existe pas.
mostr06.spl : mostr06.eff : Opcode 232 : Nom du sort introuvable pour mostr06.spl.
mostr06.eff : Opcode 326 à gérer.
mostr05.spl : mostr05.eff : Opcode 232 : Nom du sort introuvable pour mostr05.spl.
mostr05.eff : Opcode 326 à gérer.
mostr04.spl : mostr04.eff : Opcode 232 : Nom du sort introuvable pour mostr04.spl.
mostr04.eff : Opcode 326 à gérer.
mostr03.spl : mostr03.eff : Opcode 232 : Nom du sort introuvable pour mostr03.spl.
mostr03.eff : Opcode 326 à gérer.
mostr02.spl : mostr02.eff : Opcode 232 : Nom du sort introuvable pour mostr02.spl.
mostr02.eff : Opcode 326 à gérer.
mostr01.spl : mostr01.eff : Opcode 232 : Nom du sort introuvable pour mostr01.spl.
mostr01.eff : Opcode 326 à gérer.
BDBLUN06.ITM : Opcode 318 : self avec parameter1 et parameter2 différent de 0
BDBLUN07.ITM : Opcode 340 à gérer.
bdbow06.spl : BDBOOT01.ITM : Opcode 206 : Nom du sort introuvable pour bdbow06.spl.
bdshamb.spl : BDBOOT01.ITM : Opcode 206 : Nom du sort introuvable pour bdshamb.spl.
BDBOW01.ITM : Opcode 318 : self avec parameter1 et parameter2 différent de 0
BDBOW01.ITM : Opcode 318 : self avec parameter1 et parameter2 différent de 0
BDBOW01.ITM : Opcode 318 : self avec parameter1 et parameter2 différent de 0
bdbow01.spl : BDBOW01.ITM : Opcode 146 : Nom du sort introuvable pour bdbow01.spl.
BDBOW02.ITM : Opcode 318 : self avec parameter1 et parameter2 différent de 0
BDBOW02.ITM : Opcode 318 : self avec parameter1 et parameter2 différent de 0
BDBOW02.ITM : Opcode 341 : La ressource BDBOW02.eff n'existe pas.
BDBOW03.ITM : Opcode 318 : self avec parameter1 et parameter2 différent de 0
BDBOW03.ITM : Opcode 318 : self avec parameter1 et parameter2 différent de 0
bdfleshr.spl : BDBOW03.ITM : Opcode 146 : Nom du sort introuvable pour bdfleshr.spl.
BDBOW04.ITM : Opcode 318 : self avec parameter1 et parameter2 différent de 0
BDBOW04.ITM : Opcode 318 : self avec parameter1 et parameter2 différent de 0
BDBOW04.ITM : Opcode 326 à gérer.
BDBOW05.ITM : Opcode 318 : self avec parameter1 et parameter2 différent de 0
BDBOW05.ITM : Opcode 318 : self avec parameter1 et parameter2 différent de 0
BDBOW05.ITM : Opcode 326 à gérer.
BDBOW05.ITM : Opcode 326 à gérer.
BDBOW05.ITM : Opcode 326 à gérer.
BDBOW06.ITM : Opcode 318 : self avec parameter1 et parameter2 différent de 0
BDBOW06.ITM : Opcode 318 : self avec parameter1 et parameter2 différent de 0
bdbow06.spl : BDBOW06.ITM : Opcode 146 : Nom du sort introuvable pour bdbow06.spl.
BDBRAC01.ITM : Opcode 341 : La ressource BDBRAC01.eff n'existe pas.
BDBRAC15.ITM : Opcode 361 à gérer.
bdchan04.spl : BDCHAN04.eff : Opcode 146 : Nom du sort introuvable pour bdchan04.spl.
bdbeldis.spl : BDCHANCA.ITM : Opcode 206 : Nom du sort introuvable pour bdbeldis.spl.
bdclck03.spl : BDCLCK03.ITM : Opcode 232 : Nom du sort introuvable pour bdclck03.spl.
RNDGEM01.itm : BDDAGG03.ITM : Opcode 122 : Nom de l'objet introuvable pour RNDGEM01.itm.
RNDGEM02.itm : BDDAGG03.ITM : Opcode 122 : Nom de l'objet introuvable pour RNDGEM02.itm.
RNDGEM03.itm : BDDAGG03.ITM : Opcode 122 : Nom de l'objet introuvable pour RNDGEM03.itm.
RNDGEM04.itm : BDDAGG03.ITM : Opcode 122 : Nom de l'objet introuvable pour RNDGEM04.itm.
bddagg05.spl : BDDAGG05.ITM : Opcode 146 : Nom du sort introuvable pour bddagg05.spl.
BDDART01.ITM : Opcode 318 : self avec parameter1 et parameter2 différent de 0
BDDART01.ITM : Opcode 318 : self avec parameter1 et parameter2 différent de 0
mostr06.spl : mostr06.eff : Opcode 232 : Nom du sort introuvable pour mostr06.spl.
mostr06.eff : Opcode 326 à gérer.
mostr05.spl : mostr05.eff : Opcode 232 : Nom du sort introuvable pour mostr05.spl.
mostr05.eff : Opcode 326 à gérer.
mostr04.spl : mostr04.eff : Opcode 232 : Nom du sort introuvable pour mostr04.spl.
mostr04.eff : Opcode 326 à gérer.
mostr03.spl : mostr03.eff : Opcode 232 : Nom du sort introuvable pour mostr03.spl.
mostr03.eff : Opcode 326 à gérer.
mostr02.spl : mostr02.eff : Opcode 232 : Nom du sort introuvable pour mostr02.spl.
mostr02.eff : Opcode 326 à gérer.
mostr01.spl : mostr01.eff : Opcode 232 : Nom du sort introuvable pour mostr01.spl.
mostr01.eff : Opcode 326 à gérer.
BDHALB01.ITM : Opcode 318 : self avec parameter1 et parameter2 différent de 0
BDHALB01.ITM : Opcode 361 à gérer.
mostr06.spl : mostr06.eff : Opcode 232 : Nom du sort introuvable pour mostr06.spl.
mostr06.eff : Opcode 326 à gérer.
mostr05.spl : mostr05.eff : Opcode 232 : Nom du sort introuvable pour mostr05.spl.
mostr05.eff : Opcode 326 à gérer.
mostr04.spl : mostr04.eff : Opcode 232 : Nom du sort introuvable pour mostr04.spl.
mostr04.eff : Opcode 326 à gérer.
mostr03.spl : mostr03.eff : Opcode 232 : Nom du sort introuvable pour mostr03.spl.
mostr03.eff : Opcode 326 à gérer.
mostr02.spl : mostr02.eff : Opcode 232 : Nom du sort introuvable pour mostr02.spl.
mostr02.eff : Opcode 326 à gérer.
mostr01.spl : mostr01.eff : Opcode 232 : Nom du sort introuvable pour mostr01.spl.
mostr01.eff : Opcode 326 à gérer.
BDHALB02.ITM : Opcode 318 : self avec parameter1 et parameter2 différent de 0
BDHALB02.ITM : Opcode 341 : La ressource BDFESTER.eff n'existe pas.
bdhalb02.spl : BDHALB02.ITM : Opcode 146 : Nom du sort introuvable pour bdhalb02.spl.
mostr06.spl : mostr06.eff : Opcode 232 : Nom du sort introuvable pour mostr06.spl.
mostr06.eff : Opcode 326 à gérer.
mostr05.spl : mostr05.eff : Opcode 232 : Nom du sort introuvable pour mostr05.spl.
mostr05.eff : Opcode 326 à gérer.
mostr04.spl : mostr04.eff : Opcode 232 : Nom du sort introuvable pour mostr04.spl.
mostr04.eff : Opcode 326 à gérer.
mostr03.spl : mostr03.eff : Opcode 232 : Nom du sort introuvable pour mostr03.spl.
mostr03.eff : Opcode 326 à gérer.
mostr02.spl : mostr02.eff : Opcode 232 : Nom du sort introuvable pour mostr02.spl.
mostr02.eff : Opcode 326 à gérer.
mostr01.spl : mostr01.eff : Opcode 232 : Nom du sort introuvable pour mostr01.spl.
mostr01.eff : Opcode 326 à gérer.
BDHALB03.ITM : Opcode 318 : self avec parameter1 et parameter2 différent de 0
BDHALB03.ITM : Opcode 326 à gérer.
bdvoid.spl : BDHAMM02.ITM : Opcode 146 : Nom du sort introuvable pour bdvoid.spl.
BDHAMM06.ITM : Opcode 361 à gérer.
BDHAMM06.ITM : Opcode 326 à gérer.
bdhelm17.spl : BDHELM17.eff : Opcode 146 : Nom du sort introuvable pour bdhelm17.spl.
bdbow06.spl : BDLEAT06.ITM : Opcode 206 : Nom du sort introuvable pour bdbow06.spl.
bdshamb.spl : BDLEAT06.ITM : Opcode 206 : Nom du sort introuvable pour bdshamb.spl.
bdnighte.spl : BDLEAT07.ITM : Opcode 232 : Nom du sort introuvable pour bdnighte.spl.
bdnighte.spl : BDLEAT07.ITM : Opcode 206 : Nom du sort introuvable pour bdnighte.spl.
bdnighte.spl : BDLEAT07.ITM : Opcode 206 : Nom du sort introuvable pour bdnighte.spl.
bdbeldis.spl : BDMISC05.ITM : Opcode 206 : Nom du sort introuvable pour bdbeldis.spl.
BDMISC10.ITM : Opcode 318 : self avec parameter1 et parameter2 différent de 0
BDMISC10.ITM : Opcode 318 : self avec parameter1 et parameter2 différent de 0
BDMISC10.ITM : Opcode 318 : self avec parameter1 et parameter2 différent de 0
BDMISC10.ITM : Opcode 318 : self avec parameter1 et parameter2 différent de 0
moarm06.spl : moarm06.eff : Opcode 232 : Nom du sort introuvable pour moarm06.spl.
moarm06.eff : Opcode 326 à gérer.
moarm05.spl : moarm05.eff : Opcode 232 : Nom du sort introuvable pour moarm05.spl.
moarm05.eff : Opcode 326 à gérer.
moarm04.spl : moarm04.eff : Opcode 232 : Nom du sort introuvable pour moarm04.spl.
moarm04.eff : Opcode 326 à gérer.
moarm03.spl : moarm03.eff : Opcode 232 : Nom du sort introuvable pour moarm03.spl.
moarm03.eff : Opcode 326 à gérer.
moarm01.spl : moarm01.eff : Opcode 232 : Nom du sort introuvable pour moarm01.spl.
moarm01.eff : Opcode 326 à gérer.
moarm06.spl : moarm06.eff : Opcode 232 : Nom du sort introuvable pour moarm06.spl.
moarm06.eff : Opcode 326 à gérer.
moarm05.spl : moarm05.eff : Opcode 232 : Nom du sort introuvable pour moarm05.spl.
moarm05.eff : Opcode 326 à gérer.
moarm04.spl : moarm04.eff : Opcode 232 : Nom du sort introuvable pour moarm04.spl.
moarm04.eff : Opcode 326 à gérer.
moarm03.spl : moarm03.eff : Opcode 232 : Nom du sort introuvable pour moarm03.spl.
moarm03.eff : Opcode 326 à gérer.
moarm01.spl : moarm01.eff : Opcode 232 : Nom du sort introuvable pour moarm01.spl.
moarm01.eff : Opcode 326 à gérer.
moarm06.spl : moarm06.eff : Opcode 232 : Nom du sort introuvable pour moarm06.spl.
moarm06.eff : Opcode 326 à gérer.
moarm05.spl : moarm05.eff : Opcode 232 : Nom du sort introuvable pour moarm05.spl.
moarm05.eff : Opcode 326 à gérer.
moarm04.spl : moarm04.eff : Opcode 232 : Nom du sort introuvable pour moarm04.spl.
moarm04.eff : Opcode 326 à gérer.
moarm03.spl : moarm03.eff : Opcode 232 : Nom du sort introuvable pour moarm03.spl.
moarm03.eff : Opcode 326 à gérer.
moarm01.spl : moarm01.eff : Opcode 232 : Nom du sort introuvable pour moarm01.spl.
moarm01.eff : Opcode 326 à gérer.
BDRING09.ITM : Opcode 206 : La ressource cdsw1h58.spl n'existe pas.
BDRING09.ITM : Opcode 206 : La ressource cdmound.spl n'existe pas.
BDRING09.ITM : Opcode 206 : La ressource cdhgnya1.spl n'existe pas.
BDSHLD01.ITM : Opcode 318 : self avec parameter1 et parameter2 différent de 0
BDSHLD01.ITM : Opcode 318 : self avec parameter1 et parameter2 différent de 0
BDSHLD01.ITM : Opcode 318 : self avec parameter1 et parameter2 différent de 0
BDSHLD01.ITM : Opcode 318 : self avec parameter1 et parameter2 différent de 0
BDSHLD02.ITM : Opcode 318 : self avec parameter1 et parameter2 différent de 0
BDSHLD02.ITM : Opcode 318 : self avec parameter1 et parameter2 différent de 0
BDSHLD02.ITM : Opcode 318 : self avec parameter1 et parameter2 différent de 0
BDSHLD02.ITM : Opcode 318 : self avec parameter1 et parameter2 différent de 0
bdshld02.spl : BDSHLD02.ITM : Opcode 232 : Nom du sort introuvable pour bdshld02.spl.
BDSHLD03.ITM : Opcode 318 : self avec parameter1 et parameter2 différent de 0
BDSHLD03.ITM : Opcode 318 : self avec parameter1 et parameter2 différent de 0
BDSHLD03.ITM : Opcode 318 : self avec parameter1 et parameter2 différent de 0
BDSHLD03.ITM : Opcode 318 : self avec parameter1 et parameter2 différent de 0
BDSHLD04.ITM : Opcode 318 : self avec parameter1 et parameter2 différent de 0
BDSHLD04.ITM : Opcode 318 : self avec parameter1 et parameter2 différent de 0
BDSHLD04.ITM : Opcode 318 : self avec parameter1 et parameter2 différent de 0
BDSHLD04.ITM : Opcode 318 : self avec parameter1 et parameter2 différent de 0
BDSHLD05.ITM : Opcode 318 : self avec parameter1 et parameter2 différent de 0
BDSHLD05.ITM : Opcode 318 : self avec parameter1 et parameter2 différent de 0
BDSHLD05.ITM : Opcode 318 : self avec parameter1 et parameter2 différent de 0
BDSHLD05.ITM : Opcode 318 : self avec parameter1 et parameter2 différent de 0
BDSHLD06.ITM : Opcode 318 : self avec parameter1 et parameter2 différent de 0
BDSHLD06.ITM : Opcode 318 : self avec parameter1 et parameter2 différent de 0
BDSHLD06.ITM : Opcode 318 : self avec parameter1 et parameter2 différent de 0
BDSHLD06.ITM : Opcode 318 : self avec parameter1 et parameter2 différent de 0
BDSHLD07.ITM : Opcode 318 : self avec parameter1 et parameter2 différent de 0
BDSHLD07.ITM : Opcode 318 : self avec parameter1 et parameter2 différent de 0
BDSHLD07.ITM : Opcode 318 : self avec parameter1 et parameter2 différent de 0
BDSHLD07.ITM : Opcode 318 : self avec parameter1 et parameter2 différent de 0
BDSHLD08.ITM : Opcode 318 : self avec parameter1 et parameter2 différent de 0
BDSHLD08.ITM : Opcode 318 : self avec parameter1 et parameter2 différent de 0
BDSHLD08.ITM : Opcode 318 : self avec parameter1 et parameter2 différent de 0
BDSHLD08.ITM : Opcode 318 : self avec parameter1 et parameter2 différent de 0
bdshblod.spl : BDSHLD08.ITM : Opcode 232 : Nom du sort introuvable pour bdshblod.spl.
bdshblod.spl : BDSHLD08.ITM : Opcode 206 : Nom du sort introuvable pour bdshblod.spl.
bdshblod.spl : BDSHLD08.ITM : Opcode 206 : Nom du sort introuvable pour bdshblod.spl.
BDSHLDCA.ITM : Opcode 318 : self avec parameter1 et parameter2 différent de 0
BDSHLDCA.ITM : Opcode 318 : self avec parameter1 et parameter2 différent de 0
BDSHLDCA.ITM : Opcode 318 : self avec parameter1 et parameter2 différent de 0
BDSHLDCA.ITM : Opcode 318 : self avec parameter1 et parameter2 différent de 0
mostr06.spl : mostr06.eff : Opcode 232 : Nom du sort introuvable pour mostr06.spl.
mostr06.eff : Opcode 326 à gérer.
mostr05.spl : mostr05.eff : Opcode 232 : Nom du sort introuvable pour mostr05.spl.
mostr05.eff : Opcode 326 à gérer.
mostr04.spl : mostr04.eff : Opcode 232 : Nom du sort introuvable pour mostr04.spl.
mostr04.eff : Opcode 326 à gérer.
mostr03.spl : mostr03.eff : Opcode 232 : Nom du sort introuvable pour mostr03.spl.
mostr03.eff : Opcode 326 à gérer.
mostr02.spl : mostr02.eff : Opcode 232 : Nom du sort introuvable pour mostr02.spl.
mostr02.eff : Opcode 326 à gérer.
mostr01.spl : mostr01.eff : Opcode 232 : Nom du sort introuvable pour mostr01.spl.
mostr01.eff : Opcode 326 à gérer.
BDSHSTF1.ITM : Opcode 318 : self avec parameter1 et parameter2 différent de 0
BDSLNG01.ITM : Opcode 318 : self avec parameter1 et parameter2 différent de 0
BDSLNG01.ITM : Opcode 318 : self avec parameter1 et parameter2 différent de 0
mostr06.spl : mostr06.eff : Opcode 232 : Nom du sort introuvable pour mostr06.spl.
mostr06.eff : Opcode 326 à gérer.
mostr05.spl : mostr05.eff : Opcode 232 : Nom du sort introuvable pour mostr05.spl.
mostr05.eff : Opcode 326 à gérer.
mostr04.spl : mostr04.eff : Opcode 232 : Nom du sort introuvable pour mostr04.spl.
mostr04.eff : Opcode 326 à gérer.
mostr03.spl : mostr03.eff : Opcode 232 : Nom du sort introuvable pour mostr03.spl.
mostr03.eff : Opcode 326 à gérer.
mostr02.spl : mostr02.eff : Opcode 232 : Nom du sort introuvable pour mostr02.spl.
mostr02.eff : Opcode 326 à gérer.
mostr01.spl : mostr01.eff : Opcode 232 : Nom du sort introuvable pour mostr01.spl.
mostr01.eff : Opcode 326 à gérer.
BDSPER01.ITM : Opcode 318 : self avec parameter1 et parameter2 différent de 0
bdsper1a.spl : BDSPER01.ITM : Opcode 146 : Nom du sort introuvable pour bdsper1a.spl.
mostr06.spl : mostr06.eff : Opcode 232 : Nom du sort introuvable pour mostr06.spl.
mostr06.eff : Opcode 326 à gérer.
mostr05.spl : mostr05.eff : Opcode 232 : Nom du sort introuvable pour mostr05.spl.
mostr05.eff : Opcode 326 à gérer.
mostr04.spl : mostr04.eff : Opcode 232 : Nom du sort introuvable pour mostr04.spl.
mostr04.eff : Opcode 326 à gérer.
mostr03.spl : mostr03.eff : Opcode 232 : Nom du sort introuvable pour mostr03.spl.
mostr03.eff : Opcode 326 à gérer.
mostr02.spl : mostr02.eff : Opcode 232 : Nom du sort introuvable pour mostr02.spl.
mostr02.eff : Opcode 326 à gérer.
mostr01.spl : mostr01.eff : Opcode 232 : Nom du sort introuvable pour mostr01.spl.
mostr01.eff : Opcode 326 à gérer.
BDSTAF01.ITM : Opcode 318 : self avec parameter1 et parameter2 différent de 0
mostr06.spl : mostr06.eff : Opcode 232 : Nom du sort introuvable pour mostr06.spl.
mostr06.eff : Opcode 326 à gérer.
mostr05.spl : mostr05.eff : Opcode 232 : Nom du sort introuvable pour mostr05.spl.
mostr05.eff : Opcode 326 à gérer.
mostr04.spl : mostr04.eff : Opcode 232 : Nom du sort introuvable pour mostr04.spl.
mostr04.eff : Opcode 326 à gérer.
mostr03.spl : mostr03.eff : Opcode 232 : Nom du sort introuvable pour mostr03.spl.
mostr03.eff : Opcode 326 à gérer.
mostr02.spl : mostr02.eff : Opcode 232 : Nom du sort introuvable pour mostr02.spl.
mostr02.eff : Opcode 326 à gérer.
mostr01.spl : mostr01.eff : Opcode 232 : Nom du sort introuvable pour mostr01.spl.
mostr01.eff : Opcode 326 à gérer.
BDSTAF02.ITM : Opcode 318 : self avec parameter1 et parameter2 différent de 0
mostr06.spl : mostr06.eff : Opcode 232 : Nom du sort introuvable pour mostr06.spl.
mostr06.eff : Opcode 326 à gérer.
mostr05.spl : mostr05.eff : Opcode 232 : Nom du sort introuvable pour mostr05.spl.
mostr05.eff : Opcode 326 à gérer.
mostr04.spl : mostr04.eff : Opcode 232 : Nom du sort introuvable pour mostr04.spl.
mostr04.eff : Opcode 326 à gérer.
mostr03.spl : mostr03.eff : Opcode 232 : Nom du sort introuvable pour mostr03.spl.
mostr03.eff : Opcode 326 à gérer.
mostr02.spl : mostr02.eff : Opcode 232 : Nom du sort introuvable pour mostr02.spl.
mostr02.eff : Opcode 326 à gérer.
mostr01.spl : mostr01.eff : Opcode 232 : Nom du sort introuvable pour mostr01.spl.
mostr01.eff : Opcode 326 à gérer.
BDSTAF03.ITM : Opcode 318 : self avec parameter1 et parameter2 différent de 0
bdcrimsn.spl : BDSW1H01.ITM : Opcode 232 : Nom du sort introuvable pour bdcrimsn.spl.
BDSW1H01.ITM : Opcode 321 à gérer.
BDSW1H01.ITM : Opcode 321 à gérer.
bdsw1h02.spl : BDSW1H02.ITM : Opcode 146 : Nom du sort introuvable pour bdsw1h02.spl.
BDSW1H03.ITM : Opcode 341 : La ressource BDSW1H03.eff n'existe pas.
bdvoid.spl : BDSW1H06.ITM : Opcode 146 : Nom du sort introuvable pour bdvoid.spl.
bdsw1h08.spl : BDSW1H08.ITM : Opcode 232 : Nom du sort introuvable pour bdsw1h08.spl.
BDSW1H08.ITM : Opcode 321 à gérer.
bdfractl.spl : BDSW1H14.ITM : Opcode 232 : Nom du sort introuvable pour bdfractl.spl.
BDSW1H14.ITM : Opcode 321 à gérer.
bdsw1h14.spl : BDSW1H14.ITM : Opcode 146 : Nom du sort introuvable pour bdsw1h14.spl.
BDSW1H21.ITM : Opcode 340 à gérer.
bdsw1h21.spl : BDSW1H21.ITM : Opcode 146 : Nom du sort introuvable pour bdsw1h21.spl.
mostr06.spl : mostr06.eff : Opcode 232 : Nom du sort introuvable pour mostr06.spl.
mostr06.eff : Opcode 326 à gérer.
mostr05.spl : mostr05.eff : Opcode 232 : Nom du sort introuvable pour mostr05.spl.
mostr05.eff : Opcode 326 à gérer.
mostr04.spl : mostr04.eff : Opcode 232 : Nom du sort introuvable pour mostr04.spl.
mostr04.eff : Opcode 326 à gérer.
mostr03.spl : mostr03.eff : Opcode 232 : Nom du sort introuvable pour mostr03.spl.
mostr03.eff : Opcode 326 à gérer.
mostr02.spl : mostr02.eff : Opcode 232 : Nom du sort introuvable pour mostr02.spl.
mostr02.eff : Opcode 326 à gérer.
mostr01.spl : mostr01.eff : Opcode 232 : Nom du sort introuvable pour mostr01.spl.
mostr01.eff : Opcode 326 à gérer.
BDSW2H01.ITM : Opcode 318 : self avec parameter1 et parameter2 différent de 0
BDSW2H01.ITM : Opcode 232: TODO parameter2 : 21 : 0 : 104
bddragbl.spl : BDSW2H01.ITM : Opcode 232 : Nom du sort introuvable pour bddragbl.spl.
BDSW2H01.ITM : Unknown macro: opcode_party_206
BDSW2H01.ITM : FAILURE: opcode 232: Failure("Unknown macro: opcode_party_206")
mostr06.spl : mostr06.eff : Opcode 232 : Nom du sort introuvable pour mostr06.spl.
mostr06.eff : Opcode 326 à gérer.
mostr05.spl : mostr05.eff : Opcode 232 : Nom du sort introuvable pour mostr05.spl.
mostr05.eff : Opcode 326 à gérer.
mostr04.spl : mostr04.eff : Opcode 232 : Nom du sort introuvable pour mostr04.spl.
mostr04.eff : Opcode 326 à gérer.
mostr03.spl : mostr03.eff : Opcode 232 : Nom du sort introuvable pour mostr03.spl.
mostr03.eff : Opcode 326 à gérer.
mostr02.spl : mostr02.eff : Opcode 232 : Nom du sort introuvable pour mostr02.spl.
mostr02.eff : Opcode 326 à gérer.
mostr01.spl : mostr01.eff : Opcode 232 : Nom du sort introuvable pour mostr01.spl.
mostr01.eff : Opcode 326 à gérer.
BDSW2H02.ITM : Opcode 318 : self avec parameter1 et parameter2 différent de 0
BDSW2H02.ITM : Opcode 341 : La ressource BDSW2H02.eff n'existe pas.
mostr06.spl : mostr06.eff : Opcode 232 : Nom du sort introuvable pour mostr06.spl.
mostr06.eff : Opcode 326 à gérer.
mostr05.spl : mostr05.eff : Opcode 232 : Nom du sort introuvable pour mostr05.spl.
mostr05.eff : Opcode 326 à gérer.
mostr04.spl : mostr04.eff : Opcode 232 : Nom du sort introuvable pour mostr04.spl.
mostr04.eff : Opcode 326 à gérer.
mostr03.spl : mostr03.eff : Opcode 232 : Nom du sort introuvable pour mostr03.spl.
mostr03.eff : Opcode 326 à gérer.
mostr02.spl : mostr02.eff : Opcode 232 : Nom du sort introuvable pour mostr02.spl.
mostr02.eff : Opcode 326 à gérer.
mostr01.spl : mostr01.eff : Opcode 232 : Nom du sort introuvable pour mostr01.spl.
mostr01.eff : Opcode 326 à gérer.
BDSW2H03.ITM : Opcode 318 : self avec parameter1 et parameter2 différent de 0
BDSW2H03.ITM : Opcode 341 : La ressource BDSW2H03.eff n'existe pas.
BDXBOW01.ITM : Opcode 318 : self avec parameter1 et parameter2 différent de 0
BDXBOW01.ITM : Opcode 318 : self avec parameter1 et parameter2 différent de 0
BDXBOW01.ITM : Opcode 341 : La ressource BDXBOW01.eff n'existe pas.
BDXBOW02.ITM : Opcode 318 : self avec parameter1 et parameter2 différent de 0
BDXBOW02.ITM : Opcode 318 : self avec parameter1 et parameter2 différent de 0
bddoom.spl : BDXBOW02.ITM : Opcode 146 : Nom du sort introuvable pour bddoom.spl.
blun38.spl : BLUN38.ITM : Opcode 232 : Nom du sort introuvable pour blun38.spl.
BOW02.ITM : Opcode 318 : self avec parameter1 et parameter2 différent de 0
BOW02.ITM : Opcode 318 : self avec parameter1 et parameter2 différent de 0
BOW04.ITM : Opcode 318 : self avec parameter1 et parameter2 différent de 0
BOW04.ITM : Opcode 318 : self avec parameter1 et parameter2 différent de 0
BOW06.ITM : Opcode 318 : self avec parameter1 et parameter2 différent de 0
BOW06.ITM : Opcode 318 : self avec parameter1 et parameter2 différent de 0
BOW07.ITM : Opcode 318 : self avec parameter1 et parameter2 différent de 0
BOW07.ITM : Opcode 318 : self avec parameter1 et parameter2 différent de 0
BOW08.ITM : Opcode 318 : self avec parameter1 et parameter2 différent de 0
BOW08.ITM : Opcode 318 : self avec parameter1 et parameter2 différent de 0
BOW16.ITM : Opcode 318 : self avec parameter1 et parameter2 différent de 0
BOW16.ITM : Opcode 318 : self avec parameter1 et parameter2 différent de 0
BOW17.ITM : Opcode 318 : self avec parameter1 et parameter2 différent de 0
BOW17.ITM : Opcode 318 : self avec parameter1 et parameter2 différent de 0
BOW18.ITM : Opcode 318 : self avec parameter1 et parameter2 différent de 0
BOW18.ITM : Opcode 318 : self avec parameter1 et parameter2 différent de 0
spin775.spl : CHALCY3.ITM : Opcode 206 : Nom du sort introuvable pour spin775.spl.
CHALCY3.ITM : Opcode 321 à gérer.
CHALCY3.ITM : Opcode 321 à gérer.
spin775.spl : CHALCY3.ITM : Opcode 206 : Nom du sort introuvable pour spin775.spl.
CLCK04.ITM : Opcode 172 : La ressource spinhum.spl n'existe pas.
CLCK24.ITM : Opcode 197 : Réflection du type de projectile '205'
CLCK24.ITM : Opcode 197 : Réflection du type de projectile '320'
DART02.ITM : Opcode 318 : self avec parameter1 et parameter2 différent de 0
DART02.ITM : Opcode 318 : self avec parameter1 et parameter2 différent de 0
DART03.ITM : Opcode 318 : self avec parameter1 et parameter2 différent de 0
DART03.ITM : Opcode 318 : self avec parameter1 et parameter2 différent de 0
DART04.ITM : Opcode 318 : self avec parameter1 et parameter2 différent de 0
DART04.ITM : Opcode 318 : self avec parameter1 et parameter2 différent de 0
DART05.ITM : Opcode 318 : self avec parameter1 et parameter2 différent de 0
DART05.ITM : Opcode 318 : self avec parameter1 et parameter2 différent de 0
DART09.ITM : Opcode 318 : self avec parameter1 et parameter2 différent de 0
DART09.ITM : Opcode 318 : self avec parameter1 et parameter2 différent de 0
DART10.ITM : Opcode 318 : self avec parameter1 et parameter2 différent de 0
DART10.ITM : Opcode 318 : self avec parameter1 et parameter2 différent de 0
DART11.ITM : Opcode 318 : self avec parameter1 et parameter2 différent de 0
DART11.ITM : Opcode 318 : self avec parameter1 et parameter2 différent de 0
DWDART01.ITM : Opcode 318 : self avec parameter1 et parameter2 différent de 0
DWDART01.ITM : Opcode 318 : self avec parameter1 et parameter2 différent de 0
moarm06.spl : moarm06.eff : Opcode 232 : Nom du sort introuvable pour moarm06.spl.
moarm06.eff : Opcode 326 à gérer.
moarm05.spl : moarm05.eff : Opcode 232 : Nom du sort introuvable pour moarm05.spl.
moarm05.eff : Opcode 326 à gérer.
moarm04.spl : moarm04.eff : Opcode 232 : Nom du sort introuvable pour moarm04.spl.
moarm04.eff : Opcode 326 à gérer.
moarm03.spl : moarm03.eff : Opcode 232 : Nom du sort introuvable pour moarm03.spl.
moarm03.eff : Opcode 326 à gérer.
moarm01.spl : moarm01.eff : Opcode 232 : Nom du sort introuvable pour moarm01.spl.
moarm01.eff : Opcode 326 à gérer.
DWSHLD01.ITM : Opcode 318 : self avec parameter1 et parameter2 différent de 0
DWSHLD01.ITM : Opcode 318 : self avec parameter1 et parameter2 différent de 0
DWSHLD01.ITM : Opcode 318 : self avec parameter1 et parameter2 différent de 0
DWSHLD01.ITM : Opcode 318 : self avec parameter1 et parameter2 différent de 0
mostr06.spl : mostr06.eff : Opcode 232 : Nom du sort introuvable pour mostr06.spl.
mostr06.eff : Opcode 326 à gérer.
mostr05.spl : mostr05.eff : Opcode 232 : Nom du sort introuvable pour mostr05.spl.
mostr05.eff : Opcode 326 à gérer.
mostr04.spl : mostr04.eff : Opcode 232 : Nom du sort introuvable pour mostr04.spl.
mostr04.eff : Opcode 326 à gérer.
mostr03.spl : mostr03.eff : Opcode 232 : Nom du sort introuvable pour mostr03.spl.
mostr03.eff : Opcode 326 à gérer.
mostr02.spl : mostr02.eff : Opcode 232 : Nom du sort introuvable pour mostr02.spl.
mostr02.eff : Opcode 326 à gérer.
mostr01.spl : mostr01.eff : Opcode 232 : Nom du sort introuvable pour mostr01.spl.
mostr01.eff : Opcode 326 à gérer.
DWSPER01.ITM : Opcode 318 : self avec parameter1 et parameter2 différent de 0
DWXBOW01.ITM : Opcode 318 : self avec parameter1 et parameter2 différent de 0
DWXBOW01.ITM : Opcode 318 : self avec parameter1 et parameter2 différent de 0
mostr06.spl : mostr06.eff : Opcode 232 : Nom du sort introuvable pour mostr06.spl.
mostr06.eff : Opcode 326 à gérer.
mostr05.spl : mostr05.eff : Opcode 232 : Nom du sort introuvable pour mostr05.spl.
mostr05.eff : Opcode 326 à gérer.
mostr04.spl : mostr04.eff : Opcode 232 : Nom du sort introuvable pour mostr04.spl.
mostr04.eff : Opcode 326 à gérer.
mostr03.spl : mostr03.eff : Opcode 232 : Nom du sort introuvable pour mostr03.spl.
mostr03.eff : Opcode 326 à gérer.
mostr02.spl : mostr02.eff : Opcode 232 : Nom du sort introuvable pour mostr02.spl.
mostr02.eff : Opcode 326 à gérer.
mostr01.spl : mostr01.eff : Opcode 232 : Nom du sort introuvable pour mostr01.spl.
mostr01.eff : Opcode 326 à gérer.
ENSTAFF.ITM : Opcode 318 : self avec parameter1 et parameter2 différent de 0
GODBOW.ITM : Opcode 318 : self avec parameter1 et parameter2 différent de 0
GODBOW.ITM : Opcode 318 : self avec parameter1 et parameter2 différent de 0
mostr06.spl : mostr06.eff : Opcode 232 : Nom du sort introuvable pour mostr06.spl.
mostr06.eff : Opcode 326 à gérer.
mostr05.spl : mostr05.eff : Opcode 232 : Nom du sort introuvable pour mostr05.spl.
mostr05.eff : Opcode 326 à gérer.
mostr04.spl : mostr04.eff : Opcode 232 : Nom du sort introuvable pour mostr04.spl.
mostr04.eff : Opcode 326 à gérer.
mostr03.spl : mostr03.eff : Opcode 232 : Nom du sort introuvable pour mostr03.spl.
mostr03.eff : Opcode 326 à gérer.
mostr02.spl : mostr02.eff : Opcode 232 : Nom du sort introuvable pour mostr02.spl.
mostr02.eff : Opcode 326 à gérer.
mostr01.spl : mostr01.eff : Opcode 232 : Nom du sort introuvable pour mostr01.spl.
mostr01.eff : Opcode 326 à gérer.
HALB02.ITM : Opcode 318 : self avec parameter1 et parameter2 différent de 0
mostr06.spl : mostr06.eff : Opcode 232 : Nom du sort introuvable pour mostr06.spl.
mostr06.eff : Opcode 326 à gérer.
mostr05.spl : mostr05.eff : Opcode 232 : Nom du sort introuvable pour mostr05.spl.
mostr05.eff : Opcode 326 à gérer.
mostr04.spl : mostr04.eff : Opcode 232 : Nom du sort introuvable pour mostr04.spl.
mostr04.eff : Opcode 326 à gérer.
mostr03.spl : mostr03.eff : Opcode 232 : Nom du sort introuvable pour mostr03.spl.
mostr03.eff : Opcode 326 à gérer.
mostr02.spl : mostr02.eff : Opcode 232 : Nom du sort introuvable pour mostr02.spl.
mostr02.eff : Opcode 326 à gérer.
mostr01.spl : mostr01.eff : Opcode 232 : Nom du sort introuvable pour mostr01.spl.
mostr01.eff : Opcode 326 à gérer.
HALB03.ITM : Opcode 318 : self avec parameter1 et parameter2 différent de 0
mostr06.spl : mostr06.eff : Opcode 232 : Nom du sort introuvable pour mostr06.spl.
mostr06.eff : Opcode 326 à gérer.
mostr05.spl : mostr05.eff : Opcode 232 : Nom du sort introuvable pour mostr05.spl.
mostr05.eff : Opcode 326 à gérer.
mostr04.spl : mostr04.eff : Opcode 232 : Nom du sort introuvable pour mostr04.spl.
mostr04.eff : Opcode 326 à gérer.
mostr03.spl : mostr03.eff : Opcode 232 : Nom du sort introuvable pour mostr03.spl.
mostr03.eff : Opcode 326 à gérer.
mostr02.spl : mostr02.eff : Opcode 232 : Nom du sort introuvable pour mostr02.spl.
mostr02.eff : Opcode 326 à gérer.
mostr01.spl : mostr01.eff : Opcode 232 : Nom du sort introuvable pour mostr01.spl.
mostr01.eff : Opcode 326 à gérer.
HALB07.ITM : Opcode 318 : self avec parameter1 et parameter2 différent de 0
mostr06.spl : mostr06.eff : Opcode 232 : Nom du sort introuvable pour mostr06.spl.
mostr06.eff : Opcode 326 à gérer.
mostr05.spl : mostr05.eff : Opcode 232 : Nom du sort introuvable pour mostr05.spl.
mostr05.eff : Opcode 326 à gérer.
mostr04.spl : mostr04.eff : Opcode 232 : Nom du sort introuvable pour mostr04.spl.
mostr04.eff : Opcode 326 à gérer.
mostr03.spl : mostr03.eff : Opcode 232 : Nom du sort introuvable pour mostr03.spl.
mostr03.eff : Opcode 326 à gérer.
mostr02.spl : mostr02.eff : Opcode 232 : Nom du sort introuvable pour mostr02.spl.
mostr02.eff : Opcode 326 à gérer.
mostr01.spl : mostr01.eff : Opcode 232 : Nom du sort introuvable pour mostr01.spl.
mostr01.eff : Opcode 326 à gérer.
HALB13.ITM : Opcode 318 : self avec parameter1 et parameter2 différent de 0
mostr06.spl : mostr06.eff : Opcode 232 : Nom du sort introuvable pour mostr06.spl.
mostr06.eff : Opcode 326 à gérer.
mostr05.spl : mostr05.eff : Opcode 232 : Nom du sort introuvable pour mostr05.spl.
mostr05.eff : Opcode 326 à gérer.
mostr04.spl : mostr04.eff : Opcode 232 : Nom du sort introuvable pour mostr04.spl.
mostr04.eff : Opcode 326 à gérer.
mostr03.spl : mostr03.eff : Opcode 232 : Nom du sort introuvable pour mostr03.spl.
mostr03.eff : Opcode 326 à gérer.
mostr02.spl : mostr02.eff : Opcode 232 : Nom du sort introuvable pour mostr02.spl.
mostr02.eff : Opcode 326 à gérer.
mostr01.spl : mostr01.eff : Opcode 232 : Nom du sort introuvable pour mostr01.spl.
mostr01.eff : Opcode 326 à gérer.
HALBRD01.ITM : Opcode 318 : self avec parameter1 et parameter2 différent de 0
hamm01.spl : HAMM01.ITM : Opcode 146 : Nom du sort introuvable pour hamm01.spl.
HELM35.ITM : Opcode 83: TODO: self_probability
ISHLD02.ITM : Opcode 318 : self avec parameter1 et parameter2 différent de 0
ISHLD02.ITM : Opcode 318 : self avec parameter1 et parameter2 différent de 0
ISHLD02.ITM : Opcode 318 : self avec parameter1 et parameter2 différent de 0
ISHLD02.ITM : Opcode 318 : self avec parameter1 et parameter2 différent de 0
JWSUPER.ITM : Opcode 206 : La ressource cdsw1h58.spl n'existe pas.
JWSUPER.ITM : Opcode 206 : La ressource cdmound.spl n'existe pas.
JWSUPER.ITM : Opcode 206 : La ressource cdhgnya1.spl n'existe pas.
OHDART50.ITM : Opcode 318 : self avec parameter1 et parameter2 différent de 0
OHDART50.ITM : Opcode 318 : self avec parameter1 et parameter2 différent de 0
moarm06.spl : moarm06.eff : Opcode 232 : Nom du sort introuvable pour moarm06.spl.
moarm06.eff : Opcode 326 à gérer.
moarm05.spl : moarm05.eff : Opcode 232 : Nom du sort introuvable pour moarm05.spl.
moarm05.eff : Opcode 326 à gérer.
moarm04.spl : moarm04.eff : Opcode 232 : Nom du sort introuvable pour moarm04.spl.
moarm04.eff : Opcode 326 à gérer.
moarm03.spl : moarm03.eff : Opcode 232 : Nom du sort introuvable pour moarm03.spl.
moarm03.eff : Opcode 326 à gérer.
moarm01.spl : moarm01.eff : Opcode 232 : Nom du sort introuvable pour moarm01.spl.
moarm01.eff : Opcode 326 à gérer.
OHSHLD50.ITM : Opcode 318 : self avec parameter1 et parameter2 différent de 0
OHSHLD50.ITM : Opcode 318 : self avec parameter1 et parameter2 différent de 0
OHSHLD50.ITM : Opcode 318 : self avec parameter1 et parameter2 différent de 0
OHSHLD50.ITM : Opcode 318 : self avec parameter1 et parameter2 différent de 0
moarm06.spl : moarm06.eff : Opcode 232 : Nom du sort introuvable pour moarm06.spl.
moarm06.eff : Opcode 326 à gérer.
moarm05.spl : moarm05.eff : Opcode 232 : Nom du sort introuvable pour moarm05.spl.
moarm05.eff : Opcode 326 à gérer.
moarm04.spl : moarm04.eff : Opcode 232 : Nom du sort introuvable pour moarm04.spl.
moarm04.eff : Opcode 326 à gérer.
moarm03.spl : moarm03.eff : Opcode 232 : Nom du sort introuvable pour moarm03.spl.
moarm03.eff : Opcode 326 à gérer.
moarm01.spl : moarm01.eff : Opcode 232 : Nom du sort introuvable pour moarm01.spl.
moarm01.eff : Opcode 326 à gérer.
moarm06.spl : moarm06.eff : Opcode 232 : Nom du sort introuvable pour moarm06.spl.
moarm06.eff : Opcode 326 à gérer.
moarm05.spl : moarm05.eff : Opcode 232 : Nom du sort introuvable pour moarm05.spl.
moarm05.eff : Opcode 326 à gérer.
moarm04.spl : moarm04.eff : Opcode 232 : Nom du sort introuvable pour moarm04.spl.
moarm04.eff : Opcode 326 à gérer.
moarm03.spl : moarm03.eff : Opcode 232 : Nom du sort introuvable pour moarm03.spl.
moarm03.eff : Opcode 326 à gérer.
moarm01.spl : moarm01.eff : Opcode 232 : Nom du sort introuvable pour moarm01.spl.
moarm01.eff : Opcode 326 à gérer.
moarm06.spl : moarm06.eff : Opcode 232 : Nom du sort introuvable pour moarm06.spl.
moarm06.eff : Opcode 326 à gérer.
moarm05.spl : moarm05.eff : Opcode 232 : Nom du sort introuvable pour moarm05.spl.
moarm05.eff : Opcode 326 à gérer.
moarm04.spl : moarm04.eff : Opcode 232 : Nom du sort introuvable pour moarm04.spl.
moarm04.eff : Opcode 326 à gérer.
moarm03.spl : moarm03.eff : Opcode 232 : Nom du sort introuvable pour moarm03.spl.
moarm03.eff : Opcode 326 à gérer.
moarm01.spl : moarm01.eff : Opcode 232 : Nom du sort introuvable pour moarm01.spl.
moarm01.eff : Opcode 326 à gérer.
moarm06.spl : moarm06.eff : Opcode 232 : Nom du sort introuvable pour moarm06.spl.
moarm06.eff : Opcode 326 à gérer.
moarm05.spl : moarm05.eff : Opcode 232 : Nom du sort introuvable pour moarm05.spl.
moarm05.eff : Opcode 326 à gérer.
moarm04.spl : moarm04.eff : Opcode 232 : Nom du sort introuvable pour moarm04.spl.
moarm04.eff : Opcode 326 à gérer.
moarm03.spl : moarm03.eff : Opcode 232 : Nom du sort introuvable pour moarm03.spl.
moarm03.eff : Opcode 326 à gérer.
moarm01.spl : moarm01.eff : Opcode 232 : Nom du sort introuvable pour moarm01.spl.
moarm01.eff : Opcode 326 à gérer.
moarm06.spl : moarm06.eff : Opcode 232 : Nom du sort introuvable pour moarm06.spl.
moarm06.eff : Opcode 326 à gérer.
moarm05.spl : moarm05.eff : Opcode 232 : Nom du sort introuvable pour moarm05.spl.
moarm05.eff : Opcode 326 à gérer.
moarm04.spl : moarm04.eff : Opcode 232 : Nom du sort introuvable pour moarm04.spl.
moarm04.eff : Opcode 326 à gérer.
moarm03.spl : moarm03.eff : Opcode 232 : Nom du sort introuvable pour moarm03.spl.
moarm03.eff : Opcode 326 à gérer.
moarm01.spl : moarm01.eff : Opcode 232 : Nom du sort introuvable pour moarm01.spl.
moarm01.eff : Opcode 326 à gérer.
moarm06.spl : moarm06.eff : Opcode 232 : Nom du sort introuvable pour moarm06.spl.
moarm06.eff : Opcode 326 à gérer.
moarm05.spl : moarm05.eff : Opcode 232 : Nom du sort introuvable pour moarm05.spl.
moarm05.eff : Opcode 326 à gérer.
moarm04.spl : moarm04.eff : Opcode 232 : Nom du sort introuvable pour moarm04.spl.
moarm04.eff : Opcode 326 à gérer.
moarm03.spl : moarm03.eff : Opcode 232 : Nom du sort introuvable pour moarm03.spl.
moarm03.eff : Opcode 326 à gérer.
moarm01.spl : moarm01.eff : Opcode 232 : Nom du sort introuvable pour moarm01.spl.
moarm01.eff : Opcode 326 à gérer.
moarm06.spl : moarm06.eff : Opcode 232 : Nom du sort introuvable pour moarm06.spl.
moarm06.eff : Opcode 326 à gérer.
moarm05.spl : moarm05.eff : Opcode 232 : Nom du sort introuvable pour moarm05.spl.
moarm05.eff : Opcode 326 à gérer.
moarm04.spl : moarm04.eff : Opcode 232 : Nom du sort introuvable pour moarm04.spl.
moarm04.eff : Opcode 326 à gérer.
moarm03.spl : moarm03.eff : Opcode 232 : Nom du sort introuvable pour moarm03.spl.
moarm03.eff : Opcode 326 à gérer.
moarm01.spl : moarm01.eff : Opcode 232 : Nom du sort introuvable pour moarm01.spl.
moarm01.eff : Opcode 326 à gérer.
ohsmode3.spl : PRINCES2.ITM : Opcode 146 : Nom du sort introuvable pour ohsmode3.spl.
mostr06.spl : mostr06.eff : Opcode 232 : Nom du sort introuvable pour mostr06.spl.
mostr06.eff : Opcode 326 à gérer.
mostr05.spl : mostr05.eff : Opcode 232 : Nom du sort introuvable pour mostr05.spl.
mostr05.eff : Opcode 326 à gérer.
mostr04.spl : mostr04.eff : Opcode 232 : Nom du sort introuvable pour mostr04.spl.
mostr04.eff : Opcode 326 à gérer.
mostr03.spl : mostr03.eff : Opcode 232 : Nom du sort introuvable pour mostr03.spl.
mostr03.eff : Opcode 326 à gérer.
mostr02.spl : mostr02.eff : Opcode 232 : Nom du sort introuvable pour mostr02.spl.
mostr02.eff : Opcode 326 à gérer.
mostr01.spl : mostr01.eff : Opcode 232 : Nom du sort introuvable pour mostr01.spl.
mostr01.eff : Opcode 326 à gérer.
PSTAFM0.ITM : Opcode 318 : self avec parameter1 et parameter2 différent de 0
mostr06.spl : mostr06.eff : Opcode 232 : Nom du sort introuvable pour mostr06.spl.
mostr06.eff : Opcode 326 à gérer.
mostr05.spl : mostr05.eff : Opcode 232 : Nom du sort introuvable pour mostr05.spl.
mostr05.eff : Opcode 326 à gérer.
mostr04.spl : mostr04.eff : Opcode 232 : Nom du sort introuvable pour mostr04.spl.
mostr04.eff : Opcode 326 à gérer.
mostr03.spl : mostr03.eff : Opcode 232 : Nom du sort introuvable pour mostr03.spl.
mostr03.eff : Opcode 326 à gérer.
mostr02.spl : mostr02.eff : Opcode 232 : Nom du sort introuvable pour mostr02.spl.
mostr02.eff : Opcode 326 à gérer.
mostr01.spl : mostr01.eff : Opcode 232 : Nom du sort introuvable pour mostr01.spl.
mostr01.eff : Opcode 326 à gérer.
PSTAFM0B.ITM : Opcode 318 : self avec parameter1 et parameter2 différent de 0
mostr06.spl : mostr06.eff : Opcode 232 : Nom du sort introuvable pour mostr06.spl.
mostr06.eff : Opcode 326 à gérer.
mostr05.spl : mostr05.eff : Opcode 232 : Nom du sort introuvable pour mostr05.spl.
mostr05.eff : Opcode 326 à gérer.
mostr04.spl : mostr04.eff : Opcode 232 : Nom du sort introuvable pour mostr04.spl.
mostr04.eff : Opcode 326 à gérer.
mostr03.spl : mostr03.eff : Opcode 232 : Nom du sort introuvable pour mostr03.spl.
mostr03.eff : Opcode 326 à gérer.
mostr02.spl : mostr02.eff : Opcode 232 : Nom du sort introuvable pour mostr02.spl.
mostr02.eff : Opcode 326 à gérer.
mostr01.spl : mostr01.eff : Opcode 232 : Nom du sort introuvable pour mostr01.spl.
mostr01.eff : Opcode 326 à gérer.
PSTAFM0C.ITM : Opcode 318 : self avec parameter1 et parameter2 différent de 0
mostr06.spl : mostr06.eff : Opcode 232 : Nom du sort introuvable pour mostr06.spl.
mostr06.eff : Opcode 326 à gérer.
mostr05.spl : mostr05.eff : Opcode 232 : Nom du sort introuvable pour mostr05.spl.
mostr05.eff : Opcode 326 à gérer.
mostr04.spl : mostr04.eff : Opcode 232 : Nom du sort introuvable pour mostr04.spl.
mostr04.eff : Opcode 326 à gérer.
mostr03.spl : mostr03.eff : Opcode 232 : Nom du sort introuvable pour mostr03.spl.
mostr03.eff : Opcode 326 à gérer.
mostr02.spl : mostr02.eff : Opcode 232 : Nom du sort introuvable pour mostr02.spl.
mostr02.eff : Opcode 326 à gérer.
mostr01.spl : mostr01.eff : Opcode 232 : Nom du sort introuvable pour mostr01.spl.
mostr01.eff : Opcode 326 à gérer.
PSTAFM0D.ITM : Opcode 318 : self avec parameter1 et parameter2 différent de 0
mostr06.spl : mostr06.eff : Opcode 232 : Nom du sort introuvable pour mostr06.spl.
mostr06.eff : Opcode 326 à gérer.
mostr05.spl : mostr05.eff : Opcode 232 : Nom du sort introuvable pour mostr05.spl.
mostr05.eff : Opcode 326 à gérer.
mostr04.spl : mostr04.eff : Opcode 232 : Nom du sort introuvable pour mostr04.spl.
mostr04.eff : Opcode 326 à gérer.
mostr03.spl : mostr03.eff : Opcode 232 : Nom du sort introuvable pour mostr03.spl.
mostr03.eff : Opcode 326 à gérer.
mostr02.spl : mostr02.eff : Opcode 232 : Nom du sort introuvable pour mostr02.spl.
mostr02.eff : Opcode 326 à gérer.
mostr01.spl : mostr01.eff : Opcode 232 : Nom du sort introuvable pour mostr01.spl.
mostr01.eff : Opcode 326 à gérer.
PSTAFM0E.ITM : Opcode 318 : self avec parameter1 et parameter2 différent de 0
mostr06.spl : mostr06.eff : Opcode 232 : Nom du sort introuvable pour mostr06.spl.
mostr06.eff : Opcode 326 à gérer.
mostr05.spl : mostr05.eff : Opcode 232 : Nom du sort introuvable pour mostr05.spl.
mostr05.eff : Opcode 326 à gérer.
mostr04.spl : mostr04.eff : Opcode 232 : Nom du sort introuvable pour mostr04.spl.
mostr04.eff : Opcode 326 à gérer.
mostr03.spl : mostr03.eff : Opcode 232 : Nom du sort introuvable pour mostr03.spl.
mostr03.eff : Opcode 326 à gérer.
mostr02.spl : mostr02.eff : Opcode 232 : Nom du sort introuvable pour mostr02.spl.
mostr02.eff : Opcode 326 à gérer.
mostr01.spl : mostr01.eff : Opcode 232 : Nom du sort introuvable pour mostr01.spl.
mostr01.eff : Opcode 326 à gérer.
PSTAFM1.ITM : Opcode 318 : self avec parameter1 et parameter2 différent de 0
mostr06.spl : mostr06.eff : Opcode 232 : Nom du sort introuvable pour mostr06.spl.
mostr06.eff : Opcode 326 à gérer.
mostr05.spl : mostr05.eff : Opcode 232 : Nom du sort introuvable pour mostr05.spl.
mostr05.eff : Opcode 326 à gérer.
mostr04.spl : mostr04.eff : Opcode 232 : Nom du sort introuvable pour mostr04.spl.
mostr04.eff : Opcode 326 à gérer.
mostr03.spl : mostr03.eff : Opcode 232 : Nom du sort introuvable pour mostr03.spl.
mostr03.eff : Opcode 326 à gérer.
mostr02.spl : mostr02.eff : Opcode 232 : Nom du sort introuvable pour mostr02.spl.
mostr02.eff : Opcode 326 à gérer.
mostr01.spl : mostr01.eff : Opcode 232 : Nom du sort introuvable pour mostr01.spl.
mostr01.eff : Opcode 326 à gérer.
PSTAFM2.ITM : Opcode 318 : self avec parameter1 et parameter2 différent de 0
RING09.ITM : Opcode 206 : La ressource cdsw1h58.spl n'existe pas.
RING09.ITM : Opcode 206 : La ressource cdmound.spl n'existe pas.
RING09.ITM : Opcode 206 : La ressource cdhgnya1.spl n'existe pas.
SHLD02.ITM : Opcode 318 : self avec parameter1 et parameter2 différent de 0
SHLD02.ITM : Opcode 318 : self avec parameter1 et parameter2 différent de 0
SHLD02.ITM : Opcode 318 : self avec parameter1 et parameter2 différent de 0
SHLD02.ITM : Opcode 318 : self avec parameter1 et parameter2 différent de 0
SHLD02A.ITM : Opcode 318 : self avec parameter1 et parameter2 différent de 0
SHLD02A.ITM : Opcode 318 : self avec parameter1 et parameter2 différent de 0
SHLD02A.ITM : Opcode 318 : self avec parameter1 et parameter2 différent de 0
SHLD02A.ITM : Opcode 318 : self avec parameter1 et parameter2 différent de 0
SHLD02P.ITM : Opcode 318 : self avec parameter1 et parameter2 différent de 0
SHLD02P.ITM : Opcode 318 : self avec parameter1 et parameter2 différent de 0
SHLD02P.ITM : Opcode 318 : self avec parameter1 et parameter2 différent de 0
SHLD02P.ITM : Opcode 318 : self avec parameter1 et parameter2 différent de 0
SHLD03P.ITM : Opcode 318 : self avec parameter1 et parameter2 différent de 0
SHLD03P.ITM : Opcode 318 : self avec parameter1 et parameter2 différent de 0
SHLD03P.ITM : Opcode 318 : self avec parameter1 et parameter2 différent de 0
SHLD03P.ITM : Opcode 318 : self avec parameter1 et parameter2 différent de 0
SHLD04.ITM : Opcode 318 : self avec parameter1 et parameter2 différent de 0
SHLD04.ITM : Opcode 318 : self avec parameter1 et parameter2 différent de 0
SHLD04.ITM : Opcode 318 : self avec parameter1 et parameter2 différent de 0
SHLD04.ITM : Opcode 318 : self avec parameter1 et parameter2 différent de 0
SHLD04A.ITM : Opcode 318 : self avec parameter1 et parameter2 différent de 0
SHLD04A.ITM : Opcode 318 : self avec parameter1 et parameter2 différent de 0
SHLD04A.ITM : Opcode 318 : self avec parameter1 et parameter2 différent de 0
SHLD04A.ITM : Opcode 318 : self avec parameter1 et parameter2 différent de 0
SHLD05P.ITM : Opcode 318 : self avec parameter1 et parameter2 différent de 0
SHLD05P.ITM : Opcode 318 : self avec parameter1 et parameter2 différent de 0
SHLD05P.ITM : Opcode 318 : self avec parameter1 et parameter2 différent de 0
SHLD05P.ITM : Opcode 318 : self avec parameter1 et parameter2 différent de 0
SHLD06.ITM : Opcode 318 : self avec parameter1 et parameter2 différent de 0
SHLD06.ITM : Opcode 318 : self avec parameter1 et parameter2 différent de 0
SHLD06.ITM : Opcode 318 : self avec parameter1 et parameter2 différent de 0
SHLD06.ITM : Opcode 318 : self avec parameter1 et parameter2 différent de 0
SHLD06A.ITM : Opcode 318 : self avec parameter1 et parameter2 différent de 0
SHLD06A.ITM : Opcode 318 : self avec parameter1 et parameter2 différent de 0
SHLD06A.ITM : Opcode 318 : self avec parameter1 et parameter2 différent de 0
SHLD06A.ITM : Opcode 318 : self avec parameter1 et parameter2 différent de 0
SHLD06P.ITM : Opcode 318 : self avec parameter1 et parameter2 différent de 0
SHLD06P.ITM : Opcode 318 : self avec parameter1 et parameter2 différent de 0
SHLD06P.ITM : Opcode 318 : self avec parameter1 et parameter2 différent de 0
SHLD06P.ITM : Opcode 318 : self avec parameter1 et parameter2 différent de 0
SHLD07.ITM : Opcode 318 : self avec parameter1 et parameter2 différent de 0
SHLD07.ITM : Opcode 318 : self avec parameter1 et parameter2 différent de 0
SHLD07.ITM : Opcode 318 : self avec parameter1 et parameter2 différent de 0
SHLD07.ITM : Opcode 318 : self avec parameter1 et parameter2 différent de 0
SHLD07A.ITM : Opcode 318 : self avec parameter1 et parameter2 différent de 0
SHLD07A.ITM : Opcode 318 : self avec parameter1 et parameter2 différent de 0
SHLD07A.ITM : Opcode 318 : self avec parameter1 et parameter2 différent de 0
SHLD07A.ITM : Opcode 318 : self avec parameter1 et parameter2 différent de 0
SHLD07P.ITM : Opcode 318 : self avec parameter1 et parameter2 différent de 0
SHLD07P.ITM : Opcode 318 : self avec parameter1 et parameter2 différent de 0
SHLD07P.ITM : Opcode 318 : self avec parameter1 et parameter2 différent de 0
SHLD07P.ITM : Opcode 318 : self avec parameter1 et parameter2 différent de 0
SHLD08P.ITM : Opcode 318 : self avec parameter1 et parameter2 différent de 0
SHLD08P.ITM : Opcode 318 : self avec parameter1 et parameter2 différent de 0
SHLD08P.ITM : Opcode 318 : self avec parameter1 et parameter2 différent de 0
SHLD08P.ITM : Opcode 318 : self avec parameter1 et parameter2 différent de 0
SHLD08P.ITM : Opcode 326 à gérer.
SHLD08P.ITM : Opcode 318 : Immunité à une ressource (spl ou itm) différente de l'objet : SPWI413
spwi413a.spl : SHLD08P.ITM : Opcode 146 : Nom du sort introuvable pour spwi413a.spl.
SHLD08P.ITM : Opcode 326 à gérer.
SHLD08P.ITM : Opcode 318 : Immunité à une ressource (spl ou itm) différente de l'objet : SPWI413
spwi413a.spl : SHLD08P.ITM : Opcode 146 : Nom du sort introuvable pour spwi413a.spl.
sppr951d.spl : SHLD08P.ITM : Opcode 232 : Nom du sort introuvable pour sppr951d.spl.
sppr951d.spl : SHLD08P.ITM : Opcode 232 : Nom du sort introuvable pour sppr951d.spl.
sppr951d.spl : SHLD08P.ITM : Opcode 232 : Nom du sort introuvable pour sppr951d.spl.
sppr951d.spl : SHLD08P.ITM : Opcode 232 : Nom du sort introuvable pour sppr951d.spl.
sppr951d.spl : SHLD08P.ITM : Opcode 232 : Nom du sort introuvable pour sppr951d.spl.
sppr951d.spl : SHLD08P.ITM : Opcode 232 : Nom du sort introuvable pour sppr951d.spl.
sppr951d.spl : SHLD08P.ITM : Opcode 232 : Nom du sort introuvable pour sppr951d.spl.
sppr951d.spl : SHLD08P.ITM : Opcode 232 : Nom du sort introuvable pour sppr951d.spl.
sppr951d.spl : SHLD08P.ITM : Opcode 232 : Nom du sort introuvable pour sppr951d.spl.
sppr951d.spl : SHLD08P.ITM : Opcode 232 : Nom du sort introuvable pour sppr951d.spl.
sppr951d.spl : SHLD08P.ITM : Opcode 232 : Nom du sort introuvable pour sppr951d.spl.
sppr951d.spl : SHLD08P.ITM : Opcode 232 : Nom du sort introuvable pour sppr951d.spl.
sppr951d.spl : SHLD08P.ITM : Opcode 232 : Nom du sort introuvable pour sppr951d.spl.
sppr951d.spl : SHLD08P.ITM : Opcode 232 : Nom du sort introuvable pour sppr951d.spl.
SHLD09P.ITM : Opcode 318 : self avec parameter1 et parameter2 différent de 0
SHLD09P.ITM : Opcode 318 : self avec parameter1 et parameter2 différent de 0
SHLD09P.ITM : Opcode 318 : self avec parameter1 et parameter2 différent de 0
SHLD09P.ITM : Opcode 318 : self avec parameter1 et parameter2 différent de 0
SHLD17.ITM : Opcode 318 : self avec parameter1 et parameter2 différent de 0
SHLD17.ITM : Opcode 318 : self avec parameter1 et parameter2 différent de 0
SHLD17.ITM : Opcode 318 : self avec parameter1 et parameter2 différent de 0
SHLD17.ITM : Opcode 318 : self avec parameter1 et parameter2 différent de 0
SHLD19.ITM : Opcode 318 : self avec parameter1 et parameter2 différent de 0
SHLD19.ITM : Opcode 318 : self avec parameter1 et parameter2 différent de 0
SHLD19.ITM : Opcode 318 : self avec parameter1 et parameter2 différent de 0
SHLD19.ITM : Opcode 318 : self avec parameter1 et parameter2 différent de 0
SHLD19A.ITM : Opcode 318 : self avec parameter1 et parameter2 différent de 0
SHLD19A.ITM : Opcode 318 : self avec parameter1 et parameter2 différent de 0
SHLD19A.ITM : Opcode 318 : self avec parameter1 et parameter2 différent de 0
SHLD19A.ITM : Opcode 318 : self avec parameter1 et parameter2 différent de 0
SHLD20.ITM : Opcode 318 : self avec parameter1 et parameter2 différent de 0
SHLD20.ITM : Opcode 318 : self avec parameter1 et parameter2 différent de 0
SHLD20.ITM : Opcode 318 : self avec parameter1 et parameter2 différent de 0
SHLD20.ITM : Opcode 318 : self avec parameter1 et parameter2 différent de 0
SHLD28.ITM : Opcode 318 : self avec parameter1 et parameter2 différent de 0
SHLD28.ITM : Opcode 318 : self avec parameter1 et parameter2 différent de 0
SHLD28.ITM : Opcode 318 : self avec parameter1 et parameter2 différent de 0
SHLD28.ITM : Opcode 318 : self avec parameter1 et parameter2 différent de 0
SHLD29.ITM : Opcode 318 : self avec parameter1 et parameter2 différent de 0
SHLD29.ITM : Opcode 318 : self avec parameter1 et parameter2 différent de 0
SHLD29.ITM : Opcode 318 : self avec parameter1 et parameter2 différent de 0
SHLD29.ITM : Opcode 318 : self avec parameter1 et parameter2 différent de 0
SHLD30.ITM : Opcode 318 : self avec parameter1 et parameter2 différent de 0
SHLD30.ITM : Opcode 318 : self avec parameter1 et parameter2 différent de 0
SHLD30.ITM : Opcode 318 : self avec parameter1 et parameter2 différent de 0
SHLD30.ITM : Opcode 318 : self avec parameter1 et parameter2 différent de 0
SHLD30A.ITM : Opcode 318 : self avec parameter1 et parameter2 différent de 0
SHLD30A.ITM : Opcode 318 : self avec parameter1 et parameter2 différent de 0
SHLD30A.ITM : Opcode 318 : self avec parameter1 et parameter2 différent de 0
SHLD30A.ITM : Opcode 318 : self avec parameter1 et parameter2 différent de 0
SHLD31A.ITM : Opcode 318 : self avec parameter1 et parameter2 différent de 0
SHLD31A.ITM : Opcode 318 : self avec parameter1 et parameter2 différent de 0
SHLD31A.ITM : Opcode 318 : self avec parameter1 et parameter2 différent de 0
SHLD31A.ITM : Opcode 318 : self avec parameter1 et parameter2 différent de 0
SHLD32.ITM : Opcode 318 : self avec parameter1 et parameter2 différent de 0
SHLD32.ITM : Opcode 318 : self avec parameter1 et parameter2 différent de 0
SHLD32.ITM : Opcode 318 : self avec parameter1 et parameter2 différent de 0
SHLD32.ITM : Opcode 318 : self avec parameter1 et parameter2 différent de 0
SHLD33.ITM : Opcode 318 : self avec parameter1 et parameter2 différent de 0
SHLD33.ITM : Opcode 318 : self avec parameter1 et parameter2 différent de 0
SHLD33.ITM : Opcode 318 : self avec parameter1 et parameter2 différent de 0
SHLD33.ITM : Opcode 318 : self avec parameter1 et parameter2 différent de 0
SLNG02.ITM : Opcode 318 : self avec parameter1 et parameter2 différent de 0
SLNG02.ITM : Opcode 318 : self avec parameter1 et parameter2 différent de 0
SLNG03.ITM : Opcode 318 : self avec parameter1 et parameter2 différent de 0
SLNG03.ITM : Opcode 318 : self avec parameter1 et parameter2 différent de 0
SLNG04.ITM : Opcode 318 : self avec parameter1 et parameter2 différent de 0
SLNG04.ITM : Opcode 318 : self avec parameter1 et parameter2 différent de 0
SLNG10.ITM : Opcode 318 : self avec parameter1 et parameter2 différent de 0
SLNG10.ITM : Opcode 318 : self avec parameter1 et parameter2 différent de 0
SLNG11.ITM : Opcode 318 : self avec parameter1 et parameter2 différent de 0
SLNG11.ITM : Opcode 318 : self avec parameter1 et parameter2 différent de 0
mostr06.spl : mostr06.eff : Opcode 232 : Nom du sort introuvable pour mostr06.spl.
mostr06.eff : Opcode 326 à gérer.
mostr05.spl : mostr05.eff : Opcode 232 : Nom du sort introuvable pour mostr05.spl.
mostr05.eff : Opcode 326 à gérer.
mostr04.spl : mostr04.eff : Opcode 232 : Nom du sort introuvable pour mostr04.spl.
mostr04.eff : Opcode 326 à gérer.
mostr03.spl : mostr03.eff : Opcode 232 : Nom du sort introuvable pour mostr03.spl.
mostr03.eff : Opcode 326 à gérer.
mostr02.spl : mostr02.eff : Opcode 232 : Nom du sort introuvable pour mostr02.spl.
mostr02.eff : Opcode 326 à gérer.
mostr01.spl : mostr01.eff : Opcode 232 : Nom du sort introuvable pour mostr01.spl.
mostr01.eff : Opcode 326 à gérer.
SPER02.ITM : Opcode 318 : self avec parameter1 et parameter2 différent de 0
mostr06.spl : mostr06.eff : Opcode 232 : Nom du sort introuvable pour mostr06.spl.
mostr06.eff : Opcode 326 à gérer.
mostr05.spl : mostr05.eff : Opcode 232 : Nom du sort introuvable pour mostr05.spl.
mostr05.eff : Opcode 326 à gérer.
mostr04.spl : mostr04.eff : Opcode 232 : Nom du sort introuvable pour mostr04.spl.
mostr04.eff : Opcode 326 à gérer.
mostr03.spl : mostr03.eff : Opcode 232 : Nom du sort introuvable pour mostr03.spl.
mostr03.eff : Opcode 326 à gérer.
mostr02.spl : mostr02.eff : Opcode 232 : Nom du sort introuvable pour mostr02.spl.
mostr02.eff : Opcode 326 à gérer.
mostr01.spl : mostr01.eff : Opcode 232 : Nom du sort introuvable pour mostr01.spl.
mostr01.eff : Opcode 326 à gérer.
SPER03.ITM : Opcode 318 : self avec parameter1 et parameter2 différent de 0
mostr06.spl : mostr06.eff : Opcode 232 : Nom du sort introuvable pour mostr06.spl.
mostr06.eff : Opcode 326 à gérer.
mostr05.spl : mostr05.eff : Opcode 232 : Nom du sort introuvable pour mostr05.spl.
mostr05.eff : Opcode 326 à gérer.
mostr04.spl : mostr04.eff : Opcode 232 : Nom du sort introuvable pour mostr04.spl.
mostr04.eff : Opcode 326 à gérer.
mostr03.spl : mostr03.eff : Opcode 232 : Nom du sort introuvable pour mostr03.spl.
mostr03.eff : Opcode 326 à gérer.
mostr02.spl : mostr02.eff : Opcode 232 : Nom du sort introuvable pour mostr02.spl.
mostr02.eff : Opcode 326 à gérer.
mostr01.spl : mostr01.eff : Opcode 232 : Nom du sort introuvable pour mostr01.spl.
mostr01.eff : Opcode 326 à gérer.
SPER05.ITM : Opcode 318 : self avec parameter1 et parameter2 différent de 0
mostr06.spl : mostr06.eff : Opcode 232 : Nom du sort introuvable pour mostr06.spl.
mostr06.eff : Opcode 326 à gérer.
mostr05.spl : mostr05.eff : Opcode 232 : Nom du sort introuvable pour mostr05.spl.
mostr05.eff : Opcode 326 à gérer.
mostr04.spl : mostr04.eff : Opcode 232 : Nom du sort introuvable pour mostr04.spl.
mostr04.eff : Opcode 326 à gérer.
mostr03.spl : mostr03.eff : Opcode 232 : Nom du sort introuvable pour mostr03.spl.
mostr03.eff : Opcode 326 à gérer.
mostr02.spl : mostr02.eff : Opcode 232 : Nom du sort introuvable pour mostr02.spl.
mostr02.eff : Opcode 326 à gérer.
mostr01.spl : mostr01.eff : Opcode 232 : Nom du sort introuvable pour mostr01.spl.
mostr01.eff : Opcode 326 à gérer.
SPER06.ITM : Opcode 318 : self avec parameter1 et parameter2 différent de 0
mostr06.spl : mostr06.eff : Opcode 232 : Nom du sort introuvable pour mostr06.spl.
mostr06.eff : Opcode 326 à gérer.
mostr05.spl : mostr05.eff : Opcode 232 : Nom du sort introuvable pour mostr05.spl.
mostr05.eff : Opcode 326 à gérer.
mostr04.spl : mostr04.eff : Opcode 232 : Nom du sort introuvable pour mostr04.spl.
mostr04.eff : Opcode 326 à gérer.
mostr03.spl : mostr03.eff : Opcode 232 : Nom du sort introuvable pour mostr03.spl.
mostr03.eff : Opcode 326 à gérer.
mostr02.spl : mostr02.eff : Opcode 232 : Nom du sort introuvable pour mostr02.spl.
mostr02.eff : Opcode 326 à gérer.
mostr01.spl : mostr01.eff : Opcode 232 : Nom du sort introuvable pour mostr01.spl.
mostr01.eff : Opcode 326 à gérer.
STAF02.ITM : Opcode 318 : self avec parameter1 et parameter2 différent de 0
mostr06.spl : mostr06.eff : Opcode 232 : Nom du sort introuvable pour mostr06.spl.
mostr06.eff : Opcode 326 à gérer.
mostr05.spl : mostr05.eff : Opcode 232 : Nom du sort introuvable pour mostr05.spl.
mostr05.eff : Opcode 326 à gérer.
mostr04.spl : mostr04.eff : Opcode 232 : Nom du sort introuvable pour mostr04.spl.
mostr04.eff : Opcode 326 à gérer.
mostr03.spl : mostr03.eff : Opcode 232 : Nom du sort introuvable pour mostr03.spl.
mostr03.eff : Opcode 326 à gérer.
mostr02.spl : mostr02.eff : Opcode 232 : Nom du sort introuvable pour mostr02.spl.
mostr02.eff : Opcode 326 à gérer.
mostr01.spl : mostr01.eff : Opcode 232 : Nom du sort introuvable pour mostr01.spl.
mostr01.eff : Opcode 326 à gérer.
STAF05.ITM : Opcode 318 : self avec parameter1 et parameter2 différent de 0
mostr06.spl : mostr06.eff : Opcode 232 : Nom du sort introuvable pour mostr06.spl.
mostr06.eff : Opcode 326 à gérer.
mostr05.spl : mostr05.eff : Opcode 232 : Nom du sort introuvable pour mostr05.spl.
mostr05.eff : Opcode 326 à gérer.
mostr04.spl : mostr04.eff : Opcode 232 : Nom du sort introuvable pour mostr04.spl.
mostr04.eff : Opcode 326 à gérer.
mostr03.spl : mostr03.eff : Opcode 232 : Nom du sort introuvable pour mostr03.spl.
mostr03.eff : Opcode 326 à gérer.
mostr02.spl : mostr02.eff : Opcode 232 : Nom du sort introuvable pour mostr02.spl.
mostr02.eff : Opcode 326 à gérer.
mostr01.spl : mostr01.eff : Opcode 232 : Nom du sort introuvable pour mostr01.spl.
mostr01.eff : Opcode 326 à gérer.
STAF07.ITM : Opcode 318 : self avec parameter1 et parameter2 différent de 0
mostr06.spl : mostr06.eff : Opcode 232 : Nom du sort introuvable pour mostr06.spl.
mostr06.eff : Opcode 326 à gérer.
mostr05.spl : mostr05.eff : Opcode 232 : Nom du sort introuvable pour mostr05.spl.
mostr05.eff : Opcode 326 à gérer.
mostr04.spl : mostr04.eff : Opcode 232 : Nom du sort introuvable pour mostr04.spl.
mostr04.eff : Opcode 326 à gérer.
mostr03.spl : mostr03.eff : Opcode 232 : Nom du sort introuvable pour mostr03.spl.
mostr03.eff : Opcode 326 à gérer.
mostr02.spl : mostr02.eff : Opcode 232 : Nom du sort introuvable pour mostr02.spl.
mostr02.eff : Opcode 326 à gérer.
mostr01.spl : mostr01.eff : Opcode 232 : Nom du sort introuvable pour mostr01.spl.
mostr01.eff : Opcode 326 à gérer.
STAF08.ITM : Opcode 318 : self avec parameter1 et parameter2 différent de 0
mostr06.spl : mostr06.eff : Opcode 232 : Nom du sort introuvable pour mostr06.spl.
mostr06.eff : Opcode 326 à gérer.
mostr05.spl : mostr05.eff : Opcode 232 : Nom du sort introuvable pour mostr05.spl.
mostr05.eff : Opcode 326 à gérer.
mostr04.spl : mostr04.eff : Opcode 232 : Nom du sort introuvable pour mostr04.spl.
mostr04.eff : Opcode 326 à gérer.
mostr03.spl : mostr03.eff : Opcode 232 : Nom du sort introuvable pour mostr03.spl.
mostr03.eff : Opcode 326 à gérer.
mostr02.spl : mostr02.eff : Opcode 232 : Nom du sort introuvable pour mostr02.spl.
mostr02.eff : Opcode 326 à gérer.
mostr01.spl : mostr01.eff : Opcode 232 : Nom du sort introuvable pour mostr01.spl.
mostr01.eff : Opcode 326 à gérer.
STAF18.ITM : Opcode 318 : self avec parameter1 et parameter2 différent de 0
mostr06.spl : mostr06.eff : Opcode 232 : Nom du sort introuvable pour mostr06.spl.
mostr06.eff : Opcode 326 à gérer.
mostr05.spl : mostr05.eff : Opcode 232 : Nom du sort introuvable pour mostr05.spl.
mostr05.eff : Opcode 326 à gérer.
mostr04.spl : mostr04.eff : Opcode 232 : Nom du sort introuvable pour mostr04.spl.
mostr04.eff : Opcode 326 à gérer.
mostr03.spl : mostr03.eff : Opcode 232 : Nom du sort introuvable pour mostr03.spl.
mostr03.eff : Opcode 326 à gérer.
mostr02.spl : mostr02.eff : Opcode 232 : Nom du sort introuvable pour mostr02.spl.
mostr02.eff : Opcode 326 à gérer.
mostr01.spl : mostr01.eff : Opcode 232 : Nom du sort introuvable pour mostr01.spl.
mostr01.eff : Opcode 326 à gérer.
STAF25.ITM : Opcode 318 : self avec parameter1 et parameter2 différent de 0
mostr06.spl : mostr06.eff : Opcode 232 : Nom du sort introuvable pour mostr06.spl.
mostr06.eff : Opcode 326 à gérer.
mostr05.spl : mostr05.eff : Opcode 232 : Nom du sort introuvable pour mostr05.spl.
mostr05.eff : Opcode 326 à gérer.
mostr04.spl : mostr04.eff : Opcode 232 : Nom du sort introuvable pour mostr04.spl.
mostr04.eff : Opcode 326 à gérer.
mostr03.spl : mostr03.eff : Opcode 232 : Nom du sort introuvable pour mostr03.spl.
mostr03.eff : Opcode 326 à gérer.
mostr02.spl : mostr02.eff : Opcode 232 : Nom du sort introuvable pour mostr02.spl.
mostr02.eff : Opcode 326 à gérer.
mostr01.spl : mostr01.eff : Opcode 232 : Nom du sort introuvable pour mostr01.spl.
mostr01.eff : Opcode 326 à gérer.
STAFN1.ITM : Opcode 318 : self avec parameter1 et parameter2 différent de 0
SW1P01.ITM : Unknown macro: opcode_target_233
SW1P01.ITM : FAILURE: opcode 232: Failure("Unknown macro: opcode_target_233")
mostr06.spl : mostr06.eff : Opcode 232 : Nom du sort introuvable pour mostr06.spl.
mostr06.eff : Opcode 326 à gérer.
mostr05.spl : mostr05.eff : Opcode 232 : Nom du sort introuvable pour mostr05.spl.
mostr05.eff : Opcode 326 à gérer.
mostr04.spl : mostr04.eff : Opcode 232 : Nom du sort introuvable pour mostr04.spl.
mostr04.eff : Opcode 326 à gérer.
mostr03.spl : mostr03.eff : Opcode 232 : Nom du sort introuvable pour mostr03.spl.
mostr03.eff : Opcode 326 à gérer.
mostr02.spl : mostr02.eff : Opcode 232 : Nom du sort introuvable pour mostr02.spl.
mostr02.eff : Opcode 326 à gérer.
mostr01.spl : mostr01.eff : Opcode 232 : Nom du sort introuvable pour mostr01.spl.
mostr01.eff : Opcode 326 à gérer.
SW2H02.ITM : Opcode 318 : self avec parameter1 et parameter2 différent de 0
mostr06.spl : mostr06.eff : Opcode 232 : Nom du sort introuvable pour mostr06.spl.
mostr06.eff : Opcode 326 à gérer.
mostr05.spl : mostr05.eff : Opcode 232 : Nom du sort introuvable pour mostr05.spl.
mostr05.eff : Opcode 326 à gérer.
mostr04.spl : mostr04.eff : Opcode 232 : Nom du sort introuvable pour mostr04.spl.
mostr04.eff : Opcode 326 à gérer.
mostr03.spl : mostr03.eff : Opcode 232 : Nom du sort introuvable pour mostr03.spl.
mostr03.eff : Opcode 326 à gérer.
mostr02.spl : mostr02.eff : Opcode 232 : Nom du sort introuvable pour mostr02.spl.
mostr02.eff : Opcode 326 à gérer.
mostr01.spl : mostr01.eff : Opcode 232 : Nom du sort introuvable pour mostr01.spl.
mostr01.eff : Opcode 326 à gérer.
SW2H03.ITM : Opcode 318 : self avec parameter1 et parameter2 différent de 0
mostr06.spl : mostr06.eff : Opcode 232 : Nom du sort introuvable pour mostr06.spl.
mostr06.eff : Opcode 326 à gérer.
mostr05.spl : mostr05.eff : Opcode 232 : Nom du sort introuvable pour mostr05.spl.
mostr05.eff : Opcode 326 à gérer.
mostr04.spl : mostr04.eff : Opcode 232 : Nom du sort introuvable pour mostr04.spl.
mostr04.eff : Opcode 326 à gérer.
mostr03.spl : mostr03.eff : Opcode 232 : Nom du sort introuvable pour mostr03.spl.
mostr03.eff : Opcode 326 à gérer.
mostr02.spl : mostr02.eff : Opcode 232 : Nom du sort introuvable pour mostr02.spl.
mostr02.eff : Opcode 326 à gérer.
mostr01.spl : mostr01.eff : Opcode 232 : Nom du sort introuvable pour mostr01.spl.
mostr01.eff : Opcode 326 à gérer.
SW2H06.ITM : Opcode 318 : self avec parameter1 et parameter2 différent de 0
SW2H06.ITM : Opcode 206 : La ressource cdsw1h58.spl n'existe pas.
SW2H06.ITM : Opcode 206 : La ressource cdmound.spl n'existe pas.
SW2H06.ITM : Opcode 206 : La ressource cdhgnya1.spl n'existe pas.
mostr06.spl : mostr06.eff : Opcode 232 : Nom du sort introuvable pour mostr06.spl.
mostr06.eff : Opcode 326 à gérer.
mostr05.spl : mostr05.eff : Opcode 232 : Nom du sort introuvable pour mostr05.spl.
mostr05.eff : Opcode 326 à gérer.
mostr04.spl : mostr04.eff : Opcode 232 : Nom du sort introuvable pour mostr04.spl.
mostr04.eff : Opcode 326 à gérer.
mostr03.spl : mostr03.eff : Opcode 232 : Nom du sort introuvable pour mostr03.spl.
mostr03.eff : Opcode 326 à gérer.
mostr02.spl : mostr02.eff : Opcode 232 : Nom du sort introuvable pour mostr02.spl.
mostr02.eff : Opcode 326 à gérer.
mostr01.spl : mostr01.eff : Opcode 232 : Nom du sort introuvable pour mostr01.spl.
mostr01.eff : Opcode 326 à gérer.
SW2H07.ITM : Opcode 318 : self avec parameter1 et parameter2 différent de 0
mostr06.spl : mostr06.eff : Opcode 232 : Nom du sort introuvable pour mostr06.spl.
mostr06.eff : Opcode 326 à gérer.
mostr05.spl : mostr05.eff : Opcode 232 : Nom du sort introuvable pour mostr05.spl.
mostr05.eff : Opcode 326 à gérer.
mostr04.spl : mostr04.eff : Opcode 232 : Nom du sort introuvable pour mostr04.spl.
mostr04.eff : Opcode 326 à gérer.
mostr03.spl : mostr03.eff : Opcode 232 : Nom du sort introuvable pour mostr03.spl.
mostr03.eff : Opcode 326 à gérer.
mostr02.spl : mostr02.eff : Opcode 232 : Nom du sort introuvable pour mostr02.spl.
mostr02.eff : Opcode 326 à gérer.
mostr01.spl : mostr01.eff : Opcode 232 : Nom du sort introuvable pour mostr01.spl.
mostr01.eff : Opcode 326 à gérer.
SW2H07A.ITM : Opcode 318 : self avec parameter1 et parameter2 différent de 0
mostr06.spl : mostr06.eff : Opcode 232 : Nom du sort introuvable pour mostr06.spl.
mostr06.eff : Opcode 326 à gérer.
mostr05.spl : mostr05.eff : Opcode 232 : Nom du sort introuvable pour mostr05.spl.
mostr05.eff : Opcode 326 à gérer.
mostr04.spl : mostr04.eff : Opcode 232 : Nom du sort introuvable pour mostr04.spl.
mostr04.eff : Opcode 326 à gérer.
mostr03.spl : mostr03.eff : Opcode 232 : Nom du sort introuvable pour mostr03.spl.
mostr03.eff : Opcode 326 à gérer.
mostr02.spl : mostr02.eff : Opcode 232 : Nom du sort introuvable pour mostr02.spl.
mostr02.eff : Opcode 326 à gérer.
mostr01.spl : mostr01.eff : Opcode 232 : Nom du sort introuvable pour mostr01.spl.
mostr01.eff : Opcode 326 à gérer.
SW2H08.ITM : Opcode 318 : self avec parameter1 et parameter2 différent de 0
mostr06.spl : mostr06.eff : Opcode 232 : Nom du sort introuvable pour mostr06.spl.
mostr06.eff : Opcode 326 à gérer.
mostr05.spl : mostr05.eff : Opcode 232 : Nom du sort introuvable pour mostr05.spl.
mostr05.eff : Opcode 326 à gérer.
mostr04.spl : mostr04.eff : Opcode 232 : Nom du sort introuvable pour mostr04.spl.
mostr04.eff : Opcode 326 à gérer.
mostr03.spl : mostr03.eff : Opcode 232 : Nom du sort introuvable pour mostr03.spl.
mostr03.eff : Opcode 326 à gérer.
mostr02.spl : mostr02.eff : Opcode 232 : Nom du sort introuvable pour mostr02.spl.
mostr02.eff : Opcode 326 à gérer.
mostr01.spl : mostr01.eff : Opcode 232 : Nom du sort introuvable pour mostr01.spl.
mostr01.eff : Opcode 326 à gérer.
SW2H11.ITM : Opcode 318 : self avec parameter1 et parameter2 différent de 0
mostr06.spl : mostr06.eff : Opcode 232 : Nom du sort introuvable pour mostr06.spl.
mostr06.eff : Opcode 326 à gérer.
mostr05.spl : mostr05.eff : Opcode 232 : Nom du sort introuvable pour mostr05.spl.
mostr05.eff : Opcode 326 à gérer.
mostr04.spl : mostr04.eff : Opcode 232 : Nom du sort introuvable pour mostr04.spl.
mostr04.eff : Opcode 326 à gérer.
mostr03.spl : mostr03.eff : Opcode 232 : Nom du sort introuvable pour mostr03.spl.
mostr03.eff : Opcode 326 à gérer.
mostr02.spl : mostr02.eff : Opcode 232 : Nom du sort introuvable pour mostr02.spl.
mostr02.eff : Opcode 326 à gérer.
mostr01.spl : mostr01.eff : Opcode 232 : Nom du sort introuvable pour mostr01.spl.
mostr01.eff : Opcode 326 à gérer.
SW2H22.ITM : Opcode 318 : self avec parameter1 et parameter2 différent de 0
mostr06.spl : mostr06.eff : Opcode 232 : Nom du sort introuvable pour mostr06.spl.
mostr06.eff : Opcode 326 à gérer.
mostr05.spl : mostr05.eff : Opcode 232 : Nom du sort introuvable pour mostr05.spl.
mostr05.eff : Opcode 326 à gérer.
mostr04.spl : mostr04.eff : Opcode 232 : Nom du sort introuvable pour mostr04.spl.
mostr04.eff : Opcode 326 à gérer.
mostr03.spl : mostr03.eff : Opcode 232 : Nom du sort introuvable pour mostr03.spl.
mostr03.eff : Opcode 326 à gérer.
mostr02.spl : mostr02.eff : Opcode 232 : Nom du sort introuvable pour mostr02.spl.
mostr02.eff : Opcode 326 à gérer.
mostr01.spl : mostr01.eff : Opcode 232 : Nom du sort introuvable pour mostr01.spl.
mostr01.eff : Opcode 326 à gérer.
SW2HD1.ITM : Opcode 318 : self avec parameter1 et parameter2 différent de 0
ohdsw2.spl : SW2HD1.ITM : Opcode 232 : Nom du sort introuvable pour ohdsw2.spl.
ohdsw1.spl : SW2HD1.ITM : Opcode 206 : Nom du sort introuvable pour ohdsw1.spl.
ohdsw2.spl : SW2HD1.ITM : Opcode 206 : Nom du sort introuvable pour ohdsw2.spl.
ohdsw1.spl : SW2HD1.ITM : Opcode 232 : Nom du sort introuvable pour ohdsw1.spl.
SW2HD1.ITM : opcode 221: Traduction 100214 manquante
SW2HD1.ITM : opcode 221: Traduction 100214 manquante
TTSHLD01.ITM : Opcode 318 : self avec parameter1 et parameter2 différent de 0
TTSHLD01.ITM : Opcode 318 : self avec parameter1 et parameter2 différent de 0
TTSHLD01.ITM : Opcode 318 : self avec parameter1 et parameter2 différent de 0
TTSHLD01.ITM : Opcode 318 : self avec parameter1 et parameter2 différent de 0
WA2SHIEL.ITM : Opcode 318 : self avec parameter1 et parameter2 différent de 0
WA2SHIEL.ITM : Opcode 318 : self avec parameter1 et parameter2 différent de 0
WA2SHIEL.ITM : Opcode 318 : self avec parameter1 et parameter2 différent de 0
WA2SHIEL.ITM : Opcode 318 : self avec parameter1 et parameter2 différent de 0
WA2SHIEL.ITM : Opcode 197 : Réflection du type de projectile '320'
XBOW02.ITM : Opcode 318 : self avec parameter1 et parameter2 différent de 0
XBOW02.ITM : Opcode 318 : self avec parameter1 et parameter2 différent de 0
XBOW03.ITM : Opcode 318 : self avec parameter1 et parameter2 différent de 0
XBOW03.ITM : Opcode 318 : self avec parameter1 et parameter2 différent de 0
XBOW05.ITM : Opcode 318 : self avec parameter1 et parameter2 différent de 0
XBOW05.ITM : Opcode 318 : self avec parameter1 et parameter2 différent de 0
XBOW06.ITM : Opcode 318 : self avec parameter1 et parameter2 différent de 0
XBOW06.ITM : Opcode 318 : self avec parameter1 et parameter2 différent de 0
XBOW07.ITM : Opcode 318 : self avec parameter1 et parameter2 différent de 0
XBOW07.ITM : Opcode 318 : self avec parameter1 et parameter2 différent de 0
XBOW09.ITM : Opcode 318 : self avec parameter1 et parameter2 différent de 0
XBOW09.ITM : Opcode 318 : self avec parameter1 et parameter2 différent de 0
