	
bdsw1h02.spl : bdsw1h02.itm : Opcode 146 : Nom du sort introuvable pour bdsw1h02.spl.
dtkshld1.itm : Opcode 197 : Réflection du type de projectile '456'
dtkshld1.itm : Opcode 197 : Réflection du type de projectile '455'
dtkshld1.itm : Opcode 197 : Réflection du type de projectile '454'
dtkshld1.itm : Opcode 197 : Réflection du type de projectile '453'
dtkshld1.itm : Opcode 197 : Réflection du type de projectile '450'
dtkshld1.itm : Opcode 197 : Réflection du type de projectile '449'
dtkshld1.itm : Opcode 197 : Réflection du type de projectile '448'
dtkshld1.itm : Opcode 197 : Réflection du type de projectile '452'
dtkshld1.itm : Opcode 197 : Réflection du type de projectile '451'
dtkshld1.itm : Opcode 197 : Réflection du type de projectile '366'
dtkshld1.itm : Opcode 197 : Réflection du type de projectile '352'
dtkshld1.itm : Opcode 197 : Réflection du type de projectile '349'
dtkshld1.itm : Opcode 197 : Réflection du type de projectile '318'
dtkshld1.itm : Opcode 197 : Réflection du type de projectile '317'
dtkshld1.itm : Opcode 197 : Réflection du type de projectile '316'
dtkshld1.itm : Opcode 197 : Réflection du type de projectile '315'
dtkshld1.itm : Opcode 197 : Réflection du type de projectile '314'
dtkshld1.itm : Opcode 197 : Réflection du type de projectile '313'
dtkshld1.itm : Opcode 197 : Réflection du type de projectile '311'
dtkshld1.itm : Opcode 197 : Réflection du type de projectile '310'
dtkshld1.itm : Opcode 197 : Réflection du type de projectile '309'
dtkshld1.itm : Opcode 197 : Réflection du type de projectile '308'
dtkshld1.itm : Opcode 197 : Réflection du type de projectile '307'
dtkshld1.itm : Opcode 197 : Réflection du type de projectile '306'
dtkshld1.itm : Opcode 197 : Réflection du type de projectile '305'
dtkshld1.itm : Opcode 197 : Réflection du type de projectile '304'
dtkshld1.itm : Opcode 197 : Réflection du type de projectile '303'
dtkshld1.itm : Opcode 197 : Réflection du type de projectile '302'
dtkshld1.itm : Opcode 197 : Réflection du type de projectile '301'
dtkshld1.itm : Opcode 197 : Réflection du type de projectile '300'
dtkshld1.itm : Opcode 197 : Réflection du type de projectile '299'
dtkshld1.itm : Opcode 197 : Réflection du type de projectile '298'
dtkshld1.itm : Opcode 197 : Réflection du type de projectile '297'
dtkshld1.itm : Opcode 197 : Réflection du type de projectile '296'
dtkshld1.itm : Opcode 197 : Réflection du type de projectile '295'
dtkshld1.itm : Opcode 197 : Réflection du type de projectile '294'
dtkshld1.itm : Opcode 197 : Réflection du type de projectile '293'
dtkshld1.itm : Opcode 197 : Réflection du type de projectile '292'
dtkshld1.itm : Opcode 197 : Réflection du type de projectile '291'
dtkshld1.itm : Opcode 197 : Réflection du type de projectile '290'
dtkshld1.itm : Opcode 197 : Réflection du type de projectile '289'
dtkshld1.itm : Opcode 197 : Réflection du type de projectile '288'
dtkshld1.itm : Opcode 197 : Réflection du type de projectile '287'
dtkshld1.itm : Opcode 197 : Réflection du type de projectile '286'
dtkshld1.itm : Opcode 197 : Réflection du type de projectile '285'
dtkshld1.itm : Opcode 197 : Réflection du type de projectile '284'
dtkshld1.itm : Opcode 197 : Réflection du type de projectile '283'
dtkshld1.itm : Opcode 197 : Réflection du type de projectile '55'
dtkshld1.itm : Opcode 197 : Réflection du type de projectile '1'
dtkshld1.itm : Opcode 197 : Réflection du type de projectile '4'
dtkshld1.itm : Opcode 197 : Réflection du type de projectile '2'
dtkshld1.itm : Opcode 197 : Réflection du type de projectile '5'
dtkshld1.itm : Opcode 197 : Réflection du type de projectile '3'
dtkshld1.itm : Opcode 197 : Réflection du type de projectile '11'
dtkshld1.itm : Opcode 197 : Réflection du type de projectile '12'
dtkshld1.itm : Opcode 197 : Réflection du type de projectile '13'
dtkshld1.itm : Opcode 197 : Réflection du type de projectile '14'
dtkshld1.itm : Opcode 197 : Réflection du type de projectile '15'
dtkshld1.itm : Opcode 197 : Réflection du type de projectile '26'
dtkshld1.itm : Opcode 197 : Réflection du type de projectile '27'
dtkshld1.itm : Opcode 197 : Réflection du type de projectile '28'
dtkshld1.itm : Opcode 197 : Réflection du type de projectile '29'
dtkshld1.itm : Opcode 197 : Réflection du type de projectile '30'
dtkshld1.itm : Opcode 197 : Réflection du type de projectile '31'
dtkshld1.itm : Opcode 197 : Réflection du type de projectile '32'
dtkshld1.itm : Opcode 197 : Réflection du type de projectile '33'
dtkshld1.itm : Opcode 197 : Réflection du type de projectile '34'
dtkshld1.itm : Opcode 197 : Réflection du type de projectile '35'
dtkshld1.itm : Opcode 197 : Réflection du type de projectile '6'
dtkshld1.itm : Opcode 197 : Réflection du type de projectile '8'
dtkshld1.itm : Opcode 197 : Réflection du type de projectile '7'
dtkshld1.itm : Opcode 197 : Réflection du type de projectile '9'
dtkshld1.itm : Opcode 197 : Réflection du type de projectile '10'
dtkshld1.itm : Opcode 197 : Réflection du type de projectile '30'
dtkshld1.itm : Opcode 197 : Réflection du type de projectile '55'
dtkshld1.itm : Opcode 197 : Réflection du type de projectile '56'
dtkshld1.itm : Opcode 197 : Réflection du type de projectile '57'
dtkshld1.itm : Opcode 197 : Réflection du type de projectile '58'
dtkshld1.itm : Opcode 197 : Réflection du type de projectile '59'
dtkshld1.itm : Opcode 197 : Réflection du type de projectile '18'
dtkshld1.itm : Opcode 197 : Réflection du type de projectile '19'
dtkshld1.itm : Opcode 197 : Réflection du type de projectile '10'
dtkshld1.itm : Opcode 197 : Réflection du type de projectile '16'
dtkshld1.itm : Opcode 197 : Réflection du type de projectile '17'
dtkshld1.itm : Opcode 197 : Réflection du type de projectile '102'
shld24.itm : Opcode 197 : Réflection du type de projectile '456'
shld24.itm : Opcode 197 : Réflection du type de projectile '455'
shld24.itm : Opcode 197 : Réflection du type de projectile '454'
shld24.itm : Opcode 197 : Réflection du type de projectile '450'
shld24.itm : Opcode 197 : Réflection du type de projectile '449'
shld24.itm : Opcode 197 : Réflection du type de projectile '448'
shld24.itm : Opcode 197 : Réflection du type de projectile '452'
shld24.itm : Opcode 197 : Réflection du type de projectile '451'
shld24.itm : Opcode 197 : Réflection du type de projectile '456'
shld24.itm : Opcode 197 : Réflection du type de projectile '455'
shld24.itm : Opcode 197 : Réflection du type de projectile '454'
shld24.itm : Opcode 197 : Réflection du type de projectile '453'
shld24.itm : Opcode 197 : Réflection du type de projectile '450'
shld24.itm : Opcode 197 : Réflection du type de projectile '449'
shld24.itm : Opcode 197 : Réflection du type de projectile '448'
shld24.itm : Opcode 197 : Réflection du type de projectile '452'
shld24.itm : Opcode 197 : Réflection du type de projectile '451'
shld24.itm : Opcode 197 : Réflection du type de projectile '366'
shld24.itm : Opcode 197 : Réflection du type de projectile '352'
shld24.itm : Opcode 197 : Réflection du type de projectile '349'
shld24.itm : Opcode 197 : Réflection du type de projectile '318'
shld24.itm : Opcode 197 : Réflection du type de projectile '317'
shld24.itm : Opcode 197 : Réflection du type de projectile '316'
shld24.itm : Opcode 197 : Réflection du type de projectile '315'
shld24.itm : Opcode 197 : Réflection du type de projectile '314'
shld24.itm : Opcode 197 : Réflection du type de projectile '313'
shld24.itm : Opcode 197 : Réflection du type de projectile '311'
shld24.itm : Opcode 197 : Réflection du type de projectile '310'
shld24.itm : Opcode 197 : Réflection du type de projectile '309'
shld24.itm : Opcode 197 : Réflection du type de projectile '308'
shld24.itm : Opcode 197 : Réflection du type de projectile '307'
shld24.itm : Opcode 197 : Réflection du type de projectile '306'
shld24.itm : Opcode 197 : Réflection du type de projectile '305'
shld24.itm : Opcode 197 : Réflection du type de projectile '304'
shld24.itm : Opcode 197 : Réflection du type de projectile '303'
shld24.itm : Opcode 197 : Réflection du type de projectile '302'
shld24.itm : Opcode 197 : Réflection du type de projectile '301'
shld24.itm : Opcode 197 : Réflection du type de projectile '300'
shld24.itm : Opcode 197 : Réflection du type de projectile '299'
shld24.itm : Opcode 197 : Réflection du type de projectile '298'
shld24.itm : Opcode 197 : Réflection du type de projectile '297'
shld24.itm : Opcode 197 : Réflection du type de projectile '296'
shld24.itm : Opcode 197 : Réflection du type de projectile '295'
shld24.itm : Opcode 197 : Réflection du type de projectile '294'
shld24.itm : Opcode 197 : Réflection du type de projectile '293'
shld24.itm : Opcode 197 : Réflection du type de projectile '292'
shld24.itm : Opcode 197 : Réflection du type de projectile '291'
shld24.itm : Opcode 197 : Réflection du type de projectile '290'
shld24.itm : Opcode 197 : Réflection du type de projectile '289'
shld24.itm : Opcode 197 : Réflection du type de projectile '288'
shld24.itm : Opcode 197 : Réflection du type de projectile '287'
shld24.itm : Opcode 197 : Réflection du type de projectile '286'
shld24.itm : Opcode 197 : Réflection du type de projectile '285'
shld24.itm : Opcode 197 : Réflection du type de projectile '284'
shld24.itm : Opcode 197 : Réflection du type de projectile '283'
shld24.itm : Opcode 197 : Réflection du type de projectile '55'
shld24.itm : Opcode 197 : Réflection du type de projectile '1'
shld24.itm : Opcode 197 : Réflection du type de projectile '4'
shld24.itm : Opcode 197 : Réflection du type de projectile '2'
shld24.itm : Opcode 197 : Réflection du type de projectile '5'
shld24.itm : Opcode 197 : Réflection du type de projectile '3'
shld24.itm : Opcode 197 : Réflection du type de projectile '11'
shld24.itm : Opcode 197 : Réflection du type de projectile '12'
shld24.itm : Opcode 197 : Réflection du type de projectile '13'
shld24.itm : Opcode 197 : Réflection du type de projectile '14'
shld24.itm : Opcode 197 : Réflection du type de projectile '15'
shld24.itm : Opcode 197 : Réflection du type de projectile '26'
shld24.itm : Opcode 197 : Réflection du type de projectile '27'
shld24.itm : Opcode 197 : Réflection du type de projectile '28'
shld24.itm : Opcode 197 : Réflection du type de projectile '29'
shld24.itm : Opcode 197 : Réflection du type de projectile '30'
shld24.itm : Opcode 197 : Réflection du type de projectile '31'
shld24.itm : Opcode 197 : Réflection du type de projectile '32'
shld24.itm : Opcode 197 : Réflection du type de projectile '33'
shld24.itm : Opcode 197 : Réflection du type de projectile '34'
shld24.itm : Opcode 197 : Réflection du type de projectile '35'
shld24.itm : Opcode 197 : Réflection du type de projectile '6'
shld24.itm : Opcode 197 : Réflection du type de projectile '8'
shld24.itm : Opcode 197 : Réflection du type de projectile '7'
shld24.itm : Opcode 197 : Réflection du type de projectile '9'
shld24.itm : Opcode 197 : Réflection du type de projectile '10'
shld24.itm : Opcode 197 : Réflection du type de projectile '30'
shld24.itm : Opcode 197 : Réflection du type de projectile '55'
shld24.itm : Opcode 197 : Réflection du type de projectile '56'
shld24.itm : Opcode 197 : Réflection du type de projectile '57'
shld24.itm : Opcode 197 : Réflection du type de projectile '58'
shld24.itm : Opcode 197 : Réflection du type de projectile '59'
shld24.itm : Opcode 197 : Réflection du type de projectile '18'
shld24.itm : Opcode 197 : Réflection du type de projectile '19'
shld24.itm : Opcode 197 : Réflection du type de projectile '10'
shld24.itm : Opcode 197 : Réflection du type de projectile '16'
shld24.itm : Opcode 197 : Réflection du type de projectile '17'
shld24.itm : Opcode 197 : Réflection du type de projectile '102'
bdsw1h02.spl : dtkswd1b.itm : Opcode 146 : Nom du sort introuvable pour bdsw1h02.spl.
bdsw1h02.spl : dtkswd1c.itm : Opcode 146 : Nom du sort introuvable pour bdsw1h02.spl.
bddagg05.spl : bddagg05.itm : Opcode 146 : Nom du sort introuvable pour bddagg05.spl.
bddagg05.spl : dtkdag1.itm : Opcode 146 : Nom du sort introuvable pour bddagg05.spl.
bddagg05.spl : dtkdag1.itm : Opcode 146 : Nom du sort introuvable pour bddagg05.spl.
bddagg05.spl : dtkdag2.itm : Opcode 146 : Nom du sort introuvable pour bddagg05.spl.
bddagg05.spl : dtkdag2.itm : Opcode 146 : Nom du sort introuvable pour bddagg05.spl.
bdxbow01.itm : Opcode 341 : La ressource BDXBOW01.eff n'existe pas.
dtkxbow1.itm : Opcode 341 : La ressource DTKXBOW1.eff n'existe pas.
bdblun07.itm : Opcode 340 à gérer.
dtkclub1.itm : Opcode 340 à gérer.
dtkclub1.itm : Opcode 324 : Immunité à une ressource (spl ou itm) différente de l'objet : BLUN17
dtkclub1.itm : Opcode 324 : Immunité à une ressource (spl ou itm) différente de l'objet : BLUN17
bdbow04.itm : Opcode 326 à gérer.
dtkshout.spl : dtkbow01.itm : Opcode 146 : Nom du sort introuvable pour dtkshout.spl.
dtkbdrgp.itm : Opcode 232 à gérer.
dtkbdrgc.itm : Opcode 232 à gérer.
dtkbdrgl.itm : Opcode 232 à gérer.
bdclck03.itm : Opcode 232 à gérer.
dtklea3d.itm : Opcode 232 à gérer.
dtkplt1d.itm : Opcode 232 à gérer.
bdclck06.itm : Opcode 122 : La ressource BDALNT01.itm n'existe pas.
bdclck06.itm : Opcode 122 : La ressource BDALNT02.itm n'existe pas.
bdclck06.itm : Opcode 122 : La ressource BDALNT03.itm n'existe pas.
bdclck06.itm : Opcode 122 : La ressource BDALNT04.itm n'existe pas.
bdclck06.itm : Opcode 122 : La ressource BDALNT05.itm n'existe pas.
bdclck06.itm : Opcode 122 : La ressource BDALNT06.itm n'existe pas.
bdclck06.itm : Opcode 122 : La ressource BDALNT07.itm n'existe pas.
bdsw1h01.itm : Opcode 232 à gérer.
dtkswd8.itm : Opcode 232 à gérer.
dtkswd8a.itm : Opcode 232 à gérer.
dtklea1d.itm : Opcode 232 à gérer.
dtkplt3d.itm : Opcode 232 à gérer.
bdsw1h08.itm : Opcode 232 à gérer.
dtkswd06.itm : Opcode 232 à gérer.
dtkswd6a.itm : Opcode 232 à gérer.
dtkswd05.itm : Opcode 232 à gérer.
dtkswd05.itm : Opcode 341 : La ressource BDSW2H01.eff n'existe pas.
dtkswd5a.itm : Opcode 232 à gérer.
dtkswd5a.itm : Opcode 341 : La ressource DTKICEL.eff n'existe pas.
bdhamm06.itm : Opcode 361 à gérer.
bdhamm06.itm : Opcode 326 à gérer.
dtkham3.itm : Opcode 361 à gérer.
bdsw1h03.itm : Opcode 177 : La ressource BDSW1H3H.eff n'existe pas.
bdsw1h03.itm : Opcode 341 : La ressource BDSW1H03.eff n'existe pas.
bdsw1h03.itm : Opcode 177 : La ressource BDSW1H3D.eff n'existe pas.
bdsw1h03.itm : Opcode 177 : La ressource BDSW1H3D.eff n'existe pas.
dtksnow.spl : dtktdag2.itm : Opcode 146 : Nom du sort introuvable pour dtksnow.spl.
dtksnow.spl : dtktdag2.itm : Opcode 146 : Nom du sort introuvable pour dtksnow.spl.
bdhalb02.itm : Opcode 341 : La ressource BDFESTER.eff n'existe pas.
bdhalb02.itm : Opcode 146 : La ressource BDHALB02.spl n'existe pas.
dtkshrd.spl : dtkswd03.itm : Opcode 146 : Nom du sort introuvable pour dtkshrd.spl.
dtkshrd.spl : dtkswd3a.itm : Opcode 146 : Nom du sort introuvable pour dtkshrd.spl.
bdsw1h14.itm : Opcode 232 à gérer.
bdsw1h14.itm : Opcode 146 : La ressource BDSW1H14.spl n'existe pas.
bddoom.spl : bdxbow02.itm : Opcode 146 : Nom du sort introuvable pour bddoom.spl.
bdbelt01.itm : Opcode 321 à gérer.
dtkblt02.itm : Opcode 321 à gérer.
dtkwave.spl : dtkaxe02.itm : Opcode 146 : Nom du sort introuvable pour dtkwave.spl.
dtkwave.spl : dtkaxe2a.itm : Opcode 146 : Nom du sort introuvable pour dtkwave.spl.
dtkwave.spl : dtkhalb2.itm : Opcode 146 : Nom du sort introuvable pour dtkwave.spl.
dtkwave.spl : dtkhalb3.itm : Opcode 146 : Nom du sort introuvable pour dtkwave.spl.
dtkhmail.itm : Opcode 206 : La ressource BDBELDIS.spl n'existe pas.
dtkhplt.itm : Opcode 232 à gérer.
dtkhplt.itm : Opcode 206 : La ressource BDBELDIS.spl n'existe pas.
bdblun04.itm : Opcode 341 : La ressource BDBLUN04.eff n'existe pas.
dtkbln1.itm : Opcode 341 : La ressource DTKBLN1A.eff n'existe pas.
dtkbln1.itm : Opcode 341 : La ressource BDBLUN04.eff n'existe pas.
dtkbln1a.itm : Opcode 341 : La ressource DTKBLN1A.eff n'existe pas.
dtkbln1a.itm : Opcode 341 : La ressource BDBLUN04.eff n'existe pas.
dtknecro.itm : Opcode 232 à gérer.
dtknecr2.itm : Opcode 232 à gérer.
bdleat07.itm : Opcode 232 à gérer.
dtklea02.itm : Opcode 232 à gérer.
dtklea02.itm : Opcode 232 à gérer.
dtkleat3.itm : Opcode 232 à gérer.
dtkleat3.itm : Opcode 232 à gérer.
bdbrac15.itm : Opcode 361 à gérer.
bdmisc05.itm : Opcode 206 : La ressource BDBELDIS.spl n'existe pas.
sppr203d.spl : bdring10.itm : Opcode 206 : Nom du sort introuvable pour sppr203d.spl.
sppr203e.spl : bdring10.itm : Opcode 206 : Nom du sort introuvable pour sppr203e.spl.
sppr203d.spl : dtkring1.itm : Opcode 206 : Nom du sort introuvable pour sppr203d.spl.
sppr203e.spl : dtkring1.itm : Opcode 206 : Nom du sort introuvable pour sppr203e.spl.
bdbow05.itm : Opcode 326 à gérer.
bdbow05.itm : Opcode 326 à gérer.
bdbow05.itm : Opcode 326 à gérer.
bdsper1a.spl : bdsper01.itm : Opcode 146 : Nom du sort introuvable pour bdsper1a.spl.
bdsper1b.spl : bdsper01.itm : Opcode 146 : Nom du sort introuvable pour bdsper1b.spl.
bdsper1a.spl : dtksper1.itm : Opcode 146 : Nom du sort introuvable pour bdsper1a.spl.
bdsper1b.spl : dtksper1.itm : Opcode 146 : Nom du sort introuvable pour bdsper1b.spl.
dtkspr1a.itm : Opcode 341 : La ressource DTKWHIRL.eff n'existe pas.
bdsper1a.spl : dtkspr1a.itm : Opcode 146 : Nom du sort introuvable pour bdsper1a.spl.
bdsper1b.spl : dtkspr1a.itm : Opcode 146 : Nom du sort introuvable pour bdsper1b.spl.
bdbrac01.itm : Opcode 206 : La ressource SPWI228.spl n'existe pas.
bdbrac01.itm : Opcode 341 : La ressource BDBRAC01.eff n'existe pas.
dtklea5.itm : Opcode 232 à gérer.
dtklea5a.itm : Opcode 232 à gérer.
bdboot01.itm : Opcode 206 : La ressource BDBOW06.spl n'existe pas.
bdboot01.itm : Opcode 206 : La ressource BDSHAMB.spl n'existe pas.
bdboot01.itm : Opcode 206 : La ressource bdspidga.spl n'existe pas.
dtkboot1.itm : Opcode 206 : La ressource CDSW1H58.spl n'existe pas.
dtkboot1.itm : Opcode 206 : La ressource CDMOUND.spl n'existe pas.
dtkboot1.itm : Opcode 206 : La ressource CDHGNYA1.spl n'existe pas.
dtksolem.itm : opcode 344: Traduction 204169 manquante
dtksolem.itm : FAILURE: opcode 344: Not_found
bdhalb01.itm : Opcode 361 à gérer.
bdshld02.itm : Opcode 232 à gérer.
dtkshld4.itm : Opcode 232 à gérer.
bdsw2h03.itm : Opcode 341 : La ressource BDSW2H03.eff n'existe pas.
bdsw2h02.itm : Opcode 341 : La ressource BDSW2H02.eff n'existe pas.
bdsw2h02.itm : Opcode 177 : La ressource BDSW2H2D.eff n'existe pas.
dtkswd07.itm : Opcode 232 à gérer.
dtkswd07.itm : Opcode 324 self à gérer
dtkswd7a.itm : Opcode 232 à gérer.
dtkswd7a.itm : Opcode 324 self à gérer
dtkswd7b.itm : Opcode 232 à gérer.
dtkswd7b.itm : Opcode 324 self à gérer
bdsw1h21.itm : Opcode 340 à gérer.
bdsw1h21.spl : bdsw1h21.itm : Opcode 146 : Nom du sort introuvable pour bdsw1h21.spl.
dtkswd04.itm : Opcode 340 à gérer.
dtkbldvx.spl : dtkswd04.itm : Opcode 146 : Nom du sort introuvable pour dtkbldvx.spl.
dtkskald.spl : DTKSKALD.eff : Opcode 146 : Nom du sort introuvable pour dtkskald.spl.
dtkdrain.spl : dtkham01.itm : Opcode 146 : Nom du sort introuvable pour dtkdrain.spl.
bdvoid.spl : dtkham01.itm : Opcode 146 : Nom du sort introuvable pour bdvoid.spl.
dtkdrain.spl : dtkswd02.itm : Opcode 146 : Nom du sort introuvable pour dtkdrain.spl.
bdvoid.spl : dtkswd02.itm : Opcode 146 : Nom du sort introuvable pour bdvoid.spl.
dtkwave.spl : dtkswd00.itm : Opcode 146 : Nom du sort introuvable pour dtkwave.spl.
bdsumst.itm : FAILURE: opcode 214: Failure("bdsumst.itm : Opcode 214 : Lire les sorts utilisables depuis le fichier 2da dtksumst")
cdwuff.itm : Opcode 206 : La ressource SPIN169.spl n'existe pas.
helmdef.itm : Opcode 318 self à gérer
helmdef.itm : Opcode 318 self à gérer
ohbrac02.itm : Opcode 341 : La ressource OHBRAC02.eff n'existe pas.
ringed.itm : Opcode 180 : La ressource ring08_.itm n'existe pas.
ringed.itm : Opcode 180 : La ressource bdring08.itm n'existe pas.
ringkon.itm : Opcode 180 : La ressource ring08_.itm n'existe pas.
ringkon.itm : Opcode 180 : La ressource bdring08.itm n'existe pas.
sash.itm : Opcode 318 self à gérer
ubswd4b.itm : Opcode 272 à gérer.
zzd5woh.itm : Opcode 318 self à gérer
zzd5woh.itm : Opcode 318 self à gérer
zzd5woh.itm : Opcode 318 self à gérer
zzd5woh.itm : Opcode 318 self à gérer
zzd5woh.itm : Opcode 318 self à gérer
