	
AMUL17.ITM : Opcode 321 à gérer.
AMUL17.ITM : Opcode 321 à gérer.
BDBELT01.ITM : Opcode 321 à gérer.
BDBLUN04.ITM : Opcode 341 : La ressource BDBLUN04.eff n'existe pas.
BDBLUN07.ITM : Opcode 340 à gérer.
BDBOOT01.ITM : Opcode 206 : La ressource BDBOW06.spl n'existe pas.
BDBOOT01.ITM : Opcode 206 : La ressource BDSHAMB.spl n'existe pas.
BDBOOT01.ITM : Opcode 206 : La ressource bdspidga.spl n'existe pas.
BDBOW04.ITM : Opcode 326 à gérer.
BDBOW05.ITM : Opcode 326 à gérer.
BDBOW05.ITM : Opcode 326 à gérer.
BDBOW05.ITM : Opcode 326 à gérer.
BDBRAC01.ITM : Opcode 206 : La ressource SPWI228.spl n'existe pas.
BDBRAC01.ITM : Opcode 341 : La ressource BDBRAC01.eff n'existe pas.
BDBRAC15.ITM : Opcode 361 à gérer.
BDCLCK03.ITM : Opcode 232 à gérer.
BDCLCK06.ITM : Opcode 122 : La ressource BDALNT01.itm n'existe pas.
BDCLCK06.ITM : Opcode 122 : La ressource BDALNT02.itm n'existe pas.
BDCLCK06.ITM : Opcode 122 : La ressource BDALNT03.itm n'existe pas.
BDCLCK06.ITM : Opcode 122 : La ressource BDALNT04.itm n'existe pas.
BDCLCK06.ITM : Opcode 122 : La ressource BDALNT05.itm n'existe pas.
BDCLCK06.ITM : Opcode 122 : La ressource BDALNT06.itm n'existe pas.
BDCLCK06.ITM : Opcode 122 : La ressource BDALNT07.itm n'existe pas.
bddagg05.spl : BDDAGG05.ITM : Opcode 146 : Nom du sort introuvable pour bddagg05.spl.
BDHALB01.ITM : Opcode 361 à gérer.
BDHALB02.ITM : Opcode 341 : La ressource BDFESTER.eff n'existe pas.
BDHALB02.ITM : Opcode 146 : La ressource BDHALB02.spl n'existe pas.
bdvoid.spl : BDHAMM02.ITM : Opcode 146 : Nom du sort introuvable pour bdvoid.spl.
BDHAMM06.ITM : Opcode 361 à gérer.
BDHAMM06.ITM : Opcode 326 à gérer.
BDLEAT07.ITM : Opcode 232 à gérer.
BDMISC05.ITM : Opcode 206 : La ressource BDBELDIS.spl n'existe pas.
sppr203d.spl : BDRING10.ITM : Opcode 206 : Nom du sort introuvable pour sppr203d.spl.
sppr203e.spl : BDRING10.ITM : Opcode 206 : Nom du sort introuvable pour sppr203e.spl.
BDSHLD02.ITM : Opcode 232 à gérer.
bdsper1a.spl : BDSPER01.ITM : Opcode 146 : Nom du sort introuvable pour bdsper1a.spl.
bdsper1b.spl : BDSPER01.ITM : Opcode 146 : Nom du sort introuvable pour bdsper1b.spl.
BDSUMST.ITM : FAILURE: opcode 214: Failure("BDSUMST.ITM : Opcode 214 : Lire les sorts utilisables depuis le fichier 2da dtksumst")
BDSW1H01.ITM : Opcode 232 à gérer.
bdsw1h02.spl : BDSW1H02.ITM : Opcode 146 : Nom du sort introuvable pour bdsw1h02.spl.
BDSW1H03.ITM : Opcode 177 : La ressource BDSW1H3H.eff n'existe pas.
BDSW1H03.ITM : Opcode 341 : La ressource BDSW1H03.eff n'existe pas.
BDSW1H03.ITM : Opcode 177 : La ressource BDSW1H3D.eff n'existe pas.
BDSW1H03.ITM : Opcode 177 : La ressource BDSW1H3D.eff n'existe pas.
bdvoid.spl : BDSW1H06.ITM : Opcode 146 : Nom du sort introuvable pour bdvoid.spl.
BDSW1H08.ITM : Opcode 232 à gérer.
BDSW1H14.ITM : Opcode 232 à gérer.
BDSW1H14.ITM : Opcode 146 : La ressource BDSW1H14.spl n'existe pas.
BDSW1H21.ITM : Opcode 340 à gérer.
bdsw1h21.spl : BDSW1H21.ITM : Opcode 146 : Nom du sort introuvable pour bdsw1h21.spl.
BDSW2H01.ITM : Opcode 232 à gérer.
BDSW2H01.ITM : Opcode 341 : La ressource BDSW2H01.eff n'existe pas.
BDSW2H02.ITM : Opcode 341 : La ressource BDSW2H02.eff n'existe pas.
BDSW2H02.ITM : Opcode 177 : La ressource BDSW2H2D.eff n'existe pas.
BDSW2H03.ITM : Opcode 341 : La ressource BDSW2H03.eff n'existe pas.
BDXBOW01.ITM : Opcode 341 : La ressource BDXBOW01.eff n'existe pas.
bddoom.spl : BDXBOW02.ITM : Opcode 146 : Nom du sort introuvable pour bddoom.spl.
BLUN30.ITM : Opcode 206 : La ressource cdsw1h58.spl n'existe pas.
BLUN30.ITM : Opcode 206 : La ressource cdmound.spl n'existe pas.
BLUN30.ITM : Opcode 206 : La ressource cdhgnya1.spl n'existe pas.
BOOT08.ITM : Opcode 272 à gérer.
CDWUFF.ITM : Opcode 206 : La ressource SPIN169.spl n'existe pas.
CHALCY3.ITM : Opcode 321 à gérer.
CHALCY3.ITM : Opcode 321 à gérer.
CLCK24.ITM : Opcode 197 : Réflection du type de projectile '219'
CLCK24.ITM : Opcode 197 : Réflection du type de projectile '212'
CLCK24.ITM : Opcode 197 : Réflection du type de projectile '206'
CLCK24.ITM : Opcode 197 : Réflection du type de projectile '205'
CLCK24.ITM : Opcode 197 : Réflection du type de projectile '84'
CLCK24.ITM : Opcode 197 : Réflection du type de projectile '83'
CLCK24.ITM : Opcode 197 : Réflection du type de projectile '82'
CLCK24.ITM : Opcode 197 : Réflection du type de projectile '81'
CLCK24.ITM : Opcode 197 : Réflection du type de projectile '80'
CLCK24.ITM : Opcode 197 : Réflection du type de projectile '320'
dtkwave.spl : DTKAXE02.ITM : Opcode 146 : Nom du sort introuvable pour dtkwave.spl.
dtkwave.spl : DTKAXE2A.ITM : Opcode 146 : Nom du sort introuvable pour dtkwave.spl.
DTKBDRGC.ITM : Opcode 232 à gérer.
DTKBDRGL.ITM : Opcode 232 à gérer.
DTKBDRGP.ITM : Opcode 232 à gérer.
DTKBLN1.ITM : Opcode 341 : La ressource DTKBLN1A.eff n'existe pas.
DTKBLN1.ITM : Opcode 341 : La ressource BDBLUN04.eff n'existe pas.
DTKBLN1A.ITM : Opcode 341 : La ressource DTKBLN1A.eff n'existe pas.
DTKBLN1A.ITM : Opcode 341 : La ressource BDBLUN04.eff n'existe pas.
DTKBLT02.ITM : Opcode 321 à gérer.
DTKBOOT1.ITM : Opcode 206 : La ressource CDSW1H58.spl n'existe pas.
DTKBOOT1.ITM : Opcode 206 : La ressource CDMOUND.spl n'existe pas.
DTKBOOT1.ITM : Opcode 206 : La ressource CDHGNYA1.spl n'existe pas.
dtkshout.spl : DTKBOW01.ITM : Opcode 146 : Nom du sort introuvable pour dtkshout.spl.
DTKCLUB1.ITM : Opcode 340 à gérer.
DTKCLUB1.ITM : Opcode 324 : Immunité à une ressource (spl ou itm) différente de l'objet : BLUN17
DTKCLUB1.ITM : Opcode 324 : Immunité à une ressource (spl ou itm) différente de l'objet : BLUN17
bddagg05.spl : DTKDAG1.ITM : Opcode 146 : Nom du sort introuvable pour bddagg05.spl.
bddagg05.spl : DTKDAG1.ITM : Opcode 146 : Nom du sort introuvable pour bddagg05.spl.
bddagg05.spl : DTKDAG2.ITM : Opcode 146 : Nom du sort introuvable pour bddagg05.spl.
bddagg05.spl : DTKDAG2.ITM : Opcode 146 : Nom du sort introuvable pour bddagg05.spl.
DTKDGLOR.ITM : Opcode 341 : La ressource dtkdglor.eff n'existe pas.
dtkwave.spl : DTKHALB2.ITM : Opcode 146 : Nom du sort introuvable pour dtkwave.spl.
dtkwave.spl : DTKHALB3.ITM : Opcode 146 : Nom du sort introuvable pour dtkwave.spl.
dtkdrain.spl : DTKHAM01.ITM : Opcode 146 : Nom du sort introuvable pour dtkdrain.spl.
bdvoid.spl : DTKHAM01.ITM : Opcode 146 : Nom du sort introuvable pour bdvoid.spl.
DTKHAM3.ITM : Opcode 361 à gérer.
DTKHMAIL.ITM : Opcode 206 : La ressource BDBELDIS.spl n'existe pas.
DTKHPLT.ITM : Opcode 232 à gérer.
DTKHPLT.ITM : Opcode 206 : La ressource BDBELDIS.spl n'existe pas.
DTKLEA02.ITM : Opcode 232 à gérer.
DTKLEA02.ITM : Opcode 232 à gérer.
DTKLEA1D.ITM : Opcode 232 à gérer.
DTKLEA3D.ITM : Opcode 232 à gérer.
DTKLEA5.ITM : Opcode 232 à gérer.
DTKLEA5A.ITM : Opcode 232 à gérer.
DTKLEAT3.ITM : Opcode 232 à gérer.
DTKLEAT3.ITM : Opcode 232 à gérer.
DTKLUCKY.ITM : Opcode 206 : La ressource chance.spl n'existe pas.
DTKNECR2.ITM : Opcode 232 à gérer.
DTKNECRO.ITM : Opcode 232 à gérer.
DTKPLT1D.ITM : Opcode 232 à gérer.
DTKPLT3D.ITM : Opcode 232 à gérer.
sppr203d.spl : DTKRING1.ITM : Opcode 206 : Nom du sort introuvable pour sppr203d.spl.
sppr203e.spl : DTKRING1.ITM : Opcode 206 : Nom du sort introuvable pour sppr203e.spl.
DTKSHLD1.ITM : Opcode 197 : Réflection du type de projectile '456'
DTKSHLD1.ITM : Opcode 197 : Réflection du type de projectile '455'
DTKSHLD1.ITM : Opcode 197 : Réflection du type de projectile '454'
DTKSHLD1.ITM : Opcode 197 : Réflection du type de projectile '453'
DTKSHLD1.ITM : Opcode 197 : Réflection du type de projectile '450'
DTKSHLD1.ITM : Opcode 197 : Réflection du type de projectile '449'
DTKSHLD1.ITM : Opcode 197 : Réflection du type de projectile '448'
DTKSHLD1.ITM : Opcode 197 : Réflection du type de projectile '452'
DTKSHLD1.ITM : Opcode 197 : Réflection du type de projectile '451'
DTKSHLD1.ITM : Opcode 197 : Réflection du type de projectile '366'
DTKSHLD1.ITM : Opcode 197 : Réflection du type de projectile '352'
DTKSHLD1.ITM : Opcode 197 : Réflection du type de projectile '349'
DTKSHLD1.ITM : Opcode 197 : Réflection du type de projectile '318'
DTKSHLD1.ITM : Opcode 197 : Réflection du type de projectile '317'
DTKSHLD1.ITM : Opcode 197 : Réflection du type de projectile '316'
DTKSHLD1.ITM : Opcode 197 : Réflection du type de projectile '315'
DTKSHLD1.ITM : Opcode 197 : Réflection du type de projectile '314'
DTKSHLD1.ITM : Opcode 197 : Réflection du type de projectile '313'
DTKSHLD1.ITM : Opcode 197 : Réflection du type de projectile '311'
DTKSHLD1.ITM : Opcode 197 : Réflection du type de projectile '310'
DTKSHLD1.ITM : Opcode 197 : Réflection du type de projectile '309'
DTKSHLD1.ITM : Opcode 197 : Réflection du type de projectile '308'
DTKSHLD1.ITM : Opcode 197 : Réflection du type de projectile '307'
DTKSHLD1.ITM : Opcode 197 : Réflection du type de projectile '306'
DTKSHLD1.ITM : Opcode 197 : Réflection du type de projectile '305'
DTKSHLD1.ITM : Opcode 197 : Réflection du type de projectile '304'
DTKSHLD1.ITM : Opcode 197 : Réflection du type de projectile '303'
DTKSHLD1.ITM : Opcode 197 : Réflection du type de projectile '302'
DTKSHLD1.ITM : Opcode 197 : Réflection du type de projectile '301'
DTKSHLD1.ITM : Opcode 197 : Réflection du type de projectile '300'
DTKSHLD1.ITM : Opcode 197 : Réflection du type de projectile '299'
DTKSHLD1.ITM : Opcode 197 : Réflection du type de projectile '298'
DTKSHLD1.ITM : Opcode 197 : Réflection du type de projectile '297'
DTKSHLD1.ITM : Opcode 197 : Réflection du type de projectile '296'
DTKSHLD1.ITM : Opcode 197 : Réflection du type de projectile '295'
DTKSHLD1.ITM : Opcode 197 : Réflection du type de projectile '294'
DTKSHLD1.ITM : Opcode 197 : Réflection du type de projectile '293'
DTKSHLD1.ITM : Opcode 197 : Réflection du type de projectile '292'
DTKSHLD1.ITM : Opcode 197 : Réflection du type de projectile '291'
DTKSHLD1.ITM : Opcode 197 : Réflection du type de projectile '290'
DTKSHLD1.ITM : Opcode 197 : Réflection du type de projectile '289'
DTKSHLD1.ITM : Opcode 197 : Réflection du type de projectile '288'
DTKSHLD1.ITM : Opcode 197 : Réflection du type de projectile '287'
DTKSHLD1.ITM : Opcode 197 : Réflection du type de projectile '286'
DTKSHLD1.ITM : Opcode 197 : Réflection du type de projectile '285'
DTKSHLD1.ITM : Opcode 197 : Réflection du type de projectile '284'
DTKSHLD1.ITM : Opcode 197 : Réflection du type de projectile '283'
DTKSHLD1.ITM : Opcode 197 : Réflection du type de projectile '55'
DTKSHLD1.ITM : Opcode 197 : Réflection du type de projectile '1'
DTKSHLD1.ITM : Opcode 197 : Réflection du type de projectile '4'
DTKSHLD1.ITM : Opcode 197 : Réflection du type de projectile '2'
DTKSHLD1.ITM : Opcode 197 : Réflection du type de projectile '5'
DTKSHLD1.ITM : Opcode 197 : Réflection du type de projectile '3'
DTKSHLD1.ITM : Opcode 197 : Réflection du type de projectile '11'
DTKSHLD1.ITM : Opcode 197 : Réflection du type de projectile '12'
DTKSHLD1.ITM : Opcode 197 : Réflection du type de projectile '13'
DTKSHLD1.ITM : Opcode 197 : Réflection du type de projectile '14'
DTKSHLD1.ITM : Opcode 197 : Réflection du type de projectile '15'
DTKSHLD1.ITM : Opcode 197 : Réflection du type de projectile '26'
DTKSHLD1.ITM : Opcode 197 : Réflection du type de projectile '27'
DTKSHLD1.ITM : Opcode 197 : Réflection du type de projectile '28'
DTKSHLD1.ITM : Opcode 197 : Réflection du type de projectile '29'
DTKSHLD1.ITM : Opcode 197 : Réflection du type de projectile '30'
DTKSHLD1.ITM : Opcode 197 : Réflection du type de projectile '31'
DTKSHLD1.ITM : Opcode 197 : Réflection du type de projectile '32'
DTKSHLD1.ITM : Opcode 197 : Réflection du type de projectile '33'
DTKSHLD1.ITM : Opcode 197 : Réflection du type de projectile '34'
DTKSHLD1.ITM : Opcode 197 : Réflection du type de projectile '35'
DTKSHLD1.ITM : Opcode 197 : Réflection du type de projectile '6'
DTKSHLD1.ITM : Opcode 197 : Réflection du type de projectile '8'
DTKSHLD1.ITM : Opcode 197 : Réflection du type de projectile '7'
DTKSHLD1.ITM : Opcode 197 : Réflection du type de projectile '9'
DTKSHLD1.ITM : Opcode 197 : Réflection du type de projectile '10'
DTKSHLD1.ITM : Opcode 197 : Réflection du type de projectile '30'
DTKSHLD1.ITM : Opcode 197 : Réflection du type de projectile '55'
DTKSHLD1.ITM : Opcode 197 : Réflection du type de projectile '56'
DTKSHLD1.ITM : Opcode 197 : Réflection du type de projectile '57'
DTKSHLD1.ITM : Opcode 197 : Réflection du type de projectile '58'
DTKSHLD1.ITM : Opcode 197 : Réflection du type de projectile '59'
DTKSHLD1.ITM : Opcode 197 : Réflection du type de projectile '18'
DTKSHLD1.ITM : Opcode 197 : Réflection du type de projectile '19'
DTKSHLD1.ITM : Opcode 197 : Réflection du type de projectile '10'
DTKSHLD1.ITM : Opcode 197 : Réflection du type de projectile '16'
DTKSHLD1.ITM : Opcode 197 : Réflection du type de projectile '17'
DTKSHLD1.ITM : Opcode 197 : Réflection du type de projectile '102'
DTKSHLD4.ITM : Opcode 232 à gérer.
dtkskald.spl : DTKSKALD.eff : Opcode 146 : Nom du sort introuvable pour dtkskald.spl.
DTKSOLEM.ITM : opcode 344: Traduction 204169 manquante
DTKSOLEM.ITM : FAILURE: opcode 344: Not_found
bdsper1a.spl : DTKSPER1.ITM : Opcode 146 : Nom du sort introuvable pour bdsper1a.spl.
bdsper1b.spl : DTKSPER1.ITM : Opcode 146 : Nom du sort introuvable pour bdsper1b.spl.
DTKSPR1A.ITM : Opcode 341 : La ressource DTKWHIRL.eff n'existe pas.
bdsper1a.spl : DTKSPR1A.ITM : Opcode 146 : Nom du sort introuvable pour bdsper1a.spl.
bdsper1b.spl : DTKSPR1A.ITM : Opcode 146 : Nom du sort introuvable pour bdsper1b.spl.
dtkwave.spl : DTKSWD00.ITM : Opcode 146 : Nom du sort introuvable pour dtkwave.spl.
dtkdrain.spl : DTKSWD02.ITM : Opcode 146 : Nom du sort introuvable pour dtkdrain.spl.
bdvoid.spl : DTKSWD02.ITM : Opcode 146 : Nom du sort introuvable pour bdvoid.spl.
dtkshrd.spl : DTKSWD03.ITM : Opcode 146 : Nom du sort introuvable pour dtkshrd.spl.
DTKSWD04.ITM : Opcode 340 à gérer.
dtkbldvx.spl : DTKSWD04.ITM : Opcode 146 : Nom du sort introuvable pour dtkbldvx.spl.
DTKSWD05.ITM : Opcode 232 à gérer.
DTKSWD05.ITM : Opcode 341 : La ressource BDSW2H01.eff n'existe pas.
DTKSWD06.ITM : Opcode 232 à gérer.
DTKSWD07.ITM : Opcode 232 à gérer.
DTKSWD07.ITM : Opcode 324 self à gérer
bdsw1h02.spl : DTKSWD1B.ITM : Opcode 146 : Nom du sort introuvable pour bdsw1h02.spl.
bdsw1h02.spl : DTKSWD1C.ITM : Opcode 146 : Nom du sort introuvable pour bdsw1h02.spl.
dtkshrd.spl : DTKSWD3A.ITM : Opcode 146 : Nom du sort introuvable pour dtkshrd.spl.
DTKSWD5A.ITM : Opcode 232 à gérer.
DTKSWD5A.ITM : Opcode 341 : La ressource DTKICEL.eff n'existe pas.
DTKSWD6A.ITM : Opcode 232 à gérer.
DTKSWD7A.ITM : Opcode 232 à gérer.
DTKSWD7A.ITM : Opcode 324 self à gérer
DTKSWD7B.ITM : Opcode 232 à gérer.
DTKSWD7B.ITM : Opcode 324 self à gérer
DTKSWD8.ITM : Opcode 232 à gérer.
DTKSWD8A.ITM : Opcode 232 à gérer.
dtksnow.spl : DTKTDAG2.ITM : Opcode 146 : Nom du sort introuvable pour dtksnow.spl.
dtksnow.spl : DTKTDAG2.ITM : Opcode 146 : Nom du sort introuvable pour dtksnow.spl.
DTKXBOW1.ITM : Opcode 341 : La ressource DTKXBOW1.eff n'existe pas.
cftroll.eff : Opcode 123 à gérer.
HELMDEF.ITM : Opcode 318 self à gérer
HELMDEF.ITM : Opcode 318 self à gérer
JWSUPER.ITM : Opcode 206 : La ressource cdsw1h58.spl n'existe pas.
JWSUPER.ITM : Opcode 206 : La ressource cdmound.spl n'existe pas.
JWSUPER.ITM : Opcode 206 : La ressource cdhgnya1.spl n'existe pas.
LEAT23.ITM : Opcode 232 à gérer.
NPPLAT.ITM : Opcode 206 : La ressource cdsw1h58.spl n'existe pas.
NPPLAT.ITM : Opcode 206 : La ressource cdmound.spl n'existe pas.
NPPLAT.ITM : Opcode 206 : La ressource cdhgnya1.spl n'existe pas.
NPSW03.ITM : Opcode 232 à gérer.
OHBGLOV1.ITM : Opcode 232 à gérer.
OHBRAC02.ITM : Opcode 341 : La ressource OHBRAC02.eff n'existe pas.
OHBREW02.ITM : Opcode 177 : La ressource .eff n'existe pas.
OHDARMOR.ITM : Opcode 232 à gérer.
OHNHAMM1.ITM : Opcode 272 à gérer.
OHNSHLD1.ITM : Opcode 272 à gérer.
OHRBELT2.ITM : Opcode 232 à gérer.
OHRBOOT1.ITM : Opcode 83 : Type de projectile '319'
OHRBOOT1.ITM : Opcode 83 : Type de projectile '319'
OHRBOOT1.ITM : Opcode 83 : Type de projectile '319'
OHRCLCK4.ITM : Opcode 232 à gérer.
OHRINGWI.ITM : Opcode 180 : La ressource ring08_.itm n'existe pas.
OHRINGWI.ITM : Opcode 180 : La ressource bdring08.itm n'existe pas.
RING08.ITM : Opcode 180 : La ressource ring08_.itm n'existe pas.
RING08.ITM : Opcode 180 : La ressource bdring08.itm n'existe pas.
RING09.ITM : Opcode 206 : La ressource cdsw1h58.spl n'existe pas.
RING09.ITM : Opcode 206 : La ressource cdmound.spl n'existe pas.
RING09.ITM : Opcode 206 : La ressource cdhgnya1.spl n'existe pas.
RINGED.ITM : Opcode 180 : La ressource ring08_.itm n'existe pas.
RINGED.ITM : Opcode 180 : La ressource bdring08.itm n'existe pas.
RINGKON.ITM : Opcode 180 : La ressource ring08_.itm n'existe pas.
RINGKON.ITM : Opcode 180 : La ressource bdring08.itm n'existe pas.
ROSSRING.ITM : Opcode 206 : La ressource cdsw1h58.spl n'existe pas.
ROSSRING.ITM : Opcode 206 : La ressource cdmound.spl n'existe pas.
ROSSRING.ITM : Opcode 206 : La ressource cdhgnya1.spl n'existe pas.
SASH.ITM : Opcode 318 self à gérer
SHLD24.ITM : Opcode 197 : Réflection du type de projectile '456'
SHLD24.ITM : Opcode 197 : Réflection du type de projectile '455'
SHLD24.ITM : Opcode 197 : Réflection du type de projectile '454'
SHLD24.ITM : Opcode 197 : Réflection du type de projectile '450'
SHLD24.ITM : Opcode 197 : Réflection du type de projectile '449'
SHLD24.ITM : Opcode 197 : Réflection du type de projectile '448'
SHLD24.ITM : Opcode 197 : Réflection du type de projectile '452'
SHLD24.ITM : Opcode 197 : Réflection du type de projectile '451'
SHLD24.ITM : Opcode 197 : Réflection du type de projectile '456'
SHLD24.ITM : Opcode 197 : Réflection du type de projectile '455'
SHLD24.ITM : Opcode 197 : Réflection du type de projectile '454'
SHLD24.ITM : Opcode 197 : Réflection du type de projectile '453'
SHLD24.ITM : Opcode 197 : Réflection du type de projectile '450'
SHLD24.ITM : Opcode 197 : Réflection du type de projectile '449'
SHLD24.ITM : Opcode 197 : Réflection du type de projectile '448'
SHLD24.ITM : Opcode 197 : Réflection du type de projectile '452'
SHLD24.ITM : Opcode 197 : Réflection du type de projectile '451'
SHLD24.ITM : Opcode 197 : Réflection du type de projectile '366'
SHLD24.ITM : Opcode 197 : Réflection du type de projectile '352'
SHLD24.ITM : Opcode 197 : Réflection du type de projectile '349'
SHLD24.ITM : Opcode 197 : Réflection du type de projectile '318'
SHLD24.ITM : Opcode 197 : Réflection du type de projectile '317'
SHLD24.ITM : Opcode 197 : Réflection du type de projectile '316'
SHLD24.ITM : Opcode 197 : Réflection du type de projectile '315'
SHLD24.ITM : Opcode 197 : Réflection du type de projectile '314'
SHLD24.ITM : Opcode 197 : Réflection du type de projectile '313'
SHLD24.ITM : Opcode 197 : Réflection du type de projectile '311'
SHLD24.ITM : Opcode 197 : Réflection du type de projectile '310'
SHLD24.ITM : Opcode 197 : Réflection du type de projectile '309'
SHLD24.ITM : Opcode 197 : Réflection du type de projectile '308'
SHLD24.ITM : Opcode 197 : Réflection du type de projectile '307'
SHLD24.ITM : Opcode 197 : Réflection du type de projectile '306'
SHLD24.ITM : Opcode 197 : Réflection du type de projectile '305'
SHLD24.ITM : Opcode 197 : Réflection du type de projectile '304'
SHLD24.ITM : Opcode 197 : Réflection du type de projectile '303'
SHLD24.ITM : Opcode 197 : Réflection du type de projectile '302'
SHLD24.ITM : Opcode 197 : Réflection du type de projectile '301'
SHLD24.ITM : Opcode 197 : Réflection du type de projectile '300'
SHLD24.ITM : Opcode 197 : Réflection du type de projectile '299'
SHLD24.ITM : Opcode 197 : Réflection du type de projectile '298'
SHLD24.ITM : Opcode 197 : Réflection du type de projectile '297'
SHLD24.ITM : Opcode 197 : Réflection du type de projectile '296'
SHLD24.ITM : Opcode 197 : Réflection du type de projectile '295'
SHLD24.ITM : Opcode 197 : Réflection du type de projectile '294'
SHLD24.ITM : Opcode 197 : Réflection du type de projectile '293'
SHLD24.ITM : Opcode 197 : Réflection du type de projectile '292'
SHLD24.ITM : Opcode 197 : Réflection du type de projectile '291'
SHLD24.ITM : Opcode 197 : Réflection du type de projectile '290'
SHLD24.ITM : Opcode 197 : Réflection du type de projectile '289'
SHLD24.ITM : Opcode 197 : Réflection du type de projectile '288'
SHLD24.ITM : Opcode 197 : Réflection du type de projectile '287'
SHLD24.ITM : Opcode 197 : Réflection du type de projectile '286'
SHLD24.ITM : Opcode 197 : Réflection du type de projectile '285'
SHLD24.ITM : Opcode 197 : Réflection du type de projectile '284'
SHLD24.ITM : Opcode 197 : Réflection du type de projectile '283'
SHLD24.ITM : Opcode 197 : Réflection du type de projectile '55'
SHLD24.ITM : Opcode 197 : Réflection du type de projectile '1'
SHLD24.ITM : Opcode 197 : Réflection du type de projectile '4'
SHLD24.ITM : Opcode 197 : Réflection du type de projectile '2'
SHLD24.ITM : Opcode 197 : Réflection du type de projectile '5'
SHLD24.ITM : Opcode 197 : Réflection du type de projectile '3'
SHLD24.ITM : Opcode 197 : Réflection du type de projectile '11'
SHLD24.ITM : Opcode 197 : Réflection du type de projectile '12'
SHLD24.ITM : Opcode 197 : Réflection du type de projectile '13'
SHLD24.ITM : Opcode 197 : Réflection du type de projectile '14'
SHLD24.ITM : Opcode 197 : Réflection du type de projectile '15'
SHLD24.ITM : Opcode 197 : Réflection du type de projectile '26'
SHLD24.ITM : Opcode 197 : Réflection du type de projectile '27'
SHLD24.ITM : Opcode 197 : Réflection du type de projectile '28'
SHLD24.ITM : Opcode 197 : Réflection du type de projectile '29'
SHLD24.ITM : Opcode 197 : Réflection du type de projectile '30'
SHLD24.ITM : Opcode 197 : Réflection du type de projectile '31'
SHLD24.ITM : Opcode 197 : Réflection du type de projectile '32'
SHLD24.ITM : Opcode 197 : Réflection du type de projectile '33'
SHLD24.ITM : Opcode 197 : Réflection du type de projectile '34'
SHLD24.ITM : Opcode 197 : Réflection du type de projectile '35'
SHLD24.ITM : Opcode 197 : Réflection du type de projectile '6'
SHLD24.ITM : Opcode 197 : Réflection du type de projectile '8'
SHLD24.ITM : Opcode 197 : Réflection du type de projectile '7'
SHLD24.ITM : Opcode 197 : Réflection du type de projectile '9'
SHLD24.ITM : Opcode 197 : Réflection du type de projectile '10'
SHLD24.ITM : Opcode 197 : Réflection du type de projectile '30'
SHLD24.ITM : Opcode 197 : Réflection du type de projectile '55'
SHLD24.ITM : Opcode 197 : Réflection du type de projectile '56'
SHLD24.ITM : Opcode 197 : Réflection du type de projectile '57'
SHLD24.ITM : Opcode 197 : Réflection du type de projectile '58'
SHLD24.ITM : Opcode 197 : Réflection du type de projectile '59'
SHLD24.ITM : Opcode 197 : Réflection du type de projectile '18'
SHLD24.ITM : Opcode 197 : Réflection du type de projectile '19'
SHLD24.ITM : Opcode 197 : Réflection du type de projectile '10'
SHLD24.ITM : Opcode 197 : Réflection du type de projectile '16'
SHLD24.ITM : Opcode 197 : Réflection du type de projectile '17'
SHLD24.ITM : Opcode 197 : Réflection du type de projectile '102'
SHLD24A.ITM : Opcode 197 : Réflection du type de projectile '456'
SHLD24A.ITM : Opcode 197 : Réflection du type de projectile '455'
SHLD24A.ITM : Opcode 197 : Réflection du type de projectile '454'
SHLD24A.ITM : Opcode 197 : Réflection du type de projectile '453'
SHLD24A.ITM : Opcode 197 : Réflection du type de projectile '450'
SHLD24A.ITM : Opcode 197 : Réflection du type de projectile '449'
SHLD24A.ITM : Opcode 197 : Réflection du type de projectile '448'
SHLD24A.ITM : Opcode 197 : Réflection du type de projectile '452'
SHLD24A.ITM : Opcode 197 : Réflection du type de projectile '451'
SHLD24A.ITM : Opcode 197 : Réflection du type de projectile '1'
SHLD24A.ITM : Opcode 197 : Réflection du type de projectile '4'
SHLD24A.ITM : Opcode 197 : Réflection du type de projectile '2'
SHLD24A.ITM : Opcode 197 : Réflection du type de projectile '5'
SHLD24A.ITM : Opcode 197 : Réflection du type de projectile '3'
SHLD24A.ITM : Opcode 197 : Réflection du type de projectile '11'
SHLD24A.ITM : Opcode 197 : Réflection du type de projectile '12'
SHLD24A.ITM : Opcode 197 : Réflection du type de projectile '13'
SHLD24A.ITM : Opcode 197 : Réflection du type de projectile '14'
SHLD24A.ITM : Opcode 197 : Réflection du type de projectile '15'
SHLD24A.ITM : Opcode 197 : Réflection du type de projectile '26'
SHLD24A.ITM : Opcode 197 : Réflection du type de projectile '27'
SHLD24A.ITM : Opcode 197 : Réflection du type de projectile '28'
SHLD24A.ITM : Opcode 197 : Réflection du type de projectile '29'
SHLD24A.ITM : Opcode 197 : Réflection du type de projectile '30'
SHLD24A.ITM : Opcode 197 : Réflection du type de projectile '31'
SHLD24A.ITM : Opcode 197 : Réflection du type de projectile '32'
SHLD24A.ITM : Opcode 197 : Réflection du type de projectile '33'
SHLD24A.ITM : Opcode 197 : Réflection du type de projectile '34'
SHLD24A.ITM : Opcode 197 : Réflection du type de projectile '35'
SHLD24A.ITM : Opcode 197 : Réflection du type de projectile '6'
SHLD24A.ITM : Opcode 197 : Réflection du type de projectile '8'
SHLD24A.ITM : Opcode 197 : Réflection du type de projectile '7'
SHLD24A.ITM : Opcode 197 : Réflection du type de projectile '9'
SHLD24A.ITM : Opcode 197 : Réflection du type de projectile '10'
SHLD24A.ITM : Opcode 197 : Réflection du type de projectile '30'
SHLD24A.ITM : Opcode 197 : Réflection du type de projectile '55'
SHLD24A.ITM : Opcode 197 : Réflection du type de projectile '56'
SHLD24A.ITM : Opcode 197 : Réflection du type de projectile '57'
SHLD24A.ITM : Opcode 197 : Réflection du type de projectile '58'
SHLD24A.ITM : Opcode 197 : Réflection du type de projectile '59'
SHLD24A.ITM : Opcode 197 : Réflection du type de projectile '18'
SHLD24A.ITM : Opcode 197 : Réflection du type de projectile '19'
SHLD24A.ITM : Opcode 197 : Réflection du type de projectile '10'
SHLD24A.ITM : Opcode 197 : Réflection du type de projectile '16'
SHLD24A.ITM : Opcode 197 : Réflection du type de projectile '17'
SHLD24A.ITM : Opcode 197 : Réflection du type de projectile '102'
SPER12.ITM : Opcode 206 : La ressource cdsw1h58.spl n'existe pas.
SPER12.ITM : Opcode 206 : La ressource cdmound.spl n'existe pas.
SPER12.ITM : Opcode 206 : La ressource cdhgnya1.spl n'existe pas.
STAF11.ITM : Opcode 58: TODO EE : Dissipation des armes magiques à gerer : 131074
SW1H63.ITM : Opcode 146 : La ressource DTKFBANE.spl n'existe pas.
SW1H68C.ITM : Opcode 112 à gérer.
SW1H69C.ITM : Opcode 112 à gérer.
SW2H06.ITM : Opcode 206 : La ressource cdsw1h58.spl n'existe pas.
SW2H06.ITM : Opcode 206 : La ressource cdmound.spl n'existe pas.
SW2H06.ITM : Opcode 206 : La ressource cdhgnya1.spl n'existe pas.
SW2H10.ITM : Opcode 58: TODO EE : Dissipation des armes magiques à gerer : 131074
SW2H13.ITM : Opcode 206 : La ressource cdsw1h58.spl n'existe pas.
SW2H13.ITM : Opcode 206 : La ressource cdmound.spl n'existe pas.
SW2H13.ITM : Opcode 206 : La ressource cdhgnya1.spl n'existe pas.
SW2H19.ITM : Opcode 58: TODO EE : Dissipation des armes magiques à gerer : 131074
SW2HD1.ITM : Opcode 232 à gérer.
SW2HD1.ITM : Opcode 232 à gérer.
UBSWD4B.ITM : Opcode 272 à gérer.
WA2SHIEL.ITM : Opcode 197 : Réflection du type de projectile '320'
ZZD5WOH.ITM : Opcode 318 self à gérer
ZZD5WOH.ITM : Opcode 318 self à gérer
ZZD5WOH.ITM : Opcode 318 self à gérer
ZZD5WOH.ITM : Opcode 318 self à gérer
ZZD5WOH.ITM : Opcode 318 self à gérer
