	
AMUL17.ITM : Opcode 321 à gérer.
AMUL17.ITM : Opcode 321 à gérer.
BDDART01.ITM : Opcode 318 : self avec parameter1 et parameter2 différent de 0
BDDART01.ITM : Opcode 318 : self avec parameter1 et parameter2 différent de 0
BDSHLD01.ITM : Opcode 318 : self avec parameter1 et parameter2 différent de 0
BDSHLD01.ITM : Opcode 318 : self avec parameter1 et parameter2 différent de 0
BDSHLD01.ITM : Opcode 318 : self avec parameter1 et parameter2 différent de 0
BDSHLD01.ITM : Opcode 318 : self avec parameter1 et parameter2 différent de 0
BDSW2H01.ITM : Opcode 321 à gérer.
BDSW2H01.ITM : Opcode 321 à gérer.
BDSW2H01.ITM : Opcode 321 à gérer.
BDSW2H01.ITM : Opcode 321 à gérer.
BDSW2H01.ITM : Opcode 321 à gérer.
BDSW2H01.ITM : Opcode 321 à gérer.
BDSW2H01.ITM : Opcode 321 à gérer.
BDSW2H01.ITM : Opcode 321 à gérer.
BDSW2H01.ITM : Opcode 321 à gérer.
BDSW2H01.ITM : Opcode 321 à gérer.
BDSW2H01.ITM : Opcode 321 à gérer.
BDSW2H01.ITM : Opcode 321 à gérer.
BDSW2H01.ITM : Opcode 318 : self avec parameter1 et parameter2 différent de 0
BDSW2H01.ITM : Opcode 321 à gérer.
BLUN30.ITM : Opcode 206 : La ressource cdsw1h58.spl n'existe pas.
BLUN30.ITM : Opcode 206 : La ressource cdmound.spl n'existe pas.
BLUN30.ITM : Opcode 206 : La ressource cdhgnya1.spl n'existe pas.
BOW02.ITM : Opcode 318 : self avec parameter1 et parameter2 différent de 0
BOW02.ITM : Opcode 318 : self avec parameter1 et parameter2 différent de 0
BOW04.ITM : Opcode 318 : self avec parameter1 et parameter2 différent de 0
BOW04.ITM : Opcode 318 : self avec parameter1 et parameter2 différent de 0
BOW06.ITM : Opcode 318 : self avec parameter1 et parameter2 différent de 0
BOW06.ITM : Opcode 318 : self avec parameter1 et parameter2 différent de 0
BOW07.ITM : Opcode 318 : self avec parameter1 et parameter2 différent de 0
BOW07.ITM : Opcode 318 : self avec parameter1 et parameter2 différent de 0
BOW08.ITM : Opcode 318 : self avec parameter1 et parameter2 différent de 0
BOW08.ITM : Opcode 318 : self avec parameter1 et parameter2 différent de 0
BOW09.ITM : Opcode 318 : self avec parameter1 et parameter2 différent de 0
BOW09.ITM : Opcode 318 : self avec parameter1 et parameter2 différent de 0
BOW10.ITM : Opcode 318 : self avec parameter1 et parameter2 différent de 0
BOW10.ITM : Opcode 318 : self avec parameter1 et parameter2 différent de 0
BOW11.ITM : Opcode 318 : self avec parameter1 et parameter2 différent de 0
BOW11.ITM : Opcode 318 : self avec parameter1 et parameter2 différent de 0
BOW12.ITM : Opcode 318 : self avec parameter1 et parameter2 différent de 0
BOW12.ITM : Opcode 318 : self avec parameter1 et parameter2 différent de 0
BOW13.ITM : Opcode 318 : self avec parameter1 et parameter2 différent de 0
BOW13.ITM : Opcode 318 : self avec parameter1 et parameter2 différent de 0
BOW14.ITM : Opcode 318 : self avec parameter1 et parameter2 différent de 0
BOW14.ITM : Opcode 318 : self avec parameter1 et parameter2 différent de 0
BOW15.ITM : Opcode 318 : self avec parameter1 et parameter2 différent de 0
BOW15.ITM : Opcode 318 : self avec parameter1 et parameter2 différent de 0
BOW16.ITM : Opcode 318 : self avec parameter1 et parameter2 différent de 0
BOW16.ITM : Opcode 318 : self avec parameter1 et parameter2 différent de 0
BOW17.ITM : Opcode 318 : self avec parameter1 et parameter2 différent de 0
BOW17.ITM : Opcode 318 : self avec parameter1 et parameter2 différent de 0
BOW18.ITM : Opcode 318 : self avec parameter1 et parameter2 différent de 0
BOW18.ITM : Opcode 318 : self avec parameter1 et parameter2 différent de 0
BOW19.ITM : Opcode 318 : self avec parameter1 et parameter2 différent de 0
BOW19.ITM : Opcode 318 : self avec parameter1 et parameter2 différent de 0
BOW20.ITM : Opcode 318 : self avec parameter1 et parameter2 différent de 0
BOW20.ITM : Opcode 318 : self avec parameter1 et parameter2 différent de 0
BOW21.ITM : Opcode 318 : self avec parameter1 et parameter2 différent de 0
BOW21.ITM : Opcode 318 : self avec parameter1 et parameter2 différent de 0
BOW22.ITM : Opcode 318 : self avec parameter1 et parameter2 différent de 0
BOW22.ITM : Opcode 318 : self avec parameter1 et parameter2 différent de 0
BOW23.ITM : Opcode 318 : self avec parameter1 et parameter2 différent de 0
BOW23.ITM : Opcode 318 : self avec parameter1 et parameter2 différent de 0
BOW24.ITM : Opcode 318 : self avec parameter1 et parameter2 différent de 0
BOW24.ITM : Opcode 318 : self avec parameter1 et parameter2 différent de 0
BOW25.ITM : Opcode 318 : self avec parameter1 et parameter2 différent de 0
BOW25.ITM : Opcode 318 : self avec parameter1 et parameter2 différent de 0
BOW26.ITM : Opcode 318 : self avec parameter1 et parameter2 différent de 0
BOW26.ITM : Opcode 318 : self avec parameter1 et parameter2 différent de 0
BRUENPLA.ITM : opcode 326: Traduction 13260157 manquante
BRUENPLA.ITM : FAILURE: opcode 326: Not_found
BRUENPLA.ITM : FAILURE: opcode 177: Failure("Failure(\"Opcode 326: Not_found\")")
CATTIBOW.ITM : Opcode 318 : self avec parameter1 et parameter2 différent de 0
CATTIBOW.ITM : Opcode 318 : self avec parameter1 et parameter2 différent de 0
CDSW2H07.ITM : Opcode 321 à gérer.
CDSW2H07.ITM : Opcode 321 à gérer.
CDSW2H07.ITM : Opcode 321 à gérer.
CDSW2H07.ITM : Opcode 321 à gérer.
CDSW2H07.ITM : Opcode 321 à gérer.
CDSW2H07.ITM : Opcode 321 à gérer.
CDSW2H07.ITM : Opcode 321 à gérer.
CDSW2H07.ITM : Opcode 321 à gérer.
CDSW2H07.ITM : Opcode 321 à gérer.
CDSW2H07.ITM : Opcode 321 à gérer.
CDSW2H07.ITM : Opcode 321 à gérer.
CDSW2H07.ITM : Opcode 321 à gérer.
CDSW2H07.ITM : Opcode 318 : self avec parameter1 et parameter2 différent de 0
CHALCY3.ITM : Opcode 321 à gérer.
CHALCY3.ITM : Opcode 321 à gérer.
CHALSHLD.ITM : Opcode 318 : self avec parameter1 et parameter2 différent de 0
CHALSHLD.ITM : Opcode 318 : self avec parameter1 et parameter2 différent de 0
CHALSHLD.ITM : Opcode 318 : self avec parameter1 et parameter2 différent de 0
CHALSHLD.ITM : Opcode 318 : self avec parameter1 et parameter2 différent de 0
CLCK24.ITM : Opcode 197 : Réflection du type de projectile '219'
CLCK24.ITM : Opcode 197 : Réflection du type de projectile '205'
CLCK24.ITM : Opcode 197 : Réflection du type de projectile '320'
DART02.ITM : Opcode 318 : self avec parameter1 et parameter2 différent de 0
DART02.ITM : Opcode 318 : self avec parameter1 et parameter2 différent de 0
DART03.ITM : Opcode 318 : self avec parameter1 et parameter2 différent de 0
DART03.ITM : Opcode 318 : self avec parameter1 et parameter2 différent de 0
DART04.ITM : Opcode 318 : self avec parameter1 et parameter2 différent de 0
DART04.ITM : Opcode 318 : self avec parameter1 et parameter2 différent de 0
DART05.ITM : Opcode 318 : self avec parameter1 et parameter2 différent de 0
DART05.ITM : Opcode 318 : self avec parameter1 et parameter2 différent de 0
DART08.ITM : Opcode 318 : self avec parameter1 et parameter2 différent de 0
DART08.ITM : Opcode 318 : self avec parameter1 et parameter2 différent de 0
DWHALB01.ITM : Opcode 321 à gérer.
DWHALB01.ITM : Opcode 321 à gérer.
DWHALB01.ITM : Opcode 321 à gérer.
DWHALB01.ITM : Opcode 321 à gérer.
DWHALB01.ITM : Opcode 321 à gérer.
DWHALB01.ITM : Opcode 321 à gérer.
DWHALB01.ITM : Opcode 321 à gérer.
DWHALB01.ITM : Opcode 321 à gérer.
DWHALB01.ITM : Opcode 321 à gérer.
DWHALB01.ITM : Opcode 321 à gérer.
DWHALB01.ITM : Opcode 321 à gérer.
DWHALB01.ITM : Opcode 321 à gérer.
DWHALB01.ITM : Opcode 318 : self avec parameter1 et parameter2 différent de 0
DWPLAT01.ITM : opcode 326: Traduction 13260157 manquante
DWPLAT01.ITM : FAILURE: opcode 326: Not_found
DWPLAT01.ITM : FAILURE: opcode 177: Failure("Failure(\"Opcode 326: Not_found\")")
DWSHLD01.ITM : Opcode 318 : self avec parameter1 et parameter2 différent de 0
DWSHLD01.ITM : Opcode 318 : self avec parameter1 et parameter2 différent de 0
DWSHLD01.ITM : Opcode 318 : self avec parameter1 et parameter2 différent de 0
DWSHLD01.ITM : Opcode 318 : self avec parameter1 et parameter2 différent de 0
DWSPER01.ITM : Opcode 321 à gérer.
DWSPER01.ITM : Opcode 321 à gérer.
DWSPER01.ITM : Opcode 321 à gérer.
DWSPER01.ITM : Opcode 321 à gérer.
DWSPER01.ITM : Opcode 321 à gérer.
DWSPER01.ITM : Opcode 321 à gérer.
DWSPER01.ITM : Opcode 321 à gérer.
DWSPER01.ITM : Opcode 321 à gérer.
DWSPER01.ITM : Opcode 321 à gérer.
DWSPER01.ITM : Opcode 321 à gérer.
DWSPER01.ITM : Opcode 321 à gérer.
DWSPER01.ITM : Opcode 321 à gérer.
DWSPER01.ITM : Opcode 318 : self avec parameter1 et parameter2 différent de 0
DWXBOW01.ITM : Opcode 318 : self avec parameter1 et parameter2 différent de 0
DWXBOW01.ITM : Opcode 318 : self avec parameter1 et parameter2 différent de 0
ENSTAFF.ITM : Opcode 321 à gérer.
ENSTAFF.ITM : Opcode 321 à gérer.
ENSTAFF.ITM : Opcode 321 à gérer.
ENSTAFF.ITM : Opcode 321 à gérer.
ENSTAFF.ITM : Opcode 321 à gérer.
ENSTAFF.ITM : Opcode 321 à gérer.
ENSTAFF.ITM : Opcode 321 à gérer.
ENSTAFF.ITM : Opcode 321 à gérer.
ENSTAFF.ITM : Opcode 321 à gérer.
ENSTAFF.ITM : Opcode 321 à gérer.
ENSTAFF.ITM : Opcode 321 à gérer.
ENSTAFF.ITM : Opcode 321 à gérer.
ENSTAFF.ITM : Opcode 318 : self avec parameter1 et parameter2 différent de 0
GODBOW.ITM : Opcode 318 : self avec parameter1 et parameter2 différent de 0
GODBOW.ITM : Opcode 318 : self avec parameter1 et parameter2 différent de 0
HALB02.ITM : Opcode 321 à gérer.
HALB02.ITM : Opcode 321 à gérer.
HALB02.ITM : Opcode 321 à gérer.
HALB02.ITM : Opcode 321 à gérer.
HALB02.ITM : Opcode 321 à gérer.
HALB02.ITM : Opcode 321 à gérer.
HALB02.ITM : Opcode 321 à gérer.
HALB02.ITM : Opcode 321 à gérer.
HALB02.ITM : Opcode 321 à gérer.
HALB02.ITM : Opcode 321 à gérer.
HALB02.ITM : Opcode 321 à gérer.
HALB02.ITM : Opcode 321 à gérer.
HALB02.ITM : Opcode 318 : self avec parameter1 et parameter2 différent de 0
HALB03.ITM : Opcode 321 à gérer.
HALB03.ITM : Opcode 321 à gérer.
HALB03.ITM : Opcode 321 à gérer.
HALB03.ITM : Opcode 321 à gérer.
HALB03.ITM : Opcode 321 à gérer.
HALB03.ITM : Opcode 321 à gérer.
HALB03.ITM : Opcode 321 à gérer.
HALB03.ITM : Opcode 321 à gérer.
HALB03.ITM : Opcode 321 à gérer.
HALB03.ITM : Opcode 321 à gérer.
HALB03.ITM : Opcode 321 à gérer.
HALB03.ITM : Opcode 321 à gérer.
HALB03.ITM : Opcode 318 : self avec parameter1 et parameter2 différent de 0
HALB04.ITM : Opcode 321 à gérer.
HALB04.ITM : Opcode 321 à gérer.
HALB04.ITM : Opcode 321 à gérer.
HALB04.ITM : Opcode 321 à gérer.
HALB04.ITM : Opcode 321 à gérer.
HALB04.ITM : Opcode 321 à gérer.
HALB04.ITM : Opcode 321 à gérer.
HALB04.ITM : Opcode 321 à gérer.
HALB04.ITM : Opcode 321 à gérer.
HALB04.ITM : Opcode 321 à gérer.
HALB04.ITM : Opcode 321 à gérer.
HALB04.ITM : Opcode 321 à gérer.
HALB04.ITM : Opcode 318 : self avec parameter1 et parameter2 différent de 0
HALB05.ITM : Opcode 321 à gérer.
HALB05.ITM : Opcode 321 à gérer.
HALB05.ITM : Opcode 321 à gérer.
HALB05.ITM : Opcode 321 à gérer.
HALB05.ITM : Opcode 321 à gérer.
HALB05.ITM : Opcode 321 à gérer.
HALB05.ITM : Opcode 321 à gérer.
HALB05.ITM : Opcode 321 à gérer.
HALB05.ITM : Opcode 321 à gérer.
HALB05.ITM : Opcode 321 à gérer.
HALB05.ITM : Opcode 321 à gérer.
HALB05.ITM : Opcode 321 à gérer.
HALB05.ITM : Opcode 318 : self avec parameter1 et parameter2 différent de 0
HALB06.ITM : Opcode 321 à gérer.
HALB06.ITM : Opcode 321 à gérer.
HALB06.ITM : Opcode 321 à gérer.
HALB06.ITM : Opcode 321 à gérer.
HALB06.ITM : Opcode 321 à gérer.
HALB06.ITM : Opcode 321 à gérer.
HALB06.ITM : Opcode 321 à gérer.
HALB06.ITM : Opcode 321 à gérer.
HALB06.ITM : Opcode 321 à gérer.
HALB06.ITM : Opcode 321 à gérer.
HALB06.ITM : Opcode 321 à gérer.
HALB06.ITM : Opcode 321 à gérer.
HALB06.ITM : Opcode 318 : self avec parameter1 et parameter2 différent de 0
HALB07.ITM : Opcode 321 à gérer.
HALB07.ITM : Opcode 321 à gérer.
HALB07.ITM : Opcode 321 à gérer.
HALB07.ITM : Opcode 321 à gérer.
HALB07.ITM : Opcode 321 à gérer.
HALB07.ITM : Opcode 321 à gérer.
HALB07.ITM : Opcode 321 à gérer.
HALB07.ITM : Opcode 321 à gérer.
HALB07.ITM : Opcode 321 à gérer.
HALB07.ITM : Opcode 321 à gérer.
HALB07.ITM : Opcode 321 à gérer.
HALB07.ITM : Opcode 321 à gérer.
HALB07.ITM : Opcode 318 : self avec parameter1 et parameter2 différent de 0
HALB08.ITM : Opcode 321 à gérer.
HALB08.ITM : Opcode 321 à gérer.
HALB08.ITM : Opcode 321 à gérer.
HALB08.ITM : Opcode 321 à gérer.
HALB08.ITM : Opcode 321 à gérer.
HALB08.ITM : Opcode 321 à gérer.
HALB08.ITM : Opcode 321 à gérer.
HALB08.ITM : Opcode 321 à gérer.
HALB08.ITM : Opcode 321 à gérer.
HALB08.ITM : Opcode 321 à gérer.
HALB08.ITM : Opcode 321 à gérer.
HALB08.ITM : Opcode 321 à gérer.
HALB08.ITM : Opcode 318 : self avec parameter1 et parameter2 différent de 0
HALB09.ITM : Opcode 321 à gérer.
HALB09.ITM : Opcode 321 à gérer.
HALB09.ITM : Opcode 321 à gérer.
HALB09.ITM : Opcode 321 à gérer.
HALB09.ITM : Opcode 321 à gérer.
HALB09.ITM : Opcode 321 à gérer.
HALB09.ITM : Opcode 321 à gérer.
HALB09.ITM : Opcode 321 à gérer.
HALB09.ITM : Opcode 321 à gérer.
HALB09.ITM : Opcode 321 à gérer.
HALB09.ITM : Opcode 321 à gérer.
HALB09.ITM : Opcode 321 à gérer.
HALB09.ITM : Opcode 318 : self avec parameter1 et parameter2 différent de 0
HALB10.ITM : Opcode 321 à gérer.
HALB10.ITM : Opcode 321 à gérer.
HALB10.ITM : Opcode 321 à gérer.
HALB10.ITM : Opcode 321 à gérer.
HALB10.ITM : Opcode 321 à gérer.
HALB10.ITM : Opcode 321 à gérer.
HALB10.ITM : Opcode 321 à gérer.
HALB10.ITM : Opcode 321 à gérer.
HALB10.ITM : Opcode 321 à gérer.
HALB10.ITM : Opcode 321 à gérer.
HALB10.ITM : Opcode 321 à gérer.
HALB10.ITM : Opcode 321 à gérer.
HALB10.ITM : Opcode 318 : self avec parameter1 et parameter2 différent de 0
HALB11.ITM : Opcode 321 à gérer.
HALB11.ITM : Opcode 321 à gérer.
HALB11.ITM : Opcode 321 à gérer.
HALB11.ITM : Opcode 321 à gérer.
HALB11.ITM : Opcode 321 à gérer.
HALB11.ITM : Opcode 321 à gérer.
HALB11.ITM : Opcode 321 à gérer.
HALB11.ITM : Opcode 321 à gérer.
HALB11.ITM : Opcode 321 à gérer.
HALB11.ITM : Opcode 321 à gérer.
HALB11.ITM : Opcode 321 à gérer.
HALB11.ITM : Opcode 321 à gérer.
HALB11.ITM : Opcode 318 : self avec parameter1 et parameter2 différent de 0
HALB12.ITM : Opcode 321 à gérer.
HALB12.ITM : Opcode 321 à gérer.
HALB12.ITM : Opcode 321 à gérer.
HALB12.ITM : Opcode 321 à gérer.
HALB12.ITM : Opcode 321 à gérer.
HALB12.ITM : Opcode 321 à gérer.
HALB12.ITM : Opcode 321 à gérer.
HALB12.ITM : Opcode 321 à gérer.
HALB12.ITM : Opcode 321 à gérer.
HALB12.ITM : Opcode 321 à gérer.
HALB12.ITM : Opcode 321 à gérer.
HALB12.ITM : Opcode 321 à gérer.
HALB12.ITM : Opcode 318 : self avec parameter1 et parameter2 différent de 0
HAMM09.ITM : Opcode 123 à gérer.
ISHLD02.ITM : Opcode 318 : self avec parameter1 et parameter2 différent de 0
ISHLD02.ITM : Opcode 318 : self avec parameter1 et parameter2 différent de 0
ISHLD02.ITM : Opcode 318 : self avec parameter1 et parameter2 différent de 0
ISHLD02.ITM : Opcode 318 : self avec parameter1 et parameter2 différent de 0
JWSUPER.ITM : Opcode 206 : La ressource cdsw1h58.spl n'existe pas.
JWSUPER.ITM : Opcode 206 : La ressource cdmound.spl n'existe pas.
JWSUPER.ITM : Opcode 206 : La ressource cdhgnya1.spl n'existe pas.
NPBOW.ITM : Opcode 318 : self avec parameter1 et parameter2 différent de 0
NPBOW.ITM : Opcode 318 : self avec parameter1 et parameter2 différent de 0
NPPLAT.ITM : opcode 326: Traduction 13260157 manquante
NPPLAT.ITM : FAILURE: opcode 326: Not_found
NPPLAT.ITM : FAILURE: opcode 177: Failure("Failure(\"Opcode 326: Not_found\")")
NPSHLD.ITM : Opcode 318 : self avec parameter1 et parameter2 différent de 0
NPSHLD.ITM : Opcode 318 : self avec parameter1 et parameter2 différent de 0
NPSHLD.ITM : Opcode 318 : self avec parameter1 et parameter2 différent de 0
NPSHLD.ITM : Opcode 318 : self avec parameter1 et parameter2 différent de 0
NPSTAF.ITM : Opcode 321 à gérer.
NPSTAF.ITM : Opcode 321 à gérer.
NPSTAF.ITM : Opcode 321 à gérer.
NPSTAF.ITM : Opcode 321 à gérer.
NPSTAF.ITM : Opcode 321 à gérer.
NPSTAF.ITM : Opcode 321 à gérer.
NPSTAF.ITM : Opcode 321 à gérer.
NPSTAF.ITM : Opcode 321 à gérer.
NPSTAF.ITM : Opcode 321 à gérer.
NPSTAF.ITM : Opcode 321 à gérer.
NPSTAF.ITM : Opcode 321 à gérer.
NPSTAF.ITM : Opcode 321 à gérer.
NPSTAF.ITM : Opcode 318 : self avec parameter1 et parameter2 différent de 0
NPSW03.ITM : Opcode 321 à gérer.
NPSW03.ITM : Opcode 321 à gérer.
NPSW03.ITM : Opcode 321 à gérer.
NPSW03.ITM : Opcode 321 à gérer.
NPSW03.ITM : Opcode 321 à gérer.
NPSW03.ITM : Opcode 321 à gérer.
NPSW03.ITM : Opcode 321 à gérer.
NPSW03.ITM : Opcode 321 à gérer.
NPSW03.ITM : Opcode 321 à gérer.
NPSW03.ITM : Opcode 321 à gérer.
NPSW03.ITM : Opcode 321 à gérer.
NPSW03.ITM : Opcode 321 à gérer.
NPSW03.ITM : Opcode 318 : self avec parameter1 et parameter2 différent de 0
OHBREW02.ITM : Opcode 321 à gérer.
OHBREW02.ITM : Opcode 321 à gérer.
OHBREW02.ITM : Opcode 321 à gérer.
OHBREW02.ITM : Opcode 321 à gérer.
OHBREW02.ITM : Opcode 321 à gérer.
OHBREW02.ITM : Opcode 321 à gérer.
OHBREW02.ITM : Opcode 321 à gérer.
OHBREW02.ITM : Opcode 321 à gérer.
OHBREW02.ITM : Opcode 321 à gérer.
OHBREW02.ITM : Opcode 321 à gérer.
OHBREW02.ITM : Opcode 321 à gérer.
OHBREW02.ITM : Opcode 321 à gérer.
OHBREW02.ITM : Opcode 318 : self avec parameter1 et parameter2 différent de 0
OHBREW02.ITM : Opcode 177 : La ressource .eff n'existe pas.
OHBSHLD1.ITM : Opcode 318 : self avec parameter1 et parameter2 différent de 0
OHBSHLD1.ITM : Opcode 318 : self avec parameter1 et parameter2 différent de 0
OHBSHLD1.ITM : Opcode 318 : self avec parameter1 et parameter2 différent de 0
OHBSHLD1.ITM : Opcode 318 : self avec parameter1 et parameter2 différent de 0
OHBSTAF1.ITM : Opcode 321 à gérer.
OHBSTAF1.ITM : Opcode 321 à gérer.
OHBSTAF1.ITM : Opcode 321 à gérer.
OHBSTAF1.ITM : Opcode 321 à gérer.
OHBSTAF1.ITM : Opcode 321 à gérer.
OHBSTAF1.ITM : Opcode 321 à gérer.
OHBSTAF1.ITM : Opcode 321 à gérer.
OHBSTAF1.ITM : Opcode 321 à gérer.
OHBSTAF1.ITM : Opcode 321 à gérer.
OHBSTAF1.ITM : Opcode 321 à gérer.
OHBSTAF1.ITM : Opcode 321 à gérer.
OHBSTAF1.ITM : Opcode 321 à gérer.
OHBSTAF1.ITM : Opcode 318 : self avec parameter1 et parameter2 différent de 0
OHBWING.ITM : Opcode 321 à gérer.
OHBWING.ITM : Opcode 321 à gérer.
OHBWING.ITM : Opcode 321 à gérer.
OHBWING.ITM : Opcode 321 à gérer.
OHBWING.ITM : Opcode 321 à gérer.
OHBWING.ITM : Opcode 321 à gérer.
OHBWING.ITM : Opcode 321 à gérer.
OHBWING.ITM : Opcode 321 à gérer.
OHBWING.ITM : Opcode 321 à gérer.
OHBWING.ITM : Opcode 321 à gérer.
OHBWING.ITM : Opcode 321 à gérer.
OHBWING.ITM : Opcode 321 à gérer.
OHBWING.ITM : Opcode 318 : self avec parameter1 et parameter2 différent de 0
OHBWING2.ITM : Opcode 321 à gérer.
OHBWING2.ITM : Opcode 321 à gérer.
OHBWING2.ITM : Opcode 321 à gérer.
OHBWING2.ITM : Opcode 321 à gérer.
OHBWING2.ITM : Opcode 321 à gérer.
OHBWING2.ITM : Opcode 321 à gérer.
OHBWING2.ITM : Opcode 321 à gérer.
OHBWING2.ITM : Opcode 321 à gérer.
OHBWING2.ITM : Opcode 321 à gérer.
OHBWING2.ITM : Opcode 321 à gérer.
OHBWING2.ITM : Opcode 321 à gérer.
OHBWING2.ITM : Opcode 321 à gérer.
OHBWING2.ITM : Opcode 318 : self avec parameter1 et parameter2 différent de 0
OHDARMOR.ITM : opcode 326: Traduction 13260157 manquante
OHDARMOR.ITM : FAILURE: opcode 326: Not_found
OHDARMOR.ITM : FAILURE: opcode 177: Failure("Failure(\"Opcode 326: Not_found\")")
OHDART50.ITM : Opcode 318 : self avec parameter1 et parameter2 différent de 0
OHDART50.ITM : Opcode 318 : self avec parameter1 et parameter2 différent de 0
OHDART51.ITM : Opcode 318 : self avec parameter1 et parameter2 différent de 0
OHDART51.ITM : Opcode 318 : self avec parameter1 et parameter2 différent de 0
OHDSW2HA.ITM : Opcode 321 à gérer.
OHDSW2HA.ITM : Opcode 321 à gérer.
OHDSW2HA.ITM : Opcode 321 à gérer.
OHDSW2HA.ITM : Opcode 321 à gérer.
OHDSW2HA.ITM : Opcode 321 à gérer.
OHDSW2HA.ITM : Opcode 321 à gérer.
OHDSW2HA.ITM : Opcode 321 à gérer.
OHDSW2HA.ITM : Opcode 321 à gérer.
OHDSW2HA.ITM : Opcode 321 à gérer.
OHDSW2HA.ITM : Opcode 321 à gérer.
OHDSW2HA.ITM : Opcode 321 à gérer.
OHDSW2HA.ITM : Opcode 321 à gérer.
OHDSW2HA.ITM : Opcode 318 : self avec parameter1 et parameter2 différent de 0
OHDSW2HB.ITM : Opcode 321 à gérer.
OHDSW2HB.ITM : Opcode 321 à gérer.
OHDSW2HB.ITM : Opcode 321 à gérer.
OHDSW2HB.ITM : Opcode 321 à gérer.
OHDSW2HB.ITM : Opcode 321 à gérer.
OHDSW2HB.ITM : Opcode 321 à gérer.
OHDSW2HB.ITM : Opcode 321 à gérer.
OHDSW2HB.ITM : Opcode 321 à gérer.
OHDSW2HB.ITM : Opcode 321 à gérer.
OHDSW2HB.ITM : Opcode 321 à gérer.
OHDSW2HB.ITM : Opcode 321 à gérer.
OHDSW2HB.ITM : Opcode 321 à gérer.
OHDSW2HB.ITM : Opcode 318 : self avec parameter1 et parameter2 différent de 0
OHDSW2HC.ITM : Opcode 321 à gérer.
OHDSW2HC.ITM : Opcode 321 à gérer.
OHDSW2HC.ITM : Opcode 321 à gérer.
OHDSW2HC.ITM : Opcode 321 à gérer.
OHDSW2HC.ITM : Opcode 321 à gérer.
OHDSW2HC.ITM : Opcode 321 à gérer.
OHDSW2HC.ITM : Opcode 321 à gérer.
OHDSW2HC.ITM : Opcode 321 à gérer.
OHDSW2HC.ITM : Opcode 321 à gérer.
OHDSW2HC.ITM : Opcode 321 à gérer.
OHDSW2HC.ITM : Opcode 321 à gérer.
OHDSW2HC.ITM : Opcode 321 à gérer.
OHDSW2HC.ITM : Opcode 318 : self avec parameter1 et parameter2 différent de 0
OHDSW2HD.ITM : Opcode 321 à gérer.
OHDSW2HD.ITM : Opcode 321 à gérer.
OHDSW2HD.ITM : Opcode 321 à gérer.
OHDSW2HD.ITM : Opcode 321 à gérer.
OHDSW2HD.ITM : Opcode 321 à gérer.
OHDSW2HD.ITM : Opcode 321 à gérer.
OHDSW2HD.ITM : Opcode 321 à gérer.
OHDSW2HD.ITM : Opcode 321 à gérer.
OHDSW2HD.ITM : Opcode 321 à gérer.
OHDSW2HD.ITM : Opcode 321 à gérer.
OHDSW2HD.ITM : Opcode 321 à gérer.
OHDSW2HD.ITM : Opcode 321 à gérer.
OHDSW2HD.ITM : Opcode 318 : self avec parameter1 et parameter2 différent de 0
OHNSHLD1.ITM : Opcode 318 : self avec parameter1 et parameter2 différent de 0
OHNSHLD1.ITM : Opcode 318 : self avec parameter1 et parameter2 différent de 0
OHNSHLD1.ITM : Opcode 318 : self avec parameter1 et parameter2 différent de 0
OHNSHLD1.ITM : Opcode 318 : self avec parameter1 et parameter2 différent de 0
OHNSLNG1.ITM : Opcode 318 : self avec parameter1 et parameter2 différent de 0
OHNSLNG1.ITM : Opcode 318 : self avec parameter1 et parameter2 différent de 0
OHPLAT50.ITM : opcode 326: Traduction 13260157 manquante
OHPLAT50.ITM : FAILURE: opcode 326: Not_found
OHPLAT50.ITM : FAILURE: opcode 177: Failure("Failure(\"Opcode 326: Not_found\")")
OHREAVER.ITM : Opcode 321 à gérer.
OHREAVER.ITM : Opcode 321 à gérer.
OHREAVER.ITM : Opcode 321 à gérer.
OHREAVER.ITM : Opcode 321 à gérer.
OHREAVER.ITM : Opcode 321 à gérer.
OHREAVER.ITM : Opcode 321 à gérer.
OHREAVER.ITM : Opcode 321 à gérer.
OHREAVER.ITM : Opcode 321 à gérer.
OHREAVER.ITM : Opcode 321 à gérer.
OHREAVER.ITM : Opcode 321 à gérer.
OHREAVER.ITM : Opcode 321 à gérer.
OHREAVER.ITM : Opcode 321 à gérer.
OHREAVER.ITM : Opcode 318 : self avec parameter1 et parameter2 différent de 0
OHRSLNG1.ITM : Opcode 318 : self avec parameter1 et parameter2 différent de 0
OHRSLNG1.ITM : Opcode 318 : self avec parameter1 et parameter2 différent de 0
OHSHLD50.ITM : Opcode 318 : self avec parameter1 et parameter2 différent de 0
OHSHLD50.ITM : Opcode 318 : self avec parameter1 et parameter2 différent de 0
OHSHLD50.ITM : Opcode 318 : self avec parameter1 et parameter2 différent de 0
OHSHLD50.ITM : Opcode 318 : self avec parameter1 et parameter2 différent de 0
OHSHLD51.ITM : Opcode 318 : self avec parameter1 et parameter2 différent de 0
OHSHLD51.ITM : Opcode 318 : self avec parameter1 et parameter2 différent de 0
OHSHLD51.ITM : Opcode 318 : self avec parameter1 et parameter2 différent de 0
OHSHLD51.ITM : Opcode 318 : self avec parameter1 et parameter2 différent de 0
PALPLAT.ITM : opcode 326: Traduction 13260157 manquante
PALPLAT.ITM : FAILURE: opcode 326: Not_found
PALPLAT.ITM : FAILURE: opcode 177: Failure("Failure(\"Opcode 326: Not_found\")")
PLAT02.ITM : opcode 326: Traduction 13260157 manquante
PLAT02.ITM : FAILURE: opcode 326: Not_found
PLAT02.ITM : FAILURE: opcode 177: Failure("Failure(\"Opcode 326: Not_found\")")
PLAT05.ITM : opcode 326: Traduction 13260157 manquante
PLAT05.ITM : FAILURE: opcode 326: Not_found
PLAT05.ITM : FAILURE: opcode 177: Failure("Failure(\"Opcode 326: Not_found\")")
PLAT06.ITM : opcode 326: Traduction 13260157 manquante
PLAT06.ITM : FAILURE: opcode 326: Not_found
PLAT06.ITM : FAILURE: opcode 177: Failure("Failure(\"Opcode 326: Not_found\")")
PLAT10.ITM : opcode 326: Traduction 13260157 manquante
PLAT10.ITM : FAILURE: opcode 326: Not_found
PLAT10.ITM : FAILURE: opcode 177: Failure("Failure(\"Opcode 326: Not_found\")")
PLAT11.ITM : opcode 326: Traduction 13260157 manquante
PLAT11.ITM : FAILURE: opcode 326: Not_found
PLAT11.ITM : FAILURE: opcode 177: Failure("Failure(\"Opcode 326: Not_found\")")
PLAT12.ITM : opcode 326: Traduction 13260157 manquante
PLAT12.ITM : FAILURE: opcode 326: Not_found
PLAT12.ITM : FAILURE: opcode 177: Failure("Failure(\"Opcode 326: Not_found\")")
PLAT13.ITM : opcode 326: Traduction 13260157 manquante
PLAT13.ITM : FAILURE: opcode 326: Not_found
PLAT13.ITM : FAILURE: opcode 177: Failure("Failure(\"Opcode 326: Not_found\")")
PLAT14.ITM : opcode 326: Traduction 13260157 manquante
PLAT14.ITM : FAILURE: opcode 326: Not_found
PLAT14.ITM : FAILURE: opcode 177: Failure("Failure(\"Opcode 326: Not_found\")")
PLAT15.ITM : opcode 326: Traduction 13260157 manquante
PLAT15.ITM : FAILURE: opcode 326: Not_found
PLAT15.ITM : FAILURE: opcode 177: Failure("Failure(\"Opcode 326: Not_found\")")
PLAT16.ITM : opcode 326: Traduction 13260157 manquante
PLAT16.ITM : FAILURE: opcode 326: Not_found
PLAT16.ITM : FAILURE: opcode 177: Failure("Failure(\"Opcode 326: Not_found\")")
PLAT17.ITM : opcode 326: Traduction 13260157 manquante
PLAT17.ITM : FAILURE: opcode 326: Not_found
PLAT17.ITM : FAILURE: opcode 177: Failure("Failure(\"Opcode 326: Not_found\")")
PLAT18.ITM : opcode 326: Traduction 13260157 manquante
PLAT18.ITM : FAILURE: opcode 326: Not_found
PLAT18.ITM : FAILURE: opcode 177: Failure("Failure(\"Opcode 326: Not_found\")")
PLAT19.ITM : opcode 326: Traduction 13260157 manquante
PLAT19.ITM : FAILURE: opcode 326: Not_found
PLAT19.ITM : FAILURE: opcode 177: Failure("Failure(\"Opcode 326: Not_found\")")
PLAT20.ITM : opcode 326: Traduction 13260157 manquante
PLAT20.ITM : FAILURE: opcode 326: Not_found
PLAT20.ITM : FAILURE: opcode 177: Failure("Failure(\"Opcode 326: Not_found\")")
PLAT21.ITM : opcode 326: Traduction 13260157 manquante
PLAT21.ITM : FAILURE: opcode 326: Not_found
PLAT21.ITM : FAILURE: opcode 177: Failure("Failure(\"Opcode 326: Not_found\")")
PLAT22.ITM : opcode 326: Traduction 13260157 manquante
PLAT22.ITM : FAILURE: opcode 326: Not_found
PLAT22.ITM : FAILURE: opcode 177: Failure("Failure(\"Opcode 326: Not_found\")")
PLAT23.ITM : opcode 326: Traduction 13260157 manquante
PLAT23.ITM : FAILURE: opcode 326: Not_found
PLAT23.ITM : FAILURE: opcode 177: Failure("Failure(\"Opcode 326: Not_found\")")
RING09.ITM : Opcode 206 : La ressource cdsw1h58.spl n'existe pas.
RING09.ITM : Opcode 206 : La ressource cdmound.spl n'existe pas.
RING09.ITM : Opcode 206 : La ressource cdhgnya1.spl n'existe pas.
RODS04.ITM : Opcode 321 à gérer.
RODS04.ITM : Opcode 321 à gérer.
RODS04.ITM : Opcode 321 à gérer.
RODS04.ITM : Opcode 321 à gérer.
RODS04.ITM : Opcode 321 à gérer.
RODS04.ITM : Opcode 321 à gérer.
RODS04.ITM : Opcode 321 à gérer.
RODS04.ITM : Opcode 321 à gérer.
RODS04.ITM : Opcode 321 à gérer.
RODS04.ITM : Opcode 321 à gérer.
RODS04.ITM : Opcode 321 à gérer.
RODS04.ITM : Opcode 321 à gérer.
RODS04.ITM : Opcode 318 : self avec parameter1 et parameter2 différent de 0
RODS05.ITM : Opcode 321 à gérer.
RODS05.ITM : Opcode 321 à gérer.
RODS05.ITM : Opcode 321 à gérer.
RODS05.ITM : Opcode 321 à gérer.
RODS05.ITM : Opcode 321 à gérer.
RODS05.ITM : Opcode 321 à gérer.
RODS05.ITM : Opcode 321 à gérer.
RODS05.ITM : Opcode 321 à gérer.
RODS05.ITM : Opcode 321 à gérer.
RODS05.ITM : Opcode 321 à gérer.
RODS05.ITM : Opcode 321 à gérer.
RODS05.ITM : Opcode 321 à gérer.
RODS05.ITM : Opcode 318 : self avec parameter1 et parameter2 différent de 0
RODSPEAR.ITM : Opcode 321 à gérer.
RODSPEAR.ITM : Opcode 321 à gérer.
RODSPEAR.ITM : Opcode 321 à gérer.
RODSPEAR.ITM : Opcode 321 à gérer.
RODSPEAR.ITM : Opcode 321 à gérer.
RODSPEAR.ITM : Opcode 321 à gérer.
RODSPEAR.ITM : Opcode 321 à gérer.
RODSPEAR.ITM : Opcode 321 à gérer.
RODSPEAR.ITM : Opcode 321 à gérer.
RODSPEAR.ITM : Opcode 321 à gérer.
RODSPEAR.ITM : Opcode 321 à gérer.
RODSPEAR.ITM : Opcode 321 à gérer.
RODSPEAR.ITM : Opcode 318 : self avec parameter1 et parameter2 différent de 0
ROSSRING.ITM : Opcode 206 : La ressource cdsw1h58.spl n'existe pas.
ROSSRING.ITM : Opcode 206 : La ressource cdmound.spl n'existe pas.
ROSSRING.ITM : Opcode 206 : La ressource cdhgnya1.spl n'existe pas.
SECRET01.ITM : Opcode 318 : self avec parameter1 et parameter2 différent de 0
SECRET01.ITM : Opcode 318 : self avec parameter1 et parameter2 différent de 0
SECRET05.ITM : opcode 326: Traduction 13260157 manquante
SECRET05.ITM : FAILURE: opcode 326: Not_found
SECRET05.ITM : FAILURE: opcode 177: Failure("Failure(\"Opcode 326: Not_found\")")
SHLD02.ITM : Opcode 318 : self avec parameter1 et parameter2 différent de 0
SHLD02.ITM : Opcode 318 : self avec parameter1 et parameter2 différent de 0
SHLD02.ITM : Opcode 318 : self avec parameter1 et parameter2 différent de 0
SHLD02.ITM : Opcode 318 : self avec parameter1 et parameter2 différent de 0
SHLD02A.ITM : Opcode 318 : self avec parameter1 et parameter2 différent de 0
SHLD02A.ITM : Opcode 318 : self avec parameter1 et parameter2 différent de 0
SHLD02A.ITM : Opcode 318 : self avec parameter1 et parameter2 différent de 0
SHLD02A.ITM : Opcode 318 : self avec parameter1 et parameter2 différent de 0
SHLD04.ITM : Opcode 318 : self avec parameter1 et parameter2 différent de 0
SHLD04.ITM : Opcode 318 : self avec parameter1 et parameter2 différent de 0
SHLD04.ITM : Opcode 318 : self avec parameter1 et parameter2 différent de 0
SHLD04.ITM : Opcode 318 : self avec parameter1 et parameter2 différent de 0
SHLD04A.ITM : Opcode 318 : self avec parameter1 et parameter2 différent de 0
SHLD04A.ITM : Opcode 318 : self avec parameter1 et parameter2 différent de 0
SHLD04A.ITM : Opcode 318 : self avec parameter1 et parameter2 différent de 0
SHLD04A.ITM : Opcode 318 : self avec parameter1 et parameter2 différent de 0
SHLD06.ITM : Opcode 318 : self avec parameter1 et parameter2 différent de 0
SHLD06.ITM : Opcode 318 : self avec parameter1 et parameter2 différent de 0
SHLD06.ITM : Opcode 318 : self avec parameter1 et parameter2 différent de 0
SHLD06.ITM : Opcode 318 : self avec parameter1 et parameter2 différent de 0
SHLD06A.ITM : Opcode 318 : self avec parameter1 et parameter2 différent de 0
SHLD06A.ITM : Opcode 318 : self avec parameter1 et parameter2 différent de 0
SHLD06A.ITM : Opcode 318 : self avec parameter1 et parameter2 différent de 0
SHLD06A.ITM : Opcode 318 : self avec parameter1 et parameter2 différent de 0
SHLD07.ITM : Opcode 318 : self avec parameter1 et parameter2 différent de 0
SHLD07.ITM : Opcode 318 : self avec parameter1 et parameter2 différent de 0
SHLD07.ITM : Opcode 318 : self avec parameter1 et parameter2 différent de 0
SHLD07.ITM : Opcode 318 : self avec parameter1 et parameter2 différent de 0
SHLD07A.ITM : Opcode 318 : self avec parameter1 et parameter2 différent de 0
SHLD07A.ITM : Opcode 318 : self avec parameter1 et parameter2 différent de 0
SHLD07A.ITM : Opcode 318 : self avec parameter1 et parameter2 différent de 0
SHLD07A.ITM : Opcode 318 : self avec parameter1 et parameter2 différent de 0
SHLD17.ITM : Opcode 318 : self avec parameter1 et parameter2 différent de 0
SHLD17.ITM : Opcode 318 : self avec parameter1 et parameter2 différent de 0
SHLD17.ITM : Opcode 318 : self avec parameter1 et parameter2 différent de 0
SHLD17.ITM : Opcode 318 : self avec parameter1 et parameter2 différent de 0
SHLD17A.ITM : Opcode 318 : self avec parameter1 et parameter2 différent de 0
SHLD17A.ITM : Opcode 318 : self avec parameter1 et parameter2 différent de 0
SHLD17A.ITM : Opcode 318 : self avec parameter1 et parameter2 différent de 0
SHLD17A.ITM : Opcode 318 : self avec parameter1 et parameter2 différent de 0
SHLD19.ITM : Opcode 318 : self avec parameter1 et parameter2 différent de 0
SHLD19.ITM : Opcode 318 : self avec parameter1 et parameter2 différent de 0
SHLD19.ITM : Opcode 318 : self avec parameter1 et parameter2 différent de 0
SHLD19.ITM : Opcode 318 : self avec parameter1 et parameter2 différent de 0
SHLD19A.ITM : Opcode 318 : self avec parameter1 et parameter2 différent de 0
SHLD19A.ITM : Opcode 318 : self avec parameter1 et parameter2 différent de 0
SHLD19A.ITM : Opcode 318 : self avec parameter1 et parameter2 différent de 0
SHLD19A.ITM : Opcode 318 : self avec parameter1 et parameter2 différent de 0
SHLD20.ITM : Opcode 318 : self avec parameter1 et parameter2 différent de 0
SHLD20.ITM : Opcode 318 : self avec parameter1 et parameter2 différent de 0
SHLD20.ITM : Opcode 318 : self avec parameter1 et parameter2 différent de 0
SHLD20.ITM : Opcode 318 : self avec parameter1 et parameter2 différent de 0
SHLD21.ITM : Opcode 318 : self avec parameter1 et parameter2 différent de 0
SHLD21.ITM : Opcode 318 : self avec parameter1 et parameter2 différent de 0
SHLD21.ITM : Opcode 318 : self avec parameter1 et parameter2 différent de 0
SHLD21.ITM : Opcode 318 : self avec parameter1 et parameter2 différent de 0
SHLD22.ITM : Opcode 318 : self avec parameter1 et parameter2 différent de 0
SHLD22.ITM : Opcode 318 : self avec parameter1 et parameter2 différent de 0
SHLD22.ITM : Opcode 318 : self avec parameter1 et parameter2 différent de 0
SHLD22.ITM : Opcode 318 : self avec parameter1 et parameter2 différent de 0
SHLD23.ITM : Opcode 318 : self avec parameter1 et parameter2 différent de 0
SHLD23.ITM : Opcode 318 : self avec parameter1 et parameter2 différent de 0
SHLD23.ITM : Opcode 318 : self avec parameter1 et parameter2 différent de 0
SHLD23.ITM : Opcode 318 : self avec parameter1 et parameter2 différent de 0
SHLD23A.ITM : Opcode 318 : self avec parameter1 et parameter2 différent de 0
SHLD23A.ITM : Opcode 318 : self avec parameter1 et parameter2 différent de 0
SHLD23A.ITM : Opcode 318 : self avec parameter1 et parameter2 différent de 0
SHLD23A.ITM : Opcode 318 : self avec parameter1 et parameter2 différent de 0
SHLD24.ITM : Opcode 318 : self avec parameter1 et parameter2 différent de 0
SHLD24.ITM : Opcode 318 : self avec parameter1 et parameter2 différent de 0
SHLD24.ITM : Opcode 318 : self avec parameter1 et parameter2 différent de 0
SHLD24.ITM : Opcode 318 : self avec parameter1 et parameter2 différent de 0
SHLD24A.ITM : Opcode 318 : self avec parameter1 et parameter2 différent de 0
SHLD24A.ITM : Opcode 318 : self avec parameter1 et parameter2 différent de 0
SHLD24A.ITM : Opcode 318 : self avec parameter1 et parameter2 différent de 0
SHLD24A.ITM : Opcode 318 : self avec parameter1 et parameter2 différent de 0
SHLD25.ITM : Opcode 318 : self avec parameter1 et parameter2 différent de 0
SHLD25.ITM : Opcode 318 : self avec parameter1 et parameter2 différent de 0
SHLD25.ITM : Opcode 318 : self avec parameter1 et parameter2 différent de 0
SHLD25.ITM : Opcode 318 : self avec parameter1 et parameter2 différent de 0
SHLD26.ITM : Opcode 318 : self avec parameter1 et parameter2 différent de 0
SHLD26.ITM : Opcode 318 : self avec parameter1 et parameter2 différent de 0
SHLD26.ITM : Opcode 318 : self avec parameter1 et parameter2 différent de 0
SHLD26.ITM : Opcode 318 : self avec parameter1 et parameter2 différent de 0
SHLD26A.ITM : Opcode 318 : self avec parameter1 et parameter2 différent de 0
SHLD26A.ITM : Opcode 318 : self avec parameter1 et parameter2 différent de 0
SHLD26A.ITM : Opcode 318 : self avec parameter1 et parameter2 différent de 0
SHLD26A.ITM : Opcode 318 : self avec parameter1 et parameter2 différent de 0
SHLD27.ITM : Opcode 318 : self avec parameter1 et parameter2 différent de 0
SHLD27.ITM : Opcode 318 : self avec parameter1 et parameter2 différent de 0
SHLD27.ITM : Opcode 318 : self avec parameter1 et parameter2 différent de 0
SHLD27.ITM : Opcode 318 : self avec parameter1 et parameter2 différent de 0
SHLD27A.ITM : Opcode 318 : self avec parameter1 et parameter2 différent de 0
SHLD27A.ITM : Opcode 318 : self avec parameter1 et parameter2 différent de 0
SHLD27A.ITM : Opcode 318 : self avec parameter1 et parameter2 différent de 0
SHLD27A.ITM : Opcode 318 : self avec parameter1 et parameter2 différent de 0
SHLD28.ITM : Opcode 318 : self avec parameter1 et parameter2 différent de 0
SHLD28.ITM : Opcode 318 : self avec parameter1 et parameter2 différent de 0
SHLD28.ITM : Opcode 318 : self avec parameter1 et parameter2 différent de 0
SHLD28.ITM : Opcode 318 : self avec parameter1 et parameter2 différent de 0
SHLD28A.ITM : Opcode 318 : self avec parameter1 et parameter2 différent de 0
SHLD28A.ITM : Opcode 318 : self avec parameter1 et parameter2 différent de 0
SHLD28A.ITM : Opcode 318 : self avec parameter1 et parameter2 différent de 0
SHLD28A.ITM : Opcode 318 : self avec parameter1 et parameter2 différent de 0
SHLD29.ITM : Opcode 318 : self avec parameter1 et parameter2 différent de 0
SHLD29.ITM : Opcode 318 : self avec parameter1 et parameter2 différent de 0
SHLD29.ITM : Opcode 318 : self avec parameter1 et parameter2 différent de 0
SHLD29.ITM : Opcode 318 : self avec parameter1 et parameter2 différent de 0
SHLD29A.ITM : Opcode 318 : self avec parameter1 et parameter2 différent de 0
SHLD29A.ITM : Opcode 318 : self avec parameter1 et parameter2 différent de 0
SHLD29A.ITM : Opcode 318 : self avec parameter1 et parameter2 différent de 0
SHLD29A.ITM : Opcode 318 : self avec parameter1 et parameter2 différent de 0
SHLD30.ITM : Opcode 318 : self avec parameter1 et parameter2 différent de 0
SHLD30.ITM : Opcode 318 : self avec parameter1 et parameter2 différent de 0
SHLD30.ITM : Opcode 318 : self avec parameter1 et parameter2 différent de 0
SHLD30.ITM : Opcode 318 : self avec parameter1 et parameter2 différent de 0
SHLD30A.ITM : Opcode 318 : self avec parameter1 et parameter2 différent de 0
SHLD30A.ITM : Opcode 318 : self avec parameter1 et parameter2 différent de 0
SHLD30A.ITM : Opcode 318 : self avec parameter1 et parameter2 différent de 0
SHLD30A.ITM : Opcode 318 : self avec parameter1 et parameter2 différent de 0
SHLD31.ITM : Opcode 318 : self avec parameter1 et parameter2 différent de 0
SHLD31.ITM : Opcode 318 : self avec parameter1 et parameter2 différent de 0
SHLD31.ITM : Opcode 318 : self avec parameter1 et parameter2 différent de 0
SHLD31.ITM : Opcode 318 : self avec parameter1 et parameter2 différent de 0
SHLD31A.ITM : Opcode 318 : self avec parameter1 et parameter2 différent de 0
SHLD31A.ITM : Opcode 318 : self avec parameter1 et parameter2 différent de 0
SHLD31A.ITM : Opcode 318 : self avec parameter1 et parameter2 différent de 0
SHLD31A.ITM : Opcode 318 : self avec parameter1 et parameter2 différent de 0
SHLD32.ITM : Opcode 318 : self avec parameter1 et parameter2 différent de 0
SHLD32.ITM : Opcode 318 : self avec parameter1 et parameter2 différent de 0
SHLD32.ITM : Opcode 318 : self avec parameter1 et parameter2 différent de 0
SHLD32.ITM : Opcode 318 : self avec parameter1 et parameter2 différent de 0
SLNG02.ITM : Opcode 318 : self avec parameter1 et parameter2 différent de 0
SLNG02.ITM : Opcode 318 : self avec parameter1 et parameter2 différent de 0
SLNG04.ITM : Opcode 318 : self avec parameter1 et parameter2 différent de 0
SLNG04.ITM : Opcode 318 : self avec parameter1 et parameter2 différent de 0
SLNG05.ITM : Opcode 318 : self avec parameter1 et parameter2 différent de 0
SLNG05.ITM : Opcode 318 : self avec parameter1 et parameter2 différent de 0
SLNG06.ITM : Opcode 318 : self avec parameter1 et parameter2 différent de 0
SLNG06.ITM : Opcode 318 : self avec parameter1 et parameter2 différent de 0
SLNG07.ITM : Opcode 318 : self avec parameter1 et parameter2 différent de 0
SLNG07.ITM : Opcode 318 : self avec parameter1 et parameter2 différent de 0
SLNG08.ITM : Opcode 318 : self avec parameter1 et parameter2 différent de 0
SLNG08.ITM : Opcode 318 : self avec parameter1 et parameter2 différent de 0
SLNG09.ITM : Opcode 318 : self avec parameter1 et parameter2 différent de 0
SLNG09.ITM : Opcode 318 : self avec parameter1 et parameter2 différent de 0
SLNG10.ITM : Opcode 318 : self avec parameter1 et parameter2 différent de 0
SLNG10.ITM : Opcode 318 : self avec parameter1 et parameter2 différent de 0
SPER02.ITM : Opcode 321 à gérer.
SPER02.ITM : Opcode 321 à gérer.
SPER02.ITM : Opcode 321 à gérer.
SPER02.ITM : Opcode 321 à gérer.
SPER02.ITM : Opcode 321 à gérer.
SPER02.ITM : Opcode 321 à gérer.
SPER02.ITM : Opcode 321 à gérer.
SPER02.ITM : Opcode 321 à gérer.
SPER02.ITM : Opcode 321 à gérer.
SPER02.ITM : Opcode 321 à gérer.
SPER02.ITM : Opcode 321 à gérer.
SPER02.ITM : Opcode 321 à gérer.
SPER02.ITM : Opcode 318 : self avec parameter1 et parameter2 différent de 0
SPER03.ITM : Opcode 321 à gérer.
SPER03.ITM : Opcode 321 à gérer.
SPER03.ITM : Opcode 321 à gérer.
SPER03.ITM : Opcode 321 à gérer.
SPER03.ITM : Opcode 321 à gérer.
SPER03.ITM : Opcode 321 à gérer.
SPER03.ITM : Opcode 321 à gérer.
SPER03.ITM : Opcode 321 à gérer.
SPER03.ITM : Opcode 321 à gérer.
SPER03.ITM : Opcode 321 à gérer.
SPER03.ITM : Opcode 321 à gérer.
SPER03.ITM : Opcode 321 à gérer.
SPER03.ITM : Opcode 318 : self avec parameter1 et parameter2 différent de 0
SPER05.ITM : Opcode 321 à gérer.
SPER05.ITM : Opcode 321 à gérer.
SPER05.ITM : Opcode 321 à gérer.
SPER05.ITM : Opcode 321 à gérer.
SPER05.ITM : Opcode 321 à gérer.
SPER05.ITM : Opcode 321 à gérer.
SPER05.ITM : Opcode 321 à gérer.
SPER05.ITM : Opcode 321 à gérer.
SPER05.ITM : Opcode 321 à gérer.
SPER05.ITM : Opcode 321 à gérer.
SPER05.ITM : Opcode 321 à gérer.
SPER05.ITM : Opcode 321 à gérer.
SPER05.ITM : Opcode 318 : self avec parameter1 et parameter2 différent de 0
SPER06.ITM : Opcode 321 à gérer.
SPER06.ITM : Opcode 321 à gérer.
SPER06.ITM : Opcode 321 à gérer.
SPER06.ITM : Opcode 321 à gérer.
SPER06.ITM : Opcode 321 à gérer.
SPER06.ITM : Opcode 321 à gérer.
SPER06.ITM : Opcode 321 à gérer.
SPER06.ITM : Opcode 321 à gérer.
SPER06.ITM : Opcode 321 à gérer.
SPER06.ITM : Opcode 321 à gérer.
SPER06.ITM : Opcode 321 à gérer.
SPER06.ITM : Opcode 321 à gérer.
SPER06.ITM : Opcode 318 : self avec parameter1 et parameter2 différent de 0
SPER07.ITM : Opcode 321 à gérer.
SPER07.ITM : Opcode 321 à gérer.
SPER07.ITM : Opcode 321 à gérer.
SPER07.ITM : Opcode 321 à gérer.
SPER07.ITM : Opcode 321 à gérer.
SPER07.ITM : Opcode 321 à gérer.
SPER07.ITM : Opcode 321 à gérer.
SPER07.ITM : Opcode 321 à gérer.
SPER07.ITM : Opcode 321 à gérer.
SPER07.ITM : Opcode 321 à gérer.
SPER07.ITM : Opcode 321 à gérer.
SPER07.ITM : Opcode 321 à gérer.
SPER07.ITM : Opcode 318 : self avec parameter1 et parameter2 différent de 0
SPER08.ITM : Opcode 321 à gérer.
SPER08.ITM : Opcode 321 à gérer.
SPER08.ITM : Opcode 321 à gérer.
SPER08.ITM : Opcode 321 à gérer.
SPER08.ITM : Opcode 321 à gérer.
SPER08.ITM : Opcode 321 à gérer.
SPER08.ITM : Opcode 321 à gérer.
SPER08.ITM : Opcode 321 à gérer.
SPER08.ITM : Opcode 321 à gérer.
SPER08.ITM : Opcode 321 à gérer.
SPER08.ITM : Opcode 321 à gérer.
SPER08.ITM : Opcode 321 à gérer.
SPER08.ITM : Opcode 318 : self avec parameter1 et parameter2 différent de 0
SPER09.ITM : Opcode 321 à gérer.
SPER09.ITM : Opcode 321 à gérer.
SPER09.ITM : Opcode 321 à gérer.
SPER09.ITM : Opcode 321 à gérer.
SPER09.ITM : Opcode 321 à gérer.
SPER09.ITM : Opcode 321 à gérer.
SPER09.ITM : Opcode 321 à gérer.
SPER09.ITM : Opcode 321 à gérer.
SPER09.ITM : Opcode 321 à gérer.
SPER09.ITM : Opcode 321 à gérer.
SPER09.ITM : Opcode 321 à gérer.
SPER09.ITM : Opcode 321 à gérer.
SPER09.ITM : Opcode 318 : self avec parameter1 et parameter2 différent de 0
SPER10.ITM : Opcode 321 à gérer.
SPER10.ITM : Opcode 321 à gérer.
SPER10.ITM : Opcode 321 à gérer.
SPER10.ITM : Opcode 321 à gérer.
SPER10.ITM : Opcode 321 à gérer.
SPER10.ITM : Opcode 321 à gérer.
SPER10.ITM : Opcode 321 à gérer.
SPER10.ITM : Opcode 321 à gérer.
SPER10.ITM : Opcode 321 à gérer.
SPER10.ITM : Opcode 321 à gérer.
SPER10.ITM : Opcode 321 à gérer.
SPER10.ITM : Opcode 321 à gérer.
SPER10.ITM : Opcode 318 : self avec parameter1 et parameter2 différent de 0
SPER11.ITM : Opcode 321 à gérer.
SPER11.ITM : Opcode 321 à gérer.
SPER11.ITM : Opcode 321 à gérer.
SPER11.ITM : Opcode 321 à gérer.
SPER11.ITM : Opcode 321 à gérer.
SPER11.ITM : Opcode 321 à gérer.
SPER11.ITM : Opcode 321 à gérer.
SPER11.ITM : Opcode 321 à gérer.
SPER11.ITM : Opcode 321 à gérer.
SPER11.ITM : Opcode 321 à gérer.
SPER11.ITM : Opcode 321 à gérer.
SPER11.ITM : Opcode 321 à gérer.
SPER11.ITM : Opcode 318 : self avec parameter1 et parameter2 différent de 0
SPER12.ITM : Opcode 321 à gérer.
SPER12.ITM : Opcode 321 à gérer.
SPER12.ITM : Opcode 321 à gérer.
SPER12.ITM : Opcode 321 à gérer.
SPER12.ITM : Opcode 321 à gérer.
SPER12.ITM : Opcode 321 à gérer.
SPER12.ITM : Opcode 321 à gérer.
SPER12.ITM : Opcode 321 à gérer.
SPER12.ITM : Opcode 321 à gérer.
SPER12.ITM : Opcode 321 à gérer.
SPER12.ITM : Opcode 321 à gérer.
SPER12.ITM : Opcode 321 à gérer.
SPER12.ITM : Opcode 318 : self avec parameter1 et parameter2 différent de 0
SPER12.ITM : Opcode 206 : La ressource cdsw1h58.spl n'existe pas.
SPER12.ITM : Opcode 206 : La ressource cdmound.spl n'existe pas.
SPER12.ITM : Opcode 206 : La ressource cdhgnya1.spl n'existe pas.
STAF02.ITM : Opcode 321 à gérer.
STAF02.ITM : Opcode 321 à gérer.
STAF02.ITM : Opcode 321 à gérer.
STAF02.ITM : Opcode 321 à gérer.
STAF02.ITM : Opcode 321 à gérer.
STAF02.ITM : Opcode 321 à gérer.
STAF02.ITM : Opcode 321 à gérer.
STAF02.ITM : Opcode 321 à gérer.
STAF02.ITM : Opcode 321 à gérer.
STAF02.ITM : Opcode 321 à gérer.
STAF02.ITM : Opcode 321 à gérer.
STAF02.ITM : Opcode 321 à gérer.
STAF02.ITM : Opcode 318 : self avec parameter1 et parameter2 différent de 0
STAF05.ITM : Opcode 321 à gérer.
STAF05.ITM : Opcode 321 à gérer.
STAF05.ITM : Opcode 321 à gérer.
STAF05.ITM : Opcode 321 à gérer.
STAF05.ITM : Opcode 321 à gérer.
STAF05.ITM : Opcode 321 à gérer.
STAF05.ITM : Opcode 321 à gérer.
STAF05.ITM : Opcode 321 à gérer.
STAF05.ITM : Opcode 321 à gérer.
STAF05.ITM : Opcode 321 à gérer.
STAF05.ITM : Opcode 321 à gérer.
STAF05.ITM : Opcode 321 à gérer.
STAF05.ITM : Opcode 318 : self avec parameter1 et parameter2 différent de 0
STAF07.ITM : Opcode 321 à gérer.
STAF07.ITM : Opcode 321 à gérer.
STAF07.ITM : Opcode 321 à gérer.
STAF07.ITM : Opcode 321 à gérer.
STAF07.ITM : Opcode 321 à gérer.
STAF07.ITM : Opcode 321 à gérer.
STAF07.ITM : Opcode 321 à gérer.
STAF07.ITM : Opcode 321 à gérer.
STAF07.ITM : Opcode 321 à gérer.
STAF07.ITM : Opcode 321 à gérer.
STAF07.ITM : Opcode 321 à gérer.
STAF07.ITM : Opcode 321 à gérer.
STAF07.ITM : Opcode 318 : self avec parameter1 et parameter2 différent de 0
STAF08.ITM : Opcode 321 à gérer.
STAF08.ITM : Opcode 321 à gérer.
STAF08.ITM : Opcode 321 à gérer.
STAF08.ITM : Opcode 321 à gérer.
STAF08.ITM : Opcode 321 à gérer.
STAF08.ITM : Opcode 321 à gérer.
STAF08.ITM : Opcode 321 à gérer.
STAF08.ITM : Opcode 321 à gérer.
STAF08.ITM : Opcode 321 à gérer.
STAF08.ITM : Opcode 321 à gérer.
STAF08.ITM : Opcode 321 à gérer.
STAF08.ITM : Opcode 321 à gérer.
STAF08.ITM : Opcode 318 : self avec parameter1 et parameter2 différent de 0
STAF09.ITM : Opcode 321 à gérer.
STAF09.ITM : Opcode 321 à gérer.
STAF09.ITM : Opcode 321 à gérer.
STAF09.ITM : Opcode 321 à gérer.
STAF09.ITM : Opcode 321 à gérer.
STAF09.ITM : Opcode 321 à gérer.
STAF09.ITM : Opcode 321 à gérer.
STAF09.ITM : Opcode 321 à gérer.
STAF09.ITM : Opcode 321 à gérer.
STAF09.ITM : Opcode 321 à gérer.
STAF09.ITM : Opcode 321 à gérer.
STAF09.ITM : Opcode 321 à gérer.
STAF09.ITM : Opcode 318 : self avec parameter1 et parameter2 différent de 0
STAF10.ITM : Opcode 321 à gérer.
STAF10.ITM : Opcode 321 à gérer.
STAF10.ITM : Opcode 321 à gérer.
STAF10.ITM : Opcode 321 à gérer.
STAF10.ITM : Opcode 321 à gérer.
STAF10.ITM : Opcode 321 à gérer.
STAF10.ITM : Opcode 321 à gérer.
STAF10.ITM : Opcode 321 à gérer.
STAF10.ITM : Opcode 321 à gérer.
STAF10.ITM : Opcode 321 à gérer.
STAF10.ITM : Opcode 321 à gérer.
STAF10.ITM : Opcode 321 à gérer.
STAF10.ITM : Opcode 318 : self avec parameter1 et parameter2 différent de 0
STAF11.ITM : Opcode 321 à gérer.
STAF11.ITM : Opcode 321 à gérer.
STAF11.ITM : Opcode 321 à gérer.
STAF11.ITM : Opcode 321 à gérer.
STAF11.ITM : Opcode 321 à gérer.
STAF11.ITM : Opcode 321 à gérer.
STAF11.ITM : Opcode 321 à gérer.
STAF11.ITM : Opcode 321 à gérer.
STAF11.ITM : Opcode 321 à gérer.
STAF11.ITM : Opcode 321 à gérer.
STAF11.ITM : Opcode 321 à gérer.
STAF11.ITM : Opcode 321 à gérer.
STAF11.ITM : Opcode 318 : self avec parameter1 et parameter2 différent de 0
STAF12.ITM : Opcode 321 à gérer.
STAF12.ITM : Opcode 321 à gérer.
STAF12.ITM : Opcode 321 à gérer.
STAF12.ITM : Opcode 321 à gérer.
STAF12.ITM : Opcode 321 à gérer.
STAF12.ITM : Opcode 321 à gérer.
STAF12.ITM : Opcode 321 à gérer.
STAF12.ITM : Opcode 321 à gérer.
STAF12.ITM : Opcode 321 à gérer.
STAF12.ITM : Opcode 321 à gérer.
STAF12.ITM : Opcode 321 à gérer.
STAF12.ITM : Opcode 321 à gérer.
STAF12.ITM : Opcode 318 : self avec parameter1 et parameter2 différent de 0
STAF13.ITM : Opcode 321 à gérer.
STAF13.ITM : Opcode 321 à gérer.
STAF13.ITM : Opcode 321 à gérer.
STAF13.ITM : Opcode 321 à gérer.
STAF13.ITM : Opcode 321 à gérer.
STAF13.ITM : Opcode 321 à gérer.
STAF13.ITM : Opcode 321 à gérer.
STAF13.ITM : Opcode 321 à gérer.
STAF13.ITM : Opcode 321 à gérer.
STAF13.ITM : Opcode 321 à gérer.
STAF13.ITM : Opcode 321 à gérer.
STAF13.ITM : Opcode 321 à gérer.
STAF13.ITM : Opcode 318 : self avec parameter1 et parameter2 différent de 0
STAF14.ITM : Opcode 321 à gérer.
STAF14.ITM : Opcode 321 à gérer.
STAF14.ITM : Opcode 321 à gérer.
STAF14.ITM : Opcode 321 à gérer.
STAF14.ITM : Opcode 321 à gérer.
STAF14.ITM : Opcode 321 à gérer.
STAF14.ITM : Opcode 321 à gérer.
STAF14.ITM : Opcode 321 à gérer.
STAF14.ITM : Opcode 321 à gérer.
STAF14.ITM : Opcode 321 à gérer.
STAF14.ITM : Opcode 321 à gérer.
STAF14.ITM : Opcode 321 à gérer.
STAF14.ITM : Opcode 318 : self avec parameter1 et parameter2 différent de 0
STAF15.ITM : Opcode 321 à gérer.
STAF15.ITM : Opcode 321 à gérer.
STAF15.ITM : Opcode 321 à gérer.
STAF15.ITM : Opcode 321 à gérer.
STAF15.ITM : Opcode 321 à gérer.
STAF15.ITM : Opcode 321 à gérer.
STAF15.ITM : Opcode 321 à gérer.
STAF15.ITM : Opcode 321 à gérer.
STAF15.ITM : Opcode 321 à gérer.
STAF15.ITM : Opcode 321 à gérer.
STAF15.ITM : Opcode 321 à gérer.
STAF15.ITM : Opcode 321 à gérer.
STAF15.ITM : Opcode 318 : self avec parameter1 et parameter2 différent de 0
STAF16.ITM : Opcode 321 à gérer.
STAF16.ITM : Opcode 321 à gérer.
STAF16.ITM : Opcode 321 à gérer.
STAF16.ITM : Opcode 321 à gérer.
STAF16.ITM : Opcode 321 à gérer.
STAF16.ITM : Opcode 321 à gérer.
STAF16.ITM : Opcode 321 à gérer.
STAF16.ITM : Opcode 321 à gérer.
STAF16.ITM : Opcode 321 à gérer.
STAF16.ITM : Opcode 321 à gérer.
STAF16.ITM : Opcode 321 à gérer.
STAF16.ITM : Opcode 321 à gérer.
STAF16.ITM : Opcode 318 : self avec parameter1 et parameter2 différent de 0
STAF17.ITM : Opcode 321 à gérer.
STAF17.ITM : Opcode 321 à gérer.
STAF17.ITM : Opcode 321 à gérer.
STAF17.ITM : Opcode 321 à gérer.
STAF17.ITM : Opcode 321 à gérer.
STAF17.ITM : Opcode 321 à gérer.
STAF17.ITM : Opcode 321 à gérer.
STAF17.ITM : Opcode 321 à gérer.
STAF17.ITM : Opcode 321 à gérer.
STAF17.ITM : Opcode 321 à gérer.
STAF17.ITM : Opcode 321 à gérer.
STAF17.ITM : Opcode 321 à gérer.
STAF17.ITM : Opcode 318 : self avec parameter1 et parameter2 différent de 0
STAF18.ITM : Opcode 321 à gérer.
STAF18.ITM : Opcode 321 à gérer.
STAF18.ITM : Opcode 321 à gérer.
STAF18.ITM : Opcode 321 à gérer.
STAF18.ITM : Opcode 321 à gérer.
STAF18.ITM : Opcode 321 à gérer.
STAF18.ITM : Opcode 321 à gérer.
STAF18.ITM : Opcode 321 à gérer.
STAF18.ITM : Opcode 321 à gérer.
STAF18.ITM : Opcode 321 à gérer.
STAF18.ITM : Opcode 321 à gérer.
STAF18.ITM : Opcode 321 à gérer.
STAF18.ITM : Opcode 318 : self avec parameter1 et parameter2 différent de 0
STAF19.ITM : Opcode 321 à gérer.
STAF19.ITM : Opcode 321 à gérer.
STAF19.ITM : Opcode 321 à gérer.
STAF19.ITM : Opcode 321 à gérer.
STAF19.ITM : Opcode 321 à gérer.
STAF19.ITM : Opcode 321 à gérer.
STAF19.ITM : Opcode 321 à gérer.
STAF19.ITM : Opcode 321 à gérer.
STAF19.ITM : Opcode 321 à gérer.
STAF19.ITM : Opcode 321 à gérer.
STAF19.ITM : Opcode 321 à gérer.
STAF19.ITM : Opcode 321 à gérer.
STAF19.ITM : Opcode 318 : self avec parameter1 et parameter2 différent de 0
STAF20.ITM : Opcode 321 à gérer.
STAF20.ITM : Opcode 321 à gérer.
STAF20.ITM : Opcode 321 à gérer.
STAF20.ITM : Opcode 321 à gérer.
STAF20.ITM : Opcode 321 à gérer.
STAF20.ITM : Opcode 321 à gérer.
STAF20.ITM : Opcode 321 à gérer.
STAF20.ITM : Opcode 321 à gérer.
STAF20.ITM : Opcode 321 à gérer.
STAF20.ITM : Opcode 321 à gérer.
STAF20.ITM : Opcode 321 à gérer.
STAF20.ITM : Opcode 321 à gérer.
STAF20.ITM : Opcode 318 : self avec parameter1 et parameter2 différent de 0
STAF21.ITM : Opcode 321 à gérer.
STAF21.ITM : Opcode 321 à gérer.
STAF21.ITM : Opcode 321 à gérer.
STAF21.ITM : Opcode 321 à gérer.
STAF21.ITM : Opcode 321 à gérer.
STAF21.ITM : Opcode 321 à gérer.
STAF21.ITM : Opcode 321 à gérer.
STAF21.ITM : Opcode 321 à gérer.
STAF21.ITM : Opcode 321 à gérer.
STAF21.ITM : Opcode 321 à gérer.
STAF21.ITM : Opcode 321 à gérer.
STAF21.ITM : Opcode 321 à gérer.
STAF21.ITM : Opcode 318 : self avec parameter1 et parameter2 différent de 0
STAF22.ITM : Opcode 321 à gérer.
STAF22.ITM : Opcode 321 à gérer.
STAF22.ITM : Opcode 321 à gérer.
STAF22.ITM : Opcode 321 à gérer.
STAF22.ITM : Opcode 321 à gérer.
STAF22.ITM : Opcode 321 à gérer.
STAF22.ITM : Opcode 321 à gérer.
STAF22.ITM : Opcode 321 à gérer.
STAF22.ITM : Opcode 321 à gérer.
STAF22.ITM : Opcode 321 à gérer.
STAF22.ITM : Opcode 321 à gérer.
STAF22.ITM : Opcode 321 à gérer.
STAF22.ITM : Opcode 318 : self avec parameter1 et parameter2 différent de 0
STAF23.ITM : Opcode 321 à gérer.
STAF23.ITM : Opcode 321 à gérer.
STAF23.ITM : Opcode 321 à gérer.
STAF23.ITM : Opcode 321 à gérer.
STAF23.ITM : Opcode 321 à gérer.
STAF23.ITM : Opcode 321 à gérer.
STAF23.ITM : Opcode 321 à gérer.
STAF23.ITM : Opcode 321 à gérer.
STAF23.ITM : Opcode 321 à gérer.
STAF23.ITM : Opcode 321 à gérer.
STAF23.ITM : Opcode 321 à gérer.
STAF23.ITM : Opcode 321 à gérer.
STAF23.ITM : Opcode 318 : self avec parameter1 et parameter2 différent de 0
STAF24.ITM : Opcode 321 à gérer.
STAF24.ITM : Opcode 321 à gérer.
STAF24.ITM : Opcode 321 à gérer.
STAF24.ITM : Opcode 321 à gérer.
STAF24.ITM : Opcode 321 à gérer.
STAF24.ITM : Opcode 321 à gérer.
STAF24.ITM : Opcode 321 à gérer.
STAF24.ITM : Opcode 321 à gérer.
STAF24.ITM : Opcode 321 à gérer.
STAF24.ITM : Opcode 321 à gérer.
STAF24.ITM : Opcode 321 à gérer.
STAF24.ITM : Opcode 321 à gérer.
STAF24.ITM : Opcode 318 : self avec parameter1 et parameter2 différent de 0
STAFN1.ITM : Opcode 321 à gérer.
STAFN1.ITM : Opcode 321 à gérer.
STAFN1.ITM : Opcode 321 à gérer.
STAFN1.ITM : Opcode 321 à gérer.
STAFN1.ITM : Opcode 321 à gérer.
STAFN1.ITM : Opcode 321 à gérer.
STAFN1.ITM : Opcode 321 à gérer.
STAFN1.ITM : Opcode 321 à gérer.
STAFN1.ITM : Opcode 321 à gérer.
STAFN1.ITM : Opcode 321 à gérer.
STAFN1.ITM : Opcode 321 à gérer.
STAFN1.ITM : Opcode 321 à gérer.
STAFN1.ITM : Opcode 318 : self avec parameter1 et parameter2 différent de 0
SW1H68C.ITM : Opcode 112 à gérer.
SW1H69C.ITM : Opcode 112 à gérer.
SW2H02.ITM : Opcode 321 à gérer.
SW2H02.ITM : Opcode 321 à gérer.
SW2H02.ITM : Opcode 321 à gérer.
SW2H02.ITM : Opcode 321 à gérer.
SW2H02.ITM : Opcode 321 à gérer.
SW2H02.ITM : Opcode 321 à gérer.
SW2H02.ITM : Opcode 321 à gérer.
SW2H02.ITM : Opcode 321 à gérer.
SW2H02.ITM : Opcode 321 à gérer.
SW2H02.ITM : Opcode 321 à gérer.
SW2H02.ITM : Opcode 321 à gérer.
SW2H02.ITM : Opcode 321 à gérer.
SW2H02.ITM : Opcode 318 : self avec parameter1 et parameter2 différent de 0
SW2H03.ITM : Opcode 321 à gérer.
SW2H03.ITM : Opcode 321 à gérer.
SW2H03.ITM : Opcode 321 à gérer.
SW2H03.ITM : Opcode 321 à gérer.
SW2H03.ITM : Opcode 321 à gérer.
SW2H03.ITM : Opcode 321 à gérer.
SW2H03.ITM : Opcode 321 à gérer.
SW2H03.ITM : Opcode 321 à gérer.
SW2H03.ITM : Opcode 321 à gérer.
SW2H03.ITM : Opcode 321 à gérer.
SW2H03.ITM : Opcode 321 à gérer.
SW2H03.ITM : Opcode 321 à gérer.
SW2H03.ITM : Opcode 318 : self avec parameter1 et parameter2 différent de 0
SW2H06.ITM : Opcode 321 à gérer.
SW2H06.ITM : Opcode 321 à gérer.
SW2H06.ITM : Opcode 321 à gérer.
SW2H06.ITM : Opcode 321 à gérer.
SW2H06.ITM : Opcode 321 à gérer.
SW2H06.ITM : Opcode 321 à gérer.
SW2H06.ITM : Opcode 321 à gérer.
SW2H06.ITM : Opcode 321 à gérer.
SW2H06.ITM : Opcode 321 à gérer.
SW2H06.ITM : Opcode 321 à gérer.
SW2H06.ITM : Opcode 321 à gérer.
SW2H06.ITM : Opcode 321 à gérer.
SW2H06.ITM : Opcode 318 : self avec parameter1 et parameter2 différent de 0
SW2H06.ITM : Opcode 206 : La ressource cdsw1h58.spl n'existe pas.
SW2H06.ITM : Opcode 206 : La ressource cdmound.spl n'existe pas.
SW2H06.ITM : Opcode 206 : La ressource cdhgnya1.spl n'existe pas.
SW2H07.ITM : Opcode 321 à gérer.
SW2H07.ITM : Opcode 321 à gérer.
SW2H07.ITM : Opcode 321 à gérer.
SW2H07.ITM : Opcode 321 à gérer.
SW2H07.ITM : Opcode 321 à gérer.
SW2H07.ITM : Opcode 321 à gérer.
SW2H07.ITM : Opcode 321 à gérer.
SW2H07.ITM : Opcode 321 à gérer.
SW2H07.ITM : Opcode 321 à gérer.
SW2H07.ITM : Opcode 321 à gérer.
SW2H07.ITM : Opcode 321 à gérer.
SW2H07.ITM : Opcode 321 à gérer.
SW2H07.ITM : Opcode 318 : self avec parameter1 et parameter2 différent de 0
SW2H08.ITM : Opcode 321 à gérer.
SW2H08.ITM : Opcode 321 à gérer.
SW2H08.ITM : Opcode 321 à gérer.
SW2H08.ITM : Opcode 321 à gérer.
SW2H08.ITM : Opcode 321 à gérer.
SW2H08.ITM : Opcode 321 à gérer.
SW2H08.ITM : Opcode 321 à gérer.
SW2H08.ITM : Opcode 321 à gérer.
SW2H08.ITM : Opcode 321 à gérer.
SW2H08.ITM : Opcode 321 à gérer.
SW2H08.ITM : Opcode 321 à gérer.
SW2H08.ITM : Opcode 321 à gérer.
SW2H08.ITM : Opcode 318 : self avec parameter1 et parameter2 différent de 0
SW2H09.ITM : Opcode 321 à gérer.
SW2H09.ITM : Opcode 321 à gérer.
SW2H09.ITM : Opcode 321 à gérer.
SW2H09.ITM : Opcode 321 à gérer.
SW2H09.ITM : Opcode 321 à gérer.
SW2H09.ITM : Opcode 321 à gérer.
SW2H09.ITM : Opcode 321 à gérer.
SW2H09.ITM : Opcode 321 à gérer.
SW2H09.ITM : Opcode 321 à gérer.
SW2H09.ITM : Opcode 321 à gérer.
SW2H09.ITM : Opcode 321 à gérer.
SW2H09.ITM : Opcode 321 à gérer.
SW2H09.ITM : Opcode 318 : self avec parameter1 et parameter2 différent de 0
SW2H10.ITM : Opcode 321 à gérer.
SW2H10.ITM : Opcode 321 à gérer.
SW2H10.ITM : Opcode 321 à gérer.
SW2H10.ITM : Opcode 321 à gérer.
SW2H10.ITM : Opcode 321 à gérer.
SW2H10.ITM : Opcode 321 à gérer.
SW2H10.ITM : Opcode 321 à gérer.
SW2H10.ITM : Opcode 321 à gérer.
SW2H10.ITM : Opcode 321 à gérer.
SW2H10.ITM : Opcode 321 à gérer.
SW2H10.ITM : Opcode 321 à gérer.
SW2H10.ITM : Opcode 321 à gérer.
SW2H10.ITM : Opcode 318 : self avec parameter1 et parameter2 différent de 0
SW2H11.ITM : Opcode 321 à gérer.
SW2H11.ITM : Opcode 321 à gérer.
SW2H11.ITM : Opcode 321 à gérer.
SW2H11.ITM : Opcode 321 à gérer.
SW2H11.ITM : Opcode 321 à gérer.
SW2H11.ITM : Opcode 321 à gérer.
SW2H11.ITM : Opcode 321 à gérer.
SW2H11.ITM : Opcode 321 à gérer.
SW2H11.ITM : Opcode 321 à gérer.
SW2H11.ITM : Opcode 321 à gérer.
SW2H11.ITM : Opcode 321 à gérer.
SW2H11.ITM : Opcode 321 à gérer.
SW2H11.ITM : Opcode 318 : self avec parameter1 et parameter2 différent de 0
SW2H12.ITM : Opcode 321 à gérer.
SW2H12.ITM : Opcode 321 à gérer.
SW2H12.ITM : Opcode 321 à gérer.
SW2H12.ITM : Opcode 321 à gérer.
SW2H12.ITM : Opcode 321 à gérer.
SW2H12.ITM : Opcode 321 à gérer.
SW2H12.ITM : Opcode 321 à gérer.
SW2H12.ITM : Opcode 321 à gérer.
SW2H12.ITM : Opcode 321 à gérer.
SW2H12.ITM : Opcode 321 à gérer.
SW2H12.ITM : Opcode 321 à gérer.
SW2H12.ITM : Opcode 321 à gérer.
SW2H12.ITM : Opcode 318 : self avec parameter1 et parameter2 différent de 0
SW2H13.ITM : Opcode 321 à gérer.
SW2H13.ITM : Opcode 321 à gérer.
SW2H13.ITM : Opcode 321 à gérer.
SW2H13.ITM : Opcode 321 à gérer.
SW2H13.ITM : Opcode 321 à gérer.
SW2H13.ITM : Opcode 321 à gérer.
SW2H13.ITM : Opcode 321 à gérer.
SW2H13.ITM : Opcode 321 à gérer.
SW2H13.ITM : Opcode 321 à gérer.
SW2H13.ITM : Opcode 321 à gérer.
SW2H13.ITM : Opcode 321 à gérer.
SW2H13.ITM : Opcode 321 à gérer.
SW2H13.ITM : Opcode 318 : self avec parameter1 et parameter2 différent de 0
SW2H13.ITM : Opcode 206 : La ressource cdsw1h58.spl n'existe pas.
SW2H13.ITM : Opcode 206 : La ressource cdmound.spl n'existe pas.
SW2H13.ITM : Opcode 206 : La ressource cdhgnya1.spl n'existe pas.
SW2H14.ITM : Opcode 321 à gérer.
SW2H14.ITM : Opcode 321 à gérer.
SW2H14.ITM : Opcode 321 à gérer.
SW2H14.ITM : Opcode 321 à gérer.
SW2H14.ITM : Opcode 321 à gérer.
SW2H14.ITM : Opcode 321 à gérer.
SW2H14.ITM : Opcode 321 à gérer.
SW2H14.ITM : Opcode 321 à gérer.
SW2H14.ITM : Opcode 321 à gérer.
SW2H14.ITM : Opcode 321 à gérer.
SW2H14.ITM : Opcode 321 à gérer.
SW2H14.ITM : Opcode 321 à gérer.
SW2H14.ITM : Opcode 318 : self avec parameter1 et parameter2 différent de 0
SW2H15.ITM : Opcode 321 à gérer.
SW2H15.ITM : Opcode 321 à gérer.
SW2H15.ITM : Opcode 321 à gérer.
SW2H15.ITM : Opcode 321 à gérer.
SW2H15.ITM : Opcode 321 à gérer.
SW2H15.ITM : Opcode 321 à gérer.
SW2H15.ITM : Opcode 321 à gérer.
SW2H15.ITM : Opcode 321 à gérer.
SW2H15.ITM : Opcode 321 à gérer.
SW2H15.ITM : Opcode 321 à gérer.
SW2H15.ITM : Opcode 321 à gérer.
SW2H15.ITM : Opcode 321 à gérer.
SW2H15.ITM : Opcode 318 : self avec parameter1 et parameter2 différent de 0
SW2H16.ITM : Opcode 321 à gérer.
SW2H16.ITM : Opcode 321 à gérer.
SW2H16.ITM : Opcode 321 à gérer.
SW2H16.ITM : Opcode 321 à gérer.
SW2H16.ITM : Opcode 321 à gérer.
SW2H16.ITM : Opcode 321 à gérer.
SW2H16.ITM : Opcode 321 à gérer.
SW2H16.ITM : Opcode 321 à gérer.
SW2H16.ITM : Opcode 321 à gérer.
SW2H16.ITM : Opcode 321 à gérer.
SW2H16.ITM : Opcode 321 à gérer.
SW2H16.ITM : Opcode 321 à gérer.
SW2H16.ITM : Opcode 318 : self avec parameter1 et parameter2 différent de 0
SW2H17.ITM : Opcode 321 à gérer.
SW2H17.ITM : Opcode 321 à gérer.
SW2H17.ITM : Opcode 321 à gérer.
SW2H17.ITM : Opcode 321 à gérer.
SW2H17.ITM : Opcode 321 à gérer.
SW2H17.ITM : Opcode 321 à gérer.
SW2H17.ITM : Opcode 321 à gérer.
SW2H17.ITM : Opcode 321 à gérer.
SW2H17.ITM : Opcode 321 à gérer.
SW2H17.ITM : Opcode 321 à gérer.
SW2H17.ITM : Opcode 321 à gérer.
SW2H17.ITM : Opcode 321 à gérer.
SW2H17.ITM : Opcode 318 : self avec parameter1 et parameter2 différent de 0
SW2H18.ITM : Opcode 321 à gérer.
SW2H18.ITM : Opcode 321 à gérer.
SW2H18.ITM : Opcode 321 à gérer.
SW2H18.ITM : Opcode 321 à gérer.
SW2H18.ITM : Opcode 321 à gérer.
SW2H18.ITM : Opcode 321 à gérer.
SW2H18.ITM : Opcode 321 à gérer.
SW2H18.ITM : Opcode 321 à gérer.
SW2H18.ITM : Opcode 321 à gérer.
SW2H18.ITM : Opcode 321 à gérer.
SW2H18.ITM : Opcode 321 à gérer.
SW2H18.ITM : Opcode 321 à gérer.
SW2H18.ITM : Opcode 318 : self avec parameter1 et parameter2 différent de 0
SW2H19.ITM : Opcode 321 à gérer.
SW2H19.ITM : Opcode 321 à gérer.
SW2H19.ITM : Opcode 321 à gérer.
SW2H19.ITM : Opcode 321 à gérer.
SW2H19.ITM : Opcode 321 à gérer.
SW2H19.ITM : Opcode 321 à gérer.
SW2H19.ITM : Opcode 321 à gérer.
SW2H19.ITM : Opcode 321 à gérer.
SW2H19.ITM : Opcode 321 à gérer.
SW2H19.ITM : Opcode 321 à gérer.
SW2H19.ITM : Opcode 321 à gérer.
SW2H19.ITM : Opcode 321 à gérer.
SW2H19.ITM : Opcode 318 : self avec parameter1 et parameter2 différent de 0
SW2H20.ITM : Opcode 321 à gérer.
SW2H20.ITM : Opcode 321 à gérer.
SW2H20.ITM : Opcode 321 à gérer.
SW2H20.ITM : Opcode 321 à gérer.
SW2H20.ITM : Opcode 321 à gérer.
SW2H20.ITM : Opcode 321 à gérer.
SW2H20.ITM : Opcode 321 à gérer.
SW2H20.ITM : Opcode 321 à gérer.
SW2H20.ITM : Opcode 321 à gérer.
SW2H20.ITM : Opcode 321 à gérer.
SW2H20.ITM : Opcode 321 à gérer.
SW2H20.ITM : Opcode 321 à gérer.
SW2H20.ITM : Opcode 318 : self avec parameter1 et parameter2 différent de 0
SW2H21.ITM : Opcode 321 à gérer.
SW2H21.ITM : Opcode 321 à gérer.
SW2H21.ITM : Opcode 321 à gérer.
SW2H21.ITM : Opcode 321 à gérer.
SW2H21.ITM : Opcode 321 à gérer.
SW2H21.ITM : Opcode 321 à gérer.
SW2H21.ITM : Opcode 321 à gérer.
SW2H21.ITM : Opcode 321 à gérer.
SW2H21.ITM : Opcode 321 à gérer.
SW2H21.ITM : Opcode 321 à gérer.
SW2H21.ITM : Opcode 321 à gérer.
SW2H21.ITM : Opcode 321 à gérer.
SW2H21.ITM : Opcode 318 : self avec parameter1 et parameter2 différent de 0
SW2HD1.ITM : Opcode 321 à gérer.
SW2HD1.ITM : Opcode 321 à gérer.
SW2HD1.ITM : Opcode 321 à gérer.
SW2HD1.ITM : Opcode 321 à gérer.
SW2HD1.ITM : Opcode 321 à gérer.
SW2HD1.ITM : Opcode 321 à gérer.
SW2HD1.ITM : Opcode 321 à gérer.
SW2HD1.ITM : Opcode 321 à gérer.
SW2HD1.ITM : Opcode 321 à gérer.
SW2HD1.ITM : Opcode 321 à gérer.
SW2HD1.ITM : Opcode 321 à gérer.
SW2HD1.ITM : Opcode 321 à gérer.
SW2HD1.ITM : Opcode 318 : self avec parameter1 et parameter2 différent de 0
SW2HD1.ITM : Opcode 321 à gérer.
TTSHLD01.ITM : Opcode 318 : self avec parameter1 et parameter2 différent de 0
TTSHLD01.ITM : Opcode 318 : self avec parameter1 et parameter2 différent de 0
TTSHLD01.ITM : Opcode 318 : self avec parameter1 et parameter2 différent de 0
TTSHLD01.ITM : Opcode 318 : self avec parameter1 et parameter2 différent de 0
WA2HALB.ITM : Opcode 321 à gérer.
WA2HALB.ITM : Opcode 321 à gérer.
WA2HALB.ITM : Opcode 321 à gérer.
WA2HALB.ITM : Opcode 321 à gérer.
WA2HALB.ITM : Opcode 321 à gérer.
WA2HALB.ITM : Opcode 321 à gérer.
WA2HALB.ITM : Opcode 321 à gérer.
WA2HALB.ITM : Opcode 321 à gérer.
WA2HALB.ITM : Opcode 321 à gérer.
WA2HALB.ITM : Opcode 321 à gérer.
WA2HALB.ITM : Opcode 321 à gérer.
WA2HALB.ITM : Opcode 321 à gérer.
WA2HALB.ITM : Opcode 318 : self avec parameter1 et parameter2 différent de 0
WA2PLAT.ITM : opcode 326: Traduction 13260157 manquante
WA2PLAT.ITM : FAILURE: opcode 326: Not_found
WA2PLAT.ITM : FAILURE: opcode 177: Failure("Failure(\"Opcode 326: Not_found\")")
WA2SHIEL.ITM : Opcode 318 : self avec parameter1 et parameter2 différent de 0
WA2SHIEL.ITM : Opcode 318 : self avec parameter1 et parameter2 différent de 0
WA2SHIEL.ITM : Opcode 318 : self avec parameter1 et parameter2 différent de 0
WA2SHIEL.ITM : Opcode 318 : self avec parameter1 et parameter2 différent de 0
WA2SHIEL.ITM : Opcode 197 : Réflection du type de projectile '320'
WAS2H.ITM : Opcode 321 à gérer.
WAS2H.ITM : Opcode 321 à gérer.
WAS2H.ITM : Opcode 321 à gérer.
WAS2H.ITM : Opcode 321 à gérer.
WAS2H.ITM : Opcode 321 à gérer.
WAS2H.ITM : Opcode 321 à gérer.
WAS2H.ITM : Opcode 321 à gérer.
WAS2H.ITM : Opcode 321 à gérer.
WAS2H.ITM : Opcode 321 à gérer.
WAS2H.ITM : Opcode 321 à gérer.
WAS2H.ITM : Opcode 321 à gérer.
WAS2H.ITM : Opcode 321 à gérer.
WAS2H.ITM : Opcode 318 : self avec parameter1 et parameter2 différent de 0
WASLING.ITM : Opcode 318 : self avec parameter1 et parameter2 différent de 0
WASLING.ITM : Opcode 318 : self avec parameter1 et parameter2 différent de 0
WASPEAR.ITM : Opcode 321 à gérer.
WASPEAR.ITM : Opcode 321 à gérer.
WASPEAR.ITM : Opcode 321 à gérer.
WASPEAR.ITM : Opcode 321 à gérer.
WASPEAR.ITM : Opcode 321 à gérer.
WASPEAR.ITM : Opcode 321 à gérer.
WASPEAR.ITM : Opcode 321 à gérer.
WASPEAR.ITM : Opcode 321 à gérer.
WASPEAR.ITM : Opcode 321 à gérer.
WASPEAR.ITM : Opcode 321 à gérer.
WASPEAR.ITM : Opcode 321 à gérer.
WASPEAR.ITM : Opcode 321 à gérer.
WASPEAR.ITM : Opcode 318 : self avec parameter1 et parameter2 différent de 0
WASTAFF.ITM : Opcode 321 à gérer.
WASTAFF.ITM : Opcode 321 à gérer.
WASTAFF.ITM : Opcode 321 à gérer.
WASTAFF.ITM : Opcode 321 à gérer.
WASTAFF.ITM : Opcode 321 à gérer.
WASTAFF.ITM : Opcode 321 à gérer.
WASTAFF.ITM : Opcode 321 à gérer.
WASTAFF.ITM : Opcode 321 à gérer.
WASTAFF.ITM : Opcode 321 à gérer.
WASTAFF.ITM : Opcode 321 à gérer.
WASTAFF.ITM : Opcode 321 à gérer.
WASTAFF.ITM : Opcode 321 à gérer.
WASTAFF.ITM : Opcode 318 : self avec parameter1 et parameter2 différent de 0
XBOW02.ITM : Opcode 318 : self avec parameter1 et parameter2 différent de 0
XBOW02.ITM : Opcode 318 : self avec parameter1 et parameter2 différent de 0
XBOW03.ITM : Opcode 318 : self avec parameter1 et parameter2 différent de 0
XBOW03.ITM : Opcode 318 : self avec parameter1 et parameter2 différent de 0
XBOW05.ITM : Opcode 318 : self avec parameter1 et parameter2 différent de 0
XBOW05.ITM : Opcode 318 : self avec parameter1 et parameter2 différent de 0
XBOW06.ITM : Opcode 318 : self avec parameter1 et parameter2 différent de 0
XBOW06.ITM : Opcode 318 : self avec parameter1 et parameter2 différent de 0
XBOW07.ITM : Opcode 318 : self avec parameter1 et parameter2 différent de 0
XBOW07.ITM : Opcode 318 : self avec parameter1 et parameter2 différent de 0
XBOW08.ITM : Opcode 318 : self avec parameter1 et parameter2 différent de 0
XBOW08.ITM : Opcode 318 : self avec parameter1 et parameter2 différent de 0
XBOW09.ITM : Opcode 318 : self avec parameter1 et parameter2 différent de 0
XBOW09.ITM : Opcode 318 : self avec parameter1 et parameter2 différent de 0
XBOW10.ITM : Opcode 318 : self avec parameter1 et parameter2 différent de 0
XBOW10.ITM : Opcode 318 : self avec parameter1 et parameter2 différent de 0
XBOW13.ITM : Opcode 318 : self avec parameter1 et parameter2 différent de 0
XBOW13.ITM : Opcode 318 : self avec parameter1 et parameter2 différent de 0
XBOW14.ITM : Opcode 318 : self avec parameter1 et parameter2 différent de 0
XBOW14.ITM : Opcode 318 : self avec parameter1 et parameter2 différent de 0
XBOW15.ITM : Opcode 318 : self avec parameter1 et parameter2 différent de 0
XBOW15.ITM : Opcode 318 : self avec parameter1 et parameter2 différent de 0
XBOW16.ITM : Opcode 318 : self avec parameter1 et parameter2 différent de 0
XBOW16.ITM : Opcode 318 : self avec parameter1 et parameter2 différent de 0
XBOW17.ITM : Opcode 318 : self avec parameter1 et parameter2 différent de 0
XBOW17.ITM : Opcode 318 : self avec parameter1 et parameter2 différent de 0
XBOW18.ITM : Opcode 318 : self avec parameter1 et parameter2 différent de 0
XBOW18.ITM : Opcode 318 : self avec parameter1 et parameter2 différent de 0
