	
CM1H01.ITM : FAILURE: opcode 177: Failure("Failure(\"Unknown macro: opcode_self_probability_179\")")
CM2H01.ITM : Opcode 232 à gérer.
CM2H01.ITM : opcode 101: Traduction 103057 manquante
CM2H01.ITM : FAILURE: opcode 101: Not_found
CMAX03.ITM : opcode 55: Traduction 205148 manquante
CMAX03.ITM : FAILURE: opcode 55: Not_found
CMDA01.ITM : Opcode 303 à gérer.
CMHA01.ITM : Opcode 197 : Réflection du type de projectile '1'
CMHA01.ITM : Opcode 197 : Réflection du type de projectile '3'
CMHA01.ITM : Opcode 197 : Réflection du type de projectile '4'
CMHA01.ITM : Opcode 197 : Réflection du type de projectile '10'
CMHA01.ITM : Opcode 197 : Réflection du type de projectile '11'
CMHA01.ITM : Opcode 197 : Réflection du type de projectile '14'
CMHA01.ITM : Opcode 197 : Réflection du type de projectile '15'
CMHA01.ITM : Opcode 197 : Réflection du type de projectile '17'
CMHA01.ITM : Opcode 197 : Réflection du type de projectile '19'
CMHA01.ITM : Opcode 197 : Réflection du type de projectile '26'
CMHA01.ITM : Opcode 197 : Réflection du type de projectile '29'
CMHA01.ITM : Opcode 197 : Réflection du type de projectile '31'
CMHA01.ITM : Opcode 197 : Réflection du type de projectile '34'
CMMM02.ITM : opcode 55: Traduction 205116 manquante
CMMM02.ITM : FAILURE: opcode 55: Not_found
CMTULE03.ITM : Opcode 232 à gérer.
CMXB02.ITM : Opcode 117 à gérer.

Total : 107

Sans description : 3

Ignores : 18

Reussis : 85

Echoues : 4

Potions (TODO): 6

Munitions (TODO) : 2

Opcodes a coder : 59
