	
ABAZRING.ITM : Opcode 206 : La ressource cdsw1h58.spl n'existe pas.
ABAZRING.ITM : Opcode 206 : La ressource cdmound.spl n'existe pas.
ABAZRING.ITM : Opcode 206 : La ressource cdhgnya1.spl n'existe pas.
ALDETH.ITM : Opcode 206 : La ressource cdsw1h58.spl n'existe pas.
ALDETH.ITM : Opcode 206 : La ressource cdmound.spl n'existe pas.
ALDETH.ITM : Opcode 206 : La ressource cdhgnya1.spl n'existe pas.
AMUL17.ITM : Opcode 321 à gérer.
AMUL17.ITM : Opcode 321 à gérer.
AX1H06.ITM : Opcode 321 à gérer.
AX1H06.ITM : Opcode 54: Unknow target : 9 
AX1H19.ITM : Opcode 112 à gérer.
BAZPATRG.ITM : Opcode 206 : La ressource spwish27.spl n'existe pas.
BAZPATRG.ITM : Opcode 206 : La ressource spwish32.spl n'existe pas.
BAZPATRG.ITM : Opcode 206 : La ressource spwish35.spl n'existe pas.
BAZPATRG.ITM : Opcode 206 : La ressource sppr725d.spl n'existe pas.
BAZPATRG.ITM : Opcode 206 : La ressource cdsw1h58.spl n'existe pas.
BAZPATRG.ITM : Opcode 206 : La ressource cdmound.spl n'existe pas.
BAZPATRG.ITM : Opcode 206 : La ressource cdhgnya1.spl n'existe pas.
BDAX1H02.ITM : Opcode 318 : self avec parameter1 et parameter2 différent de 0
BDAX1H05.ITM : Opcode 318 : self avec parameter1 et parameter2 différent de 0
BDBELT01.ITM : Opcode 321 à gérer.
BDBLUN04.ITM : FAILURE: opcode 12: Failure("BDBLUN04.ITM : Type de degat '3' pour le opcode 12 pas encore gere")
BDBLUN04.ITM : FAILURE: opcode 341: Failure("Opcode 12: Failure(\"BDBLUN04.ITM : Type de degat '3' pour le opcode 12 pas encore gere\")")
BDBLUN06.ITM : Opcode 321 à gérer.
BDBLUN06.ITM : Opcode 321 à gérer.
BDBLUN06.ITM : Opcode 321 à gérer.
BDBLUN06.ITM : Opcode 321 à gérer.
BDBLUN06.ITM : Opcode 321 à gérer.
BDBLUN06.ITM : Opcode 321 à gérer.
BDBLUN06.ITM : Opcode 321 à gérer.
BDBLUN06.ITM : Opcode 321 à gérer.
BDBLUN06.ITM : Opcode 321 à gérer.
BDBLUN06.ITM : Opcode 321 à gérer.
BDBLUN06.ITM : Opcode 321 à gérer.
BDBLUN06.ITM : Opcode 321 à gérer.
BDBLUN06.ITM : Opcode 318 : self avec parameter1 et parameter2 différent de 0
BDBOW01.ITM : Opcode 318 : self avec parameter1 et parameter2 différent de 0
BDBOW01.ITM : Opcode 318 : self avec parameter1 et parameter2 différent de 0
BDBOW01.ITM : Opcode 318 : self avec parameter1 et parameter2 différent de 0
BDBOW02.ITM : Opcode 318 : self avec parameter1 et parameter2 différent de 0
BDBOW02.ITM : Opcode 318 : self avec parameter1 et parameter2 différent de 0
BDBOW03.ITM : Opcode 318 : self avec parameter1 et parameter2 différent de 0
BDBOW03.ITM : Opcode 318 : self avec parameter1 et parameter2 différent de 0
BDBOW04.ITM : Opcode 318 : self avec parameter1 et parameter2 différent de 0
BDBOW04.ITM : Opcode 318 : self avec parameter1 et parameter2 différent de 0
BDBOW04.ITM : Unknown macro: opcode_target_326
BDBOW05.ITM : Opcode 318 : self avec parameter1 et parameter2 différent de 0
BDBOW05.ITM : Opcode 318 : self avec parameter1 et parameter2 différent de 0
BDBOW05.ITM : Unknown macro: opcode_target_326
BDBOW06.ITM : Opcode 318 : self avec parameter1 et parameter2 différent de 0
BDBOW06.ITM : Opcode 318 : self avec parameter1 et parameter2 différent de 0
BDCONSTR.ITM : Opcode 206 : La ressource sppr422.spl n'existe pas.
BDDART01.ITM : Opcode 318 : self avec parameter1 et parameter2 différent de 0
BDDART01.ITM : Opcode 318 : self avec parameter1 et parameter2 différent de 0
BDDTRAI.ITM : Opcode 206 : La ressource spin642.spl n'existe pas.
BDDTRAI.ITM : Opcode 206 : La ressource bhaal1a.spl n'existe pas.
BDDTRAI.ITM : Opcode 206 : La ressource spin551.spl n'existe pas.
BDDTRAI.ITM : Opcode 206 : La ressource sppr215.spl n'existe pas.
BDFF1000.ITM : opcode 101: Traduction 11010007 manquante
BDFF1000.ITM : FAILURE: opcode 101: Not_found
BDFF1002.ITM : opcode 101: Traduction 11010007 manquante
BDFF1002.ITM : FAILURE: opcode 101: Not_found
BDGASIM.ITM : Opcode 206 : La ressource spin642.spl n'existe pas.
BDGIANHL.ITM : Opcode 321 à gérer.
BDGIANHL.ITM : Opcode 321 à gérer.
BDGIANHL.ITM : Opcode 321 à gérer.
BDGIANHL.ITM : Opcode 321 à gérer.
BDGIANHL.ITM : Opcode 321 à gérer.
BDGIANHL.ITM : Opcode 321 à gérer.
BDGIANHL.ITM : Opcode 321 à gérer.
BDGIANHL.ITM : Opcode 321 à gérer.
BDGIANHL.ITM : Opcode 321 à gérer.
BDGIANHL.ITM : Opcode 321 à gérer.
BDGIANHL.ITM : Opcode 321 à gérer.
BDGIANHL.ITM : Opcode 321 à gérer.
BDGIANHL.ITM : Opcode 318 : self avec parameter1 et parameter2 différent de 0
BDGOGH01.ITM : Opcode 318 : Immunité à une ressource (spl ou itm) différente de l'objet : BDSHA06A
BDGOGH01.ITM : Opcode 318 : self avec parameter1 et parameter2 différent de 0
BDGOGH02.ITM : Opcode 318 : self avec parameter1 et parameter2 différent de 0
BDGOGH02.ITM : Opcode 318 : self avec parameter1 et parameter2 différent de 0
BDHALB01.ITM : Opcode 321 à gérer.
BDHALB01.ITM : Opcode 321 à gérer.
BDHALB01.ITM : Opcode 321 à gérer.
BDHALB01.ITM : Opcode 321 à gérer.
BDHALB01.ITM : Opcode 321 à gérer.
BDHALB01.ITM : Opcode 321 à gérer.
BDHALB01.ITM : Opcode 321 à gérer.
BDHALB01.ITM : Opcode 321 à gérer.
BDHALB01.ITM : Opcode 321 à gérer.
BDHALB01.ITM : Opcode 321 à gérer.
BDHALB01.ITM : Opcode 321 à gérer.
BDHALB01.ITM : Opcode 321 à gérer.
BDHALB01.ITM : Opcode 318 : self avec parameter1 et parameter2 différent de 0
BDHALB02.ITM : Opcode 321 à gérer.
BDHALB02.ITM : Opcode 321 à gérer.
BDHALB02.ITM : Opcode 321 à gérer.
BDHALB02.ITM : Opcode 321 à gérer.
BDHALB02.ITM : Opcode 321 à gérer.
BDHALB02.ITM : Opcode 321 à gérer.
BDHALB02.ITM : Opcode 321 à gérer.
BDHALB02.ITM : Opcode 321 à gérer.
BDHALB02.ITM : Opcode 321 à gérer.
BDHALB02.ITM : Opcode 321 à gérer.
BDHALB02.ITM : Opcode 321 à gérer.
BDHALB02.ITM : Opcode 321 à gérer.
BDHALB02.ITM : Opcode 318 : self avec parameter1 et parameter2 différent de 0
BDHALB02.ITM : Opcode 318 : Immunité à une ressource (spl ou itm) différente de l'objet : BDFESTER
BDHALB02.ITM : Opcode 318 : Immunité à une ressource (spl ou itm) différente de l'objet : BDFESTER
BDHALB02.ITM : Opcode 318 : Immunité à une ressource (spl ou itm) différente de l'objet : BDFESTER
BDHALB02.ITM : Opcode 321 à gérer.
BDHALB03.ITM : Opcode 321 à gérer.
BDHALB03.ITM : Opcode 321 à gérer.
BDHALB03.ITM : Opcode 321 à gérer.
BDHALB03.ITM : Opcode 321 à gérer.
BDHALB03.ITM : Opcode 321 à gérer.
BDHALB03.ITM : Opcode 321 à gérer.
BDHALB03.ITM : Opcode 321 à gérer.
BDHALB03.ITM : Opcode 321 à gérer.
BDHALB03.ITM : Opcode 321 à gérer.
BDHALB03.ITM : Opcode 321 à gérer.
BDHALB03.ITM : Opcode 321 à gérer.
BDHALB03.ITM : Opcode 321 à gérer.
BDHALB03.ITM : Opcode 318 : self avec parameter1 et parameter2 différent de 0
BDHALB03.ITM : Unknown macro: opcode_target_326
BDHAMM06.ITM : Unknown macro: opcode_target_326
BDIMMGAS.ITM : Opcode 206 : La ressource spin642.spl n'existe pas.
BDMEPSUT.ITM : Opcode 206 : La ressource sppr215.spl n'existe pas.
BDMISC10.ITM : Opcode 318 : self avec parameter1 et parameter2 différent de 0
BDMISC10.ITM : Opcode 318 : self avec parameter1 et parameter2 différent de 0
BDMISC10.ITM : Opcode 318 : self avec parameter1 et parameter2 différent de 0
BDMISC10.ITM : Opcode 318 : self avec parameter1 et parameter2 différent de 0
BDMISC1B.ITM : opcode 101: Traduction 11010177 manquante
BDMISC1B.ITM : FAILURE: opcode 101: Not_found
BDMISC1C.ITM : opcode 101: Traduction 11010177 manquante
BDMISC1C.ITM : FAILURE: opcode 101: Not_found
BDNOBOW.ITM : Opcode 318 : self avec parameter1 et parameter2 différent de 0
BDNOBOW.ITM : Opcode 318 : self avec parameter1 et parameter2 différent de 0
BDPLAT01.ITM : opcode 326: Traduction 13260158 manquante
BDPLAT01.ITM : FAILURE: opcode 326: Not_found
BDPLAT01.ITM : FAILURE: opcode 177: Failure("Failure(\"Opcode 326: Not_found\")")
BDPLAT03.ITM : opcode 326: Traduction 13260158 manquante
BDPLAT03.ITM : FAILURE: opcode 326: Not_found
BDPLAT03.ITM : FAILURE: opcode 177: Failure("Failure(\"Opcode 326: Not_found\")")
BDPLAT04.ITM : opcode 326: Traduction 13260158 manquante
BDPLAT04.ITM : FAILURE: opcode 326: Not_found
BDPLAT04.ITM : FAILURE: opcode 177: Failure("Failure(\"Opcode 326: Not_found\")")
BDRING09.ITM : Opcode 206 : La ressource cdsw1h58.spl n'existe pas.
BDRING09.ITM : Opcode 206 : La ressource cdmound.spl n'existe pas.
BDRING09.ITM : Opcode 206 : La ressource cdhgnya1.spl n'existe pas.
BDSEMAHL.ITM : Opcode 321 à gérer.
BDSEMAHL.ITM : Opcode 321 à gérer.
BDSEMAHL.ITM : Opcode 321 à gérer.
BDSEMAHL.ITM : Opcode 321 à gérer.
BDSEMAHL.ITM : Opcode 321 à gérer.
BDSEMAHL.ITM : Opcode 321 à gérer.
BDSEMAHL.ITM : Opcode 321 à gérer.
BDSEMAHL.ITM : Opcode 321 à gérer.
BDSEMAHL.ITM : Opcode 321 à gérer.
BDSEMAHL.ITM : Opcode 321 à gérer.
BDSEMAHL.ITM : Opcode 321 à gérer.
BDSEMAHL.ITM : Opcode 321 à gérer.
BDSEMAHL.ITM : Opcode 318 : self avec parameter1 et parameter2 différent de 0
BDSHLD01.ITM : Opcode 318 : self avec parameter1 et parameter2 différent de 0
BDSHLD01.ITM : Opcode 318 : self avec parameter1 et parameter2 différent de 0
BDSHLD01.ITM : Opcode 318 : self avec parameter1 et parameter2 différent de 0
BDSHLD01.ITM : Opcode 318 : self avec parameter1 et parameter2 différent de 0
BDSHLD02.ITM : Opcode 318 : self avec parameter1 et parameter2 différent de 0
BDSHLD02.ITM : Opcode 318 : self avec parameter1 et parameter2 différent de 0
BDSHLD02.ITM : Opcode 318 : self avec parameter1 et parameter2 différent de 0
BDSHLD02.ITM : Opcode 318 : self avec parameter1 et parameter2 différent de 0
BDSHLD03.ITM : Opcode 318 : self avec parameter1 et parameter2 différent de 0
BDSHLD03.ITM : Opcode 318 : self avec parameter1 et parameter2 différent de 0
BDSHLD03.ITM : Opcode 318 : self avec parameter1 et parameter2 différent de 0
BDSHLD03.ITM : Opcode 318 : self avec parameter1 et parameter2 différent de 0
BDSHLD04.ITM : Opcode 318 : self avec parameter1 et parameter2 différent de 0
BDSHLD04.ITM : Opcode 318 : self avec parameter1 et parameter2 différent de 0
BDSHLD04.ITM : Opcode 318 : self avec parameter1 et parameter2 différent de 0
BDSHLD04.ITM : Opcode 318 : self avec parameter1 et parameter2 différent de 0
BDSHLD05.ITM : Opcode 318 : self avec parameter1 et parameter2 différent de 0
BDSHLD05.ITM : Opcode 318 : self avec parameter1 et parameter2 différent de 0
BDSHLD05.ITM : Opcode 318 : self avec parameter1 et parameter2 différent de 0
BDSHLD05.ITM : Opcode 318 : self avec parameter1 et parameter2 différent de 0
BDSHLD06.ITM : Opcode 318 : self avec parameter1 et parameter2 différent de 0
BDSHLD06.ITM : Opcode 318 : self avec parameter1 et parameter2 différent de 0
BDSHLD06.ITM : Opcode 318 : self avec parameter1 et parameter2 différent de 0
BDSHLD06.ITM : Opcode 318 : self avec parameter1 et parameter2 différent de 0
BDSHLD07.ITM : Opcode 318 : self avec parameter1 et parameter2 différent de 0
BDSHLD07.ITM : Opcode 318 : self avec parameter1 et parameter2 différent de 0
BDSHLD07.ITM : Opcode 318 : self avec parameter1 et parameter2 différent de 0
BDSHLD07.ITM : Opcode 318 : self avec parameter1 et parameter2 différent de 0
BDSHLD08.ITM : Opcode 318 : self avec parameter1 et parameter2 différent de 0
BDSHLD08.ITM : Opcode 318 : self avec parameter1 et parameter2 différent de 0
BDSHLD08.ITM : Opcode 318 : self avec parameter1 et parameter2 différent de 0
BDSHLD08.ITM : Opcode 318 : self avec parameter1 et parameter2 différent de 0
BDSHLDCA.ITM : Opcode 318 : self avec parameter1 et parameter2 différent de 0
BDSHLDCA.ITM : Opcode 318 : self avec parameter1 et parameter2 différent de 0
BDSHLDCA.ITM : Opcode 318 : self avec parameter1 et parameter2 différent de 0
BDSHLDCA.ITM : Opcode 318 : self avec parameter1 et parameter2 différent de 0
BDSHSTF1.ITM : Opcode 321 à gérer.
BDSHSTF1.ITM : Opcode 321 à gérer.
BDSHSTF1.ITM : Opcode 321 à gérer.
BDSHSTF1.ITM : Opcode 321 à gérer.
BDSHSTF1.ITM : Opcode 321 à gérer.
BDSHSTF1.ITM : Opcode 321 à gérer.
BDSHSTF1.ITM : Opcode 321 à gérer.
BDSHSTF1.ITM : Opcode 321 à gérer.
BDSHSTF1.ITM : Opcode 321 à gérer.
BDSHSTF1.ITM : Opcode 321 à gérer.
BDSHSTF1.ITM : Opcode 321 à gérer.
BDSHSTF1.ITM : Opcode 321 à gérer.
BDSHSTF1.ITM : Opcode 318 : self avec parameter1 et parameter2 différent de 0
BDSLNG01.ITM : Opcode 318 : self avec parameter1 et parameter2 différent de 0
BDSLNG01.ITM : Opcode 318 : self avec parameter1 et parameter2 différent de 0
BDSPER01.ITM : Opcode 321 à gérer.
BDSPER01.ITM : Opcode 321 à gérer.
BDSPER01.ITM : Opcode 321 à gérer.
BDSPER01.ITM : Opcode 321 à gérer.
BDSPER01.ITM : Opcode 321 à gérer.
BDSPER01.ITM : Opcode 321 à gérer.
BDSPER01.ITM : Opcode 321 à gérer.
BDSPER01.ITM : Opcode 321 à gérer.
BDSPER01.ITM : Opcode 321 à gérer.
BDSPER01.ITM : Opcode 321 à gérer.
BDSPER01.ITM : Opcode 321 à gérer.
BDSPER01.ITM : Opcode 321 à gérer.
BDSPER01.ITM : Opcode 318 : self avec parameter1 et parameter2 différent de 0
BDSTAF01.ITM : Opcode 321 à gérer.
BDSTAF01.ITM : Opcode 321 à gérer.
BDSTAF01.ITM : Opcode 321 à gérer.
BDSTAF01.ITM : Opcode 321 à gérer.
BDSTAF01.ITM : Opcode 321 à gérer.
BDSTAF01.ITM : Opcode 321 à gérer.
BDSTAF01.ITM : Opcode 321 à gérer.
BDSTAF01.ITM : Opcode 321 à gérer.
BDSTAF01.ITM : Opcode 321 à gérer.
BDSTAF01.ITM : Opcode 321 à gérer.
BDSTAF01.ITM : Opcode 321 à gérer.
BDSTAF01.ITM : Opcode 321 à gérer.
BDSTAF01.ITM : Opcode 318 : self avec parameter1 et parameter2 différent de 0
BDSTAF02.ITM : Opcode 321 à gérer.
BDSTAF02.ITM : Opcode 321 à gérer.
BDSTAF02.ITM : Opcode 321 à gérer.
BDSTAF02.ITM : Opcode 321 à gérer.
BDSTAF02.ITM : Opcode 321 à gérer.
BDSTAF02.ITM : Opcode 321 à gérer.
BDSTAF02.ITM : Opcode 321 à gérer.
BDSTAF02.ITM : Opcode 321 à gérer.
BDSTAF02.ITM : Opcode 321 à gérer.
BDSTAF02.ITM : Opcode 321 à gérer.
BDSTAF02.ITM : Opcode 321 à gérer.
BDSTAF02.ITM : Opcode 321 à gérer.
BDSTAF02.ITM : Opcode 318 : self avec parameter1 et parameter2 différent de 0
BDSTAF03.ITM : Opcode 321 à gérer.
BDSTAF03.ITM : Opcode 321 à gérer.
BDSTAF03.ITM : Opcode 321 à gérer.
BDSTAF03.ITM : Opcode 321 à gérer.
BDSTAF03.ITM : Opcode 321 à gérer.
BDSTAF03.ITM : Opcode 321 à gérer.
BDSTAF03.ITM : Opcode 321 à gérer.
BDSTAF03.ITM : Opcode 321 à gérer.
BDSTAF03.ITM : Opcode 321 à gérer.
BDSTAF03.ITM : Opcode 321 à gérer.
BDSTAF03.ITM : Opcode 321 à gérer.
BDSTAF03.ITM : Opcode 321 à gérer.
BDSTAF03.ITM : Opcode 318 : self avec parameter1 et parameter2 différent de 0
BDSW1H01.ITM : Opcode 321 à gérer.
BDSW1H01.ITM : Opcode 321 à gérer.
BDSW1H03.ITM : Unknown macro: opcode_target_326
BDSW1H03.ITM : FAILURE: opcode 341: Failure("Unknown macro: opcode_target_326")
BDSW1H08.ITM : Opcode 321 à gérer.
BDSW1H14.ITM : Opcode 321 à gérer.
BDSW1H21.ITM : Opcode 321 à gérer.
BDSW1H21.ITM : Opcode 321 à gérer.
BDSW1H21.ITM : Opcode 44: Unknow target : 9 
BDSW2H01.ITM : Opcode 321 à gérer.
BDSW2H01.ITM : Opcode 321 à gérer.
BDSW2H01.ITM : Opcode 321 à gérer.
BDSW2H01.ITM : Opcode 321 à gérer.
BDSW2H01.ITM : Opcode 321 à gérer.
BDSW2H01.ITM : Opcode 321 à gérer.
BDSW2H01.ITM : Opcode 321 à gérer.
BDSW2H01.ITM : Opcode 321 à gérer.
BDSW2H01.ITM : Opcode 321 à gérer.
BDSW2H01.ITM : Opcode 321 à gérer.
BDSW2H01.ITM : Opcode 321 à gérer.
BDSW2H01.ITM : Opcode 321 à gérer.
BDSW2H01.ITM : Opcode 318 : self avec parameter1 et parameter2 différent de 0
BDSW2H01.ITM : Opcode 321 à gérer.
BDSW2H02.ITM : Opcode 321 à gérer.
BDSW2H02.ITM : Opcode 321 à gérer.
BDSW2H02.ITM : Opcode 321 à gérer.
BDSW2H02.ITM : Opcode 321 à gérer.
BDSW2H02.ITM : Opcode 321 à gérer.
BDSW2H02.ITM : Opcode 321 à gérer.
BDSW2H02.ITM : Opcode 321 à gérer.
BDSW2H02.ITM : Opcode 321 à gérer.
BDSW2H02.ITM : Opcode 321 à gérer.
BDSW2H02.ITM : Opcode 321 à gérer.
BDSW2H02.ITM : Opcode 321 à gérer.
BDSW2H02.ITM : Opcode 321 à gérer.
BDSW2H02.ITM : Opcode 318 : self avec parameter1 et parameter2 différent de 0
BDSW2H02.ITM : Unknown macro: opcode_target_326
BDSW2H02.ITM : FAILURE: opcode 341: Failure("Unknown macro: opcode_target_326")
BDSW2H03.ITM : Opcode 321 à gérer.
BDSW2H03.ITM : Opcode 321 à gérer.
BDSW2H03.ITM : Opcode 321 à gérer.
BDSW2H03.ITM : Opcode 321 à gérer.
BDSW2H03.ITM : Opcode 321 à gérer.
BDSW2H03.ITM : Opcode 321 à gérer.
BDSW2H03.ITM : Opcode 321 à gérer.
BDSW2H03.ITM : Opcode 321 à gérer.
BDSW2H03.ITM : Opcode 321 à gérer.
BDSW2H03.ITM : Opcode 321 à gérer.
BDSW2H03.ITM : Opcode 321 à gérer.
BDSW2H03.ITM : Opcode 321 à gérer.
BDSW2H03.ITM : Opcode 318 : self avec parameter1 et parameter2 différent de 0
BDSW2HGH.ITM : Opcode 321 à gérer.
BDSW2HGH.ITM : Opcode 321 à gérer.
BDSW2HGH.ITM : Opcode 321 à gérer.
BDSW2HGH.ITM : Opcode 321 à gérer.
BDSW2HGH.ITM : Opcode 321 à gérer.
BDSW2HGH.ITM : Opcode 321 à gérer.
BDSW2HGH.ITM : Opcode 321 à gérer.
BDSW2HGH.ITM : Opcode 321 à gérer.
BDSW2HGH.ITM : Opcode 321 à gérer.
BDSW2HGH.ITM : Opcode 321 à gérer.
BDSW2HGH.ITM : Opcode 321 à gérer.
BDSW2HGH.ITM : Opcode 321 à gérer.
BDSW2HGH.ITM : Opcode 318 : self avec parameter1 et parameter2 différent de 0
BDXBOW01.ITM : Opcode 318 : self avec parameter1 et parameter2 différent de 0
BDXBOW01.ITM : Opcode 318 : self avec parameter1 et parameter2 différent de 0
BDXBOW02.ITM : Opcode 318 : self avec parameter1 et parameter2 différent de 0
BDXBOW02.ITM : Opcode 318 : self avec parameter1 et parameter2 différent de 0
BEHOLDER.ITM : Opcode 206 : La ressource cdsw1h58.spl n'existe pas.
BEHOLDER.ITM : Opcode 206 : La ressource cdmound.spl n'existe pas.
BEHOLDER.ITM : Opcode 206 : La ressource cdhgnya1.spl n'existe pas.
BHAALHP1.ITM : Opcode 206 : La ressource sareveff.spl n'existe pas.
BHAALIMM.ITM : Opcode 206 : La ressource sareveff.spl n'existe pas.
BOW01.ITM : Opcode 318 : self avec parameter1 et parameter2 différent de 0
BOW01.ITM : Opcode 318 : self avec parameter1 et parameter2 différent de 0
BOW02.ITM : Opcode 318 : self avec parameter1 et parameter2 différent de 0
BOW02.ITM : Opcode 318 : self avec parameter1 et parameter2 différent de 0
BOW03.ITM : Opcode 318 : self avec parameter1 et parameter2 différent de 0
BOW03.ITM : Opcode 318 : self avec parameter1 et parameter2 différent de 0
BOW04.ITM : Opcode 318 : self avec parameter1 et parameter2 différent de 0
BOW04.ITM : Opcode 318 : self avec parameter1 et parameter2 différent de 0
BOW05.ITM : Opcode 318 : self avec parameter1 et parameter2 différent de 0
BOW05.ITM : Opcode 318 : self avec parameter1 et parameter2 différent de 0
BOW06.ITM : Opcode 318 : self avec parameter1 et parameter2 différent de 0
BOW06.ITM : Opcode 318 : self avec parameter1 et parameter2 différent de 0
BOW07.ITM : Opcode 318 : self avec parameter1 et parameter2 différent de 0
BOW07.ITM : Opcode 318 : self avec parameter1 et parameter2 différent de 0
BOW08.ITM : Opcode 318 : self avec parameter1 et parameter2 différent de 0
BOW08.ITM : Opcode 318 : self avec parameter1 et parameter2 différent de 0
BOW09.ITM : Opcode 318 : self avec parameter1 et parameter2 différent de 0
BOW09.ITM : Opcode 318 : self avec parameter1 et parameter2 différent de 0
BOW16.ITM : Opcode 318 : self avec parameter1 et parameter2 différent de 0
BOW16.ITM : Opcode 318 : self avec parameter1 et parameter2 différent de 0
BOW17.ITM : Opcode 318 : self avec parameter1 et parameter2 différent de 0
BOW17.ITM : Opcode 318 : self avec parameter1 et parameter2 différent de 0
BOW18.ITM : Opcode 318 : self avec parameter1 et parameter2 différent de 0
BOW18.ITM : Opcode 318 : self avec parameter1 et parameter2 différent de 0
BOW99.ITM : Opcode 318 : self avec parameter1 et parameter2 différent de 0
BOW99.ITM : Opcode 318 : self avec parameter1 et parameter2 différent de 0
BOWNON.ITM : Opcode 318 : self avec parameter1 et parameter2 différent de 0
BOWNON.ITM : Opcode 318 : self avec parameter1 et parameter2 différent de 0
BOWPHEO.ITM : Opcode 318 : self avec parameter1 et parameter2 différent de 0
BOWPHEO.ITM : Opcode 318 : self avec parameter1 et parameter2 différent de 0
CATRING.ITM : FAILURE: opcode 1: Not_found
CATTAC1.ITM : Opcode 321 à gérer.
CATTAC1.ITM : Opcode 321 à gérer.
CATTAC1.ITM : Opcode 321 à gérer.
CATTAC1.ITM : Opcode 321 à gérer.
CATTAC1.ITM : Opcode 321 à gérer.
CATTAC1.ITM : Opcode 321 à gérer.
CATTAC1.ITM : Opcode 321 à gérer.
CATTAC1.ITM : Opcode 321 à gérer.
CATTAC1.ITM : Opcode 321 à gérer.
CATTAC1.ITM : Opcode 321 à gérer.
CATTAC1.ITM : Opcode 321 à gérer.
CATTAC1.ITM : Opcode 321 à gérer.
CATTAC1.ITM : Opcode 318 : self avec parameter1 et parameter2 différent de 0
CHALCY3.ITM : Opcode 321 à gérer.
CHALCY3.ITM : Opcode 321 à gérer.
CLCK04.ITM : Opcode 172 : La ressource spinhum.spl n'existe pas.
CLCK24.ITM : Opcode 197 : Réflection du type de projectile '205'
CLCK24.ITM : Opcode 197 : Réflection du type de projectile '320'
COMPB05.ITM : Opcode 318 : self avec parameter1 et parameter2 différent de 0
COMPB05.ITM : Opcode 318 : self avec parameter1 et parameter2 différent de 0
COMPB06.ITM : Opcode 318 : self avec parameter1 et parameter2 différent de 0
COMPB06.ITM : Opcode 318 : self avec parameter1 et parameter2 différent de 0
COMPB08.ITM : Opcode 318 : self avec parameter1 et parameter2 différent de 0
COMPB08.ITM : Opcode 318 : self avec parameter1 et parameter2 différent de 0
COMPB18.ITM : Opcode 318 : self avec parameter1 et parameter2 différent de 0
COMPB18.ITM : Opcode 318 : self avec parameter1 et parameter2 différent de 0
DART01.ITM : Opcode 318 : self avec parameter1 et parameter2 différent de 0
DART01.ITM : Opcode 318 : self avec parameter1 et parameter2 différent de 0
DART02.ITM : Opcode 318 : self avec parameter1 et parameter2 différent de 0
DART02.ITM : Opcode 318 : self avec parameter1 et parameter2 différent de 0
DART03.ITM : Opcode 318 : self avec parameter1 et parameter2 différent de 0
DART03.ITM : Opcode 318 : self avec parameter1 et parameter2 différent de 0
DART04.ITM : Opcode 318 : self avec parameter1 et parameter2 différent de 0
DART04.ITM : Opcode 318 : self avec parameter1 et parameter2 différent de 0
DART05.ITM : Opcode 318 : self avec parameter1 et parameter2 différent de 0
DART05.ITM : Opcode 318 : self avec parameter1 et parameter2 différent de 0
DART09.ITM : Opcode 318 : self avec parameter1 et parameter2 différent de 0
DART09.ITM : Opcode 318 : self avec parameter1 et parameter2 différent de 0
DART10.ITM : Opcode 318 : self avec parameter1 et parameter2 différent de 0
DART10.ITM : Opcode 318 : self avec parameter1 et parameter2 différent de 0
DART11.ITM : Opcode 318 : self avec parameter1 et parameter2 différent de 0
DART11.ITM : Opcode 318 : self avec parameter1 et parameter2 différent de 0
DEMOSUM4.ITM : Opcode 321 à gérer.
DEMOSUM4.ITM : Opcode 321 à gérer.
DEMOSUM4.ITM : Opcode 321 à gérer.
DEMOSUM4.ITM : Opcode 321 à gérer.
DEMOSUM4.ITM : Opcode 321 à gérer.
DEMOSUM4.ITM : Opcode 321 à gérer.
DEMOSUM4.ITM : Opcode 321 à gérer.
DEMOSUM4.ITM : Opcode 321 à gérer.
DEMOSUM4.ITM : Opcode 321 à gérer.
DEMOSUM4.ITM : Opcode 321 à gérer.
DEMOSUM4.ITM : Opcode 321 à gérer.
DEMOSUM4.ITM : Opcode 321 à gérer.
DRAGRING.ITM : Opcode 206 : La ressource cdsw1h58.spl n'existe pas.
DRAGRING.ITM : Opcode 206 : La ressource cdmound.spl n'existe pas.
DRAGRING.ITM : Opcode 206 : La ressource cdhgnya1.spl n'existe pas.
DSHLD01.ITM : Opcode 318 : self avec parameter1 et parameter2 différent de 0
DSHLD01.ITM : Opcode 318 : self avec parameter1 et parameter2 différent de 0
DSHLD01.ITM : Opcode 318 : self avec parameter1 et parameter2 différent de 0
DSHLD01.ITM : Opcode 318 : self avec parameter1 et parameter2 différent de 0
DWDART01.ITM : Opcode 318 : self avec parameter1 et parameter2 différent de 0
DWDART01.ITM : Opcode 318 : self avec parameter1 et parameter2 différent de 0
DWPLAT01.ITM : opcode 326: Traduction 13260158 manquante
DWPLAT01.ITM : FAILURE: opcode 326: Not_found
DWPLAT01.ITM : FAILURE: opcode 177: Failure("Failure(\"Opcode 326: Not_found\")")
DWSHLD01.ITM : Opcode 318 : self avec parameter1 et parameter2 différent de 0
DWSHLD01.ITM : Opcode 318 : self avec parameter1 et parameter2 différent de 0
DWSHLD01.ITM : Opcode 318 : self avec parameter1 et parameter2 différent de 0
DWSHLD01.ITM : Opcode 318 : self avec parameter1 et parameter2 différent de 0
DWSPER01.ITM : Opcode 321 à gérer.
DWSPER01.ITM : Opcode 321 à gérer.
DWSPER01.ITM : Opcode 321 à gérer.
DWSPER01.ITM : Opcode 321 à gérer.
DWSPER01.ITM : Opcode 321 à gérer.
DWSPER01.ITM : Opcode 321 à gérer.
DWSPER01.ITM : Opcode 321 à gérer.
DWSPER01.ITM : Opcode 321 à gérer.
DWSPER01.ITM : Opcode 321 à gérer.
DWSPER01.ITM : Opcode 321 à gérer.
DWSPER01.ITM : Opcode 321 à gérer.
DWSPER01.ITM : Opcode 321 à gérer.
DWSPER01.ITM : Opcode 318 : self avec parameter1 et parameter2 différent de 0
DWXBOW01.ITM : Opcode 318 : self avec parameter1 et parameter2 différent de 0
DWXBOW01.ITM : Opcode 318 : self avec parameter1 et parameter2 différent de 0
ENEBLADE.ITM : Opcode 318 : self avec parameter1 et parameter2 différent de 0
ENEBLADE.ITM : Opcode 318 : self avec parameter1 et parameter2 différent de 0
ENSTAFF.ITM : Opcode 321 à gérer.
ENSTAFF.ITM : Opcode 321 à gérer.
ENSTAFF.ITM : Opcode 321 à gérer.
ENSTAFF.ITM : Opcode 321 à gérer.
ENSTAFF.ITM : Opcode 321 à gérer.
ENSTAFF.ITM : Opcode 321 à gérer.
ENSTAFF.ITM : Opcode 321 à gérer.
ENSTAFF.ITM : Opcode 321 à gérer.
ENSTAFF.ITM : Opcode 321 à gérer.
ENSTAFF.ITM : Opcode 321 à gérer.
ENSTAFF.ITM : Opcode 321 à gérer.
ENSTAFF.ITM : Opcode 321 à gérer.
ENSTAFF.ITM : Opcode 318 : self avec parameter1 et parameter2 différent de 0
ETTERC.ITM : Opcode 318 : self avec parameter1 et parameter2 différent de 0
ETTERC.ITM : Opcode 318 : self avec parameter1 et parameter2 différent de 0
FINMEL01.ITM : Opcode 206 : La ressource sareveff.spl n'existe pas.
FINSOL01.ITM : Opcode 318 : self avec parameter1 et parameter2 différent de 0
FINSOL01.ITM : Opcode 318 : self avec parameter1 et parameter2 différent de 0
FREERING.ITM : Opcode 206 : La ressource cdsw1h58.spl n'existe pas.
FREERING.ITM : Opcode 206 : La ressource cdmound.spl n'existe pas.
FREERING.ITM : Opcode 206 : La ressource cdhgnya1.spl n'existe pas.
FSSPIR.ITM : Opcode 206 : La ressource spwish27.spl n'existe pas.
FSSPIR.ITM : Opcode 206 : La ressource spwish32.spl n'existe pas.
FSSPIR.ITM : Opcode 206 : La ressource spwish35.spl n'existe pas.
FSSPIR.ITM : Opcode 206 : La ressource sppr725d.spl n'existe pas.
FSSPIR.ITM : Opcode 206 : La ressource cdsw1h58.spl n'existe pas.
FSSPIR.ITM : Opcode 206 : La ressource cdmound.spl n'existe pas.
FSSPIR.ITM : Opcode 206 : La ressource cdhgnya1.spl n'existe pas.
GBASIL.ITM : Opcode 318 : self avec parameter1 et parameter2 différent de 0
GBASIL.ITM : Opcode 318 : self avec parameter1 et parameter2 différent de 0
GIAFIR2.ITM : Opcode 321 à gérer.
GIAFIR2.ITM : Opcode 321 à gérer.
GIAFIR2.ITM : Opcode 321 à gérer.
GIAFIR2.ITM : Opcode 321 à gérer.
GIAFIR2.ITM : Opcode 321 à gérer.
GIAFIR2.ITM : Opcode 321 à gérer.
GIAFIR2.ITM : Opcode 321 à gérer.
GIAFIR2.ITM : Opcode 321 à gérer.
GIAFIR2.ITM : Opcode 321 à gérer.
GIAFIR2.ITM : Opcode 321 à gérer.
GIAFIR2.ITM : Opcode 321 à gérer.
GIAFIR2.ITM : Opcode 321 à gérer.
GIAFIR2.ITM : Opcode 318 : self avec parameter1 et parameter2 différent de 0
GISPID.ITM : Opcode 318 : self avec parameter1 et parameter2 différent de 0
GISPID.ITM : Opcode 318 : self avec parameter1 et parameter2 différent de 0
GODBOW.ITM : Opcode 318 : self avec parameter1 et parameter2 différent de 0
GODBOW.ITM : Opcode 318 : self avec parameter1 et parameter2 différent de 0
GORAIR.ITM : Opcode 206 : La ressource spwi025.spl n'existe pas.
GORAIR.ITM : Opcode 206 : La ressource spwi026.spl n'existe pas.
GORAIR.ITM : Opcode 206 : La ressource spwi027.spl n'existe pas.
GORAIR.ITM : Opcode 206 : La ressource spin643.spl n'existe pas.
GORCHR.ITM : Opcode 206 : La ressource cdsw1h58.spl n'existe pas.
GORCHR.ITM : Opcode 206 : La ressource cdmound.spl n'existe pas.
GORCHR.ITM : Opcode 206 : La ressource cdhgnya1.spl n'existe pas.
GORCHR.ITM : Opcode 206 : La ressource sppr730.spl n'existe pas.
GORCHR.ITM : Opcode 206 : La ressource sppr730d.spl n'existe pas.
GORMISTI.ITM : Opcode 206 : La ressource spin628.spl n'existe pas.
GORMISTI.ITM : Opcode 206 : La ressource spin616.spl n'existe pas.
GORMISTP.ITM : Opcode 206 : La ressource spin642.spl n'existe pas.
HALB01.ITM : Opcode 321 à gérer.
HALB01.ITM : Opcode 321 à gérer.
HALB01.ITM : Opcode 321 à gérer.
HALB01.ITM : Opcode 321 à gérer.
HALB01.ITM : Opcode 321 à gérer.
HALB01.ITM : Opcode 321 à gérer.
HALB01.ITM : Opcode 321 à gérer.
HALB01.ITM : Opcode 321 à gérer.
HALB01.ITM : Opcode 321 à gérer.
HALB01.ITM : Opcode 321 à gérer.
HALB01.ITM : Opcode 321 à gérer.
HALB01.ITM : Opcode 321 à gérer.
HALB01.ITM : Opcode 318 : self avec parameter1 et parameter2 différent de 0
HALB01Q.ITM : Opcode 321 à gérer.
HALB01Q.ITM : Opcode 321 à gérer.
HALB01Q.ITM : Opcode 321 à gérer.
HALB01Q.ITM : Opcode 321 à gérer.
HALB01Q.ITM : Opcode 321 à gérer.
HALB01Q.ITM : Opcode 321 à gérer.
HALB01Q.ITM : Opcode 321 à gérer.
HALB01Q.ITM : Opcode 321 à gérer.
HALB01Q.ITM : Opcode 321 à gérer.
HALB01Q.ITM : Opcode 321 à gérer.
HALB01Q.ITM : Opcode 321 à gérer.
HALB01Q.ITM : Opcode 321 à gérer.
HALB01Q.ITM : Opcode 318 : self avec parameter1 et parameter2 différent de 0
HALB02.ITM : Opcode 321 à gérer.
HALB02.ITM : Opcode 321 à gérer.
HALB02.ITM : Opcode 321 à gérer.
HALB02.ITM : Opcode 321 à gérer.
HALB02.ITM : Opcode 321 à gérer.
HALB02.ITM : Opcode 321 à gérer.
HALB02.ITM : Opcode 321 à gérer.
HALB02.ITM : Opcode 321 à gérer.
HALB02.ITM : Opcode 321 à gérer.
HALB02.ITM : Opcode 321 à gérer.
HALB02.ITM : Opcode 321 à gérer.
HALB02.ITM : Opcode 321 à gérer.
HALB02.ITM : Opcode 318 : self avec parameter1 et parameter2 différent de 0
HALB03.ITM : Opcode 321 à gérer.
HALB03.ITM : Opcode 321 à gérer.
HALB03.ITM : Opcode 321 à gérer.
HALB03.ITM : Opcode 321 à gérer.
HALB03.ITM : Opcode 321 à gérer.
HALB03.ITM : Opcode 321 à gérer.
HALB03.ITM : Opcode 321 à gérer.
HALB03.ITM : Opcode 321 à gérer.
HALB03.ITM : Opcode 321 à gérer.
HALB03.ITM : Opcode 321 à gérer.
HALB03.ITM : Opcode 321 à gérer.
HALB03.ITM : Opcode 321 à gérer.
HALB03.ITM : Opcode 318 : self avec parameter1 et parameter2 différent de 0
HALB07.ITM : Opcode 321 à gérer.
HALB07.ITM : Opcode 321 à gérer.
HALB07.ITM : Opcode 321 à gérer.
HALB07.ITM : Opcode 321 à gérer.
HALB07.ITM : Opcode 321 à gérer.
HALB07.ITM : Opcode 321 à gérer.
HALB07.ITM : Opcode 321 à gérer.
HALB07.ITM : Opcode 321 à gérer.
HALB07.ITM : Opcode 321 à gérer.
HALB07.ITM : Opcode 321 à gérer.
HALB07.ITM : Opcode 321 à gérer.
HALB07.ITM : Opcode 321 à gérer.
HALB07.ITM : Opcode 318 : self avec parameter1 et parameter2 différent de 0
HALB13.ITM : Opcode 321 à gérer.
HALB13.ITM : Opcode 321 à gérer.
HALB13.ITM : Opcode 321 à gérer.
HALB13.ITM : Opcode 321 à gérer.
HALB13.ITM : Opcode 321 à gérer.
HALB13.ITM : Opcode 321 à gérer.
HALB13.ITM : Opcode 321 à gérer.
HALB13.ITM : Opcode 321 à gérer.
HALB13.ITM : Opcode 321 à gérer.
HALB13.ITM : Opcode 321 à gérer.
HALB13.ITM : Opcode 321 à gérer.
HALB13.ITM : Opcode 321 à gérer.
HALB13.ITM : Opcode 318 : self avec parameter1 et parameter2 différent de 0
HALBRD01.ITM : Opcode 321 à gérer.
HALBRD01.ITM : Opcode 321 à gérer.
HALBRD01.ITM : Opcode 321 à gérer.
HALBRD01.ITM : Opcode 321 à gérer.
HALBRD01.ITM : Opcode 321 à gérer.
HALBRD01.ITM : Opcode 321 à gérer.
HALBRD01.ITM : Opcode 321 à gérer.
HALBRD01.ITM : Opcode 321 à gérer.
HALBRD01.ITM : Opcode 321 à gérer.
HALBRD01.ITM : Opcode 321 à gérer.
HALBRD01.ITM : Opcode 321 à gérer.
HALBRD01.ITM : Opcode 321 à gérer.
HALBRD01.ITM : Opcode 318 : self avec parameter1 et parameter2 différent de 0
HARM.ITM : FAILURE: opcode 12: Failure("HARM.ITM : Type de degat '4194305' pour le opcode 12 pas encore gere")
HELM35.ITM : Opcode 83: TODO: self_probability
HGBER01.ITM : Opcode 321 à gérer.
HGBER01.ITM : Opcode 321 à gérer.
HGBER01.ITM : Opcode 321 à gérer.
HGBER01.ITM : Opcode 321 à gérer.
HGBER01.ITM : Opcode 321 à gérer.
HGBER01.ITM : Opcode 321 à gérer.
HGBER01.ITM : Opcode 321 à gérer.
HGBER01.ITM : Opcode 321 à gérer.
HGBER01.ITM : Opcode 321 à gérer.
HGBER01.ITM : Opcode 321 à gérer.
HGBER01.ITM : Opcode 321 à gérer.
HGBER01.ITM : Opcode 321 à gérer.
HGBER01.ITM : Opcode 318 : self avec parameter1 et parameter2 différent de 0
HGNYA01.ITM : Opcode 321 à gérer.
HGNYA01.ITM : Opcode 321 à gérer.
HGNYA01.ITM : Opcode 321 à gérer.
HGNYA01.ITM : Opcode 321 à gérer.
HGNYA01.ITM : Opcode 321 à gérer.
HGNYA01.ITM : Opcode 321 à gérer.
HGNYA01.ITM : Opcode 321 à gérer.
HGNYA01.ITM : Opcode 321 à gérer.
HGNYA01.ITM : Opcode 321 à gérer.
HGNYA01.ITM : Opcode 321 à gérer.
HGNYA01.ITM : Opcode 321 à gérer.
HGNYA01.ITM : Opcode 321 à gérer.
HGNYA01.ITM : Opcode 318 : self avec parameter1 et parameter2 différent de 0
HGSALF.ITM : Opcode 321 à gérer.
HGSALF.ITM : Opcode 321 à gérer.
HGSALF.ITM : Opcode 321 à gérer.
HGSALF.ITM : Opcode 321 à gérer.
HGSALF.ITM : Opcode 321 à gérer.
HGSALF.ITM : Opcode 321 à gérer.
HGSALF.ITM : Opcode 321 à gérer.
HGSALF.ITM : Opcode 321 à gérer.
HGSALF.ITM : Opcode 321 à gérer.
HGSALF.ITM : Opcode 321 à gérer.
HGSALF.ITM : Opcode 321 à gérer.
HGSALF.ITM : Opcode 321 à gérer.
HGSALF.ITM : Opcode 318 : self avec parameter1 et parameter2 différent de 0
HGWRA01.ITM : Opcode 321 à gérer.
HGWRA01.ITM : Opcode 321 à gérer.
HGWRA01.ITM : Opcode 321 à gérer.
HGWRA01.ITM : Opcode 321 à gérer.
HGWRA01.ITM : Opcode 321 à gérer.
HGWRA01.ITM : Opcode 321 à gérer.
HGWRA01.ITM : Opcode 321 à gérer.
HGWRA01.ITM : Opcode 321 à gérer.
HGWRA01.ITM : Opcode 321 à gérer.
HGWRA01.ITM : Opcode 321 à gérer.
HGWRA01.ITM : Opcode 321 à gérer.
HGWRA01.ITM : Opcode 321 à gérer.
HGWRA01.ITM : Opcode 318 : self avec parameter1 et parameter2 différent de 0
HOLDRING.ITM : Opcode 206 : La ressource spwish27.spl n'existe pas.
HOLDRING.ITM : Opcode 206 : La ressource spwish32.spl n'existe pas.
HOLDRING.ITM : Opcode 206 : La ressource spwish35.spl n'existe pas.
HOLDRING.ITM : Opcode 206 : La ressource sppr725d.spl n'existe pas.
HOLDRING.ITM : Opcode 206 : La ressource cdsw1h58.spl n'existe pas.
HOLDRING.ITM : Opcode 206 : La ressource cdmound.spl n'existe pas.
HOLDRING.ITM : Opcode 206 : La ressource cdhgnya1.spl n'existe pas.
HUSPID.ITM : Opcode 318 : self avec parameter1 et parameter2 différent de 0
HUSPID.ITM : Opcode 318 : self avec parameter1 et parameter2 différent de 0
IBOW03.ITM : Opcode 318 : self avec parameter1 et parameter2 différent de 0
IBOW03.ITM : Opcode 318 : self avec parameter1 et parameter2 différent de 0
IDART01.ITM : Opcode 318 : self avec parameter1 et parameter2 différent de 0
IDART01.ITM : Opcode 318 : self avec parameter1 et parameter2 différent de 0
IMMCLOUD.ITM : Opcode 83 : Type de projectile '94'
IMMUNE3.ITM : Opcode 233: Proficiency not found : 128
INVULNER.ITM : Opcode 206 : La ressource spwish27.spl n'existe pas.
INVULNER.ITM : Opcode 206 : La ressource spwish32.spl n'existe pas.
INVULNER.ITM : Opcode 206 : La ressource spwish35.spl n'existe pas.
INVULNER.ITM : Opcode 206 : La ressource sppr725d.spl n'existe pas.
INVULNER.ITM : Opcode 206 : La ressource cdsw1h58.spl n'existe pas.
INVULNER.ITM : Opcode 206 : La ressource cdmound.spl n'existe pas.
INVULNER.ITM : Opcode 206 : La ressource cdhgnya1.spl n'existe pas.
IPLAT01.ITM : opcode 326: Traduction 13260158 manquante
IPLAT01.ITM : FAILURE: opcode 326: Not_found
IPLAT01.ITM : FAILURE: opcode 177: Failure("Failure(\"Opcode 326: Not_found\")")
IPSION.ITM : Opcode 321 à gérer.
IPSION.ITM : Opcode 321 à gérer.
ISHLD02.ITM : Opcode 318 : self avec parameter1 et parameter2 différent de 0
ISHLD02.ITM : Opcode 318 : self avec parameter1 et parameter2 différent de 0
ISHLD02.ITM : Opcode 318 : self avec parameter1 et parameter2 différent de 0
ISHLD02.ITM : Opcode 318 : self avec parameter1 et parameter2 différent de 0
ISHLD03.ITM : Opcode 318 : self avec parameter1 et parameter2 différent de 0
ISHLD03.ITM : Opcode 318 : self avec parameter1 et parameter2 différent de 0
ISHLD03.ITM : Opcode 318 : self avec parameter1 et parameter2 différent de 0
ISHLD03.ITM : Opcode 318 : self avec parameter1 et parameter2 différent de 0
JWSUPER.ITM : Opcode 206 : La ressource cdsw1h58.spl n'existe pas.
JWSUPER.ITM : Opcode 206 : La ressource cdmound.spl n'existe pas.
JWSUPER.ITM : Opcode 206 : La ressource cdhgnya1.spl n'existe pas.
MAGE05.ITM : Opcode 206 : La ressource cdsw1h58.spl n'existe pas.
MAGE05.ITM : Opcode 206 : La ressource cdmound.spl n'existe pas.
MAGE05.ITM : Opcode 206 : La ressource cdhgnya1.spl n'existe pas.
MAGEAMUL.ITM : Opcode 112 à gérer.
MOPROF.ITM : Opcode 321 à gérer.
OHDART50.ITM : Opcode 318 : self avec parameter1 et parameter2 différent de 0
OHDART50.ITM : Opcode 318 : self avec parameter1 et parameter2 différent de 0
OHPLAT50.ITM : opcode 326: Traduction 13260158 manquante
OHPLAT50.ITM : FAILURE: opcode 326: Not_found
OHPLAT50.ITM : FAILURE: opcode 177: Failure("Failure(\"Opcode 326: Not_found\")")
OHSHLD50.ITM : Opcode 318 : self avec parameter1 et parameter2 différent de 0
OHSHLD50.ITM : Opcode 318 : self avec parameter1 et parameter2 différent de 0
OHSHLD50.ITM : Opcode 318 : self avec parameter1 et parameter2 différent de 0
OHSHLD50.ITM : Opcode 318 : self avec parameter1 et parameter2 différent de 0
PHSPID.ITM : Opcode 318 : self avec parameter1 et parameter2 différent de 0
PHSPID.ITM : Opcode 318 : self avec parameter1 et parameter2 différent de 0
PLAT01.ITM : opcode 326: Traduction 13260158 manquante
PLAT01.ITM : FAILURE: opcode 326: Not_found
PLAT01.ITM : FAILURE: opcode 177: Failure("Failure(\"Opcode 326: Not_found\")")
PLAT02.ITM : opcode 326: Traduction 13260158 manquante
PLAT02.ITM : FAILURE: opcode 326: Not_found
PLAT02.ITM : FAILURE: opcode 177: Failure("Failure(\"Opcode 326: Not_found\")")
PLAT04.ITM : opcode 326: Traduction 13260158 manquante
PLAT04.ITM : FAILURE: opcode 326: Not_found
PLAT04.ITM : FAILURE: opcode 177: Failure("Failure(\"Opcode 326: Not_found\")")
PLAT05.ITM : opcode 326: Traduction 13260158 manquante
PLAT05.ITM : FAILURE: opcode 326: Not_found
PLAT05.ITM : FAILURE: opcode 177: Failure("Failure(\"Opcode 326: Not_found\")")
PLAT06.ITM : opcode 326: Traduction 13260158 manquante
PLAT06.ITM : FAILURE: opcode 326: Not_found
PLAT06.ITM : FAILURE: opcode 177: Failure("Failure(\"Opcode 326: Not_found\")")
PLAT07.ITM : opcode 326: Traduction 13260158 manquante
PLAT07.ITM : FAILURE: opcode 326: Not_found
PLAT07.ITM : FAILURE: opcode 177: Failure("Failure(\"Opcode 326: Not_found\")")
PLAT08.ITM : opcode 326: Traduction 13260158 manquante
PLAT08.ITM : FAILURE: opcode 326: Not_found
PLAT08.ITM : FAILURE: opcode 177: Failure("Failure(\"Opcode 326: Not_found\")")
PLAT10.ITM : opcode 326: Traduction 13260158 manquante
PLAT10.ITM : FAILURE: opcode 326: Not_found
PLAT10.ITM : FAILURE: opcode 177: Failure("Failure(\"Opcode 326: Not_found\")")
PLAT14.ITM : opcode 326: Traduction 13260158 manquante
PLAT14.ITM : FAILURE: opcode 326: Not_found
PLAT14.ITM : FAILURE: opcode 177: Failure("Failure(\"Opcode 326: Not_found\")")
PLAT24.ITM : opcode 326: Traduction 13260158 manquante
PLAT24.ITM : FAILURE: opcode 326: Not_found
PLAT24.ITM : FAILURE: opcode 177: Failure("Failure(\"Opcode 326: Not_found\")")
PLAT98.ITM : opcode 326: Traduction 13260158 manquante
PLAT98.ITM : FAILURE: opcode 326: Not_found
PLAT98.ITM : FAILURE: opcode 177: Failure("Failure(\"Opcode 326: Not_found\")")
PLAT99.ITM : opcode 326: Traduction 13260158 manquante
PLAT99.ITM : FAILURE: opcode 326: Not_found
PLAT99.ITM : FAILURE: opcode 177: Failure("Failure(\"Opcode 326: Not_found\")")
PLYJELLY.ITM : Opcode 318 : La ressource wand13.spl n'existe pas.
PLYWYVRN.ITM : Opcode 206 : La ressource cdhgnya1.spl n'existe pas.
PLYWYVRN.ITM : Opcode 206 : La ressource cdmound.spl n'existe pas.
PLYWYVRN.ITM : Opcode 206 : La ressource cdsw1h58.spl n'existe pas.
PSTAFM0.ITM : Opcode 321 à gérer.
PSTAFM0.ITM : Opcode 321 à gérer.
PSTAFM0.ITM : Opcode 321 à gérer.
PSTAFM0.ITM : Opcode 321 à gérer.
PSTAFM0.ITM : Opcode 321 à gérer.
PSTAFM0.ITM : Opcode 321 à gérer.
PSTAFM0.ITM : Opcode 321 à gérer.
PSTAFM0.ITM : Opcode 321 à gérer.
PSTAFM0.ITM : Opcode 321 à gérer.
PSTAFM0.ITM : Opcode 321 à gérer.
PSTAFM0.ITM : Opcode 321 à gérer.
PSTAFM0.ITM : Opcode 321 à gérer.
PSTAFM0.ITM : Opcode 318 : self avec parameter1 et parameter2 différent de 0
PSTAFM0B.ITM : Opcode 321 à gérer.
PSTAFM0B.ITM : Opcode 321 à gérer.
PSTAFM0B.ITM : Opcode 321 à gérer.
PSTAFM0B.ITM : Opcode 321 à gérer.
PSTAFM0B.ITM : Opcode 321 à gérer.
PSTAFM0B.ITM : Opcode 321 à gérer.
PSTAFM0B.ITM : Opcode 321 à gérer.
PSTAFM0B.ITM : Opcode 321 à gérer.
PSTAFM0B.ITM : Opcode 321 à gérer.
PSTAFM0B.ITM : Opcode 321 à gérer.
PSTAFM0B.ITM : Opcode 321 à gérer.
PSTAFM0B.ITM : Opcode 321 à gérer.
PSTAFM0B.ITM : Opcode 318 : self avec parameter1 et parameter2 différent de 0
PSTAFM0C.ITM : Opcode 321 à gérer.
PSTAFM0C.ITM : Opcode 321 à gérer.
PSTAFM0C.ITM : Opcode 321 à gérer.
PSTAFM0C.ITM : Opcode 321 à gérer.
PSTAFM0C.ITM : Opcode 321 à gérer.
PSTAFM0C.ITM : Opcode 321 à gérer.
PSTAFM0C.ITM : Opcode 321 à gérer.
PSTAFM0C.ITM : Opcode 321 à gérer.
PSTAFM0C.ITM : Opcode 321 à gérer.
PSTAFM0C.ITM : Opcode 321 à gérer.
PSTAFM0C.ITM : Opcode 321 à gérer.
PSTAFM0C.ITM : Opcode 321 à gérer.
PSTAFM0C.ITM : Opcode 318 : self avec parameter1 et parameter2 différent de 0
PSTAFM0D.ITM : Opcode 321 à gérer.
PSTAFM0D.ITM : Opcode 321 à gérer.
PSTAFM0D.ITM : Opcode 321 à gérer.
PSTAFM0D.ITM : Opcode 321 à gérer.
PSTAFM0D.ITM : Opcode 321 à gérer.
PSTAFM0D.ITM : Opcode 321 à gérer.
PSTAFM0D.ITM : Opcode 321 à gérer.
PSTAFM0D.ITM : Opcode 321 à gérer.
PSTAFM0D.ITM : Opcode 321 à gérer.
PSTAFM0D.ITM : Opcode 321 à gérer.
PSTAFM0D.ITM : Opcode 321 à gérer.
PSTAFM0D.ITM : Opcode 321 à gérer.
PSTAFM0D.ITM : Opcode 318 : self avec parameter1 et parameter2 différent de 0
PSTAFM0E.ITM : Opcode 321 à gérer.
PSTAFM0E.ITM : Opcode 321 à gérer.
PSTAFM0E.ITM : Opcode 321 à gérer.
PSTAFM0E.ITM : Opcode 321 à gérer.
PSTAFM0E.ITM : Opcode 321 à gérer.
PSTAFM0E.ITM : Opcode 321 à gérer.
PSTAFM0E.ITM : Opcode 321 à gérer.
PSTAFM0E.ITM : Opcode 321 à gérer.
PSTAFM0E.ITM : Opcode 321 à gérer.
PSTAFM0E.ITM : Opcode 321 à gérer.
PSTAFM0E.ITM : Opcode 321 à gérer.
PSTAFM0E.ITM : Opcode 321 à gérer.
PSTAFM0E.ITM : Opcode 318 : self avec parameter1 et parameter2 différent de 0
PSTAFM1.ITM : Opcode 321 à gérer.
PSTAFM1.ITM : Opcode 321 à gérer.
PSTAFM1.ITM : Opcode 321 à gérer.
PSTAFM1.ITM : Opcode 321 à gérer.
PSTAFM1.ITM : Opcode 321 à gérer.
PSTAFM1.ITM : Opcode 321 à gérer.
PSTAFM1.ITM : Opcode 321 à gérer.
PSTAFM1.ITM : Opcode 321 à gérer.
PSTAFM1.ITM : Opcode 321 à gérer.
PSTAFM1.ITM : Opcode 321 à gérer.
PSTAFM1.ITM : Opcode 321 à gérer.
PSTAFM1.ITM : Opcode 321 à gérer.
PSTAFM1.ITM : Opcode 318 : self avec parameter1 et parameter2 différent de 0
PSTAFM2.ITM : Opcode 321 à gérer.
PSTAFM2.ITM : Opcode 321 à gérer.
PSTAFM2.ITM : Opcode 321 à gérer.
PSTAFM2.ITM : Opcode 321 à gérer.
PSTAFM2.ITM : Opcode 321 à gérer.
PSTAFM2.ITM : Opcode 321 à gérer.
PSTAFM2.ITM : Opcode 321 à gérer.
PSTAFM2.ITM : Opcode 321 à gérer.
PSTAFM2.ITM : Opcode 321 à gérer.
PSTAFM2.ITM : Opcode 321 à gérer.
PSTAFM2.ITM : Opcode 321 à gérer.
PSTAFM2.ITM : Opcode 321 à gérer.
PSTAFM2.ITM : Opcode 318 : self avec parameter1 et parameter2 différent de 0
RAKRING.ITM : Opcode 206 : La ressource sppr725d.spl n'existe pas.
RING09.ITM : Opcode 206 : La ressource cdsw1h58.spl n'existe pas.
RING09.ITM : Opcode 206 : La ressource cdmound.spl n'existe pas.
RING09.ITM : Opcode 206 : La ressource cdhgnya1.spl n'existe pas.
RING97.ITM : Opcode 206 : La ressource cdsw1h58.spl n'existe pas.
RING97.ITM : Opcode 206 : La ressource cdmound.spl n'existe pas.
RING97.ITM : Opcode 206 : La ressource cdhgnya1.spl n'existe pas.
RINGWOLF.ITM : opcode 120: Traduction 11200014 manquante
RINGWOLF.ITM : FAILURE: opcode 120: Not_found
SAHSPEAR.ITM : Opcode 321 à gérer.
SAHSPEAR.ITM : Opcode 321 à gérer.
SAHSPEAR.ITM : Opcode 321 à gérer.
SAHSPEAR.ITM : Opcode 321 à gérer.
SAHSPEAR.ITM : Opcode 321 à gérer.
SAHSPEAR.ITM : Opcode 321 à gérer.
SAHSPEAR.ITM : Opcode 321 à gérer.
SAHSPEAR.ITM : Opcode 321 à gérer.
SAHSPEAR.ITM : Opcode 321 à gérer.
SAHSPEAR.ITM : Opcode 321 à gérer.
SAHSPEAR.ITM : Opcode 321 à gérer.
SAHSPEAR.ITM : Opcode 321 à gérer.
SAHSPEAR.ITM : Opcode 318 : self avec parameter1 et parameter2 différent de 0
SALACOLD.ITM : Opcode 321 à gérer.
SALACOLD.ITM : Opcode 321 à gérer.
SALACOLD.ITM : Opcode 321 à gérer.
SALACOLD.ITM : Opcode 321 à gérer.
SALACOLD.ITM : Opcode 321 à gérer.
SALACOLD.ITM : Opcode 321 à gérer.
SALACOLD.ITM : Opcode 321 à gérer.
SALACOLD.ITM : Opcode 321 à gérer.
SALACOLD.ITM : Opcode 321 à gérer.
SALACOLD.ITM : Opcode 321 à gérer.
SALACOLD.ITM : Opcode 321 à gérer.
SALACOLD.ITM : Opcode 321 à gérer.
SALACOLD.ITM : Opcode 318 : self avec parameter1 et parameter2 différent de 0
SALGRFIR.ITM : Opcode 321 à gérer.
SALGRFIR.ITM : Opcode 321 à gérer.
SALGRFIR.ITM : Opcode 321 à gérer.
SALGRFIR.ITM : Opcode 321 à gérer.
SALGRFIR.ITM : Opcode 321 à gérer.
SALGRFIR.ITM : Opcode 321 à gérer.
SALGRFIR.ITM : Opcode 321 à gérer.
SALGRFIR.ITM : Opcode 321 à gérer.
SALGRFIR.ITM : Opcode 321 à gérer.
SALGRFIR.ITM : Opcode 321 à gérer.
SALGRFIR.ITM : Opcode 321 à gérer.
SALGRFIR.ITM : Opcode 321 à gérer.
SALGRFIR.ITM : Opcode 318 : self avec parameter1 et parameter2 différent de 0
SALGRICE.ITM : Opcode 321 à gérer.
SALGRICE.ITM : Opcode 321 à gérer.
SALGRICE.ITM : Opcode 321 à gérer.
SALGRICE.ITM : Opcode 321 à gérer.
SALGRICE.ITM : Opcode 321 à gérer.
SALGRICE.ITM : Opcode 321 à gérer.
SALGRICE.ITM : Opcode 321 à gérer.
SALGRICE.ITM : Opcode 321 à gérer.
SALGRICE.ITM : Opcode 321 à gérer.
SALGRICE.ITM : Opcode 321 à gérer.
SALGRICE.ITM : Opcode 321 à gérer.
SALGRICE.ITM : Opcode 321 à gérer.
SALGRICE.ITM : Opcode 318 : self avec parameter1 et parameter2 différent de 0
SAREVIMM.ITM : Opcode 206 : La ressource sareveff.spl n'existe pas.
SHLD01.ITM : Opcode 318 : self avec parameter1 et parameter2 différent de 0
SHLD01.ITM : Opcode 318 : self avec parameter1 et parameter2 différent de 0
SHLD01.ITM : Opcode 318 : self avec parameter1 et parameter2 différent de 0
SHLD01.ITM : Opcode 318 : self avec parameter1 et parameter2 différent de 0
SHLD01A.ITM : Opcode 318 : self avec parameter1 et parameter2 différent de 0
SHLD01A.ITM : Opcode 318 : self avec parameter1 et parameter2 différent de 0
SHLD01A.ITM : Opcode 318 : self avec parameter1 et parameter2 différent de 0
SHLD01A.ITM : Opcode 318 : self avec parameter1 et parameter2 différent de 0
SHLD02.ITM : Opcode 318 : self avec parameter1 et parameter2 différent de 0
SHLD02.ITM : Opcode 318 : self avec parameter1 et parameter2 différent de 0
SHLD02.ITM : Opcode 318 : self avec parameter1 et parameter2 différent de 0
SHLD02.ITM : Opcode 318 : self avec parameter1 et parameter2 différent de 0
SHLD02A.ITM : Opcode 318 : self avec parameter1 et parameter2 différent de 0
SHLD02A.ITM : Opcode 318 : self avec parameter1 et parameter2 différent de 0
SHLD02A.ITM : Opcode 318 : self avec parameter1 et parameter2 différent de 0
SHLD02A.ITM : Opcode 318 : self avec parameter1 et parameter2 différent de 0
SHLD02P.ITM : Opcode 318 : self avec parameter1 et parameter2 différent de 0
SHLD02P.ITM : Opcode 318 : self avec parameter1 et parameter2 différent de 0
SHLD02P.ITM : Opcode 318 : self avec parameter1 et parameter2 différent de 0
SHLD02P.ITM : Opcode 318 : self avec parameter1 et parameter2 différent de 0
SHLD03.ITM : Opcode 318 : self avec parameter1 et parameter2 différent de 0
SHLD03.ITM : Opcode 318 : self avec parameter1 et parameter2 différent de 0
SHLD03.ITM : Opcode 318 : self avec parameter1 et parameter2 différent de 0
SHLD03.ITM : Opcode 318 : self avec parameter1 et parameter2 différent de 0
SHLD03A.ITM : Opcode 318 : self avec parameter1 et parameter2 différent de 0
SHLD03A.ITM : Opcode 318 : self avec parameter1 et parameter2 différent de 0
SHLD03A.ITM : Opcode 318 : self avec parameter1 et parameter2 différent de 0
SHLD03A.ITM : Opcode 318 : self avec parameter1 et parameter2 différent de 0
SHLD03P.ITM : Opcode 318 : self avec parameter1 et parameter2 différent de 0
SHLD03P.ITM : Opcode 318 : self avec parameter1 et parameter2 différent de 0
SHLD03P.ITM : Opcode 318 : self avec parameter1 et parameter2 différent de 0
SHLD03P.ITM : Opcode 318 : self avec parameter1 et parameter2 différent de 0
SHLD04.ITM : Opcode 318 : self avec parameter1 et parameter2 différent de 0
SHLD04.ITM : Opcode 318 : self avec parameter1 et parameter2 différent de 0
SHLD04.ITM : Opcode 318 : self avec parameter1 et parameter2 différent de 0
SHLD04.ITM : Opcode 318 : self avec parameter1 et parameter2 différent de 0
SHLD04A.ITM : Opcode 318 : self avec parameter1 et parameter2 différent de 0
SHLD04A.ITM : Opcode 318 : self avec parameter1 et parameter2 différent de 0
SHLD04A.ITM : Opcode 318 : self avec parameter1 et parameter2 différent de 0
SHLD04A.ITM : Opcode 318 : self avec parameter1 et parameter2 différent de 0
SHLD04P.ITM : Opcode 318 : self avec parameter1 et parameter2 différent de 0
SHLD04P.ITM : Opcode 318 : self avec parameter1 et parameter2 différent de 0
SHLD04P.ITM : Opcode 318 : self avec parameter1 et parameter2 différent de 0
SHLD04P.ITM : Opcode 318 : self avec parameter1 et parameter2 différent de 0
SHLD05.ITM : Opcode 318 : self avec parameter1 et parameter2 différent de 0
SHLD05.ITM : Opcode 318 : self avec parameter1 et parameter2 différent de 0
SHLD05.ITM : Opcode 318 : self avec parameter1 et parameter2 différent de 0
SHLD05.ITM : Opcode 318 : self avec parameter1 et parameter2 différent de 0
SHLD05A.ITM : Opcode 318 : self avec parameter1 et parameter2 différent de 0
SHLD05A.ITM : Opcode 318 : self avec parameter1 et parameter2 différent de 0
SHLD05A.ITM : Opcode 318 : self avec parameter1 et parameter2 différent de 0
SHLD05A.ITM : Opcode 318 : self avec parameter1 et parameter2 différent de 0
SHLD05P.ITM : Opcode 318 : self avec parameter1 et parameter2 différent de 0
SHLD05P.ITM : Opcode 318 : self avec parameter1 et parameter2 différent de 0
SHLD05P.ITM : Opcode 318 : self avec parameter1 et parameter2 différent de 0
SHLD05P.ITM : Opcode 318 : self avec parameter1 et parameter2 différent de 0
SHLD06.ITM : Opcode 318 : self avec parameter1 et parameter2 différent de 0
SHLD06.ITM : Opcode 318 : self avec parameter1 et parameter2 différent de 0
SHLD06.ITM : Opcode 318 : self avec parameter1 et parameter2 différent de 0
SHLD06.ITM : Opcode 318 : self avec parameter1 et parameter2 différent de 0
SHLD06A.ITM : Opcode 318 : self avec parameter1 et parameter2 différent de 0
SHLD06A.ITM : Opcode 318 : self avec parameter1 et parameter2 différent de 0
SHLD06A.ITM : Opcode 318 : self avec parameter1 et parameter2 différent de 0
SHLD06A.ITM : Opcode 318 : self avec parameter1 et parameter2 différent de 0
SHLD06P.ITM : Opcode 318 : self avec parameter1 et parameter2 différent de 0
SHLD06P.ITM : Opcode 318 : self avec parameter1 et parameter2 différent de 0
SHLD06P.ITM : Opcode 318 : self avec parameter1 et parameter2 différent de 0
SHLD06P.ITM : Opcode 318 : self avec parameter1 et parameter2 différent de 0
SHLD07.ITM : Opcode 318 : self avec parameter1 et parameter2 différent de 0
SHLD07.ITM : Opcode 318 : self avec parameter1 et parameter2 différent de 0
SHLD07.ITM : Opcode 318 : self avec parameter1 et parameter2 différent de 0
SHLD07.ITM : Opcode 318 : self avec parameter1 et parameter2 différent de 0
SHLD07A.ITM : Opcode 318 : self avec parameter1 et parameter2 différent de 0
SHLD07A.ITM : Opcode 318 : self avec parameter1 et parameter2 différent de 0
SHLD07A.ITM : Opcode 318 : self avec parameter1 et parameter2 différent de 0
SHLD07A.ITM : Opcode 318 : self avec parameter1 et parameter2 différent de 0
SHLD07P.ITM : Opcode 318 : self avec parameter1 et parameter2 différent de 0
SHLD07P.ITM : Opcode 318 : self avec parameter1 et parameter2 différent de 0
SHLD07P.ITM : Opcode 318 : self avec parameter1 et parameter2 différent de 0
SHLD07P.ITM : Opcode 318 : self avec parameter1 et parameter2 différent de 0
SHLD08.ITM : Opcode 318 : self avec parameter1 et parameter2 différent de 0
SHLD08.ITM : Opcode 318 : self avec parameter1 et parameter2 différent de 0
SHLD08.ITM : Opcode 318 : self avec parameter1 et parameter2 différent de 0
SHLD08.ITM : Opcode 318 : self avec parameter1 et parameter2 différent de 0
SHLD08A.ITM : Opcode 318 : self avec parameter1 et parameter2 différent de 0
SHLD08A.ITM : Opcode 318 : self avec parameter1 et parameter2 différent de 0
SHLD08A.ITM : Opcode 318 : self avec parameter1 et parameter2 différent de 0
SHLD08A.ITM : Opcode 318 : self avec parameter1 et parameter2 différent de 0
SHLD08P.ITM : Opcode 318 : self avec parameter1 et parameter2 différent de 0
SHLD08P.ITM : Opcode 318 : self avec parameter1 et parameter2 différent de 0
SHLD08P.ITM : Opcode 318 : self avec parameter1 et parameter2 différent de 0
SHLD08P.ITM : Opcode 318 : self avec parameter1 et parameter2 différent de 0
SHLD08P.ITM : Unknown macro: opcode_target_326
SHLD08P.ITM : FAILURE: opcode 232: Failure("Unknown macro: opcode_target_326")
SHLD09.ITM : Opcode 318 : self avec parameter1 et parameter2 différent de 0
SHLD09.ITM : Opcode 318 : self avec parameter1 et parameter2 différent de 0
SHLD09.ITM : Opcode 318 : self avec parameter1 et parameter2 différent de 0
SHLD09.ITM : Opcode 318 : self avec parameter1 et parameter2 différent de 0
SHLD09A.ITM : Opcode 318 : self avec parameter1 et parameter2 différent de 0
SHLD09A.ITM : Opcode 318 : self avec parameter1 et parameter2 différent de 0
SHLD09A.ITM : Opcode 318 : self avec parameter1 et parameter2 différent de 0
SHLD09A.ITM : Opcode 318 : self avec parameter1 et parameter2 différent de 0
SHLD09P.ITM : Opcode 318 : self avec parameter1 et parameter2 différent de 0
SHLD09P.ITM : Opcode 318 : self avec parameter1 et parameter2 différent de 0
SHLD09P.ITM : Opcode 318 : self avec parameter1 et parameter2 différent de 0
SHLD09P.ITM : Opcode 318 : self avec parameter1 et parameter2 différent de 0
SHLD10.ITM : Opcode 318 : self avec parameter1 et parameter2 différent de 0
SHLD10.ITM : Opcode 318 : self avec parameter1 et parameter2 différent de 0
SHLD10.ITM : Opcode 318 : self avec parameter1 et parameter2 différent de 0
SHLD10.ITM : Opcode 318 : self avec parameter1 et parameter2 différent de 0
SHLD10A.ITM : Opcode 318 : self avec parameter1 et parameter2 différent de 0
SHLD10A.ITM : Opcode 318 : self avec parameter1 et parameter2 différent de 0
SHLD10A.ITM : Opcode 318 : self avec parameter1 et parameter2 différent de 0
SHLD10A.ITM : Opcode 318 : self avec parameter1 et parameter2 différent de 0
SHLD11.ITM : Opcode 318 : self avec parameter1 et parameter2 différent de 0
SHLD11.ITM : Opcode 318 : self avec parameter1 et parameter2 différent de 0
SHLD11.ITM : Opcode 318 : self avec parameter1 et parameter2 différent de 0
SHLD11.ITM : Opcode 318 : self avec parameter1 et parameter2 différent de 0
SHLD11A.ITM : Opcode 318 : self avec parameter1 et parameter2 différent de 0
SHLD11A.ITM : Opcode 318 : self avec parameter1 et parameter2 différent de 0
SHLD11A.ITM : Opcode 318 : self avec parameter1 et parameter2 différent de 0
SHLD11A.ITM : Opcode 318 : self avec parameter1 et parameter2 différent de 0
SHLD12.ITM : Opcode 318 : self avec parameter1 et parameter2 différent de 0
SHLD12.ITM : Opcode 318 : self avec parameter1 et parameter2 différent de 0
SHLD12.ITM : Opcode 318 : self avec parameter1 et parameter2 différent de 0
SHLD12.ITM : Opcode 318 : self avec parameter1 et parameter2 différent de 0
SHLD12A.ITM : Opcode 318 : self avec parameter1 et parameter2 différent de 0
SHLD12A.ITM : Opcode 318 : self avec parameter1 et parameter2 différent de 0
SHLD12A.ITM : Opcode 318 : self avec parameter1 et parameter2 différent de 0
SHLD12A.ITM : Opcode 318 : self avec parameter1 et parameter2 différent de 0
SHLD13.ITM : Opcode 318 : self avec parameter1 et parameter2 différent de 0
SHLD13.ITM : Opcode 318 : self avec parameter1 et parameter2 différent de 0
SHLD13.ITM : Opcode 318 : self avec parameter1 et parameter2 différent de 0
SHLD13.ITM : Opcode 318 : self avec parameter1 et parameter2 différent de 0
SHLD13A.ITM : Opcode 318 : self avec parameter1 et parameter2 différent de 0
SHLD13A.ITM : Opcode 318 : self avec parameter1 et parameter2 différent de 0
SHLD13A.ITM : Opcode 318 : self avec parameter1 et parameter2 différent de 0
SHLD13A.ITM : Opcode 318 : self avec parameter1 et parameter2 différent de 0
SHLD14.ITM : Opcode 318 : self avec parameter1 et parameter2 différent de 0
SHLD14.ITM : Opcode 318 : self avec parameter1 et parameter2 différent de 0
SHLD14.ITM : Opcode 318 : self avec parameter1 et parameter2 différent de 0
SHLD14.ITM : Opcode 318 : self avec parameter1 et parameter2 différent de 0
SHLD14A.ITM : Opcode 318 : self avec parameter1 et parameter2 différent de 0
SHLD14A.ITM : Opcode 318 : self avec parameter1 et parameter2 différent de 0
SHLD14A.ITM : Opcode 318 : self avec parameter1 et parameter2 différent de 0
SHLD14A.ITM : Opcode 318 : self avec parameter1 et parameter2 différent de 0
SHLD15.ITM : Opcode 318 : self avec parameter1 et parameter2 différent de 0
SHLD15.ITM : Opcode 318 : self avec parameter1 et parameter2 différent de 0
SHLD15.ITM : Opcode 318 : self avec parameter1 et parameter2 différent de 0
SHLD15.ITM : Opcode 318 : self avec parameter1 et parameter2 différent de 0
SHLD15A.ITM : Opcode 318 : self avec parameter1 et parameter2 différent de 0
SHLD15A.ITM : Opcode 318 : self avec parameter1 et parameter2 différent de 0
SHLD15A.ITM : Opcode 318 : self avec parameter1 et parameter2 différent de 0
SHLD15A.ITM : Opcode 318 : self avec parameter1 et parameter2 différent de 0
SHLD16.ITM : Opcode 318 : self avec parameter1 et parameter2 différent de 0
SHLD16.ITM : Opcode 318 : self avec parameter1 et parameter2 différent de 0
SHLD16.ITM : Opcode 318 : self avec parameter1 et parameter2 différent de 0
SHLD16.ITM : Opcode 318 : self avec parameter1 et parameter2 différent de 0
SHLD16A.ITM : Opcode 318 : self avec parameter1 et parameter2 différent de 0
SHLD16A.ITM : Opcode 318 : self avec parameter1 et parameter2 différent de 0
SHLD16A.ITM : Opcode 318 : self avec parameter1 et parameter2 différent de 0
SHLD16A.ITM : Opcode 318 : self avec parameter1 et parameter2 différent de 0
SHLD17.ITM : Opcode 318 : self avec parameter1 et parameter2 différent de 0
SHLD17.ITM : Opcode 318 : self avec parameter1 et parameter2 différent de 0
SHLD17.ITM : Opcode 318 : self avec parameter1 et parameter2 différent de 0
SHLD17.ITM : Opcode 318 : self avec parameter1 et parameter2 différent de 0
SHLD18.ITM : Opcode 318 : self avec parameter1 et parameter2 différent de 0
SHLD18.ITM : Opcode 318 : self avec parameter1 et parameter2 différent de 0
SHLD18.ITM : Opcode 318 : self avec parameter1 et parameter2 différent de 0
SHLD18.ITM : Opcode 318 : self avec parameter1 et parameter2 différent de 0
SHLD19.ITM : Opcode 318 : self avec parameter1 et parameter2 différent de 0
SHLD19.ITM : Opcode 318 : self avec parameter1 et parameter2 différent de 0
SHLD19.ITM : Opcode 318 : self avec parameter1 et parameter2 différent de 0
SHLD19.ITM : Opcode 318 : self avec parameter1 et parameter2 différent de 0
SHLD19A.ITM : Opcode 318 : self avec parameter1 et parameter2 différent de 0
SHLD19A.ITM : Opcode 318 : self avec parameter1 et parameter2 différent de 0
SHLD19A.ITM : Opcode 318 : self avec parameter1 et parameter2 différent de 0
SHLD19A.ITM : Opcode 318 : self avec parameter1 et parameter2 différent de 0
SHLD20.ITM : Opcode 318 : self avec parameter1 et parameter2 différent de 0
SHLD20.ITM : Opcode 318 : self avec parameter1 et parameter2 différent de 0
SHLD20.ITM : Opcode 318 : self avec parameter1 et parameter2 différent de 0
SHLD20.ITM : Opcode 318 : self avec parameter1 et parameter2 différent de 0
SHLD28.ITM : Opcode 318 : self avec parameter1 et parameter2 différent de 0
SHLD28.ITM : Opcode 318 : self avec parameter1 et parameter2 différent de 0
SHLD28.ITM : Opcode 318 : self avec parameter1 et parameter2 différent de 0
SHLD28.ITM : Opcode 318 : self avec parameter1 et parameter2 différent de 0
SHLD29.ITM : Opcode 318 : self avec parameter1 et parameter2 différent de 0
SHLD29.ITM : Opcode 318 : self avec parameter1 et parameter2 différent de 0
SHLD29.ITM : Opcode 318 : self avec parameter1 et parameter2 différent de 0
SHLD29.ITM : Opcode 318 : self avec parameter1 et parameter2 différent de 0
SHLD30.ITM : Opcode 318 : self avec parameter1 et parameter2 différent de 0
SHLD30.ITM : Opcode 318 : self avec parameter1 et parameter2 différent de 0
SHLD30.ITM : Opcode 318 : self avec parameter1 et parameter2 différent de 0
SHLD30.ITM : Opcode 318 : self avec parameter1 et parameter2 différent de 0
SHLD30A.ITM : Opcode 318 : self avec parameter1 et parameter2 différent de 0
SHLD30A.ITM : Opcode 318 : self avec parameter1 et parameter2 différent de 0
SHLD30A.ITM : Opcode 318 : self avec parameter1 et parameter2 différent de 0
SHLD30A.ITM : Opcode 318 : self avec parameter1 et parameter2 différent de 0
SHLD31A.ITM : Opcode 318 : self avec parameter1 et parameter2 différent de 0
SHLD31A.ITM : Opcode 318 : self avec parameter1 et parameter2 différent de 0
SHLD31A.ITM : Opcode 318 : self avec parameter1 et parameter2 différent de 0
SHLD31A.ITM : Opcode 318 : self avec parameter1 et parameter2 différent de 0
SHLD32.ITM : Opcode 318 : self avec parameter1 et parameter2 différent de 0
SHLD32.ITM : Opcode 318 : self avec parameter1 et parameter2 différent de 0
SHLD32.ITM : Opcode 318 : self avec parameter1 et parameter2 différent de 0
SHLD32.ITM : Opcode 318 : self avec parameter1 et parameter2 différent de 0
SHLD33.ITM : Opcode 318 : self avec parameter1 et parameter2 différent de 0
SHLD33.ITM : Opcode 318 : self avec parameter1 et parameter2 différent de 0
SHLD33.ITM : Opcode 318 : self avec parameter1 et parameter2 différent de 0
SHLD33.ITM : Opcode 318 : self avec parameter1 et parameter2 différent de 0
SHLD99.ITM : Opcode 318 : self avec parameter1 et parameter2 différent de 0
SHLD99.ITM : Opcode 318 : self avec parameter1 et parameter2 différent de 0
SHLD99.ITM : Opcode 318 : self avec parameter1 et parameter2 différent de 0
SHLD99.ITM : Opcode 318 : self avec parameter1 et parameter2 différent de 0
SKELSHLD.ITM : Opcode 318 : self avec parameter1 et parameter2 différent de 0
SKELSHLD.ITM : Opcode 318 : self avec parameter1 et parameter2 différent de 0
SKELSHLD.ITM : Opcode 318 : self avec parameter1 et parameter2 différent de 0
SKELSHLD.ITM : Opcode 318 : self avec parameter1 et parameter2 différent de 0
SKELWASU.ITM : Opcode 321 à gérer.
SKELWASU.ITM : Opcode 321 à gérer.
SKELWASU.ITM : Opcode 321 à gérer.
SKELWASU.ITM : Opcode 321 à gérer.
SKELWASU.ITM : Opcode 321 à gérer.
SKELWASU.ITM : Opcode 321 à gérer.
SKELWASU.ITM : Opcode 321 à gérer.
SKELWASU.ITM : Opcode 321 à gérer.
SKELWASU.ITM : Opcode 321 à gérer.
SKELWASU.ITM : Opcode 321 à gérer.
SKELWASU.ITM : Opcode 321 à gérer.
SKELWASU.ITM : Opcode 321 à gérer.
SLNG01.ITM : Opcode 318 : self avec parameter1 et parameter2 différent de 0
SLNG01.ITM : Opcode 318 : self avec parameter1 et parameter2 différent de 0
SLNG02.ITM : Opcode 318 : self avec parameter1 et parameter2 différent de 0
SLNG02.ITM : Opcode 318 : self avec parameter1 et parameter2 différent de 0
SLNG03.ITM : Opcode 318 : self avec parameter1 et parameter2 différent de 0
SLNG03.ITM : Opcode 318 : self avec parameter1 et parameter2 différent de 0
SLNG04.ITM : Opcode 318 : self avec parameter1 et parameter2 différent de 0
SLNG04.ITM : Opcode 318 : self avec parameter1 et parameter2 différent de 0
SLNG10.ITM : Opcode 318 : self avec parameter1 et parameter2 différent de 0
SLNG10.ITM : Opcode 318 : self avec parameter1 et parameter2 différent de 0
SLNG11.ITM : Opcode 318 : self avec parameter1 et parameter2 différent de 0
SLNG11.ITM : Opcode 318 : self avec parameter1 et parameter2 différent de 0
SPER01.ITM : Opcode 321 à gérer.
SPER01.ITM : Opcode 321 à gérer.
SPER01.ITM : Opcode 321 à gérer.
SPER01.ITM : Opcode 321 à gérer.
SPER01.ITM : Opcode 321 à gérer.
SPER01.ITM : Opcode 321 à gérer.
SPER01.ITM : Opcode 321 à gérer.
SPER01.ITM : Opcode 321 à gérer.
SPER01.ITM : Opcode 321 à gérer.
SPER01.ITM : Opcode 321 à gérer.
SPER01.ITM : Opcode 321 à gérer.
SPER01.ITM : Opcode 321 à gérer.
SPER01.ITM : Opcode 318 : self avec parameter1 et parameter2 différent de 0
SPER01Q.ITM : Opcode 321 à gérer.
SPER01Q.ITM : Opcode 321 à gérer.
SPER01Q.ITM : Opcode 321 à gérer.
SPER01Q.ITM : Opcode 321 à gérer.
SPER01Q.ITM : Opcode 321 à gérer.
SPER01Q.ITM : Opcode 321 à gérer.
SPER01Q.ITM : Opcode 321 à gérer.
SPER01Q.ITM : Opcode 321 à gérer.
SPER01Q.ITM : Opcode 321 à gérer.
SPER01Q.ITM : Opcode 321 à gérer.
SPER01Q.ITM : Opcode 321 à gérer.
SPER01Q.ITM : Opcode 321 à gérer.
SPER01Q.ITM : Opcode 318 : self avec parameter1 et parameter2 différent de 0
SPER02.ITM : Opcode 321 à gérer.
SPER02.ITM : Opcode 321 à gérer.
SPER02.ITM : Opcode 321 à gérer.
SPER02.ITM : Opcode 321 à gérer.
SPER02.ITM : Opcode 321 à gérer.
SPER02.ITM : Opcode 321 à gérer.
SPER02.ITM : Opcode 321 à gérer.
SPER02.ITM : Opcode 321 à gérer.
SPER02.ITM : Opcode 321 à gérer.
SPER02.ITM : Opcode 321 à gérer.
SPER02.ITM : Opcode 321 à gérer.
SPER02.ITM : Opcode 321 à gérer.
SPER02.ITM : Opcode 318 : self avec parameter1 et parameter2 différent de 0
SPER03.ITM : Opcode 321 à gérer.
SPER03.ITM : Opcode 321 à gérer.
SPER03.ITM : Opcode 321 à gérer.
SPER03.ITM : Opcode 321 à gérer.
SPER03.ITM : Opcode 321 à gérer.
SPER03.ITM : Opcode 321 à gérer.
SPER03.ITM : Opcode 321 à gérer.
SPER03.ITM : Opcode 321 à gérer.
SPER03.ITM : Opcode 321 à gérer.
SPER03.ITM : Opcode 321 à gérer.
SPER03.ITM : Opcode 321 à gérer.
SPER03.ITM : Opcode 321 à gérer.
SPER03.ITM : Opcode 318 : self avec parameter1 et parameter2 différent de 0
SPER04.ITM : Opcode 321 à gérer.
SPER04.ITM : Opcode 321 à gérer.
SPER04.ITM : Opcode 321 à gérer.
SPER04.ITM : Opcode 321 à gérer.
SPER04.ITM : Opcode 321 à gérer.
SPER04.ITM : Opcode 321 à gérer.
SPER04.ITM : Opcode 321 à gérer.
SPER04.ITM : Opcode 321 à gérer.
SPER04.ITM : Opcode 321 à gérer.
SPER04.ITM : Opcode 321 à gérer.
SPER04.ITM : Opcode 321 à gérer.
SPER04.ITM : Opcode 321 à gérer.
SPER04.ITM : Opcode 318 : self avec parameter1 et parameter2 différent de 0
SPER05.ITM : Opcode 321 à gérer.
SPER05.ITM : Opcode 321 à gérer.
SPER05.ITM : Opcode 321 à gérer.
SPER05.ITM : Opcode 321 à gérer.
SPER05.ITM : Opcode 321 à gérer.
SPER05.ITM : Opcode 321 à gérer.
SPER05.ITM : Opcode 321 à gérer.
SPER05.ITM : Opcode 321 à gérer.
SPER05.ITM : Opcode 321 à gérer.
SPER05.ITM : Opcode 321 à gérer.
SPER05.ITM : Opcode 321 à gérer.
SPER05.ITM : Opcode 321 à gérer.
SPER05.ITM : Opcode 318 : self avec parameter1 et parameter2 différent de 0
SPER06.ITM : Opcode 321 à gérer.
SPER06.ITM : Opcode 321 à gérer.
SPER06.ITM : Opcode 321 à gérer.
SPER06.ITM : Opcode 321 à gérer.
SPER06.ITM : Opcode 321 à gérer.
SPER06.ITM : Opcode 321 à gérer.
SPER06.ITM : Opcode 321 à gérer.
SPER06.ITM : Opcode 321 à gérer.
SPER06.ITM : Opcode 321 à gérer.
SPER06.ITM : Opcode 321 à gérer.
SPER06.ITM : Opcode 321 à gérer.
SPER06.ITM : Opcode 321 à gérer.
SPER06.ITM : Opcode 318 : self avec parameter1 et parameter2 différent de 0
SPERMEL.ITM : Opcode 321 à gérer.
SPERMEL.ITM : Opcode 321 à gérer.
SPERMEL.ITM : Opcode 321 à gérer.
SPERMEL.ITM : Opcode 321 à gérer.
SPERMEL.ITM : Opcode 321 à gérer.
SPERMEL.ITM : Opcode 321 à gérer.
SPERMEL.ITM : Opcode 321 à gérer.
SPERMEL.ITM : Opcode 321 à gérer.
SPERMEL.ITM : Opcode 321 à gérer.
SPERMEL.ITM : Opcode 321 à gérer.
SPERMEL.ITM : Opcode 321 à gérer.
SPERMEL.ITM : Opcode 321 à gérer.
SPERMEL.ITM : Opcode 318 : self avec parameter1 et parameter2 différent de 0
SPRNGB01.ITM : opcode 101: Traduction 11010151 manquante
SPRNGB01.ITM : FAILURE: opcode 101: Not_found
SPRNGB02.ITM : opcode 101: Traduction 11010151 manquante
SPRNGB02.ITM : FAILURE: opcode 101: Not_found
SPRNGB03.ITM : Opcode 206 : La ressource cdsw1h58.spl n'existe pas.
SPRNGB03.ITM : Opcode 206 : La ressource cdmound.spl n'existe pas.
SPRNGB03.ITM : Opcode 206 : La ressource cdhgnya1.spl n'existe pas.
SPRNGB03.ITM : opcode 101: Traduction 11010151 manquante
SPRNGB03.ITM : FAILURE: opcode 101: Not_found
SPRNGB04.ITM : Opcode 206 : La ressource cdsw1h58.spl n'existe pas.
SPRNGB04.ITM : Opcode 206 : La ressource cdmound.spl n'existe pas.
SPRNGB04.ITM : Opcode 206 : La ressource cdhgnya1.spl n'existe pas.
SPRNGB04.ITM : opcode 101: Traduction 11010151 manquante
SPRNGB04.ITM : FAILURE: opcode 101: Not_found
SPRNGL01.ITM : opcode 101: Traduction 11010151 manquante
SPRNGL01.ITM : FAILURE: opcode 101: Not_found
SPRNGL02.ITM : opcode 101: Traduction 11010151 manquante
SPRNGL02.ITM : FAILURE: opcode 101: Not_found
SPRNGL03.ITM : Opcode 206 : La ressource cdsw1h58.spl n'existe pas.
SPRNGL03.ITM : Opcode 206 : La ressource cdmound.spl n'existe pas.
SPRNGL03.ITM : Opcode 206 : La ressource cdhgnya1.spl n'existe pas.
SPRNGL03.ITM : opcode 101: Traduction 11010151 manquante
SPRNGL03.ITM : FAILURE: opcode 101: Not_found
SPRNGL04.ITM : Opcode 206 : La ressource cdsw1h58.spl n'existe pas.
SPRNGL04.ITM : Opcode 206 : La ressource cdmound.spl n'existe pas.
SPRNGL04.ITM : Opcode 206 : La ressource cdhgnya1.spl n'existe pas.
SPRNGL04.ITM : opcode 101: Traduction 11010151 manquante
SPRNGL04.ITM : FAILURE: opcode 101: Not_found
SPRNGS01.ITM : Opcode 206 : La ressource cdsw1h58.spl n'existe pas.
SPRNGS01.ITM : Opcode 206 : La ressource cdmound.spl n'existe pas.
SPRNGS01.ITM : Opcode 206 : La ressource cdhgnya1.spl n'existe pas.
SPRNGS01.ITM : opcode 101: Traduction 11010151 manquante
SPRNGS01.ITM : FAILURE: opcode 101: Not_found
SPRNGS02.ITM : Opcode 206 : La ressource cdsw1h58.spl n'existe pas.
SPRNGS02.ITM : Opcode 206 : La ressource cdmound.spl n'existe pas.
SPRNGS02.ITM : Opcode 206 : La ressource cdhgnya1.spl n'existe pas.
SPRNGS02.ITM : opcode 101: Traduction 11010151 manquante
SPRNGS02.ITM : FAILURE: opcode 101: Not_found
SPRNGS03.ITM : Opcode 206 : La ressource cdsw1h58.spl n'existe pas.
SPRNGS03.ITM : Opcode 206 : La ressource cdmound.spl n'existe pas.
SPRNGS03.ITM : Opcode 206 : La ressource cdhgnya1.spl n'existe pas.
SPRNGS03.ITM : opcode 101: Traduction 11010151 manquante
SPRNGS03.ITM : FAILURE: opcode 101: Not_found
SPRNGS04.ITM : Opcode 206 : La ressource cdsw1h58.spl n'existe pas.
SPRNGS04.ITM : Opcode 206 : La ressource cdmound.spl n'existe pas.
SPRNGS04.ITM : Opcode 206 : La ressource cdhgnya1.spl n'existe pas.
SPRNGS04.ITM : opcode 101: Traduction 11010151 manquante
SPRNGS04.ITM : FAILURE: opcode 101: Not_found
SPRNGW01.ITM : opcode 101: Traduction 11010151 manquante
SPRNGW01.ITM : FAILURE: opcode 101: Not_found
SPRNGW02.ITM : opcode 101: Traduction 11010151 manquante
SPRNGW02.ITM : FAILURE: opcode 101: Not_found
SPRNGW03.ITM : opcode 101: Traduction 11010151 manquante
SPRNGW03.ITM : FAILURE: opcode 101: Not_found
SPRNGW04.ITM : opcode 101: Traduction 11010151 manquante
SPRNGW04.ITM : FAILURE: opcode 101: Not_found
SPRNGZ05.ITM : Opcode 206 : La ressource cdsw1h58.spl n'existe pas.
SPRNGZ05.ITM : Opcode 206 : La ressource cdmound.spl n'existe pas.
SPRNGZ05.ITM : Opcode 206 : La ressource cdhgnya1.spl n'existe pas.
SPRNGZ05.ITM : opcode 101: Traduction 11010151 manquante
SPRNGZ05.ITM : FAILURE: opcode 101: Not_found
STAF01.ITM : Opcode 321 à gérer.
STAF01.ITM : Opcode 321 à gérer.
STAF01.ITM : Opcode 321 à gérer.
STAF01.ITM : Opcode 321 à gérer.
STAF01.ITM : Opcode 321 à gérer.
STAF01.ITM : Opcode 321 à gérer.
STAF01.ITM : Opcode 321 à gérer.
STAF01.ITM : Opcode 321 à gérer.
STAF01.ITM : Opcode 321 à gérer.
STAF01.ITM : Opcode 321 à gérer.
STAF01.ITM : Opcode 321 à gérer.
STAF01.ITM : Opcode 321 à gérer.
STAF01.ITM : Opcode 318 : self avec parameter1 et parameter2 différent de 0
STAF02.ITM : Opcode 321 à gérer.
STAF02.ITM : Opcode 321 à gérer.
STAF02.ITM : Opcode 321 à gérer.
STAF02.ITM : Opcode 321 à gérer.
STAF02.ITM : Opcode 321 à gérer.
STAF02.ITM : Opcode 321 à gérer.
STAF02.ITM : Opcode 321 à gérer.
STAF02.ITM : Opcode 321 à gérer.
STAF02.ITM : Opcode 321 à gérer.
STAF02.ITM : Opcode 321 à gérer.
STAF02.ITM : Opcode 321 à gérer.
STAF02.ITM : Opcode 321 à gérer.
STAF02.ITM : Opcode 318 : self avec parameter1 et parameter2 différent de 0
STAF03.ITM : Opcode 321 à gérer.
STAF03.ITM : Opcode 321 à gérer.
STAF03.ITM : Opcode 321 à gérer.
STAF03.ITM : Opcode 321 à gérer.
STAF03.ITM : Opcode 321 à gérer.
STAF03.ITM : Opcode 321 à gérer.
STAF03.ITM : Opcode 321 à gérer.
STAF03.ITM : Opcode 321 à gérer.
STAF03.ITM : Opcode 321 à gérer.
STAF03.ITM : Opcode 321 à gérer.
STAF03.ITM : Opcode 321 à gérer.
STAF03.ITM : Opcode 321 à gérer.
STAF03.ITM : Opcode 318 : self avec parameter1 et parameter2 différent de 0
STAF04.ITM : Opcode 321 à gérer.
STAF04.ITM : Opcode 321 à gérer.
STAF04.ITM : Opcode 321 à gérer.
STAF04.ITM : Opcode 321 à gérer.
STAF04.ITM : Opcode 321 à gérer.
STAF04.ITM : Opcode 321 à gérer.
STAF04.ITM : Opcode 321 à gérer.
STAF04.ITM : Opcode 321 à gérer.
STAF04.ITM : Opcode 321 à gérer.
STAF04.ITM : Opcode 321 à gérer.
STAF04.ITM : Opcode 321 à gérer.
STAF04.ITM : Opcode 321 à gérer.
STAF04.ITM : Opcode 318 : self avec parameter1 et parameter2 différent de 0
STAF05.ITM : Opcode 321 à gérer.
STAF05.ITM : Opcode 321 à gérer.
STAF05.ITM : Opcode 321 à gérer.
STAF05.ITM : Opcode 321 à gérer.
STAF05.ITM : Opcode 321 à gérer.
STAF05.ITM : Opcode 321 à gérer.
STAF05.ITM : Opcode 321 à gérer.
STAF05.ITM : Opcode 321 à gérer.
STAF05.ITM : Opcode 321 à gérer.
STAF05.ITM : Opcode 321 à gérer.
STAF05.ITM : Opcode 321 à gérer.
STAF05.ITM : Opcode 321 à gérer.
STAF05.ITM : Opcode 318 : self avec parameter1 et parameter2 différent de 0
STAF07.ITM : Opcode 321 à gérer.
STAF07.ITM : Opcode 321 à gérer.
STAF07.ITM : Opcode 321 à gérer.
STAF07.ITM : Opcode 321 à gérer.
STAF07.ITM : Opcode 321 à gérer.
STAF07.ITM : Opcode 321 à gérer.
STAF07.ITM : Opcode 321 à gérer.
STAF07.ITM : Opcode 321 à gérer.
STAF07.ITM : Opcode 321 à gérer.
STAF07.ITM : Opcode 321 à gérer.
STAF07.ITM : Opcode 321 à gérer.
STAF07.ITM : Opcode 321 à gérer.
STAF07.ITM : Opcode 318 : self avec parameter1 et parameter2 différent de 0
STAF08.ITM : Opcode 321 à gérer.
STAF08.ITM : Opcode 321 à gérer.
STAF08.ITM : Opcode 321 à gérer.
STAF08.ITM : Opcode 321 à gérer.
STAF08.ITM : Opcode 321 à gérer.
STAF08.ITM : Opcode 321 à gérer.
STAF08.ITM : Opcode 321 à gérer.
STAF08.ITM : Opcode 321 à gérer.
STAF08.ITM : Opcode 321 à gérer.
STAF08.ITM : Opcode 321 à gérer.
STAF08.ITM : Opcode 321 à gérer.
STAF08.ITM : Opcode 321 à gérer.
STAF08.ITM : Opcode 318 : self avec parameter1 et parameter2 différent de 0
STAF18.ITM : Opcode 321 à gérer.
STAF18.ITM : Opcode 321 à gérer.
STAF18.ITM : Opcode 321 à gérer.
STAF18.ITM : Opcode 321 à gérer.
STAF18.ITM : Opcode 321 à gérer.
STAF18.ITM : Opcode 321 à gérer.
STAF18.ITM : Opcode 321 à gérer.
STAF18.ITM : Opcode 321 à gérer.
STAF18.ITM : Opcode 321 à gérer.
STAF18.ITM : Opcode 321 à gérer.
STAF18.ITM : Opcode 321 à gérer.
STAF18.ITM : Opcode 321 à gérer.
STAF18.ITM : Opcode 318 : self avec parameter1 et parameter2 différent de 0
STAF25.ITM : Opcode 321 à gérer.
STAF25.ITM : Opcode 321 à gérer.
STAF25.ITM : Opcode 321 à gérer.
STAF25.ITM : Opcode 321 à gérer.
STAF25.ITM : Opcode 321 à gérer.
STAF25.ITM : Opcode 321 à gérer.
STAF25.ITM : Opcode 321 à gérer.
STAF25.ITM : Opcode 321 à gérer.
STAF25.ITM : Opcode 321 à gérer.
STAF25.ITM : Opcode 321 à gérer.
STAF25.ITM : Opcode 321 à gérer.
STAF25.ITM : Opcode 321 à gérer.
STAF25.ITM : Opcode 318 : self avec parameter1 et parameter2 différent de 0
STAFN1.ITM : Opcode 321 à gérer.
STAFN1.ITM : Opcode 321 à gérer.
STAFN1.ITM : Opcode 321 à gérer.
STAFN1.ITM : Opcode 321 à gérer.
STAFN1.ITM : Opcode 321 à gérer.
STAFN1.ITM : Opcode 321 à gérer.
STAFN1.ITM : Opcode 321 à gérer.
STAFN1.ITM : Opcode 321 à gérer.
STAFN1.ITM : Opcode 321 à gérer.
STAFN1.ITM : Opcode 321 à gérer.
STAFN1.ITM : Opcode 321 à gérer.
STAFN1.ITM : Opcode 321 à gérer.
STAFN1.ITM : Opcode 318 : self avec parameter1 et parameter2 différent de 0
SUREHP1.ITM : Opcode 206 : La ressource cdsw1h58.spl n'existe pas.
SUREHP1.ITM : Opcode 206 : La ressource cdmound.spl n'existe pas.
SUREHP1.ITM : Opcode 206 : La ressource cdhgnya1.spl n'existe pas.
SW1P01.ITM : Unknown macro: opcode_target_233
SW1P01.ITM : FAILURE: opcode 232: Failure("Unknown macro: opcode_target_233")
SW2H01.ITM : Opcode 321 à gérer.
SW2H01.ITM : Opcode 321 à gérer.
SW2H01.ITM : Opcode 321 à gérer.
SW2H01.ITM : Opcode 321 à gérer.
SW2H01.ITM : Opcode 321 à gérer.
SW2H01.ITM : Opcode 321 à gérer.
SW2H01.ITM : Opcode 321 à gérer.
SW2H01.ITM : Opcode 321 à gérer.
SW2H01.ITM : Opcode 321 à gérer.
SW2H01.ITM : Opcode 321 à gérer.
SW2H01.ITM : Opcode 321 à gérer.
SW2H01.ITM : Opcode 321 à gérer.
SW2H01.ITM : Opcode 318 : self avec parameter1 et parameter2 différent de 0
SW2H01B.ITM : Opcode 321 à gérer.
SW2H01B.ITM : Opcode 321 à gérer.
SW2H01B.ITM : Opcode 321 à gérer.
SW2H01B.ITM : Opcode 321 à gérer.
SW2H01B.ITM : Opcode 321 à gérer.
SW2H01B.ITM : Opcode 321 à gérer.
SW2H01B.ITM : Opcode 321 à gérer.
SW2H01B.ITM : Opcode 321 à gérer.
SW2H01B.ITM : Opcode 321 à gérer.
SW2H01B.ITM : Opcode 321 à gérer.
SW2H01B.ITM : Opcode 321 à gérer.
SW2H01B.ITM : Opcode 321 à gérer.
SW2H01B.ITM : Opcode 318 : self avec parameter1 et parameter2 différent de 0
SW2H02.ITM : Opcode 321 à gérer.
SW2H02.ITM : Opcode 321 à gérer.
SW2H02.ITM : Opcode 321 à gérer.
SW2H02.ITM : Opcode 321 à gérer.
SW2H02.ITM : Opcode 321 à gérer.
SW2H02.ITM : Opcode 321 à gérer.
SW2H02.ITM : Opcode 321 à gérer.
SW2H02.ITM : Opcode 321 à gérer.
SW2H02.ITM : Opcode 321 à gérer.
SW2H02.ITM : Opcode 321 à gérer.
SW2H02.ITM : Opcode 321 à gérer.
SW2H02.ITM : Opcode 321 à gérer.
SW2H02.ITM : Opcode 318 : self avec parameter1 et parameter2 différent de 0
SW2H03.ITM : Opcode 321 à gérer.
SW2H03.ITM : Opcode 321 à gérer.
SW2H03.ITM : Opcode 321 à gérer.
SW2H03.ITM : Opcode 321 à gérer.
SW2H03.ITM : Opcode 321 à gérer.
SW2H03.ITM : Opcode 321 à gérer.
SW2H03.ITM : Opcode 321 à gérer.
SW2H03.ITM : Opcode 321 à gérer.
SW2H03.ITM : Opcode 321 à gérer.
SW2H03.ITM : Opcode 321 à gérer.
SW2H03.ITM : Opcode 321 à gérer.
SW2H03.ITM : Opcode 321 à gérer.
SW2H03.ITM : Opcode 318 : self avec parameter1 et parameter2 différent de 0
SW2H06.ITM : Opcode 321 à gérer.
SW2H06.ITM : Opcode 321 à gérer.
SW2H06.ITM : Opcode 321 à gérer.
SW2H06.ITM : Opcode 321 à gérer.
SW2H06.ITM : Opcode 321 à gérer.
SW2H06.ITM : Opcode 321 à gérer.
SW2H06.ITM : Opcode 321 à gérer.
SW2H06.ITM : Opcode 321 à gérer.
SW2H06.ITM : Opcode 321 à gérer.
SW2H06.ITM : Opcode 321 à gérer.
SW2H06.ITM : Opcode 321 à gérer.
SW2H06.ITM : Opcode 321 à gérer.
SW2H06.ITM : Opcode 318 : self avec parameter1 et parameter2 différent de 0
SW2H06.ITM : Opcode 206 : La ressource cdsw1h58.spl n'existe pas.
SW2H06.ITM : Opcode 206 : La ressource cdmound.spl n'existe pas.
SW2H06.ITM : Opcode 206 : La ressource cdhgnya1.spl n'existe pas.
SW2H07.ITM : Opcode 321 à gérer.
SW2H07.ITM : Opcode 321 à gérer.
SW2H07.ITM : Opcode 321 à gérer.
SW2H07.ITM : Opcode 321 à gérer.
SW2H07.ITM : Opcode 321 à gérer.
SW2H07.ITM : Opcode 321 à gérer.
SW2H07.ITM : Opcode 321 à gérer.
SW2H07.ITM : Opcode 321 à gérer.
SW2H07.ITM : Opcode 321 à gérer.
SW2H07.ITM : Opcode 321 à gérer.
SW2H07.ITM : Opcode 321 à gérer.
SW2H07.ITM : Opcode 321 à gérer.
SW2H07.ITM : Opcode 318 : self avec parameter1 et parameter2 différent de 0
SW2H07A.ITM : Opcode 321 à gérer.
SW2H07A.ITM : Opcode 321 à gérer.
SW2H07A.ITM : Opcode 321 à gérer.
SW2H07A.ITM : Opcode 321 à gérer.
SW2H07A.ITM : Opcode 321 à gérer.
SW2H07A.ITM : Opcode 321 à gérer.
SW2H07A.ITM : Opcode 321 à gérer.
SW2H07A.ITM : Opcode 321 à gérer.
SW2H07A.ITM : Opcode 321 à gérer.
SW2H07A.ITM : Opcode 321 à gérer.
SW2H07A.ITM : Opcode 321 à gérer.
SW2H07A.ITM : Opcode 321 à gérer.
SW2H07A.ITM : Opcode 318 : self avec parameter1 et parameter2 différent de 0
SW2H08.ITM : Opcode 321 à gérer.
SW2H08.ITM : Opcode 321 à gérer.
SW2H08.ITM : Opcode 321 à gérer.
SW2H08.ITM : Opcode 321 à gérer.
SW2H08.ITM : Opcode 321 à gérer.
SW2H08.ITM : Opcode 321 à gérer.
SW2H08.ITM : Opcode 321 à gérer.
SW2H08.ITM : Opcode 321 à gérer.
SW2H08.ITM : Opcode 321 à gérer.
SW2H08.ITM : Opcode 321 à gérer.
SW2H08.ITM : Opcode 321 à gérer.
SW2H08.ITM : Opcode 321 à gérer.
SW2H08.ITM : Opcode 318 : self avec parameter1 et parameter2 différent de 0
SW2H11.ITM : Opcode 321 à gérer.
SW2H11.ITM : Opcode 321 à gérer.
SW2H11.ITM : Opcode 321 à gérer.
SW2H11.ITM : Opcode 321 à gérer.
SW2H11.ITM : Opcode 321 à gérer.
SW2H11.ITM : Opcode 321 à gérer.
SW2H11.ITM : Opcode 321 à gérer.
SW2H11.ITM : Opcode 321 à gérer.
SW2H11.ITM : Opcode 321 à gérer.
SW2H11.ITM : Opcode 321 à gérer.
SW2H11.ITM : Opcode 321 à gérer.
SW2H11.ITM : Opcode 321 à gérer.
SW2H11.ITM : Opcode 318 : self avec parameter1 et parameter2 différent de 0
SW2H22.ITM : Opcode 321 à gérer.
SW2H22.ITM : Opcode 321 à gérer.
SW2H22.ITM : Opcode 321 à gérer.
SW2H22.ITM : Opcode 321 à gérer.
SW2H22.ITM : Opcode 321 à gérer.
SW2H22.ITM : Opcode 321 à gérer.
SW2H22.ITM : Opcode 321 à gérer.
SW2H22.ITM : Opcode 321 à gérer.
SW2H22.ITM : Opcode 321 à gérer.
SW2H22.ITM : Opcode 321 à gérer.
SW2H22.ITM : Opcode 321 à gérer.
SW2H22.ITM : Opcode 321 à gérer.
SW2H22.ITM : Opcode 318 : self avec parameter1 et parameter2 différent de 0
SW2H99.ITM : Opcode 321 à gérer.
SW2H99.ITM : Opcode 321 à gérer.
SW2H99.ITM : Opcode 321 à gérer.
SW2H99.ITM : Opcode 321 à gérer.
SW2H99.ITM : Opcode 321 à gérer.
SW2H99.ITM : Opcode 321 à gérer.
SW2H99.ITM : Opcode 321 à gérer.
SW2H99.ITM : Opcode 321 à gérer.
SW2H99.ITM : Opcode 321 à gérer.
SW2H99.ITM : Opcode 321 à gérer.
SW2H99.ITM : Opcode 321 à gérer.
SW2H99.ITM : Opcode 321 à gérer.
SW2H99.ITM : Opcode 318 : self avec parameter1 et parameter2 différent de 0
SW2HD1.ITM : Opcode 321 à gérer.
SW2HD1.ITM : Opcode 321 à gérer.
SW2HD1.ITM : Opcode 321 à gérer.
SW2HD1.ITM : Opcode 321 à gérer.
SW2HD1.ITM : Opcode 321 à gérer.
SW2HD1.ITM : Opcode 321 à gérer.
SW2HD1.ITM : Opcode 321 à gérer.
SW2HD1.ITM : Opcode 321 à gérer.
SW2HD1.ITM : Opcode 321 à gérer.
SW2HD1.ITM : Opcode 321 à gérer.
SW2HD1.ITM : Opcode 321 à gérer.
SW2HD1.ITM : Opcode 321 à gérer.
SW2HD1.ITM : Opcode 318 : self avec parameter1 et parameter2 différent de 0
SW2HD1.ITM : opcode 221: Traduction 100214 manquante
SW2HD1.ITM : opcode 221: Traduction 100214 manquante
SW2HD2.ITM : Opcode 321 à gérer.
SW2HD2.ITM : Opcode 321 à gérer.
SW2HD2.ITM : Opcode 321 à gérer.
SW2HD2.ITM : Opcode 321 à gérer.
SW2HD2.ITM : Opcode 321 à gérer.
SW2HD2.ITM : Opcode 321 à gérer.
SW2HD2.ITM : Opcode 321 à gérer.
SW2HD2.ITM : Opcode 321 à gérer.
SW2HD2.ITM : Opcode 321 à gérer.
SW2HD2.ITM : Opcode 321 à gérer.
SW2HD2.ITM : Opcode 321 à gérer.
SW2HD2.ITM : Opcode 321 à gérer.
SW2HD2.ITM : Opcode 318 : self avec parameter1 et parameter2 différent de 0
SW2HDEAT.ITM : Opcode 321 à gérer.
SW2HDEAT.ITM : Opcode 321 à gérer.
SW2HDEAT.ITM : Opcode 321 à gérer.
SW2HDEAT.ITM : Opcode 321 à gérer.
SW2HDEAT.ITM : Opcode 321 à gérer.
SW2HDEAT.ITM : Opcode 321 à gérer.
SW2HDEAT.ITM : Opcode 321 à gérer.
SW2HDEAT.ITM : Opcode 321 à gérer.
SW2HDEAT.ITM : Opcode 321 à gérer.
SW2HDEAT.ITM : Opcode 321 à gérer.
SW2HDEAT.ITM : Opcode 321 à gérer.
SW2HDEAT.ITM : Opcode 321 à gérer.
SW2HDEAT.ITM : Opcode 318 : self avec parameter1 et parameter2 différent de 0
TASLOIIL.ITM : Opcode 321 à gérer.
TASLOIIL.ITM : Opcode 321 à gérer.
TASLOIIL.ITM : Opcode 321 à gérer.
TASLOIIL.ITM : Opcode 321 à gérer.
TASLOIIL.ITM : Opcode 321 à gérer.
TASLOIIL.ITM : Opcode 321 à gérer.
TASLOIIL.ITM : Opcode 321 à gérer.
TASLOIIL.ITM : Opcode 321 à gérer.
TASLOIIL.ITM : Opcode 321 à gérer.
TASLOIIL.ITM : Opcode 321 à gérer.
TASLOIIL.ITM : Opcode 321 à gérer.
TASLOIIL.ITM : Opcode 321 à gérer.
TASLOIIL.ITM : Opcode 318 : self avec parameter1 et parameter2 différent de 0
TROLLREG.ITM : Opcode 112 à gérer.
TROLLREG.ITM : Opcode 112 à gérer.
TTHALB1.ITM : Opcode 321 à gérer.
TTHALB1.ITM : Opcode 321 à gérer.
TTHALB1.ITM : Opcode 321 à gérer.
TTHALB1.ITM : Opcode 321 à gérer.
TTHALB1.ITM : Opcode 321 à gérer.
TTHALB1.ITM : Opcode 321 à gérer.
TTHALB1.ITM : Opcode 321 à gérer.
TTHALB1.ITM : Opcode 321 à gérer.
TTHALB1.ITM : Opcode 321 à gérer.
TTHALB1.ITM : Opcode 321 à gérer.
TTHALB1.ITM : Opcode 321 à gérer.
TTHALB1.ITM : Opcode 321 à gérer.
TTHALB1.ITM : Opcode 318 : self avec parameter1 et parameter2 différent de 0
TTSHLD01.ITM : Opcode 318 : self avec parameter1 et parameter2 différent de 0
TTSHLD01.ITM : Opcode 318 : self avec parameter1 et parameter2 différent de 0
TTSHLD01.ITM : Opcode 318 : self avec parameter1 et parameter2 différent de 0
TTSHLD01.ITM : Opcode 318 : self avec parameter1 et parameter2 différent de 0
TTSPER1.ITM : Opcode 321 à gérer.
TTSPER1.ITM : Opcode 321 à gérer.
TTSPER1.ITM : Opcode 321 à gérer.
TTSPER1.ITM : Opcode 321 à gérer.
TTSPER1.ITM : Opcode 321 à gérer.
TTSPER1.ITM : Opcode 321 à gérer.
TTSPER1.ITM : Opcode 321 à gérer.
TTSPER1.ITM : Opcode 321 à gérer.
TTSPER1.ITM : Opcode 321 à gérer.
TTSPER1.ITM : Opcode 321 à gérer.
TTSPER1.ITM : Opcode 321 à gérer.
TTSPER1.ITM : Opcode 321 à gérer.
TTSPER1.ITM : Opcode 318 : self avec parameter1 et parameter2 différent de 0
TTSWORD2.ITM : Opcode 321 à gérer.
TTSWORD2.ITM : Opcode 321 à gérer.
TTSWORD2.ITM : Opcode 321 à gérer.
TTSWORD2.ITM : Opcode 321 à gérer.
TTSWORD2.ITM : Opcode 321 à gérer.
TTSWORD2.ITM : Opcode 321 à gérer.
TTSWORD2.ITM : Opcode 321 à gérer.
TTSWORD2.ITM : Opcode 321 à gérer.
TTSWORD2.ITM : Opcode 321 à gérer.
TTSWORD2.ITM : Opcode 321 à gérer.
TTSWORD2.ITM : Opcode 321 à gérer.
TTSWORD2.ITM : Opcode 321 à gérer.
TTSWORD2.ITM : Opcode 318 : self avec parameter1 et parameter2 différent de 0
TTSWORD6.ITM : Opcode 321 à gérer.
TTSWORD6.ITM : Opcode 321 à gérer.
TTSWORD6.ITM : Opcode 321 à gérer.
TTSWORD6.ITM : Opcode 321 à gérer.
TTSWORD6.ITM : Opcode 321 à gérer.
TTSWORD6.ITM : Opcode 321 à gérer.
TTSWORD6.ITM : Opcode 321 à gérer.
TTSWORD6.ITM : Opcode 321 à gérer.
TTSWORD6.ITM : Opcode 321 à gérer.
TTSWORD6.ITM : Opcode 321 à gérer.
TTSWORD6.ITM : Opcode 321 à gérer.
TTSWORD6.ITM : Opcode 321 à gérer.
TTSWORD6.ITM : Opcode 318 : self avec parameter1 et parameter2 différent de 0
UNIAMN.ITM : opcode 101: Traduction 11010007 manquante
UNIAMN.ITM : FAILURE: opcode 101: Not_found
UNIBAND.ITM : opcode 101: Traduction 11010007 manquante
UNIBAND.ITM : FAILURE: opcode 101: Not_found
UNIBBEG.ITM : opcode 101: Traduction 11010007 manquante
UNIBBEG.ITM : FAILURE: opcode 101: Not_found
UNICAEL.ITM : opcode 101: Traduction 11010007 manquante
UNICAEL.ITM : FAILURE: opcode 101: Not_found
UNICAND.ITM : opcode 101: Traduction 11010007 manquante
UNICAND.ITM : FAILURE: opcode 101: Not_found
UNICHILL.ITM : opcode 101: Traduction 11010007 manquante
UNICHILL.ITM : FAILURE: opcode 101: Not_found
UNIDAGG.ITM : opcode 101: Traduction 11010007 manquante
UNIDAGG.ITM : FAILURE: opcode 101: Not_found
UNIDRSH.ITM : opcode 101: Traduction 11010007 manquante
UNIDRSH.ITM : FAILURE: opcode 101: Not_found
UNIDRUID.ITM : opcode 101: Traduction 11010007 manquante
UNIDRUID.ITM : FAILURE: opcode 101: Not_found
UNIFAI.ITM : opcode 101: Traduction 11010007 manquante
UNIFAI.ITM : FAILURE: opcode 101: Not_found
UNIFLAM.ITM : opcode 101: Traduction 11010007 manquante
UNIFLAM.ITM : FAILURE: opcode 101: Not_found
UNILATH1.ITM : opcode 101: Traduction 11010007 manquante
UNILATH1.ITM : FAILURE: opcode 101: Not_found
UNITALON.ITM : opcode 101: Traduction 11010007 manquante
UNITALON.ITM : FAILURE: opcode 101: Not_found
UNITHAY.ITM : opcode 101: Traduction 11010007 manquante
UNITHAY.ITM : FAILURE: opcode 101: Not_found
UNITHRON.ITM : opcode 101: Traduction 11010007 manquante
UNITHRON.ITM : FAILURE: opcode 101: Not_found
UNIWATER.ITM : opcode 101: Traduction 11010007 manquante
UNIWATER.ITM : FAILURE: opcode 101: Not_found
WA2SHIEL.ITM : Opcode 318 : self avec parameter1 et parameter2 différent de 0
WA2SHIEL.ITM : Opcode 318 : self avec parameter1 et parameter2 différent de 0
WA2SHIEL.ITM : Opcode 318 : self avec parameter1 et parameter2 différent de 0
WA2SHIEL.ITM : Opcode 318 : self avec parameter1 et parameter2 différent de 0
WA2SHIEL.ITM : Opcode 197 : Réflection du type de projectile '320'
XBOW01.ITM : Opcode 318 : self avec parameter1 et parameter2 différent de 0
XBOW01.ITM : Opcode 318 : self avec parameter1 et parameter2 différent de 0
XBOW02.ITM : Opcode 318 : self avec parameter1 et parameter2 différent de 0
XBOW02.ITM : Opcode 318 : self avec parameter1 et parameter2 différent de 0
XBOW03.ITM : Opcode 318 : self avec parameter1 et parameter2 différent de 0
XBOW03.ITM : Opcode 318 : self avec parameter1 et parameter2 différent de 0
XBOW04.ITM : Opcode 318 : self avec parameter1 et parameter2 différent de 0
XBOW04.ITM : Opcode 318 : self avec parameter1 et parameter2 différent de 0
XBOW05.ITM : Opcode 318 : self avec parameter1 et parameter2 différent de 0
XBOW05.ITM : Opcode 318 : self avec parameter1 et parameter2 différent de 0
XBOW06.ITM : Opcode 318 : self avec parameter1 et parameter2 différent de 0
XBOW06.ITM : Opcode 318 : self avec parameter1 et parameter2 différent de 0
XBOW07.ITM : Opcode 318 : self avec parameter1 et parameter2 différent de 0
XBOW07.ITM : Opcode 318 : self avec parameter1 et parameter2 différent de 0
XBOW09.ITM : Opcode 318 : self avec parameter1 et parameter2 différent de 0
XBOW09.ITM : Opcode 318 : self avec parameter1 et parameter2 différent de 0
