	
BDTROLL1.ITM : Opcode 17: type non gere : error.
BDWOLFD1.ITM : Opcode 17: type non gere : error.
BW05JUAR.ITM : Opcode 0: parameter1 equal to 0 for a bonus/malus to the armor class.
C0MLEAT.ITM : Opcode 0: parameter1 equal to 0 for a bonus/malus to the armor class.
CDHGTRL.ITM : Opcode 17: type non gere : error.
CDHGTRL.ITM : Opcode 17: type non gere : error.
CDTORGAL.ITM : Opcode 17: type non gere : error.
CDTORGAL.ITM : Opcode 17: type non gere : error.
CDTRLBLZ.ITM : Opcode 17: type non gere : error.
CDTRLBLZ.ITM : Opcode 17: type non gere : error.
DWCHAN02.ITM : Opcode 0: parameter1 equal to 0 for a bonus/malus to the armor class.
FINSAREV.ITM : Opcode 0: parameter1 equal to 0 for a bonus/malus to the armor class.
FINSRV.ITM : Opcode 0: parameter1 equal to 0 for a bonus/malus to the armor class.
OHBREW02.ITM : Opcode 177: The resref parameter is empty
OHHEXAM4.ITM : Opcode 17: type non gere : error.
PRINCESS.ITM : Opcode 238: Wrong ids file : 24
REG1HP2.ITM : Opcode 17: type non gere : error.
REG1HP2.ITM : Opcode 17: type non gere : error.
SHLD06P.ITM : Opcode 178: Wrong ids file : 255
SHLD06P.ITM : Opcode 219000: Wrong ids file : 255
SHLD06P.ITM : Opcode 219001: Wrong ids file : 255
SHLD06P.ITM : Opcode 219000: Wrong ids file : 255
SHLD06P.ITM : Opcode 219001: Wrong ids file : 255
SW1H50.ITM : Opcode 55: Invalid ids entry : specific.ids (243)
TROLLREG.ITM : Opcode 17: type non gere : error.
TROLLREG.ITM : Opcode 17: type non gere : error.


Total : 4971

Sans description : 0

Ignores : 2593

Reussis : 2373

Echoues : 5

Potions (TODO): 636

Munitions (TODO) : 103

Opcodes a coder : 18
