	
A4AUI0AA.ITM : Opcode 112 à gérer.
A4AUI0AB.ITM : Opcode 112 à gérer.
A4AUI0AC.ITM : Opcode 112 à gérer.
A4AUI0AD.ITM : Opcode 112 à gérer.
A7!EQMG.ITM : Opcode 83 : Type de projectile '226'
A7!EQMG.ITM : Opcode 83 : Type de projectile '227'
A7!EQMG.ITM : Opcode 83 : Type de projectile '229'
A7!EQMG.ITM : Opcode 83 : Type de projectile '231'
A7!FAM.ITM : opcode 101: Traduction 11010017 manquante
ABAZRING.ITM : Opcode 206 : La ressource cdsw1h58.spl n'existe pas.
ABAZRING.ITM : Opcode 206 : La ressource cdmound.spl n'existe pas.
ABAZRING.ITM : Opcode 206 : La ressource cdhgnya1.spl n'existe pas.
ALDETH.ITM : Opcode 206 : La ressource cdsw1h58.spl n'existe pas.
ALDETH.ITM : Opcode 206 : La ressource cdmound.spl n'existe pas.
ALDETH.ITM : Opcode 206 : La ressource cdhgnya1.spl n'existe pas.
AMUL17.ITM : Opcode 321 : La ressource spwi205.itm n'existe pas.
AMUL17.ITM : Opcode 321 : La ressource spin105.itm n'existe pas.
AX1H19.ITM : Opcode 81: Les 2 parametres doivent avoir la valeur 0
AX1H19.ITM : Opcode 112 à gérer.
BAZPATRG.ITM : Opcode 206 : La ressource cdsw1h58.spl n'existe pas.
BAZPATRG.ITM : Opcode 206 : La ressource cdmound.spl n'existe pas.
BAZPATRG.ITM : Opcode 206 : La ressource cdhgnya1.spl n'existe pas.
BDAX1H02.ITM : Opcode 318 : self avec parameter1 et parameter2 différent de 0
BDAX1H05.ITM : Opcode 318 : self avec parameter1 et parameter2 différent de 0
BDBELT01.ITM : Opcode 321 : La ressource SPWI209.itm n'existe pas.
BDBLUN04.ITM : FAILURE: opcode 12: Failure("BDBLUN04.ITM: opcode_12_common: mode 3 a gerer : la cible perd 15 % de ses pv max")
BDBLUN04.ITM : FAILURE: opcode 341: Failure("Opcode 12: Failure(\"BDBLUN04.ITM: opcode_12_common: mode 3 a gerer : la cible perd 15 % de ses pv max\")")
BDBOW01.ITM : Opcode 318 : self avec parameter1 et parameter2 différent de 0
BDRING09.ITM : Opcode 206 : La ressource cdsw1h58.spl n'existe pas.
BDRING09.ITM : Opcode 206 : La ressource cdmound.spl n'existe pas.
BDRING09.ITM : Opcode 206 : La ressource cdhgnya1.spl n'existe pas.
BDSW1H01.ITM : Opcode 321 : La ressource SPCL521.itm n'existe pas.
BDSW1H03.ITM : Unknown macro: opcode_target_68
BDSW1H03.ITM : FAILURE: opcode 326: Failure("Unknown macro: opcode_target_68")
BDSW1H03.ITM : FAILURE: opcode 341: Failure("Opcode 326: Failure(\"Unknown macro: opcode_target_68\")")
BDSW1H08.ITM : Opcode 321 : La ressource SPWI418.itm n'existe pas.
BDSW1H25.ITM : Opcode 81: Les 2 parametres doivent avoir la valeur 0
BEHOLDER.ITM : Opcode 206 : La ressource cdsw1h58.spl n'existe pas.
BEHOLDER.ITM : Opcode 206 : La ressource cdmound.spl n'existe pas.
BEHOLDER.ITM : Opcode 206 : La ressource cdhgnya1.spl n'existe pas.
BLUN30.ITM : Opcode 206 : La ressource cdsw1h58.spl n'existe pas.
BLUN30.ITM : Opcode 206 : La ressource cdmound.spl n'existe pas.
BLUN30.ITM : Opcode 206 : La ressource cdhgnya1.spl n'existe pas.
C0MNBR01.ITM : Opcode 345 à gérer.
C0MNBR02.ITM : Opcode 345 à gérer.
C0MNBR03.ITM : Opcode 345 à gérer.
C0MNBR04.ITM : Opcode 345 à gérer.
C0MNBR05.ITM : Opcode 345 à gérer.
C0MNBR06.ITM : Opcode 345 à gérer.
CDHGTRL.ITM : Opcode 112 à gérer.
CDHGTRL.ITM : Opcode 4: Les 2 parametres doivent avoir la valeur 0
CDHGTRL.ITM : Opcode 75: Les 2 parametres doivent avoir la valeur 0
CDHGTRL.ITM : Opcode 77: Les 2 parametres doivent avoir la valeur 0
CDHGTRL.ITM : Opcode 81: Les 2 parametres doivent avoir la valeur 0
CDHGTRL.ITM : Opcode 79: Les 2 parametres doivent avoir la valeur 0
CDHGTRL.ITM : Opcode 112 à gérer.
CDTORGAL.ITM : Opcode 112 à gérer.
CDTORGAL.ITM : Opcode 4: Les 2 parametres doivent avoir la valeur 0
CDTORGAL.ITM : Opcode 75: Les 2 parametres doivent avoir la valeur 0
CDTORGAL.ITM : Opcode 77: Les 2 parametres doivent avoir la valeur 0
CDTORGAL.ITM : Opcode 81: Les 2 parametres doivent avoir la valeur 0
CDTORGAL.ITM : Opcode 79: Les 2 parametres doivent avoir la valeur 0
CDTORGAL.ITM : Opcode 112 à gérer.
CDTRLBLZ.ITM : Opcode 112 à gérer.
CDTRLBLZ.ITM : Opcode 4: Les 2 parametres doivent avoir la valeur 0
CDTRLBLZ.ITM : Opcode 75: Les 2 parametres doivent avoir la valeur 0
CDTRLBLZ.ITM : Opcode 77: Les 2 parametres doivent avoir la valeur 0
CDTRLBLZ.ITM : Opcode 81: Les 2 parametres doivent avoir la valeur 0
CDTRLBLZ.ITM : Opcode 79: Les 2 parametres doivent avoir la valeur 0
CDTRLBLZ.ITM : Opcode 112 à gérer.
CHALCY3.ITM : Opcode 321 : La ressource spwi205.itm n'existe pas.
CHALCY3.ITM : Opcode 321 : La ressource spin105.itm n'existe pas.
CIGBARD.ITM : Opcode 321 : La ressource SPPR105.itm n'existe pas.
CIGBARD.ITM : Opcode 321 : La ressource SPWI215.itm n'existe pas.
CIGBARD.ITM : Opcode 321 : La ressource SPWI101.itm n'existe pas.
CLCK24.ITM : Opcode 197 : Réflection du type de projectile '219'
CLCK24.ITM : Opcode 197 : Réflection du type de projectile '205'
CLCK24.ITM : Opcode 197 : Réflection du type de projectile '320'
DEVA.ITM : Opcode 81: Les 2 parametres doivent avoir la valeur 0
DEVAEVIL.ITM : Opcode 81: Les 2 parametres doivent avoir la valeur 0
DRAGRING.ITM : Opcode 206 : La ressource cdsw1h58.spl n'existe pas.
DRAGRING.ITM : Opcode 206 : La ressource cdmound.spl n'existe pas.
DRAGRING.ITM : Opcode 206 : La ressource cdhgnya1.spl n'existe pas.
ETTERC.ITM : Opcode 318 : self avec parameter1 et parameter2 différent de 0
ETTERC.ITM : Opcode 318 : self avec parameter1 et parameter2 différent de 0
FINSOL01.ITM : Opcode 77: Les 2 parametres doivent avoir la valeur 0
FINSOL01.ITM : Opcode 81: Les 2 parametres doivent avoir la valeur 0
FREERING.ITM : Opcode 206 : La ressource cdsw1h58.spl n'existe pas.
FREERING.ITM : Opcode 206 : La ressource cdmound.spl n'existe pas.
FREERING.ITM : Opcode 206 : La ressource cdhgnya1.spl n'existe pas.
FSSPIR.ITM : Opcode 206 : La ressource cdsw1h58.spl n'existe pas.
FSSPIR.ITM : Opcode 206 : La ressource cdmound.spl n'existe pas.
FSSPIR.ITM : Opcode 206 : La ressource cdhgnya1.spl n'existe pas.
GBASIL.ITM : Opcode 318 : self avec parameter1 et parameter2 différent de 0
GBASIL.ITM : Opcode 318 : self avec parameter1 et parameter2 différent de 0
GISPID.ITM : Opcode 318 : self avec parameter1 et parameter2 différent de 0
GISPID.ITM : Opcode 318 : self avec parameter1 et parameter2 différent de 0
GORCHR.ITM : Opcode 206 : La ressource cdsw1h58.spl n'existe pas.
GORCHR.ITM : Opcode 206 : La ressource cdmound.spl n'existe pas.
GORCHR.ITM : Opcode 206 : La ressource cdhgnya1.spl n'existe pas.
HAMM09.ITM : Opcode 123 à gérer.
HARM.ITM : FAILURE: opcode 12: Failure("HARM.ITM: opcode_12_common: mode 1 a gerer : les points de vie de la cible passent a 1")
HELM35.ITM : Opcode 83: TODO: self_probability
HOLDRING.ITM : Opcode 206 : La ressource cdsw1h58.spl n'existe pas.
HOLDRING.ITM : Opcode 206 : La ressource cdmound.spl n'existe pas.
HOLDRING.ITM : Opcode 206 : La ressource cdhgnya1.spl n'existe pas.
HUSPID.ITM : Opcode 318 : self avec parameter1 et parameter2 différent de 0
HUSPID.ITM : Opcode 318 : self avec parameter1 et parameter2 différent de 0
IMMCLOUD.ITM : Opcode 83 : Type de projectile '94'
IMMUNE3.ITM : Opcode 233: Proficiency not found : 128
IMMUNE4.ITM : Opcode 233: Proficiency not found : 128
INVULNER.ITM : Opcode 206 : La ressource cdsw1h58.spl n'existe pas.
INVULNER.ITM : Opcode 206 : La ressource cdmound.spl n'existe pas.
INVULNER.ITM : Opcode 206 : La ressource cdhgnya1.spl n'existe pas.
IPSION.ITM : Opcode 321 : La ressource spwi205.itm n'existe pas.
IPSION.ITM : Opcode 321 : La ressource spin105.itm n'existe pas.
JWSUPER.ITM : Opcode 206 : La ressource cdsw1h58.spl n'existe pas.
JWSUPER.ITM : Opcode 206 : La ressource cdmound.spl n'existe pas.
JWSUPER.ITM : Opcode 206 : La ressource cdhgnya1.spl n'existe pas.
L#NDSW1.ITM : opcode 326: Traduction 13260076 manquante
MAGE05.ITM : Opcode 206 : La ressource cdsw1h58.spl n'existe pas.
MAGE05.ITM : Opcode 206 : La ressource cdmound.spl n'existe pas.
MAGE05.ITM : Opcode 206 : La ressource cdhgnya1.spl n'existe pas.
NEWNTXA.ITM : Opcode 112 à gérer.
NEWSCI03.ITM : opcode 326: Traduction 13260076 manquante
NEWSCI03.ITM : Opcode 321 : La ressource SPIN977.itm n'existe pas.
NEWSCI03.ITM : Opcode 321 : La ressource SPWISH25.itm n'existe pas.
NEWSCI03.ITM : Opcode 321 : La ressource SPWM164.itm n'existe pas.
NEWSCI03.ITM : Opcode 321 : La ressource SPIN983.itm n'existe pas.
NEWSCI03.ITM : Opcode 321 : La ressource SPIN575.itm n'existe pas.
NEWSCI03.ITM : Opcode 321 : La ressource SPWI312.itm n'existe pas.
NEWSCI03.ITM : opcode 326: Traduction 13260076 manquante
NEWSCI03.ITM : Opcode 321 : La ressource SPIN977.itm n'existe pas.
NEWSCI03.ITM : Opcode 321 : La ressource SPWISH25.itm n'existe pas.
NEWSCI03.ITM : Opcode 321 : La ressource SPWM164.itm n'existe pas.
NEWSCI03.ITM : Opcode 321 : La ressource SPIN983.itm n'existe pas.
NEWSCI03.ITM : Opcode 321 : La ressource SPIN575.itm n'existe pas.
NEWSCI03.ITM : Opcode 321 : La ressource SPWI312.itm n'existe pas.
NEWSCI03.ITM : opcode 326: Traduction 13260076 manquante
NEWSCI03.ITM : Opcode 321 : La ressource SPIN977.itm n'existe pas.
NEWSCI03.ITM : Opcode 321 : La ressource SPWISH25.itm n'existe pas.
NEWSCI03.ITM : Opcode 321 : La ressource SPWM164.itm n'existe pas.
NEWSCI03.ITM : Opcode 321 : La ressource SPIN983.itm n'existe pas.
NEWSCI03.ITM : Opcode 321 : La ressource SPIN575.itm n'existe pas.
NEWSCI03.ITM : Opcode 321 : La ressource SPWI312.itm n'existe pas.
NEWSCI03.ITM : opcode 326: Traduction 13260076 manquante
NEWSCI03.ITM : Opcode 321 : La ressource SPIN977.itm n'existe pas.
NEWSCI03.ITM : Opcode 321 : La ressource SPWISH25.itm n'existe pas.
NEWSCI03.ITM : Opcode 321 : La ressource SPWM164.itm n'existe pas.
NEWSCI03.ITM : Opcode 321 : La ressource SPIN983.itm n'existe pas.
NEWSCI03.ITM : Opcode 321 : La ressource SPIN575.itm n'existe pas.
NEWSCI03.ITM : Opcode 321 : La ressource SPWI312.itm n'existe pas.
NEWSCI03.ITM : opcode 326: Traduction 13260076 manquante
NEWSCI03.ITM : Opcode 321 : La ressource SPIN977.itm n'existe pas.
NEWSCI03.ITM : Opcode 321 : La ressource SPWISH25.itm n'existe pas.
NEWSCI03.ITM : Opcode 321 : La ressource SPWM164.itm n'existe pas.
NEWSCI03.ITM : Opcode 321 : La ressource SPIN983.itm n'existe pas.
NEWSCI03.ITM : Opcode 321 : La ressource SPIN575.itm n'existe pas.
NEWSCI03.ITM : Opcode 321 : La ressource SPWI312.itm n'existe pas.
NEWSCI03.ITM : opcode 326: Traduction 13260076 manquante
NEWSCI03.ITM : Opcode 321 : La ressource SPIN977.itm n'existe pas.
NEWSCI03.ITM : Opcode 321 : La ressource SPWISH25.itm n'existe pas.
NEWSCI03.ITM : Opcode 321 : La ressource SPWM164.itm n'existe pas.
NEWSCI03.ITM : Opcode 321 : La ressource SPIN983.itm n'existe pas.
NEWSCI03.ITM : Opcode 321 : La ressource SPIN575.itm n'existe pas.
NEWSCI03.ITM : Opcode 321 : La ressource SPWI312.itm n'existe pas.
NEWSCI03.ITM : opcode 326: Traduction 13260076 manquante
NEWSCI03.ITM : Opcode 321 : La ressource SPIN977.itm n'existe pas.
NEWSCI03.ITM : Opcode 321 : La ressource SPWISH25.itm n'existe pas.
NEWSCI03.ITM : Opcode 321 : La ressource SPWM164.itm n'existe pas.
NEWSCI03.ITM : Opcode 321 : La ressource SPIN983.itm n'existe pas.
NEWSCI03.ITM : Opcode 321 : La ressource SPIN575.itm n'existe pas.
NEWSCI03.ITM : Opcode 321 : La ressource SPWI312.itm n'existe pas.
NEWSCI03.ITM : opcode 326: Traduction 13260076 manquante
NEWSCI03.ITM : Opcode 321 : La ressource SPIN977.itm n'existe pas.
NEWSCI03.ITM : Opcode 321 : La ressource SPWISH25.itm n'existe pas.
NEWSCI03.ITM : Opcode 321 : La ressource SPWM164.itm n'existe pas.
NEWSCI03.ITM : Opcode 321 : La ressource SPIN983.itm n'existe pas.
NEWSCI03.ITM : Opcode 321 : La ressource SPIN575.itm n'existe pas.
NEWSCI03.ITM : Opcode 321 : La ressource SPWI312.itm n'existe pas.
NEWSCI03.ITM : opcode 326: Traduction 13260076 manquante
NEWSCI03.ITM : Opcode 321 : La ressource SPIN977.itm n'existe pas.
NEWSCI03.ITM : Opcode 321 : La ressource SPWISH25.itm n'existe pas.
NEWSCI03.ITM : Opcode 321 : La ressource SPWM164.itm n'existe pas.
NEWSCI03.ITM : Opcode 321 : La ressource SPIN983.itm n'existe pas.
NEWSCI03.ITM : Opcode 321 : La ressource SPIN575.itm n'existe pas.
NEWSCI03.ITM : Opcode 321 : La ressource SPWI312.itm n'existe pas.
NEWSCI03.ITM : opcode 326: Traduction 13260076 manquante
NEWSCI03.ITM : Opcode 321 : La ressource SPIN977.itm n'existe pas.
NEWSCI03.ITM : Opcode 321 : La ressource SPWISH25.itm n'existe pas.
NEWSCI03.ITM : Opcode 321 : La ressource SPWM164.itm n'existe pas.
NEWSCI03.ITM : Opcode 321 : La ressource SPIN983.itm n'existe pas.
NEWSCI03.ITM : Opcode 321 : La ressource SPIN575.itm n'existe pas.
NEWSCI03.ITM : Opcode 321 : La ressource SPWI312.itm n'existe pas.
NEWSCI03.ITM : opcode 326: Traduction 13260076 manquante
NEWSCI03.ITM : Opcode 321 : La ressource SPIN977.itm n'existe pas.
NEWSCI03.ITM : Opcode 321 : La ressource SPWISH25.itm n'existe pas.
NEWSCI03.ITM : Opcode 321 : La ressource SPWM164.itm n'existe pas.
NEWSCI03.ITM : Opcode 321 : La ressource SPIN983.itm n'existe pas.
NEWSCI03.ITM : Opcode 321 : La ressource SPIN575.itm n'existe pas.
NEWSCI03.ITM : Opcode 321 : La ressource SPWI312.itm n'existe pas.
NEWSCI03.ITM : opcode 326: Traduction 13260076 manquante
NEWSCI03.ITM : Opcode 321 : La ressource SPIN977.itm n'existe pas.
NEWSCI03.ITM : Opcode 321 : La ressource SPWISH25.itm n'existe pas.
NEWSCI03.ITM : Opcode 321 : La ressource SPWM164.itm n'existe pas.
NEWSCI03.ITM : Opcode 321 : La ressource SPIN983.itm n'existe pas.
NEWSCI03.ITM : Opcode 321 : La ressource SPIN575.itm n'existe pas.
NEWSCI03.ITM : Opcode 321 : La ressource SPWI312.itm n'existe pas.
NEWSTF03.ITM : Opcode 112 à gérer.
NEWSTF03.ITM : Opcode 112 à gérer.
NEWSTF03.ITM : Opcode 112 à gérer.
NEWSTF03.ITM : Opcode 112 à gérer.
NEWSTF03.ITM : Opcode 112 à gérer.
NEWSTF03.ITM : Opcode 112 à gérer.
NEWSTF03.ITM : Opcode 112 à gérer.
NEWSTF03.ITM : Opcode 112 à gérer.
NEWSTF03.ITM : Opcode 112 à gérer.
NEWSTF03.ITM : Opcode 112 à gérer.
NEWSTF03.ITM : Opcode 112 à gérer.
NEWSTF03.ITM : Opcode 112 à gérer.
NEWSTF03.ITM : Opcode 112 à gérer.
NEWSTF03.ITM : Opcode 112 à gérer.
NEWSTF03.ITM : Opcode 112 à gérer.
NEWSTF03.ITM : Opcode 112 à gérer.
NEWSTF03.ITM : Opcode 112 à gérer.
NEWSTF03.ITM : Opcode 112 à gérer.
NEWSTF03.ITM : Opcode 112 à gérer.
NEWSTF03.ITM : Opcode 112 à gérer.
NEWSTF03.ITM : Opcode 112 à gérer.
NEWSTF03.ITM : Opcode 112 à gérer.
NEWSTF03.ITM : Opcode 112 à gérer.
NEWSTF03.ITM : Opcode 112 à gérer.
NEWSTF03.ITM : Opcode 112 à gérer.
NEWSTF03.ITM : Opcode 112 à gérer.
NEWSTF03.ITM : Opcode 112 à gérer.
NEWSTF03.ITM : Opcode 112 à gérer.
NEWSTF03.ITM : Opcode 112 à gérer.
NEWSTF03.ITM : Opcode 112 à gérer.
NEWSTF03.ITM : Opcode 112 à gérer.
NEWSTF03.ITM : Opcode 112 à gérer.
NEWSTF03.ITM : Opcode 112 à gérer.
NEWSTF03.ITM : Opcode 112 à gérer.
NEWSTF03.ITM : Opcode 112 à gérer.
NPPLAT.ITM : Opcode 206 : La ressource cdsw1h58.spl n'existe pas.
NPPLAT.ITM : Opcode 206 : La ressource cdmound.spl n'existe pas.
NPPLAT.ITM : Opcode 206 : La ressource cdhgnya1.spl n'existe pas.
OBJRING.ITM : Opcode 206 : La ressource cdsw1h58.spl n'existe pas.
OBJRING.ITM : Opcode 206 : La ressource cdmound.spl n'existe pas.
OBJRING.ITM : Opcode 206 : La ressource cdhgnya1.spl n'existe pas.
OHRWILC1.ITM : Opcode 233: Proficiency not found : 108
OHRWILC2.ITM : Opcode 233: Proficiency not found : 108
OHRWILC3.ITM : Opcode 233: Proficiency not found : 108
OHRWILC4.ITM : Opcode 233: Proficiency not found : 108
OHRWILC5.ITM : Opcode 233: Proficiency not found : 108
PALRING.ITM : Opcode 206 : La ressource cdsw1h58.spl n'existe pas.
PALRING.ITM : Opcode 206 : La ressource cdmound.spl n'existe pas.
PALRING.ITM : Opcode 206 : La ressource cdhgnya1.spl n'existe pas.
PHSPID.ITM : Opcode 318 : self avec parameter1 et parameter2 différent de 0
PHSPID.ITM : Opcode 318 : self avec parameter1 et parameter2 différent de 0
PLANETAR.ITM : Opcode 81: Les 2 parametres doivent avoir la valeur 0
PLYJELLY.ITM : Opcode 318 : La ressource wand13.spl n'existe pas.
PLYWYVRN.ITM : Opcode 206 : La ressource cdhgnya1.spl n'existe pas.
PLYWYVRN.ITM : Opcode 206 : La ressource cdmound.spl n'existe pas.
PLYWYVRN.ITM : Opcode 206 : La ressource cdsw1h58.spl n'existe pas.
REG1HP2.ITM : Opcode 112 à gérer.
REG1HP2.ITM : Opcode 4: Les 2 parametres doivent avoir la valeur 0
REG1HP2.ITM : Opcode 75: Les 2 parametres doivent avoir la valeur 0
REG1HP2.ITM : Opcode 77: Les 2 parametres doivent avoir la valeur 0
REG1HP2.ITM : Opcode 81: Les 2 parametres doivent avoir la valeur 0
REG1HP2.ITM : Opcode 79: Les 2 parametres doivent avoir la valeur 0
RING09.ITM : Opcode 206 : La ressource cdsw1h58.spl n'existe pas.
RING09.ITM : Opcode 206 : La ressource cdmound.spl n'existe pas.
RING09.ITM : Opcode 206 : La ressource cdhgnya1.spl n'existe pas.
RING97.ITM : Opcode 206 : La ressource cdsw1h58.spl n'existe pas.
RING97.ITM : Opcode 206 : La ressource cdmound.spl n'existe pas.
RING97.ITM : Opcode 206 : La ressource cdhgnya1.spl n'existe pas.
ROSSRING.ITM : Opcode 206 : La ressource cdsw1h58.spl n'existe pas.
ROSSRING.ITM : Opcode 206 : La ressource cdmound.spl n'existe pas.
ROSSRING.ITM : Opcode 206 : La ressource cdhgnya1.spl n'existe pas.
SHALT01.ITM : Opcode 206 : La ressource cdsw1h58.spl n'existe pas.
SHALT01.ITM : Opcode 206 : La ressource cdmound.spl n'existe pas.
SHALT01.ITM : Opcode 206 : La ressource cdhgnya1.spl n'existe pas.
SHLD08P.ITM : Unknown macro: opcode_target_1
SHLD08P.ITM : FAILURE: opcode 326: Failure("Unknown macro: opcode_target_1")
SHLD08P.ITM : FAILURE: opcode 232: Failure("Opcode 326: Failure(\"Unknown macro: opcode_target_1\")")
SOAITM27.ITM : Opcode 115: Unknow target : 4 
SOAITM30.ITM : Opcode 115: Unknow target : 4 
SPER12.ITM : Opcode 206 : La ressource cdsw1h58.spl n'existe pas.
SPER12.ITM : Opcode 206 : La ressource cdmound.spl n'existe pas.
SPER12.ITM : Opcode 206 : La ressource cdhgnya1.spl n'existe pas.
SPRNGB03.ITM : Opcode 206 : La ressource cdsw1h58.spl n'existe pas.
SPRNGB03.ITM : Opcode 206 : La ressource cdmound.spl n'existe pas.
SPRNGB03.ITM : Opcode 206 : La ressource cdhgnya1.spl n'existe pas.
SPRNGB04.ITM : Opcode 206 : La ressource cdsw1h58.spl n'existe pas.
SPRNGB04.ITM : Opcode 206 : La ressource cdmound.spl n'existe pas.
SPRNGB04.ITM : Opcode 206 : La ressource cdhgnya1.spl n'existe pas.
SPRNGL03.ITM : Opcode 206 : La ressource cdsw1h58.spl n'existe pas.
SPRNGL03.ITM : Opcode 206 : La ressource cdmound.spl n'existe pas.
SPRNGL03.ITM : Opcode 206 : La ressource cdhgnya1.spl n'existe pas.
SPRNGL04.ITM : Opcode 206 : La ressource cdsw1h58.spl n'existe pas.
SPRNGL04.ITM : Opcode 206 : La ressource cdmound.spl n'existe pas.
SPRNGL04.ITM : Opcode 206 : La ressource cdhgnya1.spl n'existe pas.
SPRNGS01.ITM : Opcode 206 : La ressource cdsw1h58.spl n'existe pas.
SPRNGS01.ITM : Opcode 206 : La ressource cdmound.spl n'existe pas.
SPRNGS01.ITM : Opcode 206 : La ressource cdhgnya1.spl n'existe pas.
SPRNGS02.ITM : Opcode 206 : La ressource cdsw1h58.spl n'existe pas.
SPRNGS02.ITM : Opcode 206 : La ressource cdmound.spl n'existe pas.
SPRNGS02.ITM : Opcode 206 : La ressource cdhgnya1.spl n'existe pas.
SPRNGS03.ITM : Opcode 206 : La ressource cdsw1h58.spl n'existe pas.
SPRNGS03.ITM : Opcode 206 : La ressource cdmound.spl n'existe pas.
SPRNGS03.ITM : Opcode 206 : La ressource cdhgnya1.spl n'existe pas.
SPRNGS04.ITM : Opcode 206 : La ressource cdsw1h58.spl n'existe pas.
SPRNGS04.ITM : Opcode 206 : La ressource cdmound.spl n'existe pas.
SPRNGS04.ITM : Opcode 206 : La ressource cdhgnya1.spl n'existe pas.
SPRNGZ05.ITM : Opcode 206 : La ressource cdsw1h58.spl n'existe pas.
SPRNGZ05.ITM : Opcode 206 : La ressource cdmound.spl n'existe pas.
SPRNGZ05.ITM : Opcode 206 : La ressource cdhgnya1.spl n'existe pas.
STAF11.ITM : Opcode 81: Les 2 parametres doivent avoir la valeur 0
SUREHP1.ITM : Opcode 206 : La ressource cdsw1h58.spl n'existe pas.
SUREHP1.ITM : Opcode 206 : La ressource cdmound.spl n'existe pas.
SUREHP1.ITM : Opcode 206 : La ressource cdhgnya1.spl n'existe pas.
SW1H43.ITM : Opcode 146 : La ressource sw1h43.spl n'existe pas.
SW1H46.ITM : Opcode 146 : La ressource sw1h46.spl n'existe pas.
SW1H48.ITM : Opcode 146 : La ressource sw1h48.spl n'existe pas.
SW1H68C.ITM : Opcode 112 à gérer.
SW1H69C.ITM : Opcode 112 à gérer.
SW1P01.ITM : Unknown macro: opcode_target_233
SW1P01.ITM : FAILURE: opcode 232: Failure("Unknown macro: opcode_target_233")
SW2H06.ITM : Opcode 206 : La ressource cdsw1h58.spl n'existe pas.
SW2H06.ITM : Opcode 206 : La ressource cdmound.spl n'existe pas.
SW2H06.ITM : Opcode 206 : La ressource cdhgnya1.spl n'existe pas.
SW2H10.ITM : Opcode 81: Les 2 parametres doivent avoir la valeur 0
SW2H13.ITM : Opcode 206 : La ressource cdsw1h58.spl n'existe pas.
SW2H13.ITM : Opcode 206 : La ressource cdmound.spl n'existe pas.
SW2H13.ITM : Opcode 206 : La ressource cdhgnya1.spl n'existe pas.
SW2H19.ITM : Opcode 81: Les 2 parametres doivent avoir la valeur 0
SW2HD1.ITM : Opcode 321 : La ressource ohdsw1.itm n'existe pas.
SW2HD1.ITM : Opcode 321 : no names of spells or items found
SW2HD1.ITM : Opcode 321 : La ressource ohdsw1.itm n'existe pas.
SW2HD1.ITM : Opcode 321 : no names of spells or items found
TROLLREG.ITM : Opcode 112 à gérer.
TROLLREG.ITM : Opcode 4: Les 2 parametres doivent avoir la valeur 0
TROLLREG.ITM : Opcode 75: Les 2 parametres doivent avoir la valeur 0
TROLLREG.ITM : Opcode 77: Les 2 parametres doivent avoir la valeur 0
TROLLREG.ITM : Opcode 81: Les 2 parametres doivent avoir la valeur 0
TROLLREG.ITM : Opcode 79: Les 2 parametres doivent avoir la valeur 0
TROLLREG.ITM : Opcode 112 à gérer.
WA2SHIEL.ITM : Opcode 197 : Réflection du type de projectile '320'
WQXMAIN.ITM : Opcode 112 à gérer.
