	
BW05JUAR.ITM : Opcode 0: parameter1 equal to 0 for a bonus/malus to the armor class.
C0MLEAT.ITM : Opcode 0: parameter1 equal to 0 for a bonus/malus to the armor class.
C2SW1H01.ITM : Opcode 177: Invalid ids entry : race.ids (0)
CM1H07.ITM : Opcode 177: Invalid ids entry : ea.ids (8)
CM1H07.ITM : Opcode 177: Invalid ids entry : ea.ids (8)
CM1H07.ITM : Opcode 177: Invalid ids entry : general.ids (8)
COMH01.ITM : Opcode 0: parameter1 equal to 0 for a bonus/malus to the armor class.
DAGG19.ITM : Opcode 42: Invalid parameter1/parameter2 10/0
DWCHAN02.ITM : Opcode 0: parameter1 equal to 0 for a bonus/malus to the armor class.
FINSAREV.ITM : Opcode 0: parameter1 equal to 0 for a bonus/malus to the armor class.
FINSRV.ITM : Opcode 0: parameter1 equal to 0 for a bonus/malus to the armor class.
MORB03.ITM : Opcode 177: Invalid ids entry : specific.ids (134)
MORB03.ITM : Opcode 177: Invalid ids entry : specific.ids (134)
OHBREW02.ITM : Opcode 177: The resref parameter is empty
PRINCESS.ITM : Opcode 238: Wrong ids file : 24
SHLD06P.ITM : Opcode 178: Wrong ids file : 255
SOLAK1B.ITM : Opcode 84: No change detected: Value = Value + 0.
SW1H50.ITM : Opcode 55: Invalid ids entry : specific.ids (243)

Reussis : 2478
Echoues : 0
Ignores : 2420
   Maudits : 0
   Sans description : 0
   Non deplacables : 0
   Type non gere : 2420

Total : 4898

Opcodes a coder : 18
