	
A7!EQMG.ITM : Opcode 83 : Type de projectile '226'
A7!EQMG.ITM : Opcode 83 : Type de projectile '227'
A7!EQMG.ITM : Opcode 83 : Type de projectile '229'
A7!EQMG.ITM : Opcode 83 : Type de projectile '231'
A7!FAM.ITM : opcode 101: Traduction 11010017 manquante
ABAZRING.ITM : Opcode 206 : La ressource cdsw1h58.spl n'existe pas.
ABAZRING.ITM : Opcode 206 : La ressource cdmound.spl n'existe pas.
ABAZRING.ITM : Opcode 206 : La ressource cdhgnya1.spl n'existe pas.
ALDETH.ITM : Opcode 206 : La ressource cdsw1h58.spl n'existe pas.
ALDETH.ITM : Opcode 206 : La ressource cdmound.spl n'existe pas.
ALDETH.ITM : Opcode 206 : La ressource cdhgnya1.spl n'existe pas.
AMSOUL01.ITM : Opcode 321 : no names of spells or items found
AMSOUL01.ITM : Opcode 321 : no names of spells or items found
AMSOUL01.ITM : Opcode 321 : no names of spells or items found
AMSOUL01.ITM : Opcode 321 : no names of spells or items found
AMSOUL01.ITM : Opcode 321 : no names of spells or items found
AMSOUL01.ITM : Opcode 321 : no names of spells or items found
AMSOUL01.ITM : Opcode 321 : no names of spells or items found
AMSOUL01.ITM : Opcode 321 : no names of spells or items found
AMSOUL01.ITM : Opcode 321 : no names of spells or items found
AX1H19.ITM : Opcode 81: Les 2 parametres doivent avoir la valeur 0
BAZPATRG.ITM : Opcode 206 : La ressource cdsw1h58.spl n'existe pas.
BAZPATRG.ITM : Opcode 206 : La ressource cdmound.spl n'existe pas.
BAZPATRG.ITM : Opcode 206 : La ressource cdhgnya1.spl n'existe pas.
BDAMUL08.ITM : FAILURE: Unknown macro: opcode_self_219
BDAX1H02.ITM : Opcode 318 : self avec parameter1 et parameter2 différent de 0
BDAX1H05.ITM : Opcode 318 : self avec parameter1 et parameter2 différent de 0
BDBLUN04.ITM : FAILURE: opcode 12: Failure("BDBLUN04.ITM: opcode_12_common: mode 3 a gerer : la cible perd 15 % de ses pv max")
BDBLUN04.ITM : FAILURE: opcode 341: Failure("Opcode 12: Failure(\"BDBLUN04.ITM: opcode_12_common: mode 3 a gerer : la cible perd 15 % de ses pv max\")")
BDBOW01.ITM : Opcode 318 : self avec parameter1 et parameter2 différent de 0
BDCHANCA.ITM : FAILURE: Unknown macro: opcode_self_219
BDCLCK04.ITM : FAILURE: Unknown macro: opcode_self_219
BDRING03.ITM : FAILURE: Unknown macro: opcode_self_219
BDRING09.ITM : Opcode 206 : La ressource cdsw1h58.spl n'existe pas.
BDRING09.ITM : Opcode 206 : La ressource cdmound.spl n'existe pas.
BDRING09.ITM : Opcode 206 : La ressource cdhgnya1.spl n'existe pas.
BDRING10.ITM : FAILURE: Unknown macro: opcode_self_219
BDSW1H03.ITM : FAILURE: Unknown macro: opcode_self_219
BDSW1H03.ITM : FAILURE: Unknown macro: opcode_self_219
BDSW1H07.ITM : FAILURE: Unknown macro: opcode_self_219
BDSW1H25.ITM : Opcode 81: Les 2 parametres doivent avoir la valeur 0
BEHOLDER.ITM : Opcode 206 : La ressource cdsw1h58.spl n'existe pas.
BEHOLDER.ITM : Opcode 206 : La ressource cdmound.spl n'existe pas.
BEHOLDER.ITM : Opcode 206 : La ressource cdhgnya1.spl n'existe pas.
BLUN23.ITM : Opcode 177 : La ressource mobln232.eff n'existe pas.
BLUN23.ITM : Opcode 177 : La ressource mobln231.eff n'existe pas.
BOOTMOA.ITM : Opcode 206 : La ressource talongf.spl n'existe pas.
C2AMUL01.ITM : Opcode 318 : La ressource wand13.spl n'existe pas.
C2KELD01.ITM : Opcode 206 : La ressource cdsw1h58.spl n'existe pas.
C2KELD01.ITM : Opcode 206 : La ressource cdmound.spl n'existe pas.
C2KELD01.ITM : Opcode 206 : La ressource cdhgnya1.spl n'existe pas.
C2LEAT01.ITM : FAILURE: Unknown macro: opcode_self_219
C2LEAT01.ITM : Opcode 318 : La ressource wand13.spl n'existe pas.
C2MAZZ01.ITM : Opcode 206 : La ressource cdsw1h58.spl n'existe pas.
C2MAZZ01.ITM : Opcode 206 : La ressource cdmound.spl n'existe pas.
C2MAZZ01.ITM : Opcode 206 : La ressource cdhgnya1.spl n'existe pas.
C2RING04.ITM : Opcode 180 : La ressource RING08A.itm n'existe pas.
C2SW1H01.ITM : FAILURE: Unknown macro: opcode_self_219
C2SW2H02.ITM : Opcode 166: Target est none
CDHGTRL.ITM : Opcode 101: Target est none
CDHGTRL.ITM : Opcode 101: Target est none
CDHGTRL.ITM : Opcode 112 à gérer.
CDHGTRL.ITM : Opcode 4: Les 2 parametres doivent avoir la valeur 0
CDHGTRL.ITM : Opcode 75: Les 2 parametres doivent avoir la valeur 0
CDHGTRL.ITM : Opcode 77: Les 2 parametres doivent avoir la valeur 0
CDHGTRL.ITM : Opcode 81: Les 2 parametres doivent avoir la valeur 0
CDHGTRL.ITM : Opcode 79: Les 2 parametres doivent avoir la valeur 0
CDHGTRL.ITM : Opcode 112 à gérer.
CDPP31.ITM : Opcode 318 : La ressource wand13.spl n'existe pas.
CDTORGAL.ITM : Opcode 101: Target est none
CDTORGAL.ITM : Opcode 101: Target est none
CDTORGAL.ITM : Opcode 112 à gérer.
CDTORGAL.ITM : Opcode 4: Les 2 parametres doivent avoir la valeur 0
CDTORGAL.ITM : Opcode 75: Les 2 parametres doivent avoir la valeur 0
CDTORGAL.ITM : Opcode 77: Les 2 parametres doivent avoir la valeur 0
CDTORGAL.ITM : Opcode 81: Les 2 parametres doivent avoir la valeur 0
CDTORGAL.ITM : Opcode 79: Les 2 parametres doivent avoir la valeur 0
CDTORGAL.ITM : Opcode 112 à gérer.
CDTRLBLZ.ITM : Opcode 101: Target est none
CDTRLBLZ.ITM : Opcode 101: Target est none
CDTRLBLZ.ITM : Opcode 112 à gérer.
CDTRLBLZ.ITM : Opcode 4: Les 2 parametres doivent avoir la valeur 0
CDTRLBLZ.ITM : Opcode 75: Les 2 parametres doivent avoir la valeur 0
CDTRLBLZ.ITM : Opcode 77: Les 2 parametres doivent avoir la valeur 0
CDTRLBLZ.ITM : Opcode 81: Les 2 parametres doivent avoir la valeur 0
CDTRLBLZ.ITM : Opcode 79: Les 2 parametres doivent avoir la valeur 0
CDTRLBLZ.ITM : Opcode 112 à gérer.
CHAINBM.ITM : Opcode 318 : La ressource umbergaz.spl n'existe pas.
CLCK24.ITM : Opcode 197 : Réflection du type de projectile '219'
CLCK24.ITM : Opcode 197 : Réflection du type de projectile '205'
CLCK24.ITM : Opcode 197 : Réflection du type de projectile '320'
CM1H01.ITM : Opcode 179: Probability error : <= 0
CM1H01.ITM : Opcode 179: Probability error : <= 0
COMH01.ITM : Opcode 0: Target est none
DEVA.ITM : Opcode 81: Les 2 parametres doivent avoir la valeur 0
DEVAEVIL.ITM : Opcode 81: Les 2 parametres doivent avoir la valeur 0
DGI016.ITM : FAILURE: Unknown macro: opcode_self_219
DRAGRING.ITM : Opcode 206 : La ressource cdsw1h58.spl n'existe pas.
DRAGRING.ITM : Opcode 206 : La ressource cdmound.spl n'existe pas.
DRAGRING.ITM : Opcode 206 : La ressource cdhgnya1.spl n'existe pas.
ESXVIC.ITM : FAILURE: Unknown macro: opcode_self_219
ETTERC.ITM : Opcode 318 : self avec parameter1 et parameter2 différent de 0
ETTERC.ITM : Opcode 318 : self avec parameter1 et parameter2 différent de 0
FINSAREV.ITM : Opcode 0: Target est none
FINSOL01.ITM : Opcode 77: Les 2 parametres doivent avoir la valeur 0
FINSOL01.ITM : Opcode 81: Les 2 parametres doivent avoir la valeur 0
FINSRV.ITM : Opcode 0: Target est none
FREERING.ITM : Opcode 206 : La ressource cdsw1h58.spl n'existe pas.
FREERING.ITM : Opcode 206 : La ressource cdmound.spl n'existe pas.
FREERING.ITM : Opcode 206 : La ressource cdhgnya1.spl n'existe pas.
FSSPIR.ITM : Opcode 206 : La ressource cdsw1h58.spl n'existe pas.
FSSPIR.ITM : Opcode 206 : La ressource cdmound.spl n'existe pas.
FSSPIR.ITM : Opcode 206 : La ressource cdhgnya1.spl n'existe pas.
GBASIL.ITM : Opcode 318 : self avec parameter1 et parameter2 différent de 0
GBASIL.ITM : Opcode 318 : self avec parameter1 et parameter2 différent de 0
GISPID.ITM : Opcode 318 : self avec parameter1 et parameter2 différent de 0
GISPID.ITM : Opcode 318 : self avec parameter1 et parameter2 différent de 0
GORCHR.ITM : Opcode 206 : La ressource cdsw1h58.spl n'existe pas.
GORCHR.ITM : Opcode 206 : La ressource cdmound.spl n'existe pas.
GORCHR.ITM : Opcode 206 : La ressource cdhgnya1.spl n'existe pas.
HARM.ITM : FAILURE: opcode 12: Failure("HARM.ITM: opcode_12_common: mode 1 a gerer : les points de vie de la cible passent a 1")
HELM35.ITM : Opcode 83: TODO: self_probability
HOLDRING.ITM : Opcode 206 : La ressource cdsw1h58.spl n'existe pas.
HOLDRING.ITM : Opcode 206 : La ressource cdmound.spl n'existe pas.
HOLDRING.ITM : Opcode 206 : La ressource cdhgnya1.spl n'existe pas.
HUSPID.ITM : Opcode 318 : self avec parameter1 et parameter2 différent de 0
HUSPID.ITM : Opcode 318 : self avec parameter1 et parameter2 différent de 0
IMASK1.ITM : Opcode 101: Target est none
IMMCLOUD.ITM : Opcode 83 : Type de projectile '94'
IMMUNE3.ITM : Opcode 233: Proficiency not found : 128
IMMUNE4.ITM : Opcode 233: Proficiency not found : 128
INVULNER.ITM : Opcode 206 : La ressource cdsw1h58.spl n'existe pas.
INVULNER.ITM : Opcode 206 : La ressource cdmound.spl n'existe pas.
INVULNER.ITM : Opcode 206 : La ressource cdhgnya1.spl n'existe pas.
JWSUPER.ITM : Opcode 206 : La ressource cdsw1h58.spl n'existe pas.
JWSUPER.ITM : Opcode 206 : La ressource cdmound.spl n'existe pas.
JWSUPER.ITM : Opcode 206 : La ressource cdhgnya1.spl n'existe pas.
L#NDSW1.ITM : opcode 326: Traduction 13260076 manquante
L#NDSW2.ITM : FAILURE: Unknown macro: opcode_self_219
L#NILA6.ITM : FAILURE: Unknown macro: opcode_self_219
L#NILA6.ITM : FAILURE: Unknown macro: opcode_self_219
L#NILA6.ITM : FAILURE: Unknown macro: opcode_self_219
L#NIMASM.ITM : FAILURE: Unknown macro: opcode_self_219
L#NISCA.ITM : FAILURE: Unknown macro: opcode_self_219
L#NSSW1.ITM : FAILURE: Unknown macro: opcode_self_219
L#NSSW1.ITM : FAILURE: Unknown macro: opcode_self_219
L#NSSW2.ITM : FAILURE: Unknown macro: opcode_self_219
L#NSSW2.ITM : FAILURE: Unknown macro: opcode_self_219
L#NSSW4.ITM : FAILURE: Unknown macro: opcode_self_219
L#NSSW4.ITM : FAILURE: Unknown macro: opcode_self_219
LUCKY.ITM : Opcode 206 : La ressource chance.spl n'existe pas.
MAGE05.ITM : Opcode 206 : La ressource cdsw1h58.spl n'existe pas.
MAGE05.ITM : Opcode 206 : La ressource cdmound.spl n'existe pas.
MAGE05.ITM : Opcode 206 : La ressource cdhgnya1.spl n'existe pas.
MO1H50.ITM : Opcode 324 : Immunité à une ressource (spl ou itm) différente de l'objet : MISC75
MO1H50.ITM : Opcode 324 : Immunité à une ressource (spl ou itm) différente de l'objet : MISC75
MOAX01.ITM : Opcode 206 : La ressource kla#deqd.spl n'existe pas.
MOCLK05.ITM : Opcode 206 : La ressource kla#deqd.spl n'existe pas.
MODAG01.ITM : Opcode 341 : La ressource modag01.spl n'existe pas.
MODAG01.ITM : La ressource MODAG01.spl n'existe pas.
MOMS01.ITM : Opcode 324 : Immunité à une ressource (spl ou itm) différente de l'objet : DAGG13
MOMS01.ITM : Opcode 324 : Immunité à une ressource (spl ou itm) différente de l'objet : DAGG13
MORB03.ITM : Opcode 233: Proficiency not found : 118
MOSTA01.ITM : Opcode 324 : Immunité à une ressource (spl ou itm) différente de l'objet : RING30
MOSTA01.ITM : Opcode 324 : Immunité à une ressource (spl ou itm) différente de l'objet : RING30
NPPLAT.ITM : Opcode 206 : La ressource cdsw1h58.spl n'existe pas.
NPPLAT.ITM : Opcode 206 : La ressource cdmound.spl n'existe pas.
NPPLAT.ITM : Opcode 206 : La ressource cdhgnya1.spl n'existe pas.
O#BRGLOV.ITM : Opcode 73: Target est none
OBJRING.ITM : Opcode 206 : La ressource cdsw1h58.spl n'existe pas.
OBJRING.ITM : Opcode 206 : La ressource cdmound.spl n'existe pas.
OBJRING.ITM : Opcode 206 : La ressource cdhgnya1.spl n'existe pas.
OHBRAC01.ITM : Opcode 248 : La ressource OHBRAC01.eff n'existe pas.
OHRWILC1.ITM : Opcode 233: Proficiency not found : 108
OHRWILC2.ITM : Opcode 233: Proficiency not found : 108
OHRWILC3.ITM : Opcode 233: Proficiency not found : 108
OHRWILC4.ITM : Opcode 233: Proficiency not found : 108
OHRWILC5.ITM : Opcode 233: Proficiency not found : 108
PALRING.ITM : Opcode 206 : La ressource cdsw1h58.spl n'existe pas.
PALRING.ITM : Opcode 206 : La ressource cdmound.spl n'existe pas.
PALRING.ITM : Opcode 206 : La ressource cdhgnya1.spl n'existe pas.
PHSPID.ITM : Opcode 318 : self avec parameter1 et parameter2 différent de 0
PHSPID.ITM : Opcode 318 : self avec parameter1 et parameter2 différent de 0
PLANETAR.ITM : Opcode 81: Les 2 parametres doivent avoir la valeur 0
PLYJELLY.ITM : Opcode 318 : La ressource wand13.spl n'existe pas.
PLYWYVRN.ITM : Opcode 206 : La ressource cdhgnya1.spl n'existe pas.
PLYWYVRN.ITM : Opcode 206 : La ressource cdmound.spl n'existe pas.
PLYWYVRN.ITM : Opcode 206 : La ressource cdsw1h58.spl n'existe pas.
REG1HP2.ITM : Opcode 112 à gérer.
REG1HP2.ITM : Opcode 4: Les 2 parametres doivent avoir la valeur 0
REG1HP2.ITM : Opcode 75: Les 2 parametres doivent avoir la valeur 0
REG1HP2.ITM : Opcode 77: Les 2 parametres doivent avoir la valeur 0
REG1HP2.ITM : Opcode 81: Les 2 parametres doivent avoir la valeur 0
REG1HP2.ITM : Opcode 79: Les 2 parametres doivent avoir la valeur 0
RING09.ITM : Opcode 206 : La ressource cdsw1h58.spl n'existe pas.
RING09.ITM : Opcode 206 : La ressource cdmound.spl n'existe pas.
RING09.ITM : Opcode 206 : La ressource cdhgnya1.spl n'existe pas.
RING97.ITM : Opcode 206 : La ressource cdsw1h58.spl n'existe pas.
RING97.ITM : Opcode 206 : La ressource cdmound.spl n'existe pas.
RING97.ITM : Opcode 206 : La ressource cdhgnya1.spl n'existe pas.
ROSSRING.ITM : Opcode 206 : La ressource cdsw1h58.spl n'existe pas.
ROSSRING.ITM : Opcode 206 : La ressource cdmound.spl n'existe pas.
ROSSRING.ITM : Opcode 206 : La ressource cdhgnya1.spl n'existe pas.
SHALT01.ITM : Opcode 206 : La ressource cdsw1h58.spl n'existe pas.
SHALT01.ITM : Opcode 206 : La ressource cdmound.spl n'existe pas.
SHALT01.ITM : Opcode 206 : La ressource cdhgnya1.spl n'existe pas.
SHLD06P.ITM : FAILURE: Unknown macro: opcode_self_219
SHLD06P.ITM : FAILURE: Unknown macro: opcode_self_219
SHLD07P.ITM : FAILURE: Unknown macro: opcode_self_219
SHLD07P.ITM : FAILURE: Unknown macro: opcode_self_219
SHLD07P.ITM : FAILURE: Unknown macro: opcode_self_219
SHLD07P.ITM : FAILURE: Unknown macro: opcode_self_219
SHLD08P.ITM : Unknown macro: opcode_target_1
SHLD08P.ITM : FAILURE: opcode 326: Failure("Unknown macro: opcode_target_1")
SHLD08P.ITM : FAILURE: opcode 232: Failure("Opcode 326: Failure(\"Unknown macro: opcode_target_1\")")
SHLD08P.ITM : Unknown macro: opcode_target_1
SHLD08P.ITM : FAILURE: opcode 326: Failure("Unknown macro: opcode_target_1")
SHLD08P.ITM : FAILURE: opcode 232: Failure("Opcode 326: Failure(\"Unknown macro: opcode_target_1\")")
SOAITM27.ITM : Opcode 115: Unknow target : 4 
SOAITM30.ITM : Opcode 115: Unknow target : 4 
SOLAK1.ITM : opcode 206 : timing 10
SOLAK1.ITM : opcode 206 : timing 10
SOLAK1B.ITM : FAILURE: Unknown macro: opcode_self_219
SORB.ITM : Opcode 74: Les 2 parametres doivent avoir la valeur 0
SORB.ITM : Opcode 74: Les 2 parametres doivent avoir la valeur 0
SPRNGB03.ITM : Opcode 206 : La ressource cdsw1h58.spl n'existe pas.
SPRNGB03.ITM : Opcode 206 : La ressource cdmound.spl n'existe pas.
SPRNGB03.ITM : Opcode 206 : La ressource cdhgnya1.spl n'existe pas.
SPRNGB04.ITM : Opcode 206 : La ressource cdsw1h58.spl n'existe pas.
SPRNGB04.ITM : Opcode 206 : La ressource cdmound.spl n'existe pas.
SPRNGB04.ITM : Opcode 206 : La ressource cdhgnya1.spl n'existe pas.
SPRNGL03.ITM : Opcode 206 : La ressource cdsw1h58.spl n'existe pas.
SPRNGL03.ITM : Opcode 206 : La ressource cdmound.spl n'existe pas.
SPRNGL03.ITM : Opcode 206 : La ressource cdhgnya1.spl n'existe pas.
SPRNGL04.ITM : Opcode 206 : La ressource cdsw1h58.spl n'existe pas.
SPRNGL04.ITM : Opcode 206 : La ressource cdmound.spl n'existe pas.
SPRNGL04.ITM : Opcode 206 : La ressource cdhgnya1.spl n'existe pas.
SPRNGS01.ITM : Opcode 206 : La ressource cdsw1h58.spl n'existe pas.
SPRNGS01.ITM : Opcode 206 : La ressource cdmound.spl n'existe pas.
SPRNGS01.ITM : Opcode 206 : La ressource cdhgnya1.spl n'existe pas.
SPRNGS02.ITM : Opcode 206 : La ressource cdsw1h58.spl n'existe pas.
SPRNGS02.ITM : Opcode 206 : La ressource cdmound.spl n'existe pas.
SPRNGS02.ITM : Opcode 206 : La ressource cdhgnya1.spl n'existe pas.
SPRNGS03.ITM : Opcode 206 : La ressource cdsw1h58.spl n'existe pas.
SPRNGS03.ITM : Opcode 206 : La ressource cdmound.spl n'existe pas.
SPRNGS03.ITM : Opcode 206 : La ressource cdhgnya1.spl n'existe pas.
SPRNGS04.ITM : Opcode 206 : La ressource cdsw1h58.spl n'existe pas.
SPRNGS04.ITM : Opcode 206 : La ressource cdmound.spl n'existe pas.
SPRNGS04.ITM : Opcode 206 : La ressource cdhgnya1.spl n'existe pas.
SPRNGZ05.ITM : Opcode 206 : La ressource cdsw1h58.spl n'existe pas.
SPRNGZ05.ITM : Opcode 206 : La ressource cdmound.spl n'existe pas.
SPRNGZ05.ITM : Opcode 206 : La ressource cdhgnya1.spl n'existe pas.
STAF10.ITM : Opcode 321 : no names of spells or items found
STAF10.ITM : Opcode 321 : no names of spells or items found
STAF10.ITM : Opcode 321 : no names of spells or items found
STAF10.ITM : Opcode 321 : no names of spells or items found
STAF10.ITM : Opcode 321 : no names of spells or items found
STAF10.ITM : Opcode 321 : no names of spells or items found
STAF10.ITM : Opcode 321 : no names of spells or items found
STAF10.ITM : Opcode 321 : no names of spells or items found
STAF10.ITM : Opcode 321 : no names of spells or items found
STAF11.ITM : FAILURE: Unknown macro: opcode_self_219
STAF11.ITM : Opcode 81: Les 2 parametres doivent avoir la valeur 0
SUREHP1.ITM : Opcode 206 : La ressource cdsw1h58.spl n'existe pas.
SUREHP1.ITM : Opcode 206 : La ressource cdmound.spl n'existe pas.
SUREHP1.ITM : Opcode 206 : La ressource cdhgnya1.spl n'existe pas.
SW1H23.ITM : Opcode 341 : La ressource mo1h23.spl n'existe pas.
SW1H23.ITM : La ressource mo1h23.spl n'existe pas.
SW1H34.ITM : Opcode 318: Unknow target : 4 
SW1H34.ITM : Opcode 318: Unknow target : 4 
SW1H34.ITM : Opcode 116: Unknow target : 4 
SW1H43.ITM : Opcode 146 : La ressource sw1h43.spl n'existe pas.
SW1H46.ITM : Opcode 146 : La ressource sw1h46.spl n'existe pas.
SW1H48.ITM : Opcode 146 : La ressource sw1h48.spl n'existe pas.
SW1H64.ITM : opcode 101: Traduction 11012216 manquante
SW1H65.ITM : Opcode 321 : no names of spells or items found
SW1H65.ITM : Opcode 321 : no names of spells or items found
SW1H65.ITM : Opcode 321 : no names of spells or items found
SW1H65.ITM : Opcode 321 : no names of spells or items found
SW1H65.ITM : Opcode 321 : no names of spells or items found
SW1H65.ITM : Opcode 321 : no names of spells or items found
SW1H65.ITM : Opcode 321 : no names of spells or items found
SW1H65.ITM : Opcode 321 : no names of spells or items found
SW1H65.ITM : Opcode 321 : no names of spells or items found
SW1H65.ITM : opcode 101: Traduction 11012216 manquante
SW1H65.ITM : opcode 101: Traduction 11012024 manquante
SW1H65.ITM : opcode 101: Traduction 11012106 manquante
SW1H65.ITM : opcode 101: Traduction 11012023 manquante
SW1H65.ITM : opcode 101: Traduction 11012076 manquante
SW1H65.ITM : opcode 101: Traduction 11012128 manquante
SW1P01.ITM : Unknown macro: opcode_target_233
SW1P01.ITM : FAILURE: opcode 232: Failure("Unknown macro: opcode_target_233")
SW1P01.ITM : Opcode 134: Les 2 parametres doivent avoir la valeur 0
SW1P01.ITM : Opcode 134: Les 2 parametres doivent avoir la valeur 0
SW1P01.ITM : Opcode 318 : self_probability avec parameter1 et parameter2 différent de 0
SW1P01.ITM : Opcode 318 : self_probability avec parameter1 et parameter2 différent de 0
SW2H06.ITM : Opcode 206 : La ressource cdsw1h58.spl n'existe pas.
SW2H06.ITM : Opcode 206 : La ressource cdmound.spl n'existe pas.
SW2H06.ITM : Opcode 206 : La ressource cdhgnya1.spl n'existe pas.
SW2H10.ITM : Opcode 81: Les 2 parametres doivent avoir la valeur 0
SW2H13.ITM : Opcode 206 : La ressource cdsw1h58.spl n'existe pas.
SW2H13.ITM : Opcode 206 : La ressource cdmound.spl n'existe pas.
SW2H13.ITM : Opcode 206 : La ressource cdhgnya1.spl n'existe pas.
SW2H19.ITM : Opcode 81: Les 2 parametres doivent avoir la valeur 0
SW2HD1.ITM : Opcode 321 : no names of spells or items found
SW2HD1.ITM : Opcode 321 : no names of spells or items found
TROLLREG.ITM : Opcode 101: Target est none
TROLLREG.ITM : Opcode 101: Target est none
TROLLREG.ITM : Opcode 112 à gérer.
TROLLREG.ITM : Opcode 4: Les 2 parametres doivent avoir la valeur 0
TROLLREG.ITM : Opcode 75: Les 2 parametres doivent avoir la valeur 0
TROLLREG.ITM : Opcode 77: Les 2 parametres doivent avoir la valeur 0
TROLLREG.ITM : Opcode 81: Les 2 parametres doivent avoir la valeur 0
TROLLREG.ITM : Opcode 79: Les 2 parametres doivent avoir la valeur 0
TROLLREG.ITM : Opcode 112 à gérer.
UBSNORNG.ITM : Opcode 292: Target est none
WA2AMU.ITM : FAILURE: Unknown macro: opcode_self_219
WA2SHIEL.ITM : Opcode 197 : Réflection du type de projectile '320'
WQXSWQ1.ITM : Opcode 55: has no effect : levelMin (6) > levelMax (5) 
ZZE6PE.ITM : Opcode 177 : La ressource ZZE6PEH.eff n'existe pas.
ZZE6PE.ITM : Opcode 177 : La ressource ZZE6PED.eff n'existe pas.
ZZM5MH.ITM : Opcode 177 : La ressource zzm5mhH.eff n'existe pas.
ZZM5MH.ITM : Opcode 177 : La ressource zzm5mhD.eff n'existe pas.
ZZS6SC.ITM : Opcode 177 : La ressource ZZS6SCH.eff n'existe pas.
ZZS6SC.ITM : Opcode 177 : La ressource ZZS6SCD.eff n'existe pas.
