	
wzrdbelt.itm : Opcode 83 : Type de projectile '318'
wzrdbelt.itm : Opcode 83 : Type de projectile '317'
wzrdbelt.itm : Opcode 83 : Type de projectile '316'
wzrdbelt.itm : Opcode 83 : Type de projectile '314'
wzrdbelt.itm : Opcode 83 : Type de projectile '313'
wzrdbelt.itm : Opcode 83 : Type de projectile '312'
wzrdbelt.itm : Opcode 83 : Type de projectile '310'
wzrdbelt.itm : Opcode 83 : Type de projectile '309'
wzrdbelt.itm : Opcode 83 : Type de projectile '308'
wzrdbelt.itm : Opcode 83 : Type de projectile '307'
wzrdbelt.itm : Opcode 83 : Type de projectile '306'
wzrdbelt.itm : Opcode 83 : Type de projectile '305'
wzrdbelt.itm : Opcode 83 : Type de projectile '304'
wzrdbelt.itm : Opcode 83 : Type de projectile '303'
wzrdbelt.itm : Opcode 83 : Type de projectile '302'
wzrdbelt.itm : Opcode 83 : Type de projectile '301'
wzrdbelt.itm : Opcode 83 : Type de projectile '300'
wzrdbelt.itm : Opcode 83 : Type de projectile '298'
wzrdbelt.itm : Opcode 83 : Type de projectile '297'
wzrdbelt.itm : Opcode 83 : Type de projectile '296'
wzrdbelt.itm : Opcode 83 : Type de projectile '295'
wzrdbelt.itm : Opcode 83 : Type de projectile '294'
wzrdbelt.itm : Opcode 83 : Type de projectile '293'
wzrdbelt.itm : Opcode 83 : Type de projectile '292'
wzrdbelt.itm : Opcode 83 : Type de projectile '291'
wzrdbelt.itm : Opcode 83 : Type de projectile '290'
wzrdbelt.itm : Opcode 83 : Type de projectile '289'
wzrdbelt.itm : Opcode 83 : Type de projectile '288'
wzrdbelt.itm : Opcode 83 : Type de projectile '287'
wzrdbelt.itm : Opcode 83 : Type de projectile '286'
wzrdbelt.itm : Opcode 83 : Type de projectile '284'
wzrdbelt.itm : Opcode 83 : Type de projectile '283'
wzrdbelt.itm : Opcode 83 : Type de projectile '11'
wzrdbelt.itm : Opcode 83 : Type de projectile '15'

Total : 8

Sans description : 0

Ignores : 1

Reussis : 7

Echoues : 0

Potions (TODO): 0

Munitions (TODO) : 0

Opcodes a coder : 55
