	
ABAZRING.ITM : Opcode 206 : La ressource cdsw1h58.spl n'existe pas.
ABAZRING.ITM : Opcode 206 : La ressource cdmound.spl n'existe pas.
ABAZRING.ITM : Opcode 206 : La ressource cdhgnya1.spl n'existe pas.
ALDETH.ITM : Opcode 206 : La ressource cdsw1h58.spl n'existe pas.
ALDETH.ITM : Opcode 206 : La ressource cdmound.spl n'existe pas.
ALDETH.ITM : Opcode 206 : La ressource cdhgnya1.spl n'existe pas.
AMUL17.ITM : Opcode 321 à gérer.
AMUL17.ITM : Opcode 321 à gérer.
ANTIWEB.ITM : Opcode 83 : Type de projectile '319'
ARROPHEO.ITM : Opcode 67 : La ressource pheogurd.cre n'existe pas.
ARROPHEO.ITM : Opcode 67 : La ressource pheogurd.cre n'existe pas.
ARROPHEO.ITM : FAILURE: opcode 67: Failure("Uninitialised return value: allegiance")
AURSTAF.ITM : Opcode 83 : Type de projectile '297'
AURSTAF.ITM : Opcode 83 : Type de projectile '283'
AURSTAF.ITM : Opcode 232 à gérer.
AX1H01.ITM : Opcode 319 à gérer.
AX1H02.ITM : Opcode 319 à gérer.
AX1H03.ITM : Opcode 319 à gérer.
AX1H04.ITM : Opcode 319 à gérer.
AX1H05.ITM : Opcode 319 à gérer.
AX1H06.ITM : Opcode 319 à gérer.
AX1H07.ITM : Opcode 319 à gérer.
AX1H08.ITM : Opcode 319 à gérer.
AX1H09.ITM : Opcode 319 à gérer.
AX1H10.ITM : Opcode 319 à gérer.
AX1H11.ITM : Opcode 319 à gérer.
AX1H12.ITM : Opcode 319 à gérer.
AX1H13.ITM : Opcode 319 à gérer.
AX1H14.ITM : Opcode 319 à gérer.
AX1H15.ITM : Opcode 319 à gérer.
AX1H16.ITM : Opcode 319 à gérer.
AX1H17.ITM : Opcode 319 à gérer.
BAZPATRG.ITM : Opcode 206 : La ressource cdsw1h58.spl n'existe pas.
BAZPATRG.ITM : Opcode 206 : La ressource cdmound.spl n'existe pas.
BAZPATRG.ITM : Opcode 206 : La ressource cdhgnya1.spl n'existe pas.
BDAMUL26.ITM : Opcode 319 à gérer.
bdvoid.spl : BDHAMM02.ITM : Opcode 146 : Nom du sort introuvable pour bdvoid.spl.
BDHELM16.ITM : Opcode 319 à gérer.
BDSPIRIM.ITM : Opcode 206 : La ressource BDBELDIS.spl n'existe pas.
BDSPNAIM.ITM : Opcode 206 : La ressource BDBELDIS.spl n'existe pas.
bdvoid.spl : BDSW1H06.ITM : Opcode 146 : Nom du sort introuvable pour bdvoid.spl.
BDSW2H01.ITM : Opcode 232 à gérer.
BDSW2H01.ITM : Opcode 341 : La ressource BDSW2H01.eff n'existe pas.
BEHOLDER.ITM : Opcode 206 : La ressource cdsw1h58.spl n'existe pas.
BEHOLDER.ITM : Opcode 206 : La ressource cdmound.spl n'existe pas.
BEHOLDER.ITM : Opcode 206 : La ressource cdhgnya1.spl n'existe pas.
BELTBW.ITM : Opcode 319 à gérer.
BELTSH.ITM : Opcode 319 à gérer.
sareveff.spl : BHAALHP1.ITM : Opcode 206 : Nom du sort introuvable pour sareveff.spl.
sareveff.spl : BHAALIMM.ITM : Opcode 206 : Nom du sort introuvable pour sareveff.spl.
BLUN30.ITM : Opcode 206 : La ressource cdsw1h58.spl n'existe pas.
BLUN30.ITM : Opcode 206 : La ressource cdmound.spl n'existe pas.
BLUN30.ITM : Opcode 206 : La ressource cdhgnya1.spl n'existe pas.
BOOT08.ITM : Opcode 272 à gérer.
BOW05.ITM : Opcode 319 à gérer.
BOW06.ITM : Opcode 319 à gérer.
BOW08.ITM : Opcode 319 à gérer.
BOW14.ITM : Opcode 319 à gérer.
BOW15.ITM : Opcode 319 à gérer.
BOW18.ITM : Opcode 319 à gérer.
BOW19.ITM : Opcode 319 à gérer.
BOW20.ITM : Opcode 319 à gérer.
BOW21.ITM : Opcode 319 à gérer.
BOW26.ITM : Opcode 319 à gérer.
BOW99.ITM : Opcode 319 à gérer.
BOWPHEO.ITM : Opcode 319 à gérer.
BRUENAXE.ITM : Opcode 319 à gérer.
BUMPRING.ITM : Opcode 300 à gérer.
CATTIBOW.ITM : Opcode 319 à gérer.
CDHGTRL.ITM : Opcode 232 à gérer.
CDTORGAL.ITM : Opcode 232 à gérer.
CDTRLBLZ.ITM : Opcode 232 à gérer.
CHALCY3.ITM : Opcode 321 à gérer.
CHALCY3.ITM : Opcode 321 à gérer.
spwi117a.spl : spwi117a.eff : Opcode 206 : Nom du sort introuvable pour spwi117a.spl.
spwi117a.spl : spwi117a.eff : Opcode 206 : Nom du sort introuvable pour spwi117a.spl.
spwi117a.spl : CHILLT.ITM : Opcode 146 : Nom du sort introuvable pour spwi117a.spl.
CLCK24.ITM : Opcode 197 : Réflection du type de projectile '219'
CLCK24.ITM : Opcode 197 : Réflection du type de projectile '212'
CLCK24.ITM : Opcode 197 : Réflection du type de projectile '206'
CLCK24.ITM : Opcode 197 : Réflection du type de projectile '205'
CLCK24.ITM : Opcode 197 : Réflection du type de projectile '84'
CLCK24.ITM : Opcode 197 : Réflection du type de projectile '83'
CLCK24.ITM : Opcode 197 : Réflection du type de projectile '82'
CLCK24.ITM : Opcode 197 : Réflection du type de projectile '81'
CLCK24.ITM : Opcode 197 : Réflection du type de projectile '80'
CLCK24.ITM : Opcode 197 : Réflection du type de projectile '320'
COMPB05.ITM : Opcode 319 à gérer.
COMPB06.ITM : Opcode 319 à gérer.
COMPB08.ITM : Opcode 319 à gérer.
COMPB14.ITM : Opcode 319 à gérer.
COMPB15.ITM : Opcode 319 à gérer.
COMPB18.ITM : Opcode 319 à gérer.
COMPB19.ITM : Opcode 319 à gérer.
COMPB20.ITM : Opcode 319 à gérer.
COMPB21.ITM : Opcode 319 à gérer.
COMPB26.ITM : Opcode 319 à gérer.
COMPS34.ITM : opcode 318: Traduction 105138 manquante
COMPS34.ITM : FAILURE: opcode 318: Not_found
spin104a.spl : COMPS63.ITM : Opcode 146 : Nom du sort introuvable pour spin104a.spl.
DAX1H01.ITM : Opcode 319 à gérer.
DEVA.ITM : Opcode 58: TODO EE : Dissipation des armes magiques à gerer : 131073
DEVAEVIL.ITM : Opcode 58: TODO EE : Dissipation des armes magiques à gerer : 131073
DRAGRING.ITM : Opcode 83 : Type de projectile '297'
DRAGRING.ITM : Opcode 83 : Type de projectile '283'
DRAGRING.ITM : Opcode 206 : La ressource cdsw1h58.spl n'existe pas.
DRAGRING.ITM : Opcode 206 : La ressource cdmound.spl n'existe pas.
DRAGRING.ITM : Opcode 206 : La ressource cdhgnya1.spl n'existe pas.
DWSW1H01.ITM : Opcode 319 à gérer.
ENSW2H.ITM : Opcode 319 à gérer.
ETTERC.ITM : Opcode 318 self à gérer
ETTERC.ITM : Opcode 318 self à gérer
ohbremov.spl : FAMMY.ITM : Opcode 206 : Nom du sort introuvable pour ohbremov.spl.
sareveff.spl : FINMEL01.ITM : Opcode 206 : Nom du sort introuvable pour sareveff.spl.
FINSOL01.ITM : Opcode 58: TODO EE : Dissipation des armes magiques à gerer : 131074
FREERING.ITM : Opcode 206 : La ressource cdsw1h58.spl n'existe pas.
FREERING.ITM : Opcode 206 : La ressource cdmound.spl n'existe pas.
FREERING.ITM : Opcode 206 : La ressource cdhgnya1.spl n'existe pas.
FSSPIR.ITM : Opcode 206 : La ressource cdsw1h58.spl n'existe pas.
FSSPIR.ITM : Opcode 206 : La ressource cdmound.spl n'existe pas.
FSSPIR.ITM : Opcode 206 : La ressource cdhgnya1.spl n'existe pas.
GBASIL.ITM : Opcode 318 self à gérer
GBASIL.ITM : Opcode 318 self à gérer
GIAFIR2.ITM : Opcode 319 à gérer.
GISPID.ITM : Opcode 318 self à gérer
GISPID.ITM : Opcode 318 self à gérer
spin643.spl : GORAIR.ITM : Opcode 206 : Nom du sort introuvable pour spin643.spl.
GORCHR.ITM : Opcode 206 : La ressource cdsw1h58.spl n'existe pas.
GORCHR.ITM : Opcode 206 : La ressource cdmound.spl n'existe pas.
GORCHR.ITM : Opcode 206 : La ressource cdhgnya1.spl n'existe pas.
spwi403d.spl : GORCHR.ITM : Opcode 206 : Nom du sort introuvable pour spwi403d.spl.
spwi418d.spl : GORCHR.ITM : Opcode 206 : Nom du sort introuvable pour spwi418d.spl.
sppr730d.spl : GORCHR.ITM : Opcode 206 : Nom du sort introuvable pour sppr730d.spl.
spin628.spl : GORMISTI.ITM : Opcode 206 : Nom du sort introuvable pour spin628.spl.
spin642.spl : GORMISTP.ITM : Opcode 206 : Nom du sort introuvable pour spin642.spl.
cftroll.eff : Opcode 123 à gérer.
HARM.ITM : FAILURE: opcode 12: Failure("HARM.ITM : Type de degat '4194305' pour le opcode 12 pas encore gere")
HOLDRING.ITM : Opcode 206 : La ressource cdsw1h58.spl n'existe pas.
HOLDRING.ITM : Opcode 206 : La ressource cdmound.spl n'existe pas.
HOLDRING.ITM : Opcode 206 : La ressource cdhgnya1.spl n'existe pas.
HUSPID.ITM : Opcode 318 self à gérer
HUSPID.ITM : Opcode 318 self à gérer
IAX1H01.ITM : Opcode 319 à gérer.
IMMCLOUD.ITM : Opcode 83 : Type de projectile '94'
IMMUNE3.ITM : Opcode 233: Proficiency not found : 128
IMMUNE4.ITM : Opcode 233: Proficiency not found : 128
INVULNER.ITM : Opcode 206 : La ressource cdsw1h58.spl n'existe pas.
INVULNER.ITM : Opcode 206 : La ressource cdmound.spl n'existe pas.
INVULNER.ITM : Opcode 206 : La ressource cdhgnya1.spl n'existe pas.
IPSION.ITM : Opcode 321 à gérer.
IPSION.ITM : Opcode 321 à gérer.
JWSUPER.ITM : Opcode 206 : La ressource cdsw1h58.spl n'existe pas.
JWSUPER.ITM : Opcode 206 : La ressource cdmound.spl n'existe pas.
JWSUPER.ITM : Opcode 206 : La ressource cdhgnya1.spl n'existe pas.
KORAX01.ITM : Opcode 319 à gérer.
LEAT23.ITM : Opcode 232 à gérer.
ohwi212.spl : MAGE03.ITM : Opcode 146 : Nom du sort introuvable pour ohwi212.spl.
MAGE05.ITM : Opcode 206 : La ressource cdsw1h58.spl n'existe pas.
MAGE05.ITM : Opcode 206 : La ressource cdmound.spl n'existe pas.
MAGE05.ITM : Opcode 206 : La ressource cdhgnya1.spl n'existe pas.
ohwi311.spl : MAGEBRAC.ITM : Opcode 146 : Nom du sort introuvable pour ohwi311.spl.
MISC5X.ITM : Opcode 319 à gérer.
MISC9Q.ITM : Opcode 319 à gérer.
NISHRUU.ITM : Opcode 243 à gérer.
NPARM.ITM : Opcode 319 à gérer.
NPCHAN.ITM : Opcode 319 à gérer.
NPCLCK.ITM : Opcode 319 à gérer.
NPMISC1.ITM : Opcode 319 à gérer.
NPMISC1.ITM : opcode 318: Traduction 105138 manquante
NPMISC1.ITM : FAILURE: opcode 318: Not_found
NPMISC2.ITM : Opcode 319 à gérer.
NPPLAT.ITM : Opcode 206 : La ressource cdsw1h58.spl n'existe pas.
NPPLAT.ITM : Opcode 206 : La ressource cdmound.spl n'existe pas.
NPPLAT.ITM : Opcode 206 : La ressource cdhgnya1.spl n'existe pas.
NPPLAT.ITM : Opcode 319 à gérer.
NPSHLD.ITM : Opcode 319 à gérer.
NPSTAF.ITM : Opcode 319 à gérer.
NPSW02.ITM : Opcode 319 à gérer.
NPSW03.ITM : Opcode 232 à gérer.
NPSW04.ITM : Opcode 319 à gérer.
NPSW05.ITM : Opcode 319 à gérer.
OBJRING.ITM : Opcode 206 : La ressource cdsw1h58.spl n'existe pas.
OBJRING.ITM : Opcode 206 : La ressource cdmound.spl n'existe pas.
OBJRING.ITM : Opcode 206 : La ressource cdhgnya1.spl n'existe pas.
OHBDORMA.ITM : Opcode 319 à gérer.
spin642.spl : OHBDTRAI.ITM : Opcode 206 : Nom du sort introuvable pour spin642.spl.
OHBDTRAI.ITM : Opcode 206 : La ressource SPPR215.spl n'existe pas.
spin642.spl : OHBETRAI.ITM : Opcode 206 : Nom du sort introuvable pour spin642.spl.
OHBETRAI.ITM : Opcode 206 : La ressource SPPR215.spl n'existe pas.
spin642.spl : OHBGASIM.ITM : Opcode 206 : Nom du sort introuvable pour spin642.spl.
OHBGLOV1.ITM : Opcode 232 à gérer.
OHBGLOV1.ITM : Opcode 319 à gérer.
OHBNAJIM.ITM : Opcode 319 à gérer.
OHBREW02.ITM : Opcode 177 : La ressource .eff n'existe pas.
OHDARMOR.ITM : Opcode 319 à gérer.
OHDARMOR.ITM : Opcode 232 à gérer.
OHHCLOAK.ITM : Opcode 319 à gérer.
OHHEXAM4.ITM : Unknown macro: opcode_self_32
OHHKORK.ITM : Opcode 319 à gérer.
OHHSCIM.ITM : Opcode 319 à gérer.
OHNHAMM1.ITM : Opcode 272 à gérer.
OHNSHLD1.ITM : Opcode 272 à gérer.
OHRAX1H1.ITM : Opcode 319 à gérer.
OHRAXE01.ITM : Opcode 319 à gérer.
OHRBELT2.ITM : Opcode 232 à gérer.
OHRBOOT1.ITM : Opcode 83 : Type de projectile '319'
OHRBOOT1.ITM : Opcode 83 : Type de projectile '319'
OHRBOOT1.ITM : Opcode 83 : Type de projectile '319'
OHRCLCK4.ITM : Opcode 232 à gérer.
OHRSW1H1.ITM : Opcode 319 à gérer.
OHRWILC1.ITM : Opcode 233: Proficiency not found : 108
ohrhug.spl : OHRWILC1.ITM : Opcode 146 : Nom du sort introuvable pour ohrhug.spl.
OHRWILC2.ITM : Opcode 233: Proficiency not found : 108
ohrhug.spl : OHRWILC2.ITM : Opcode 146 : Nom du sort introuvable pour ohrhug.spl.
OHRWILC3.ITM : Opcode 233: Proficiency not found : 108
ohrhug.spl : OHRWILC3.ITM : Opcode 146 : Nom du sort introuvable pour ohrhug.spl.
OHRWILC4.ITM : Opcode 233: Proficiency not found : 108
ohrhug.spl : OHRWILC4.ITM : Opcode 146 : Nom du sort introuvable pour ohrhug.spl.
OHRWILC5.ITM : Opcode 233: Proficiency not found : 108
ohrhug.spl : OHRWILC5.ITM : Opcode 146 : Nom du sort introuvable pour ohrhug.spl.
OHSW1H55.ITM : Opcode 319 à gérer.
PALRING.ITM : Opcode 206 : La ressource cdsw1h58.spl n'existe pas.
PALRING.ITM : Opcode 206 : La ressource cdmound.spl n'existe pas.
PALRING.ITM : Opcode 206 : La ressource cdhgnya1.spl n'existe pas.
PHSPID.ITM : Opcode 318 self à gérer
PHSPID.ITM : Opcode 318 self à gérer
PLANETAR.ITM : Opcode 58: TODO EE : Dissipation des armes magiques à gerer : 131073
PLAT06.ITM : Opcode 319 à gérer.
PLAT18.ITM : Opcode 319 à gérer.
PLAT20.ITM : Opcode 319 à gérer.
PLYJELLY.ITM : Opcode 318 self à gérer
PLYSPID.ITM : Opcode 83 : Type de projectile '319'
PLYSPID2.ITM : Opcode 83 : Type de projectile '319'
PLYWYVRN.ITM : Opcode 206 : La ressource cdhgnya1.spl n'existe pas.
PLYWYVRN.ITM : Opcode 206 : La ressource cdmound.spl n'existe pas.
PLYWYVRN.ITM : Opcode 206 : La ressource cdsw1h58.spl n'existe pas.
PLYWYVRN.ITM : Opcode 83 : Type de projectile '259'
PLYWYVRN.ITM : Opcode 83 : Type de projectile '319'
RING09.ITM : Opcode 206 : La ressource cdsw1h58.spl n'existe pas.
RING09.ITM : Opcode 206 : La ressource cdmound.spl n'existe pas.
RING09.ITM : Opcode 206 : La ressource cdhgnya1.spl n'existe pas.
RING97.ITM : Opcode 206 : La ressource cdsw1h58.spl n'existe pas.
RING97.ITM : Opcode 206 : La ressource cdmound.spl n'existe pas.
RING97.ITM : Opcode 206 : La ressource cdhgnya1.spl n'existe pas.
ROSSRING.ITM : Opcode 206 : La ressource cdsw1h58.spl n'existe pas.
ROSSRING.ITM : Opcode 206 : La ressource cdmound.spl n'existe pas.
ROSSRING.ITM : Opcode 206 : La ressource cdhgnya1.spl n'existe pas.
RSBOOT.ITM : Opcode 319 à gérer.
RSBRAC.ITM : Opcode 319 à gérer.
SALGRFIR.ITM : Opcode 232 à gérer.
SALGRICE.ITM : Opcode 232 à gérer.
sareveff.spl : SAREVIMM.ITM : Opcode 206 : Nom du sort introuvable pour sareveff.spl.
SHALT01.ITM : Opcode 206 : La ressource cdsw1h58.spl n'existe pas.
SHALT01.ITM : Opcode 206 : La ressource cdmound.spl n'existe pas.
SHALT01.ITM : Opcode 206 : La ressource cdhgnya1.spl n'existe pas.
SHLD24.ITM : Opcode 197 : Réflection du type de projectile '318'
SHLD24.ITM : Opcode 197 : Réflection du type de projectile '317'
SHLD24.ITM : Opcode 197 : Réflection du type de projectile '316'
SHLD24.ITM : Opcode 197 : Réflection du type de projectile '315'
SHLD24.ITM : Opcode 197 : Réflection du type de projectile '314'
SHLD24.ITM : Opcode 197 : Réflection du type de projectile '313'
SHLD24.ITM : Opcode 197 : Réflection du type de projectile '311'
SHLD24.ITM : Opcode 197 : Réflection du type de projectile '310'
SHLD24.ITM : Opcode 197 : Réflection du type de projectile '309'
SHLD24.ITM : Opcode 197 : Réflection du type de projectile '308'
SHLD24.ITM : Opcode 197 : Réflection du type de projectile '307'
SHLD24.ITM : Opcode 197 : Réflection du type de projectile '306'
SHLD24.ITM : Opcode 197 : Réflection du type de projectile '305'
SHLD24.ITM : Opcode 197 : Réflection du type de projectile '304'
SHLD24.ITM : Opcode 197 : Réflection du type de projectile '303'
SHLD24.ITM : Opcode 197 : Réflection du type de projectile '302'
SHLD24.ITM : Opcode 197 : Réflection du type de projectile '301'
SHLD24.ITM : Opcode 197 : Réflection du type de projectile '300'
SHLD24.ITM : Opcode 197 : Réflection du type de projectile '299'
SHLD24.ITM : Opcode 197 : Réflection du type de projectile '298'
SHLD24.ITM : Opcode 197 : Réflection du type de projectile '297'
SHLD24.ITM : Opcode 197 : Réflection du type de projectile '296'
SHLD24.ITM : Opcode 197 : Réflection du type de projectile '295'
SHLD24.ITM : Opcode 197 : Réflection du type de projectile '294'
SHLD24.ITM : Opcode 197 : Réflection du type de projectile '293'
SHLD24.ITM : Opcode 197 : Réflection du type de projectile '292'
SHLD24.ITM : Opcode 197 : Réflection du type de projectile '291'
SHLD24.ITM : Opcode 197 : Réflection du type de projectile '290'
SHLD24.ITM : Opcode 197 : Réflection du type de projectile '289'
SHLD24.ITM : Opcode 197 : Réflection du type de projectile '288'
SHLD24.ITM : Opcode 197 : Réflection du type de projectile '287'
SHLD24.ITM : Opcode 197 : Réflection du type de projectile '286'
SHLD24.ITM : Opcode 197 : Réflection du type de projectile '285'
SHLD24.ITM : Opcode 197 : Réflection du type de projectile '284'
SHLD24.ITM : Opcode 197 : Réflection du type de projectile '283'
SHLD24.ITM : Opcode 197 : Réflection du type de projectile '55'
SHLD24.ITM : Opcode 197 : Réflection du type de projectile '1'
SHLD24.ITM : Opcode 197 : Réflection du type de projectile '4'
SHLD24.ITM : Opcode 197 : Réflection du type de projectile '2'
SHLD24.ITM : Opcode 197 : Réflection du type de projectile '5'
SHLD24.ITM : Opcode 197 : Réflection du type de projectile '3'
SHLD24.ITM : Opcode 197 : Réflection du type de projectile '11'
SHLD24.ITM : Opcode 197 : Réflection du type de projectile '12'
SHLD24.ITM : Opcode 197 : Réflection du type de projectile '13'
SHLD24.ITM : Opcode 197 : Réflection du type de projectile '14'
SHLD24.ITM : Opcode 197 : Réflection du type de projectile '15'
SHLD24.ITM : Opcode 197 : Réflection du type de projectile '26'
SHLD24.ITM : Opcode 197 : Réflection du type de projectile '27'
SHLD24.ITM : Opcode 197 : Réflection du type de projectile '28'
SHLD24.ITM : Opcode 197 : Réflection du type de projectile '29'
SHLD24.ITM : Opcode 197 : Réflection du type de projectile '30'
SHLD24.ITM : Opcode 197 : Réflection du type de projectile '31'
SHLD24.ITM : Opcode 197 : Réflection du type de projectile '32'
SHLD24.ITM : Opcode 197 : Réflection du type de projectile '33'
SHLD24.ITM : Opcode 197 : Réflection du type de projectile '34'
SHLD24.ITM : Opcode 197 : Réflection du type de projectile '35'
SHLD24.ITM : Opcode 197 : Réflection du type de projectile '6'
SHLD24.ITM : Opcode 197 : Réflection du type de projectile '8'
SHLD24.ITM : Opcode 197 : Réflection du type de projectile '7'
SHLD24.ITM : Opcode 197 : Réflection du type de projectile '9'
SHLD24.ITM : Opcode 197 : Réflection du type de projectile '10'
SHLD24.ITM : Opcode 197 : Réflection du type de projectile '30'
SHLD24.ITM : Opcode 197 : Réflection du type de projectile '55'
SHLD24.ITM : Opcode 197 : Réflection du type de projectile '56'
SHLD24.ITM : Opcode 197 : Réflection du type de projectile '57'
SHLD24.ITM : Opcode 197 : Réflection du type de projectile '58'
SHLD24.ITM : Opcode 197 : Réflection du type de projectile '59'
SHLD24.ITM : Opcode 197 : Réflection du type de projectile '18'
SHLD24.ITM : Opcode 197 : Réflection du type de projectile '19'
SHLD24.ITM : Opcode 197 : Réflection du type de projectile '10'
SHLD24.ITM : Opcode 197 : Réflection du type de projectile '16'
SHLD24.ITM : Opcode 197 : Réflection du type de projectile '17'
SHLD24.ITM : Opcode 197 : Réflection du type de projectile '102'
SHLD24A.ITM : Opcode 197 : Réflection du type de projectile '1'
SHLD24A.ITM : Opcode 197 : Réflection du type de projectile '4'
SHLD24A.ITM : Opcode 197 : Réflection du type de projectile '2'
SHLD24A.ITM : Opcode 197 : Réflection du type de projectile '5'
SHLD24A.ITM : Opcode 197 : Réflection du type de projectile '3'
SHLD24A.ITM : Opcode 197 : Réflection du type de projectile '11'
SHLD24A.ITM : Opcode 197 : Réflection du type de projectile '12'
SHLD24A.ITM : Opcode 197 : Réflection du type de projectile '13'
SHLD24A.ITM : Opcode 197 : Réflection du type de projectile '14'
SHLD24A.ITM : Opcode 197 : Réflection du type de projectile '15'
SHLD24A.ITM : Opcode 197 : Réflection du type de projectile '26'
SHLD24A.ITM : Opcode 197 : Réflection du type de projectile '27'
SHLD24A.ITM : Opcode 197 : Réflection du type de projectile '28'
SHLD24A.ITM : Opcode 197 : Réflection du type de projectile '29'
SHLD24A.ITM : Opcode 197 : Réflection du type de projectile '30'
SHLD24A.ITM : Opcode 197 : Réflection du type de projectile '31'
SHLD24A.ITM : Opcode 197 : Réflection du type de projectile '32'
SHLD24A.ITM : Opcode 197 : Réflection du type de projectile '33'
SHLD24A.ITM : Opcode 197 : Réflection du type de projectile '34'
SHLD24A.ITM : Opcode 197 : Réflection du type de projectile '35'
SHLD24A.ITM : Opcode 197 : Réflection du type de projectile '6'
SHLD24A.ITM : Opcode 197 : Réflection du type de projectile '8'
SHLD24A.ITM : Opcode 197 : Réflection du type de projectile '7'
SHLD24A.ITM : Opcode 197 : Réflection du type de projectile '9'
SHLD24A.ITM : Opcode 197 : Réflection du type de projectile '10'
SHLD24A.ITM : Opcode 197 : Réflection du type de projectile '30'
SHLD24A.ITM : Opcode 197 : Réflection du type de projectile '55'
SHLD24A.ITM : Opcode 197 : Réflection du type de projectile '56'
SHLD24A.ITM : Opcode 197 : Réflection du type de projectile '57'
SHLD24A.ITM : Opcode 197 : Réflection du type de projectile '58'
SHLD24A.ITM : Opcode 197 : Réflection du type de projectile '59'
SHLD24A.ITM : Opcode 197 : Réflection du type de projectile '18'
SHLD24A.ITM : Opcode 197 : Réflection du type de projectile '19'
SHLD24A.ITM : Opcode 197 : Réflection du type de projectile '10'
SHLD24A.ITM : Opcode 197 : Réflection du type de projectile '16'
SHLD24A.ITM : Opcode 197 : Réflection du type de projectile '17'
SHLD24A.ITM : Opcode 197 : Réflection du type de projectile '102'
SHLD26.ITM : Opcode 319 à gérer.
SHLD26A.ITM : Opcode 319 à gérer.
SPER12.ITM : Opcode 206 : La ressource cdsw1h58.spl n'existe pas.
SPER12.ITM : Opcode 206 : La ressource cdmound.spl n'existe pas.
SPER12.ITM : Opcode 206 : La ressource cdhgnya1.spl n'existe pas.
SPRNGB01.ITM : opcode 101: Traduction 11011135 manquante
SPRNGB01.ITM : FAILURE: opcode 101: Not_found
SPRNGB02.ITM : opcode 101: Traduction 11011135 manquante
SPRNGB02.ITM : FAILURE: opcode 101: Not_found
SPRNGB03.ITM : Opcode 206 : La ressource cdsw1h58.spl n'existe pas.
SPRNGB03.ITM : Opcode 206 : La ressource cdmound.spl n'existe pas.
SPRNGB03.ITM : Opcode 206 : La ressource cdhgnya1.spl n'existe pas.
SPRNGB03.ITM : opcode 101: Traduction 11011135 manquante
SPRNGB03.ITM : FAILURE: opcode 101: Not_found
SPRNGB04.ITM : Opcode 206 : La ressource cdsw1h58.spl n'existe pas.
SPRNGB04.ITM : Opcode 206 : La ressource cdmound.spl n'existe pas.
SPRNGB04.ITM : Opcode 206 : La ressource cdhgnya1.spl n'existe pas.
SPRNGB04.ITM : opcode 101: Traduction 11010299 manquante
SPRNGB04.ITM : FAILURE: opcode 101: Not_found
SPRNGL01.ITM : opcode 101: Traduction 11011135 manquante
SPRNGL01.ITM : FAILURE: opcode 101: Not_found
SPRNGL02.ITM : opcode 101: Traduction 11011135 manquante
SPRNGL02.ITM : FAILURE: opcode 101: Not_found
SPRNGL03.ITM : Opcode 206 : La ressource cdsw1h58.spl n'existe pas.
SPRNGL03.ITM : Opcode 206 : La ressource cdmound.spl n'existe pas.
SPRNGL03.ITM : Opcode 206 : La ressource cdhgnya1.spl n'existe pas.
SPRNGL03.ITM : opcode 101: Traduction 11011135 manquante
SPRNGL03.ITM : FAILURE: opcode 101: Not_found
SPRNGL04.ITM : Opcode 206 : La ressource cdsw1h58.spl n'existe pas.
SPRNGL04.ITM : Opcode 206 : La ressource cdmound.spl n'existe pas.
SPRNGL04.ITM : Opcode 206 : La ressource cdhgnya1.spl n'existe pas.
SPRNGL04.ITM : opcode 101: Traduction 11010299 manquante
SPRNGL04.ITM : FAILURE: opcode 101: Not_found
SPRNGS01.ITM : Opcode 206 : La ressource cdsw1h58.spl n'existe pas.
SPRNGS01.ITM : Opcode 206 : La ressource cdmound.spl n'existe pas.
SPRNGS01.ITM : Opcode 206 : La ressource cdhgnya1.spl n'existe pas.
SPRNGS01.ITM : opcode 101: Traduction 11011135 manquante
SPRNGS01.ITM : FAILURE: opcode 101: Not_found
SPRNGS02.ITM : Opcode 206 : La ressource cdsw1h58.spl n'existe pas.
SPRNGS02.ITM : Opcode 206 : La ressource cdmound.spl n'existe pas.
SPRNGS02.ITM : Opcode 206 : La ressource cdhgnya1.spl n'existe pas.
SPRNGS02.ITM : opcode 101: Traduction 11011135 manquante
SPRNGS02.ITM : FAILURE: opcode 101: Not_found
SPRNGS03.ITM : Opcode 206 : La ressource cdsw1h58.spl n'existe pas.
SPRNGS03.ITM : Opcode 206 : La ressource cdmound.spl n'existe pas.
SPRNGS03.ITM : Opcode 206 : La ressource cdhgnya1.spl n'existe pas.
SPRNGS03.ITM : opcode 101: Traduction 11010299 manquante
SPRNGS03.ITM : FAILURE: opcode 101: Not_found
SPRNGS04.ITM : Opcode 206 : La ressource cdsw1h58.spl n'existe pas.
SPRNGS04.ITM : Opcode 206 : La ressource cdmound.spl n'existe pas.
SPRNGS04.ITM : Opcode 206 : La ressource cdhgnya1.spl n'existe pas.
SPRNGS04.ITM : opcode 101: Traduction 11010299 manquante
SPRNGS04.ITM : FAILURE: opcode 101: Not_found
SPRNGW01.ITM : opcode 101: Traduction 11011135 manquante
SPRNGW01.ITM : FAILURE: opcode 101: Not_found
SPRNGW02.ITM : opcode 101: Traduction 11011135 manquante
SPRNGW02.ITM : FAILURE: opcode 101: Not_found
SPRNGW03.ITM : opcode 101: Traduction 11011135 manquante
SPRNGW03.ITM : FAILURE: opcode 101: Not_found
SPRNGW04.ITM : opcode 101: Traduction 11011135 manquante
SPRNGW04.ITM : FAILURE: opcode 101: Not_found
SPRNGZ05.ITM : Opcode 206 : La ressource cdsw1h58.spl n'existe pas.
SPRNGZ05.ITM : Opcode 206 : La ressource cdmound.spl n'existe pas.
SPRNGZ05.ITM : Opcode 206 : La ressource cdhgnya1.spl n'existe pas.
SPRNGZ05.ITM : opcode 101: Traduction 11010299 manquante
SPRNGZ05.ITM : FAILURE: opcode 101: Not_found
STAF11.ITM : Opcode 58: TODO EE : Dissipation des armes magiques à gerer : 131074
STAFN1.ITM : Opcode 319 à gérer.
ohwi408.spl : STONSKIN.ITM : Opcode 146 : Nom du sort introuvable pour ohwi408.spl.
SUREHP1.ITM : Opcode 206 : La ressource cdsw1h58.spl n'existe pas.
SUREHP1.ITM : Opcode 206 : La ressource cdmound.spl n'existe pas.
SUREHP1.ITM : Opcode 206 : La ressource cdhgnya1.spl n'existe pas.
SW1H15.ITM : Opcode 319 à gérer.
SW1H16.ITM : Opcode 319 à gérer.
SW1H20.ITM : Opcode 319 à gérer.
SW1H22.ITM : Opcode 319 à gérer.
SW1H23.ITM : Opcode 319 à gérer.
SW1H30.ITM : Opcode 319 à gérer.
SW1H50.ITM : Opcode 319 à gérer.
SW1H52.ITM : Opcode 319 à gérer.
SW1H56.ITM : Opcode 319 à gérer.
spin104a.spl : SW1H63.ITM : Opcode 146 : Nom du sort introuvable pour spin104a.spl.
SW1H68.ITM : Opcode 319 à gérer.
SW1H68C.ITM : Opcode 112 à gérer.
SW1H69.ITM : Opcode 319 à gérer.
SW1H69C.ITM : Opcode 112 à gérer.
SW1H76.ITM : Opcode 319 à gérer.
SW1HWK.ITM : Opcode 319 à gérer.
SW2H06.ITM : Opcode 206 : La ressource cdsw1h58.spl n'existe pas.
SW2H06.ITM : Opcode 206 : La ressource cdmound.spl n'existe pas.
SW2H06.ITM : Opcode 206 : La ressource cdhgnya1.spl n'existe pas.
SW2H10.ITM : Opcode 58: TODO EE : Dissipation des armes magiques à gerer : 131074
SW2H13.ITM : Opcode 206 : La ressource cdsw1h58.spl n'existe pas.
SW2H13.ITM : Opcode 206 : La ressource cdmound.spl n'existe pas.
SW2H13.ITM : Opcode 206 : La ressource cdhgnya1.spl n'existe pas.
SW2H19.ITM : Opcode 58: TODO EE : Dissipation des armes magiques à gerer : 131074
SW2HD1.ITM : Opcode 232 à gérer.
SW2HD1.ITM : Opcode 232 à gérer.
TROLLREG.ITM : Opcode 232 à gérer.
spwi314a.spl : VAMT01.ITM : Opcode 146 : Nom du sort introuvable pour spwi314a.spl.
spwi314a.spl : VAMT06.ITM : Opcode 146 : Nom du sort introuvable pour spwi314a.spl.
spwi314a.spl : VAMT08.ITM : Opcode 146 : Nom du sort introuvable pour spwi314a.spl.
spwi314a.spl : VAMT10.ITM : Opcode 146 : Nom du sort introuvable pour spwi314a.spl.
spwi314a.spl : VAMT12.ITM : Opcode 146 : Nom du sort introuvable pour spwi314a.spl.
WA2SHIEL.ITM : Opcode 197 : Réflection du type de projectile '320'
WAAXE.ITM : Opcode 319 à gérer.
XBOW12.ITM : Opcode 319 à gérer.
