	
OHNSHLD1.ITM : Opcode 272 à gérer.
SHLD07.ITM : Opcode 272 à gérer.
shld07d.spl : SHLD07.ITM : Opcode 206 : Nom du sort introuvable pour shld07d.spl.
SHLD07A.ITM : Opcode 272 à gérer.
shld07d.spl : SHLD07A.ITM : Opcode 206 : Nom du sort introuvable pour shld07d.spl.
SHLD24.ITM : Opcode 83 : Type de projectile '357'
SHLD24.ITM : Opcode 83 : Type de projectile '318'
SHLD24.ITM : Opcode 83 : Type de projectile '317'
SHLD24.ITM : Opcode 83 : Type de projectile '316'
SHLD24.ITM : Opcode 83 : Type de projectile '314'
SHLD24.ITM : Opcode 83 : Type de projectile '313'
SHLD24.ITM : Opcode 83 : Type de projectile '312'
SHLD24.ITM : Opcode 83 : Type de projectile '310'
SHLD24.ITM : Opcode 83 : Type de projectile '309'
SHLD24.ITM : Opcode 83 : Type de projectile '308'
SHLD24.ITM : Opcode 83 : Type de projectile '307'
SHLD24.ITM : Opcode 83 : Type de projectile '306'
SHLD24.ITM : Opcode 83 : Type de projectile '305'
SHLD24.ITM : Opcode 83 : Type de projectile '304'
SHLD24.ITM : Opcode 83 : Type de projectile '303'
SHLD24.ITM : Opcode 83 : Type de projectile '302'
SHLD24.ITM : Opcode 83 : Type de projectile '301'
SHLD24.ITM : Opcode 83 : Type de projectile '300'
SHLD24.ITM : Opcode 83 : Type de projectile '298'
SHLD24.ITM : Opcode 83 : Type de projectile '297'
SHLD24.ITM : Opcode 83 : Type de projectile '296'
SHLD24.ITM : Opcode 83 : Type de projectile '295'
SHLD24.ITM : Opcode 83 : Type de projectile '294'
SHLD24.ITM : Opcode 83 : Type de projectile '293'
SHLD24.ITM : Opcode 83 : Type de projectile '292'
SHLD24.ITM : Opcode 83 : Type de projectile '291'
SHLD24.ITM : Opcode 83 : Type de projectile '290'
SHLD24.ITM : Opcode 83 : Type de projectile '289'
SHLD24.ITM : Opcode 83 : Type de projectile '288'
SHLD24.ITM : Opcode 83 : Type de projectile '287'
SHLD24.ITM : Opcode 83 : Type de projectile '286'
SHLD24.ITM : Opcode 83 : Type de projectile '284'
SHLD24.ITM : Opcode 83 : Type de projectile '283'
SHLD24.ITM : Opcode 83 : Type de projectile '11'
SHLD24.ITM : Opcode 83 : Type de projectile '15'
SHLD24.ITM : Opcode 83 : Type de projectile '20'
SHLD24.ITM : Opcode 83 : Type de projectile '101'
SHLD24.ITM : Opcode 83 : Type de projectile '257'
SHLD24.ITM : Opcode 83 : Type de projectile '270'
SHLD24A.ITM : Opcode 197 : Réflection du type de projectile '1'
SHLD24A.ITM : Opcode 197 : Réflection du type de projectile '4'
SHLD24A.ITM : Opcode 197 : Réflection du type de projectile '2'
SHLD24A.ITM : Opcode 197 : Réflection du type de projectile '5'
SHLD24A.ITM : Opcode 197 : Réflection du type de projectile '3'
SHLD24A.ITM : Opcode 197 : Réflection du type de projectile '11'
SHLD24A.ITM : Opcode 197 : Réflection du type de projectile '12'
SHLD24A.ITM : Opcode 197 : Réflection du type de projectile '13'
SHLD24A.ITM : Opcode 197 : Réflection du type de projectile '14'
SHLD24A.ITM : Opcode 197 : Réflection du type de projectile '15'
SHLD24A.ITM : Opcode 197 : Réflection du type de projectile '26'
SHLD24A.ITM : Opcode 197 : Réflection du type de projectile '27'
SHLD24A.ITM : Opcode 197 : Réflection du type de projectile '28'
SHLD24A.ITM : Opcode 197 : Réflection du type de projectile '29'
SHLD24A.ITM : Opcode 197 : Réflection du type de projectile '30'
SHLD24A.ITM : Opcode 197 : Réflection du type de projectile '31'
SHLD24A.ITM : Opcode 197 : Réflection du type de projectile '32'
SHLD24A.ITM : Opcode 197 : Réflection du type de projectile '33'
SHLD24A.ITM : Opcode 197 : Réflection du type de projectile '34'
SHLD24A.ITM : Opcode 197 : Réflection du type de projectile '35'
SHLD24A.ITM : Opcode 197 : Réflection du type de projectile '6'
SHLD24A.ITM : Opcode 197 : Réflection du type de projectile '8'
SHLD24A.ITM : Opcode 197 : Réflection du type de projectile '7'
SHLD24A.ITM : Opcode 197 : Réflection du type de projectile '9'
SHLD24A.ITM : Opcode 197 : Réflection du type de projectile '10'
SHLD24A.ITM : Opcode 197 : Réflection du type de projectile '30'
SHLD24A.ITM : Opcode 197 : Réflection du type de projectile '55'
SHLD24A.ITM : Opcode 197 : Réflection du type de projectile '56'
SHLD24A.ITM : Opcode 197 : Réflection du type de projectile '57'
SHLD24A.ITM : Opcode 197 : Réflection du type de projectile '58'
SHLD24A.ITM : Opcode 197 : Réflection du type de projectile '59'
SHLD24A.ITM : Opcode 197 : Réflection du type de projectile '18'
SHLD24A.ITM : Opcode 197 : Réflection du type de projectile '19'
SHLD24A.ITM : Opcode 197 : Réflection du type de projectile '10'
SHLD24A.ITM : Opcode 197 : Réflection du type de projectile '16'
SHLD24A.ITM : Opcode 197 : Réflection du type de projectile '17'
SHLD24A.ITM : Opcode 197 : Réflection du type de projectile '102'
SHLD26.ITM : Opcode 272 à gérer.
SHLD26A.ITM : Opcode 319 à gérer.
SHLD26_.ITM : Opcode 272 à gérer.
SHLD27.ITM : Opcode 232 à gérer.
SHLD27_.ITM : Opcode 232 à gérer.
chan09.itm : Opcode 206 : La ressource DVSTENCH.spl n'existe pas.
chan10.itm : Opcode 206 : La ressource DVPRISM.spl n'existe pas.
chan10.itm : Opcode 206 : La ressource SPWI105D.spl n'existe pas.
chan10.itm : Opcode 206 : La ressource SPWI714D.spl n'existe pas.
chan11.itm : Opcode 232 à gérer.
spcl321d.spl : chan11.itm : Opcode 206 : Nom du sort introuvable pour spcl321d.spl.
leat06.itm : Opcode 272 à gérer.
leat06d.spl : leat06.itm : Opcode 206 : Nom du sort introuvable pour leat06d.spl.
leat13.itm : Opcode 272 à gérer.
leat23.itm : Opcode 232 à gérer.
dvchill.spl : leat24.itm : Opcode 206 : Nom du sort introuvable pour dvchill.spl.
dvslow1.spl : leat24.itm : Opcode 206 : Nom du sort introuvable pour dvslow1.spl.
dvslow2.spl : leat24.itm : Opcode 206 : Nom du sort introuvable pour dvslow2.spl.
dvslow5.spl : leat24.itm : Opcode 206 : Nom du sort introuvable pour dvslow5.spl.
spcl123.spl : leat24.itm : Opcode 206 : Nom du sort introuvable pour spcl123.spl.
spin628.spl : leat24.itm : Opcode 206 : Nom du sort introuvable pour spin628.spl.
leat24.itm : Opcode 206 : La ressource SPWI105E.spl n'existe pas.
npchan.itm : Opcode 206 : La ressource SPPR309D.spl n'existe pas.
npchan.itm : Opcode 206 : La ressource SPWI203D.spl n'existe pas.
npchan.itm : Opcode 206 : La ressource DVDINVIS.spl n'existe pas.
npplat.itm : Opcode 232 à gérer.
ohdarmor.itm : Opcode 319 à gérer.
ohdarmor.itm : Opcode 232 à gérer.
plat08.itm : Opcode 233: Proficiency not found : 117
plat12.itm : Opcode 272 à gérer.
plat16.itm : Opcode 232 à gérer.
plat17.itm : Opcode 232 à gérer.
plat17.itm : Opcode 206 : La ressource SPPR215.spl n'existe pas.
dvexhaus.spl : BRAC11.eff : Opcode 146 : Nom du sort introuvable pour dvexhaus.spl.
dvexhaus.spl : BRAC11.eff : Opcode 146 : Nom du sort introuvable pour dvexhaus.spl.
BRAC18.itm : Opcode 83 : Type de projectile '357'
BRAC18.itm : Opcode 83 : Type de projectile '318'
BRAC18.itm : Opcode 83 : Type de projectile '317'
BRAC18.itm : Opcode 83 : Type de projectile '316'
BRAC18.itm : Opcode 83 : Type de projectile '314'
BRAC18.itm : Opcode 83 : Type de projectile '313'
BRAC18.itm : Opcode 83 : Type de projectile '312'
BRAC18.itm : Opcode 83 : Type de projectile '310'
BRAC18.itm : Opcode 83 : Type de projectile '309'
BRAC18.itm : Opcode 83 : Type de projectile '308'
BRAC18.itm : Opcode 83 : Type de projectile '307'
BRAC18.itm : Opcode 83 : Type de projectile '306'
BRAC18.itm : Opcode 83 : Type de projectile '305'
BRAC18.itm : Opcode 83 : Type de projectile '304'
BRAC18.itm : Opcode 83 : Type de projectile '303'
BRAC18.itm : Opcode 83 : Type de projectile '302'
BRAC18.itm : Opcode 83 : Type de projectile '301'
BRAC18.itm : Opcode 83 : Type de projectile '300'
BRAC18.itm : Opcode 83 : Type de projectile '298'
BRAC18.itm : Opcode 83 : Type de projectile '297'
BRAC18.itm : Opcode 83 : Type de projectile '296'
BRAC18.itm : Opcode 83 : Type de projectile '295'
BRAC18.itm : Opcode 83 : Type de projectile '294'
BRAC18.itm : Opcode 83 : Type de projectile '293'
BRAC18.itm : Opcode 83 : Type de projectile '292'
BRAC18.itm : Opcode 83 : Type de projectile '291'
BRAC18.itm : Opcode 83 : Type de projectile '290'
BRAC18.itm : Opcode 83 : Type de projectile '289'
BRAC18.itm : Opcode 83 : Type de projectile '288'
BRAC18.itm : Opcode 83 : Type de projectile '287'
BRAC18.itm : Opcode 83 : Type de projectile '286'
BRAC18.itm : Opcode 83 : Type de projectile '284'
BRAC18.itm : Opcode 83 : Type de projectile '283'
BRAC18.itm : Opcode 83 : Type de projectile '11'
BRAC18.itm : Opcode 83 : Type de projectile '15'
BRAC18.itm : Opcode 83 : Type de projectile '20'
BRAC18.itm : Opcode 83 : Type de projectile '101'
BRAC18.itm : Opcode 83 : Type de projectile '257'
BRAC18.itm : Opcode 83 : Type de projectile '270'
AEGIS2.ITM : Opcode 123 à gérer.
AEGIS2A.ITM : Opcode 123 à gérer.
AEGIS2B.ITM : Opcode 123 à gérer.
AX1H02.ITM : Opcode 319 à gérer.
AX1H03.ITM : Opcode 319 à gérer.
AX1H03_.ITM : Opcode 319 à gérer.
dvkndown.spl : AX1H03_.ITM : Opcode 146 : Nom du sort introuvable pour dvkndown.spl.
AX1H05.ITM : Opcode 319 à gérer.
AX1H05.ITM : Opcode 123 à gérer.
AX1H05A.ITM : Opcode 319 à gérer.
AX1H05A.ITM : Opcode 123 à gérer.
AX1H05B.ITM : Opcode 319 à gérer.
AX1H05B.ITM : Opcode 123 à gérer.
AX1H06.ITM : Opcode 319 à gérer.
AX1H06.ITM : Opcode 123 à gérer.
AX1H06A.ITM : Opcode 319 à gérer.
AX1H06A.ITM : Opcode 123 à gérer.
AX1H06B.ITM : Opcode 319 à gérer.
AX1H06B.ITM : Opcode 123 à gérer.
AX1H07.ITM : Opcode 319 à gérer.
AX1H08.ITM : Opcode 319 à gérer.
AX1H08.ITM : Opcode 123 à gérer.
AX1H08A.ITM : Opcode 319 à gérer.
AX1H08A.ITM : Opcode 123 à gérer.
AX1H08B.ITM : Opcode 319 à gérer.
AX1H08B.ITM : Opcode 123 à gérer.
AX1H09.ITM : Opcode 319 à gérer.
AX1H09.ITM : Opcode 123 à gérer.
AX1H09A.ITM : Opcode 319 à gérer.
AX1H09A.ITM : Opcode 123 à gérer.
AX1H09B.ITM : Opcode 319 à gérer.
AX1H09B.ITM : Opcode 123 à gérer.
AX1H10.ITM : Opcode 319 à gérer.
AX1H10.ITM : Opcode 123 à gérer.
AX1H10A.ITM : Opcode 319 à gérer.
AX1H10A.ITM : Opcode 123 à gérer.
AX1H10B.ITM : Opcode 319 à gérer.
AX1H10B.ITM : Opcode 123 à gérer.
AX1H11.ITM : Opcode 319 à gérer.
AX1H12.ITM : Opcode 319 à gérer.
AX1H13.ITM : Opcode 319 à gérer.
dvchill.spl : AX1H13.ITM : Opcode 146 : Nom du sort introuvable pour dvchill.spl.
AX1H14.ITM : Opcode 319 à gérer.
AX1H15.ITM : Opcode 319 à gérer.
AX1H16.ITM : Opcode 319 à gérer.
AX1H16.ITM : Opcode 123 à gérer.
AX1H16A.ITM : Opcode 319 à gérer.
AX1H16A.ITM : Opcode 123 à gérer.
AX1H16B.ITM : Opcode 319 à gérer.
AX1H16B.ITM : Opcode 123 à gérer.
AX1H17.ITM : Opcode 319 à gérer.
AX1H18.ITM : Opcode 319 à gérer.
AX1H19.ITM : Opcode 319 à gérer.
dvdispel.spl : AX1H19.ITM : Opcode 146 : Nom du sort introuvable pour dvdispel.spl.
bdvoid.spl : BDHAMM02.ITM : Opcode 146 : Nom du sort introuvable pour bdvoid.spl.
bdvoid.spl : BDSW1H06.ITM : Opcode 146 : Nom du sort introuvable pour bdvoid.spl.
BDSW2H01.ITM : Opcode 232 à gérer.
BDSW2H01.ITM : Opcode 341 : La ressource BDSW2H01.eff n'existe pas.
dvslow1.spl : BLUN14.ITM : Opcode 146 : Nom du sort introuvable pour dvslow1.spl.
dvslow1.spl : BLUN14D.ITM : Opcode 146 : Nom du sort introuvable pour dvslow1.spl.
dvslow1.spl : BLUN14E.ITM : Opcode 146 : Nom du sort introuvable pour dvslow1.spl.
dvslow1.spl : BLUN14G.ITM : Opcode 146 : Nom du sort introuvable pour dvslow1.spl.
dvvenom.spl : BLUN17.ITM : Opcode 146 : Nom du sort introuvable pour dvvenom.spl.
dvdeton1.spl : BLUN26.ITM : Opcode 146 : Nom du sort introuvable pour dvdeton1.spl.
dvdeton2.spl : BLUN27.ITM : Opcode 146 : Nom du sort introuvable pour dvdeton2.spl.
dvstorm1.spl : BLUN28.ITM : Opcode 146 : Nom du sort introuvable pour dvstorm1.spl.
BLUN29.ITM : Opcode 232 à gérer.
dvstorm1.spl : BLUN29.ITM : Opcode 146 : Nom du sort introuvable pour dvstorm1.spl.
dvslow1.spl : BLUN30.ITM : Opcode 146 : Nom du sort introuvable pour dvslow1.spl.
dvslow1.spl : BLUN30C.ITM : Opcode 146 : Nom du sort introuvable pour dvslow1.spl.
dvslow1.spl : BLUN30D.ITM : Opcode 146 : Nom du sort introuvable pour dvslow1.spl.
dvfrdoom.spl : BLUN35.ITM : Opcode 146 : Nom du sort introuvable pour dvfrdoom.spl.
BLUN38.ITM : Opcode 232 à gérer.
BOW06.ITM : Opcode 319 à gérer.
BOW08.ITM : Opcode 319 à gérer.
BOW14.ITM : Opcode 319 à gérer.
BOW15.ITM : Opcode 319 à gérer.
AROW13.itm : BOW15.ITM : Opcode 180 : Nom de l'objet introuvable pour AROW13.itm.
bow15.spl : BOW15.ITM : Opcode 146 : Nom du sort introuvable pour bow15.spl.
BOW18.ITM : Opcode 319 à gérer.
BOW19.ITM : Opcode 319 à gérer.
AROW13.itm : BOW19.ITM : Opcode 180 : Nom de l'objet introuvable pour AROW13.itm.
BOW20.ITM : Opcode 319 à gérer.
BOW21.ITM : Opcode 319 à gérer.
BOW26.ITM : Opcode 319 à gérer.
BRUENAXE.ITM : Opcode 319 à gérer.
DAGG09.ITM : Opcode 123 à gérer.
DAGG09A.ITM : Opcode 123 à gérer.
DAGG09B.ITM : Opcode 123 à gérer.
DAGG11.ITM : Opcode 123 à gérer.
DAGG11A.ITM : Opcode 123 à gérer.
DAGG11B.ITM : Opcode 123 à gérer.
DAGG12.ITM : Opcode 123 à gérer.
DAGG12A.ITM : Opcode 123 à gérer.
DAGG12B.ITM : Opcode 123 à gérer.
dvwebb.spl : DAGG14.ITM : Opcode 146 : Nom du sort introuvable pour dvwebb.spl.
dvstdust.spl : DAGG21.ITM : Opcode 146 : Nom du sort introuvable pour dvstdust.spl.
dvstdust.spl : DAGG22.ITM : Opcode 146 : Nom du sort introuvable pour dvstdust.spl.
DAGG22.ITM : Opcode 123 à gérer.
dvstdust.spl : DAGG22A.ITM : Opcode 146 : Nom du sort introuvable pour dvstdust.spl.
DAGG22A.ITM : Opcode 123 à gérer.
dvaspven.spl : DART05.ITM : Opcode 146 : Nom du sort introuvable pour dvaspven.spl.
dvhoples.spl : DVBLUN01.ITM : Opcode 146 : Nom du sort introuvable pour dvhoples.spl.
ENSW2H.ITM : Opcode 319 à gérer.
GODBOW.ITM : Opcode 319 à gérer.
halb03.spl : HALB03.ITM : Opcode 146 : Nom du sort introuvable pour halb03.spl.
dvweaken.spl : HALB06.ITM : Opcode 146 : Nom du sort introuvable pour dvweaken.spl.
HALB09.ITM : Opcode 206 : La ressource SPWI812D.spl n'existe pas.
halb09.spl : HALB09.ITM : Opcode 146 : Nom du sort introuvable pour halb09.spl.
HALB10.ITM : Opcode 272 à gérer.
HALB11.ITM : Opcode 272 à gérer.
dvviper.spl : HALB11.ITM : Opcode 146 : Nom du sort introuvable pour dvviper.spl.
HAMM06.ITM : Opcode 123 à gérer.
HAMM06A.ITM : Opcode 123 à gérer.
HAMM06B.ITM : Opcode 123 à gérer.
HAMM09.ITM : Opcode 123 à gérer.
HAMM09A.ITM : Opcode 123 à gérer.
dvbanis2.spl : DVBANIS2.eff : Opcode 146 : Nom du sort introuvable pour dvbanis2.spl.
dvbanis2.spl : DVBANIS2.eff : Opcode 146 : Nom du sort introuvable pour dvbanis2.spl.
HAMM10.ITM : opcode 177: Traduction 207020 manquante
HAMM10.ITM : FAILURE: opcode 177: Not_found
dvbanis2.spl : DVBANIS2.eff : Opcode 146 : Nom du sort introuvable pour dvbanis2.spl.
dvbanis2.spl : DVBANIS2.eff : Opcode 146 : Nom du sort introuvable pour dvbanis2.spl.
HAMM11.ITM : opcode 177: Traduction 207020 manquante
HAMM11.ITM : FAILURE: opcode 177: Not_found
HAMM13.ITM : Opcode 206 : La ressource SPPR309D.spl n'existe pas.
HAMM13.ITM : Opcode 206 : La ressource SPWI203D.spl n'existe pas.
dvtrusee.spl : HAMM13.ITM : Opcode 206 : Nom du sort introuvable pour dvtrusee.spl.
dvkndown.spl : HAMM13.ITM : Opcode 146 : Nom du sort introuvable pour dvkndown.spl.
dvvenom.spl : HLOLTH.ITM : Opcode 146 : Nom du sort introuvable pour dvvenom.spl.
dvwebb.spl : HLOLTH.ITM : Opcode 146 : Nom du sort introuvable pour dvwebb.spl.
KORAX01.ITM : Opcode 319 à gérer.
dvvenom.spl : MISC75.ITM : Opcode 146 : Nom du sort introuvable pour dvvenom.spl.
NPBOW.ITM : Opcode 319 à gérer.
dvtoxic.spl : NPSW02.ITM : Opcode 146 : Nom du sort introuvable pour dvtoxic.spl.
dvconfus.spl : NPSW06.ITM : Opcode 146 : Nom du sort introuvable pour dvconfus.spl.
OHBREW02.ITM : Opcode 177 : La ressource .eff n'existe pas.
OHHSCIM.ITM : Opcode 319 à gérer.
OHNHAMM1.ITM : Opcode 272 à gérer.
OHRAX1H1.ITM : Opcode 319 à gérer.
OHRAXE01.ITM : Opcode 319 à gérer.
dvsleep.spl : OHREAVER.ITM : Opcode 206 : Nom du sort introuvable pour dvsleep.spl.
dvstun.spl : OHREAVER.ITM : Opcode 206 : Nom du sort introuvable pour dvstun.spl.
dvmindbr.spl : OHREAVER.ITM : Opcode 206 : Nom du sort introuvable pour dvmindbr.spl.
dvfearsm.spl : OHREAVER.ITM : Opcode 206 : Nom du sort introuvable pour dvfearsm.spl.
dvhoples.spl : OHREAVER.ITM : Opcode 206 : Nom du sort introuvable pour dvhoples.spl.
OHRSW1H1.ITM : Opcode 319 à gérer.
OHSW1H55.ITM : Opcode 319 à gérer.
dvsleep.spl : REAVER.ITM : Opcode 206 : Nom du sort introuvable pour dvsleep.spl.
dvstun.spl : REAVER.ITM : Opcode 206 : Nom du sort introuvable pour dvstun.spl.
dvmindbr.spl : REAVER.ITM : Opcode 206 : Nom du sort introuvable pour dvmindbr.spl.
dvfearsm.spl : REAVER.ITM : Opcode 206 : Nom du sort introuvable pour dvfearsm.spl.
dvhoples.spl : REAVER.ITM : Opcode 206 : Nom du sort introuvable pour dvhoples.spl.
RODAXE.ITM : Opcode 319 à gérer.
dvconfus.spl : RODAXE.ITM : Opcode 146 : Nom du sort introuvable pour dvconfus.spl.
dvstun.spl : RODAXE.ITM : Opcode 146 : Nom du sort introuvable pour dvstun.spl.
RODAXE.ITM : Opcode 123 à gérer.
RODAXE.ITM : Opcode 123 à gérer.
RODAXE.ITM : Opcode 123 à gérer.
RODAXE.ITM : Opcode 123 à gérer.
RODMACE.ITM : Opcode 123 à gérer.
RODMACE.ITM : Opcode 123 à gérer.
RODMACE.ITM : Opcode 123 à gérer.
RODMACE.ITM : Opcode 123 à gérer.
RODS02.ITM : Opcode 123 à gérer.
RODS02.ITM : Opcode 123 à gérer.
RODS02.ITM : Opcode 123 à gérer.
RODS02.ITM : Opcode 123 à gérer.
RODS02A.ITM : Opcode 123 à gérer.
RODS02A.ITM : Opcode 123 à gérer.
RODS02A.ITM : Opcode 123 à gérer.
RODS02A.ITM : Opcode 123 à gérer.
RODSPEAR.ITM : Opcode 123 à gérer.
RODSPEAR.ITM : Opcode 123 à gérer.
RODSPEAR.ITM : Opcode 123 à gérer.
RODSPEAR.ITM : Opcode 123 à gérer.
RODSWORD.ITM : Opcode 123 à gérer.
RODSWORD.ITM : Opcode 123 à gérer.
RODSWORD.ITM : Opcode 123 à gérer.
RODSWORD.ITM : Opcode 123 à gérer.
SECRET01.ITM : Opcode 180 : La ressource DVENBOLT.itm n'existe pas.
SLNG09.ITM : opcode 177: Traduction 204201 manquante
SLNG09.ITM : FAILURE: opcode 177: Not_found
dvscourg.spl : SPER10.ITM : Opcode 146 : Nom du sort introuvable pour dvscourg.spl.
STAF09.ITM : Opcode 272 à gérer.
STAF10.ITM : Opcode 272 à gérer.
STAF11.ITM : Opcode 206 : La ressource SPPR121.spl n'existe pas.
STAF11.ITM : Opcode 206 : La ressource SPWI505D.spl n'existe pas.
STAF11.ITM : Opcode 272 à gérer.
STAF11.ITM : Opcode 233: Proficiency not found : 118
STAF14.ITM : Opcode 272 à gérer.
staf15.spl : STAF15.ITM : Opcode 146 : Nom du sort introuvable pour staf15.spl.
sppr203d.spl : STAF20.ITM : Opcode 206 : Nom du sort introuvable pour sppr203d.spl.
sppr203e.spl : STAF20.ITM : Opcode 206 : Nom du sort introuvable pour sppr203e.spl.
STAF20.ITM : Opcode 206 : La ressource RR#CURSE.spl n'existe pas.
dvbram.spl : STAF22.ITM : Opcode 146 : Nom du sort introuvable pour dvbram.spl.
STAFN1.ITM : Opcode 319 à gérer.
SW1H09_.ITM : Opcode 272 à gérer.
SW1H19.ITM : Opcode 272 à gérer.
SW1H27.ITM : Opcode 206 : La ressource BDSPIDGA.spl n'existe pas.
SW1H27.ITM : Opcode 206 : La ressource SPWI215D.spl n'existe pas.
SW1H27.ITM : Opcode 206 : La ressource WAND14D.spl n'existe pas.
SW1H27.ITM : Opcode 206 : La ressource D0SPIWEB.spl n'existe pas.
SW1H27.ITM : Opcode 206 : La ressource DVWEB.spl n'existe pas.
dvwebb.spl : SW1H27.ITM : Opcode 206 : Nom du sort introuvable pour dvwebb.spl.
SW1H27.ITM : Opcode 206 : La ressource DW#0W215.spl n'existe pas.
SW1H27.ITM : Opcode 206 : La ressource DW#MWEB.spl n'existe pas.
SW1H27.ITM : Opcode 206 : La ressource DW#WEB.spl n'existe pas.
SW1H33.ITM : Opcode 112 à gérer.
SW1H33A.ITM : Opcode 112 à gérer.
sw1h36.spl : SW1H36.ITM : Opcode 146 : Nom du sort introuvable pour sw1h36.spl.
SW1H40.ITM : Opcode 272 à gérer.
sw1h40d.spl : SW1H40.ITM : Opcode 206 : Nom du sort introuvable pour sw1h40d.spl.
SW1H54.ITM : Opcode 319 à gérer.
SW1H54.ITM : Opcode 319 à gérer.
SW1H54.ITM : Opcode 319 à gérer.
SW1H54.ITM : Opcode 319 à gérer.
SW1H54.ITM : Opcode 319 à gérer.
SW1H66.ITM : Opcode 232 à gérer.
dvtenchu.spl : SW1H70.ITM : Opcode 146 : Nom du sort introuvable pour dvtenchu.spl.
dvtenchu.spl : SW1H71.ITM : Opcode 146 : Nom du sort introuvable pour dvtenchu.spl.
SW1HWK.ITM : Opcode 319 à gérer.
SW2H06.ITM : Opcode 206 : La ressource BDSPIDGA.spl n'existe pas.
SW2H06.ITM : Opcode 206 : La ressource SPWI215D.spl n'existe pas.
SW2H06.ITM : Opcode 206 : La ressource WAND14D.spl n'existe pas.
SW2H06.ITM : Opcode 206 : La ressource D0SPIWEB.spl n'existe pas.
SW2H06.ITM : Opcode 206 : La ressource DVWEB.spl n'existe pas.
dvwebb.spl : SW2H06.ITM : Opcode 206 : Nom du sort introuvable pour dvwebb.spl.
SW2H06.ITM : Opcode 206 : La ressource DW#0W215.spl n'existe pas.
SW2H06.ITM : Opcode 206 : La ressource DW#MWEB.spl n'existe pas.
SW2H06.ITM : Opcode 206 : La ressource DW#WEB.spl n'existe pas.
SW2H06.ITM : Opcode 206 : La ressource SPIN175.spl n'existe pas.
dvbanis2.spl : DVBANIS2.eff : Opcode 146 : Nom du sort introuvable pour dvbanis2.spl.
dvbanis2.spl : DVBANIS2.eff : Opcode 146 : Nom du sort introuvable pour dvbanis2.spl.
SW2H07.ITM : opcode 177: Traduction 207020 manquante
SW2H07.ITM : FAILURE: opcode 177: Not_found
dvenerv.spl : SW2H08.ITM : Opcode 146 : Nom du sort introuvable pour dvenerv.spl.
SW2H13.ITM : Opcode 206 : La ressource BDSPIDGA.spl n'existe pas.
SW2H13.ITM : Opcode 206 : La ressource SPWI215D.spl n'existe pas.
SW2H13.ITM : Opcode 206 : La ressource WAND14D.spl n'existe pas.
SW2H13.ITM : Opcode 206 : La ressource D0SPIWEB.spl n'existe pas.
SW2H13.ITM : Opcode 206 : La ressource DVWEB.spl n'existe pas.
dvwebb.spl : SW2H13.ITM : Opcode 206 : Nom du sort introuvable pour dvwebb.spl.
SW2H13.ITM : Opcode 206 : La ressource DW#0W215.spl n'existe pas.
SW2H13.ITM : Opcode 206 : La ressource DW#MWEB.spl n'existe pas.
SW2H13.ITM : Opcode 206 : La ressource DW#WEB.spl n'existe pas.
SW2H13.ITM : Opcode 206 : La ressource SPIN175.spl n'existe pas.
SW2HD1.ITM : Opcode 232 à gérer.
SW2HD1.ITM : Opcode 232 à gérer.
WAAXE.ITM : Opcode 319 à gérer.
dvvenom.spl : WANINJA.ITM : Opcode 146 : Nom du sort introuvable pour dvvenom.spl.
dvconfus.spl : WAS2H.ITM : Opcode 146 : Nom du sort introuvable pour dvconfus.spl.
dvknback.spl : XBOW08.ITM : Opcode 146 : Nom du sort introuvable pour dvknback.spl.
dvscourg.spl : XBOW13.ITM : Opcode 146 : Nom du sort introuvable pour dvscourg.spl.
XBOW15.ITM : Opcode 180 : La ressource DVENBOLT.itm n'existe pas.
XBOW16.ITM : Opcode 180 : La ressource DVENBOLT.itm n'existe pas.
AX1H01.ITM : Opcode 319 à gérer.
AX1H04.ITM : Opcode 319 à gérer.
BOW05.ITM : Opcode 319 à gérer.
dvvenom.spl : DAGG16.ITM : Opcode 146 : Nom du sort introuvable pour dvvenom.spl.
SW1H77.ITM : Opcode 232 à gérer.
CHAN09.ITM : Opcode 206 : La ressource DVSTENCH.spl n'existe pas.
CHAN10.ITM : Opcode 206 : La ressource DVPRISM.spl n'existe pas.
CHAN10.ITM : Opcode 206 : La ressource SPWI105D.spl n'existe pas.
CHAN10.ITM : Opcode 206 : La ressource SPWI714D.spl n'existe pas.
CHAN11.ITM : Opcode 232 à gérer.
spcl321d.spl : CHAN11.ITM : Opcode 206 : Nom du sort introuvable pour spcl321d.spl.
HELM29.ITM : Opcode 206 : La ressource SPPR309D.spl n'existe pas.
HELM29.ITM : Opcode 206 : La ressource SPWI203D.spl n'existe pas.
HELM29.ITM : Opcode 206 : La ressource DVDINVIS.spl n'existe pas.
HELM30.ITM : Opcode 206 : La ressource SPPR309D.spl n'existe pas.
HELM30.ITM : Opcode 206 : La ressource SPWI203D.spl n'existe pas.
HELM30.ITM : Opcode 206 : La ressource DVDINVIS.spl n'existe pas.
PLAT08.ITM : Opcode 233: Proficiency not found : 117
PLAT12.ITM : Opcode 272 à gérer.
PLAT16.ITM : Opcode 232 à gérer.
PLAT17.ITM : Opcode 232 à gérer.
PLAT17.ITM : Opcode 206 : La ressource SPPR215.spl n'existe pas.
shld26.itm : Opcode 272 à gérer.
dvviper.spl : STAF23.ITM : Opcode 146 : Nom du sort introuvable pour dvviper.spl.
ohnshld1.itm : Opcode 272 à gérer.
shld07.itm : Opcode 272 à gérer.
shld07d.spl : shld07.itm : Opcode 206 : Nom du sort introuvable pour shld07d.spl.
shld07a.itm : Opcode 272 à gérer.
shld07d.spl : shld07a.itm : Opcode 206 : Nom du sort introuvable pour shld07d.spl.
shld24a.itm : Opcode 197 : Réflection du type de projectile '1'
shld24a.itm : Opcode 197 : Réflection du type de projectile '4'
shld24a.itm : Opcode 197 : Réflection du type de projectile '2'
shld24a.itm : Opcode 197 : Réflection du type de projectile '5'
shld24a.itm : Opcode 197 : Réflection du type de projectile '3'
shld24a.itm : Opcode 197 : Réflection du type de projectile '11'
shld24a.itm : Opcode 197 : Réflection du type de projectile '12'
shld24a.itm : Opcode 197 : Réflection du type de projectile '13'
shld24a.itm : Opcode 197 : Réflection du type de projectile '14'
shld24a.itm : Opcode 197 : Réflection du type de projectile '15'
shld24a.itm : Opcode 197 : Réflection du type de projectile '26'
shld24a.itm : Opcode 197 : Réflection du type de projectile '27'
shld24a.itm : Opcode 197 : Réflection du type de projectile '28'
shld24a.itm : Opcode 197 : Réflection du type de projectile '29'
shld24a.itm : Opcode 197 : Réflection du type de projectile '30'
shld24a.itm : Opcode 197 : Réflection du type de projectile '31'
shld24a.itm : Opcode 197 : Réflection du type de projectile '32'
shld24a.itm : Opcode 197 : Réflection du type de projectile '33'
shld24a.itm : Opcode 197 : Réflection du type de projectile '34'
shld24a.itm : Opcode 197 : Réflection du type de projectile '35'
shld24a.itm : Opcode 197 : Réflection du type de projectile '6'
shld24a.itm : Opcode 197 : Réflection du type de projectile '8'
shld24a.itm : Opcode 197 : Réflection du type de projectile '7'
shld24a.itm : Opcode 197 : Réflection du type de projectile '9'
shld24a.itm : Opcode 197 : Réflection du type de projectile '10'
shld24a.itm : Opcode 197 : Réflection du type de projectile '30'
shld24a.itm : Opcode 197 : Réflection du type de projectile '55'
shld24a.itm : Opcode 197 : Réflection du type de projectile '56'
shld24a.itm : Opcode 197 : Réflection du type de projectile '57'
shld24a.itm : Opcode 197 : Réflection du type de projectile '58'
shld24a.itm : Opcode 197 : Réflection du type de projectile '59'
shld24a.itm : Opcode 197 : Réflection du type de projectile '18'
shld24a.itm : Opcode 197 : Réflection du type de projectile '19'
shld24a.itm : Opcode 197 : Réflection du type de projectile '10'
shld24a.itm : Opcode 197 : Réflection du type de projectile '16'
shld24a.itm : Opcode 197 : Réflection du type de projectile '17'
shld24a.itm : Opcode 197 : Réflection du type de projectile '102'
shld26a.itm : Opcode 319 à gérer.
shld26_.itm : Opcode 272 à gérer.
shld27.itm : Opcode 232 à gérer.
shld27_.itm : Opcode 232 à gérer.
dvvenom.spl : hlolth.itm : Opcode 146 : Nom du sort introuvable pour dvvenom.spl.
dvwebb.spl : hlolth.itm : Opcode 146 : Nom du sort introuvable pour dvwebb.spl.
korax01.itm : Opcode 319 à gérer.
npbow.itm : Opcode 319 à gérer.
npclck.itm : Opcode 206 : La ressource SPPR517D.spl n'existe pas.
npclck.itm : Opcode 206 : La ressource SPPR717D.spl n'existe pas.
dvtoxic.spl : npsw02.itm : Opcode 146 : Nom du sort introuvable pour dvtoxic.spl.
dvconfus.spl : npsw06.itm : Opcode 146 : Nom du sort introuvable pour dvconfus.spl.
aegis2.itm : Opcode 123 à gérer.
aegis2a.itm : Opcode 123 à gérer.
aegis2b.itm : Opcode 123 à gérer.
dvsleep.spl : amul17.itm : Opcode 206 : Nom du sort introuvable pour dvsleep.spl.
dvstun.spl : amul17.itm : Opcode 206 : Nom du sort introuvable pour dvstun.spl.
dvmindbr.spl : amul17.itm : Opcode 206 : Nom du sort introuvable pour dvmindbr.spl.
dvfearsm.spl : amul17.itm : Opcode 206 : Nom du sort introuvable pour dvfearsm.spl.
dvhoples.spl : amul17.itm : Opcode 206 : Nom du sort introuvable pour dvhoples.spl.
amul24.itm : Opcode 318 self à gérer
amul24.itm : Opcode 318 self à gérer
amul24.itm : Opcode 206 : La ressource SPWI889.spl n'existe pas.
amul24.itm : Opcode 206 : La ressource SPPR420.spl n'existe pas.
amul27.itm : Opcode 233: Proficiency not found : 117
ax1h01.itm : Opcode 319 à gérer.
ax1h02.itm : Opcode 319 à gérer.
ax1h03.itm : Opcode 319 à gérer.
ax1h03_.itm : Opcode 319 à gérer.
dvkndown.spl : ax1h03_.itm : Opcode 146 : Nom du sort introuvable pour dvkndown.spl.
ax1h04.itm : Opcode 319 à gérer.
ax1h05.itm : Opcode 319 à gérer.
ax1h05.itm : Opcode 123 à gérer.
ax1h05a.itm : Opcode 319 à gérer.
ax1h05a.itm : Opcode 123 à gérer.
ax1h05b.itm : Opcode 319 à gérer.
ax1h05b.itm : Opcode 123 à gérer.
ax1h06.itm : Opcode 319 à gérer.
ax1h06.itm : Opcode 123 à gérer.
ax1h06a.itm : Opcode 319 à gérer.
ax1h06a.itm : Opcode 123 à gérer.
ax1h06b.itm : Opcode 319 à gérer.
ax1h06b.itm : Opcode 123 à gérer.
ax1h07.itm : Opcode 319 à gérer.
ax1h08.itm : Opcode 319 à gérer.
ax1h08.itm : Opcode 123 à gérer.
ax1h08a.itm : Opcode 319 à gérer.
ax1h08a.itm : Opcode 123 à gérer.
ax1h08b.itm : Opcode 319 à gérer.
ax1h08b.itm : Opcode 123 à gérer.
ax1h09.itm : Opcode 319 à gérer.
ax1h09.itm : Opcode 123 à gérer.
ax1h09a.itm : Opcode 319 à gérer.
ax1h09a.itm : Opcode 123 à gérer.
ax1h09b.itm : Opcode 319 à gérer.
ax1h09b.itm : Opcode 123 à gérer.
ax1h10.itm : Opcode 319 à gérer.
ax1h10.itm : Opcode 123 à gérer.
ax1h10a.itm : Opcode 319 à gérer.
ax1h10a.itm : Opcode 123 à gérer.
ax1h10b.itm : Opcode 319 à gérer.
ax1h10b.itm : Opcode 123 à gérer.
ax1h11.itm : Opcode 319 à gérer.
ax1h12.itm : Opcode 319 à gérer.
ax1h13.itm : Opcode 319 à gérer.
dvchill.spl : ax1h13.itm : Opcode 146 : Nom du sort introuvable pour dvchill.spl.
ax1h14.itm : Opcode 319 à gérer.
ax1h15.itm : Opcode 319 à gérer.
ax1h16.itm : Opcode 319 à gérer.
ax1h16.itm : Opcode 123 à gérer.
ax1h16a.itm : Opcode 319 à gérer.
ax1h16a.itm : Opcode 123 à gérer.
ax1h16b.itm : Opcode 319 à gérer.
ax1h16b.itm : Opcode 123 à gérer.
ax1h17.itm : Opcode 319 à gérer.
ax1h18.itm : Opcode 319 à gérer.
ax1h19.itm : Opcode 319 à gérer.
dvdispel.spl : ax1h19.itm : Opcode 146 : Nom du sort introuvable pour dvdispel.spl.
belt10.itm : Opcode 272 à gérer.
dvslow1.spl : blun14.itm : Opcode 146 : Nom du sort introuvable pour dvslow1.spl.
dvslow1.spl : blun14d.itm : Opcode 146 : Nom du sort introuvable pour dvslow1.spl.
dvslow1.spl : blun14e.itm : Opcode 146 : Nom du sort introuvable pour dvslow1.spl.
dvslow1.spl : blun14g.itm : Opcode 146 : Nom du sort introuvable pour dvslow1.spl.
dvvenom.spl : blun17.itm : Opcode 146 : Nom du sort introuvable pour dvvenom.spl.
dvdeton1.spl : blun26.itm : Opcode 146 : Nom du sort introuvable pour dvdeton1.spl.
dvdeton2.spl : blun27.itm : Opcode 146 : Nom du sort introuvable pour dvdeton2.spl.
dvstorm1.spl : blun28.itm : Opcode 146 : Nom du sort introuvable pour dvstorm1.spl.
blun29.itm : Opcode 232 à gérer.
dvstorm1.spl : blun29.itm : Opcode 146 : Nom du sort introuvable pour dvstorm1.spl.
dvslow1.spl : blun30.itm : Opcode 146 : Nom du sort introuvable pour dvslow1.spl.
dvslow1.spl : blun30c.itm : Opcode 146 : Nom du sort introuvable pour dvslow1.spl.
dvslow1.spl : blun30d.itm : Opcode 146 : Nom du sort introuvable pour dvslow1.spl.
dvfrdoom.spl : blun35.itm : Opcode 146 : Nom du sort introuvable pour dvfrdoom.spl.
blun38.itm : Opcode 232 à gérer.
boot07.itm : Opcode 206 : La ressource DVSHILLE.spl n'existe pas.
boot07.itm : Opcode 206 : La ressource SPPR105D.spl n'existe pas.
boot08.itm : Opcode 272 à gérer.
boot11.itm : Opcode 206 : La ressource SPWI505D.spl n'existe pas.
boot11.itm : Opcode 206 : La ressource HELM30A.spl n'existe pas.
boot12.itm : Opcode 272 à gérer.
bow05.itm : Opcode 319 à gérer.
bow06.itm : Opcode 319 à gérer.
bow08.itm : Opcode 319 à gérer.
bow14.itm : Opcode 319 à gérer.
bow15.itm : Opcode 319 à gérer.
AROW13.itm : bow15.itm : Opcode 180 : Nom de l'objet introuvable pour AROW13.itm.
bow15.spl : bow15.itm : Opcode 146 : Nom du sort introuvable pour bow15.spl.
bow18.itm : Opcode 319 à gérer.
bow19.itm : Opcode 319 à gérer.
AROW13.itm : bow19.itm : Opcode 180 : Nom de l'objet introuvable pour AROW13.itm.
bow20.itm : Opcode 319 à gérer.
bow21.itm : Opcode 319 à gérer.
bow26.itm : Opcode 319 à gérer.
dvexhaus.spl : BRAC11.eff : Opcode 146 : Nom du sort introuvable pour dvexhaus.spl.
dvexhaus.spl : BRAC11.eff : Opcode 146 : Nom du sort introuvable pour dvexhaus.spl.
brac18.itm : Opcode 83 : Type de projectile '357'
brac18.itm : Opcode 83 : Type de projectile '318'
brac18.itm : Opcode 83 : Type de projectile '317'
brac18.itm : Opcode 83 : Type de projectile '316'
brac18.itm : Opcode 83 : Type de projectile '314'
brac18.itm : Opcode 83 : Type de projectile '313'
brac18.itm : Opcode 83 : Type de projectile '312'
brac18.itm : Opcode 83 : Type de projectile '310'
brac18.itm : Opcode 83 : Type de projectile '309'
brac18.itm : Opcode 83 : Type de projectile '308'
brac18.itm : Opcode 83 : Type de projectile '307'
brac18.itm : Opcode 83 : Type de projectile '306'
brac18.itm : Opcode 83 : Type de projectile '305'
brac18.itm : Opcode 83 : Type de projectile '304'
brac18.itm : Opcode 83 : Type de projectile '303'
brac18.itm : Opcode 83 : Type de projectile '302'
brac18.itm : Opcode 83 : Type de projectile '301'
brac18.itm : Opcode 83 : Type de projectile '300'
brac18.itm : Opcode 83 : Type de projectile '298'
brac18.itm : Opcode 83 : Type de projectile '297'
brac18.itm : Opcode 83 : Type de projectile '296'
brac18.itm : Opcode 83 : Type de projectile '295'
brac18.itm : Opcode 83 : Type de projectile '294'
brac18.itm : Opcode 83 : Type de projectile '293'
brac18.itm : Opcode 83 : Type de projectile '292'
brac18.itm : Opcode 83 : Type de projectile '291'
brac18.itm : Opcode 83 : Type de projectile '290'
brac18.itm : Opcode 83 : Type de projectile '289'
brac18.itm : Opcode 83 : Type de projectile '288'
brac18.itm : Opcode 83 : Type de projectile '287'
brac18.itm : Opcode 83 : Type de projectile '286'
brac18.itm : Opcode 83 : Type de projectile '284'
brac18.itm : Opcode 83 : Type de projectile '283'
brac18.itm : Opcode 83 : Type de projectile '11'
brac18.itm : Opcode 83 : Type de projectile '15'
brac18.itm : Opcode 83 : Type de projectile '20'
brac18.itm : Opcode 83 : Type de projectile '101'
brac18.itm : Opcode 83 : Type de projectile '257'
brac18.itm : Opcode 83 : Type de projectile '270'
bruenaxe.itm : Opcode 319 à gérer.
clck03.itm : Opcode 232 à gérer.
clck06.itm : Opcode 206 : La ressource SPPR309D.spl n'existe pas.
clck06.itm : Opcode 206 : La ressource SPWI203D.spl n'existe pas.
clck06.itm : Opcode 206 : La ressource DVDINVIS.spl n'existe pas.
clck23.itm : Opcode 206 : La ressource BDSPIDGA.spl n'existe pas.
clck23.itm : Opcode 206 : La ressource SPWI215D.spl n'existe pas.
clck23.itm : Opcode 206 : La ressource WAND14D.spl n'existe pas.
clck23.itm : Opcode 206 : La ressource D0SPIWEB.spl n'existe pas.
clck23.itm : Opcode 206 : La ressource DVWEB.spl n'existe pas.
dvwebb.spl : clck23.itm : Opcode 206 : Nom du sort introuvable pour dvwebb.spl.
clck23.itm : Opcode 206 : La ressource DW#0W215.spl n'existe pas.
clck23.itm : Opcode 206 : La ressource DW#MWEB.spl n'existe pas.
clck23.itm : Opcode 206 : La ressource DW#WEB.spl n'existe pas.
clck25.itm : Opcode 232 à gérer.
clck26.itm : Opcode 232 à gérer.
clck27.itm : Opcode 206 : La ressource DVSTENCH.spl n'existe pas.
dagg09.itm : Opcode 123 à gérer.
dagg09a.itm : Opcode 123 à gérer.
dagg09b.itm : Opcode 123 à gérer.
dagg11.itm : Opcode 123 à gérer.
dagg11a.itm : Opcode 123 à gérer.
dagg11b.itm : Opcode 123 à gérer.
dagg12.itm : Opcode 123 à gérer.
dagg12a.itm : Opcode 123 à gérer.
dagg12b.itm : Opcode 123 à gérer.
dvwebb.spl : dagg14.itm : Opcode 146 : Nom du sort introuvable pour dvwebb.spl.
dvvenom.spl : dagg16.itm : Opcode 146 : Nom du sort introuvable pour dvvenom.spl.
dvstdust.spl : dagg21.itm : Opcode 146 : Nom du sort introuvable pour dvstdust.spl.
dvstdust.spl : dagg22.itm : Opcode 146 : Nom du sort introuvable pour dvstdust.spl.
dagg22.itm : Opcode 123 à gérer.
dvstdust.spl : dagg22a.itm : Opcode 146 : Nom du sort introuvable pour dvstdust.spl.
dagg22a.itm : Opcode 123 à gérer.
dvaspven.spl : dart05.itm : Opcode 146 : Nom du sort introuvable pour dvaspven.spl.
dvhoples.spl : dvblun01.itm : Opcode 146 : Nom du sort introuvable pour dvhoples.spl.
halb03.spl : halb03.itm : Opcode 146 : Nom du sort introuvable pour halb03.spl.
dvweaken.spl : halb06.itm : Opcode 146 : Nom du sort introuvable pour dvweaken.spl.
halb09.itm : Opcode 206 : La ressource SPWI812D.spl n'existe pas.
halb09.spl : halb09.itm : Opcode 146 : Nom du sort introuvable pour halb09.spl.
halb10.itm : Opcode 272 à gérer.
halb11.itm : Opcode 272 à gérer.
dvviper.spl : halb11.itm : Opcode 146 : Nom du sort introuvable pour dvviper.spl.
hamm06.itm : Opcode 123 à gérer.
hamm06a.itm : Opcode 123 à gérer.
hamm06b.itm : Opcode 123 à gérer.
hamm09.itm : Opcode 123 à gérer.
hamm09a.itm : Opcode 123 à gérer.
dvbanis2.spl : DVBANIS2.eff : Opcode 146 : Nom du sort introuvable pour dvbanis2.spl.
dvbanis2.spl : DVBANIS2.eff : Opcode 146 : Nom du sort introuvable pour dvbanis2.spl.
hamm10.itm : opcode 177: Traduction 207020 manquante
hamm10.itm : FAILURE: opcode 177: Not_found
dvbanis2.spl : DVBANIS2.eff : Opcode 146 : Nom du sort introuvable pour dvbanis2.spl.
dvbanis2.spl : DVBANIS2.eff : Opcode 146 : Nom du sort introuvable pour dvbanis2.spl.
hamm11.itm : opcode 177: Traduction 207020 manquante
hamm11.itm : FAILURE: opcode 177: Not_found
hamm13.itm : Opcode 206 : La ressource SPPR309D.spl n'existe pas.
hamm13.itm : Opcode 206 : La ressource SPWI203D.spl n'existe pas.
dvtrusee.spl : hamm13.itm : Opcode 206 : Nom du sort introuvable pour dvtrusee.spl.
dvkndown.spl : hamm13.itm : Opcode 146 : Nom du sort introuvable pour dvkndown.spl.
helm29.itm : Opcode 206 : La ressource SPPR309D.spl n'existe pas.
helm29.itm : Opcode 206 : La ressource SPWI203D.spl n'existe pas.
helm29.itm : Opcode 206 : La ressource DVDINVIS.spl n'existe pas.
helm30.itm : Opcode 206 : La ressource SPPR309D.spl n'existe pas.
helm30.itm : Opcode 206 : La ressource SPWI203D.spl n'existe pas.
helm30.itm : Opcode 206 : La ressource DVDINVIS.spl n'existe pas.
misc5x.itm : Opcode 206 : La ressource SPPR309D.spl n'existe pas.
misc5x.itm : Opcode 206 : La ressource SPWI203D.spl n'existe pas.
misc5x.itm : Opcode 206 : La ressource DVDINVIS.spl n'existe pas.
dvvenom.spl : misc75.itm : Opcode 146 : Nom du sort introuvable pour dvvenom.spl.
misc8j.itm : Opcode 206 : La ressource rr#dpdis.spl n'existe pas.
misc8j.itm : Opcode 206 : La ressource fl#csdis.spl n'existe pas.
dvsleep.spl : ohreaver.itm : Opcode 206 : Nom du sort introuvable pour dvsleep.spl.
dvstun.spl : ohreaver.itm : Opcode 206 : Nom du sort introuvable pour dvstun.spl.
dvmindbr.spl : ohreaver.itm : Opcode 206 : Nom du sort introuvable pour dvmindbr.spl.
dvfearsm.spl : ohreaver.itm : Opcode 206 : Nom du sort introuvable pour dvfearsm.spl.
dvhoples.spl : ohreaver.itm : Opcode 206 : Nom du sort introuvable pour dvhoples.spl.
ohsw1h55.itm : Opcode 319 à gérer.
dvsleep.spl : reaver.itm : Opcode 206 : Nom du sort introuvable pour dvsleep.spl.
dvstun.spl : reaver.itm : Opcode 206 : Nom du sort introuvable pour dvstun.spl.
dvmindbr.spl : reaver.itm : Opcode 206 : Nom du sort introuvable pour dvmindbr.spl.
dvfearsm.spl : reaver.itm : Opcode 206 : Nom du sort introuvable pour dvfearsm.spl.
dvhoples.spl : reaver.itm : Opcode 206 : Nom du sort introuvable pour dvhoples.spl.
ring28.itm : Opcode 206 : La ressource SPWI213D.spl n'existe pas.
ring28.itm : Opcode 206 : La ressource SPWI502D.spl n'existe pas.
ring28.itm : Opcode 206 : La ressource SPWI614D.spl n'existe pas.
ring28.itm : Opcode 206 : La ressource SPWI810D.spl n'existe pas.
ring28.itm : Opcode 206 : La ressource WAND13.spl n'existe pas.
ring28.itm : Opcode 206 : La ressource DVCKILL2.spl n'existe pas.
dvkndown.spl : RING33B.eff : Opcode 146 : Nom du sort introuvable pour dvkndown.spl.
ring42.itm : Opcode 206 : La ressource SPPR519.spl n'existe pas.
ring47.itm : Opcode 283 : La ressource ZOMBIE.eff n'existe pas.
rodaxe.itm : Opcode 319 à gérer.
dvconfus.spl : rodaxe.itm : Opcode 146 : Nom du sort introuvable pour dvconfus.spl.
dvstun.spl : rodaxe.itm : Opcode 146 : Nom du sort introuvable pour dvstun.spl.
rodaxe.itm : Opcode 123 à gérer.
rodaxe.itm : Opcode 123 à gérer.
rodaxe.itm : Opcode 123 à gérer.
rodaxe.itm : Opcode 123 à gérer.
rodmace.itm : Opcode 123 à gérer.
rodmace.itm : Opcode 123 à gérer.
rodmace.itm : Opcode 123 à gérer.
rodmace.itm : Opcode 123 à gérer.
rods02.itm : Opcode 123 à gérer.
rods02.itm : Opcode 123 à gérer.
rods02.itm : Opcode 123 à gérer.
rods02.itm : Opcode 123 à gérer.
rods02a.itm : Opcode 123 à gérer.
rods02a.itm : Opcode 123 à gérer.
rods02a.itm : Opcode 123 à gérer.
rods02a.itm : Opcode 123 à gérer.
rodspear.itm : Opcode 123 à gérer.
rodspear.itm : Opcode 123 à gérer.
rodspear.itm : Opcode 123 à gérer.
rodspear.itm : Opcode 123 à gérer.
rodsword.itm : Opcode 123 à gérer.
rodsword.itm : Opcode 123 à gérer.
rodsword.itm : Opcode 123 à gérer.
rodsword.itm : Opcode 123 à gérer.
rsboot.itm : Opcode 319 à gérer.
rsbrac.itm : Opcode 319 à gérer.
secret01.itm : Opcode 180 : La ressource DVENBOLT.itm n'existe pas.
shld24.itm : Opcode 83 : Type de projectile '357'
shld24.itm : Opcode 83 : Type de projectile '318'
shld24.itm : Opcode 83 : Type de projectile '317'
shld24.itm : Opcode 83 : Type de projectile '316'
shld24.itm : Opcode 83 : Type de projectile '314'
shld24.itm : Opcode 83 : Type de projectile '313'
shld24.itm : Opcode 83 : Type de projectile '312'
shld24.itm : Opcode 83 : Type de projectile '310'
shld24.itm : Opcode 83 : Type de projectile '309'
shld24.itm : Opcode 83 : Type de projectile '308'
shld24.itm : Opcode 83 : Type de projectile '307'
shld24.itm : Opcode 83 : Type de projectile '306'
shld24.itm : Opcode 83 : Type de projectile '305'
shld24.itm : Opcode 83 : Type de projectile '304'
shld24.itm : Opcode 83 : Type de projectile '303'
shld24.itm : Opcode 83 : Type de projectile '302'
shld24.itm : Opcode 83 : Type de projectile '301'
shld24.itm : Opcode 83 : Type de projectile '300'
shld24.itm : Opcode 83 : Type de projectile '298'
shld24.itm : Opcode 83 : Type de projectile '297'
shld24.itm : Opcode 83 : Type de projectile '296'
shld24.itm : Opcode 83 : Type de projectile '295'
shld24.itm : Opcode 83 : Type de projectile '294'
shld24.itm : Opcode 83 : Type de projectile '293'
shld24.itm : Opcode 83 : Type de projectile '292'
shld24.itm : Opcode 83 : Type de projectile '291'
shld24.itm : Opcode 83 : Type de projectile '290'
shld24.itm : Opcode 83 : Type de projectile '289'
shld24.itm : Opcode 83 : Type de projectile '288'
shld24.itm : Opcode 83 : Type de projectile '287'
shld24.itm : Opcode 83 : Type de projectile '286'
shld24.itm : Opcode 83 : Type de projectile '284'
shld24.itm : Opcode 83 : Type de projectile '283'
shld24.itm : Opcode 83 : Type de projectile '11'
shld24.itm : Opcode 83 : Type de projectile '15'
shld24.itm : Opcode 83 : Type de projectile '20'
shld24.itm : Opcode 83 : Type de projectile '101'
shld24.itm : Opcode 83 : Type de projectile '257'
shld24.itm : Opcode 83 : Type de projectile '270'
slng09.itm : opcode 177: Traduction 204201 manquante
slng09.itm : FAILURE: opcode 177: Not_found
dvscourg.spl : sper10.itm : Opcode 146 : Nom du sort introuvable pour dvscourg.spl.
staf09.itm : Opcode 272 à gérer.
staf10.itm : Opcode 272 à gérer.
staf11.itm : Opcode 206 : La ressource SPPR121.spl n'existe pas.
staf11.itm : Opcode 206 : La ressource SPWI505D.spl n'existe pas.
staf11.itm : Opcode 272 à gérer.
staf11.itm : Opcode 233: Proficiency not found : 118
staf14.itm : Opcode 272 à gérer.
staf15.spl : staf15.itm : Opcode 146 : Nom du sort introuvable pour staf15.spl.
sppr203d.spl : staf20.itm : Opcode 206 : Nom du sort introuvable pour sppr203d.spl.
sppr203e.spl : staf20.itm : Opcode 206 : Nom du sort introuvable pour sppr203e.spl.
staf20.itm : Opcode 206 : La ressource RR#CURSE.spl n'existe pas.
dvbram.spl : staf22.itm : Opcode 146 : Nom du sort introuvable pour dvbram.spl.
dvviper.spl : staf23.itm : Opcode 146 : Nom du sort introuvable pour dvviper.spl.
stafn1.itm : Opcode 319 à gérer.
sw1h09_.itm : Opcode 272 à gérer.
sw1h19.itm : Opcode 272 à gérer.
sw1h27.itm : Opcode 206 : La ressource BDSPIDGA.spl n'existe pas.
sw1h27.itm : Opcode 206 : La ressource SPWI215D.spl n'existe pas.
sw1h27.itm : Opcode 206 : La ressource WAND14D.spl n'existe pas.
sw1h27.itm : Opcode 206 : La ressource D0SPIWEB.spl n'existe pas.
sw1h27.itm : Opcode 206 : La ressource DVWEB.spl n'existe pas.
dvwebb.spl : sw1h27.itm : Opcode 206 : Nom du sort introuvable pour dvwebb.spl.
sw1h27.itm : Opcode 206 : La ressource DW#0W215.spl n'existe pas.
sw1h27.itm : Opcode 206 : La ressource DW#MWEB.spl n'existe pas.
sw1h27.itm : Opcode 206 : La ressource DW#WEB.spl n'existe pas.
sw1h33.itm : Opcode 112 à gérer.
sw1h33a.itm : Opcode 112 à gérer.
sw1h36.spl : sw1h36.itm : Opcode 146 : Nom du sort introuvable pour sw1h36.spl.
sw1h40.itm : Opcode 272 à gérer.
sw1h40d.spl : sw1h40.itm : Opcode 206 : Nom du sort introuvable pour sw1h40d.spl.
sw1h54.itm : Opcode 319 à gérer.
sw1h54.itm : Opcode 319 à gérer.
sw1h54.itm : Opcode 319 à gérer.
sw1h54.itm : Opcode 319 à gérer.
sw1h54.itm : Opcode 319 à gérer.
sw1h66.itm : Opcode 232 à gérer.
dvtenchu.spl : sw1h70.itm : Opcode 146 : Nom du sort introuvable pour dvtenchu.spl.
dvtenchu.spl : sw1h71.itm : Opcode 146 : Nom du sort introuvable pour dvtenchu.spl.
sw1h77.itm : Opcode 232 à gérer.
sw2h06.itm : Opcode 206 : La ressource BDSPIDGA.spl n'existe pas.
sw2h06.itm : Opcode 206 : La ressource SPWI215D.spl n'existe pas.
sw2h06.itm : Opcode 206 : La ressource WAND14D.spl n'existe pas.
sw2h06.itm : Opcode 206 : La ressource D0SPIWEB.spl n'existe pas.
sw2h06.itm : Opcode 206 : La ressource DVWEB.spl n'existe pas.
dvwebb.spl : sw2h06.itm : Opcode 206 : Nom du sort introuvable pour dvwebb.spl.
sw2h06.itm : Opcode 206 : La ressource DW#0W215.spl n'existe pas.
sw2h06.itm : Opcode 206 : La ressource DW#MWEB.spl n'existe pas.
sw2h06.itm : Opcode 206 : La ressource DW#WEB.spl n'existe pas.
sw2h06.itm : Opcode 206 : La ressource SPIN175.spl n'existe pas.
dvbanis2.spl : DVBANIS2.eff : Opcode 146 : Nom du sort introuvable pour dvbanis2.spl.
dvbanis2.spl : DVBANIS2.eff : Opcode 146 : Nom du sort introuvable pour dvbanis2.spl.
sw2h07.itm : opcode 177: Traduction 207020 manquante
sw2h07.itm : FAILURE: opcode 177: Not_found
dvenerv.spl : sw2h08.itm : Opcode 146 : Nom du sort introuvable pour dvenerv.spl.
sw2h13.itm : Opcode 206 : La ressource BDSPIDGA.spl n'existe pas.
sw2h13.itm : Opcode 206 : La ressource SPWI215D.spl n'existe pas.
sw2h13.itm : Opcode 206 : La ressource WAND14D.spl n'existe pas.
sw2h13.itm : Opcode 206 : La ressource D0SPIWEB.spl n'existe pas.
sw2h13.itm : Opcode 206 : La ressource DVWEB.spl n'existe pas.
dvwebb.spl : sw2h13.itm : Opcode 206 : Nom du sort introuvable pour dvwebb.spl.
sw2h13.itm : Opcode 206 : La ressource DW#0W215.spl n'existe pas.
sw2h13.itm : Opcode 206 : La ressource DW#MWEB.spl n'existe pas.
sw2h13.itm : Opcode 206 : La ressource DW#WEB.spl n'existe pas.
sw2h13.itm : Opcode 206 : La ressource SPIN175.spl n'existe pas.
sw2hd1.itm : Opcode 232 à gérer.
sw2hd1.itm : Opcode 232 à gérer.
waaxe.itm : Opcode 319 à gérer.
dvvenom.spl : waninja.itm : Opcode 146 : Nom du sort introuvable pour dvvenom.spl.
dvconfus.spl : was2h.itm : Opcode 146 : Nom du sort introuvable pour dvconfus.spl.
dvknback.spl : xbow08.itm : Opcode 146 : Nom du sort introuvable pour dvknback.spl.
dvscourg.spl : xbow13.itm : Opcode 146 : Nom du sort introuvable pour dvscourg.spl.
xbow15.itm : Opcode 180 : La ressource DVENBOLT.itm n'existe pas.
xbow16.itm : Opcode 180 : La ressource DVENBOLT.itm n'existe pas.
