	
l#bhasy.itm : Opcode 232 à gérer.
l#bhasy2.spl : l#bhasy.itm : Opcode 146 : Nom du sort introuvable pour l#bhasy2.spl.
l#ciren.itm : Opcode 232 à gérer.
l#frgm0.itm : Opcode 232 à gérer.
l#harha.itm : Opcode 232 à gérer.
l#haur2.itm : Opcode 232 à gérer.
l#kobi1.itm : Opcode 232 à gérer.
l#ormsta.itm : Opcode 232 à gérer.
l#perrin.itm : Opcode 232 à gérer.
L#RNI3.eff : Opcode 232 à gérer.
l#shadm1.itm : Opcode 232 à gérer.
l#ulcda.itm : Opcode 341 : La ressource SPPR319.eff n'existe pas.
L#ZSOD4.ITM : Opcode 341 : La ressource L#ZSOD4.eff n'existe pas.
L#ZSOD4.ITM : Opcode 362 à gérer.
l#zsod7a.spl : L#ZSOD7A.eff : Opcode 146 : Nom du sort introuvable pour l#zsod7a.spl.
l#zsod7b.spl : l#zsod7.itm : Opcode 318 : Nom du sort introuvable pour l#zsod7b.spl.
l#zsod7b.spl : L#ZSOD7B.eff : Opcode 146 : Nom du sort introuvable pour l#zsod7b.spl.
l#zsod7a.spl : l#zsod8.itm : Opcode 318 : Nom du sort introuvable pour l#zsod7a.spl.
l#zsod9d.spl : l#zsod9.itm : Opcode 146 : Nom du sort introuvable pour l#zsod9d.spl.
l#zsod9.itm : FAILURE: opcode 214: Failure("l#zsod9.itm : Opcode 214 : Lire les sorts utilisables depuis le fichier 2da L#ZSOD9")
BEHOLDER.ITM : Opcode 206 : La ressource cdsw1h58.spl n'existe pas.
BEHOLDER.ITM : Opcode 206 : La ressource cdmound.spl n'existe pas.
BEHOLDER.ITM : Opcode 206 : La ressource cdhgnya1.spl n'existe pas.
