
AROW03.ITM : opcode 324: Traduction 420140 manquante
AX1H10.ITM : opcode 324: Traduction 420140 manquante
AX1H10.ITM : opcode 324: Traduction 420140 manquante
AX1H15.ITM : opcode 324: Traduction 420140 manquante
BDSW2H01.ITM : opcode 324: Traduction 420139 manquante
BLUN12.ITM : opcode 324: Traduction 420140 manquante
BLUN14.ITM : opcode 324: Traduction 420139 manquante
BLUN25.ITM : opcode 324: Traduction 420140 manquante
BOLT07.ITM : opcode 324: Traduction 420128 manquante
BOLT08.ITM : opcode 324: Traduction 420140 manquante
BRAC16.ITM : opcode 324: Traduction 420138 manquante
BULL04.ITM : opcode 324: Traduction 420140 manquante
C2BOW01.ITM : opcode 324: Traduction 420130 manquante
C2DAGG01.ITM : opcode 324: Traduction 420127 manquante
C2KELD02.ITM : opcode 324: Traduction 420136 manquante
C2MAZZ01.ITM : opcode 324: Traduction 420139 manquante
C2RING03.ITM : opcode 324: Traduction 420119 manquante
C2STAF01.ITM : opcode 324: Traduction 420127 manquante
C2STAF01.ITM : opcode 324: Traduction 420140 manquante
C2STAF02.ITM : opcode 324: Traduction 420119 manquante
CDSW2H07.ITM : opcode 324: Traduction 420134 manquante
CLCK07.ITM : opcode 324: Traduction 420119 manquante
DART03.ITM : opcode 324: Traduction 420128 manquante
DWBOLT02.ITM : opcode 324: Traduction 420128 manquante
HAMM10.ITM : opcode 324: Traduction 420140 manquante
HAMM11.ITM : opcode 324: Traduction 420140 manquante
HELM32.ITM : opcode 324: Traduction 420129 manquante
KUOBOLT.ITM : opcode 324: Traduction 420128 manquante
KUOBOLT2.ITM : opcode 324: Traduction 420128 manquante
KUOBOLT3.ITM : opcode 324: Traduction 420132 manquante
OHBWING.ITM : opcode 324: Traduction 420140 manquante
OHHDAG01.ITM : opcode 324: Traduction 420128 manquante
REGISAMU.ITM : opcode 324: Traduction 420119 manquante
RING03.ITM : opcode 324: Traduction 420119 manquante
RING27.ITM : opcode 324: Traduction 420119 manquante
RING28.ITM : opcode 324: Traduction 420119 manquante
RING29.ITM : opcode 324: Traduction 420119 manquante
RING30.ITM : opcode 324: Traduction 420119 manquante
RING39.ITM : opcode 324: Traduction 420138 manquante
RODS04.ITM : opcode 324: Traduction 420140 manquante
SAHBOLT.ITM : opcode 324: Traduction 420128 manquante
SLNG06.ITM : opcode 324: Traduction 420128 manquante
STAF09.ITM : opcode 324: Traduction 420119 manquante
STAF13.ITM : opcode 324: Traduction 420128 manquante
STAF14.ITM : opcode 324: Traduction 420119 manquante
STAF15.ITM : opcode 324: Traduction 420140 manquante
STAF16.ITM : opcode 324: Traduction 420140 manquante
STAF17.ITM : opcode 324: Traduction 420140 manquante
SW1H27.ITM : opcode 324: Traduction 420138 manquante
SW1H36.ITM : opcode 324: Traduction 420136 manquante
SW1H50.ITM : opcode 324: Traduction 420140 manquante
SW1H58.ITM : opcode 324: Traduction 420133 manquante
SW2H15.ITM : opcode 324: Traduction 420140 manquante
U#DART83.ITM : opcode 324: Traduction 420128 manquante
U#HFHBPB.ITM : opcode 324: Traduction 420128 manquante
U#HFHRVA.ITM : opcode 324: Traduction 420129 manquante
U#HFSFWS.ITM : opcode 324: Traduction 420136 manquante
U#HFSSLS.ITM : opcode 324: Traduction 420132 manquante
U#MACE92.ITM : opcode 324: Traduction 420128 manquante
U#SPER89.ITM : opcode 324: Traduction 420128 manquante
U#SWDBRC.ITM : opcode 324: Traduction 420130 manquante
U#ZZL6MA.ITM : opcode 324: Traduction 420140 manquante
WAS2H.ITM : opcode 324: Traduction 420130 manquante
