
BALSHLD.SPL : Niveau minimum non calculable
BALSHLD.SPL : Niveau minimum non calculable
BALTH06.SPL : Niveau minimum non calculable
BALTH06.SPL : Niveau minimum non calculable
BALTH07.SPL : Niveau minimum non calculable
BALTH07.SPL : opcode 324: Traduction 420139 manquante
BALTH07.SPL : Niveau minimum non calculable
BHAAL1B.SPL : Niveau minimum non calculable
BHAAL1B.SPL : Niveau minimum non calculable
BHAAL2B.SPL : Niveau minimum non calculable
BHAAL2B.SPL : opcode 324: Traduction 420139 manquante
BHAAL2B.SPL : opcode 324: Traduction 420139 manquante
BHAAL2B.SPL : opcode 324: Traduction 420139 manquante
BHAAL2B.SPL : opcode 324: Traduction 420139 manquante
BHAAL2B.SPL : opcode 324: Traduction 420139 manquante
BHAAL2B.SPL : opcode 324: Traduction 420139 manquante
BHAAL2B.SPL : opcode 324: Traduction 420139 manquante
BHAAL2B.SPL : opcode 324: Traduction 420139 manquante
BHAAL4A.SPL : Niveau minimum non calculable
BHAAL4A.SPL : Cible à gerer : 3 
BHAAL4A.SPL : Niveau minimum non calculable
CDHLYSY2.SPL : Niveau minimum non calculable
CDHLYSY2.SPL : Niveau minimum non calculable
CDPR417.SPL : Niveau minimum non calculable
CDPR417.SPL : Niveau minimum non calculable
CDSTAF12.SPL : opcode 324: Traduction 420128 manquante
CDWI917A.SPL : Niveau minimum non calculable
CDWI917A.SPL : Niveau minimum non calculable
DEMOCHM.SPL : Niveau minimum non calculable
DEMOCHM.SPL : opcode 324: Traduction 420119 manquante
DEMOCHM.SPL : Niveau minimum non calculable
DEVAHEAL.SPL : Niveau minimum non calculable
DEVAHEAL.SPL : Niveau minimum non calculable
DGARCHON.SPL : Niveau minimum non calculable
DGARCHON.SPL : Niveau minimum non calculable
DGFAITH.SPL : Niveau minimum non calculable
DGFAITH.SPL : Niveau minimum non calculable
DGRIGHT.SPL : Niveau minimum non calculable
DGRIGHT.SPL : Niveau minimum non calculable
DW#FPPLO.SPL : Niveau minimum non calculable
DW#FPPLO.SPL : Niveau minimum non calculable
MDK2SUMM.SPL : Niveau minimum non calculable
MDK2SUMM.SPL : Niveau minimum non calculable
MELIS02.SPL : Niveau minimum non calculable
MELIS02.SPL : Niveau minimum non calculable
MELIS02B.SPL : Niveau minimum non calculable
MELIS02B.SPL : Niveau minimum non calculable
MELSTONE.SPL : Niveau minimum non calculable
MELSTONE.SPL : Niveau minimum non calculable
OHBBCLT4.SPL : Niveau minimum non calculable
OHBCALLL.SPL : Niveau minimum non calculable
OHBCALLL.SPL : Niveau minimum non calculable
OHBCSFD.SPL : Niveau minimum non calculable
OHBCSFD.SPL : opcode 324: Traduction 420140 manquante
OHBCSFD.SPL : Niveau minimum non calculable
OHBDEMI3.SPL : Niveau minimum non calculable
OHBDEMI3.SPL : Niveau minimum non calculable
OHBPR608.SPL : Niveau minimum non calculable
OHBPR608.SPL : Niveau minimum non calculable
OHBQUAKE.SPL : Niveau minimum non calculable
OHBQUAKE.SPL : Niveau minimum non calculable
OHBRESTO.SPL : Niveau minimum non calculable
OHBRESTO.SPL : Niveau minimum non calculable
OHBWI302.SPL : Niveau minimum non calculable
OHBWI302.SPL : Niveau minimum non calculable
OHDCUT02.SPL : Niveau minimum non calculable
OHDCUT02.SPL : Niveau minimum non calculable
OHDPOTN1.SPL : Niveau minimum non calculable
OHDPOTN1.SPL : Niveau minimum non calculable
OHDXDIS.SPL : Niveau minimum non calculable
OHDXDIS.SPL : Niveau minimum non calculable
OHHDRAIN.SPL : Niveau minimum non calculable
OHHDRAIN.SPL : Niveau minimum non calculable
OHNDDOOR.SPL : Niveau minimum non calculable
OHNDDOOR.SPL : Niveau minimum non calculable
OHNRDKIL.SPL : Niveau minimum non calculable
OHNRDKIL.SPL : Niveau minimum non calculable
OHNRDTEL.SPL : Niveau minimum non calculable
OHNRDTEL.SPL : FAILURE: Unknown macro: opcode_self_68
OHNRDTEL.SPL : Niveau minimum non calculable
OHNVRD1.SPL : Niveau minimum non calculable
OHNVRD1.SPL : Niveau minimum non calculable
OHNVRD2.SPL : Niveau minimum non calculable
OHNVRD2.SPL : Niveau minimum non calculable
OHNVRD3.SPL : Niveau minimum non calculable
OHNVRD3.SPL : Niveau minimum non calculable
OHNWISH.SPL : Niveau minimum non calculable
OHNWISH.SPL : Niveau minimum non calculable
OHRRAGE.SPL : Niveau minimum non calculable
OHRRAGE.SPL : Niveau minimum non calculable
OHTMPS2.SPL : Niveau minimum non calculable
OHTMPS2.SPL : Niveau minimum non calculable
OHTYR1.SPL : Niveau minimum non calculable
OHTYR1.SPL : Niveau minimum non calculable
SENSPIHE.SPL : Niveau minimum non calculable
SENSPIHE.SPL : Niveau minimum non calculable
SENSPISU.SPL : Niveau minimum non calculable
SENSPISU.SPL : Niveau minimum non calculable
SPBLUN29.SPL : Niveau minimum non calculable
SPBLUN29.SPL : Niveau minimum non calculable
SPCL102.SPL : Niveau minimum non calculable
SPCL102.SPL : Niveau minimum non calculable
SPCL103.SPL : Niveau minimum non calculable
SPCL103.SPL : opcode 324: Traduction 420129 manquante
SPCL103.SPL : Niveau minimum non calculable
SPCL104.SPL : Niveau minimum non calculable
SPCL104.SPL : Niveau minimum non calculable
SPCL121.SPL : Opcode 54: Invalid target : 255
SPCL121.SPL : Opcode 44: Invalid target : 255
SPCL121.SPL : Opcode 44: Invalid target : 255
SPCL121.SPL : Opcode 12: Invalid target : 255
SPCL144.SPL : Niveau minimum non calculable
SPCL144.SPL : Niveau minimum non calculable
SPCL152.SPL : Niveau minimum non calculable
SPCL152.SPL : Niveau minimum non calculable
SPCL212.SPL : Niveau minimum non calculable
SPCL212.SPL : Niveau minimum non calculable
SPCL213.SPL : Niveau minimum non calculable
SPCL213.SPL : Niveau minimum non calculable
SPCL222.SPL : Niveau minimum non calculable
SPCL222.SPL : Niveau minimum non calculable
SPCL231.SPL : opcode 177: Traduction 206002 manquante
SPCL232.SPL : Niveau minimum non calculable
SPCL232.SPL : Niveau minimum non calculable
SPCL238.SPL : Niveau minimum non calculable
SPCL238.SPL : Niveau minimum non calculable
SPCL239.SPL : Niveau minimum non calculable
SPCL239.SPL : Niveau minimum non calculable
SPCL311.SPL : Niveau minimum non calculable
SPCL311.SPL : opcode 324: Traduction 420119 manquante
SPCL311.SPL : Niveau minimum non calculable
SPCL321.SPL : Niveau minimum non calculable
SPCL321.SPL : Niveau minimum non calculable
SPCL342.SPL : Niveau minimum non calculable
SPCL342.SPL : Niveau minimum non calculable
SPCL412.SPL : Niveau minimum non calculable
SPCL412.SPL : Niveau minimum non calculable
SPCL414.SPL : Niveau minimum non calculable
SPCL414.SPL : Niveau minimum non calculable
SPCL423.SPL : Niveau minimum non calculable
SPCL423.SPL : Niveau minimum non calculable
SPCL521.SPL : Niveau minimum non calculable
SPCL521.SPL : Niveau minimum non calculable
SPCL611.SPL : Niveau minimum non calculable
SPCL611.SPL : Niveau minimum non calculable
SPCL612.SPL : Niveau minimum non calculable
SPCL612.SPL : Niveau minimum non calculable
SPCL613.SPL : Niveau minimum non calculable
SPCL613.SPL : Niveau minimum non calculable
SPCL621.SPL : Niveau minimum non calculable
SPCL621.SPL : Niveau minimum non calculable
SPCL622.SPL : Niveau minimum non calculable
SPCL622.SPL : Niveau minimum non calculable
SPCL623.SPL : Niveau minimum non calculable
SPCL623.SPL : Niveau minimum non calculable
SPCL624.SPL : Niveau minimum non calculable
SPCL624.SPL : Niveau minimum non calculable
SPCL625.SPL : Niveau minimum non calculable
SPCL625.SPL : Niveau minimum non calculable
SPCL632.SPL : Niveau minimum non calculable
SPCL632.SPL : Niveau minimum non calculable
SPCL633.SPL : Niveau minimum non calculable
SPCL633.SPL : Niveau minimum non calculable
SPCL634.SPL : Niveau minimum non calculable
SPCL634.SPL : Niveau minimum non calculable
SPCL643.SPL : Niveau minimum non calculable
SPCL643.SPL : Niveau minimum non calculable
SPCL644.SPL : Niveau minimum non calculable
SPCL644.SPL : Niveau minimum non calculable
SPCL732.SPL : Niveau minimum non calculable
SPCL732.SPL : Niveau minimum non calculable
SPCL742.SPL : opcode 324: Traduction 420131 manquante
SPCL811.SPL : Niveau minimum non calculable
SPCL811.SPL : Niveau minimum non calculable
SPCL820.SPL : Niveau minimum non calculable
SPCL820.SPL : Niveau minimum non calculable
SPCL900.SPL : Niveau minimum non calculable
SPCL900.SPL : Niveau minimum non calculable
SPCL901.SPL : Niveau minimum non calculable
SPCL901.SPL : Niveau minimum non calculable
SPCL902.SPL : Niveau minimum non calculable
SPCL902.SPL : Niveau minimum non calculable
SPCL903.SPL : Niveau minimum non calculable
SPCL903.SPL : Niveau minimum non calculable
SPCL904.SPL : Niveau minimum non calculable
SPCL904.SPL : Niveau minimum non calculable
SPCL905.SPL : Niveau minimum non calculable
SPCL905.SPL : Niveau minimum non calculable
SPCL906.SPL : Niveau minimum non calculable
SPCL906.SPL : Niveau minimum non calculable
SPCL908.SPL : Niveau minimum non calculable
SPCL908.SPL : opcode 324: Traduction 420129 manquante
SPCL908.SPL : Niveau minimum non calculable
SPCL909.SPL : Niveau minimum non calculable
SPCL909.SPL : Niveau minimum non calculable
SPCL910.SPL : Niveau minimum non calculable
SPCL910.SPL : Niveau minimum non calculable
SPCL911.SPL : Niveau minimum non calculable
SPCL911.SPL : Niveau minimum non calculable
SPCL912.SPL : Niveau minimum non calculable
SPCL912.SPL : Niveau minimum non calculable
SPCL913.SPL : Niveau minimum non calculable
SPCL913.SPL : Niveau minimum non calculable
SPCL914.SPL : Niveau minimum non calculable
SPCL914.SPL : Niveau minimum non calculable
SPCL915.SPL : Niveau minimum non calculable
SPCL915.SPL : Niveau minimum non calculable
SPCL916.SPL : Niveau minimum non calculable
SPCL916.SPL : Niveau minimum non calculable
SPCL917.SPL : Niveau minimum non calculable
SPCL917.SPL : Niveau minimum non calculable
SPCL918.SPL : Niveau minimum non calculable
SPCL918.SPL : Niveau minimum non calculable
SPCL919.SPL : Niveau minimum non calculable
SPCL919.SPL : Niveau minimum non calculable
SPCL920.SPL : Niveau minimum non calculable
SPCL920.SPL : Niveau minimum non calculable
SPCL921.SPL : Niveau minimum non calculable
SPCL921.SPL : Niveau minimum non calculable
SPCL922.SPL : Niveau minimum non calculable
SPCL922.SPL : Niveau minimum non calculable
SPCL928.SPL : Niveau minimum non calculable
SPCL928.SPL : Niveau minimum non calculable
SPCL929.SPL : Niveau minimum non calculable
SPCL929.SPL : Niveau minimum non calculable
SPCL930.SPL : Niveau minimum non calculable
SPCL930.SPL : Niveau minimum non calculable
SPCL936.SPL : Niveau minimum non calculable
SPCL936.SPL : Niveau minimum non calculable
SPCL937.SPL : Niveau minimum non calculable
SPCL937.SPL : Niveau minimum non calculable
SPCL938.SPL : Niveau minimum non calculable
SPCL938.SPL : Niveau minimum non calculable
SPCL940.SPL : Niveau minimum non calculable
SPCL940.SPL : Niveau minimum non calculable
SPCL941.SPL : Niveau minimum non calculable
SPCL941.SPL : Niveau minimum non calculable
SPCRYO01.SPL : Niveau minimum non calculable
SPCRYO01.SPL : Niveau minimum non calculable
SPCRYOD.SPL : Niveau minimum non calculable
SPCRYOD.SPL : Niveau minimum non calculable
SPCTMD01.SPL : Niveau minimum non calculable
SPCTMD01.SPL : Niveau minimum non calculable
SPDM101.SPL : Niveau minimum non calculable
SPDM101.SPL : Niveau minimum non calculable
SPDM103.SPL : Niveau minimum non calculable
SPDM103.SPL : Niveau minimum non calculable
SPDM105.SPL : Niveau minimum non calculable
SPDM105.SPL : Niveau minimum non calculable
SPDR101.SPL : Niveau minimum non calculable
SPDR101.SPL : Niveau minimum non calculable
SPDR101.SPL : opcode 324: Traduction 420134 manquante
SPDR101.SPL : opcode 324: Traduction 420140 manquante
SPDR201.SPL : Niveau minimum non calculable
SPDR201.SPL : opcode 324: Traduction 420132 manquante
SPDR201.SPL : Niveau minimum non calculable
SPDR501.SPL : opcode 324: Traduction 420130 manquante
SPDWD02.SPL : Niveau minimum non calculable
SPDWD02.SPL : Niveau minimum non calculable
SPIMIX01.SPL : Niveau minimum non calculable
SPIMIX01.SPL : Niveau minimum non calculable
SPIN001.SPL : Niveau minimum non calculable
SPIN001.SPL : Niveau minimum non calculable
SPIN101.SPL : Niveau minimum non calculable
SPIN101.SPL : Niveau minimum non calculable
SPIN102.SPL : Niveau minimum non calculable
SPIN102.SPL : Niveau minimum non calculable
SPIN104.SPL : Niveau minimum non calculable
SPIN104.SPL : Niveau minimum non calculable
SPIN105.SPL : Niveau minimum non calculable
SPIN105.SPL : opcode 324: Traduction 420129 manquante
SPIN105.SPL : Niveau minimum non calculable
SPIN107.SPL : Niveau minimum non calculable
SPIN107.SPL : Niveau minimum non calculable
SPIN108.SPL : Niveau minimum non calculable
SPIN108.SPL : opcode 324: Traduction 420119 manquante
SPIN108.SPL : Niveau minimum non calculable
SPIN110.SPL : Niveau minimum non calculable
SPIN110.SPL : Niveau minimum non calculable
SPIN111.SPL : Niveau minimum non calculable
SPIN111.SPL : Niveau minimum non calculable
SPIN112.SPL : Niveau minimum non calculable
SPIN112.SPL : opcode 177: Traduction 206002 manquante
SPIN112.SPL : Niveau minimum non calculable
SPIN114.SPL : Niveau minimum non calculable
SPIN114.SPL : Niveau minimum non calculable
SPIN115.SPL : Niveau minimum non calculable
SPIN115.SPL : Niveau minimum non calculable
SPIN116.SPL : Niveau minimum non calculable
SPIN116.SPL : Niveau minimum non calculable
SPIN117.SPL : Niveau minimum non calculable
SPIN117.SPL : Niveau minimum non calculable
SPIN118.SPL : Niveau minimum non calculable
SPIN118.SPL : Niveau minimum non calculable
SPIN119.SPL : Niveau minimum non calculable
SPIN119.SPL : opcode 324: Traduction 420119 manquante
SPIN119.SPL : Niveau minimum non calculable
SPIN120.SPL : Niveau minimum non calculable
SPIN120.SPL : Niveau minimum non calculable
SPIN121.SPL : Niveau minimum non calculable
SPIN121.SPL : Niveau minimum non calculable
SPIN122.SPL : Niveau minimum non calculable
SPIN122.SPL : Niveau minimum non calculable
SPIN123.SPL : Niveau minimum non calculable
SPIN123.SPL : Niveau minimum non calculable
SPIN124.SPL : Niveau minimum non calculable
SPIN124.SPL : Niveau minimum non calculable
SPIN125.SPL : Niveau minimum non calculable
SPIN125.SPL : Niveau minimum non calculable
SPIN126.SPL : Niveau minimum non calculable
SPIN126.SPL : Niveau minimum non calculable
SPIN127.SPL : Niveau minimum non calculable
SPIN127.SPL : Niveau minimum non calculable
SPIN150.SPL : Niveau minimum non calculable
SPIN150.SPL : Niveau minimum non calculable
SPIN151.SPL : Niveau minimum non calculable
SPIN151.SPL : Niveau minimum non calculable
SPIN152.SPL : Niveau minimum non calculable
SPIN152.SPL : Niveau minimum non calculable
SPIN153.SPL : Niveau minimum non calculable
SPIN153.SPL : Niveau minimum non calculable
SPIN154.SPL : Niveau minimum non calculable
SPIN154.SPL : Niveau minimum non calculable
SPIN155.SPL : Niveau minimum non calculable
SPIN155.SPL : Niveau minimum non calculable
SPIN156.SPL : Niveau minimum non calculable
SPIN156.SPL : Niveau minimum non calculable
SPIN157.SPL : Niveau minimum non calculable
SPIN157.SPL : Niveau minimum non calculable
SPIN160.SPL : Niveau minimum non calculable
SPIN160.SPL : Niveau minimum non calculable
SPIN200.SPL : Niveau minimum non calculable
SPIN200.SPL : Niveau minimum non calculable
SPIN201.SPL : Niveau minimum non calculable
SPIN201.SPL : Niveau minimum non calculable
SPIN202.SPL : Niveau minimum non calculable
SPIN202.SPL : Niveau minimum non calculable
SPIN203.SPL : Niveau minimum non calculable
SPIN203.SPL : opcode 324: Traduction 420129 manquante
SPIN203.SPL : Niveau minimum non calculable
SPIN529.SPL : Niveau minimum non calculable
SPIN529.SPL : Niveau minimum non calculable
SPIN530.SPL : Niveau minimum non calculable
SPIN530.SPL : Niveau minimum non calculable
SPIN531.SPL : Niveau minimum non calculable
SPIN531.SPL : Niveau minimum non calculable
SPIN532.SPL : Niveau minimum non calculable
SPIN532.SPL : Niveau minimum non calculable
SPIN538.SPL : Niveau minimum non calculable
SPIN538.SPL : Niveau minimum non calculable
SPIN542.SPL : Niveau minimum non calculable
SPIN542.SPL : opcode 324: Traduction 420135 manquante
SPIN542.SPL : Niveau minimum non calculable
SPIN543.SPL : Niveau minimum non calculable
SPIN543.SPL : opcode 324: Traduction 420128 manquante
SPIN543.SPL : Niveau minimum non calculable
SPIN545.SPL : Niveau minimum non calculable
SPIN545.SPL : Niveau minimum non calculable
SPIN546.SPL : Niveau minimum non calculable
SPIN546.SPL : Niveau minimum non calculable
SPIN547.SPL : Niveau minimum non calculable
SPIN547.SPL : Niveau minimum non calculable
SPIN560.SPL : Niveau minimum non calculable
SPIN560.SPL : Niveau minimum non calculable
SPIN564.SPL : Niveau minimum non calculable
SPIN564.SPL : Niveau minimum non calculable
SPIN565.SPL : Niveau minimum non calculable
SPIN569.SPL : Niveau minimum non calculable
SPIN569.SPL : Niveau minimum non calculable
SPIN570.SPL : Niveau minimum non calculable
SPIN570.SPL : Niveau minimum non calculable
SPIN572.SPL : Niveau minimum non calculable
SPIN572.SPL : opcode 324: Traduction 420138 manquante
SPIN572.SPL : Niveau minimum non calculable
SPIN579.SPL : Niveau minimum non calculable
SPIN579.SPL : Niveau minimum non calculable
SPIN580.SPL : Niveau minimum non calculable
SPIN580.SPL : Niveau minimum non calculable
SPIN597.SPL : Niveau minimum non calculable
SPIN597.SPL : Niveau minimum non calculable
SPIN608.SPL : Niveau minimum non calculable
SPIN608.SPL : Niveau minimum non calculable
SPIN611.SPL : Niveau minimum non calculable
SPIN611.SPL : Niveau minimum non calculable
SPIN613.SPL : Niveau minimum non calculable
SPIN613.SPL : Niveau minimum non calculable
SPIN614.SPL : Niveau minimum non calculable
SPIN614.SPL : opcode 324: Traduction 420119 manquante
SPIN614.SPL : Niveau minimum non calculable
SPIN615.SPL : Niveau minimum non calculable
SPIN615.SPL : Niveau minimum non calculable
SPIN616.SPL : Niveau minimum non calculable
SPIN616.SPL : Niveau minimum non calculable
SPIN622.SPL : Niveau minimum non calculable
SPIN622.SPL : Niveau minimum non calculable
SPIN623.SPL : Niveau minimum non calculable
SPIN623.SPL : Niveau minimum non calculable
SPIN632.SPL : Niveau minimum non calculable
SPIN632.SPL : Niveau minimum non calculable
SPIN633.SPL : Niveau minimum non calculable
SPIN633.SPL : Niveau minimum non calculable
SPIN634.SPL : Niveau minimum non calculable
SPIN634.SPL : Niveau minimum non calculable
SPIN635.SPL : Niveau minimum non calculable
SPIN635.SPL : Niveau minimum non calculable
SPIN636.SPL : Niveau minimum non calculable
SPIN636.SPL : Niveau minimum non calculable
SPIN647.SPL : Niveau minimum non calculable
SPIN647.SPL : Niveau minimum non calculable
SPIN648.SPL : Niveau minimum non calculable
SPIN648.SPL : opcode 324: Traduction 420131 manquante
SPIN648.SPL : Niveau minimum non calculable
SPIN649.SPL : Niveau minimum non calculable
SPIN651.SPL : Niveau minimum non calculable
SPIN651.SPL : Niveau minimum non calculable
SPIN652.SPL : Niveau minimum non calculable
SPIN652.SPL : Niveau minimum non calculable
SPIN653.SPL : Niveau minimum non calculable
SPIN653.SPL : Niveau minimum non calculable
SPIN654.SPL : Niveau minimum non calculable
SPIN654.SPL : Niveau minimum non calculable
SPIN655.SPL : Niveau minimum non calculable
SPIN655.SPL : opcode 324: Traduction 420138 manquante
SPIN655.SPL : Niveau minimum non calculable
SPIN663.SPL : Niveau minimum non calculable
SPIN663.SPL : Niveau minimum non calculable
SPIN667.SPL : Niveau minimum non calculable
SPIN667.SPL : Niveau minimum non calculable
SPIN676.SPL : Niveau minimum non calculable
SPIN676.SPL : Niveau minimum non calculable
SPIN679.SPL : Niveau minimum non calculable
SPIN679.SPL : Niveau minimum non calculable
SPIN681.SPL : Niveau minimum non calculable
SPIN681.SPL : opcode 324: Traduction 420140 manquante
SPIN681.SPL : Niveau minimum non calculable
SPIN682.SPL : Niveau minimum non calculable
SPIN682.SPL : Niveau minimum non calculable
SPIN684.SPL : Niveau minimum non calculable
SPIN684.SPL : Niveau minimum non calculable
SPIN686.SPL : Niveau minimum non calculable
SPIN686.SPL : Niveau minimum non calculable
SPIN689.SPL : Niveau minimum non calculable
SPIN689.SPL : Niveau minimum non calculable
SPIN692.SPL : Niveau minimum non calculable
SPIN692.SPL : opcode 324: Traduction 420136 manquante
SPIN692.SPL : Niveau minimum non calculable
SPIN695.SPL : Niveau minimum non calculable
SPIN695.SPL : Niveau minimum non calculable
SPIN696.SPL : Niveau minimum non calculable
SPIN696.SPL : Niveau minimum non calculable
SPIN699.SPL : Niveau minimum non calculable
SPIN699.SPL : Niveau minimum non calculable
SPIN701.SPL : Niveau minimum non calculable
SPIN701.SPL : Niveau minimum non calculable
SPIN702.SPL : Niveau minimum non calculable
SPIN703.SPL : Niveau minimum non calculable
SPIN703.SPL : Niveau minimum non calculable
SPIN704.SPL : opcode 324: Traduction 420130 manquante
SPIN710.SPL : Niveau minimum non calculable
SPIN710.SPL : Niveau minimum non calculable
SPIN711.SPL : Niveau minimum non calculable
SPIN711.SPL : Niveau minimum non calculable
SPIN717.SPL : Niveau minimum non calculable
SPIN717.SPL : Niveau minimum non calculable
SPIN718.SPL : Niveau minimum non calculable
SPIN718.SPL : Niveau minimum non calculable
SPIN718A.SPL : Niveau minimum non calculable
SPIN718A.SPL : Niveau minimum non calculable
SPIN719.SPL : Niveau minimum non calculable
SPIN719.SPL : Niveau minimum non calculable
SPIN723.SPL : Niveau minimum non calculable
SPIN723.SPL : opcode 324: Traduction 420140 manquante
SPIN723.SPL : Niveau minimum non calculable
SPIN730.SPL : Niveau minimum non calculable
SPIN730.SPL : Niveau minimum non calculable
SPIN731.SPL : Niveau minimum non calculable
SPIN731.SPL : Niveau minimum non calculable
SPIN732.SPL : Niveau minimum non calculable
SPIN732.SPL : Niveau minimum non calculable
SPIN733.SPL : Niveau minimum non calculable
SPIN733.SPL : Niveau minimum non calculable
SPIN734.SPL : Niveau minimum non calculable
SPIN734.SPL : Niveau minimum non calculable
SPIN735.SPL : Niveau minimum non calculable
SPIN735.SPL : Niveau minimum non calculable
SPIN737.SPL : Niveau minimum non calculable
SPIN737.SPL : Niveau minimum non calculable
SPIN738.SPL : Niveau minimum non calculable
SPIN738.SPL : Niveau minimum non calculable
SPIN773.SPL : Niveau minimum non calculable
SPIN773.SPL : Niveau minimum non calculable
SPIN774.SPL : Niveau minimum non calculable
SPIN774.SPL : Niveau minimum non calculable
SPIN783.SPL : Niveau minimum non calculable
SPIN783.SPL : Niveau minimum non calculable
SPIN786.SPL : Niveau minimum non calculable
SPIN788.SPL : Niveau minimum non calculable
SPIN788.SPL : Niveau minimum non calculable
SPIN789.SPL : Niveau minimum non calculable
SPIN789.SPL : opcode 324: Traduction 420140 manquante
SPIN789.SPL : Niveau minimum non calculable
SPIN799.SPL : Niveau minimum non calculable
SPIN799.SPL : Niveau minimum non calculable
SPIN810.SPL : Niveau minimum non calculable
SPIN810.SPL : Niveau minimum non calculable
SPIN813.SPL : Niveau minimum non calculable
SPIN813.SPL : opcode 324: Traduction 420140 manquante
SPIN813.SPL : Niveau minimum non calculable
SPIN819.SPL : Niveau minimum non calculable
SPIN819.SPL : Niveau minimum non calculable
SPIN820.SPL : Niveau minimum non calculable
SPIN820.SPL : opcode 324: Traduction 420140 manquante
SPIN820.SPL : Niveau minimum non calculable
SPIN822.SPL : Niveau minimum non calculable
SPIN823.SPL : Niveau minimum non calculable
SPIN823.SPL : Niveau minimum non calculable
SPIN824.SPL : Niveau minimum non calculable
SPIN825.SPL : Niveau minimum non calculable
SPIN825.SPL : Niveau minimum non calculable
SPIN828.SPL : opcode 324: Traduction 420138 manquante
SPIN828.SPL : opcode 324: Traduction 420138 manquante
SPIN828.SPL : opcode 324: Traduction 420138 manquante
SPIN828.SPL : opcode 324: Traduction 420138 manquante
SPIN828.SPL : opcode 324: Traduction 420138 manquante
SPIN828.SPL : opcode 324: Traduction 420138 manquante
SPIN828.SPL : opcode 324: Traduction 420138 manquante
SPIN828.SPL : opcode 324: Traduction 420138 manquante
SPIN828.SPL : opcode 324: Traduction 420138 manquante
SPIN828.SPL : opcode 324: Traduction 420138 manquante
SPIN828.SPL : opcode 324: Traduction 420138 manquante
SPIN828.SPL : opcode 324: Traduction 420138 manquante
SPIN828.SPL : opcode 324: Traduction 420138 manquante
SPIN828.SPL : opcode 324: Traduction 420138 manquante
SPIN828.SPL : opcode 324: Traduction 420138 manquante
SPIN828.SPL : opcode 324: Traduction 420138 manquante
SPIN829.SPL : Niveau minimum non calculable
SPIN829.SPL : Niveau minimum non calculable
SPIN836.SPL : Niveau minimum non calculable
SPIN836.SPL : opcode 324: Traduction 420140 manquante
SPIN836.SPL : Niveau minimum non calculable
SPIN837.SPL : Niveau minimum non calculable
SPIN837.SPL : Niveau minimum non calculable
SPIN852.SPL : Niveau minimum non calculable
SPIN852.SPL : Niveau minimum non calculable
SPIN853.SPL : Niveau minimum non calculable
SPIN853.SPL : Niveau minimum non calculable
SPIN865.SPL : Niveau minimum non calculable
SPIN865.SPL : opcode 324: Traduction 420134 manquante
SPIN865.SPL : Niveau minimum non calculable
SPIN866.SPL : Niveau minimum non calculable
SPIN866.SPL : Niveau minimum non calculable
SPIN883.SPL : Niveau minimum non calculable
SPIN883.SPL : opcode 324: Traduction 420119 manquante
SPIN883.SPL : Niveau minimum non calculable
SPIN888.SPL : Niveau minimum non calculable
SPIN888.SPL : opcode 324: Traduction 420140 manquante
SPIN888.SPL : Niveau minimum non calculable
SPIN889.SPL : Niveau minimum non calculable
SPIN889.SPL : opcode 324: Traduction 420134 manquante
SPIN889.SPL : Niveau minimum non calculable
SPIN891.SPL : Niveau minimum non calculable
SPIN891.SPL : opcode 324: Traduction 420129 manquante
SPIN891.SPL : Niveau minimum non calculable
SPIN892.SPL : Niveau minimum non calculable
SPIN892.SPL : opcode 324: Traduction 420127 manquante
SPIN892.SPL : Niveau minimum non calculable
SPIN913.SPL : Niveau minimum non calculable
SPIN913.SPL : Niveau minimum non calculable
SPIN914.SPL : Niveau minimum non calculable
SPIN914.SPL : Niveau minimum non calculable
SPIN926.SPL : Niveau minimum non calculable
SPIN926.SPL : opcode 324: Traduction 420128 manquante
SPIN926.SPL : Niveau minimum non calculable
SPIN927.SPL : Niveau minimum non calculable
SPIN927.SPL : Niveau minimum non calculable
SPIN929.SPL : Niveau minimum non calculable
SPIN929.SPL : Niveau minimum non calculable
SPIN930.SPL : Niveau minimum non calculable
SPIN930.SPL : Niveau minimum non calculable
SPIN931.SPL : Niveau minimum non calculable
SPIN931.SPL : Niveau minimum non calculable
SPIN934.SPL : Niveau minimum non calculable
SPIN934.SPL : opcode 324: Traduction 420128 manquante
SPIN934.SPL : Niveau minimum non calculable
SPIN935.SPL : Niveau minimum non calculable
SPIN935.SPL : Niveau minimum non calculable
SPIN936.SPL : Niveau minimum non calculable
SPIN936.SPL : Niveau minimum non calculable
SPIN938.SPL : Niveau minimum non calculable
SPIN938.SPL : Niveau minimum non calculable
SPIN939.SPL : Niveau minimum non calculable
SPIN939.SPL : Niveau minimum non calculable
SPIN941.SPL : Niveau minimum non calculable
SPIN941.SPL : Niveau minimum non calculable
SPIN944.SPL : Niveau minimum non calculable
SPIN944.SPL : opcode 324: Traduction 420128 manquante
SPIN944.SPL : Niveau minimum non calculable
SPIN958.SPL : Niveau minimum non calculable
SPIN958.SPL : Niveau minimum non calculable
SPIN974.SPL : Niveau minimum non calculable
SPIN974.SPL : opcode 324: Traduction 420128 manquante
SPIN974.SPL : Niveau minimum non calculable
SPIN998.SPL : Niveau minimum non calculable
SPIN998.SPL : opcode 324: Traduction 420136 manquante
SPIN998.SPL : Niveau minimum non calculable
SPINHUM.SPL : Niveau minimum non calculable
SPINHUM.SPL : Niveau minimum non calculable
SPJA01.SPL : Niveau minimum non calculable
SPJA01.SPL : Cible à gerer : 3 
SPJA01.SPL : Niveau minimum non calculable
SPMDSLAY.SPL : Niveau minimum non calculable
SPMDSLAY.SPL : Niveau minimum non calculable
SPOGRE01.SPL : Niveau minimum non calculable
SPOGRE01.SPL : Niveau minimum non calculable
SPPR101.SPL : Niveau minimum non calculable
SPPR101.SPL : Niveau minimum non calculable
SPPR102.SPL : Niveau minimum non calculable
SPPR102.SPL : opcode 324: Traduction 420127 manquante
SPPR102.SPL : Niveau minimum non calculable
SPPR103.SPL : Niveau minimum non calculable
SPPR103.SPL : Niveau minimum non calculable
SPPR104.SPL : Niveau minimum non calculable
SPPR104.SPL : Niveau minimum non calculable
SPPR105.SPL : Niveau minimum non calculable
SPPR105.SPL : opcode 324: Traduction 420141 manquante
SPPR105.SPL : opcode 324: Traduction 420133 manquante
SPPR105.SPL : Niveau minimum non calculable
SPPR106.SPL : Niveau minimum non calculable
SPPR106.SPL : Niveau minimum non calculable
SPPR108.SPL : Niveau minimum non calculable
SPPR108.SPL : Niveau minimum non calculable
SPPR109.SPL : Niveau minimum non calculable
SPPR109.SPL : Niveau minimum non calculable
SPPR113.SPL : Niveau minimum non calculable
SPPR113.SPL : Niveau minimum non calculable
SPPR203.SPL : Niveau minimum non calculable
SPPR203.SPL : Niveau minimum non calculable
SPPR204.SPL : Niveau minimum non calculable
SPPR204.SPL : opcode 324: Traduction 420119 manquante
SPPR204.SPL : Niveau minimum non calculable
SPPR205.SPL : Niveau minimum non calculable
SPPR205.SPL : Niveau minimum non calculable
SPPR205D.SPL : Niveau minimum non calculable
SPPR205D.SPL : Niveau minimum non calculable
SPPR207.SPL : Niveau minimum non calculable
SPPR207.SPL : Niveau minimum non calculable
SPPR208.SPL : Niveau minimum non calculable
SPPR208.SPL : opcode 324: Traduction 420131 manquante
SPPR208.SPL : Niveau minimum non calculable
SPPR209.SPL : Niveau minimum non calculable
SPPR209.SPL : Niveau minimum non calculable
SPPR211.SPL : opcode 324: Traduction 420141 manquante
SPPR211.SPL : opcode 324: Traduction 420136 manquante
SPPR212.SPL : Niveau minimum non calculable
SPPR212.SPL : Niveau minimum non calculable
SPPR250.SPL : Niveau minimum non calculable
SPPR250.SPL : opcode 324: Traduction 420139 manquante
SPPR250.SPL : Niveau minimum non calculable
SPPR302.SPL : opcode 324: Traduction 420141 manquante
SPPR303.SPL : Niveau minimum non calculable
SPPR303.SPL : opcode 177: Traduction 206002 manquante
SPPR303.SPL : Niveau minimum non calculable
SPPR304.SPL : opcode 324: Traduction 420141 manquante
SPPR305.SPL : opcode 324: Traduction 420131 manquante
SPPR307.SPL : Niveau minimum non calculable
SPPR307.SPL : Niveau minimum non calculable
SPPR308.SPL : Niveau minimum non calculable
SPPR308.SPL : Niveau minimum non calculable
SPPR309.SPL : Niveau minimum non calculable
SPPR309.SPL : Niveau minimum non calculable
SPPR310.SPL : Niveau minimum non calculable
SPPR310.SPL : Niveau minimum non calculable
SPPR311.SPL : Niveau minimum non calculable
SPPR311.SPL : opcode 324: Traduction 420130 manquante
SPPR311.SPL : Niveau minimum non calculable
SPPR312.SPL : Niveau minimum non calculable
SPPR312.SPL : Niveau minimum non calculable
SPPR313.SPL : opcode 324: Traduction 420141 manquante
SPPR314.SPL : opcode 324: Traduction 420141 manquante
SPPR315.SPL : Niveau minimum non calculable
SPPR315.SPL : Niveau minimum non calculable
SPPR317.SPL : Niveau minimum non calculable
SPPR317.SPL : Niveau minimum non calculable
SPPR318.SPL : Niveau minimum non calculable
SPPR318.SPL : Niveau minimum non calculable
SPPR319.SPL : Niveau minimum non calculable
SPPR319.SPL : Niveau minimum non calculable
SPPR350.SPL : Niveau minimum non calculable
SPPR350.SPL : Niveau minimum non calculable
SPPR401.SPL : Niveau minimum non calculable
SPPR401.SPL : Niveau minimum non calculable
SPPR402.SPL : Niveau minimum non calculable
SPPR402.SPL : Niveau minimum non calculable
SPPR404.SPL : Niveau minimum non calculable
SPPR404.SPL : Niveau minimum non calculable
SPPR405.SPL : Niveau minimum non calculable
SPPR405.SPL : opcode 324: Traduction 420119 manquante
SPPR405.SPL : Niveau minimum non calculable
SPPR406.SPL : Niveau minimum non calculable
SPPR406.SPL : Niveau minimum non calculable
SPPR410.SPL : Niveau minimum non calculable
SPPR410.SPL : Niveau minimum non calculable
SPPR411.SPL : Niveau minimum non calculable
SPPR411.SPL : Niveau minimum non calculable
SPPR413.SPL : Niveau minimum non calculable
SPPR413.SPL : Niveau minimum non calculable
SPPR414.SPL : Niveau minimum non calculable
SPPR414.SPL : Niveau minimum non calculable
SPPR416.SPL : Niveau minimum non calculable
SPPR416.SPL : opcode 324: Traduction 420129 manquante
SPPR416.SPL : Niveau minimum non calculable
SPPR417.SPL : Niveau minimum non calculable
SPPR417.SPL : Niveau minimum non calculable
SPPR501.SPL : Niveau minimum non calculable
SPPR501.SPL : Niveau minimum non calculable
SPPR502.SPL : Niveau minimum non calculable
SPPR502.SPL : Niveau minimum non calculable
SPPR504.SPL : Niveau minimum non calculable
SPPR504.SPL : Cible à gerer : 3 
SPPR504.SPL : Niveau minimum non calculable
SPPR505.SPL : Niveau minimum non calculable
SPPR505.SPL : Niveau minimum non calculable
SPPR510.SPL : Niveau minimum non calculable
SPPR510.SPL : Niveau minimum non calculable
SPPR511.SPL : Niveau minimum non calculable
SPPR511.SPL : Niveau minimum non calculable
SPPR512.SPL : opcode 324: Traduction 420127 manquante
SPPR515.SPL : Niveau minimum non calculable
SPPR515.SPL : Niveau minimum non calculable
SPPR515D.SPL : Niveau minimum non calculable
SPPR515D.SPL : Niveau minimum non calculable
SPPR516.SPL : Niveau minimum non calculable
SPPR516.SPL : Niveau minimum non calculable
SPPR517.SPL : Niveau minimum non calculable
SPPR517.SPL : opcode 324: Traduction 420129 manquante
SPPR517.SPL : Niveau minimum non calculable
SPPR550.SPL : Niveau minimum non calculable
SPPR550.SPL : Cible à gerer : 3 
SPPR550.SPL : Niveau minimum non calculable
SPPR602.SPL : Niveau minimum non calculable
SPPR602.SPL : Niveau minimum non calculable
SPPR603.SPL : Niveau minimum non calculable
SPPR603.SPL : Niveau minimum non calculable
SPPR603D.SPL : Niveau minimum non calculable
SPPR603D.SPL : Niveau minimum non calculable
SPPR604.SPL : Niveau minimum non calculable
SPPR604.SPL : Niveau minimum non calculable
SPPR606.SPL : Niveau minimum non calculable
SPPR606.SPL : Niveau minimum non calculable
SPPR607.SPL : Niveau minimum non calculable
SPPR607.SPL : Niveau minimum non calculable
SPPR608.SPL : Niveau minimum non calculable
SPPR608.SPL : Niveau minimum non calculable
SPPR609.SPL : Niveau minimum non calculable
SPPR609.SPL : opcode 324: Traduction 420130 manquante
SPPR609.SPL : Niveau minimum non calculable
SPPR610.SPL : Niveau minimum non calculable
SPPR610.SPL : Niveau minimum non calculable
SPPR611.SPL : Niveau minimum non calculable
SPPR611.SPL : Niveau minimum non calculable
SPPR612.SPL : Niveau minimum non calculable
SPPR612.SPL : Niveau minimum non calculable
SPPR613.SPL : Niveau minimum non calculable
SPPR613.SPL : Niveau minimum non calculable
SPPR614.SPL : Niveau minimum non calculable
SPPR614.SPL : Niveau minimum non calculable
SPPR650.SPL : opcode 324: Traduction 420137 manquante
SPPR698.SPL : Niveau minimum non calculable
SPPR698.SPL : Niveau minimum non calculable
SPPR698D.SPL : Niveau minimum non calculable
SPPR698D.SPL : Niveau minimum non calculable
SPPR699.SPL : Niveau minimum non calculable
SPPR699.SPL : Niveau minimum non calculable
SPPR703.SPL : Niveau minimum non calculable
SPPR703.SPL : Niveau minimum non calculable
SPPR704.SPL : Niveau minimum non calculable
SPPR704.SPL : Niveau minimum non calculable
SPPR706.SPL : opcode 324: Traduction 420129 manquante
SPPR707.SPL : Niveau minimum non calculable
SPPR707.SPL : Niveau minimum non calculable
SPPR708.SPL : opcode 324: Traduction 420140 manquante
SPPR709.SPL : opcode 324: Traduction 420130 manquante
SPPR710.SPL : Niveau minimum non calculable
SPPR710.SPL : opcode 324: Traduction 13240147 manquante
SPPR710.SPL : Niveau minimum non calculable
SPPR712.SPL : Niveau minimum non calculable
SPPR712.SPL : Cible à gerer : 3 
SPPR712.SPL : Niveau minimum non calculable
SPPR713.SPL : Niveau minimum non calculable
SPPR713.SPL : Niveau minimum non calculable
SPPR715.SPL : Niveau minimum non calculable
SPPR715.SPL : Niveau minimum non calculable
SPPR717.SPL : Niveau minimum non calculable
SPPR717.SPL : Niveau minimum non calculable
SPPR718.SPL : opcode 324: Traduction 420128 manquante
SPPR719.SPL : Niveau minimum non calculable
SPPR719.SPL : opcode 324: Traduction 420140 manquante
SPPR719.SPL : Niveau minimum non calculable
SPPR720.SPL : Niveau minimum non calculable
SPPR720.SPL : Niveau minimum non calculable
SPPR722.SPL : Niveau minimum non calculable
SPPR722.SPL : Niveau minimum non calculable
SPPR723.SPL : Niveau minimum non calculable
SPPR723.SPL : Niveau minimum non calculable
SPPR724.SPL : Niveau minimum non calculable
SPPR724.SPL : Niveau minimum non calculable
SPPR725.SPL : Niveau minimum non calculable
SPPR725.SPL : Niveau minimum non calculable
SPPR725D.SPL : Niveau minimum non calculable
SPPR725D.SPL : Niveau minimum non calculable
SPPR728.SPL : Niveau minimum non calculable
SPPR728.SPL : Niveau minimum non calculable
SPPR731.SPL : Niveau minimum non calculable
SPPR731.SPL : Niveau minimum non calculable
SPPR732.SPL : Niveau minimum non calculable
SPPR732.SPL : Niveau minimum non calculable
SPPR750.SPL : Niveau minimum non calculable
SPPR750.SPL : Niveau minimum non calculable
SPPR751.SPL : Niveau minimum non calculable
SPPR751.SPL : Niveau minimum non calculable
SPPR984.SPL : Niveau minimum non calculable
SPPR984.SPL : opcode 324: Traduction 420128 manquante
SPPR984.SPL : Niveau minimum non calculable
SPPR986.SPL : Niveau minimum non calculable
SPPR986.SPL : Niveau minimum non calculable
SPPR987.SPL : Niveau minimum non calculable
SPPR987.SPL : Niveau minimum non calculable
SPPR999.SPL : Niveau minimum non calculable
SPPR999.SPL : Niveau minimum non calculable
SPRA301.SPL : opcode 324: Traduction 420138 manquante
SPRA303.SPL : Niveau minimum non calculable
SPRA303.SPL : Niveau minimum non calculable
SPRA304.SPL : Niveau minimum non calculable
SPRA304.SPL : Niveau minimum non calculable
SPRA305.SPL : Niveau minimum non calculable
SPRA305.SPL : Niveau minimum non calculable
SPRA306.SPL : Niveau minimum non calculable
SPRA306.SPL : Niveau minimum non calculable
SPSD02.SPL : Niveau minimum non calculable
SPSD02.SPL : Niveau minimum non calculable
SPWI001.SPL : Niveau minimum non calculable
SPWI001.SPL : Niveau minimum non calculable
SPWI002.SPL : Niveau minimum non calculable
SPWI002.SPL : Niveau minimum non calculable
SPWI003.SPL : Niveau minimum non calculable
SPWI003.SPL : Niveau minimum non calculable
SPWI050.SPL : Niveau minimum non calculable
SPWI051.SPL : Niveau minimum non calculable
SPWI052.SPL : Niveau minimum non calculable
SPWI053.SPL : Niveau minimum non calculable
SPWI053.SPL : opcode 324: Traduction 420134 manquante
SPWI053.SPL : Niveau minimum non calculable
SPWI054.SPL : Niveau minimum non calculable
SPWI054.SPL : opcode 324: Traduction 420140 manquante
SPWI054.SPL : Niveau minimum non calculable
SPWI055.SPL : Niveau minimum non calculable
SPWI055.SPL : opcode 324: Traduction 420135 manquante
SPWI055.SPL : Niveau minimum non calculable
SPWI056.SPL : Niveau minimum non calculable
SPWI056.SPL : opcode 324: Traduction 420135 manquante
SPWI056.SPL : Niveau minimum non calculable
SPWI102.SPL : Niveau minimum non calculable
SPWI102.SPL : Niveau minimum non calculable
SPWI104.SPL : Niveau minimum non calculable
SPWI104.SPL : opcode 324: Traduction 420119 manquante
SPWI104.SPL : Niveau minimum non calculable
SPWI105.SPL : Niveau minimum non calculable
SPWI105.SPL : Niveau minimum non calculable
SPWI106.SPL : Niveau minimum non calculable
SPWI106.SPL : Niveau minimum non calculable
SPWI108.SPL : Niveau minimum non calculable
SPWI108.SPL : Niveau minimum non calculable
SPWI110.SPL : Niveau minimum non calculable
SPWI110.SPL : Cible à gerer : 3 
SPWI110.SPL : Niveau minimum non calculable
SPWI111.SPL : Niveau minimum non calculable
SPWI111.SPL : Niveau minimum non calculable
SPWI114.SPL : Niveau minimum non calculable
SPWI114.SPL : Niveau minimum non calculable
SPWI116.SPL : opcode 324: Traduction 420127 manquante
SPWI117.SPL : Niveau minimum non calculable
SPWI117.SPL : Niveau minimum non calculable
SPWI118.SPL : Niveau minimum non calculable
SPWI118.SPL : Niveau minimum non calculable
SPWI118.SPL : opcode 324: Traduction 420134 manquante
SPWI118.SPL : opcode 324: Traduction 420140 manquante
SPWI119.SPL : Niveau minimum non calculable
SPWI119.SPL : Niveau minimum non calculable
SPWI123.SPL : Niveau minimum non calculable
SPWI123.SPL : Niveau minimum non calculable
SPWI124.SPL : Niveau minimum non calculable
SPWI124.SPL : Niveau minimum non calculable
SPWI125.SPL : opcode 324: Traduction 420129 manquante
SPWI125.SPL : opcode 324: Traduction 420129 manquante
SPWI125.SPL : opcode 324: Traduction 420129 manquante
SPWI125.SPL : opcode 324: Traduction 420129 manquante
SPWI125.SPL : opcode 324: Traduction 420129 manquante
SPWI125.SPL : opcode 324: Traduction 420129 manquante
SPWI125.SPL : opcode 324: Traduction 420129 manquante
SPWI202.SPL : Niveau minimum non calculable
SPWI202.SPL : Niveau minimum non calculable
SPWI203.SPL : Niveau minimum non calculable
SPWI203.SPL : Niveau minimum non calculable
SPWI205.SPL : Niveau minimum non calculable
SPWI205.SPL : opcode 324: Traduction 420129 manquante
SPWI205.SPL : Niveau minimum non calculable
SPWI206.SPL : Niveau minimum non calculable
SPWI206.SPL : Niveau minimum non calculable
SPWI207.SPL : Niveau minimum non calculable
SPWI207.SPL : Niveau minimum non calculable
SPWI208.SPL : Niveau minimum non calculable
SPWI208.SPL : Niveau minimum non calculable
SPWI209.SPL : Niveau minimum non calculable
SPWI209.SPL : Niveau minimum non calculable
SPWI210.SPL : Niveau minimum non calculable
SPWI210.SPL : Niveau minimum non calculable
SPWI211.SPL : opcode 324: Traduction 420142 manquante
SPWI213.SPL : Niveau minimum non calculable
SPWI213.SPL : opcode 324: Traduction 420141 manquante
SPWI213.SPL : Niveau minimum non calculable
SPWI215.SPL : Niveau minimum non calculable
SPWI215.SPL : opcode 324: Traduction 420141 manquante
SPWI215.SPL : opcode 324: Traduction 420132 manquante
SPWI215.SPL : Niveau minimum non calculable
SPWI217.SPL : Niveau minimum non calculable
SPWI217.SPL : Niveau minimum non calculable
SPWI218.SPL : Niveau minimum non calculable
SPWI218.SPL : Niveau minimum non calculable
SPWI219.SPL : Niveau minimum non calculable
SPWI219.SPL : Niveau minimum non calculable
SPWI220.SPL : Niveau minimum non calculable
SPWI220.SPL : opcode 324: Traduction 420127 manquante
SPWI220.SPL : Niveau minimum non calculable
SPWI223.SPL : Niveau minimum non calculable
SPWI223.SPL : Niveau minimum non calculable
SPWI224.SPL : Niveau minimum non calculable
SPWI224.SPL : Niveau minimum non calculable
SPWI299.SPL : Niveau minimum non calculable
SPWI299.SPL : Niveau minimum non calculable
SPWI301.SPL : Niveau minimum non calculable
SPWI301.SPL : Niveau minimum non calculable
SPWI302.SPL : Niveau minimum non calculable
SPWI302.SPL : opcode 177: Traduction 206002 manquante
SPWI302.SPL : Niveau minimum non calculable
SPWI305.SPL : opcode 324: Traduction 420138 manquante
SPWI306.SPL : Niveau minimum non calculable
SPWI306.SPL : opcode 324: Traduction 420131 manquante
SPWI306.SPL : Niveau minimum non calculable
SPWI307.SPL : Niveau minimum non calculable
SPWI307.SPL : Niveau minimum non calculable
SPWI310.SPL : Niveau minimum non calculable
SPWI310.SPL : Niveau minimum non calculable
SPWI311.SPL : Niveau minimum non calculable
SPWI311.SPL : Niveau minimum non calculable
SPWI312.SPL : Niveau minimum non calculable
SPWI312.SPL : opcode 324: Traduction 420139 manquante
SPWI312.SPL : Niveau minimum non calculable
SPWI313.SPL : opcode 324: Traduction 420141 manquante
SPWI316.SPL : Niveau minimum non calculable
SPWI316.SPL : opcode 324: Traduction 420119 manquante
SPWI316.SPL : Niveau minimum non calculable
SPWI317.SPL : Niveau minimum non calculable
SPWI317.SPL : Niveau minimum non calculable
SPWI321.SPL : Niveau minimum non calculable
SPWI321.SPL : Niveau minimum non calculable
SPWI322.SPL : Niveau minimum non calculable
SPWI322.SPL : Niveau minimum non calculable
SPWI324.SPL : opcode 324: Traduction 420131 manquante
SPWI326.SPL : Niveau minimum non calculable
SPWI326.SPL : opcode 177: Traduction 206002 manquante
SPWI326.SPL : Niveau minimum non calculable
SPWI401.SPL : opcode 324: Traduction 420130 manquante
SPWI402.SPL : Niveau minimum non calculable
SPWI402.SPL : Niveau minimum non calculable
SPWI404.SPL : Niveau minimum non calculable
SPWI404.SPL : Niveau minimum non calculable
SPWI409.SPL : Niveau minimum non calculable
SPWI409.SPL : Niveau minimum non calculable
SPWI410.SPL : Niveau minimum non calculable
SPWI410.SPL : Niveau minimum non calculable
SPWI413.SPL : Niveau minimum non calculable
SPWI413.SPL : Unknown macro: opcode_target_205
SPWI413.SPL : FAILURE: opcode 326: Failure("Unknown macro: opcode_target_205")
SPWI413.SPL : FAILURE: Failure("Opcode 326: Failure(\"Unknown macro: opcode_target_205\")")
SPWI414.SPL : Niveau minimum non calculable
SPWI414.SPL : Niveau minimum non calculable
SPWI415.SPL : Niveau minimum non calculable
SPWI415.SPL : Niveau minimum non calculable
SPWI417.SPL : FAILURE: Unknown macro: opcode_target_345
SPWI419.SPL : Niveau minimum non calculable
SPWI419.SPL : Niveau minimum non calculable
SPWI420.SPL : Niveau minimum non calculable
SPWI420D.SPL : Niveau minimum non calculable
SPWI420D.SPL : Niveau minimum non calculable
SPWI420P.SPL : Niveau minimum non calculable
SPWI420P.SPL : Niveau minimum non calculable
SPWI421.SPL : Niveau minimum non calculable
SPWI421.SPL : Niveau minimum non calculable
SPWI489.SPL : Niveau minimum non calculable
SPWI489.SPL : Niveau minimum non calculable
SPWI490.SPL : Niveau minimum non calculable
SPWI490.SPL : Niveau minimum non calculable
SPWI491.SPL : Niveau minimum non calculable
SPWI491.SPL : Niveau minimum non calculable
SPWI493.SPL : Niveau minimum non calculable
SPWI493.SPL : Niveau minimum non calculable
SPWI494.SPL : Niveau minimum non calculable
SPWI494.SPL : Niveau minimum non calculable
SPWI495.SPL : Niveau minimum non calculable
SPWI495.SPL : Niveau minimum non calculable
SPWI496.SPL : Niveau minimum non calculable
SPWI496.SPL : Niveau minimum non calculable
SPWI497.SPL : Niveau minimum non calculable
SPWI497.SPL : Niveau minimum non calculable
SPWI498.SPL : Niveau minimum non calculable
SPWI498.SPL : Niveau minimum non calculable
SPWI499.SPL : Niveau minimum non calculable
SPWI499.SPL : Niveau minimum non calculable
SPWI502.SPL : Niveau minimum non calculable
SPWI502.SPL : opcode 324: Traduction 420140 manquante
SPWI502.SPL : Niveau minimum non calculable
SPWI506.SPL : Niveau minimum non calculable
SPWI506.SPL : opcode 324: Traduction 420119 manquante
SPWI506.SPL : Niveau minimum non calculable
SPWI507.SPL : opcode 324: Traduction 420131 manquante
SPWI508.SPL : opcode 324: Traduction 420130 manquante
SPWI509.SPL : Niveau minimum non calculable
SPWI509.SPL : opcode 324: Traduction 420137 manquante
SPWI509.SPL : Niveau minimum non calculable
SPWI510.SPL : Niveau minimum non calculable
SPWI510.SPL : Niveau minimum non calculable
SPWI513.SPL : Niveau minimum non calculable
SPWI513.SPL : Niveau minimum non calculable
SPWI515.SPL : Niveau minimum non calculable
SPWI515.SPL : Niveau minimum non calculable
SPWI523.SPL : Niveau minimum non calculable
SPWI523.SPL : Niveau minimum non calculable
SPWI601.SPL : Niveau minimum non calculable
SPWI601.SPL : Niveau minimum non calculable
SPWI604.SPL : Niveau minimum non calculable
SPWI604.SPL : opcode 324: Traduction 420134 manquante
SPWI604.SPL : Niveau minimum non calculable
SPWI605.SPL : Niveau minimum non calculable
SPWI605.SPL : Niveau minimum non calculable
SPWI609.SPL : Niveau minimum non calculable
SPWI609.SPL : Niveau minimum non calculable
SPWI611.SPL : Niveau minimum non calculable
SPWI611.SPL : Niveau minimum non calculable
SPWI612.SPL : Niveau minimum non calculable
SPWI612.SPL : opcode 324: Traduction 420136 manquante
SPWI612.SPL : Niveau minimum non calculable
SPWI613.SPL : opcode 324: Traduction 420138 manquante
SPWI614.SPL : Niveau minimum non calculable
SPWI614.SPL : Niveau minimum non calculable
SPWI616.SPL : Niveau minimum non calculable
SPWI616.SPL : opcode 324: Traduction 420135 manquante
SPWI616.SPL : Niveau minimum non calculable
SPWI625.SPL : Niveau minimum non calculable
SPWI625.SPL : Niveau minimum non calculable
SPWI704.SPL : Niveau minimum non calculable
SPWI704.SPL : Niveau minimum non calculable
SPWI705.SPL : Niveau minimum non calculable
SPWI705.SPL : Niveau minimum non calculable
SPWI707.SPL : Niveau minimum non calculable
SPWI707.SPL : Niveau minimum non calculable
SPWI708.SPL : Niveau minimum non calculable
SPWI708.SPL : Niveau minimum non calculable
SPWI710.SPL : Niveau minimum non calculable
SPWI710D.SPL : Niveau minimum non calculable
SPWI710D.SPL : Niveau minimum non calculable
SPWI710P.SPL : Niveau minimum non calculable
SPWI710P.SPL : Niveau minimum non calculable
SPWI711.SPL : Niveau minimum non calculable
SPWI711.SPL : Niveau minimum non calculable
SPWI712.SPL : Niveau minimum non calculable
SPWI712.SPL : Niveau minimum non calculable
SPWI713.SPL : Niveau minimum non calculable
SPWI713.SPL : opcode 324: Traduction 420140 manquante
SPWI713.SPL : Niveau minimum non calculable
SPWI714.SPL : Niveau minimum non calculable
SPWI714.SPL : Niveau minimum non calculable
SPWI715.SPL : Niveau minimum non calculable
SPWI715.SPL : opcode 324: Traduction 420128 manquante
SPWI715.SPL : Niveau minimum non calculable
SPWI722.SPL : Niveau minimum non calculable
SPWI722.SPL : Niveau minimum non calculable
SPWI723.SPL : Niveau minimum non calculable
SPWI723.SPL : Niveau minimum non calculable
SPWI802.SPL : Niveau minimum non calculable
SPWI802.SPL : Niveau minimum non calculable
SPWI807.SPL : Niveau minimum non calculable
SPWI807.SPL : Niveau minimum non calculable
SPWI808.SPL : Niveau minimum non calculable
SPWI808.SPL : Niveau minimum non calculable
SPWI809.SPL : Niveau minimum non calculable
SPWI809D.SPL : Niveau minimum non calculable
SPWI809D.SPL : Niveau minimum non calculable
SPWI809P.SPL : Niveau minimum non calculable
SPWI809P.SPL : Niveau minimum non calculable
SPWI811.SPL : opcode 324: Traduction 420129 manquante
SPWI813.SPL : Niveau minimum non calculable
SPWI813.SPL : Niveau minimum non calculable
SPWI815.SPL : Niveau minimum non calculable
SPWI815.SPL : Niveau minimum non calculable
SPWI816.SPL : opcode 324: Traduction 420128 manquante
SPWI817.SPL : Niveau minimum non calculable
SPWI817.SPL : opcode 324: Traduction 420140 manquante
SPWI817.SPL : Niveau minimum non calculable
SPWI818.SPL : Niveau minimum non calculable
SPWI818.SPL : Niveau minimum non calculable
SPWI853.SPL : Niveau minimum non calculable
SPWI853.SPL : Niveau minimum non calculable
SPWI888.SPL : Niveau minimum non calculable
SPWI888.SPL : Niveau minimum non calculable
SPWI897.SPL : Niveau minimum non calculable
SPWI897.SPL : opcode 324: Traduction 420140 manquante
SPWI897.SPL : Niveau minimum non calculable
SPWI898.SPL : opcode 324: Traduction 420128 manquante
SPWI899.SPL : opcode 324: Traduction 420129 manquante
SPWI902.SPL : Niveau minimum non calculable
SPWI902.SPL : FAILURE: opcode 259: Not_found
SPWI902.SPL : FAILURE: Failure("Opcode 259: Not_found")
SPWI903.SPL : Niveau minimum non calculable
SPWI903.SPL : Niveau minimum non calculable
SPWI905.SPL : Niveau minimum non calculable
SPWI905.SPL : Niveau minimum non calculable
SPWI907.SPL : Niveau minimum non calculable
SPWI907.SPL : Niveau minimum non calculable
SPWI908.SPL : Niveau minimum non calculable
SPWI909.SPL : Niveau minimum non calculable
SPWI909.SPL : Niveau minimum non calculable
SPWI910.SPL : Niveau minimum non calculable
SPWI910.SPL : Niveau minimum non calculable
SPWI911.SPL : Niveau minimum non calculable
SPWI911.SPL : Niveau minimum non calculable
SPWI912.SPL : Niveau minimum non calculable
SPWI912.SPL : opcode 324: Traduction 420140 manquante
SPWI912.SPL : Niveau minimum non calculable
SPWI913.SPL : Niveau minimum non calculable
SPWI913.SPL : opcode 324: Traduction 420140 manquante
SPWI913.SPL : Niveau minimum non calculable
SPWI914.SPL : Niveau minimum non calculable
SPWI914.SPL : Niveau minimum non calculable
SPWI915.SPL : Niveau minimum non calculable
SPWI915.SPL : Niveau minimum non calculable
SPWI916.SPL : Niveau minimum non calculable
SPWI916.SPL : Niveau minimum non calculable
SPWI917.SPL : Niveau minimum non calculable
SPWI917.SPL : Niveau minimum non calculable
SPWI918.SPL : Niveau minimum non calculable
SPWI918.SPL : Niveau minimum non calculable
SPWI919.SPL : Niveau minimum non calculable
SPWI919.SPL : Niveau minimum non calculable
SPWI921.SPL : Niveau minimum non calculable
SPWI921.SPL : Niveau minimum non calculable
SPWI922.SPL : Niveau minimum non calculable
SPWI922.SPL : Niveau minimum non calculable
SPWI925.SPL : Niveau minimum non calculable
SPWI925.SPL : Niveau minimum non calculable
SPWI926.SPL : Niveau minimum non calculable
SPWI926.SPL : Niveau minimum non calculable
SPWI943.SPL : Niveau minimum non calculable
SPWI943.SPL : opcode 324: Traduction 420119 manquante
SPWI943.SPL : Niveau minimum non calculable
SPWI955.SPL : Niveau minimum non calculable
SPWI955.SPL : Niveau minimum non calculable
SPWI956.SPL : Niveau minimum non calculable
SPWI956.SPL : opcode 324: Traduction 420129 manquante
SPWI956.SPL : Niveau minimum non calculable
SPWI958.SPL : Niveau minimum non calculable
SPWI958.SPL : Niveau minimum non calculable
SPWI959.SPL : Niveau minimum non calculable
SPWI959.SPL : opcode 324: Traduction 420128 manquante
SPWI959.SPL : Niveau minimum non calculable
SPWI960.SPL : Niveau minimum non calculable
SPWI960.SPL : opcode 324: Traduction 420140 manquante
SPWI960.SPL : Opcode 318 : Immunité à contre le sort Psionic Blast différente de l'objet : SPIN959
SPWI960.SPL : Niveau minimum non calculable
SPWI979.SPL : Niveau minimum non calculable
SPWI979.SPL : Niveau minimum non calculable
SPWI982.SPL : Niveau minimum non calculable
SPWI982.SPL : Niveau minimum non calculable
SPWI994.SPL : Niveau minimum non calculable
SPWI994.SPL : Niveau minimum non calculable
SPWI995.SPL : Niveau minimum non calculable
SPWI995.SPL : Niveau minimum non calculable
SPWI997.SPL : Niveau minimum non calculable
SPWI997.SPL : Niveau minimum non calculable
SPWI998.SPL : Niveau minimum non calculable
SPWI998.SPL : opcode 324: Traduction 420140 manquante
SPWI998.SPL : Niveau minimum non calculable
SPWISH07.SPL : Niveau minimum non calculable
SPWISH07.SPL : Niveau minimum non calculable
SPWISH09.SPL : Niveau minimum non calculable
SPWISH09.SPL : Niveau minimum non calculable
SPWISH10.SPL : Niveau minimum non calculable
SPWISH10.SPL : Niveau minimum non calculable
SPWISH11.SPL : Niveau minimum non calculable
SPWISH11.SPL : Niveau minimum non calculable
SPWISH17.SPL : Niveau minimum non calculable
SPWISH17.SPL : Niveau minimum non calculable
SPWISH18.SPL : Niveau minimum non calculable
SPWISH18.SPL : Niveau minimum non calculable
SPWISH19.SPL : Niveau minimum non calculable
SPWISH19.SPL : Niveau minimum non calculable
SPWISH24.SPL : Niveau minimum non calculable
SPWISH24.SPL : Niveau minimum non calculable
SPWISH25.SPL : Niveau minimum non calculable
SPWISH25.SPL : Cible à gerer : 6 
SPWISH25.SPL : opcode 324: Traduction 420139 manquante
SPWISH25.SPL : Niveau minimum non calculable
SPWISH26.SPL : Niveau minimum non calculable
SPWISH26.SPL : Niveau minimum non calculable
SPWISH27.SPL : Niveau minimum non calculable
SPWISH27.SPL : Niveau minimum non calculable
SPWISH28.SPL : Niveau minimum non calculable
SPWISH28.SPL : Niveau minimum non calculable
SPWISH29.SPL : Niveau minimum non calculable
SPWISH29.SPL : Niveau minimum non calculable
SPWISH30.SPL : Niveau minimum non calculable
SPWISH30.SPL : Niveau minimum non calculable
SPWISH31.SPL : Niveau minimum non calculable
SPWISH31.SPL : Niveau minimum non calculable
SPWISH32.SPL : Niveau minimum non calculable
SPWISH32.SPL : Niveau minimum non calculable
SPWISH34.SPL : Niveau minimum non calculable
SPWISH34.SPL : Niveau minimum non calculable
SPWISH35.SPL : Niveau minimum non calculable
SPWISH35.SPL : opcode 324: Traduction 420136 manquante
SPWISH35.SPL : Niveau minimum non calculable
SPWISH36.SPL : Niveau minimum non calculable
SPWISH36.SPL : opcode 324: Traduction 420138 manquante
SPWISH36.SPL : Niveau minimum non calculable
SPWISH37.SPL : Niveau minimum non calculable
SPWISH37.SPL : opcode 324: Traduction 420138 manquante
SPWISH37.SPL : Niveau minimum non calculable
SPWISH38.SPL : Niveau minimum non calculable
SPWISH38.SPL : Niveau minimum non calculable
SPWISH39.SPL : Niveau minimum non calculable
SPWISH39.SPL : Niveau minimum non calculable
SPWISH40.SPL : Niveau minimum non calculable
SPWISH40.SPL : opcode 324: Traduction 420138 manquante
SPWISH40.SPL : Niveau minimum non calculable
SPWISH46.SPL : Niveau minimum non calculable
SPWISH46.SPL : Niveau minimum non calculable
SPWM101.SPL : Niveau minimum non calculable
SPWM101.SPL : Niveau minimum non calculable
SPWM101D.SPL : Niveau minimum non calculable
SPWM101D.SPL : Niveau minimum non calculable
SPWM111.SPL : Niveau minimum non calculable
SPWM111.SPL : opcode 324: Traduction 420133 manquante
SPWM111.SPL : Niveau minimum non calculable
SPWM113.SPL : Niveau minimum non calculable
SPWM113.SPL : Niveau minimum non calculable
SPWM114.SPL : Niveau minimum non calculable
SPWM114.SPL : opcode 324: Traduction 420131 manquante
SPWM114.SPL : Niveau minimum non calculable
SPWM122.SPL : Niveau minimum non calculable
SPWM122.SPL : opcode 324: Traduction 420131 manquante
SPWM122.SPL : Niveau minimum non calculable
SPWM123.SPL : Niveau minimum non calculable
SPWM123.SPL : opcode 324: Traduction 420129 manquante
SPWM123.SPL : Niveau minimum non calculable
SPWM125.SPL : Niveau minimum non calculable
SPWM125.SPL : Niveau minimum non calculable
SPWM126.SPL : Niveau minimum non calculable
SPWM126.SPL : Niveau minimum non calculable
SPWM136.SPL : Niveau minimum non calculable
SPWM136.SPL : Niveau minimum non calculable
SPWM140.SPL : Niveau minimum non calculable
SPWM140.SPL : Niveau minimum non calculable
SPWM141.SPL : Niveau minimum non calculable
SPWM141.SPL : Niveau minimum non calculable
SPWM142.SPL : Niveau minimum non calculable
SPWM142.SPL : Niveau minimum non calculable
SPWM143.SPL : Niveau minimum non calculable
SPWM143.SPL : Niveau minimum non calculable
SPWM145.SPL : Niveau minimum non calculable
SPWM145.SPL : Niveau minimum non calculable
SPWM152.SPL : Niveau minimum non calculable
SPWM152.SPL : opcode 324: Traduction 420128 manquante
SPWM152.SPL : Niveau minimum non calculable
SPWM154.SPL : Niveau minimum non calculable
SPWM154.SPL : Niveau minimum non calculable
SPWM155.SPL : Niveau minimum non calculable
SPWM157.SPL : Niveau minimum non calculable
SPWM159.SPL : Niveau minimum non calculable
SPWM162.SPL : Niveau minimum non calculable
SPWM164.SPL : Niveau minimum non calculable
SPWM164.SPL : opcode 324: Traduction 420139 manquante
SPWM164.SPL : Niveau minimum non calculable
SPWM167.SPL : Niveau minimum non calculable
SPWM167.SPL : Niveau minimum non calculable
SPWM168.SPL : Niveau minimum non calculable
SPWM168.SPL : Niveau minimum non calculable
SPWM178.SPL : Niveau minimum non calculable
SPWM178.SPL : Niveau minimum non calculable
SPWM179.SPL : Niveau minimum non calculable
SPWM179.SPL : opcode 324: Traduction 420119 manquante
SPWM179.SPL : Niveau minimum non calculable
SPWM183.SPL : Niveau minimum non calculable
SPWM183.SPL : Niveau minimum non calculable
SPWM186.SPL : Niveau minimum non calculable
SPWM187.SPL : Niveau minimum non calculable
SPWM187.SPL : Niveau minimum non calculable
SPWM188.SPL : Niveau minimum non calculable
SPWM188.SPL : Niveau minimum non calculable
SPWM191.SPL : Niveau minimum non calculable
SPWM191.SPL : Niveau minimum non calculable
SPWM198.SPL : Niveau minimum non calculable
SPYANC01.SPL : Niveau minimum non calculable
SPYANC01.SPL : Niveau minimum non calculable
SPYANCD.SPL : Niveau minimum non calculable
SPYANCD.SPL : Niveau minimum non calculable
STAF11.SPL : Niveau minimum non calculable
STAF11.SPL : FAILURE: opcode 259: Not_found
STAF11.SPL : FAILURE: Failure("Opcode 259: Not_found")
SW2H10DM.SPL : Niveau minimum non calculable
SW2H10DM.SPL : Niveau minimum non calculable
U#HFDTPD.SPL : Niveau minimum non calculable
U#HFDTPD.SPL : Niveau minimum non calculable
