	
AX1H19.ITM : Opcode 81: Les 2 parametres doivent avoir la valeur 0
BDSW1H25.ITM : Opcode 81: Les 2 parametres doivent avoir la valeur 0
DWCHAN02.ITM : Opcode 0: parameter1 equal to 0 for a bonus/malus to the armor class.
OHBREW02.ITM : Opcode 177: The resref parameter is empty
PRINCESS.ITM : Opcode 238: Wrong ids file : 24
SHLD06P.ITM : Opcode 178: Wrong ids file : 255
SHLD06P.ITM : Opcode 219000: Wrong ids file : 255
SHLD06P.ITM : Opcode 219001: Wrong ids file : 255
SHLD06P.ITM : Opcode 219000: Wrong ids file : 255
SHLD06P.ITM : Opcode 219001: Wrong ids file : 255
STAF11.ITM : Opcode 81: Les 2 parametres doivent avoir la valeur 0
SW2H10.ITM : Opcode 81: Les 2 parametres doivent avoir la valeur 0
SW2H19.ITM : Opcode 81: Les 2 parametres doivent avoir la valeur 0

Total : 3663

Sans description : 1442

Ignores : 2608

Reussis : 1051

Echoues : 4

Potions (TODO): 415

Munitions (TODO) : 64

Opcodes a coder : 18
