	
pxpaanui.spl : PXPAANUI.eff : Opcode 146 : Nom du sort introuvable pour pxpaanui.spl.
pxpaapyr.itm : FAILURE: opcode 249: Failure("Failure(\"Unknown macro: %method%\")")
pxpaater.spl : PXPAATER.eff : Opcode 146 : Nom du sort introuvable pour pxpaater.spl.
PXPAEEAU.eff : Opcode 127 à gérer.
pxpaeroc.itm : FAILURE: opcode 1: Not_found
pxpaforc.itm : Opcode 232 à gérer.
pxpmhirc.itm : Opcode 180 : La ressource WWWERE.itm n'existe pas.
pxpmhirc.itm : Opcode 180 : La ressource WWWEREGR.itm n'existe pas.
pxpmmol1.spl : pxpmmola.itm : Opcode 146 : Nom du sort introuvable pour pxpmmol1.spl.
pxpmmol2.spl : PXPMMOL2.eff : Opcode 146 : Nom du sort introuvable pour pxpmmol2.spl.
pxpmmol2.spl : PXPMMOL2.eff : Opcode 146 : Nom du sort introuvable pour pxpmmol2.spl.
pxpmmol2.spl : PXPMMOL2.eff : Opcode 146 : Nom du sort introuvable pour pxpmmol2.spl.
pxpmmol2.spl : PXPMMOL2.eff : Opcode 146 : Nom du sort introuvable pour pxpmmol2.spl.
pxpmmol2.spl : PXPMMOL2.eff : Opcode 146 : Nom du sort introuvable pour pxpmmol2.spl.
pxpmmol2.spl : PXPMMOL2.eff : Opcode 146 : Nom du sort introuvable pour pxpmmol2.spl.
pxpmmol2.spl : PXPMMOL2.eff : Opcode 146 : Nom du sort introuvable pour pxpmmol2.spl.
pxpmmol2.spl : PXPMMOL2.eff : Opcode 146 : Nom du sort introuvable pour pxpmmol2.spl.
pxpmroya.itm : Opcode 206 : La ressource cdsw1h58.eff n'existe pas.
pxpmroya.itm : Opcode 206 : La ressource cdmound.eff n'existe pas.
pxpmroya.itm : Opcode 206 : La ressource cdhgnya1.eff n'existe pas.
pxpmroya.itm : Opcode 202 à gérer.
pxpmroya.itm : Opcode 202 à gérer.
pxpmroya.itm : Opcode 202 à gérer.
pxpmroya.itm : Opcode 202 à gérer.
pxpmroya.itm : Opcode 202 à gérer.
pxpmroya.itm : Opcode 202 à gérer.
pxpmroya.itm : Opcode 202 à gérer.
pxpmroya.itm : Opcode 202 à gérer.
pxpmson1.spl : pxpmsonc.itm : Opcode 146 : Nom du sort introuvable pour pxpmson1.spl.

Total : 230

Sans description : 3

Ignores : 29

Reussis : 199

Echoues : 2

Potions (TODO): 12

Munitions (TODO) : 2

Opcodes a coder : 55

