	
BLADEFE1.itm : Unknown macro: opcode_target_106
NEWHMDO.itm : Opcode 160 à gérer.
NEWKAT02.itm : Unknown macro: opcode_target_65
NEWSCI03.itm : Opcode 232 à gérer.
NEWSCI03.itm : Opcode 232 à gérer.
NEWSCI03.itm : Opcode 232 à gérer.
NEWSCI03.itm : Opcode 232 à gérer.
NEWSCI03.itm : Opcode 232 à gérer.
NEWSPR03.itm : opcode 101: Traduction 103032 manquante
NEWSPR03.itm : FAILURE: opcode 101: Not_found
NEWSWL01.itm : Unknown macro: opcode_target_probability_130
NEWSWS03.itm : Opcode 232 à gérer.
REFRING.itm : Opcode 203 à gérer.
SOULARM3.itm : opcode 101: Traduction 103156 manquante
SOULARM3.itm : FAILURE: opcode 101: Not_found
SOULARMR.itm : opcode 101: Traduction 103156 manquante
SOULARMR.itm : FAILURE: opcode 101: Not_found

Total : 449

Sans description : 137

Ignores : 245

Reussis : 198

Echoues : 6

Potions (TODO): 29

Munitions (TODO) : 8

Opcodes a coder : 55

