	
AEGIS2.ITM : Opcode 123 à gérer.
AEGIS2A.ITM : Opcode 123 à gérer.
AEGIS2B.ITM : Opcode 123 à gérer.
AMUL24.ITM : Opcode 318 : self avec parameter1 et parameter2 différent de 0
AMUL24.ITM : Opcode 318 : self avec parameter1 et parameter2 différent de 0
AMUL24.ITM : Opcode 206 : La ressource spwi889.spl n'existe pas.
AMUL24.ITM : Opcode 206 : La ressource sppr420.spl n'existe pas.
AMUL27.ITM : Opcode 233: Proficiency not found : 117
AX1H01.ITM : Opcode 146 : La ressource k#shatwe.spl n'existe pas.
AX1H05.ITM : Opcode 123 à gérer.
AX1H05A.ITM : Opcode 123 à gérer.
AX1H05B.ITM : Opcode 123 à gérer.
AX1H06.ITM : Opcode 123 à gérer.
AX1H06A.ITM : Opcode 123 à gérer.
AX1H06B.ITM : Opcode 123 à gérer.
AX1H08.ITM : Opcode 123 à gérer.
AX1H08A.ITM : Opcode 123 à gérer.
AX1H08B.ITM : Opcode 123 à gérer.
AX1H09.ITM : Opcode 123 à gérer.
AX1H09A.ITM : Opcode 123 à gérer.
AX1H09B.ITM : Opcode 123 à gérer.
AX1H10.ITM : Opcode 123 à gérer.
AX1H10A.ITM : Opcode 123 à gérer.
AX1H10B.ITM : Opcode 123 à gérer.
AX1H16.ITM : Opcode 123 à gérer.
AX1H16A.ITM : Opcode 123 à gérer.
AX1H16B.ITM : Opcode 123 à gérer.
BDAX1H02.ITM : Opcode 318 : self avec parameter1 et parameter2 différent de 0
BDAX1H05.ITM : Opcode 318 : self avec parameter1 et parameter2 différent de 0
BDBELT01.ITM : Opcode 321 : La ressource SPWI209.itm n'existe pas.
BDBLUN04.ITM : FAILURE: opcode 12: Failure("BDBLUN04.ITM : Type de degat '3' pour le opcode 12 pas encore gere")
BDBLUN04.ITM : FAILURE: opcode 341: Failure("Opcode 12: Failure(\"BDBLUN04.ITM : Type de degat '3' pour le opcode 12 pas encore gere\")")
BDBOW01.ITM : Opcode 318 : self avec parameter1 et parameter2 différent de 0
BDRING09.ITM : Opcode 206 : La ressource cdsw1h58.spl n'existe pas.
BDRING09.ITM : Opcode 206 : La ressource cdmound.spl n'existe pas.
BDRING09.ITM : Opcode 206 : La ressource cdhgnya1.spl n'existe pas.
BDSW1H01.ITM : Opcode 321 : La ressource SPCL521.itm n'existe pas.
BDSW1H03.ITM : Unknown macro: opcode_target_68
BDSW1H03.ITM : FAILURE: opcode 326: Failure("Unknown macro: opcode_target_68")
BDSW1H03.ITM : FAILURE: opcode 341: Failure("Opcode 326: Failure(\"Unknown macro: opcode_target_68\")")
BDSW1H08.ITM : Opcode 321 : La ressource SPWI418.itm n'existe pas.
BLUN02.ITM : Opcode 146 : La ressource k#shatwe.spl n'existe pas.
BLUN04.ITM : Opcode 146 : La ressource k#shatwe.spl n'existe pas.
BLUN06.ITM : Opcode 146 : La ressource k#shatwe.spl n'existe pas.
BLUN08.ITM : Opcode 146 : La ressource k#shatwe.spl n'existe pas.
BOOT07.ITM : Opcode 206 : La ressource dvshille.spl n'existe pas.
BOOT07.ITM : Opcode 206 : La ressource sppr105d.spl n'existe pas.
BOOT11.ITM : Opcode 206 : La ressource spwi505d.spl n'existe pas.
BOOT11.ITM : Opcode 206 : La ressource helm30a.spl n'existe pas.
BRAC18.ITM : Opcode 83 : Type de projectile '386'
BRAC18.ITM : Opcode 83 : Type de projectile '312'
BRAC18.ITM : Opcode 83 : Type de projectile '11'
BRAC18.ITM : Opcode 83 : Type de projectile '15'
BRAC18.ITM : Opcode 83 : Type de projectile '20'
BRAC18.ITM : Opcode 83 : Type de projectile '101'
BRAC18.ITM : Opcode 83 : Type de projectile '257'
BRAC18.ITM : Opcode 83 : Type de projectile '270'
CHALCY3.ITM : Opcode 321 : La ressource spwi205.itm n'existe pas.
CHALCY3.ITM : Opcode 321 : La ressource spin105.itm n'existe pas.
CHAN01.ITM : Opcode 232 : La ressource k#shatar.spl n'existe pas.
CHAN01.ITM : La ressource K#SHATAR.spl n'existe pas.
CHAN04.ITM : Opcode 232 : La ressource k#shatar.spl n'existe pas.
CHAN04.ITM : La ressource K#SHATAR.spl n'existe pas.
CHAN09.ITM : Opcode 206 : La ressource dvstench.spl n'existe pas.
CHAN10.ITM : Opcode 206 : La ressource dvprism.spl n'existe pas.
CHAN10.ITM : Opcode 206 : La ressource spwi105d.spl n'existe pas.
CHAN10.ITM : Opcode 206 : La ressource spwi714d.spl n'existe pas.
CLCK06.ITM : Opcode 206 : La ressource sppr309d.spl n'existe pas.
CLCK06.ITM : Opcode 206 : La ressource spwi203d.spl n'existe pas.
CLCK06.ITM : Opcode 206 : La ressource dvdinvis.spl n'existe pas.
CLCK23.ITM : Opcode 206 : La ressource spwi215d.spl n'existe pas.
CLCK23.ITM : Opcode 206 : La ressource wand14d.spl n'existe pas.
CLCK23.ITM : Opcode 206 : La ressource d0spiweb.spl n'existe pas.
CLCK23.ITM : Opcode 206 : La ressource dvweb.spl n'existe pas.
CLCK23.ITM : Opcode 206 : La ressource dw#0w215.spl n'existe pas.
CLCK23.ITM : Opcode 206 : La ressource dw#mweb.spl n'existe pas.
CLCK23.ITM : Opcode 206 : La ressource dw#web.spl n'existe pas.
CLCK27.ITM : Opcode 206 : La ressource dvstench.spl n'existe pas.
DAGG01.ITM : Opcode 146 : La ressource k#shatwe.spl n'existe pas.
DAGG06.ITM : Opcode 146 : La ressource k#shatwe.spl n'existe pas.
DAGG07.ITM : Opcode 146 : La ressource k#shatwe.spl n'existe pas.
DAGG09.ITM : Opcode 123 à gérer.
DAGG09A.ITM : Opcode 123 à gérer.
DAGG09B.ITM : Opcode 123 à gérer.
DAGG11.ITM : Opcode 123 à gérer.
DAGG11A.ITM : Opcode 123 à gérer.
DAGG11B.ITM : Opcode 123 à gérer.
DAGG12.ITM : Opcode 123 à gérer.
DAGG12A.ITM : Opcode 123 à gérer.
DAGG12B.ITM : Opcode 123 à gérer.
DAGG22.ITM : Opcode 123 à gérer.
DAGG22A.ITM : Opcode 123 à gérer.
HALB01.ITM : Opcode 146 : La ressource k#shatwe.spl n'existe pas.
HALB09.ITM : Opcode 206 : La ressource spwi812d.spl n'existe pas.
HAMM01.ITM : Opcode 146 : La ressource k#shatwe.spl n'existe pas.
HAMM06.ITM : Opcode 123 à gérer.
HAMM06A.ITM : Opcode 123 à gérer.
HAMM06B.ITM : Opcode 123 à gérer.
HAMM09.ITM : Opcode 123 à gérer.
HAMM09A.ITM : Opcode 123 à gérer.
HAMM13.ITM : Opcode 206 : La ressource sppr309d.spl n'existe pas.
HAMM13.ITM : Opcode 206 : La ressource spwi203d.spl n'existe pas.
HELM01.ITM : Opcode 232 : La ressource k#shathe.spl n'existe pas.
HELM01.ITM : La ressource K#SHATHE.spl n'existe pas.
HELM08.ITM : Opcode 232 : La ressource k#shathe.spl n'existe pas.
HELM08.ITM : La ressource K#SHATHE.spl n'existe pas.
HELM09.ITM : Opcode 232 : La ressource k#shathe.spl n'existe pas.
HELM09.ITM : La ressource K#SHATHE.spl n'existe pas.
HELM10.ITM : Opcode 232 : La ressource k#shathe.spl n'existe pas.
HELM10.ITM : La ressource K#SHATHE.spl n'existe pas.
HELM11.ITM : Opcode 232 : La ressource k#shathe.spl n'existe pas.
HELM11.ITM : La ressource K#SHATHE.spl n'existe pas.
HELM12.ITM : Opcode 232 : La ressource k#shathe.spl n'existe pas.
HELM12.ITM : La ressource K#SHATHE.spl n'existe pas.
HELM13.ITM : Opcode 232 : La ressource k#shathe.spl n'existe pas.
HELM13.ITM : La ressource K#SHATHE.spl n'existe pas.
HELM15.ITM : Opcode 232 : La ressource k#shathe.spl n'existe pas.
HELM15.ITM : La ressource K#SHATHE.spl n'existe pas.
HELM29.ITM : Opcode 206 : La ressource sppr309d.spl n'existe pas.
HELM29.ITM : Opcode 206 : La ressource spwi203d.spl n'existe pas.
HELM29.ITM : Opcode 206 : La ressource dvdinvis.spl n'existe pas.
HELM30.ITM : Opcode 206 : La ressource sppr309d.spl n'existe pas.
HELM30.ITM : Opcode 206 : La ressource spwi203d.spl n'existe pas.
HELM30.ITM : Opcode 206 : La ressource dvdinvis.spl n'existe pas.
HELM35.ITM : Opcode 83: TODO: self_probability
JWSUPER.ITM : Opcode 206 : La ressource cdsw1h58.spl n'existe pas.
JWSUPER.ITM : Opcode 206 : La ressource cdmound.spl n'existe pas.
JWSUPER.ITM : Opcode 206 : La ressource cdhgnya1.spl n'existe pas.
LEAT24.ITM : Opcode 206 : La ressource spwi105e.spl n'existe pas.
MISC5X.ITM : Opcode 206 : La ressource sppr309d.spl n'existe pas.
MISC5X.ITM : Opcode 206 : La ressource spwi203d.spl n'existe pas.
MISC5X.ITM : Opcode 206 : La ressource dvdinvis.spl n'existe pas.
MISC8J.ITM : Opcode 206 : La ressource rr#dpdis.spl n'existe pas.
MISC8J.ITM : Opcode 206 : La ressource fl#csdis.spl n'existe pas.
NPCHAN.ITM : Opcode 206 : La ressource sppr309d.spl n'existe pas.
NPCHAN.ITM : Opcode 206 : La ressource spwi203d.spl n'existe pas.
NPCHAN.ITM : Opcode 206 : La ressource dvdinvis.spl n'existe pas.
NPCLCK.ITM : Opcode 206 : La ressource sppr517d.spl n'existe pas.
NPCLCK.ITM : Opcode 206 : La ressource sppr717d.spl n'existe pas.
PLAT01.ITM : Opcode 232 : La ressource k#shatar.spl n'existe pas.
PLAT01.ITM : La ressource K#SHATAR.spl n'existe pas.
PLAT04.ITM : Opcode 232 : La ressource k#shatar.spl n'existe pas.
PLAT04.ITM : La ressource K#SHATAR.spl n'existe pas.
PLAT08.ITM : Opcode 233: Proficiency not found : 117
PLAT17.ITM : Opcode 206 : La ressource sppr215.spl n'existe pas.
RING28.ITM : Opcode 206 : La ressource spwi213d.spl n'existe pas.
RING28.ITM : Opcode 206 : La ressource spwi502d.spl n'existe pas.
RING28.ITM : Opcode 206 : La ressource spwi614d.spl n'existe pas.
RING28.ITM : Opcode 206 : La ressource spwi810d.spl n'existe pas.
RING28.ITM : Opcode 206 : La ressource wand13.spl n'existe pas.
RING28.ITM : Opcode 206 : La ressource dvckill2.spl n'existe pas.
RING42.ITM : Opcode 206 : La ressource sppr519.spl n'existe pas.
RODAXE.ITM : Opcode 123 à gérer.
RODAXE.ITM : Opcode 123 à gérer.
RODAXE.ITM : Opcode 123 à gérer.
RODAXE.ITM : Opcode 123 à gérer.
RODMACE.ITM : Opcode 123 à gérer.
RODMACE.ITM : Opcode 123 à gérer.
RODMACE.ITM : Opcode 123 à gérer.
RODMACE.ITM : Opcode 123 à gérer.
RODS02.ITM : Opcode 123 à gérer.
RODS02.ITM : Opcode 123 à gérer.
RODS02.ITM : Opcode 123 à gérer.
RODS02.ITM : Opcode 123 à gérer.
RODS02A.ITM : Opcode 123 à gérer.
RODS02A.ITM : Opcode 123 à gérer.
RODS02A.ITM : Opcode 123 à gérer.
RODS02A.ITM : Opcode 123 à gérer.
RODSPEAR.ITM : Opcode 123 à gérer.
RODSPEAR.ITM : Opcode 123 à gérer.
RODSPEAR.ITM : Opcode 123 à gérer.
RODSPEAR.ITM : Opcode 123 à gérer.
RODSWORD.ITM : Opcode 123 à gérer.
RODSWORD.ITM : Opcode 123 à gérer.
RODSWORD.ITM : Opcode 123 à gérer.
RODSWORD.ITM : Opcode 123 à gérer.
ROSSRING.ITM : Opcode 206 : La ressource cdsw1h58.spl n'existe pas.
ROSSRING.ITM : Opcode 206 : La ressource cdmound.spl n'existe pas.
ROSSRING.ITM : Opcode 206 : La ressource cdhgnya1.spl n'existe pas.
SECRET01.ITM : Opcode 180 : La ressource DVENBOLT.itm n'existe pas.
SHLD01.ITM : Opcode 232 : La ressource k#shatsh.spl n'existe pas.
SHLD01.ITM : La ressource K#SHATSH.spl n'existe pas.
SHLD01A.ITM : Opcode 232 : La ressource k#shatsh.spl n'existe pas.
SHLD01A.ITM : La ressource K#SHATSH.spl n'existe pas.
SHLD03.ITM : Opcode 232 : La ressource k#shatsh.spl n'existe pas.
SHLD03.ITM : La ressource K#SHATSH.spl n'existe pas.
SHLD03A.ITM : Opcode 232 : La ressource k#shatsh.spl n'existe pas.
SHLD03A.ITM : La ressource K#SHATSH.spl n'existe pas.
SHLD05.ITM : Opcode 232 : La ressource k#shatsh.spl n'existe pas.
SHLD05.ITM : La ressource K#SHATSH.spl n'existe pas.
SHLD05A.ITM : Opcode 232 : La ressource k#shatsh.spl n'existe pas.
SHLD05A.ITM : La ressource K#SHATSH.spl n'existe pas.
SHLD08.ITM : Opcode 232 : La ressource k#shatsh.spl n'existe pas.
SHLD08.ITM : La ressource K#SHATSH.spl n'existe pas.
SHLD08A.ITM : Opcode 232 : La ressource k#shatsh.spl n'existe pas.
SHLD08A.ITM : La ressource K#SHATSH.spl n'existe pas.
SHLD08P.ITM : Unknown macro: opcode_target_1
SHLD08P.ITM : FAILURE: opcode 326: Failure("Unknown macro: opcode_target_1")
SHLD08P.ITM : FAILURE: opcode 232: Failure("Opcode 326: Failure(\"Unknown macro: opcode_target_1\")")
SHLD09.ITM : Opcode 232 : La ressource k#shatsh.spl n'existe pas.
SHLD09.ITM : La ressource K#SHATSH.spl n'existe pas.
SHLD09A.ITM : Opcode 232 : La ressource k#shatsh.spl n'existe pas.
SHLD09A.ITM : La ressource K#SHATSH.spl n'existe pas.
SHLD10.ITM : Opcode 232 : La ressource k#shatsh.spl n'existe pas.
SHLD10.ITM : La ressource K#SHATSH.spl n'existe pas.
SHLD10A.ITM : Opcode 232 : La ressource k#shatsh.spl n'existe pas.
SHLD10A.ITM : La ressource K#SHATSH.spl n'existe pas.
SHLD11.ITM : Opcode 232 : La ressource k#shatsh.spl n'existe pas.
SHLD11.ITM : La ressource K#SHATSH.spl n'existe pas.
SHLD11A.ITM : Opcode 232 : La ressource k#shatsh.spl n'existe pas.
SHLD11A.ITM : La ressource K#SHATSH.spl n'existe pas.
SHLD12.ITM : Opcode 232 : La ressource k#shatsh.spl n'existe pas.
SHLD12.ITM : La ressource K#SHATSH.spl n'existe pas.
SHLD12A.ITM : Opcode 232 : La ressource k#shatsh.spl n'existe pas.
SHLD12A.ITM : La ressource K#SHATSH.spl n'existe pas.
SHLD13.ITM : Opcode 232 : La ressource k#shatsh.spl n'existe pas.
SHLD13.ITM : La ressource K#SHATSH.spl n'existe pas.
SHLD13A.ITM : Opcode 232 : La ressource k#shatsh.spl n'existe pas.
SHLD13A.ITM : La ressource K#SHATSH.spl n'existe pas.
SHLD14.ITM : Opcode 232 : La ressource k#shatsh.spl n'existe pas.
SHLD14.ITM : La ressource K#SHATSH.spl n'existe pas.
SHLD14A.ITM : Opcode 232 : La ressource k#shatsh.spl n'existe pas.
SHLD14A.ITM : La ressource K#SHATSH.spl n'existe pas.
SHLD15.ITM : Opcode 232 : La ressource k#shatsh.spl n'existe pas.
SHLD15.ITM : La ressource K#SHATSH.spl n'existe pas.
SHLD15A.ITM : Opcode 232 : La ressource k#shatsh.spl n'existe pas.
SHLD15A.ITM : La ressource K#SHATSH.spl n'existe pas.
SHLD16.ITM : Opcode 232 : La ressource k#shatsh.spl n'existe pas.
SHLD16.ITM : La ressource K#SHATSH.spl n'existe pas.
SHLD16A.ITM : Opcode 232 : La ressource k#shatsh.spl n'existe pas.
SHLD16A.ITM : La ressource K#SHATSH.spl n'existe pas.
SHLD24.ITM : Opcode 83 : Type de projectile '386'
SHLD24.ITM : Opcode 83 : Type de projectile '312'
SHLD24.ITM : Opcode 83 : Type de projectile '11'
SHLD24.ITM : Opcode 83 : Type de projectile '15'
SHLD24.ITM : Opcode 83 : Type de projectile '20'
SHLD24.ITM : Opcode 83 : Type de projectile '101'
SHLD24.ITM : Opcode 83 : Type de projectile '257'
SHLD24.ITM : Opcode 83 : Type de projectile '270'
SOAITM27.ITM : Opcode 115: Unknow target : 4 
SOAITM30.ITM : Opcode 115: Unknow target : 4 
SPER01.ITM : Opcode 146 : La ressource k#shatwe.spl n'existe pas.
STAF11.ITM : Opcode 206 : La ressource sppr121.spl n'existe pas.
STAF11.ITM : Opcode 206 : La ressource spwi505d.spl n'existe pas.
STAF11.ITM : Opcode 233: Proficiency not found : 118
STAF20.ITM : Opcode 206 : La ressource rr#curse.spl n'existe pas.
SW1H01.ITM : Opcode 146 : La ressource k#shatwe.spl n'existe pas.
SW1H04.ITM : Opcode 146 : La ressource k#shatwe.spl n'existe pas.
SW1H07.ITM : Opcode 146 : La ressource k#shatwe.spl n'existe pas.
SW1H12.ITM : Opcode 146 : La ressource k#shatwe.spl n'existe pas.
SW1H17.ITM : Opcode 146 : La ressource k#shatwe.spl n'existe pas.
SW1H20.ITM : Opcode 146 : La ressource k#shatwe.spl n'existe pas.
SW1H27.ITM : Opcode 206 : La ressource spwi215d.spl n'existe pas.
SW1H27.ITM : Opcode 206 : La ressource wand14d.spl n'existe pas.
SW1H27.ITM : Opcode 206 : La ressource d0spiweb.spl n'existe pas.
SW1H27.ITM : Opcode 206 : La ressource dvweb.spl n'existe pas.
SW1H27.ITM : Opcode 206 : La ressource dw#0w215.spl n'existe pas.
SW1H27.ITM : Opcode 206 : La ressource dw#mweb.spl n'existe pas.
SW1H27.ITM : Opcode 206 : La ressource dw#web.spl n'existe pas.
SW1H33.ITM : Opcode 112 à gérer.
SW1H33A.ITM : Opcode 112 à gérer.
SW1H43.ITM : Opcode 146 : La ressource k#shatwe.spl n'existe pas.
SW1H46.ITM : Opcode 146 : La ressource k#shatwe.spl n'existe pas.
SW1H48.ITM : Opcode 146 : La ressource k#shatwe.spl n'existe pas.
SW1P01.ITM : Unknown macro: opcode_target_233
SW1P01.ITM : FAILURE: opcode 232: Failure("Unknown macro: opcode_target_233")
SW2H01.ITM : Opcode 146 : La ressource k#shatwe.spl n'existe pas.
SW2H06.ITM : Opcode 206 : La ressource spwi215d.spl n'existe pas.
SW2H06.ITM : Opcode 206 : La ressource wand14d.spl n'existe pas.
SW2H06.ITM : Opcode 206 : La ressource d0spiweb.spl n'existe pas.
SW2H06.ITM : Opcode 206 : La ressource dvweb.spl n'existe pas.
SW2H06.ITM : Opcode 206 : La ressource dw#0w215.spl n'existe pas.
SW2H06.ITM : Opcode 206 : La ressource dw#mweb.spl n'existe pas.
SW2H06.ITM : Opcode 206 : La ressource dw#web.spl n'existe pas.
SW2H06.ITM : Opcode 206 : La ressource spin175.spl n'existe pas.
SW2H13.ITM : Opcode 206 : La ressource spwi215d.spl n'existe pas.
SW2H13.ITM : Opcode 206 : La ressource wand14d.spl n'existe pas.
SW2H13.ITM : Opcode 206 : La ressource d0spiweb.spl n'existe pas.
SW2H13.ITM : Opcode 206 : La ressource dvweb.spl n'existe pas.
SW2H13.ITM : Opcode 206 : La ressource dw#0w215.spl n'existe pas.
SW2H13.ITM : Opcode 206 : La ressource dw#mweb.spl n'existe pas.
SW2H13.ITM : Opcode 206 : La ressource dw#web.spl n'existe pas.
SW2H13.ITM : Opcode 206 : La ressource spin175.spl n'existe pas.
SW2HD1.ITM : Opcode 321 : La ressource ohdsw1.itm n'existe pas.
SW2HD1.ITM : Opcode 321 : no names of spells or items found
SW2HD1.ITM : Opcode 321 : La ressource ohdsw1.itm n'existe pas.
SW2HD1.ITM : Opcode 321 : no names of spells or items found
XBOW15.ITM : Opcode 180 : La ressource DVENBOLT.itm n'existe pas.
XBOW16.ITM : Opcode 180 : La ressource DVENBOLT.itm n'existe pas.
