	
ax1h01.itm : Opcode 146 : La ressource k#shatwe.spl n'existe pas.
BDAX1H02.ITM : Opcode 318 : self avec parameter1 et parameter2 différent de 0
BDAX1H05.ITM : Opcode 318 : self avec parameter1 et parameter2 différent de 0
BDBELT01.ITM : Opcode 321 : La ressource SPWI209.itm n'existe pas.
BDBLUN04.ITM : FAILURE: opcode 12: Failure("BDBLUN04.ITM : Type de degat '3' pour le opcode 12 pas encore gere")
BDBLUN04.ITM : FAILURE: opcode 341: Failure("Opcode 12: Failure(\"BDBLUN04.ITM : Type de degat '3' pour le opcode 12 pas encore gere\")")
BDBOW01.ITM : Opcode 318 : self avec parameter1 et parameter2 différent de 0
BDRING09.ITM : Opcode 206 : La ressource cdsw1h58.spl n'existe pas.
BDRING09.ITM : Opcode 206 : La ressource cdmound.spl n'existe pas.
BDRING09.ITM : Opcode 206 : La ressource cdhgnya1.spl n'existe pas.
BDSW1H01.ITM : Opcode 321 : La ressource SPCL521.itm n'existe pas.
BDSW1H03.ITM : Unknown macro: opcode_target_68
BDSW1H03.ITM : FAILURE: opcode 326: Failure("Unknown macro: opcode_target_68")
BDSW1H03.ITM : FAILURE: opcode 341: Failure("Opcode 326: Failure(\"Unknown macro: opcode_target_68\")")
BDSW1H08.ITM : Opcode 321 : La ressource SPWI418.itm n'existe pas.
blun02.itm : Opcode 146 : La ressource k#shatwe.spl n'existe pas.
blun04.itm : Opcode 146 : La ressource k#shatwe.spl n'existe pas.
blun06.itm : Opcode 146 : La ressource k#shatwe.spl n'existe pas.
blun08.itm : Opcode 146 : La ressource k#shatwe.spl n'existe pas.
dagg01.itm : Opcode 146 : La ressource k#shatwe.spl n'existe pas.
dagg06.itm : Opcode 146 : La ressource k#shatwe.spl n'existe pas.
dagg07.itm : Opcode 146 : La ressource k#shatwe.spl n'existe pas.
dagg09.itm : Opcode 123 à gérer.
halb01.itm : Opcode 146 : La ressource k#shatwe.spl n'existe pas.
hamm01.itm : Opcode 146 : La ressource k#shatwe.spl n'existe pas.
hamm13.itm : Opcode 206 : La ressource sppr309d.spl n'existe pas.
hamm13.itm : Opcode 206 : La ressource spwi203d.spl n'existe pas.
HELM35.ITM : Opcode 83: TODO: self_probability
JWSUPER.ITM : Opcode 206 : La ressource cdsw1h58.spl n'existe pas.
JWSUPER.ITM : Opcode 206 : La ressource cdmound.spl n'existe pas.
JWSUPER.ITM : Opcode 206 : La ressource cdhgnya1.spl n'existe pas.
plat08.itm : Opcode 233: Proficiency not found : 117
ROSSRING.ITM : Opcode 206 : La ressource cdsw1h58.spl n'existe pas.
ROSSRING.ITM : Opcode 206 : La ressource cdmound.spl n'existe pas.
ROSSRING.ITM : Opcode 206 : La ressource cdhgnya1.spl n'existe pas.
SHLD08P.ITM : Unknown macro: opcode_target_1
SHLD08P.ITM : FAILURE: opcode 326: Failure("Unknown macro: opcode_target_1")
SHLD08P.ITM : FAILURE: opcode 232: Failure("Opcode 326: Failure(\"Unknown macro: opcode_target_1\")")
SOAITM27.ITM : Opcode 115: Unknow target : 4 
SOAITM30.ITM : Opcode 115: Unknow target : 4 
sper01.itm : Opcode 146 : La ressource k#shatwe.spl n'existe pas.
sw1h01.itm : Opcode 146 : La ressource k#shatwe.spl n'existe pas.
sw1h04.itm : Opcode 146 : La ressource k#shatwe.spl n'existe pas.
sw1h07.itm : Opcode 146 : La ressource k#shatwe.spl n'existe pas.
sw1h12.itm : Opcode 146 : La ressource k#shatwe.spl n'existe pas.
sw1h17.itm : Opcode 146 : La ressource k#shatwe.spl n'existe pas.
sw1h20.itm : Opcode 146 : La ressource k#shatwe.spl n'existe pas.
sw1h43.itm : Opcode 146 : La ressource k#shatwe.spl n'existe pas.
sw1h46.itm : Opcode 146 : La ressource k#shatwe.spl n'existe pas.
sw1h48.itm : Opcode 146 : La ressource k#shatwe.spl n'existe pas.
SW1P01.ITM : Unknown macro: opcode_target_233
SW1P01.ITM : FAILURE: opcode 232: Failure("Unknown macro: opcode_target_233")
sw2h01.itm : Opcode 146 : La ressource k#shatwe.spl n'existe pas.
sw2h06.itm : Opcode 206 : La ressource spwi215d.spl n'existe pas.
sw2h06.itm : Opcode 206 : La ressource wand14d.spl n'existe pas.
sw2h06.itm : Opcode 206 : La ressource d0spiweb.spl n'existe pas.
sw2h06.itm : Opcode 206 : La ressource dvweb.spl n'existe pas.
sw2h06.itm : Opcode 206 : La ressource dw#0w215.spl n'existe pas.
sw2h06.itm : Opcode 206 : La ressource dw#mweb.spl n'existe pas.
sw2h06.itm : Opcode 206 : La ressource dw#web.spl n'existe pas.
sw2h06.itm : Opcode 206 : La ressource spin175.spl n'existe pas.
sw2h13.itm : Opcode 206 : La ressource spwi215d.spl n'existe pas.
sw2h13.itm : Opcode 206 : La ressource wand14d.spl n'existe pas.
sw2h13.itm : Opcode 206 : La ressource d0spiweb.spl n'existe pas.
sw2h13.itm : Opcode 206 : La ressource dvweb.spl n'existe pas.
sw2h13.itm : Opcode 206 : La ressource dw#0w215.spl n'existe pas.
sw2h13.itm : Opcode 206 : La ressource dw#mweb.spl n'existe pas.
sw2h13.itm : Opcode 206 : La ressource dw#web.spl n'existe pas.
sw2h13.itm : Opcode 206 : La ressource spin175.spl n'existe pas.
SHLD01.ITM : Opcode 232 : La ressource k#shatsh.spl n'existe pas.
SHLD01.ITM : La ressource K#SHATSH.spl n'existe pas.
SHLD01A.ITM : Opcode 232 : La ressource k#shatsh.spl n'existe pas.
SHLD01A.ITM : La ressource K#SHATSH.spl n'existe pas.
SHLD03.ITM : Opcode 232 : La ressource k#shatsh.spl n'existe pas.
SHLD03.ITM : La ressource K#SHATSH.spl n'existe pas.
SHLD03A.ITM : Opcode 232 : La ressource k#shatsh.spl n'existe pas.
SHLD03A.ITM : La ressource K#SHATSH.spl n'existe pas.
SHLD05.ITM : Opcode 232 : La ressource k#shatsh.spl n'existe pas.
SHLD05.ITM : La ressource K#SHATSH.spl n'existe pas.
SHLD05A.ITM : Opcode 232 : La ressource k#shatsh.spl n'existe pas.
SHLD05A.ITM : La ressource K#SHATSH.spl n'existe pas.
SHLD08.ITM : Opcode 232 : La ressource k#shatsh.spl n'existe pas.
SHLD08.ITM : La ressource K#SHATSH.spl n'existe pas.
SHLD08A.ITM : Opcode 232 : La ressource k#shatsh.spl n'existe pas.
SHLD08A.ITM : La ressource K#SHATSH.spl n'existe pas.
SHLD09.ITM : Opcode 232 : La ressource k#shatsh.spl n'existe pas.
SHLD09.ITM : La ressource K#SHATSH.spl n'existe pas.
SHLD09A.ITM : Opcode 232 : La ressource k#shatsh.spl n'existe pas.
SHLD09A.ITM : La ressource K#SHATSH.spl n'existe pas.
SHLD10.ITM : Opcode 232 : La ressource k#shatsh.spl n'existe pas.
SHLD10.ITM : La ressource K#SHATSH.spl n'existe pas.
SHLD10A.ITM : Opcode 232 : La ressource k#shatsh.spl n'existe pas.
SHLD10A.ITM : La ressource K#SHATSH.spl n'existe pas.
SHLD11.ITM : Opcode 232 : La ressource k#shatsh.spl n'existe pas.
SHLD11.ITM : La ressource K#SHATSH.spl n'existe pas.
SHLD11A.ITM : Opcode 232 : La ressource k#shatsh.spl n'existe pas.
SHLD11A.ITM : La ressource K#SHATSH.spl n'existe pas.
SHLD12.ITM : Opcode 232 : La ressource k#shatsh.spl n'existe pas.
SHLD12.ITM : La ressource K#SHATSH.spl n'existe pas.
SHLD12A.ITM : Opcode 232 : La ressource k#shatsh.spl n'existe pas.
SHLD12A.ITM : La ressource K#SHATSH.spl n'existe pas.
SHLD13.ITM : Opcode 232 : La ressource k#shatsh.spl n'existe pas.
SHLD13.ITM : La ressource K#SHATSH.spl n'existe pas.
SHLD13A.ITM : Opcode 232 : La ressource k#shatsh.spl n'existe pas.
SHLD13A.ITM : La ressource K#SHATSH.spl n'existe pas.
SHLD14.ITM : Opcode 232 : La ressource k#shatsh.spl n'existe pas.
SHLD14.ITM : La ressource K#SHATSH.spl n'existe pas.
SHLD14A.ITM : Opcode 232 : La ressource k#shatsh.spl n'existe pas.
SHLD14A.ITM : La ressource K#SHATSH.spl n'existe pas.
SHLD15.ITM : Opcode 232 : La ressource k#shatsh.spl n'existe pas.
SHLD15.ITM : La ressource K#SHATSH.spl n'existe pas.
SHLD15A.ITM : Opcode 232 : La ressource k#shatsh.spl n'existe pas.
SHLD15A.ITM : La ressource K#SHATSH.spl n'existe pas.
SHLD16.ITM : Opcode 232 : La ressource k#shatsh.spl n'existe pas.
SHLD16.ITM : La ressource K#SHATSH.spl n'existe pas.
SHLD16A.ITM : Opcode 232 : La ressource k#shatsh.spl n'existe pas.
SHLD16A.ITM : La ressource K#SHATSH.spl n'existe pas.
SHLD24.ITM : Opcode 83 : Type de projectile '386'
SHLD24.ITM : Opcode 83 : Type de projectile '312'
SHLD24.ITM : Opcode 83 : Type de projectile '11'
SHLD24.ITM : Opcode 83 : Type de projectile '15'
SHLD24.ITM : Opcode 83 : Type de projectile '20'
SHLD24.ITM : Opcode 83 : Type de projectile '101'
SHLD24.ITM : Opcode 83 : Type de projectile '257'
SHLD24.ITM : Opcode 83 : Type de projectile '270'
chan01.itm : Opcode 232 : La ressource k#shatar.spl n'existe pas.
chan01.itm : La ressource K#SHATAR.spl n'existe pas.
chan04.itm : Opcode 232 : La ressource k#shatar.spl n'existe pas.
chan04.itm : La ressource K#SHATAR.spl n'existe pas.
chan09.itm : Opcode 206 : La ressource dvstench.spl n'existe pas.
chan10.itm : Opcode 206 : La ressource dvprism.spl n'existe pas.
chan10.itm : Opcode 206 : La ressource spwi105d.spl n'existe pas.
chan10.itm : Opcode 206 : La ressource spwi714d.spl n'existe pas.
leat24.itm : Opcode 206 : La ressource spwi105e.spl n'existe pas.
npchan.itm : Opcode 206 : La ressource sppr309d.spl n'existe pas.
npchan.itm : Opcode 206 : La ressource spwi203d.spl n'existe pas.
npchan.itm : Opcode 206 : La ressource dvdinvis.spl n'existe pas.
plat01.itm : Opcode 232 : La ressource k#shatar.spl n'existe pas.
plat01.itm : La ressource K#SHATAR.spl n'existe pas.
plat04.itm : Opcode 232 : La ressource k#shatar.spl n'existe pas.
plat04.itm : La ressource K#SHATAR.spl n'existe pas.
plat17.itm : Opcode 206 : La ressource sppr215.spl n'existe pas.
BRAC18.itm : Opcode 83 : Type de projectile '386'
BRAC18.itm : Opcode 83 : Type de projectile '312'
BRAC18.itm : Opcode 83 : Type de projectile '11'
BRAC18.itm : Opcode 83 : Type de projectile '15'
BRAC18.itm : Opcode 83 : Type de projectile '20'
BRAC18.itm : Opcode 83 : Type de projectile '101'
BRAC18.itm : Opcode 83 : Type de projectile '257'
BRAC18.itm : Opcode 83 : Type de projectile '270'
AEGIS2.ITM : Opcode 123 à gérer.
AEGIS2A.ITM : Opcode 123 à gérer.
AEGIS2B.ITM : Opcode 123 à gérer.
AX1H01.ITM : Opcode 146 : La ressource k#shatwe.spl n'existe pas.
AX1H05.ITM : Opcode 123 à gérer.
AX1H05A.ITM : Opcode 123 à gérer.
AX1H05B.ITM : Opcode 123 à gérer.
AX1H06.ITM : Opcode 123 à gérer.
AX1H06A.ITM : Opcode 123 à gérer.
AX1H06B.ITM : Opcode 123 à gérer.
AX1H08.ITM : Opcode 123 à gérer.
AX1H08A.ITM : Opcode 123 à gérer.
AX1H08B.ITM : Opcode 123 à gérer.
AX1H09.ITM : Opcode 123 à gérer.
AX1H09A.ITM : Opcode 123 à gérer.
AX1H09B.ITM : Opcode 123 à gérer.
AX1H10.ITM : Opcode 123 à gérer.
AX1H10A.ITM : Opcode 123 à gérer.
AX1H10B.ITM : Opcode 123 à gérer.
AX1H16.ITM : Opcode 123 à gérer.
AX1H16A.ITM : Opcode 123 à gérer.
AX1H16B.ITM : Opcode 123 à gérer.
BLUN02.ITM : Opcode 146 : La ressource k#shatwe.spl n'existe pas.
BLUN04.ITM : Opcode 146 : La ressource k#shatwe.spl n'existe pas.
BLUN06.ITM : Opcode 146 : La ressource k#shatwe.spl n'existe pas.
BLUN08.ITM : Opcode 146 : La ressource k#shatwe.spl n'existe pas.
DAGG01.ITM : Opcode 146 : La ressource k#shatwe.spl n'existe pas.
DAGG06.ITM : Opcode 146 : La ressource k#shatwe.spl n'existe pas.
DAGG07.ITM : Opcode 146 : La ressource k#shatwe.spl n'existe pas.
DAGG09.ITM : Opcode 123 à gérer.
DAGG09A.ITM : Opcode 123 à gérer.
DAGG09B.ITM : Opcode 123 à gérer.
DAGG11.ITM : Opcode 123 à gérer.
DAGG12.ITM : Opcode 123 à gérer.
DAGG12A.ITM : Opcode 123 à gérer.
DAGG12B.ITM : Opcode 123 à gérer.
DAGG22.ITM : Opcode 123 à gérer.
HALB01.ITM : Opcode 146 : La ressource k#shatwe.spl n'existe pas.
HALB09.ITM : Opcode 206 : La ressource spwi812d.spl n'existe pas.
HAMM01.ITM : Opcode 146 : La ressource k#shatwe.spl n'existe pas.
HAMM06.ITM : Opcode 123 à gérer.
HAMM06A.ITM : Opcode 123 à gérer.
HAMM06B.ITM : Opcode 123 à gérer.
HAMM09.ITM : Opcode 123 à gérer.
HAMM09A.ITM : Opcode 123 à gérer.
HAMM13.ITM : Opcode 206 : La ressource sppr309d.spl n'existe pas.
HAMM13.ITM : Opcode 206 : La ressource spwi203d.spl n'existe pas.
RODAXE.ITM : Opcode 123 à gérer.
RODAXE.ITM : Opcode 123 à gérer.
RODAXE.ITM : Opcode 123 à gérer.
RODAXE.ITM : Opcode 123 à gérer.
RODMACE.ITM : Opcode 123 à gérer.
RODMACE.ITM : Opcode 123 à gérer.
RODMACE.ITM : Opcode 123 à gérer.
RODMACE.ITM : Opcode 123 à gérer.
RODSPEAR.ITM : Opcode 123 à gérer.
RODSPEAR.ITM : Opcode 123 à gérer.
RODSPEAR.ITM : Opcode 123 à gérer.
RODSPEAR.ITM : Opcode 123 à gérer.
RODSWORD.ITM : Opcode 123 à gérer.
RODSWORD.ITM : Opcode 123 à gérer.
RODSWORD.ITM : Opcode 123 à gérer.
RODSWORD.ITM : Opcode 123 à gérer.
SPER01.ITM : Opcode 146 : La ressource k#shatwe.spl n'existe pas.
STAF11.ITM : Opcode 206 : La ressource sppr121.spl n'existe pas.
STAF11.ITM : Opcode 206 : La ressource spwi505d.spl n'existe pas.
STAF11.ITM : Opcode 233: Proficiency not found : 118
SW1H01.ITM : Opcode 146 : La ressource k#shatwe.spl n'existe pas.
SW1H04.ITM : Opcode 146 : La ressource k#shatwe.spl n'existe pas.
SW1H07.ITM : Opcode 146 : La ressource k#shatwe.spl n'existe pas.
SW1H12.ITM : Opcode 146 : La ressource k#shatwe.spl n'existe pas.
SW1H17.ITM : Opcode 146 : La ressource k#shatwe.spl n'existe pas.
SW1H20.ITM : Opcode 146 : La ressource k#shatwe.spl n'existe pas.
SW1H27.ITM : Opcode 206 : La ressource spwi215d.spl n'existe pas.
SW1H27.ITM : Opcode 206 : La ressource wand14d.spl n'existe pas.
SW1H27.ITM : Opcode 206 : La ressource d0spiweb.spl n'existe pas.
SW1H27.ITM : Opcode 206 : La ressource dvweb.spl n'existe pas.
SW1H27.ITM : Opcode 206 : La ressource dw#0w215.spl n'existe pas.
SW1H27.ITM : Opcode 206 : La ressource dw#mweb.spl n'existe pas.
SW1H27.ITM : Opcode 206 : La ressource dw#web.spl n'existe pas.
SW1H33.ITM : Opcode 112 à gérer.
SW1H33A.ITM : Opcode 112 à gérer.
SW1H43.ITM : Opcode 146 : La ressource k#shatwe.spl n'existe pas.
SW1H46.ITM : Opcode 146 : La ressource k#shatwe.spl n'existe pas.
SW1H48.ITM : Opcode 146 : La ressource k#shatwe.spl n'existe pas.
SW2H01.ITM : Opcode 146 : La ressource k#shatwe.spl n'existe pas.
SW2H06.ITM : Opcode 206 : La ressource spwi215d.spl n'existe pas.
SW2H06.ITM : Opcode 206 : La ressource wand14d.spl n'existe pas.
SW2H06.ITM : Opcode 206 : La ressource d0spiweb.spl n'existe pas.
SW2H06.ITM : Opcode 206 : La ressource dvweb.spl n'existe pas.
SW2H06.ITM : Opcode 206 : La ressource dw#0w215.spl n'existe pas.
SW2H06.ITM : Opcode 206 : La ressource dw#mweb.spl n'existe pas.
SW2H06.ITM : Opcode 206 : La ressource dw#web.spl n'existe pas.
SW2H06.ITM : Opcode 206 : La ressource spin175.spl n'existe pas.
SW2H13.ITM : Opcode 206 : La ressource spwi215d.spl n'existe pas.
SW2H13.ITM : Opcode 206 : La ressource wand14d.spl n'existe pas.
SW2H13.ITM : Opcode 206 : La ressource d0spiweb.spl n'existe pas.
SW2H13.ITM : Opcode 206 : La ressource dvweb.spl n'existe pas.
SW2H13.ITM : Opcode 206 : La ressource dw#0w215.spl n'existe pas.
SW2H13.ITM : Opcode 206 : La ressource dw#mweb.spl n'existe pas.
SW2H13.ITM : Opcode 206 : La ressource dw#web.spl n'existe pas.
SW2H13.ITM : Opcode 206 : La ressource spin175.spl n'existe pas.
SW2HD1.ITM : Opcode 321 : La ressource ohdsw1.itm n'existe pas.
SW2HD1.ITM : Opcode 321 : no names of spells or items found
SW2HD1.ITM : Opcode 321 : La ressource ohdsw1.itm n'existe pas.
SW2HD1.ITM : Opcode 321 : no names of spells or items found
XBOW15.ITM : Opcode 180 : La ressource DVENBOLT.itm n'existe pas.
XBOW16.ITM : Opcode 180 : La ressource DVENBOLT.itm n'existe pas.
DAGG11A.ITM : Opcode 123 à gérer.
DAGG11B.ITM : Opcode 123 à gérer.
DAGG22A.ITM : Opcode 123 à gérer.
HELM01.ITM : Opcode 232 : La ressource k#shathe.spl n'existe pas.
HELM01.ITM : La ressource K#SHATHE.spl n'existe pas.
HELM08.ITM : Opcode 232 : La ressource k#shathe.spl n'existe pas.
HELM08.ITM : La ressource K#SHATHE.spl n'existe pas.
HELM09.ITM : Opcode 232 : La ressource k#shathe.spl n'existe pas.
HELM09.ITM : La ressource K#SHATHE.spl n'existe pas.
HELM10.ITM : Opcode 232 : La ressource k#shathe.spl n'existe pas.
HELM10.ITM : La ressource K#SHATHE.spl n'existe pas.
HELM11.ITM : Opcode 232 : La ressource k#shathe.spl n'existe pas.
HELM11.ITM : La ressource K#SHATHE.spl n'existe pas.
HELM12.ITM : Opcode 232 : La ressource k#shathe.spl n'existe pas.
HELM12.ITM : La ressource K#SHATHE.spl n'existe pas.
HELM13.ITM : Opcode 232 : La ressource k#shathe.spl n'existe pas.
HELM13.ITM : La ressource K#SHATHE.spl n'existe pas.
HELM15.ITM : Opcode 232 : La ressource k#shathe.spl n'existe pas.
HELM15.ITM : La ressource K#SHATHE.spl n'existe pas.
CHAN01.ITM : Opcode 232 : La ressource k#shatar.spl n'existe pas.
CHAN01.ITM : La ressource K#SHATAR.spl n'existe pas.
CHAN04.ITM : Opcode 232 : La ressource k#shatar.spl n'existe pas.
CHAN04.ITM : La ressource K#SHATAR.spl n'existe pas.
CHAN09.ITM : Opcode 206 : La ressource dvstench.spl n'existe pas.
CHAN10.ITM : Opcode 206 : La ressource dvprism.spl n'existe pas.
CHAN10.ITM : Opcode 206 : La ressource spwi105d.spl n'existe pas.
CHAN10.ITM : Opcode 206 : La ressource spwi714d.spl n'existe pas.
HELM29.ITM : Opcode 206 : La ressource sppr309d.spl n'existe pas.
HELM29.ITM : Opcode 206 : La ressource spwi203d.spl n'existe pas.
HELM29.ITM : Opcode 206 : La ressource dvdinvis.spl n'existe pas.
HELM30.ITM : Opcode 206 : La ressource sppr309d.spl n'existe pas.
HELM30.ITM : Opcode 206 : La ressource spwi203d.spl n'existe pas.
HELM30.ITM : Opcode 206 : La ressource dvdinvis.spl n'existe pas.
PLAT01.ITM : Opcode 232 : La ressource k#shatar.spl n'existe pas.
PLAT01.ITM : La ressource K#SHATAR.spl n'existe pas.
PLAT04.ITM : Opcode 232 : La ressource k#shatar.spl n'existe pas.
PLAT04.ITM : La ressource K#SHATAR.spl n'existe pas.
PLAT08.ITM : Opcode 233: Proficiency not found : 117
PLAT17.ITM : Opcode 206 : La ressource sppr215.spl n'existe pas.
SECRET01.ITM : Opcode 180 : La ressource DVENBOLT.itm n'existe pas.
RODS02.ITM : Opcode 123 à gérer.
RODS02.ITM : Opcode 123 à gérer.
RODS02.ITM : Opcode 123 à gérer.
RODS02.ITM : Opcode 123 à gérer.
RODS02A.ITM : Opcode 123 à gérer.
RODS02A.ITM : Opcode 123 à gérer.
RODS02A.ITM : Opcode 123 à gérer.
RODS02A.ITM : Opcode 123 à gérer.
STAF20.ITM : Opcode 206 : La ressource rr#curse.spl n'existe pas.
shld01.itm : Opcode 232 : La ressource k#shatsh.spl n'existe pas.
shld01.itm : La ressource K#SHATSH.spl n'existe pas.
shld01a.itm : Opcode 232 : La ressource k#shatsh.spl n'existe pas.
shld01a.itm : La ressource K#SHATSH.spl n'existe pas.
shld03.itm : Opcode 232 : La ressource k#shatsh.spl n'existe pas.
shld03.itm : La ressource K#SHATSH.spl n'existe pas.
shld03a.itm : Opcode 232 : La ressource k#shatsh.spl n'existe pas.
shld03a.itm : La ressource K#SHATSH.spl n'existe pas.
shld05.itm : Opcode 232 : La ressource k#shatsh.spl n'existe pas.
shld05.itm : La ressource K#SHATSH.spl n'existe pas.
shld05a.itm : Opcode 232 : La ressource k#shatsh.spl n'existe pas.
shld05a.itm : La ressource K#SHATSH.spl n'existe pas.
shld08p.itm : Unknown macro: opcode_target_1
shld08p.itm : FAILURE: opcode 326: Failure("Unknown macro: opcode_target_1")
shld08p.itm : FAILURE: opcode 232: Failure("Opcode 326: Failure(\"Unknown macro: opcode_target_1\")")
shld11.itm : Opcode 232 : La ressource k#shatsh.spl n'existe pas.
shld11.itm : La ressource K#SHATSH.spl n'existe pas.
shld11a.itm : Opcode 232 : La ressource k#shatsh.spl n'existe pas.
shld11a.itm : La ressource K#SHATSH.spl n'existe pas.
shld12.itm : Opcode 232 : La ressource k#shatsh.spl n'existe pas.
shld12.itm : La ressource K#SHATSH.spl n'existe pas.
shld12a.itm : Opcode 232 : La ressource k#shatsh.spl n'existe pas.
shld12a.itm : La ressource K#SHATSH.spl n'existe pas.
shld13.itm : Opcode 232 : La ressource k#shatsh.spl n'existe pas.
shld13.itm : La ressource K#SHATSH.spl n'existe pas.
shld13a.itm : Opcode 232 : La ressource k#shatsh.spl n'existe pas.
shld13a.itm : La ressource K#SHATSH.spl n'existe pas.
shld14.itm : Opcode 232 : La ressource k#shatsh.spl n'existe pas.
shld14.itm : La ressource K#SHATSH.spl n'existe pas.
shld14a.itm : Opcode 232 : La ressource k#shatsh.spl n'existe pas.
shld14a.itm : La ressource K#SHATSH.spl n'existe pas.
shld15.itm : Opcode 232 : La ressource k#shatsh.spl n'existe pas.
shld15.itm : La ressource K#SHATSH.spl n'existe pas.
shld15a.itm : Opcode 232 : La ressource k#shatsh.spl n'existe pas.
shld15a.itm : La ressource K#SHATSH.spl n'existe pas.
shld16.itm : Opcode 232 : La ressource k#shatsh.spl n'existe pas.
shld16.itm : La ressource K#SHATSH.spl n'existe pas.
shld16a.itm : Opcode 232 : La ressource k#shatsh.spl n'existe pas.
shld16a.itm : La ressource K#SHATSH.spl n'existe pas.
npclck.itm : Opcode 206 : La ressource sppr517d.spl n'existe pas.
npclck.itm : Opcode 206 : La ressource sppr717d.spl n'existe pas.
aegis2.itm : Opcode 123 à gérer.
aegis2a.itm : Opcode 123 à gérer.
aegis2b.itm : Opcode 123 à gérer.
amul24.itm : Opcode 318 : self avec parameter1 et parameter2 différent de 0
amul24.itm : Opcode 318 : self avec parameter1 et parameter2 différent de 0
amul24.itm : Opcode 206 : La ressource spwi889.spl n'existe pas.
amul24.itm : Opcode 206 : La ressource sppr420.spl n'existe pas.
amul27.itm : Opcode 233: Proficiency not found : 117
ax1h05.itm : Opcode 123 à gérer.
ax1h05a.itm : Opcode 123 à gérer.
ax1h05b.itm : Opcode 123 à gérer.
ax1h06.itm : Opcode 123 à gérer.
ax1h06a.itm : Opcode 123 à gérer.
ax1h06b.itm : Opcode 123 à gérer.
ax1h08.itm : Opcode 123 à gérer.
ax1h08a.itm : Opcode 123 à gérer.
ax1h08b.itm : Opcode 123 à gérer.
ax1h09.itm : Opcode 123 à gérer.
ax1h09a.itm : Opcode 123 à gérer.
ax1h09b.itm : Opcode 123 à gérer.
ax1h10.itm : Opcode 123 à gérer.
ax1h10a.itm : Opcode 123 à gérer.
ax1h10b.itm : Opcode 123 à gérer.
ax1h16.itm : Opcode 123 à gérer.
ax1h16a.itm : Opcode 123 à gérer.
ax1h16b.itm : Opcode 123 à gérer.
boot07.itm : Opcode 206 : La ressource dvshille.spl n'existe pas.
boot07.itm : Opcode 206 : La ressource sppr105d.spl n'existe pas.
boot11.itm : Opcode 206 : La ressource spwi505d.spl n'existe pas.
boot11.itm : Opcode 206 : La ressource helm30a.spl n'existe pas.
brac18.itm : Opcode 83 : Type de projectile '386'
brac18.itm : Opcode 83 : Type de projectile '312'
brac18.itm : Opcode 83 : Type de projectile '11'
brac18.itm : Opcode 83 : Type de projectile '15'
brac18.itm : Opcode 83 : Type de projectile '20'
brac18.itm : Opcode 83 : Type de projectile '101'
brac18.itm : Opcode 83 : Type de projectile '257'
brac18.itm : Opcode 83 : Type de projectile '270'
clck06.itm : Opcode 206 : La ressource sppr309d.spl n'existe pas.
clck06.itm : Opcode 206 : La ressource spwi203d.spl n'existe pas.
clck06.itm : Opcode 206 : La ressource dvdinvis.spl n'existe pas.
clck23.itm : Opcode 206 : La ressource spwi215d.spl n'existe pas.
clck23.itm : Opcode 206 : La ressource wand14d.spl n'existe pas.
clck23.itm : Opcode 206 : La ressource d0spiweb.spl n'existe pas.
clck23.itm : Opcode 206 : La ressource dvweb.spl n'existe pas.
clck23.itm : Opcode 206 : La ressource dw#0w215.spl n'existe pas.
clck23.itm : Opcode 206 : La ressource dw#mweb.spl n'existe pas.
clck23.itm : Opcode 206 : La ressource dw#web.spl n'existe pas.
clck27.itm : Opcode 206 : La ressource dvstench.spl n'existe pas.
dagg09a.itm : Opcode 123 à gérer.
dagg09b.itm : Opcode 123 à gérer.
dagg11.itm : Opcode 123 à gérer.
dagg11a.itm : Opcode 123 à gérer.
dagg11b.itm : Opcode 123 à gérer.
dagg12.itm : Opcode 123 à gérer.
dagg12a.itm : Opcode 123 à gérer.
dagg12b.itm : Opcode 123 à gérer.
dagg22.itm : Opcode 123 à gérer.
dagg22a.itm : Opcode 123 à gérer.
halb09.itm : Opcode 206 : La ressource spwi812d.spl n'existe pas.
hamm06.itm : Opcode 123 à gérer.
hamm06a.itm : Opcode 123 à gérer.
hamm06b.itm : Opcode 123 à gérer.
hamm09.itm : Opcode 123 à gérer.
hamm09a.itm : Opcode 123 à gérer.
helm01.itm : Opcode 232 : La ressource k#shathe.spl n'existe pas.
helm01.itm : La ressource K#SHATHE.spl n'existe pas.
helm08.itm : Opcode 232 : La ressource k#shathe.spl n'existe pas.
helm08.itm : La ressource K#SHATHE.spl n'existe pas.
helm09.itm : Opcode 232 : La ressource k#shathe.spl n'existe pas.
helm09.itm : La ressource K#SHATHE.spl n'existe pas.
helm10.itm : Opcode 232 : La ressource k#shathe.spl n'existe pas.
helm10.itm : La ressource K#SHATHE.spl n'existe pas.
helm11.itm : Opcode 232 : La ressource k#shathe.spl n'existe pas.
helm11.itm : La ressource K#SHATHE.spl n'existe pas.
helm12.itm : Opcode 232 : La ressource k#shathe.spl n'existe pas.
helm12.itm : La ressource K#SHATHE.spl n'existe pas.
helm13.itm : Opcode 232 : La ressource k#shathe.spl n'existe pas.
helm13.itm : La ressource K#SHATHE.spl n'existe pas.
helm15.itm : Opcode 232 : La ressource k#shathe.spl n'existe pas.
helm15.itm : La ressource K#SHATHE.spl n'existe pas.
helm29.itm : Opcode 206 : La ressource sppr309d.spl n'existe pas.
helm29.itm : Opcode 206 : La ressource spwi203d.spl n'existe pas.
helm29.itm : Opcode 206 : La ressource dvdinvis.spl n'existe pas.
helm30.itm : Opcode 206 : La ressource sppr309d.spl n'existe pas.
helm30.itm : Opcode 206 : La ressource spwi203d.spl n'existe pas.
helm30.itm : Opcode 206 : La ressource dvdinvis.spl n'existe pas.
misc5x.itm : Opcode 206 : La ressource sppr309d.spl n'existe pas.
misc5x.itm : Opcode 206 : La ressource spwi203d.spl n'existe pas.
misc5x.itm : Opcode 206 : La ressource dvdinvis.spl n'existe pas.
misc8j.itm : Opcode 206 : La ressource rr#dpdis.spl n'existe pas.
misc8j.itm : Opcode 206 : La ressource fl#csdis.spl n'existe pas.
ring28.itm : Opcode 206 : La ressource spwi213d.spl n'existe pas.
ring28.itm : Opcode 206 : La ressource spwi502d.spl n'existe pas.
ring28.itm : Opcode 206 : La ressource spwi614d.spl n'existe pas.
ring28.itm : Opcode 206 : La ressource spwi810d.spl n'existe pas.
ring28.itm : Opcode 206 : La ressource wand13.spl n'existe pas.
ring28.itm : Opcode 206 : La ressource dvckill2.spl n'existe pas.
ring42.itm : Opcode 206 : La ressource sppr519.spl n'existe pas.
rodaxe.itm : Opcode 123 à gérer.
rodaxe.itm : Opcode 123 à gérer.
rodaxe.itm : Opcode 123 à gérer.
rodaxe.itm : Opcode 123 à gérer.
rodmace.itm : Opcode 123 à gérer.
rodmace.itm : Opcode 123 à gérer.
rodmace.itm : Opcode 123 à gérer.
rodmace.itm : Opcode 123 à gérer.
rods02.itm : Opcode 123 à gérer.
rods02.itm : Opcode 123 à gérer.
rods02.itm : Opcode 123 à gérer.
rods02.itm : Opcode 123 à gérer.
rods02a.itm : Opcode 123 à gérer.
rods02a.itm : Opcode 123 à gérer.
rods02a.itm : Opcode 123 à gérer.
rods02a.itm : Opcode 123 à gérer.
rodspear.itm : Opcode 123 à gérer.
rodspear.itm : Opcode 123 à gérer.
rodspear.itm : Opcode 123 à gérer.
rodspear.itm : Opcode 123 à gérer.
rodsword.itm : Opcode 123 à gérer.
rodsword.itm : Opcode 123 à gérer.
rodsword.itm : Opcode 123 à gérer.
rodsword.itm : Opcode 123 à gérer.
secret01.itm : Opcode 180 : La ressource DVENBOLT.itm n'existe pas.
shld08.itm : Opcode 232 : La ressource k#shatsh.spl n'existe pas.
shld08.itm : La ressource K#SHATSH.spl n'existe pas.
shld09.itm : Opcode 232 : La ressource k#shatsh.spl n'existe pas.
shld09.itm : La ressource K#SHATSH.spl n'existe pas.
shld10.itm : Opcode 232 : La ressource k#shatsh.spl n'existe pas.
shld10.itm : La ressource K#SHATSH.spl n'existe pas.
shld24.itm : Opcode 83 : Type de projectile '386'
shld24.itm : Opcode 83 : Type de projectile '312'
shld24.itm : Opcode 83 : Type de projectile '11'
shld24.itm : Opcode 83 : Type de projectile '15'
shld24.itm : Opcode 83 : Type de projectile '20'
shld24.itm : Opcode 83 : Type de projectile '101'
shld24.itm : Opcode 83 : Type de projectile '257'
shld24.itm : Opcode 83 : Type de projectile '270'
staf11.itm : Opcode 206 : La ressource sppr121.spl n'existe pas.
staf11.itm : Opcode 206 : La ressource spwi505d.spl n'existe pas.
staf11.itm : Opcode 233: Proficiency not found : 118
staf20.itm : Opcode 206 : La ressource rr#curse.spl n'existe pas.
sw1h27.itm : Opcode 206 : La ressource spwi215d.spl n'existe pas.
sw1h27.itm : Opcode 206 : La ressource wand14d.spl n'existe pas.
sw1h27.itm : Opcode 206 : La ressource d0spiweb.spl n'existe pas.
sw1h27.itm : Opcode 206 : La ressource dvweb.spl n'existe pas.
sw1h27.itm : Opcode 206 : La ressource dw#0w215.spl n'existe pas.
sw1h27.itm : Opcode 206 : La ressource dw#mweb.spl n'existe pas.
sw1h27.itm : Opcode 206 : La ressource dw#web.spl n'existe pas.
sw1h33.itm : Opcode 112 à gérer.
sw1h33a.itm : Opcode 112 à gérer.
sw2hd1.itm : Opcode 321 : La ressource ohdsw1.itm n'existe pas.
sw2hd1.itm : Opcode 321 : no names of spells or items found
sw2hd1.itm : Opcode 321 : La ressource ohdsw1.itm n'existe pas.
sw2hd1.itm : Opcode 321 : no names of spells or items found
xbow15.itm : Opcode 180 : La ressource DVENBOLT.itm n'existe pas.
xbow16.itm : Opcode 180 : La ressource DVENBOLT.itm n'existe pas.
