	
AEGIS2.ITM : Opcode 341 : La ressource MOSPR06.eff n'existe pas.
AMUL17.ITM : Opcode 321 à gérer.
AMUL17.ITM : Opcode 321 à gérer.
AX1H02.ITM : Opcode 341 : La ressource MOSPR05.eff n'existe pas.
AX1H02.ITM : Opcode 319 à gérer.
AX1H03.ITM : Opcode 341 : La ressource MOSPR05.eff n'existe pas.
AX1H03.ITM : Opcode 319 à gérer.
AX1H05.ITM : Opcode 341 : La ressource MOSPR05.eff n'existe pas.
AX1H05.ITM : Opcode 319 à gérer.
AX1H06.ITM : Opcode 341 : La ressource MOSPR05.eff n'existe pas.
AX1H06.ITM : Opcode 319 à gérer.
AX1H07.ITM : Opcode 341 : La ressource MOSPR05.eff n'existe pas.
AX1H07.ITM : Opcode 319 à gérer.
AX1H08.ITM : Opcode 341 : La ressource MOSPR05.eff n'existe pas.
AX1H08.ITM : Opcode 319 à gérer.
AX1H09.ITM : Opcode 341 : La ressource MOSPR05.eff n'existe pas.
AX1H09.ITM : Opcode 319 à gérer.
AX1H10.ITM : Opcode 341 : La ressource MOSPR05.eff n'existe pas.
AX1H10.ITM : Opcode 319 à gérer.
AX1H11.ITM : Opcode 341 : La ressource MOSPR05.eff n'existe pas.
AX1H11.ITM : Opcode 319 à gérer.
AX1H12.ITM : Opcode 341 : La ressource MOSPR05.eff n'existe pas.
AX1H12.ITM : Opcode 319 à gérer.
AX1H13.ITM : Opcode 341 : La ressource MOSPR05.eff n'existe pas.
AX1H13.ITM : Opcode 319 à gérer.
AX1H14.ITM : Opcode 341 : La ressource MOSPR05.eff n'existe pas.
AX1H14.ITM : Opcode 319 à gérer.
AX1H15.ITM : Opcode 341 : La ressource MOSPR05.eff n'existe pas.
AX1H15.ITM : Opcode 319 à gérer.
AX1H16.ITM : Opcode 341 : La ressource MOSPR05.eff n'existe pas.
AX1H16.ITM : Opcode 319 à gérer.
AX1H17.ITM : Opcode 341 : La ressource MOSPR05.eff n'existe pas.
AX1H17.ITM : Opcode 319 à gérer.
BDAMUL26.ITM : Opcode 319 à gérer.
BDAX1H03.ITM : Opcode 341 : La ressource MOSPR05.eff n'existe pas.
BDAX1H03.ITM : Opcode 319 à gérer.
BDBELT01.ITM : Opcode 321 à gérer.
BDBELT02.ITM : Kit utilisé n'existe pas : 16396 : 0x0000400c
BDBELT02.ITM : Kit utilisé n'existe pas : 16397 : 0x0000400d
BDBLUN04.ITM : Opcode 341 : La ressource BDBLUN04.eff n'existe pas.
BDBLUN07.ITM : Opcode 340 à gérer.
BDBOOT01.ITM : Opcode 206 : La ressource BDBOW06.spl n'existe pas.
BDBOOT01.ITM : Opcode 206 : La ressource BDSHAMB.spl n'existe pas.
BDBOOT01.ITM : Opcode 206 : La ressource bdspidga.spl n'existe pas.
BDBOW04.ITM : Opcode 341 : La ressource MOSPR03.eff n'existe pas.
BDBOW04.ITM : Opcode 326 à gérer.
BDBOW05.ITM : Opcode 341 : La ressource MOSPR03.eff n'existe pas.
BDBOW05.ITM : Opcode 319 à gérer.
BDBOW05.ITM : Opcode 326 à gérer.
BDBOW05.ITM : Opcode 326 à gérer.
BDBOW05.ITM : Opcode 326 à gérer.
BDBRAC01.ITM : Opcode 341 : La ressource BDBRAC01.eff n'existe pas.
BDBRAC02.ITM : Kit utilisé n'existe pas : 16398 : 0x0000400e
BDBRAC15.ITM : Opcode 361 à gérer.
BDCLCK03.ITM : Opcode 232 à gérer.
BDCLCK06.ITM : Opcode 122 : La ressource BDALNT01.itm n'existe pas.
BDCLCK06.ITM : Opcode 122 : La ressource BDALNT02.itm n'existe pas.
BDCLCK06.ITM : Opcode 122 : La ressource BDALNT03.itm n'existe pas.
BDCLCK06.ITM : Opcode 122 : La ressource BDALNT04.itm n'existe pas.
BDCLCK06.ITM : Opcode 122 : La ressource BDALNT05.itm n'existe pas.
BDCLCK06.ITM : Opcode 122 : La ressource BDALNT06.itm n'existe pas.
BDCLCK06.ITM : Opcode 122 : La ressource BDALNT07.itm n'existe pas.
bddagg05.spl : BDDAGG05.ITM : Opcode 146 : Nom du sort introuvable pour bddagg05.spl.
BDHALB01.ITM : Opcode 341 : La ressource MOSPR02.eff n'existe pas.
BDHALB01.ITM : Opcode 361 à gérer.
BDHALB02.ITM : Opcode 341 : La ressource MOSPR01.eff n'existe pas.
BDHALB02.ITM : Opcode 341 : La ressource BDFESTER.eff n'existe pas.
BDHALB02.ITM : Opcode 146 : La ressource BDHALB02.spl n'existe pas.
BDHAMM01.ITM : Opcode 341 : La ressource MOSPR06.eff n'existe pas.
BDHAMM02.ITM : Opcode 341 : La ressource MOSPR06.eff n'existe pas.
bdvoid.spl : BDHAMM02.ITM : Opcode 146 : Nom du sort introuvable pour bdvoid.spl.
BDHAMM06.ITM : Opcode 341 : La ressource MOSPR06.eff n'existe pas.
BDHAMM06.ITM : Opcode 361 à gérer.
BDHAMM06.ITM : Opcode 326 à gérer.
BDHELM16.ITM : Opcode 319 à gérer.
BDLEAT07.ITM : Opcode 232 à gérer.
BDMISC05.ITM : Opcode 206 : La ressource BDBELDIS.spl n'existe pas.
BDPLAT03.ITM : Opcode 319 à gérer.
sppr203d.spl : BDRING10.ITM : Opcode 206 : Nom du sort introuvable pour sppr203d.spl.
sppr203e.spl : BDRING10.ITM : Opcode 206 : Nom du sort introuvable pour sppr203e.spl.
BDSHLD02.ITM : Opcode 232 à gérer.
BDSPER01.ITM : Opcode 341 : La ressource MOSPR01.eff n'existe pas.
bdsper1a.spl : BDSPER01.ITM : Opcode 146 : Nom du sort introuvable pour bdsper1a.spl.
bdsper1b.spl : BDSPER01.ITM : Opcode 146 : Nom du sort introuvable pour bdsper1b.spl.
BDSUMST.ITM : FAILURE: opcode 214: Failure("BDSUMST.ITM : Opcode 214 : Lire les sorts utilisables depuis le fichier 2da dtksumst")
BDSW1H01.ITM : Opcode 232 à gérer.
bdsw1h02.spl : BDSW1H02.ITM : Opcode 146 : Nom du sort introuvable pour bdsw1h02.spl.
BDSW1H03.ITM : Opcode 319 à gérer.
BDSW1H03.ITM : Opcode 177 : La ressource BDSW1H3H.eff n'existe pas.
BDSW1H03.ITM : Opcode 341 : La ressource BDSW1H03.eff n'existe pas.
BDSW1H03.ITM : Opcode 177 : La ressource BDSW1H3D.eff n'existe pas.
BDSW1H03.ITM : Opcode 177 : La ressource BDSW1H3D.eff n'existe pas.
bdvoid.spl : BDSW1H06.ITM : Opcode 146 : Nom du sort introuvable pour bdvoid.spl.
BDSW1H08.ITM : Opcode 319 à gérer.
BDSW1H08.ITM : Opcode 232 à gérer.
BDSW1H14.ITM : Opcode 232 à gérer.
BDSW1H14.ITM : Opcode 146 : La ressource BDSW1H14.spl n'existe pas.
BDSW1H21.ITM : Opcode 340 à gérer.
bdsw1h21.spl : BDSW1H21.ITM : Opcode 146 : Nom du sort introuvable pour bdsw1h21.spl.
BDSW2H01.ITM : Opcode 232 à gérer.
BDSW2H01.ITM : Opcode 341 : La ressource BDSW2H01.eff n'existe pas.
BDSW2H02.ITM : Opcode 341 : La ressource BDSW2H02.eff n'existe pas.
BDSW2H02.ITM : Opcode 177 : La ressource BDSW2H2D.eff n'existe pas.
BDSW2H03.ITM : Opcode 341 : La ressource BDSW2H03.eff n'existe pas.
BDXBOW01.ITM : Opcode 341 : La ressource BDXBOW01.eff n'existe pas.
bddoom.spl : BDXBOW02.ITM : Opcode 146 : Nom du sort introuvable pour bddoom.spl.
BELTBW.ITM : Opcode 319 à gérer.
BELTSH.ITM : Opcode 319 à gérer.
BLUN23.ITM : Opcode 177 : La ressource mobln232.eff n'existe pas.
BLUN23.ITM : Opcode 177 : La ressource mobln231.eff n'existe pas.
BOOT08.ITM : Opcode 272 à gérer.
BOW02.ITM : Opcode 341 : La ressource MOSPR03.eff n'existe pas.
BOW04.ITM : Opcode 341 : La ressource MOSPR03.eff n'existe pas.
BOW06.ITM : Opcode 341 : La ressource MOSPR03.eff n'existe pas.
BOW06.ITM : Opcode 319 à gérer.
BOW07.ITM : Opcode 341 : La ressource MOSPR03.eff n'existe pas.
BOW08.ITM : Opcode 341 : La ressource MOSPR03.eff n'existe pas.
BOW08.ITM : Opcode 319 à gérer.
BOW09.ITM : Opcode 341 : La ressource MOSPR03.eff n'existe pas.
BOW10.ITM : Opcode 341 : La ressource MOSPR03.eff n'existe pas.
BOW11.ITM : Opcode 341 : La ressource MOSPR03.eff n'existe pas.
BOW12.ITM : Opcode 341 : La ressource MOSPR03.eff n'existe pas.
BOW13.ITM : Opcode 341 : La ressource MOSPR03.eff n'existe pas.
BOW14.ITM : Opcode 341 : La ressource MOSPR03.eff n'existe pas.
BOW14.ITM : Opcode 319 à gérer.
BOW15.ITM : Opcode 341 : La ressource MOSPR03.eff n'existe pas.
BOW15.ITM : Opcode 319 à gérer.
BOW16.ITM : Opcode 341 : La ressource MOSPR03.eff n'existe pas.
BOW17.ITM : Opcode 341 : La ressource MOSPR03.eff n'existe pas.
BOW18.ITM : Opcode 341 : La ressource MOSPR03.eff n'existe pas.
BOW18.ITM : Opcode 319 à gérer.
BOW19.ITM : Opcode 341 : La ressource MOSPR03.eff n'existe pas.
BOW19.ITM : Opcode 319 à gérer.
BOW20.ITM : Opcode 341 : La ressource MOSPR03.eff n'existe pas.
BOW20.ITM : Opcode 319 à gérer.
BOW21.ITM : Opcode 341 : La ressource MOSPR03.eff n'existe pas.
BOW21.ITM : Opcode 319 à gérer.
BOW22.ITM : Opcode 341 : La ressource MOSPR03.eff n'existe pas.
BOW23.ITM : Opcode 341 : La ressource MOSPR03.eff n'existe pas.
BOW24.ITM : Opcode 341 : La ressource MOSPR03.eff n'existe pas.
BOW25.ITM : Opcode 341 : La ressource MOSPR03.eff n'existe pas.
BOW26.ITM : Opcode 341 : La ressource MOSPR03.eff n'existe pas.
BOW26.ITM : Opcode 319 à gérer.
BOWMESS.ITM : Opcode 341 : La ressource MOSPR03.eff n'existe pas.
BRUENAXE.ITM : Opcode 341 : La ressource MOSPR05.eff n'existe pas.
BRUENAXE.ITM : Opcode 319 à gérer.
C2AMUL01.ITM : Opcode 318 self à gérer
C2ANOM01.ITM : Opcode 319 à gérer.
C2AX1H01.ITM : Opcode 341 : La ressource MOSPR05.eff n'existe pas.
C2BOW01.ITM : Opcode 341 : La ressource MOSPR03.eff n'existe pas.
C2HD1.ITM : Opcode 319 à gérer.
C2HD2.ITM : Opcode 319 à gérer.
C2KELD01.ITM : Opcode 319 à gérer.
C2KELD01.ITM : Opcode 206 : La ressource CDSW1H58.spl n'existe pas.
C2KELD01.ITM : Opcode 206 : La ressource CDMOUND.spl n'existe pas.
C2KELD01.ITM : Opcode 206 : La ressource CDHGNYA1.spl n'existe pas.
C2KELD02.ITM : Opcode 319 à gérer.
C2KELD02.ITM : Opcode 232 à gérer.
C2LEAT01.ITM : Opcode 318 self à gérer
C2MAZZ01.ITM : Opcode 206 : La ressource CDSW1H58.spl n'existe pas.
C2MAZZ01.ITM : Opcode 206 : La ressource CDMOUND.spl n'existe pas.
C2MAZZ01.ITM : Opcode 206 : La ressource CDHGNYA1.spl n'existe pas.
C2RING04.ITM : Opcode 180 : La ressource RING08A.itm n'existe pas.
C2SPER01.ITM : Opcode 341 : La ressource MOSPR01.eff n'existe pas.
C2SPER02.ITM : Opcode 341 : La ressource MOSPR01.eff n'existe pas.
C2SPER03.ITM : Opcode 341 : La ressource MOSPR01.eff n'existe pas.
C2VALY01.ITM : Opcode 319 à gérer.
CATTIBOW.ITM : Opcode 341 : La ressource MOSPR03.eff n'existe pas.
CATTIBOW.ITM : Opcode 319 à gérer.
CDWUFF.ITM : Opcode 206 : La ressource SPIN169.spl n'existe pas.
CHAINBM.ITM : Opcode 318 self à gérer
CHAINBM.ITM : Opcode 318 self à gérer
CHAINBM.ITM : Opcode 318 self à gérer
CHAINBM.ITM : Opcode 318 self à gérer
CHAINBM.ITM : Opcode 318 self à gérer
CHAINBM.ITM : Opcode 318 self à gérer
CHAINBM.ITM : Opcode 318 self à gérer
CHAINBM.ITM : Opcode 318 self à gérer
CHALCY3.ITM : Opcode 321 à gérer.
CHALCY3.ITM : Opcode 321 à gérer.
CLCK12.ITM : Opcode 232 à gérer.
CLCK24.ITM : Opcode 197 : Réflection du type de projectile '219'
CLCK24.ITM : Opcode 197 : Réflection du type de projectile '212'
CLCK24.ITM : Opcode 197 : Réflection du type de projectile '206'
CLCK24.ITM : Opcode 197 : Réflection du type de projectile '205'
CLCK24.ITM : Opcode 197 : Réflection du type de projectile '84'
CLCK24.ITM : Opcode 197 : Réflection du type de projectile '83'
CLCK24.ITM : Opcode 197 : Réflection du type de projectile '82'
CLCK24.ITM : Opcode 197 : Réflection du type de projectile '81'
CLCK24.ITM : Opcode 197 : Réflection du type de projectile '80'
CLCK24.ITM : Opcode 197 : Réflection du type de projectile '320'
CM2H01.ITM : Opcode 232 à gérer.
CMAX03.ITM : opcode 55: Traduction 205148 manquante
CMAX03.ITM : FAILURE: opcode 55: Not_found
CMDA01.ITM : Unknown macro: opcode_self_probability_303
CMHA01.ITM : Opcode 197 : Réflection du type de projectile '1'
CMHA01.ITM : Opcode 197 : Réflection du type de projectile '3'
CMHA01.ITM : Opcode 197 : Réflection du type de projectile '4'
CMHA01.ITM : Opcode 197 : Réflection du type de projectile '10'
CMHA01.ITM : Opcode 197 : Réflection du type de projectile '11'
CMHA01.ITM : Opcode 197 : Réflection du type de projectile '14'
CMHA01.ITM : Opcode 197 : Réflection du type de projectile '15'
CMHA01.ITM : Opcode 197 : Réflection du type de projectile '17'
CMHA01.ITM : Opcode 197 : Réflection du type de projectile '19'
CMHA01.ITM : Opcode 197 : Réflection du type de projectile '26'
CMHA01.ITM : Opcode 197 : Réflection du type de projectile '29'
CMHA01.ITM : Opcode 197 : Réflection du type de projectile '31'
CMHA01.ITM : Opcode 197 : Réflection du type de projectile '34'
CMMM02.ITM : opcode 55: Traduction 205116 manquante
CMMM02.ITM : FAILURE: opcode 55: Not_found
CMTULE03.ITM : Opcode 232 à gérer.
CMXB02.ITM : Opcode 117 à gérer.
DTKAX1HA.ITM : Opcode 341 : La ressource MOSPR05.eff n'existe pas.
DTKAX1HA.ITM : Opcode 319 à gérer.
DTKAX1HB.ITM : Opcode 341 : La ressource MOSPR05.eff n'existe pas.
DTKAX1HB.ITM : Opcode 319 à gérer.
DTKAXE01.ITM : Opcode 341 : La ressource MOSPR05.eff n'existe pas.
DTKAXE01.ITM : Opcode 319 à gérer.
DTKAXE02.ITM : Opcode 341 : La ressource MOSPR05.eff n'existe pas.
DTKAXE02.ITM : Opcode 319 à gérer.
dtkwave.spl : DTKAXE02.ITM : Opcode 146 : Nom du sort introuvable pour dtkwave.spl.
DTKAXE03.ITM : Opcode 341 : La ressource MOSPR05.eff n'existe pas.
DTKAXE03.ITM : Opcode 319 à gérer.
DTKAXE2A.ITM : Opcode 341 : La ressource MOSPR05.eff n'existe pas.
DTKAXE2A.ITM : Opcode 319 à gérer.
dtkwave.spl : DTKAXE2A.ITM : Opcode 146 : Nom du sort introuvable pour dtkwave.spl.
DTKBDRGC.ITM : Opcode 232 à gérer.
DTKBDRGL.ITM : Opcode 232 à gérer.
DTKBDRGP.ITM : Opcode 232 à gérer.
DTKBDRGP.ITM : Opcode 319 à gérer.
DTKBDRGS.ITM : Opcode 319 à gérer.
DTKBLDSH.ITM : Opcode 319 à gérer.
DTKBLN1.ITM : Opcode 341 : La ressource DTKBLN1A.eff n'existe pas.
DTKBLN1.ITM : Opcode 341 : La ressource BDBLUN04.eff n'existe pas.
DTKBLN1A.ITM : Opcode 341 : La ressource DTKBLN1A.eff n'existe pas.
DTKBLN1A.ITM : Opcode 341 : La ressource BDBLUN04.eff n'existe pas.
DTKBLT01.ITM : Kit utilisé n'existe pas : 16396 : 0x0000400c
DTKBLT01.ITM : Kit utilisé n'existe pas : 16397 : 0x0000400d
DTKBLT02.ITM : Opcode 321 à gérer.
DTKBOOT1.ITM : Opcode 206 : La ressource CDSW1H58.spl n'existe pas.
DTKBOOT1.ITM : Opcode 206 : La ressource CDMOUND.spl n'existe pas.
DTKBOOT1.ITM : Opcode 206 : La ressource CDHGNYA1.spl n'existe pas.
DTKBOW01.ITM : Opcode 341 : La ressource MOSPR03.eff n'existe pas.
dtkshout.spl : DTKBOW01.ITM : Opcode 146 : Nom du sort introuvable pour dtkshout.spl.
DTKBRAC2.ITM : Kit utilisé n'existe pas : 16398 : 0x0000400e
DTKCLUB1.ITM : Opcode 340 à gérer.
DTKCLUB1.ITM : Opcode 324 : Immunité à une ressource (spl ou itm) différente de l'objet : BLUN17
DTKCLUB1.ITM : Opcode 324 : Immunité à une ressource (spl ou itm) différente de l'objet : BLUN17
bddagg05.spl : DTKDAG1.ITM : Opcode 146 : Nom du sort introuvable pour bddagg05.spl.
bddagg05.spl : DTKDAG1.ITM : Opcode 146 : Nom du sort introuvable pour bddagg05.spl.
bddagg05.spl : DTKDAG2.ITM : Opcode 146 : Nom du sort introuvable pour bddagg05.spl.
bddagg05.spl : DTKDAG2.ITM : Opcode 146 : Nom du sort introuvable pour bddagg05.spl.
DTKDGLOR.ITM : Opcode 341 : La ressource dtkdglor.eff n'existe pas.
DTKDHE3A.ITM : opcode 0: Traduction 10000015 manquante
DTKDHE3A.ITM : FAILURE: opcode 0: Not_found
DTKDHE3B.ITM : opcode 0: Traduction 10000015 manquante
DTKDHE3B.ITM : FAILURE: opcode 0: Not_found
DTKDHE3C.ITM : opcode 0: Traduction 10000015 manquante
DTKDHE3C.ITM : FAILURE: opcode 0: Not_found
DTKGDRGP.ITM : Opcode 319 à gérer.
DTKHALB1.ITM : Opcode 341 : La ressource MOSPR02.eff n'existe pas.
DTKHALB2.ITM : Opcode 341 : La ressource MOSPR02.eff n'existe pas.
dtkwave.spl : DTKHALB2.ITM : Opcode 146 : Nom du sort introuvable pour dtkwave.spl.
DTKHALB3.ITM : Opcode 341 : La ressource MOSPR02.eff n'existe pas.
dtkwave.spl : DTKHALB3.ITM : Opcode 146 : Nom du sort introuvable pour dtkwave.spl.
DTKHAM01.ITM : Opcode 341 : La ressource MOSPR06.eff n'existe pas.
dtkdrain.spl : DTKHAM01.ITM : Opcode 146 : Nom du sort introuvable pour dtkdrain.spl.
bdvoid.spl : DTKHAM01.ITM : Opcode 146 : Nom du sort introuvable pour bdvoid.spl.
DTKHAM02.ITM : Opcode 341 : La ressource MOSPR06.eff n'existe pas.
DTKHAM3.ITM : Opcode 341 : La ressource MOSPR06.eff n'existe pas.
DTKHAM3.ITM : Opcode 361 à gérer.
DTKHAM4.ITM : Opcode 341 : La ressource MOSPR06.eff n'existe pas.
DTKHAM4A.ITM : Opcode 341 : La ressource MOSPR06.eff n'existe pas.
DTKHMAIL.ITM : Opcode 206 : La ressource BDBELDIS.spl n'existe pas.
DTKHPLT.ITM : Opcode 232 à gérer.
DTKHPLT.ITM : Opcode 206 : La ressource BDBELDIS.spl n'existe pas.
DTKLEA02.ITM : Opcode 232 à gérer.
DTKLEA02.ITM : Opcode 232 à gérer.
DTKLEA1D.ITM : Opcode 232 à gérer.
DTKLEA3D.ITM : Opcode 232 à gérer.
DTKLEA5.ITM : Opcode 232 à gérer.
DTKLEA5A.ITM : Opcode 232 à gérer.
DTKLEA6.ITM : opcode 0: Traduction 10000010 manquante
DTKLEA6.ITM : FAILURE: opcode 0: Not_found
DTKLEA6A.ITM : opcode 0: Traduction 10000010 manquante
DTKLEA6A.ITM : FAILURE: opcode 0: Not_found
DTKLEAT3.ITM : Opcode 232 à gérer.
DTKLEAT3.ITM : Opcode 232 à gérer.
DTKLUCKY.ITM : Opcode 319 à gérer.
DTKLUCKY.ITM : Opcode 206 : La ressource chance.spl n'existe pas.
DTKNECR2.ITM : Opcode 232 à gérer.
DTKNECRO.ITM : Opcode 232 à gérer.
DTKPLAT1.ITM : Opcode 319 à gérer.
DTKPLT1A.ITM : Opcode 319 à gérer.
DTKPLT1B.ITM : Opcode 319 à gérer.
DTKPLT1C.ITM : Opcode 319 à gérer.
DTKPLT1D.ITM : Opcode 232 à gérer.
DTKPLT1D.ITM : Opcode 319 à gérer.
DTKPLT1E.ITM : Opcode 319 à gérer.
DTKPLT1F.ITM : Opcode 319 à gérer.
DTKPLT1G.ITM : Opcode 319 à gérer.
DTKPLT2.ITM : Opcode 319 à gérer.
DTKPLT3.ITM : Opcode 319 à gérer.
DTKPLT3A.ITM : Opcode 319 à gérer.
DTKPLT3B.ITM : Opcode 319 à gérer.
DTKPLT3C.ITM : Opcode 319 à gérer.
DTKPLT3D.ITM : Opcode 232 à gérer.
DTKPLT3D.ITM : Opcode 319 à gérer.
DTKPLT3E.ITM : Opcode 319 à gérer.
DTKPLT3F.ITM : Opcode 319 à gérer.
DTKPLT3G.ITM : Opcode 319 à gérer.
DTKPLT4.ITM : Opcode 319 à gérer.
DTKRDRGS.ITM : Opcode 319 à gérer.
sppr203d.spl : DTKRING1.ITM : Opcode 206 : Nom du sort introuvable pour sppr203d.spl.
sppr203e.spl : DTKRING1.ITM : Opcode 206 : Nom du sort introuvable pour sppr203e.spl.
DTKSDRGS.ITM : Opcode 319 à gérer.
DTKSHLD1.ITM : Opcode 197 : Réflection du type de projectile '366'
DTKSHLD1.ITM : Opcode 197 : Réflection du type de projectile '352'
DTKSHLD1.ITM : Opcode 197 : Réflection du type de projectile '349'
DTKSHLD1.ITM : Opcode 197 : Réflection du type de projectile '318'
DTKSHLD1.ITM : Opcode 197 : Réflection du type de projectile '317'
DTKSHLD1.ITM : Opcode 197 : Réflection du type de projectile '316'
DTKSHLD1.ITM : Opcode 197 : Réflection du type de projectile '315'
DTKSHLD1.ITM : Opcode 197 : Réflection du type de projectile '314'
DTKSHLD1.ITM : Opcode 197 : Réflection du type de projectile '313'
DTKSHLD1.ITM : Opcode 197 : Réflection du type de projectile '311'
DTKSHLD1.ITM : Opcode 197 : Réflection du type de projectile '310'
DTKSHLD1.ITM : Opcode 197 : Réflection du type de projectile '309'
DTKSHLD1.ITM : Opcode 197 : Réflection du type de projectile '308'
DTKSHLD1.ITM : Opcode 197 : Réflection du type de projectile '307'
DTKSHLD1.ITM : Opcode 197 : Réflection du type de projectile '306'
DTKSHLD1.ITM : Opcode 197 : Réflection du type de projectile '305'
DTKSHLD1.ITM : Opcode 197 : Réflection du type de projectile '304'
DTKSHLD1.ITM : Opcode 197 : Réflection du type de projectile '303'
DTKSHLD1.ITM : Opcode 197 : Réflection du type de projectile '302'
DTKSHLD1.ITM : Opcode 197 : Réflection du type de projectile '301'
DTKSHLD1.ITM : Opcode 197 : Réflection du type de projectile '300'
DTKSHLD1.ITM : Opcode 197 : Réflection du type de projectile '299'
DTKSHLD1.ITM : Opcode 197 : Réflection du type de projectile '298'
DTKSHLD1.ITM : Opcode 197 : Réflection du type de projectile '297'
DTKSHLD1.ITM : Opcode 197 : Réflection du type de projectile '296'
DTKSHLD1.ITM : Opcode 197 : Réflection du type de projectile '295'
DTKSHLD1.ITM : Opcode 197 : Réflection du type de projectile '294'
DTKSHLD1.ITM : Opcode 197 : Réflection du type de projectile '293'
DTKSHLD1.ITM : Opcode 197 : Réflection du type de projectile '292'
DTKSHLD1.ITM : Opcode 197 : Réflection du type de projectile '291'
DTKSHLD1.ITM : Opcode 197 : Réflection du type de projectile '290'
DTKSHLD1.ITM : Opcode 197 : Réflection du type de projectile '289'
DTKSHLD1.ITM : Opcode 197 : Réflection du type de projectile '288'
DTKSHLD1.ITM : Opcode 197 : Réflection du type de projectile '287'
DTKSHLD1.ITM : Opcode 197 : Réflection du type de projectile '286'
DTKSHLD1.ITM : Opcode 197 : Réflection du type de projectile '285'
DTKSHLD1.ITM : Opcode 197 : Réflection du type de projectile '284'
DTKSHLD1.ITM : Opcode 197 : Réflection du type de projectile '283'
DTKSHLD1.ITM : Opcode 197 : Réflection du type de projectile '55'
DTKSHLD1.ITM : Opcode 197 : Réflection du type de projectile '1'
DTKSHLD1.ITM : Opcode 197 : Réflection du type de projectile '4'
DTKSHLD1.ITM : Opcode 197 : Réflection du type de projectile '2'
DTKSHLD1.ITM : Opcode 197 : Réflection du type de projectile '5'
DTKSHLD1.ITM : Opcode 197 : Réflection du type de projectile '3'
DTKSHLD1.ITM : Opcode 197 : Réflection du type de projectile '11'
DTKSHLD1.ITM : Opcode 197 : Réflection du type de projectile '12'
DTKSHLD1.ITM : Opcode 197 : Réflection du type de projectile '13'
DTKSHLD1.ITM : Opcode 197 : Réflection du type de projectile '14'
DTKSHLD1.ITM : Opcode 197 : Réflection du type de projectile '15'
DTKSHLD1.ITM : Opcode 197 : Réflection du type de projectile '26'
DTKSHLD1.ITM : Opcode 197 : Réflection du type de projectile '27'
DTKSHLD1.ITM : Opcode 197 : Réflection du type de projectile '28'
DTKSHLD1.ITM : Opcode 197 : Réflection du type de projectile '29'
DTKSHLD1.ITM : Opcode 197 : Réflection du type de projectile '30'
DTKSHLD1.ITM : Opcode 197 : Réflection du type de projectile '31'
DTKSHLD1.ITM : Opcode 197 : Réflection du type de projectile '32'
DTKSHLD1.ITM : Opcode 197 : Réflection du type de projectile '33'
DTKSHLD1.ITM : Opcode 197 : Réflection du type de projectile '34'
DTKSHLD1.ITM : Opcode 197 : Réflection du type de projectile '35'
DTKSHLD1.ITM : Opcode 197 : Réflection du type de projectile '6'
DTKSHLD1.ITM : Opcode 197 : Réflection du type de projectile '8'
DTKSHLD1.ITM : Opcode 197 : Réflection du type de projectile '7'
DTKSHLD1.ITM : Opcode 197 : Réflection du type de projectile '9'
DTKSHLD1.ITM : Opcode 197 : Réflection du type de projectile '10'
DTKSHLD1.ITM : Opcode 197 : Réflection du type de projectile '30'
DTKSHLD1.ITM : Opcode 197 : Réflection du type de projectile '55'
DTKSHLD1.ITM : Opcode 197 : Réflection du type de projectile '56'
DTKSHLD1.ITM : Opcode 197 : Réflection du type de projectile '57'
DTKSHLD1.ITM : Opcode 197 : Réflection du type de projectile '58'
DTKSHLD1.ITM : Opcode 197 : Réflection du type de projectile '59'
DTKSHLD1.ITM : Opcode 197 : Réflection du type de projectile '18'
DTKSHLD1.ITM : Opcode 197 : Réflection du type de projectile '19'
DTKSHLD1.ITM : Opcode 197 : Réflection du type de projectile '10'
DTKSHLD1.ITM : Opcode 197 : Réflection du type de projectile '16'
DTKSHLD1.ITM : Opcode 197 : Réflection du type de projectile '17'
DTKSHLD1.ITM : Opcode 197 : Réflection du type de projectile '102'
DTKSHLD4.ITM : Opcode 232 à gérer.
DTKSHLD5.ITM : Opcode 319 à gérer.
DTKSILK.ITM : Opcode 319 à gérer.
DTKSISHD.ITM : Opcode 319 à gérer.
dtkskald.spl : DTKSKALD.eff : Opcode 146 : Nom du sort introuvable pour dtkskald.spl.
DTKSOLEM.ITM : opcode 344: Traduction 204169 manquante
DTKSOLEM.ITM : FAILURE: opcode 344: Not_found
DTKSPER1.ITM : Opcode 341 : La ressource MOSPR01.eff n'existe pas.
bdsper1a.spl : DTKSPER1.ITM : Opcode 146 : Nom du sort introuvable pour bdsper1a.spl.
bdsper1b.spl : DTKSPER1.ITM : Opcode 146 : Nom du sort introuvable pour bdsper1b.spl.
DTKSPR1A.ITM : Opcode 341 : La ressource MOSPR01.eff n'existe pas.
DTKSPR1A.ITM : Opcode 341 : La ressource DTKWHIRL.eff n'existe pas.
bdsper1a.spl : DTKSPR1A.ITM : Opcode 146 : Nom du sort introuvable pour bdsper1a.spl.
bdsper1b.spl : DTKSPR1A.ITM : Opcode 146 : Nom du sort introuvable pour bdsper1b.spl.
DTKSWD00.ITM : Opcode 319 à gérer.
dtkwave.spl : DTKSWD00.ITM : Opcode 146 : Nom du sort introuvable pour dtkwave.spl.
dtkdrain.spl : DTKSWD02.ITM : Opcode 146 : Nom du sort introuvable pour dtkdrain.spl.
bdvoid.spl : DTKSWD02.ITM : Opcode 146 : Nom du sort introuvable pour bdvoid.spl.
dtkshrd.spl : DTKSWD03.ITM : Opcode 146 : Nom du sort introuvable pour dtkshrd.spl.
DTKSWD04.ITM : Opcode 340 à gérer.
dtkbldvx.spl : DTKSWD04.ITM : Opcode 146 : Nom du sort introuvable pour dtkbldvx.spl.
DTKSWD05.ITM : Opcode 232 à gérer.
DTKSWD05.ITM : Opcode 341 : La ressource BDSW2H01.eff n'existe pas.
DTKSWD06.ITM : Opcode 319 à gérer.
DTKSWD06.ITM : Opcode 232 à gérer.
DTKSWD07.ITM : Opcode 232 à gérer.
DTKSWD07.ITM : Opcode 324 self à gérer
bdsw1h02.spl : DTKSWD1B.ITM : Opcode 146 : Nom du sort introuvable pour bdsw1h02.spl.
bdsw1h02.spl : DTKSWD1C.ITM : Opcode 146 : Nom du sort introuvable pour bdsw1h02.spl.
dtkshrd.spl : DTKSWD3A.ITM : Opcode 146 : Nom du sort introuvable pour dtkshrd.spl.
DTKSWD5A.ITM : Opcode 232 à gérer.
DTKSWD5A.ITM : Opcode 341 : La ressource DTKICEL.eff n'existe pas.
DTKSWD6A.ITM : Opcode 319 à gérer.
DTKSWD6A.ITM : Opcode 232 à gérer.
DTKSWD7A.ITM : Opcode 232 à gérer.
DTKSWD7A.ITM : Opcode 324 self à gérer
DTKSWD7B.ITM : Opcode 232 à gérer.
DTKSWD7B.ITM : Opcode 324 self à gérer
DTKSWD8.ITM : Opcode 232 à gérer.
DTKSWD8A.ITM : Opcode 232 à gérer.
dtksnow.spl : DTKTDAG2.ITM : Opcode 146 : Nom du sort introuvable pour dtksnow.spl.
dtksnow.spl : DTKTDAG2.ITM : Opcode 146 : Nom du sort introuvable pour dtksnow.spl.
DTKWDSHD.ITM : Opcode 319 à gérer.
DTKXBOW1.ITM : Opcode 341 : La ressource DTKXBOW1.eff n'existe pas.
DWHALB01.ITM : Opcode 341 : La ressource MOSPR02.eff n'existe pas.
DWSPER01.ITM : Opcode 341 : La ressource MOSPR01.eff n'existe pas.
DWSW1H01.ITM : Opcode 319 à gérer.
ENSW2H.ITM : Opcode 341 : La ressource MOSPR05.eff n'existe pas.
ENSW2H.ITM : Opcode 319 à gérer.
GODBOW.ITM : Opcode 341 : La ressource MOSPR03.eff n'existe pas.
HALB02.ITM : Opcode 341 : La ressource MOSPR02.eff n'existe pas.
HALB03.ITM : Opcode 341 : La ressource MOSPR02.eff n'existe pas.
HALB04.ITM : Opcode 341 : La ressource MOSPR02.eff n'existe pas.
HALB05.ITM : Opcode 341 : La ressource MOSPR02.eff n'existe pas.
HALB06.ITM : Opcode 341 : La ressource MOSPR02.eff n'existe pas.
HALB07.ITM : Opcode 341 : La ressource MOSPR02.eff n'existe pas.
HALB08.ITM : Opcode 341 : La ressource MOSPR02.eff n'existe pas.
HALB09.ITM : Opcode 341 : La ressource MOSPR02.eff n'existe pas.
HALB10.ITM : Opcode 341 : La ressource MOSPR02.eff n'existe pas.
HALB11.ITM : Opcode 341 : La ressource MOSPR02.eff n'existe pas.
HALB12.ITM : Opcode 341 : La ressource MOSPR02.eff n'existe pas.
HAMM01.ITM : Opcode 341 : La ressource MOSPR06.eff n'existe pas.
HAMM02.ITM : Opcode 341 : La ressource MOSPR06.eff n'existe pas.
HAMM03.ITM : Opcode 341 : La ressource MOSPR06.eff n'existe pas.
HAMM04.ITM : Opcode 341 : La ressource MOSPR06.eff n'existe pas.
HAMM05.ITM : Opcode 341 : La ressource MOSPR06.eff n'existe pas.
HAMM06.ITM : Opcode 341 : La ressource MOSPR06.eff n'existe pas.
HAMM07.ITM : Opcode 341 : La ressource MOSPR06.eff n'existe pas.
HAMM08.ITM : Opcode 341 : La ressource MOSPR06.eff n'existe pas.
HAMM09.ITM : Opcode 341 : La ressource MOSPR06.eff n'existe pas.
cftroll.eff : Opcode 123 à gérer.
HAMM10.ITM : Opcode 341 : La ressource MOSPR06.eff n'existe pas.
HAMM11.ITM : Opcode 341 : La ressource MOSPR06.eff n'existe pas.
HAMM12.ITM : Opcode 341 : La ressource MOSPR06.eff n'existe pas.
HELMDEF.ITM : Opcode 318 self à gérer
HELMDEF.ITM : Opcode 318 self à gérer
JWSUPER.ITM : Opcode 206 : La ressource cdsw1h58.spl n'existe pas.
JWSUPER.ITM : Opcode 206 : La ressource cdmound.spl n'existe pas.
JWSUPER.ITM : Opcode 206 : La ressource cdhgnya1.spl n'existe pas.
KORAX01.ITM : Opcode 341 : La ressource MOSPR05.eff n'existe pas.
KORAX01.ITM : Opcode 319 à gérer.
LEAT23.ITM : Opcode 232 à gérer.
MHOPXVAG.ITM : Opcode 341 : La ressource MOSPR05.eff n'existe pas.
MHO_CAR1.ITM : Opcode 112 à gérer.
MHO_CAR1.ITM : Opcode 112 à gérer.
MHO_CAR1.ITM : Opcode 112 à gérer.
MHO_CAR1.ITM : Opcode 112 à gérer.
MHO_CAR1.ITM : Opcode 112 à gérer.
MHO_CAR1.ITM : Opcode 112 à gérer.
MHO_CAR1.ITM : Opcode 112 à gérer.
MHO_CAR1.ITM : Opcode 112 à gérer.
MHO_CAR1.ITM : Opcode 112 à gérer.
MHO_CAR1.ITM : Opcode 112 à gérer.
MHO_CAR1.ITM : Opcode 112 à gérer.
MHO_CAR1.ITM : Opcode 112 à gérer.
MHO_CAR1.ITM : Opcode 112 à gérer.
MHO_CAR1.ITM : Opcode 112 à gérer.
MHO_CAR1.ITM : Opcode 112 à gérer.
MHO_CAR1.ITM : Opcode 112 à gérer.
MHO_CAR1.ITM : Opcode 112 à gérer.
MHO_CAR1.ITM : Opcode 112 à gérer.
MHO_CAR1.ITM : Opcode 112 à gérer.
MHO_CAR1.ITM : Opcode 112 à gérer.
MHO_CAR1.ITM : Opcode 112 à gérer.
MHO_CAR1.ITM : Opcode 112 à gérer.
MHO_CAR1.ITM : Opcode 112 à gérer.
MHO_CAR1.ITM : Opcode 112 à gérer.
MHO_CAR1.ITM : Opcode 112 à gérer.
MHO_CAR1.ITM : Opcode 112 à gérer.
MHO_CAR1.ITM : Opcode 112 à gérer.
MHO_CAR1.ITM : Opcode 112 à gérer.
MHO_CAR1.ITM : Opcode 112 à gérer.
MHO_CAR1.ITM : Opcode 112 à gérer.
MHO_CAR1.ITM : Opcode 112 à gérer.
MHO_CAR1.ITM : Opcode 112 à gérer.
MHO_CAR1.ITM : Opcode 112 à gérer.
MHO_CAR1.ITM : Opcode 112 à gérer.
MHO_CAR1.ITM : Opcode 112 à gérer.
CFTROLL.eff : Opcode 123 à gérer.
MISC5X.ITM : Opcode 319 à gérer.
mo1h30.spl : MO1H03.ITM : Opcode 146 : Nom du sort introuvable pour mo1h30.spl.
MO1H07.ITM : Opcode 341 : La ressource MO1H07.eff n'existe pas.
MO1H30.ITM : Opcode 319 à gérer.
mo1h30.spl : MO1H30.ITM : Opcode 146 : Nom du sort introuvable pour mo1h30.spl.
bdsw1h21.spl : MO1H39.ITM : Opcode 146 : Nom du sort introuvable pour bdsw1h21.spl.
MO1H50.ITM : Opcode 324 : Immunité à une ressource (spl ou itm) différente de l'objet : MISC75
MO1H50.ITM : Opcode 324 : Immunité à une ressource (spl ou itm) différente de l'objet : MISC75
MO2H02.ITM : Opcode 341 : La ressource MO2H02.eff n'existe pas.
MOAX01.ITM : Opcode 341 : La ressource MOSPR05.eff n'existe pas.
MOAX01.ITM : Opcode 319 à gérer.
MOAX01.ITM : Opcode 206 : La ressource KLA#DEQD.spl n'existe pas.
MOAX02.ITM : Opcode 341 : La ressource MOSPR05.eff n'existe pas.
MOAX02.ITM : Opcode 319 à gérer.
MOBT07.ITM : Opcode 206 : La ressource CDSW1H58.spl n'existe pas.
MOBT07.ITM : Opcode 206 : La ressource CDMOUND.spl n'existe pas.
MOBT07.ITM : Opcode 206 : La ressource CDHGNYA1.spl n'existe pas.
MODAG01.ITM : Opcode 341 : La ressource MODAG01.eff n'existe pas.
bdsw1h21.spl : MODAG01.ITM : Opcode 146 : Nom du sort introuvable pour bdsw1h21.spl.
MOHAL01.ITM : Opcode 341 : La ressource MOSPR02.eff n'existe pas.
MOHAL01.ITM : Opcode 341 : La ressource MOHAL01.eff n'existe pas.
MOHAL02.ITM : Opcode 341 : La ressource MOSPR02.eff n'existe pas.
MOHM02.ITM : Opcode 341 : La ressource MOSPR06.eff n'existe pas.
MOMS01.ITM : Opcode 324 : Immunité à une ressource (spl ou itm) différente de l'objet : DAGG13
MOMS01.ITM : Opcode 324 : Immunité à une ressource (spl ou itm) différente de l'objet : DAGG13
MOSP02.ITM : Opcode 341 : La ressource MOSPR01.eff n'existe pas.
MOSTA01.ITM : Opcode 324 : Immunité à une ressource (spl ou itm) différente de l'objet : RING30
MOSTA01.ITM : Opcode 324 : Immunité à une ressource (spl ou itm) différente de l'objet : RING30
NPARM.ITM : Opcode 319 à gérer.
NPBOW.ITM : Opcode 341 : La ressource MOSPR03.eff n'existe pas.
NPCHAN.ITM : Opcode 319 à gérer.
NPCLCK.ITM : Opcode 319 à gérer.
NPMISC2.ITM : Opcode 319 à gérer.
NPPLAT.ITM : Opcode 206 : La ressource cdsw1h58.spl n'existe pas.
NPPLAT.ITM : Opcode 206 : La ressource cdmound.spl n'existe pas.
NPPLAT.ITM : Opcode 206 : La ressource cdhgnya1.spl n'existe pas.
NPPLAT.ITM : Opcode 319 à gérer.
NPSHLD.ITM : Opcode 319 à gérer.
NPSTAF.ITM : Opcode 319 à gérer.
NPSW02.ITM : Opcode 319 à gérer.
NPSW03.ITM : Opcode 232 à gérer.
NPSW04.ITM : Opcode 319 à gérer.
NPSW05.ITM : Opcode 319 à gérer.
OHBGLOV1.ITM : Opcode 232 à gérer.
OHBGLOV1.ITM : Opcode 319 à gérer.
OHBRAC02.ITM : Opcode 341 : La ressource OHBRAC02.eff n'existe pas.
OHBREW02.ITM : Opcode 341 : La ressource MOSPR01.eff n'existe pas.
OHBREW02.ITM : Opcode 177 : La ressource .eff n'existe pas.
OHDARMOR.ITM : Opcode 319 à gérer.
OHDARMOR.ITM : Opcode 232 à gérer.
OHHCLOAK.ITM : Opcode 319 à gérer.
OHHKORK.ITM : Opcode 319 à gérer.
OHHSCIM.ITM : Opcode 319 à gérer.
OHNHAMM1.ITM : Opcode 341 : La ressource MOSPR06.eff n'existe pas.
OHNHAMM1.ITM : Opcode 272 à gérer.
OHNSHLD1.ITM : Opcode 272 à gérer.
OHRAX1H1.ITM : Opcode 341 : La ressource MOSPR05.eff n'existe pas.
OHRAX1H1.ITM : Opcode 319 à gérer.
OHRAXE01.ITM : Opcode 319 à gérer.
OHRBELT2.ITM : Opcode 232 à gérer.
OHRBOOT1.ITM : Opcode 83 : Type de projectile '319'
OHRBOOT1.ITM : Opcode 83 : Type de projectile '319'
OHRBOOT1.ITM : Opcode 83 : Type de projectile '319'
OHRCLCK4.ITM : Opcode 232 à gérer.
OHRINGWI.ITM : Opcode 180 : La ressource ring08_.itm n'existe pas.
OHRINGWI.ITM : Opcode 180 : La ressource bdring08.itm n'existe pas.
OHRSW1H1.ITM : Opcode 319 à gérer.
OHSW1H55.ITM : Opcode 319 à gérer.
PLAT06.ITM : Opcode 319 à gérer.
PLAT18.ITM : Opcode 319 à gérer.
PLAT20.ITM : Opcode 319 à gérer.
PXL2ARDR.ITM : Opcode 232 à gérer.
PXL2CHAU.ITM : Opcode 206 : La ressource SPWI305D.spl n'existe pas.
spcl321d.spl : PXL2CHAU.ITM : Opcode 206 : Nom du sort introuvable pour spcl321d.spl.
pxl2dis1.spl : PXL2DISS.ITM : Opcode 146 : Nom du sort introuvable pour pxl2dis1.spl.
PXL2DUAL.ITM : Opcode 272 à gérer.
pxl2dua3.spl : PXL2DUAL.ITM : Opcode 146 : Nom du sort introuvable pour pxl2dua3.spl.
pxl2dua1.spl : PXL2DUAL.ITM : Opcode 146 : Nom du sort introuvable pour pxl2dua1.spl.
pxl2dua2.spl : PXL2DUAL.ITM : Opcode 146 : Nom du sort introuvable pour pxl2dua2.spl.
PXL2FIER.ITM : FAILURE: opcode 214: Failure("PXL2FIER.ITM : Opcode 214 : Lire les sorts utilisables depuis le fichier 2da PXL2DRAG")
PXL2HASU.ITM : Opcode 272 à gérer.
PXL2MAIT.ITM : Opcode 232 à gérer.
pxl2omb1.spl : PXL2OMBR.ITM : Opcode 146 : Nom du sort introuvable pour pxl2omb1.spl.
PXL2PALA.ITM : Opcode 232 à gérer.
PXL2PERC.ITM : Opcode 272 à gérer.
PXL2SAUV.ITM : FAILURE: opcode 214: Failure("PXL2SAUV.ITM : Opcode 214 : Lire les sorts utilisables depuis le fichier 2da PXL2SAUV")
PXL2SILI.ITM : Opcode 232 à gérer.
spcl321d.spl : PXL2STRU.ITM : Opcode 206 : Nom du sort introuvable pour spcl321d.spl.
PXL2STRU.ITM : Opcode 232 à gérer.
PXL2TACH.ITM : Opcode 232 à gérer.
PXL2WOLF.ITM : Opcode 180 : La ressource WWWERE.itm n'existe pas.
PXL2WOLF.ITM : Opcode 180 : La ressource WWWEREGR.itm n'existe pas.
RING08.ITM : Opcode 180 : La ressource ring08_.itm n'existe pas.
RING08.ITM : Opcode 180 : La ressource bdring08.itm n'existe pas.
RING09.ITM : Opcode 206 : La ressource cdsw1h58.spl n'existe pas.
RING09.ITM : Opcode 206 : La ressource cdmound.spl n'existe pas.
RING09.ITM : Opcode 206 : La ressource cdhgnya1.spl n'existe pas.
RINGED.ITM : Opcode 180 : La ressource ring08_.itm n'existe pas.
RINGED.ITM : Opcode 180 : La ressource bdring08.itm n'existe pas.
RINGKON.ITM : Opcode 180 : La ressource ring08_.itm n'existe pas.
RINGKON.ITM : Opcode 180 : La ressource bdring08.itm n'existe pas.
RODSPEAR.ITM : Opcode 341 : La ressource MOSPR01.eff n'existe pas.
ROSSRING.ITM : Opcode 206 : La ressource cdsw1h58.spl n'existe pas.
ROSSRING.ITM : Opcode 206 : La ressource cdmound.spl n'existe pas.
ROSSRING.ITM : Opcode 206 : La ressource cdhgnya1.spl n'existe pas.
RSBOOT.ITM : Opcode 319 à gérer.
RSBRAC.ITM : Opcode 319 à gérer.
S#AX1H01.ITM : Opcode 319 à gérer.
S#BOW01.ITM : Opcode 341 : La ressource MOSPR03.eff n'existe pas.
S#BOW01.ITM : Opcode 319 à gérer.
S#BRAC02.ITM : Opcode 321 à gérer.
S#BRAC02.ITM : Opcode 321 à gérer.
S#BRAC02.ITM : Opcode 321 à gérer.
S#CLCK03.ITM : Opcode 321 à gérer.
S#CLCK03.ITM : Opcode 321 à gérer.
S#CLCK03.ITM : Opcode 321 à gérer.
S#HAMM01.ITM : Opcode 341 : La ressource MOSPR06.eff n'existe pas.
S#HAMM02.ITM : Opcode 341 : La ressource MOSPR06.eff n'existe pas.
S#HELM01.ITM : Opcode 232 à gérer.
S#RING01.ITM : Opcode 206 : La ressource CDSW1H58.spl n'existe pas.
S#RING01.ITM : Opcode 206 : La ressource CDMOUND.spl n'existe pas.
S#RING01.ITM : Opcode 206 : La ressource CDHGNYA1.spl n'existe pas.
S#RING02.ITM : Opcode 206 : La ressource CDSW1H58.spl n'existe pas.
S#RING02.ITM : Opcode 206 : La ressource CDMOUND.spl n'existe pas.
S#RING02.ITM : Opcode 206 : La ressource CDHGNYA1.spl n'existe pas.
S#SHLD01.ITM : Opcode 197 : Réflection du type de projectile '318'
S#SHLD01.ITM : Opcode 197 : Réflection du type de projectile '317'
S#SHLD01.ITM : Opcode 197 : Réflection du type de projectile '316'
S#SHLD01.ITM : Opcode 197 : Réflection du type de projectile '315'
S#SHLD01.ITM : Opcode 197 : Réflection du type de projectile '314'
S#SHLD01.ITM : Opcode 197 : Réflection du type de projectile '313'
S#SHLD01.ITM : Opcode 197 : Réflection du type de projectile '311'
S#SHLD01.ITM : Opcode 197 : Réflection du type de projectile '310'
S#SHLD01.ITM : Opcode 197 : Réflection du type de projectile '309'
S#SHLD01.ITM : Opcode 197 : Réflection du type de projectile '308'
S#SHLD01.ITM : Opcode 197 : Réflection du type de projectile '307'
S#SHLD01.ITM : Opcode 197 : Réflection du type de projectile '306'
S#SHLD01.ITM : Opcode 197 : Réflection du type de projectile '305'
S#SHLD01.ITM : Opcode 197 : Réflection du type de projectile '304'
S#SHLD01.ITM : Opcode 197 : Réflection du type de projectile '303'
S#SHLD01.ITM : Opcode 197 : Réflection du type de projectile '302'
S#SHLD01.ITM : Opcode 197 : Réflection du type de projectile '301'
S#SHLD01.ITM : Opcode 197 : Réflection du type de projectile '300'
S#SHLD01.ITM : Opcode 197 : Réflection du type de projectile '299'
S#SHLD01.ITM : Opcode 197 : Réflection du type de projectile '298'
S#SHLD01.ITM : Opcode 197 : Réflection du type de projectile '297'
S#SHLD01.ITM : Opcode 197 : Réflection du type de projectile '296'
S#SHLD01.ITM : Opcode 197 : Réflection du type de projectile '295'
S#SHLD01.ITM : Opcode 197 : Réflection du type de projectile '294'
S#SHLD01.ITM : Opcode 197 : Réflection du type de projectile '293'
S#SHLD01.ITM : Opcode 197 : Réflection du type de projectile '292'
S#SHLD01.ITM : Opcode 197 : Réflection du type de projectile '291'
S#SHLD01.ITM : Opcode 197 : Réflection du type de projectile '290'
S#SHLD01.ITM : Opcode 197 : Réflection du type de projectile '289'
S#SHLD01.ITM : Opcode 197 : Réflection du type de projectile '288'
S#SHLD01.ITM : Opcode 197 : Réflection du type de projectile '287'
S#SHLD01.ITM : Opcode 197 : Réflection du type de projectile '286'
S#SHLD01.ITM : Opcode 197 : Réflection du type de projectile '285'
S#SHLD01.ITM : Opcode 197 : Réflection du type de projectile '284'
S#SHLD01.ITM : Opcode 197 : Réflection du type de projectile '283'
S#SHLD01.ITM : Opcode 197 : Réflection du type de projectile '274'
S#SHLD01.ITM : Opcode 197 : Réflection du type de projectile '1'
S#SHLD01.ITM : Opcode 197 : Réflection du type de projectile '4'
S#SHLD01.ITM : Opcode 197 : Réflection du type de projectile '2'
S#SHLD01.ITM : Opcode 197 : Réflection du type de projectile '5'
S#SHLD01.ITM : Opcode 197 : Réflection du type de projectile '3'
S#SHLD01.ITM : Opcode 197 : Réflection du type de projectile '11'
S#SHLD01.ITM : Opcode 197 : Réflection du type de projectile '12'
S#SHLD01.ITM : Opcode 197 : Réflection du type de projectile '13'
S#SHLD01.ITM : Opcode 197 : Réflection du type de projectile '14'
S#SHLD01.ITM : Opcode 197 : Réflection du type de projectile '15'
S#SHLD01.ITM : Opcode 197 : Réflection du type de projectile '26'
S#SHLD01.ITM : Opcode 197 : Réflection du type de projectile '27'
S#SHLD01.ITM : Opcode 197 : Réflection du type de projectile '28'
S#SHLD01.ITM : Opcode 197 : Réflection du type de projectile '29'
S#SHLD01.ITM : Opcode 197 : Réflection du type de projectile '30'
S#SHLD01.ITM : Opcode 197 : Réflection du type de projectile '31'
S#SHLD01.ITM : Opcode 197 : Réflection du type de projectile '32'
S#SHLD01.ITM : Opcode 197 : Réflection du type de projectile '33'
S#SHLD01.ITM : Opcode 197 : Réflection du type de projectile '34'
S#SHLD01.ITM : Opcode 197 : Réflection du type de projectile '35'
S#SHLD01.ITM : Opcode 197 : Réflection du type de projectile '6'
S#SHLD01.ITM : Opcode 197 : Réflection du type de projectile '8'
S#SHLD01.ITM : Opcode 197 : Réflection du type de projectile '7'
S#SHLD01.ITM : Opcode 197 : Réflection du type de projectile '9'
S#SHLD01.ITM : Opcode 197 : Réflection du type de projectile '10'
S#SHLD01.ITM : Opcode 197 : Réflection du type de projectile '55'
S#SHLD01.ITM : Opcode 197 : Réflection du type de projectile '56'
S#SHLD01.ITM : Opcode 197 : Réflection du type de projectile '57'
S#SHLD01.ITM : Opcode 197 : Réflection du type de projectile '58'
S#SHLD01.ITM : Opcode 197 : Réflection du type de projectile '59'
S#SHLD01.ITM : Opcode 197 : Réflection du type de projectile '18'
S#SHLD01.ITM : Opcode 197 : Réflection du type de projectile '19'
S#SHLD01.ITM : Opcode 197 : Réflection du type de projectile '16'
S#SHLD01.ITM : Opcode 197 : Réflection du type de projectile '17'
S#SHLD01.ITM : Opcode 197 : Réflection du type de projectile '102'
S#STAF02.ITM : Opcode 233: Proficiency not found : 117
SASH.ITM : Opcode 318 self à gérer
SHLD24.ITM : Opcode 197 : Réflection du type de projectile '366'
SHLD24.ITM : Opcode 197 : Réflection du type de projectile '352'
SHLD24.ITM : Opcode 197 : Réflection du type de projectile '349'
SHLD24.ITM : Opcode 197 : Réflection du type de projectile '318'
SHLD24.ITM : Opcode 197 : Réflection du type de projectile '317'
SHLD24.ITM : Opcode 197 : Réflection du type de projectile '316'
SHLD24.ITM : Opcode 197 : Réflection du type de projectile '315'
SHLD24.ITM : Opcode 197 : Réflection du type de projectile '314'
SHLD24.ITM : Opcode 197 : Réflection du type de projectile '313'
SHLD24.ITM : Opcode 197 : Réflection du type de projectile '311'
SHLD24.ITM : Opcode 197 : Réflection du type de projectile '310'
SHLD24.ITM : Opcode 197 : Réflection du type de projectile '309'
SHLD24.ITM : Opcode 197 : Réflection du type de projectile '308'
SHLD24.ITM : Opcode 197 : Réflection du type de projectile '307'
SHLD24.ITM : Opcode 197 : Réflection du type de projectile '306'
SHLD24.ITM : Opcode 197 : Réflection du type de projectile '305'
SHLD24.ITM : Opcode 197 : Réflection du type de projectile '304'
SHLD24.ITM : Opcode 197 : Réflection du type de projectile '303'
SHLD24.ITM : Opcode 197 : Réflection du type de projectile '302'
SHLD24.ITM : Opcode 197 : Réflection du type de projectile '301'
SHLD24.ITM : Opcode 197 : Réflection du type de projectile '300'
SHLD24.ITM : Opcode 197 : Réflection du type de projectile '299'
SHLD24.ITM : Opcode 197 : Réflection du type de projectile '298'
SHLD24.ITM : Opcode 197 : Réflection du type de projectile '297'
SHLD24.ITM : Opcode 197 : Réflection du type de projectile '296'
SHLD24.ITM : Opcode 197 : Réflection du type de projectile '295'
SHLD24.ITM : Opcode 197 : Réflection du type de projectile '294'
SHLD24.ITM : Opcode 197 : Réflection du type de projectile '293'
SHLD24.ITM : Opcode 197 : Réflection du type de projectile '292'
SHLD24.ITM : Opcode 197 : Réflection du type de projectile '291'
SHLD24.ITM : Opcode 197 : Réflection du type de projectile '290'
SHLD24.ITM : Opcode 197 : Réflection du type de projectile '289'
SHLD24.ITM : Opcode 197 : Réflection du type de projectile '288'
SHLD24.ITM : Opcode 197 : Réflection du type de projectile '287'
SHLD24.ITM : Opcode 197 : Réflection du type de projectile '286'
SHLD24.ITM : Opcode 197 : Réflection du type de projectile '285'
SHLD24.ITM : Opcode 197 : Réflection du type de projectile '284'
SHLD24.ITM : Opcode 197 : Réflection du type de projectile '283'
SHLD24.ITM : Opcode 197 : Réflection du type de projectile '55'
SHLD24.ITM : Opcode 197 : Réflection du type de projectile '1'
SHLD24.ITM : Opcode 197 : Réflection du type de projectile '4'
SHLD24.ITM : Opcode 197 : Réflection du type de projectile '2'
SHLD24.ITM : Opcode 197 : Réflection du type de projectile '5'
SHLD24.ITM : Opcode 197 : Réflection du type de projectile '3'
SHLD24.ITM : Opcode 197 : Réflection du type de projectile '11'
SHLD24.ITM : Opcode 197 : Réflection du type de projectile '12'
SHLD24.ITM : Opcode 197 : Réflection du type de projectile '13'
SHLD24.ITM : Opcode 197 : Réflection du type de projectile '14'
SHLD24.ITM : Opcode 197 : Réflection du type de projectile '15'
SHLD24.ITM : Opcode 197 : Réflection du type de projectile '26'
SHLD24.ITM : Opcode 197 : Réflection du type de projectile '27'
SHLD24.ITM : Opcode 197 : Réflection du type de projectile '28'
SHLD24.ITM : Opcode 197 : Réflection du type de projectile '29'
SHLD24.ITM : Opcode 197 : Réflection du type de projectile '30'
SHLD24.ITM : Opcode 197 : Réflection du type de projectile '31'
SHLD24.ITM : Opcode 197 : Réflection du type de projectile '32'
SHLD24.ITM : Opcode 197 : Réflection du type de projectile '33'
SHLD24.ITM : Opcode 197 : Réflection du type de projectile '34'
SHLD24.ITM : Opcode 197 : Réflection du type de projectile '35'
SHLD24.ITM : Opcode 197 : Réflection du type de projectile '6'
SHLD24.ITM : Opcode 197 : Réflection du type de projectile '8'
SHLD24.ITM : Opcode 197 : Réflection du type de projectile '7'
SHLD24.ITM : Opcode 197 : Réflection du type de projectile '9'
SHLD24.ITM : Opcode 197 : Réflection du type de projectile '10'
SHLD24.ITM : Opcode 197 : Réflection du type de projectile '30'
SHLD24.ITM : Opcode 197 : Réflection du type de projectile '55'
SHLD24.ITM : Opcode 197 : Réflection du type de projectile '56'
SHLD24.ITM : Opcode 197 : Réflection du type de projectile '57'
SHLD24.ITM : Opcode 197 : Réflection du type de projectile '58'
SHLD24.ITM : Opcode 197 : Réflection du type de projectile '59'
SHLD24.ITM : Opcode 197 : Réflection du type de projectile '18'
SHLD24.ITM : Opcode 197 : Réflection du type de projectile '19'
SHLD24.ITM : Opcode 197 : Réflection du type de projectile '10'
SHLD24.ITM : Opcode 197 : Réflection du type de projectile '16'
SHLD24.ITM : Opcode 197 : Réflection du type de projectile '17'
SHLD24.ITM : Opcode 197 : Réflection du type de projectile '102'
SHLD24A.ITM : Opcode 197 : Réflection du type de projectile '1'
SHLD24A.ITM : Opcode 197 : Réflection du type de projectile '4'
SHLD24A.ITM : Opcode 197 : Réflection du type de projectile '2'
SHLD24A.ITM : Opcode 197 : Réflection du type de projectile '5'
SHLD24A.ITM : Opcode 197 : Réflection du type de projectile '3'
SHLD24A.ITM : Opcode 197 : Réflection du type de projectile '11'
SHLD24A.ITM : Opcode 197 : Réflection du type de projectile '12'
SHLD24A.ITM : Opcode 197 : Réflection du type de projectile '13'
SHLD24A.ITM : Opcode 197 : Réflection du type de projectile '14'
SHLD24A.ITM : Opcode 197 : Réflection du type de projectile '15'
SHLD24A.ITM : Opcode 197 : Réflection du type de projectile '26'
SHLD24A.ITM : Opcode 197 : Réflection du type de projectile '27'
SHLD24A.ITM : Opcode 197 : Réflection du type de projectile '28'
SHLD24A.ITM : Opcode 197 : Réflection du type de projectile '29'
SHLD24A.ITM : Opcode 197 : Réflection du type de projectile '30'
SHLD24A.ITM : Opcode 197 : Réflection du type de projectile '31'
SHLD24A.ITM : Opcode 197 : Réflection du type de projectile '32'
SHLD24A.ITM : Opcode 197 : Réflection du type de projectile '33'
SHLD24A.ITM : Opcode 197 : Réflection du type de projectile '34'
SHLD24A.ITM : Opcode 197 : Réflection du type de projectile '35'
SHLD24A.ITM : Opcode 197 : Réflection du type de projectile '6'
SHLD24A.ITM : Opcode 197 : Réflection du type de projectile '8'
SHLD24A.ITM : Opcode 197 : Réflection du type de projectile '7'
SHLD24A.ITM : Opcode 197 : Réflection du type de projectile '9'
SHLD24A.ITM : Opcode 197 : Réflection du type de projectile '10'
SHLD24A.ITM : Opcode 197 : Réflection du type de projectile '30'
SHLD24A.ITM : Opcode 197 : Réflection du type de projectile '55'
SHLD24A.ITM : Opcode 197 : Réflection du type de projectile '56'
SHLD24A.ITM : Opcode 197 : Réflection du type de projectile '57'
SHLD24A.ITM : Opcode 197 : Réflection du type de projectile '58'
SHLD24A.ITM : Opcode 197 : Réflection du type de projectile '59'
SHLD24A.ITM : Opcode 197 : Réflection du type de projectile '18'
SHLD24A.ITM : Opcode 197 : Réflection du type de projectile '19'
SHLD24A.ITM : Opcode 197 : Réflection du type de projectile '10'
SHLD24A.ITM : Opcode 197 : Réflection du type de projectile '16'
SHLD24A.ITM : Opcode 197 : Réflection du type de projectile '17'
SHLD24A.ITM : Opcode 197 : Réflection du type de projectile '102'
SHLD26.ITM : Opcode 319 à gérer.
SHLD26A.ITM : Opcode 319 à gérer.
SPER02.ITM : Opcode 341 : La ressource MOSPR01.eff n'existe pas.
SPER03.ITM : Opcode 341 : La ressource MOSPR01.eff n'existe pas.
SPER05.ITM : Opcode 341 : La ressource MOSPR01.eff n'existe pas.
SPER06.ITM : Opcode 341 : La ressource MOSPR01.eff n'existe pas.
SPER07.ITM : Opcode 341 : La ressource MOSPR01.eff n'existe pas.
SPER08.ITM : Opcode 341 : La ressource MOSPR01.eff n'existe pas.
SPER09.ITM : Opcode 341 : La ressource MOSPR01.eff n'existe pas.
SPER10.ITM : Opcode 341 : La ressource MOSPR01.eff n'existe pas.
SPER11.ITM : Opcode 341 : La ressource MOSPR01.eff n'existe pas.
SPER12.ITM : Opcode 341 : La ressource MOSPR01.eff n'existe pas.
STAF11.ITM : Opcode 81: Les 2 parametres doivent avoir la valeur 0
STAF11.ITM : Opcode 58: TODO EE : Dissipation des armes magiques à gerer : 131074
STAFN1.ITM : Opcode 319 à gérer.
SW1H15.ITM : Opcode 319 à gérer.
SW1H16.ITM : Opcode 319 à gérer.
SW1H22.ITM : Opcode 319 à gérer.
SW1H23.ITM : Opcode 319 à gérer.
bdsw1h21.spl : SW1H28.ITM : Opcode 146 : Nom du sort introuvable pour bdsw1h21.spl.
SW1H30.ITM : Opcode 319 à gérer.
SW1H50.ITM : Opcode 319 à gérer.
SW1H52.ITM : Opcode 319 à gérer.
SW1H59.ITM : Unknown macro: opcode_self_probability_303
spin104a.spl : SW1H63.ITM : Opcode 146 : Nom du sort introuvable pour spin104a.spl.
MO1H64.eff : Opcode 232 à gérer.
MO1H65.eff : Opcode 232 à gérer.
SW1H68.ITM : Opcode 319 à gérer.
SW1H68C.ITM : Opcode 112 à gérer.
SW1H69.ITM : Opcode 319 à gérer.
SW1H69C.ITM : Opcode 112 à gérer.
SW1H76.ITM : Opcode 319 à gérer.
SW1HWK.ITM : Opcode 319 à gérer.
SW2H06.ITM : Opcode 206 : La ressource cdsw1h58.spl n'existe pas.
SW2H06.ITM : Opcode 206 : La ressource cdmound.spl n'existe pas.
SW2H06.ITM : Opcode 206 : La ressource cdhgnya1.spl n'existe pas.
SW2H07.ITM : Opcode 341 : La ressource MO2H07.eff n'existe pas.
SW2H10.ITM : Opcode 81: Les 2 parametres doivent avoir la valeur 0
SW2H13.ITM : Opcode 206 : La ressource cdsw1h58.spl n'existe pas.
SW2H13.ITM : Opcode 206 : La ressource cdmound.spl n'existe pas.
SW2H13.ITM : Opcode 206 : La ressource cdhgnya1.spl n'existe pas.
SW2H19.ITM : Opcode 81: Les 2 parametres doivent avoir la valeur 0
SW2HD1.ITM : Opcode 232 à gérer.
SW2HD1.ITM : Opcode 232 à gérer.
U1HAM3A.ITM : Opcode 341 : La ressource MOSPR06.eff n'existe pas.
U1HAX2A.ITM : Opcode 341 : La ressource MOSPR05.eff n'existe pas.
U1HAX2A.ITM : Opcode 319 à gérer.
U1HAX3A.ITM : Opcode 341 : La ressource MOSPR05.eff n'existe pas.
U1HAX3A.ITM : Opcode 319 à gérer.
U1HAX3B.ITM : Opcode 341 : La ressource MOSPR05.eff n'existe pas.
U1HAX3B.ITM : Opcode 319 à gérer.
U2HAM5A.ITM : Opcode 341 : La ressource MOSPR06.eff n'existe pas.
UBSWD4B.ITM : Opcode 272 à gérer.
UHALB4A.ITM : Opcode 341 : La ressource MOSPR02.eff n'existe pas.
WA2HALB.ITM : Opcode 341 : La ressource MOSPR02.eff n'existe pas.
WA2SHIEL.ITM : Opcode 197 : Réflection du type de projectile '320'
WAAXE.ITM : Opcode 341 : La ressource MOSPR05.eff n'existe pas.
WAAXE.ITM : Opcode 319 à gérer.
WASPEAR.ITM : Opcode 341 : La ressource MOSPR01.eff n'existe pas.
WHTASH.ITM : Opcode 341 : La ressource MOSPR01.eff n'existe pas.
ZZD5WOH.ITM : Opcode 319 à gérer.
ZZD5WOH.ITM : Opcode 318 self à gérer
ZZD5WOH.ITM : Opcode 318 self à gérer
ZZD5WOH.ITM : Opcode 318 self à gérer
ZZD5WOH.ITM : Opcode 318 self à gérer
ZZD5WOH.ITM : Opcode 318 self à gérer

Total : 3919

Sans description : 1254

Ignores : 2537

Reussis : 1368

Echoues : 14

Potions (TODO): 536

Munitions (TODO) : 70

Opcodes a coder : 40
