	
AX1H03.ITM : Opcode 341 : La ressource MOSPR05.eff n'existe pas.
AX1H03.ITM : Opcode 319 à gérer.
AX1H10.ITM : Opcode 341 : La ressource MOSPR05.eff n'existe pas.
AX1H10.ITM : Opcode 319 à gérer.
AX1H12.ITM : Opcode 341 : La ressource MOSPR05.eff n'existe pas.
AX1H12.ITM : Opcode 319 à gérer.
AX1H13.ITM : Opcode 341 : La ressource MOSPR05.eff n'existe pas.
AX1H13.ITM : Opcode 319 à gérer.
BDAX1H03.ITM : Opcode 341 : La ressource MOSPR05.eff n'existe pas.
BDAX1H03.ITM : Opcode 319 à gérer.
BDBLUN04.ITM : Opcode 341 : La ressource BDBLUN04.eff n'existe pas.
BDBLUN07.ITM : Opcode 340 à gérer.
BDBOW04.ITM : Opcode 341 : La ressource MOSPR03.eff n'existe pas.
BDBOW04.ITM : Opcode 326 à gérer.
BDBOW05.ITM : Opcode 341 : La ressource MOSPR03.eff n'existe pas.
BDBOW05.ITM : Opcode 319 à gérer.
BDBOW05.ITM : Opcode 326 à gérer.
BDBOW05.ITM : Opcode 326 à gérer.
BDBOW05.ITM : Opcode 326 à gérer.
bddagg05.spl : BDDAGG05.ITM : Opcode 146 : Nom du sort introuvable pour bddagg05.spl.
BDHALB01.ITM : Opcode 341 : La ressource MOSPR02.eff n'existe pas.
BDHALB01.ITM : Opcode 361 à gérer.
BDHALB02.ITM : Opcode 341 : La ressource MOSPR01.eff n'existe pas.
BDHALB02.ITM : Opcode 341 : La ressource BDFESTER.eff n'existe pas.
BDHALB02.ITM : Opcode 146 : La ressource BDHALB02.spl n'existe pas.
BDHAMM01.ITM : Opcode 341 : La ressource MOSPR06.eff n'existe pas.
BDHAMM06.ITM : Opcode 341 : La ressource MOSPR06.eff n'existe pas.
BDHAMM06.ITM : Opcode 361 à gérer.
BDHAMM06.ITM : Opcode 326 à gérer.
BDSPER01.ITM : Opcode 341 : La ressource MOSPR01.eff n'existe pas.
bdsper1a.spl : BDSPER01.ITM : Opcode 146 : Nom du sort introuvable pour bdsper1a.spl.
bdsper1b.spl : BDSPER01.ITM : Opcode 146 : Nom du sort introuvable pour bdsper1b.spl.
BDSW1H01.ITM : Opcode 232 à gérer.
bdsw1h02.spl : BDSW1H02.ITM : Opcode 146 : Nom du sort introuvable pour bdsw1h02.spl.
BDSW1H03.ITM : Opcode 319 à gérer.
BDSW1H03.ITM : Opcode 177 : La ressource BDSW1H3H.eff n'existe pas.
BDSW1H03.ITM : Opcode 341 : La ressource BDSW1H03.eff n'existe pas.
BDSW1H03.ITM : Opcode 177 : La ressource BDSW1H3D.eff n'existe pas.
BDSW1H03.ITM : Opcode 177 : La ressource BDSW1H3D.eff n'existe pas.
BDSW1H08.ITM : Opcode 319 à gérer.
BDSW1H08.ITM : Opcode 232 à gérer.
BDSW1H14.ITM : Opcode 232 à gérer.
BDSW1H14.ITM : Opcode 146 : La ressource BDSW1H14.spl n'existe pas.
BDSW1H21.ITM : Opcode 340 à gérer.
bdsw1h21.spl : BDSW1H21.ITM : Opcode 146 : Nom du sort introuvable pour bdsw1h21.spl.
BDSW2H01.ITM : Opcode 232 à gérer.
BDSW2H01.ITM : Opcode 341 : La ressource BDSW2H01.eff n'existe pas.
BDSW2H02.ITM : Opcode 341 : La ressource BDSW2H02.eff n'existe pas.
BDSW2H02.ITM : Opcode 177 : La ressource BDSW2H2D.eff n'existe pas.
BDSW2H03.ITM : Opcode 341 : La ressource BDSW2H03.eff n'existe pas.
BDXBOW01.ITM : Opcode 341 : La ressource BDXBOW01.eff n'existe pas.
bddoom.spl : BDXBOW02.ITM : Opcode 146 : Nom du sort introuvable pour bddoom.spl.
BLUN23.ITM : Opcode 177 : La ressource mobln232.eff n'existe pas.
BLUN23.ITM : Opcode 177 : La ressource mobln231.eff n'existe pas.
BOW08.ITM : Opcode 341 : La ressource MOSPR03.eff n'existe pas.
BOW08.ITM : Opcode 319 à gérer.
BOW09.ITM : Opcode 341 : La ressource MOSPR03.eff n'existe pas.
BOW12.ITM : Opcode 341 : La ressource MOSPR03.eff n'existe pas.
BOW22.ITM : Opcode 341 : La ressource MOSPR03.eff n'existe pas.
BOW23.ITM : Opcode 341 : La ressource MOSPR03.eff n'existe pas.
BOWMESS.ITM : Opcode 341 : La ressource MOSPR03.eff n'existe pas.
C2AX1H01.ITM : Opcode 341 : La ressource MOSPR05.eff n'existe pas.
C2BOW01.ITM : Opcode 341 : La ressource MOSPR03.eff n'existe pas.
C2HD1.ITM : Opcode 319 à gérer.
C2HD2.ITM : Opcode 319 à gérer.
C2KELD02.ITM : Opcode 319 à gérer.
C2KELD02.ITM : Opcode 232 à gérer.
C2MAZZ01.ITM : Opcode 206 : La ressource CDSW1H58.spl n'existe pas.
C2MAZZ01.ITM : Opcode 206 : La ressource CDMOUND.spl n'existe pas.
C2MAZZ01.ITM : Opcode 206 : La ressource CDHGNYA1.spl n'existe pas.
C2SPER01.ITM : Opcode 341 : La ressource MOSPR01.eff n'existe pas.
C2SPER02.ITM : Opcode 341 : La ressource MOSPR01.eff n'existe pas.
C2SPER03.ITM : Opcode 341 : La ressource MOSPR01.eff n'existe pas.
DTKAX1HA.ITM : Opcode 341 : La ressource MOSPR05.eff n'existe pas.
DTKAX1HA.ITM : Opcode 319 à gérer.
DTKAX1HB.ITM : Opcode 341 : La ressource MOSPR05.eff n'existe pas.
DTKAX1HB.ITM : Opcode 319 à gérer.
DTKAXE01.ITM : Opcode 341 : La ressource MOSPR05.eff n'existe pas.
DTKAXE01.ITM : Opcode 319 à gérer.
DTKAXE02.ITM : Opcode 341 : La ressource MOSPR05.eff n'existe pas.
DTKAXE02.ITM : Opcode 319 à gérer.
dtkwave.spl : DTKAXE02.ITM : Opcode 146 : Nom du sort introuvable pour dtkwave.spl.
DTKAXE03.ITM : Opcode 341 : La ressource MOSPR05.eff n'existe pas.
DTKAXE03.ITM : Opcode 319 à gérer.
DTKAXE2A.ITM : Opcode 341 : La ressource MOSPR05.eff n'existe pas.
DTKAXE2A.ITM : Opcode 319 à gérer.
dtkwave.spl : DTKAXE2A.ITM : Opcode 146 : Nom du sort introuvable pour dtkwave.spl.
DTKBLN1.ITM : Opcode 341 : La ressource DTKBLN1A.eff n'existe pas.
DTKBLN1.ITM : Opcode 341 : La ressource BDBLUN04.eff n'existe pas.
DTKBLN1A.ITM : Opcode 341 : La ressource DTKBLN1A.eff n'existe pas.
DTKBLN1A.ITM : Opcode 341 : La ressource BDBLUN04.eff n'existe pas.
DTKBOW01.ITM : Opcode 341 : La ressource MOSPR03.eff n'existe pas.
dtkshout.spl : DTKBOW01.ITM : Opcode 146 : Nom du sort introuvable pour dtkshout.spl.
DTKCLUB1.ITM : Opcode 340 à gérer.
DTKCLUB1.ITM : Opcode 324 : Immunité à une ressource (spl ou itm) différente de l'objet : BLUN17
DTKCLUB1.ITM : Opcode 324 : Immunité à une ressource (spl ou itm) différente de l'objet : BLUN17
bddagg05.spl : DTKDAG1.ITM : Opcode 146 : Nom du sort introuvable pour bddagg05.spl.
bddagg05.spl : DTKDAG1.ITM : Opcode 146 : Nom du sort introuvable pour bddagg05.spl.
bddagg05.spl : DTKDAG2.ITM : Opcode 146 : Nom du sort introuvable pour bddagg05.spl.
bddagg05.spl : DTKDAG2.ITM : Opcode 146 : Nom du sort introuvable pour bddagg05.spl.
DTKDGLOR.ITM : Opcode 341 : La ressource dtkdglor.eff n'existe pas.
DTKHALB1.ITM : Opcode 341 : La ressource MOSPR02.eff n'existe pas.
DTKHALB2.ITM : Opcode 341 : La ressource MOSPR02.eff n'existe pas.
dtkwave.spl : DTKHALB2.ITM : Opcode 146 : Nom du sort introuvable pour dtkwave.spl.
DTKHALB3.ITM : Opcode 341 : La ressource MOSPR02.eff n'existe pas.
dtkwave.spl : DTKHALB3.ITM : Opcode 146 : Nom du sort introuvable pour dtkwave.spl.
DTKHAM01.ITM : Opcode 341 : La ressource MOSPR06.eff n'existe pas.
dtkdrain.spl : DTKHAM01.ITM : Opcode 146 : Nom du sort introuvable pour dtkdrain.spl.
bdvoid.spl : DTKHAM01.ITM : Opcode 146 : Nom du sort introuvable pour bdvoid.spl.
DTKHAM02.ITM : Opcode 341 : La ressource MOSPR06.eff n'existe pas.
DTKHAM3.ITM : Opcode 341 : La ressource MOSPR06.eff n'existe pas.
DTKHAM3.ITM : Opcode 361 à gérer.
DTKHAM4.ITM : Opcode 341 : La ressource MOSPR06.eff n'existe pas.
DTKHAM4A.ITM : Opcode 341 : La ressource MOSPR06.eff n'existe pas.
DTKLUCKY.ITM : Opcode 319 à gérer.
DTKLUCKY.ITM : Opcode 206 : La ressource chance.spl n'existe pas.
DTKSOLEM.ITM : opcode 344: Traduction 204169 manquante
DTKSOLEM.ITM : FAILURE: opcode 344: Not_found
DTKSPER1.ITM : Opcode 341 : La ressource MOSPR01.eff n'existe pas.
bdsper1a.spl : DTKSPER1.ITM : Opcode 146 : Nom du sort introuvable pour bdsper1a.spl.
bdsper1b.spl : DTKSPER1.ITM : Opcode 146 : Nom du sort introuvable pour bdsper1b.spl.
DTKSPR1A.ITM : Opcode 341 : La ressource MOSPR01.eff n'existe pas.
DTKSPR1A.ITM : Opcode 341 : La ressource DTKWHIRL.eff n'existe pas.
bdsper1a.spl : DTKSPR1A.ITM : Opcode 146 : Nom du sort introuvable pour bdsper1a.spl.
bdsper1b.spl : DTKSPR1A.ITM : Opcode 146 : Nom du sort introuvable pour bdsper1b.spl.
DTKSWD00.ITM : Opcode 319 à gérer.
dtkwave.spl : DTKSWD00.ITM : Opcode 146 : Nom du sort introuvable pour dtkwave.spl.
dtkdrain.spl : DTKSWD02.ITM : Opcode 146 : Nom du sort introuvable pour dtkdrain.spl.
bdvoid.spl : DTKSWD02.ITM : Opcode 146 : Nom du sort introuvable pour bdvoid.spl.
dtkshrd.spl : DTKSWD03.ITM : Opcode 146 : Nom du sort introuvable pour dtkshrd.spl.
DTKSWD04.ITM : Opcode 340 à gérer.
dtkbldvx.spl : DTKSWD04.ITM : Opcode 146 : Nom du sort introuvable pour dtkbldvx.spl.
DTKSWD05.ITM : Opcode 232 à gérer.
DTKSWD05.ITM : Opcode 341 : La ressource BDSW2H01.eff n'existe pas.
DTKSWD06.ITM : Opcode 319 à gérer.
DTKSWD06.ITM : Opcode 232 à gérer.
DTKSWD07.ITM : Opcode 232 à gérer.
DTKSWD07.ITM : Opcode 324 self à gérer
bdsw1h02.spl : DTKSWD1B.ITM : Opcode 146 : Nom du sort introuvable pour bdsw1h02.spl.
bdsw1h02.spl : DTKSWD1C.ITM : Opcode 146 : Nom du sort introuvable pour bdsw1h02.spl.
dtkshrd.spl : DTKSWD3A.ITM : Opcode 146 : Nom du sort introuvable pour dtkshrd.spl.
DTKSWD5A.ITM : Opcode 232 à gérer.
DTKSWD5A.ITM : Opcode 341 : La ressource DTKICEL.eff n'existe pas.
DTKSWD6A.ITM : Opcode 319 à gérer.
DTKSWD6A.ITM : Opcode 232 à gérer.
DTKSWD7A.ITM : Opcode 232 à gérer.
DTKSWD7A.ITM : Opcode 324 self à gérer
DTKSWD7B.ITM : Opcode 232 à gérer.
DTKSWD7B.ITM : Opcode 324 self à gérer
DTKSWD8.ITM : Opcode 232 à gérer.
DTKSWD8A.ITM : Opcode 232 à gérer.
dtksnow.spl : DTKTDAG2.ITM : Opcode 146 : Nom du sort introuvable pour dtksnow.spl.
dtksnow.spl : DTKTDAG2.ITM : Opcode 146 : Nom du sort introuvable pour dtksnow.spl.
DTKXBOW1.ITM : Opcode 341 : La ressource DTKXBOW1.eff n'existe pas.
HALB03.ITM : Opcode 341 : La ressource MOSPR02.eff n'existe pas.
HALB05.ITM : Opcode 341 : La ressource MOSPR02.eff n'existe pas.
HALB08.ITM : Opcode 341 : La ressource MOSPR02.eff n'existe pas.
HALB09.ITM : Opcode 341 : La ressource MOSPR02.eff n'existe pas.
HAMM03.ITM : Opcode 341 : La ressource MOSPR06.eff n'existe pas.
HAMM05.ITM : Opcode 341 : La ressource MOSPR06.eff n'existe pas.
HAMM07.ITM : Opcode 341 : La ressource MOSPR06.eff n'existe pas.
MHOPXVAG.ITM : Opcode 341 : La ressource MOSPR05.eff n'existe pas.
MHO_CAR1.ITM : Opcode 112 à gérer.
MHO_CAR1.ITM : Opcode 112 à gérer.
MHO_CAR1.ITM : Opcode 112 à gérer.
MHO_CAR1.ITM : Opcode 112 à gérer.
MHO_CAR1.ITM : Opcode 112 à gérer.
MHO_CAR1.ITM : Opcode 112 à gérer.
MHO_CAR1.ITM : Opcode 112 à gérer.
MHO_CAR1.ITM : Opcode 112 à gérer.
MHO_CAR1.ITM : Opcode 112 à gérer.
MHO_CAR1.ITM : Opcode 112 à gérer.
MHO_CAR1.ITM : Opcode 112 à gérer.
MHO_CAR1.ITM : Opcode 112 à gérer.
MHO_CAR1.ITM : Opcode 112 à gérer.
MHO_CAR1.ITM : Opcode 112 à gérer.
MHO_CAR1.ITM : Opcode 112 à gérer.
MHO_CAR1.ITM : Opcode 112 à gérer.
MHO_CAR1.ITM : Opcode 112 à gérer.
MHO_CAR1.ITM : Opcode 112 à gérer.
MHO_CAR1.ITM : Opcode 112 à gérer.
MHO_CAR1.ITM : Opcode 112 à gérer.
MHO_CAR1.ITM : Opcode 112 à gérer.
MHO_CAR1.ITM : Opcode 112 à gérer.
MHO_CAR1.ITM : Opcode 112 à gérer.
MHO_CAR1.ITM : Opcode 112 à gérer.
MHO_CAR1.ITM : Opcode 112 à gérer.
MHO_CAR1.ITM : Opcode 112 à gérer.
MHO_CAR1.ITM : Opcode 112 à gérer.
MHO_CAR1.ITM : Opcode 112 à gérer.
MHO_CAR1.ITM : Opcode 112 à gérer.
MHO_CAR1.ITM : Opcode 112 à gérer.
MHO_CAR1.ITM : Opcode 112 à gérer.
MHO_CAR1.ITM : Opcode 112 à gérer.
MHO_CAR1.ITM : Opcode 112 à gérer.
MHO_CAR1.ITM : Opcode 112 à gérer.
MHO_CAR1.ITM : Opcode 112 à gérer.
CFTROLL.eff : Opcode 123 à gérer.
mo1h30.spl : MO1H03.ITM : Opcode 146 : Nom du sort introuvable pour mo1h30.spl.
MO1H07.ITM : Opcode 341 : La ressource MO1H07.eff n'existe pas.
MO1H30.ITM : Opcode 319 à gérer.
mo1h30.spl : MO1H30.ITM : Opcode 146 : Nom du sort introuvable pour mo1h30.spl.
bdsw1h21.spl : MO1H39.ITM : Opcode 146 : Nom du sort introuvable pour bdsw1h21.spl.
MO1H50.ITM : Opcode 324 : Immunité à une ressource (spl ou itm) différente de l'objet : MISC75
MO1H50.ITM : Opcode 324 : Immunité à une ressource (spl ou itm) différente de l'objet : MISC75
MO2H02.ITM : Opcode 341 : La ressource MO2H02.eff n'existe pas.
MOAX01.ITM : Opcode 341 : La ressource MOSPR05.eff n'existe pas.
MOAX01.ITM : Opcode 319 à gérer.
MOAX01.ITM : Opcode 206 : La ressource KLA#DEQD.spl n'existe pas.
MOAX02.ITM : Opcode 341 : La ressource MOSPR05.eff n'existe pas.
MOAX02.ITM : Opcode 319 à gérer.
MODAG01.ITM : Opcode 341 : La ressource MODAG01.eff n'existe pas.
bdsw1h21.spl : MODAG01.ITM : Opcode 146 : Nom du sort introuvable pour bdsw1h21.spl.
MOHAL01.ITM : Opcode 341 : La ressource MOSPR02.eff n'existe pas.
MOHAL01.ITM : Opcode 341 : La ressource MOHAL01.eff n'existe pas.
MOHAL02.ITM : Opcode 341 : La ressource MOSPR02.eff n'existe pas.
MOHM02.ITM : Opcode 341 : La ressource MOSPR06.eff n'existe pas.
MOMS01.ITM : Opcode 324 : Immunité à une ressource (spl ou itm) différente de l'objet : DAGG13
MOMS01.ITM : Opcode 324 : Immunité à une ressource (spl ou itm) différente de l'objet : DAGG13
MOSP02.ITM : Opcode 341 : La ressource MOSPR01.eff n'existe pas.
MOSTA01.ITM : Opcode 324 : Immunité à une ressource (spl ou itm) différente de l'objet : RING30
MOSTA01.ITM : Opcode 324 : Immunité à une ressource (spl ou itm) différente de l'objet : RING30
S#AX1H01.ITM : Opcode 319 à gérer.
S#BOW01.ITM : Opcode 341 : La ressource MOSPR03.eff n'existe pas.
S#BOW01.ITM : Opcode 319 à gérer.
S#HAMM01.ITM : Opcode 341 : La ressource MOSPR06.eff n'existe pas.
S#HAMM02.ITM : Opcode 341 : La ressource MOSPR06.eff n'existe pas.
S#STAF02.ITM : Opcode 233: Proficiency not found : 117
SPER10.ITM : Opcode 341 : La ressource MOSPR01.eff n'existe pas.
SPER12.ITM : Opcode 341 : La ressource MOSPR01.eff n'existe pas.
SW1H23.ITM : Opcode 319 à gérer.
bdsw1h21.spl : SW1H28.ITM : Opcode 146 : Nom du sort introuvable pour bdsw1h21.spl.
SW1H52.ITM : Opcode 319 à gérer.
SW1H59.ITM : Unknown macro: opcode_self_probability_303
MO1H64.eff : Opcode 232 à gérer.
MO1H65.eff : Opcode 232 à gérer.
SW1H68.ITM : Opcode 319 à gérer.
SW1H69.ITM : Opcode 319 à gérer.
SW2H07.ITM : Opcode 341 : La ressource MO2H07.eff n'existe pas.
SW2H10.ITM : Opcode 81: Les 2 parametres doivent avoir la valeur 0
SW2H19.ITM : Opcode 81: Les 2 parametres doivent avoir la valeur 0
U1HAM3A.ITM : Opcode 341 : La ressource MOSPR06.eff n'existe pas.
U1HAX2A.ITM : Opcode 341 : La ressource MOSPR05.eff n'existe pas.
U1HAX2A.ITM : Opcode 319 à gérer.
U1HAX3A.ITM : Opcode 341 : La ressource MOSPR05.eff n'existe pas.
U1HAX3A.ITM : Opcode 319 à gérer.
U1HAX3B.ITM : Opcode 341 : La ressource MOSPR05.eff n'existe pas.
U1HAX3B.ITM : Opcode 319 à gérer.
U2HAM5A.ITM : Opcode 341 : La ressource MOSPR06.eff n'existe pas.
UBSWD4B.ITM : Opcode 272 à gérer.
UHALB4A.ITM : Opcode 341 : La ressource MOSPR02.eff n'existe pas.
WASPEAR.ITM : Opcode 341 : La ressource MOSPR01.eff n'existe pas.
WHTASH.ITM : Opcode 341 : La ressource MOSPR01.eff n'existe pas.
ZZD5WOH.ITM : Opcode 319 à gérer.
ZZD5WOH.ITM : Opcode 318 self à gérer
ZZD5WOH.ITM : Opcode 318 self à gérer
ZZD5WOH.ITM : Opcode 318 self à gérer
ZZD5WOH.ITM : Opcode 318 self à gérer
ZZD5WOH.ITM : Opcode 318 self à gérer
HAMM09.ITM : Opcode 341 : La ressource MOSPR06.eff n'existe pas.
cftroll.eff : Opcode 123 à gérer.
HAMM11.ITM : Opcode 341 : La ressource MOSPR06.eff n'existe pas.
CHAINBM.ITM : Opcode 318 self à gérer
CHAINBM.ITM : Opcode 318 self à gérer
CHAINBM.ITM : Opcode 318 self à gérer
CHAINBM.ITM : Opcode 318 self à gérer
CHAINBM.ITM : Opcode 318 self à gérer
CHAINBM.ITM : Opcode 318 self à gérer
CHAINBM.ITM : Opcode 318 self à gérer
CHAINBM.ITM : Opcode 318 self à gérer
HELMDEF.ITM : Opcode 318 self à gérer
HELMDEF.ITM : Opcode 318 self à gérer
MOBT07.ITM : Opcode 206 : La ressource CDSW1H58.spl n'existe pas.
MOBT07.ITM : Opcode 206 : La ressource CDMOUND.spl n'existe pas.
MOBT07.ITM : Opcode 206 : La ressource CDHGNYA1.spl n'existe pas.

Total : 330

Sans description : 4

Ignores : 6

Reussis : 322

Echoues : 2

Potions (TODO): 0

Munitions (TODO) : 0

Opcodes a coder : 40
