	
c2amul01.itm : Opcode 318 self à gérer
c2anom01.itm : Opcode 319 à gérer.
c2ax1h01.itm : Opcode 341 : La ressource MOSPR05.eff n'existe pas.
c2bow01.itm : Opcode 341 : La ressource MOSPR03.eff n'existe pas.
c2hd1.itm : Opcode 319 à gérer.
c2hd2.itm : Opcode 319 à gérer.
c2keld01.itm : Opcode 319 à gérer.
c2keld01.itm : Opcode 206 : La ressource CDSW1H58.spl n'existe pas.
c2keld01.itm : Opcode 206 : La ressource CDMOUND.spl n'existe pas.
c2keld01.itm : Opcode 206 : La ressource CDHGNYA1.spl n'existe pas.
c2keld02.itm : Opcode 319 à gérer.
c2keld02.itm : Opcode 232 à gérer.
c2leat01.itm : Opcode 318 self à gérer
c2mazz01.itm : Opcode 206 : La ressource CDSW1H58.spl n'existe pas.
c2mazz01.itm : Opcode 206 : La ressource CDMOUND.spl n'existe pas.
c2mazz01.itm : Opcode 206 : La ressource CDHGNYA1.spl n'existe pas.
c2ring04.itm : Opcode 180 : La ressource RING08A.itm n'existe pas.
c2sper01.itm : Opcode 341 : La ressource MOSPR01.eff n'existe pas.
c2sper02.itm : Opcode 341 : La ressource MOSPR01.eff n'existe pas.
c2sper03.itm : Opcode 341 : La ressource MOSPR01.eff n'existe pas.
c2valy01.itm : Opcode 319 à gérer.

Total : 50

Sans description : 1

Ignores : 5

Reussis : 45

Echoues : 0

Potions (TODO): 0

Munitions (TODO) : 3

Opcodes a coder : 40

