	
bdsw1h02.spl : bdsw1h02.itm : Opcode 146 : Nom du sort introuvable pour bdsw1h02.spl.
bdsw1h02.spl : dtkswd1b.itm : Opcode 146 : Nom du sort introuvable pour bdsw1h02.spl.
bdsw1h02.spl : dtkswd1c.itm : Opcode 146 : Nom du sort introuvable pour bdsw1h02.spl.
bddagg05.spl : bddagg05.itm : Opcode 146 : Nom du sort introuvable pour bddagg05.spl.
bddagg05.spl : dtkdag1.itm : Opcode 146 : Nom du sort introuvable pour bddagg05.spl.
bddagg05.spl : dtkdag1.itm : Opcode 146 : Nom du sort introuvable pour bddagg05.spl.
bddagg05.spl : dtkdag2.itm : Opcode 146 : Nom du sort introuvable pour bddagg05.spl.
bddagg05.spl : dtkdag2.itm : Opcode 146 : Nom du sort introuvable pour bddagg05.spl.
dtkham4.itm : Opcode 341 : La ressource MOSPR06.eff n'existe pas.
dtkham4a.itm : Opcode 341 : La ressource MOSPR06.eff n'existe pas.
bdxbow01.itm : Opcode 341 : La ressource BDXBOW01.eff n'existe pas.
dtkxbow1.itm : Opcode 341 : La ressource DTKXBOW1.eff n'existe pas.
bdblun07.itm : Opcode 340 à gérer.
dtkclub1.itm : Opcode 340 à gérer.
dtkclub1.itm : Opcode 324 : Immunité à une ressource (spl ou itm) différente de l'objet : BLUN17
dtkclub1.itm : Opcode 324 : Immunité à une ressource (spl ou itm) différente de l'objet : BLUN17
bdbow04.itm : Opcode 341 : La ressource MOSPR03.eff n'existe pas.
bdbow04.itm : Opcode 326 à gérer.
dtkbow01.itm : Opcode 341 : La ressource MOSPR03.eff n'existe pas.
dtkshout.spl : dtkbow01.itm : Opcode 146 : Nom du sort introuvable pour dtkshout.spl.
dtkblt01.itm : Kit utilisé n'existe pas : 16396 : 0x0000400c
dtkblt01.itm : Kit utilisé n'existe pas : 16397 : 0x0000400d
dtkbdrgp.itm : Opcode 232 à gérer.
dtkbdrgp.itm : Opcode 319 à gérer.
dtkbdrgc.itm : Opcode 232 à gérer.
dtkbdrgl.itm : Opcode 232 à gérer.
dtkbdrgs.itm : Opcode 319 à gérer.
dtklea6.itm : opcode 0: Traduction 10000010 manquante
dtklea6.itm : FAILURE: opcode 0: Not_found
dtklea6a.itm : opcode 0: Traduction 10000010 manquante
dtklea6a.itm : FAILURE: opcode 0: Not_found
dtkbldsh.itm : Opcode 319 à gérer.
bdplat03.itm : Opcode 319 à gérer.
dtkshld1.itm : Opcode 197 : Réflection du type de projectile '366'
dtkshld1.itm : Opcode 197 : Réflection du type de projectile '352'
dtkshld1.itm : Opcode 197 : Réflection du type de projectile '349'
dtkshld1.itm : Opcode 197 : Réflection du type de projectile '318'
dtkshld1.itm : Opcode 197 : Réflection du type de projectile '317'
dtkshld1.itm : Opcode 197 : Réflection du type de projectile '316'
dtkshld1.itm : Opcode 197 : Réflection du type de projectile '315'
dtkshld1.itm : Opcode 197 : Réflection du type de projectile '314'
dtkshld1.itm : Opcode 197 : Réflection du type de projectile '313'
dtkshld1.itm : Opcode 197 : Réflection du type de projectile '311'
dtkshld1.itm : Opcode 197 : Réflection du type de projectile '310'
dtkshld1.itm : Opcode 197 : Réflection du type de projectile '309'
dtkshld1.itm : Opcode 197 : Réflection du type de projectile '308'
dtkshld1.itm : Opcode 197 : Réflection du type de projectile '307'
dtkshld1.itm : Opcode 197 : Réflection du type de projectile '306'
dtkshld1.itm : Opcode 197 : Réflection du type de projectile '305'
dtkshld1.itm : Opcode 197 : Réflection du type de projectile '304'
dtkshld1.itm : Opcode 197 : Réflection du type de projectile '303'
dtkshld1.itm : Opcode 197 : Réflection du type de projectile '302'
dtkshld1.itm : Opcode 197 : Réflection du type de projectile '301'
dtkshld1.itm : Opcode 197 : Réflection du type de projectile '300'
dtkshld1.itm : Opcode 197 : Réflection du type de projectile '299'
dtkshld1.itm : Opcode 197 : Réflection du type de projectile '298'
dtkshld1.itm : Opcode 197 : Réflection du type de projectile '297'
dtkshld1.itm : Opcode 197 : Réflection du type de projectile '296'
dtkshld1.itm : Opcode 197 : Réflection du type de projectile '295'
dtkshld1.itm : Opcode 197 : Réflection du type de projectile '294'
dtkshld1.itm : Opcode 197 : Réflection du type de projectile '293'
dtkshld1.itm : Opcode 197 : Réflection du type de projectile '292'
dtkshld1.itm : Opcode 197 : Réflection du type de projectile '291'
dtkshld1.itm : Opcode 197 : Réflection du type de projectile '290'
dtkshld1.itm : Opcode 197 : Réflection du type de projectile '289'
dtkshld1.itm : Opcode 197 : Réflection du type de projectile '288'
dtkshld1.itm : Opcode 197 : Réflection du type de projectile '287'
dtkshld1.itm : Opcode 197 : Réflection du type de projectile '286'
dtkshld1.itm : Opcode 197 : Réflection du type de projectile '285'
dtkshld1.itm : Opcode 197 : Réflection du type de projectile '284'
dtkshld1.itm : Opcode 197 : Réflection du type de projectile '283'
dtkshld1.itm : Opcode 197 : Réflection du type de projectile '55'
dtkshld1.itm : Opcode 197 : Réflection du type de projectile '1'
dtkshld1.itm : Opcode 197 : Réflection du type de projectile '4'
dtkshld1.itm : Opcode 197 : Réflection du type de projectile '2'
dtkshld1.itm : Opcode 197 : Réflection du type de projectile '5'
dtkshld1.itm : Opcode 197 : Réflection du type de projectile '3'
dtkshld1.itm : Opcode 197 : Réflection du type de projectile '11'
dtkshld1.itm : Opcode 197 : Réflection du type de projectile '12'
dtkshld1.itm : Opcode 197 : Réflection du type de projectile '13'
dtkshld1.itm : Opcode 197 : Réflection du type de projectile '14'
dtkshld1.itm : Opcode 197 : Réflection du type de projectile '15'
dtkshld1.itm : Opcode 197 : Réflection du type de projectile '26'
dtkshld1.itm : Opcode 197 : Réflection du type de projectile '27'
dtkshld1.itm : Opcode 197 : Réflection du type de projectile '28'
dtkshld1.itm : Opcode 197 : Réflection du type de projectile '29'
dtkshld1.itm : Opcode 197 : Réflection du type de projectile '30'
dtkshld1.itm : Opcode 197 : Réflection du type de projectile '31'
dtkshld1.itm : Opcode 197 : Réflection du type de projectile '32'
dtkshld1.itm : Opcode 197 : Réflection du type de projectile '33'
dtkshld1.itm : Opcode 197 : Réflection du type de projectile '34'
dtkshld1.itm : Opcode 197 : Réflection du type de projectile '35'
dtkshld1.itm : Opcode 197 : Réflection du type de projectile '6'
dtkshld1.itm : Opcode 197 : Réflection du type de projectile '8'
dtkshld1.itm : Opcode 197 : Réflection du type de projectile '7'
dtkshld1.itm : Opcode 197 : Réflection du type de projectile '9'
dtkshld1.itm : Opcode 197 : Réflection du type de projectile '10'
dtkshld1.itm : Opcode 197 : Réflection du type de projectile '30'
dtkshld1.itm : Opcode 197 : Réflection du type de projectile '55'
dtkshld1.itm : Opcode 197 : Réflection du type de projectile '56'
dtkshld1.itm : Opcode 197 : Réflection du type de projectile '57'
dtkshld1.itm : Opcode 197 : Réflection du type de projectile '58'
dtkshld1.itm : Opcode 197 : Réflection du type de projectile '59'
dtkshld1.itm : Opcode 197 : Réflection du type de projectile '18'
dtkshld1.itm : Opcode 197 : Réflection du type de projectile '19'
dtkshld1.itm : Opcode 197 : Réflection du type de projectile '10'
dtkshld1.itm : Opcode 197 : Réflection du type de projectile '16'
dtkshld1.itm : Opcode 197 : Réflection du type de projectile '17'
dtkshld1.itm : Opcode 197 : Réflection du type de projectile '102'
bdclck03.itm : Opcode 232 à gérer.
dtklea3d.itm : Opcode 232 à gérer.
dtkplt1b.itm : Opcode 319 à gérer.
dtkplt1f.itm : Opcode 319 à gérer.
dtkplt1e.itm : Opcode 319 à gérer.
dtkplt1a.itm : Opcode 319 à gérer.
dtkplt1g.itm : Opcode 319 à gérer.
dtkplt1d.itm : Opcode 232 à gérer.
dtkplt1d.itm : Opcode 319 à gérer.
dtkplt1c.itm : Opcode 319 à gérer.
bdax1h03.itm : Opcode 341 : La ressource MOSPR05.eff n'existe pas.
bdax1h03.itm : Opcode 319 à gérer.
dtkax1ha.itm : Opcode 341 : La ressource MOSPR05.eff n'existe pas.
dtkax1ha.itm : Opcode 319 à gérer.
dtkax1hb.itm : Opcode 341 : La ressource MOSPR05.eff n'existe pas.
dtkax1hb.itm : Opcode 319 à gérer.
bdclck06.itm : Opcode 122 : La ressource BDALNT01.itm n'existe pas.
bdclck06.itm : Opcode 122 : La ressource BDALNT02.itm n'existe pas.
bdclck06.itm : Opcode 122 : La ressource BDALNT03.itm n'existe pas.
bdclck06.itm : Opcode 122 : La ressource BDALNT04.itm n'existe pas.
bdclck06.itm : Opcode 122 : La ressource BDALNT05.itm n'existe pas.
bdclck06.itm : Opcode 122 : La ressource BDALNT06.itm n'existe pas.
bdclck06.itm : Opcode 122 : La ressource BDALNT07.itm n'existe pas.
hamm12.itm : Opcode 341 : La ressource MOSPR06.eff n'existe pas.
bdsw1h01.itm : Opcode 232 à gérer.
dtkswd8.itm : Opcode 232 à gérer.
dtkswd8a.itm : Opcode 232 à gérer.
dtklea1d.itm : Opcode 232 à gérer.
dtkplt3f.itm : Opcode 319 à gérer.
dtkplt3b.itm : Opcode 319 à gérer.
dtkplt3e.itm : Opcode 319 à gérer.
dtkplt3a.itm : Opcode 319 à gérer.
dtkplt3g.itm : Opcode 319 à gérer.
dtkplt3d.itm : Opcode 232 à gérer.
dtkplt3d.itm : Opcode 319 à gérer.
dtkplt3c.itm : Opcode 319 à gérer.
bdsw1h08.itm : Opcode 319 à gérer.
bdsw1h08.itm : Opcode 232 à gérer.
dtkswd06.itm : Opcode 319 à gérer.
dtkswd06.itm : Opcode 232 à gérer.
dtkswd6a.itm : Opcode 319 à gérer.
dtkswd6a.itm : Opcode 232 à gérer.
dtkswd05.itm : Opcode 232 à gérer.
dtkswd05.itm : Opcode 341 : La ressource BDSW2H01.eff n'existe pas.
dtkswd5a.itm : Opcode 232 à gérer.
dtkswd5a.itm : Opcode 341 : La ressource DTKICEL.eff n'existe pas.
bdhamm06.itm : Opcode 341 : La ressource MOSPR06.eff n'existe pas.
bdhamm06.itm : Opcode 361 à gérer.
bdhamm06.itm : Opcode 326 à gérer.
dtkham3.itm : Opcode 341 : La ressource MOSPR06.eff n'existe pas.
dtkham3.itm : Opcode 361 à gérer.
bdsw1h03.itm : Opcode 319 à gérer.
bdsw1h03.itm : Opcode 177 : La ressource BDSW1H3H.eff n'existe pas.
bdsw1h03.itm : Opcode 341 : La ressource BDSW1H03.eff n'existe pas.
bdsw1h03.itm : Opcode 177 : La ressource BDSW1H3D.eff n'existe pas.
bdsw1h03.itm : Opcode 177 : La ressource BDSW1H3D.eff n'existe pas.
dtksnow.spl : dtktdag2.itm : Opcode 146 : Nom du sort introuvable pour dtksnow.spl.
dtksnow.spl : dtktdag2.itm : Opcode 146 : Nom du sort introuvable pour dtksnow.spl.
bdhalb02.itm : Opcode 341 : La ressource MOSPR01.eff n'existe pas.
bdhalb02.itm : Opcode 341 : La ressource BDFESTER.eff n'existe pas.
bdhalb02.itm : Opcode 146 : La ressource BDHALB02.spl n'existe pas.
dtkshrd.spl : dtkswd03.itm : Opcode 146 : Nom du sort introuvable pour dtkshrd.spl.
dtkshrd.spl : dtkswd3a.itm : Opcode 146 : Nom du sort introuvable pour dtkshrd.spl.
bdsw1h14.itm : Opcode 232 à gérer.
bdsw1h14.itm : Opcode 146 : La ressource BDSW1H14.spl n'existe pas.
dtkgdrgp.itm : Opcode 319 à gérer.
dtkshld5.itm : Opcode 319 à gérer.
bddoom.spl : bdxbow02.itm : Opcode 146 : Nom du sort introuvable pour bddoom.spl.
bdbrac02.itm : Kit utilisé n'existe pas : 16398 : 0x0000400e
dtkbrac2.itm : Kit utilisé n'existe pas : 16398 : 0x0000400e
bdbelt01.itm : Opcode 321 à gérer.
dtkblt02.itm : Opcode 321 à gérer.
dtkaxe01.itm : Opcode 341 : La ressource MOSPR05.eff n'existe pas.
dtkaxe01.itm : Opcode 319 à gérer.
dtkaxe02.itm : Opcode 341 : La ressource MOSPR05.eff n'existe pas.
dtkaxe02.itm : Opcode 319 à gérer.
dtkwave.spl : dtkaxe02.itm : Opcode 146 : Nom du sort introuvable pour dtkwave.spl.
dtkaxe2a.itm : Opcode 341 : La ressource MOSPR05.eff n'existe pas.
dtkaxe2a.itm : Opcode 319 à gérer.
dtkwave.spl : dtkaxe2a.itm : Opcode 146 : Nom du sort introuvable pour dtkwave.spl.
dtkhalb1.itm : Opcode 341 : La ressource MOSPR02.eff n'existe pas.
dtkhalb2.itm : Opcode 341 : La ressource MOSPR02.eff n'existe pas.
dtkwave.spl : dtkhalb2.itm : Opcode 146 : Nom du sort introuvable pour dtkwave.spl.
dtkhalb3.itm : Opcode 341 : La ressource MOSPR02.eff n'existe pas.
dtkwave.spl : dtkhalb3.itm : Opcode 146 : Nom du sort introuvable pour dtkwave.spl.
dtkhmail.itm : Opcode 206 : La ressource BDBELDIS.spl n'existe pas.
dtkhplt.itm : Opcode 232 à gérer.
dtkhplt.itm : Opcode 206 : La ressource BDBELDIS.spl n'existe pas.
bdblun04.itm : Opcode 341 : La ressource BDBLUN04.eff n'existe pas.
dtkbln1.itm : Opcode 341 : La ressource DTKBLN1A.eff n'existe pas.
dtkbln1.itm : Opcode 341 : La ressource BDBLUN04.eff n'existe pas.
dtkbln1a.itm : Opcode 341 : La ressource DTKBLN1A.eff n'existe pas.
dtkbln1a.itm : Opcode 341 : La ressource BDBLUN04.eff n'existe pas.
dtknecro.itm : Opcode 232 à gérer.
dtknecr2.itm : Opcode 232 à gérer.
bdleat07.itm : Opcode 232 à gérer.
dtklea02.itm : Opcode 232 à gérer.
dtklea02.itm : Opcode 232 à gérer.
dtkleat3.itm : Opcode 232 à gérer.
dtkleat3.itm : Opcode 232 à gérer.
bdbrac15.itm : Opcode 361 à gérer.
bdmisc05.itm : Opcode 206 : La ressource BDBELDIS.spl n'existe pas.
dtkrdrgs.itm : Opcode 319 à gérer.
sppr203d.spl : bdring10.itm : Opcode 206 : Nom du sort introuvable pour sppr203d.spl.
sppr203e.spl : bdring10.itm : Opcode 206 : Nom du sort introuvable pour sppr203e.spl.
sppr203d.spl : dtkring1.itm : Opcode 206 : Nom du sort introuvable pour sppr203d.spl.
sppr203e.spl : dtkring1.itm : Opcode 206 : Nom du sort introuvable pour sppr203e.spl.
bdbow05.itm : Opcode 341 : La ressource MOSPR03.eff n'existe pas.
bdbow05.itm : Opcode 319 à gérer.
bdbow05.itm : Opcode 326 à gérer.
bdbow05.itm : Opcode 326 à gérer.
bdbow05.itm : Opcode 326 à gérer.
dtkdhe3a.itm : opcode 0: Traduction 10000015 manquante
dtkdhe3a.itm : FAILURE: opcode 0: Not_found
dtkdhe3b.itm : opcode 0: Traduction 10000015 manquante
dtkdhe3b.itm : FAILURE: opcode 0: Not_found
dtkdhe3c.itm : opcode 0: Traduction 10000015 manquante
dtkdhe3c.itm : FAILURE: opcode 0: Not_found
dtkplt4.itm : Opcode 319 à gérer.
dtksdrgs.itm : Opcode 319 à gérer.
bdsper01.itm : Opcode 341 : La ressource MOSPR01.eff n'existe pas.
bdsper1a.spl : bdsper01.itm : Opcode 146 : Nom du sort introuvable pour bdsper1a.spl.
bdsper1b.spl : bdsper01.itm : Opcode 146 : Nom du sort introuvable pour bdsper1b.spl.
dtksper1.itm : Opcode 341 : La ressource MOSPR01.eff n'existe pas.
bdsper1a.spl : dtksper1.itm : Opcode 146 : Nom du sort introuvable pour bdsper1a.spl.
bdsper1b.spl : dtksper1.itm : Opcode 146 : Nom du sort introuvable pour bdsper1b.spl.
dtkspr1a.itm : Opcode 341 : La ressource MOSPR01.eff n'existe pas.
dtkspr1a.itm : Opcode 341 : La ressource DTKWHIRL.eff n'existe pas.
bdsper1a.spl : dtkspr1a.itm : Opcode 146 : Nom du sort introuvable pour bdsper1a.spl.
bdsper1b.spl : dtkspr1a.itm : Opcode 146 : Nom du sort introuvable pour bdsper1b.spl.
bdbrac01.itm : Opcode 341 : La ressource BDBRAC01.eff n'existe pas.
dtklea5.itm : Opcode 232 à gérer.
dtklea5a.itm : Opcode 232 à gérer.
dtksishd.itm : Opcode 319 à gérer.
dtksilk.itm : Opcode 319 à gérer.
bdboot01.itm : Opcode 206 : La ressource BDBOW06.spl n'existe pas.
bdboot01.itm : Opcode 206 : La ressource BDSHAMB.spl n'existe pas.
bdboot01.itm : Opcode 206 : La ressource bdspidga.spl n'existe pas.
dtkboot1.itm : Opcode 206 : La ressource CDSW1H58.spl n'existe pas.
dtkboot1.itm : Opcode 206 : La ressource CDMOUND.spl n'existe pas.
dtkboot1.itm : Opcode 206 : La ressource CDHGNYA1.spl n'existe pas.
dtksolem.itm : opcode 344: Traduction 204169 manquante
dtksolem.itm : FAILURE: opcode 344: Not_found
dtkaxe03.itm : Opcode 341 : La ressource MOSPR05.eff n'existe pas.
dtkaxe03.itm : Opcode 319 à gérer.
bdhalb01.itm : Opcode 341 : La ressource MOSPR02.eff n'existe pas.
bdhalb01.itm : Opcode 361 à gérer.
bdshld02.itm : Opcode 232 à gérer.
dtkshld4.itm : Opcode 232 à gérer.
bdhamm01.itm : Opcode 341 : La ressource MOSPR06.eff n'existe pas.
dtkham02.itm : Opcode 341 : La ressource MOSPR06.eff n'existe pas.
bdsw2h03.itm : Opcode 341 : La ressource BDSW2H03.eff n'existe pas.
bdsw2h02.itm : Opcode 341 : La ressource BDSW2H02.eff n'existe pas.
bdsw2h02.itm : Opcode 177 : La ressource BDSW2H2D.eff n'existe pas.
dtkswd07.itm : Opcode 232 à gérer.
dtkswd07.itm : Opcode 324 self à gérer
dtkswd7a.itm : Opcode 232 à gérer.
dtkswd7a.itm : Opcode 324 self à gérer
dtkswd7b.itm : Opcode 232 à gérer.
dtkswd7b.itm : Opcode 324 self à gérer
dtkplat1.itm : Opcode 319 à gérer.
bdsw1h21.itm : Opcode 340 à gérer.
bdsw1h21.spl : bdsw1h21.itm : Opcode 146 : Nom du sort introuvable pour bdsw1h21.spl.
dtkswd04.itm : Opcode 340 à gérer.
dtkbldvx.spl : dtkswd04.itm : Opcode 146 : Nom du sort introuvable pour dtkbldvx.spl.
dtkskald.spl : DTKSKALD.eff : Opcode 146 : Nom du sort introuvable pour dtkskald.spl.
dtkham01.itm : Opcode 341 : La ressource MOSPR06.eff n'existe pas.
dtkdrain.spl : dtkham01.itm : Opcode 146 : Nom du sort introuvable pour dtkdrain.spl.
bdvoid.spl : dtkham01.itm : Opcode 146 : Nom du sort introuvable pour bdvoid.spl.
dtkdrain.spl : dtkswd02.itm : Opcode 146 : Nom du sort introuvable pour dtkdrain.spl.
bdvoid.spl : dtkswd02.itm : Opcode 146 : Nom du sort introuvable pour bdvoid.spl.
dtkplt3.itm : Opcode 319 à gérer.
dtkswd00.itm : Opcode 319 à gérer.
dtkwave.spl : dtkswd00.itm : Opcode 146 : Nom du sort introuvable pour dtkwave.spl.
dtkplt2.itm : Opcode 319 à gérer.
dtkwdshd.itm : Opcode 319 à gérer.
bdsumst.itm : FAILURE: opcode 214: Failure("bdsumst.itm : Opcode 214 : Lire les sorts utilisables depuis le fichier 2da dtksumst")
bowmess.itm : Opcode 341 : La ressource MOSPR03.eff n'existe pas.
cdwuff.itm : Opcode 206 : La ressource SPIN169.spl n'existe pas.
helmdef.itm : Opcode 318 self à gérer
helmdef.itm : Opcode 318 self à gérer
ohbrac02.itm : Opcode 341 : La ressource OHBRAC02.eff n'existe pas.
ringed.itm : Opcode 180 : La ressource ring08_.itm n'existe pas.
ringed.itm : Opcode 180 : La ressource bdring08.itm n'existe pas.
ringkon.itm : Opcode 180 : La ressource ring08_.itm n'existe pas.
ringkon.itm : Opcode 180 : La ressource bdring08.itm n'existe pas.
sash.itm : Opcode 318 self à gérer
u1hax2a.itm : Opcode 341 : La ressource MOSPR05.eff n'existe pas.
u1hax2a.itm : Opcode 319 à gérer.
u1hax3a.itm : Opcode 341 : La ressource MOSPR05.eff n'existe pas.
u1hax3a.itm : Opcode 319 à gérer.
u2ham5a.itm : Opcode 341 : La ressource MOSPR06.eff n'existe pas.
ubswd4b.itm : Opcode 272 à gérer.
uhalb4a.itm : Opcode 341 : La ressource MOSPR02.eff n'existe pas.
whtash.itm : Opcode 341 : La ressource MOSPR01.eff n'existe pas.
zzd5woh.itm : Opcode 319 à gérer.
zzd5woh.itm : Opcode 318 self à gérer
zzd5woh.itm : Opcode 318 self à gérer
zzd5woh.itm : Opcode 318 self à gérer
zzd5woh.itm : Opcode 318 self à gérer
zzd5woh.itm : Opcode 318 self à gérer

Total : 402

Sans description : 12

Ignores : 113

Reussis : 282

Echoues : 7

Potions (TODO): 5

Munitions (TODO) : 12

Opcodes a coder : 40
