	
mhopxvag.itm : Opcode 341 : La ressource MOSPR05.eff n'existe pas.
Mho_car1.itm : Opcode 112 à gérer.
Mho_car1.itm : Opcode 112 à gérer.
Mho_car1.itm : Opcode 112 à gérer.
Mho_car1.itm : Opcode 112 à gérer.
Mho_car1.itm : Opcode 112 à gérer.
Mho_car1.itm : Opcode 112 à gérer.
Mho_car1.itm : Opcode 112 à gérer.
Mho_car1.itm : Opcode 112 à gérer.
Mho_car1.itm : Opcode 112 à gérer.
Mho_car1.itm : Opcode 112 à gérer.
Mho_car1.itm : Opcode 112 à gérer.
Mho_car1.itm : Opcode 112 à gérer.
Mho_car1.itm : Opcode 112 à gérer.
Mho_car1.itm : Opcode 112 à gérer.
Mho_car1.itm : Opcode 112 à gérer.
Mho_car1.itm : Opcode 112 à gérer.
Mho_car1.itm : Opcode 112 à gérer.
Mho_car1.itm : Opcode 112 à gérer.
Mho_car1.itm : Opcode 112 à gérer.
Mho_car1.itm : Opcode 112 à gérer.
Mho_car1.itm : Opcode 112 à gérer.
Mho_car1.itm : Opcode 112 à gérer.
Mho_car1.itm : Opcode 112 à gérer.
Mho_car1.itm : Opcode 112 à gérer.
Mho_car1.itm : Opcode 112 à gérer.
Mho_car1.itm : Opcode 112 à gérer.
Mho_car1.itm : Opcode 112 à gérer.
Mho_car1.itm : Opcode 112 à gérer.
Mho_car1.itm : Opcode 112 à gérer.
Mho_car1.itm : Opcode 112 à gérer.
Mho_car1.itm : Opcode 112 à gérer.
Mho_car1.itm : Opcode 112 à gérer.
Mho_car1.itm : Opcode 112 à gérer.
Mho_car1.itm : Opcode 112 à gérer.
Mho_car1.itm : Opcode 112 à gérer.
CFTROLL.eff : Opcode 123 à gérer.

Total : 16

Sans description : 0

Ignores : 1

Reussis : 15

Echoues : 0

Potions (TODO): 0

Munitions (TODO) : 1

Opcodes a coder : 40
