	
bdsw1h02.spl : bdsw1h02.itm : Opcode 146 : Nom du sort introuvable pour bdsw1h02.spl.
bdsw1h02.spl : dtkswd1b.itm : Opcode 146 : Nom du sort introuvable pour bdsw1h02.spl.
bdsw1h02.spl : dtkswd1c.itm : Opcode 146 : Nom du sort introuvable pour bdsw1h02.spl.
bddagg05.spl : bddagg05.itm : Opcode 146 : Nom du sort introuvable pour bddagg05.spl.
bddagg05.spl : dtkdag1.itm : Opcode 146 : Nom du sort introuvable pour bddagg05.spl.
bddagg05.spl : dtkdag1.itm : Opcode 146 : Nom du sort introuvable pour bddagg05.spl.
bddagg05.spl : dtkdag2.itm : Opcode 146 : Nom du sort introuvable pour bddagg05.spl.
bddagg05.spl : dtkdag2.itm : Opcode 146 : Nom du sort introuvable pour bddagg05.spl.
bdxbow01.itm : Opcode 341 : La ressource BDXBOW01.eff n'existe pas.
dtkxbow1.itm : Opcode 341 : La ressource DTKXBOW1.eff n'existe pas.
bdblun07.itm : Opcode 340 à gérer.
dtkclub1.itm : Opcode 340 à gérer.
dtkclub1.itm : Opcode 324 : Immunité à une ressource (spl ou itm) différente de l'objet : BLUN17
dtkclub1.itm : Opcode 324 : Immunité à une ressource (spl ou itm) différente de l'objet : BLUN17
bdbow04.itm : Opcode 326 à gérer.
dtkshld1.itm : Opcode 197 : Réflection du type de projectile '366'
dtkshld1.itm : Opcode 197 : Réflection du type de projectile '352'
dtkshld1.itm : Opcode 197 : Réflection du type de projectile '349'
bdclck03.spl : bdclck03.itm : Opcode 232 : Nom du sort introuvable pour bdclck03.spl.
ohdheal2.spl : dtklea3d.itm : Opcode 232 : Nom du sort introuvable pour ohdheal2.spl.
ohdheal2.spl : dtkplt1d.itm : Opcode 232 : Nom du sort introuvable pour ohdheal2.spl.
bdclck06.itm : Opcode 122 : La ressource BDALNT01.itm n'existe pas.
bdclck06.itm : Opcode 122 : La ressource BDALNT02.itm n'existe pas.
bdclck06.itm : Opcode 122 : La ressource BDALNT03.itm n'existe pas.
bdclck06.itm : Opcode 122 : La ressource BDALNT04.itm n'existe pas.
bdclck06.itm : Opcode 122 : La ressource BDALNT05.itm n'existe pas.
bdclck06.itm : Opcode 122 : La ressource BDALNT06.itm n'existe pas.
bdclck06.itm : Opcode 122 : La ressource BDALNT07.itm n'existe pas.
bdcrimsn.spl : bdsw1h01.itm : Opcode 232 : Nom du sort introuvable pour bdcrimsn.spl.
bdsw1h01.itm : Opcode 321 à gérer.
bdsw1h01.itm : Opcode 321 à gérer.
bdcrimsn.spl : dtkswd8.itm : Opcode 232 : Nom du sort introuvable pour bdcrimsn.spl.
dtkswd8.itm : Opcode 321 à gérer.
dtkswd8.itm : Opcode 321 à gérer.
dtkswd8a.spl : dtkswd8a.itm : Opcode 232 : Nom du sort introuvable pour dtkswd8a.spl.
dtkswd8a.itm : Opcode 321 à gérer.
dtkswd8a.itm : Opcode 321 à gérer.
ohdheal2.spl : dtklea1d.itm : Opcode 232 : Nom du sort introuvable pour ohdheal2.spl.
ohdheal2.spl : dtkplt3d.itm : Opcode 232 : Nom du sort introuvable pour ohdheal2.spl.
bdsw1h08.spl : bdsw1h08.itm : Opcode 232 : Nom du sort introuvable pour bdsw1h08.spl.
bdsw1h08.itm : Opcode 321 à gérer.
dtkderv1.spl : dtkswd06.itm : Opcode 232 : Nom du sort introuvable pour dtkderv1.spl.
dtkswd06.itm : Opcode 321 à gérer.
dtkderv1.spl : dtkswd6a.itm : Opcode 232 : Nom du sort introuvable pour dtkderv1.spl.
dtkswd6a.itm : Opcode 321 à gérer.
dtkswd05.itm : Opcode 232: TODO parameter2 : 21 : 0 : 104
bddragbl.spl : dtkswd05.itm : Opcode 232 : Nom du sort introuvable pour bddragbl.spl.
dtkswd05.itm : Unknown macro: opcode_party_206
dtkswd05.itm : FAILURE: opcode 232: Failure("Unknown macro: opcode_party_206")
dtkswd5a.itm : Opcode 232: TODO parameter2 : 21 : 0 : 104
bddragbl.spl : dtkswd5a.itm : Opcode 232 : Nom du sort introuvable pour bddragbl.spl.
dtkswd5a.itm : Unknown macro: opcode_party_206
dtkswd5a.itm : FAILURE: opcode 232: Failure("Unknown macro: opcode_party_206")
bdhamm06.itm : Opcode 361 à gérer.
bdhamm06.itm : Opcode 326 à gérer.
dtkham3.itm : Opcode 361 à gérer.
bdsw1h03.itm : Opcode 177 : La ressource BDSW1H3H.eff n'existe pas.
bdsw1h03.itm : Opcode 341 : La ressource BDSW1H03.eff n'existe pas.
bdsw1h03.itm : Opcode 177 : La ressource BDSW1H3D.eff n'existe pas.
bdsw1h03.itm : Opcode 177 : La ressource BDSW1H3D.eff n'existe pas.
dtksnow.spl : dtktdag2.itm : Opcode 146 : Nom du sort introuvable pour dtksnow.spl.
dtksnow.spl : dtktdag2.itm : Opcode 146 : Nom du sort introuvable pour dtksnow.spl.
bdhalb02.itm : Opcode 341 : La ressource BDFESTER.eff n'existe pas.
bdhalb02.itm : Opcode 146 : La ressource bdhalb02.spl n'existe pas.
dtkshrd.spl : dtkswd03.itm : Opcode 146 : Nom du sort introuvable pour dtkshrd.spl.
dtkshrd.spl : dtkswd3a.itm : Opcode 146 : Nom du sort introuvable pour dtkshrd.spl.
bdfractl.spl : bdsw1h14.itm : Opcode 232 : Nom du sort introuvable pour bdfractl.spl.
bdsw1h14.itm : Opcode 321 à gérer.
bdsw1h14.itm : Opcode 146 : La ressource bdsw1h14.spl n'existe pas.
bddoom.spl : bdxbow02.itm : Opcode 146 : Nom du sort introuvable pour bddoom.spl.
bdbelt01.itm : Opcode 321 à gérer.
dtkblt02.itm : Opcode 321 à gérer.
dtkwave.spl : dtkaxe02.itm : Opcode 146 : Nom du sort introuvable pour dtkwave.spl.
dtkwave.spl : dtkaxe2a.itm : Opcode 146 : Nom du sort introuvable pour dtkwave.spl.
dtkwave.spl : dtkhalb2.itm : Opcode 146 : Nom du sort introuvable pour dtkwave.spl.
dtkwave.spl : dtkhalb3.itm : Opcode 146 : Nom du sort introuvable pour dtkwave.spl.
dtkhmail.itm : Opcode 206 : La ressource bdbeldis.spl n'existe pas.
dtkhplt.itm : Opcode 321 à gérer.
dtkhplt.itm : Opcode 233: Proficiency not found : 110
dtkhplt.itm : Opcode 321 à gérer.
dtkhplt.itm : Opcode 233: Proficiency not found : 110
dtkhplt.itm : Opcode 321 à gérer.
dtkhplt.itm : Opcode 233: Proficiency not found : 110
dtkhplt.itm : Opcode 321 à gérer.
dtkhplt.itm : Opcode 233: Proficiency not found : 110
dtkhplt.itm : Opcode 321 à gérer.
dtkhplt.itm : Opcode 233: Proficiency not found : 110
dtkhplt.itm : Opcode 321 à gérer.
dtkhplt.itm : Opcode 233: Proficiency not found : 110
dtkhplt.itm : Opcode 321 à gérer.
dtkhplt.itm : Opcode 233: Proficiency not found : 110
dtkhplt.itm : Opcode 321 à gérer.
dtkhplt.itm : Opcode 233: Proficiency not found : 110
dtkhplt.itm : Opcode 321 à gérer.
dtkhplt.itm : Opcode 233: Proficiency not found : 110
dtkhplt.itm : Opcode 321 à gérer.
dtkhplt.itm : Opcode 233: Proficiency not found : 110
dtkhplt.itm : Opcode 321 à gérer.
dtkhplt.itm : Opcode 233: Proficiency not found : 110
dtkhplt.itm : Opcode 321 à gérer.
dtkhplt.itm : Opcode 233: Proficiency not found : 110
dtkhplt.itm : Opcode 321 à gérer.
dtkhplt.itm : Opcode 233: Proficiency not found : 110
dtkhplt.itm : Opcode 321 à gérer.
dtkhplt.itm : Opcode 233: Proficiency not found : 110
dtkhplt.itm : Opcode 321 à gérer.
dtkhplt.itm : Opcode 233: Proficiency not found : 110
dtkhplt.itm : Opcode 321 à gérer.
dtkhplt.itm : Opcode 233: Proficiency not found : 110
dtkhplt.itm : Opcode 321 à gérer.
dtkhplt.itm : Opcode 233: Proficiency not found : 110
dtkhplt.itm : Opcode 321 à gérer.
dtkhplt.itm : Opcode 233: Proficiency not found : 110
dtkhplt.itm : Opcode 321 à gérer.
dtkhplt.itm : Opcode 233: Proficiency not found : 110
dtkhplt.itm : Opcode 321 à gérer.
dtkhplt.itm : Opcode 233: Proficiency not found : 110
dtkhplt.itm : Opcode 206 : La ressource bdbeldis.spl n'existe pas.
bdblun04.itm : Opcode 341 : La ressource BDBLUN04.eff n'existe pas.
dtkbln1.itm : Opcode 341 : La ressource DTKBLN1A.eff n'existe pas.
dtkbln1.itm : Opcode 341 : La ressource BDBLUN04.eff n'existe pas.
dtkbln1a.itm : Opcode 341 : La ressource DTKBLN1A.eff n'existe pas.
dtkbln1a.itm : Opcode 341 : La ressource BDBLUN04.eff n'existe pas.
dtknecr2.itm : Opcode 324 : Immunité à une ressource (spl ou itm) différente de l'objet : DTKNECRO
bdnighte.spl : bdleat07.itm : Opcode 232 : Nom du sort introuvable pour bdnighte.spl.
bdnighte.spl : bdleat07.itm : Opcode 206 : Nom du sort introuvable pour bdnighte.spl.
bdnighte.spl : bdleat07.itm : Opcode 206 : Nom du sort introuvable pour bdnighte.spl.
bdnighte.spl : dtklea02.itm : Opcode 232 : Nom du sort introuvable pour bdnighte.spl.
bdnighte.spl : dtklea02.itm : Opcode 206 : Nom du sort introuvable pour bdnighte.spl.
bdnighte.spl : dtklea02.itm : Opcode 206 : Nom du sort introuvable pour bdnighte.spl.
bdnighte.spl : dtkleat3.itm : Opcode 232 : Nom du sort introuvable pour bdnighte.spl.
bdnighte.spl : dtkleat3.itm : Opcode 206 : Nom du sort introuvable pour bdnighte.spl.
bdnighte.spl : dtkleat3.itm : Opcode 206 : Nom du sort introuvable pour bdnighte.spl.
bdbrac15.itm : Opcode 361 à gérer.
bdmisc05.itm : Opcode 206 : La ressource bdbeldis.spl n'existe pas.
sppr203d.spl : bdring10.itm : Opcode 206 : Nom du sort introuvable pour sppr203d.spl.
sppr203e.spl : bdring10.itm : Opcode 206 : Nom du sort introuvable pour sppr203e.spl.
sppr203d.spl : dtkring1.itm : Opcode 206 : Nom du sort introuvable pour sppr203d.spl.
sppr203e.spl : dtkring1.itm : Opcode 206 : Nom du sort introuvable pour sppr203e.spl.
bdbow05.itm : Opcode 326 à gérer.
bdbow05.itm : Opcode 326 à gérer.
bdbow05.itm : Opcode 326 à gérer.
bdsper1a.spl : bdsper01.itm : Opcode 146 : Nom du sort introuvable pour bdsper1a.spl.
bdsper1b.spl : bdsper01.itm : Opcode 146 : Nom du sort introuvable pour bdsper1b.spl.
bdsper1a.spl : dtksper1.itm : Opcode 146 : Nom du sort introuvable pour bdsper1a.spl.
bdsper1b.spl : dtksper1.itm : Opcode 146 : Nom du sort introuvable pour bdsper1b.spl.
dtkspr1a.itm : Opcode 341 : La ressource DTKWHIRL.eff n'existe pas.
bdsper1a.spl : dtkspr1a.itm : Opcode 146 : Nom du sort introuvable pour bdsper1a.spl.
bdsper1b.spl : dtkspr1a.itm : Opcode 146 : Nom du sort introuvable pour bdsper1b.spl.
bdbrac01.itm : Opcode 206 : La ressource spwi228.spl n'existe pas.
bdbrac01.itm : Opcode 341 : La ressource BDBRAC01.eff n'existe pas.
ohdheal2.spl : dtklea5.itm : Opcode 232 : Nom du sort introuvable pour ohdheal2.spl.
ohdheal2.spl : dtklea5a.itm : Opcode 232 : Nom du sort introuvable pour ohdheal2.spl.
bdboot01.itm : Opcode 206 : La ressource bdbow06.spl n'existe pas.
bdboot01.itm : Opcode 206 : La ressource bdshamb.spl n'existe pas.
bdboot01.itm : Opcode 206 : La ressource bdspidga.spl n'existe pas.
dtkboot1.itm : Opcode 206 : La ressource cdsw1h58.spl n'existe pas.
dtkboot1.itm : Opcode 206 : La ressource cdmound.spl n'existe pas.
dtkboot1.itm : Opcode 206 : La ressource cdhgnya1.spl n'existe pas.
dtksolem.itm : Opcode 177 : La ressource SW1H51A.eff n'existe pas.
dtksolem.itm : Opcode 177 : La ressource SW1H51A.eff n'existe pas.
dtksolem.itm : Opcode 177 : La ressource SW1H51A.eff n'existe pas.
dtksolem.itm : Opcode 177 : La ressource SW1H51A.eff n'existe pas.
dtksolem.itm : Opcode 177 : La ressource SW1H51A.eff n'existe pas.
dtksolem.itm : Opcode 177 : La ressource SW1H51A.eff n'existe pas.
dtksolem.itm : Opcode 177 : La ressource SW1H51A.eff n'existe pas.
dtksolem.itm : Opcode 177 : La ressource SW1H51A.eff n'existe pas.
dtksolem.itm : Opcode 177 : La ressource SW1H51A.eff n'existe pas.
dtksolem.itm : Opcode 177 : La ressource SW1H51A.eff n'existe pas.
dtksolem.itm : Opcode 146 : La ressource vorpal.spl n'existe pas.
bdhalb01.itm : Opcode 361 à gérer.
bdshld02.spl : bdshld02.itm : Opcode 232 : Nom du sort introuvable pour bdshld02.spl.
dtkshld4.itm : Opcode 326 à gérer.
bdsw2h03.itm : Opcode 341 : La ressource BDSW2H03.eff n'existe pas.
bdsw2h02.itm : Opcode 341 : La ressource BDSW2H02.eff n'existe pas.
bdsw2h02.itm : Opcode 177 : La ressource BDSW2H2D.eff n'existe pas.
dtkdvis.spl : dtkswd07.itm : Opcode 232 : Nom du sort introuvable pour dtkdvis.spl.
dtkswd07.itm : Opcode 324 : La ressource dtkvthrn.spl n'existe pas.
dtkdvis2.spl : dtkswd7a.itm : Opcode 232 : Nom du sort introuvable pour dtkdvis2.spl.
dtkswd7a.itm : Opcode 324 : La ressource dtkvthrn.spl n'existe pas.
dtkdvis3.spl : dtkswd7b.itm : Opcode 232 : Nom du sort introuvable pour dtkdvis3.spl.
dtkswd7b.itm : Opcode 324 : La ressource dtkvthrn.spl n'existe pas.
bdsw1h21.itm : Opcode 340 à gérer.
bdsw1h21.spl : bdsw1h21.itm : Opcode 146 : Nom du sort introuvable pour bdsw1h21.spl.
dtkswd04.itm : Opcode 340 à gérer.
dtkbldvx.spl : dtkswd04.itm : Opcode 146 : Nom du sort introuvable pour dtkbldvx.spl.
dtkskald.spl : DTKSKALD.eff : Opcode 146 : Nom du sort introuvable pour dtkskald.spl.
dtkdrain.spl : dtkham01.itm : Opcode 146 : Nom du sort introuvable pour dtkdrain.spl.
bdvoid.spl : dtkham01.itm : Opcode 146 : Nom du sort introuvable pour bdvoid.spl.
dtkdrain.spl : dtkswd02.itm : Opcode 146 : Nom du sort introuvable pour dtkdrain.spl.
bdvoid.spl : dtkswd02.itm : Opcode 146 : Nom du sort introuvable pour bdvoid.spl.
dtkwave.spl : dtkswd00.itm : Opcode 146 : Nom du sort introuvable pour dtkwave.spl.
bdsumst.itm : FAILURE: opcode 214: Failure("bdsumst.itm : Opcode 214 : Lire les sorts utilisables depuis le fichier 2da dtksumst")
cdwuff.itm : Opcode 206 : La ressource spin169.spl n'existe pas.
ohbrac02.itm : Opcode 341 : La ressource OHBRAC02.eff n'existe pas.
ringed.itm : Opcode 180 : La ressource ring08_.itm n'existe pas.
ringed.itm : Opcode 180 : La ressource bdring08.itm n'existe pas.
ringkon.itm : Opcode 180 : La ressource ring08_.itm n'existe pas.
ringkon.itm : Opcode 180 : La ressource bdring08.itm n'existe pas.
zzd5woh.itm : Opcode 318 : La ressource sppr423.spl n'existe pas.
zzd5woh.itm : Opcode 318 : La ressource spwi904.spl n'existe pas.
