	
ABAZRING.ITM : Opcode 206 : La ressource cdsw1h58.spl n'existe pas.
ABAZRING.ITM : Opcode 206 : La ressource cdmound.spl n'existe pas.
ABAZRING.ITM : Opcode 206 : La ressource cdhgnya1.spl n'existe pas.
ALDETH.ITM : Opcode 206 : La ressource cdsw1h58.spl n'existe pas.
ALDETH.ITM : Opcode 206 : La ressource cdmound.spl n'existe pas.
ALDETH.ITM : Opcode 206 : La ressource cdhgnya1.spl n'existe pas.
AMUL17.ITM : Opcode 321 à gérer.
AMUL17.ITM : Opcode 321 à gérer.
AMUL17.ITM : AMUL17.ITM : Opcode 206 : Nom du sort introuvable pour spin775.spl.
AX1H01.ITM : AX1H01.ITM : Opcode 146 : Nom du sort introuvable pour ax1h01.spl.
AX1H06.ITM : AX1H06.ITM : Opcode 341 : Nom du sort introuvable pour bdrhyte.spl.
AX1H06.ITM : Opcode 321 à gérer.
AX1H06.ITM : Opcode 54: Unknow target : 9 
AX1H19.ITM : Opcode 112 à gérer.
BAZPATRG.ITM : Opcode 206 : La ressource spwish27.spl n'existe pas.
BAZPATRG.ITM : Opcode 206 : La ressource spwish32.spl n'existe pas.
BAZPATRG.ITM : Opcode 206 : La ressource spwish35.spl n'existe pas.
BAZPATRG.ITM : Opcode 206 : La ressource sppr725d.spl n'existe pas.
BAZPATRG.ITM : Opcode 206 : La ressource cdsw1h58.spl n'existe pas.
BAZPATRG.ITM : Opcode 206 : La ressource cdmound.spl n'existe pas.
BAZPATRG.ITM : Opcode 206 : La ressource cdhgnya1.spl n'existe pas.
BDAX1H02.ITM : Opcode 318 : self avec parameter1 et parameter2 différent de 0
BDAX1H02.ITM : BDAX1H02.ITM : Opcode 146 : Nom du sort introuvable pour bdax1h02.spl.
BDAX1H02.ITM : BDAX1H02.ITM : Opcode 146 : Nom du sort introuvable pour bdax1h02.spl.
BDAX1H05.ITM : Opcode 318 : self avec parameter1 et parameter2 différent de 0
BDAX1H05.ITM : BDAX1H05.ITM : Opcode 146 : Nom du sort introuvable pour bdax1h05.spl.
BDAX1H05.ITM : BDAX1H05.ITM : Opcode 146 : Nom du sort introuvable pour bdax1h05.spl.
BDBELT01.ITM : Opcode 321 à gérer.
BDBLUN04.ITM : BDBLUN04.ITM : Opcode 341 : Nom du sort introuvable pour bdblun04.spl.
BDBLUN04.ITM : FAILURE: opcode 12: Failure("BDBLUN04.ITM : Type de degat '3' pour le opcode 12 pas encore gere")
BDBLUN04.ITM : FAILURE: opcode 341: Failure("Opcode 12: Failure(\"BDBLUN04.ITM : Type de degat '3' pour le opcode 12 pas encore gere\")")
BDBLUN07.ITM : BDBLUN07.ITM : Opcode 340 : Nom du sort introuvable pour bdblun07.spl.
BDBOOT01.ITM : BDBOOT01.ITM : Opcode 206 : Nom du sort introuvable pour bdbow06.spl.
BDBOOT01.ITM : BDBOOT01.ITM : Opcode 206 : Nom du sort introuvable pour bdshamb.spl.
BDBOW01.ITM : Opcode 318 : self avec parameter1 et parameter2 différent de 0
BDBOW01.ITM : BDBOW01.ITM : Opcode 146 : Nom du sort introuvable pour bdbow01.spl.
BDBOW02.ITM : BDBOW02.ITM : Opcode 341 : Nom du sort introuvable pour bdbow02.spl.
BDBOW03.ITM : BDBOW03.ITM : Opcode 146 : Nom du sort introuvable pour bdfleshr.spl.
BDBOW04.ITM : Opcode 326 à gérer.
BDBOW05.ITM : Opcode 326 à gérer.
BDBOW05.ITM : Opcode 326 à gérer.
BDBOW05.ITM : Opcode 326 à gérer.
BDBOW06.ITM : BDBOW06.ITM : Opcode 146 : Nom du sort introuvable pour bdbow06.spl.
BDBRAC01.ITM : BDBRAC01.ITM : Opcode 341 : Nom du sort introuvable pour bdbrac01.spl.
BDBRAC15.ITM : BDBRAC15.ITM : Opcode 361 : Nom du sort introuvable pour bdbrac15.spl.
BDCHAN04.ITM : BDCHAN04.ITM : Opcode 146 : Nom du sort introuvable pour bdchan04.spl.
BDCHANCA.ITM : BDCHANCA.ITM : Opcode 206 : Nom du sort introuvable pour bdbeldis.spl.
BDCLCK03.ITM : BDCLCK03.ITM : Opcode 232 : Nom du sort introuvable pour bdclck03.spl.
BDCONSTR.ITM : Opcode 206 : La ressource sppr422.spl n'existe pas.
BDDAGG03.ITM : BDDAGG03.ITM : Opcode 122 : Nom de l'objet introuvable pour RNDGEM01.itm.
BDDAGG03.ITM : BDDAGG03.ITM : Opcode 122 : Nom de l'objet introuvable pour RNDGEM02.itm.
BDDAGG03.ITM : BDDAGG03.ITM : Opcode 122 : Nom de l'objet introuvable pour RNDGEM03.itm.
BDDAGG03.ITM : BDDAGG03.ITM : Opcode 122 : Nom de l'objet introuvable pour RNDGEM04.itm.
BDDAGG05.ITM : BDDAGG05.ITM : Opcode 146 : Nom du sort introuvable pour bddagg05.spl.
BDDTRAI.ITM : Opcode 206 : La ressource spin642.spl n'existe pas.
BDDTRAI.ITM : Opcode 206 : La ressource bhaal1a.spl n'existe pas.
BDDTRAI.ITM : Opcode 206 : La ressource spin551.spl n'existe pas.
BDDTRAI.ITM : Opcode 206 : La ressource sppr215.spl n'existe pas.
BDFF1000.ITM : opcode 101: Traduction 11010007 manquante
BDFF1000.ITM : FAILURE: opcode 101: Not_found
BDFF1002.ITM : opcode 101: Traduction 11010007 manquante
BDFF1002.ITM : FAILURE: opcode 101: Not_found
BDGASIM.ITM : Opcode 206 : La ressource spin642.spl n'existe pas.
BDGOGH01.ITM : BDGOGH01.ITM : Opcode 341 : Nom du sort introuvable pour bdsha06a.spl.
BDGOGH01.ITM : Opcode 318 : Immunité à une ressource (spl ou itm) différente de l'objet : BDSHA06A
BDGOGH01.ITM : Opcode 318 : self avec parameter1 et parameter2 différent de 0
BDHALB02.ITM : BDHALB02.ITM : Opcode 341 : Nom du sort introuvable pour bdfester.spl.
BDHALB02.ITM : Opcode 318 : Immunité à une ressource (spl ou itm) différente de l'objet : BDFESTER
BDHALB02.ITM : Opcode 318 : Immunité à une ressource (spl ou itm) différente de l'objet : BDFESTER
BDHALB02.ITM : Opcode 318 : Immunité à une ressource (spl ou itm) différente de l'objet : BDFESTER
BDHALB02.ITM : Opcode 321 à gérer.
BDHALB02.ITM : BDHALB02.ITM : Opcode 146 : Nom du sort introuvable pour bdhalb02.spl.
BDHALB03.ITM : Opcode 326 à gérer.
BDHAMM02.ITM : BDHAMM02.ITM : Opcode 146 : Nom du sort introuvable pour bdvoid.spl.
BDHAMM06.ITM : BDHAMM06.ITM : Opcode 361 : Nom du sort introuvable pour bdhamm6b.spl.
BDHAMM06.ITM : Opcode 326 à gérer.
BDHELM17.ITM : BDHELM17.ITM : Opcode 146 : Nom du sort introuvable pour bdhelm17.spl.
BDIMMGAS.ITM : Opcode 206 : La ressource spin642.spl n'existe pas.
BDLEAT06.ITM : BDLEAT06.ITM : Opcode 206 : Nom du sort introuvable pour bdbow06.spl.
BDLEAT06.ITM : BDLEAT06.ITM : Opcode 206 : Nom du sort introuvable pour bdshamb.spl.
BDLEAT07.ITM : BDLEAT07.ITM : Opcode 232 : Nom du sort introuvable pour bdnighte.spl.
BDLEAT07.ITM : BDLEAT07.ITM : Opcode 206 : Nom du sort introuvable pour bdnighte.spl.
BDLEAT07.ITM : BDLEAT07.ITM : Opcode 206 : Nom du sort introuvable pour bdnighte.spl.
BDMEPSUT.ITM : Opcode 206 : La ressource sppr215.spl n'existe pas.
BDMISC05.ITM : BDMISC05.ITM : Opcode 206 : Nom du sort introuvable pour bdbeldis.spl.
BDMISC1B.ITM : opcode 101: Traduction 11010177 manquante
BDMISC1B.ITM : FAILURE: opcode 101: Not_found
BDMISC1C.ITM : opcode 101: Traduction 11010177 manquante
BDMISC1C.ITM : FAILURE: opcode 101: Not_found
BDNEOIMM.ITM : BDNEOIMM.ITM : Opcode 206 : Nom du sort introuvable pour bdmucous.spl.
BDRING09.ITM : Opcode 206 : La ressource cdsw1h58.spl n'existe pas.
BDRING09.ITM : Opcode 206 : La ressource cdmound.spl n'existe pas.
BDRING09.ITM : Opcode 206 : La ressource cdhgnya1.spl n'existe pas.
BDSHLD02.ITM : BDSHLD02.ITM : Opcode 232 : Nom du sort introuvable pour bdshld02.spl.
BDSHLD08.ITM : BDSHLD08.ITM : Opcode 232 : Nom du sort introuvable pour bdshblod.spl.
BDSHLD08.ITM : BDSHLD08.ITM : Opcode 206 : Nom du sort introuvable pour bdshblod.spl.
BDSHLD08.ITM : BDSHLD08.ITM : Opcode 206 : Nom du sort introuvable pour bdshblod.spl.
BDSPER01.ITM : BDSPER01.ITM : Opcode 146 : Nom du sort introuvable pour bdsper1a.spl.
BDSPIRIM.ITM : BDSPIRIM.ITM : Opcode 206 : Nom du sort introuvable pour bdbeldis.spl.
BDSPNAIM.ITM : BDSPNAIM.ITM : Opcode 206 : Nom du sort introuvable pour bdbeldis.spl.
BDSW1H01.ITM : BDSW1H01.ITM : Opcode 232 : Nom du sort introuvable pour bdcrimsn.spl.
BDSW1H01.ITM : Opcode 321 à gérer.
BDSW1H01.ITM : Opcode 321 à gérer.
BDSW1H02.ITM : BDSW1H02.ITM : Opcode 146 : Nom du sort introuvable pour bdsw1h02.spl.
BDSW1H03.ITM : BDSW1H03.ITM : Opcode 341 : Nom du sort introuvable pour bdsw1h03.spl.
BDSW1H03.ITM : Opcode 326 à gérer.
BDSW1H03.ITM : Opcode 326 à gérer.
BDSW1H06.ITM : BDSW1H06.ITM : Opcode 146 : Nom du sort introuvable pour bdvoid.spl.
BDSW1H08.ITM : BDSW1H08.ITM : Opcode 232 : Nom du sort introuvable pour bdsw1h08.spl.
BDSW1H08.ITM : Opcode 321 à gérer.
BDSW1H14.ITM : BDSW1H14.ITM : Opcode 232 : Nom du sort introuvable pour bdfractl.spl.
BDSW1H14.ITM : Opcode 321 à gérer.
BDSW1H14.ITM : BDSW1H14.ITM : Opcode 146 : Nom du sort introuvable pour bdsw1h14.spl.
BDSW1H21.ITM : BDSW1H21.ITM : Opcode 340 : Nom du sort introuvable pour bdstrdrn.spl.
BDSW1H21.ITM : Opcode 321 à gérer.
BDSW1H21.ITM : Opcode 321 à gérer.
BDSW1H21.ITM : Opcode 44: Unknow target : 9 
BDSW1H21.ITM : BDSW1H21.ITM : Opcode 146 : Nom du sort introuvable pour bdsw1h21.spl.
BDSW1H25.ITM : BDSW1H25.ITM : Opcode 341 : Nom du sort introuvable pour bdsw1h25.spl.
BDSW2H01.ITM : BDSW2H01.ITM : Opcode 232 : Nom du sort introuvable pour bddragbl.spl.
BDSW2H01.ITM : BDSW2H01.ITM : Opcode 206 : Nom du sort introuvable pour bddragbl.spl.
BDSW2H01.ITM : BDSW2H01.ITM : Opcode 206 : Nom du sort introuvable pour bddragbl.spl.
BDSW2H01.ITM : BDSW2H01.ITM : Opcode 341 : Nom du sort introuvable pour bdsw2h01.spl.
BDSW2H01.ITM : Opcode 321 à gérer.
BDSW2H02.ITM : BDSW2H02.ITM : Opcode 341 : Nom du sort introuvable pour bdsw2h02.spl.
BDSW2H02.ITM : Opcode 326 à gérer.
BDSW2H03.ITM : BDSW2H03.ITM : Opcode 341 : Nom du sort introuvable pour bdsw2h03.spl.
BDTROLL1.ITM : BDTROLL1.ITM : Opcode 232 : Nom du sort introuvable pour bdtroll1.spl.
BDXBOW01.ITM : BDXBOW01.ITM : Opcode 341 : Nom du sort introuvable pour bdxbow01.spl.
BDXBOW02.ITM : BDXBOW02.ITM : Opcode 146 : Nom du sort introuvable pour bddoom.spl.
BEHOLDER.ITM : Opcode 206 : La ressource cdsw1h58.spl n'existe pas.
BEHOLDER.ITM : Opcode 206 : La ressource cdmound.spl n'existe pas.
BEHOLDER.ITM : Opcode 206 : La ressource cdhgnya1.spl n'existe pas.
BHAALHP1.ITM : Opcode 206 : La ressource sareveff.spl n'existe pas.
BHAALIMM.ITM : Opcode 206 : La ressource sareveff.spl n'existe pas.
BLUN02.ITM : BLUN02.ITM : Opcode 146 : Nom du sort introuvable pour blun02.spl.
BLUN04.ITM : BLUN04.ITM : Opcode 146 : Nom du sort introuvable pour blun04.spl.
BLUN06.ITM : BLUN06.ITM : Opcode 146 : Nom du sort introuvable pour blun06.spl.
BLUN08.ITM : BLUN08.ITM : Opcode 146 : Nom du sort introuvable pour blun08.spl.
BLUN38.ITM : BLUN38.ITM : Opcode 232 : Nom du sort introuvable pour blun38.spl.
BPRNG1.ITM : BPRNG1.ITM : Opcode 206 : Nom du sort introuvable pour sw2h01b.spl.
BPRNG1.ITM : BPRNG1.ITM : Opcode 206 : Nom du sort introuvable pour sw2h01.spl.
BPRNG1.ITM : BPRNG1.ITM : Opcode 206 : Nom du sort introuvable pour sw1h21.spl.
BPRNG1.ITM : BPRNG1.ITM : Opcode 206 : Nom du sort introuvable pour sw1h20.spl.
BPRNG1.ITM : BPRNG1.ITM : Opcode 206 : Nom du sort introuvable pour sw1h17.spl.
BPRNG1.ITM : BPRNG1.ITM : Opcode 206 : Nom du sort introuvable pour sw1h12.spl.
BPRNG1.ITM : BPRNG1.ITM : Opcode 206 : Nom du sort introuvable pour sw1h07.spl.
BPRNG1.ITM : BPRNG1.ITM : Opcode 206 : Nom du sort introuvable pour sw1h04.spl.
BPRNG1.ITM : BPRNG1.ITM : Opcode 206 : Nom du sort introuvable pour sw1h01.spl.
CATRING.ITM : FAILURE: opcode 1: Not_found
CATTAC1.ITM : CATTAC1.ITM : Opcode 146 : Nom du sort introuvable pour cattac1.spl.
CHALCY3.ITM : CHALCY3.ITM : Opcode 206 : Nom du sort introuvable pour spin775.spl.
CHALCY3.ITM : Opcode 321 à gérer.
CHALCY3.ITM : Opcode 321 à gérer.
CHALCY3.ITM : CHALCY3.ITM : Opcode 206 : Nom du sort introuvable pour spin775.spl.
CLCK04.ITM : Opcode 172 : La ressource spinhum.spl n'existe pas.
CLCK24.ITM : Opcode 197 : Réflection du type de projectile '205'
CLCK24.ITM : Opcode 197 : Réflection du type de projectile '320'
DAGG01.ITM : DAGG01.ITM : Opcode 146 : Nom du sort introuvable pour dagg01.spl.
DAGG06.ITM : DAGG06.ITM : Opcode 146 : Nom du sort introuvable pour dagg06.spl.
DAGG07.ITM : DAGG07.ITM : Opcode 146 : Nom du sort introuvable pour dagg07.spl.
DRAGRING.ITM : Opcode 206 : La ressource cdsw1h58.spl n'existe pas.
DRAGRING.ITM : Opcode 206 : La ressource cdmound.spl n'existe pas.
DRAGRING.ITM : Opcode 206 : La ressource cdhgnya1.spl n'existe pas.
ETTERC.ITM : Opcode 318 : self avec parameter1 et parameter2 différent de 0
ETTERC.ITM : Opcode 318 : self avec parameter1 et parameter2 différent de 0
FINMEL01.ITM : Opcode 206 : La ressource sareveff.spl n'existe pas.
FREERING.ITM : Opcode 206 : La ressource cdsw1h58.spl n'existe pas.
FREERING.ITM : Opcode 206 : La ressource cdmound.spl n'existe pas.
FREERING.ITM : Opcode 206 : La ressource cdhgnya1.spl n'existe pas.
FSSPIR.ITM : Opcode 206 : La ressource spwish27.spl n'existe pas.
FSSPIR.ITM : Opcode 206 : La ressource spwish32.spl n'existe pas.
FSSPIR.ITM : Opcode 206 : La ressource spwish35.spl n'existe pas.
FSSPIR.ITM : Opcode 206 : La ressource sppr725d.spl n'existe pas.
FSSPIR.ITM : Opcode 206 : La ressource cdsw1h58.spl n'existe pas.
FSSPIR.ITM : Opcode 206 : La ressource cdmound.spl n'existe pas.
FSSPIR.ITM : Opcode 206 : La ressource cdhgnya1.spl n'existe pas.
GBASIL.ITM : Opcode 318 : self avec parameter1 et parameter2 différent de 0
GBASIL.ITM : Opcode 318 : self avec parameter1 et parameter2 différent de 0
GISPID.ITM : Opcode 318 : self avec parameter1 et parameter2 différent de 0
GISPID.ITM : Opcode 318 : self avec parameter1 et parameter2 différent de 0
GORAIR.ITM : Opcode 206 : La ressource spwi025.spl n'existe pas.
GORAIR.ITM : Opcode 206 : La ressource spwi026.spl n'existe pas.
GORAIR.ITM : Opcode 206 : La ressource spwi027.spl n'existe pas.
GORAIR.ITM : Opcode 206 : La ressource spin643.spl n'existe pas.
GORCHR.ITM : Opcode 206 : La ressource cdsw1h58.spl n'existe pas.
GORCHR.ITM : Opcode 206 : La ressource cdmound.spl n'existe pas.
GORCHR.ITM : Opcode 206 : La ressource cdhgnya1.spl n'existe pas.
GORCHR.ITM : Opcode 206 : La ressource sppr730.spl n'existe pas.
GORCHR.ITM : GORCHR.ITM : Opcode 206 : Nom du sort introuvable pour spwi403d.spl.
GORCHR.ITM : GORCHR.ITM : Opcode 206 : Nom du sort introuvable pour spwi418d.spl.
GORCHR.ITM : Opcode 206 : La ressource sppr730d.spl n'existe pas.
GORMISTI.ITM : Opcode 206 : La ressource spin628.spl n'existe pas.
GORMISTI.ITM : Opcode 206 : La ressource spin616.spl n'existe pas.
GORMISTP.ITM : Opcode 206 : La ressource spin642.spl n'existe pas.
HALB01.ITM : HALB01.ITM : Opcode 146 : Nom du sort introuvable pour halb01.spl.
HAMM01.ITM : HAMM01.ITM : Opcode 146 : Nom du sort introuvable pour hamm01.spl.
HARM.ITM : FAILURE: opcode 12: Failure("HARM.ITM : Type de degat '4194305' pour le opcode 12 pas encore gere")
HELM35.ITM : Opcode 83: TODO: self_probability
HOLDRING.ITM : Opcode 206 : La ressource spwish27.spl n'existe pas.
HOLDRING.ITM : Opcode 206 : La ressource spwish32.spl n'existe pas.
HOLDRING.ITM : Opcode 206 : La ressource spwish35.spl n'existe pas.
HOLDRING.ITM : Opcode 206 : La ressource sppr725d.spl n'existe pas.
HOLDRING.ITM : Opcode 206 : La ressource cdsw1h58.spl n'existe pas.
HOLDRING.ITM : Opcode 206 : La ressource cdmound.spl n'existe pas.
HOLDRING.ITM : Opcode 206 : La ressource cdhgnya1.spl n'existe pas.
HUSPID.ITM : Opcode 318 : self avec parameter1 et parameter2 différent de 0
HUSPID.ITM : Opcode 318 : self avec parameter1 et parameter2 différent de 0
IMMCLOUD.ITM : Opcode 83 : Type de projectile '94'
IMMUNE3.ITM : Opcode 233: Proficiency not found : 128
INVULNER.ITM : Opcode 206 : La ressource spwish27.spl n'existe pas.
INVULNER.ITM : Opcode 206 : La ressource spwish32.spl n'existe pas.
INVULNER.ITM : Opcode 206 : La ressource spwish35.spl n'existe pas.
INVULNER.ITM : Opcode 206 : La ressource sppr725d.spl n'existe pas.
INVULNER.ITM : Opcode 206 : La ressource cdsw1h58.spl n'existe pas.
INVULNER.ITM : Opcode 206 : La ressource cdmound.spl n'existe pas.
INVULNER.ITM : Opcode 206 : La ressource cdhgnya1.spl n'existe pas.
IPSION.ITM : IPSION.ITM : Opcode 206 : Nom du sort introuvable pour spin775.spl.
IPSION.ITM : Opcode 321 à gérer.
IPSION.ITM : Opcode 321 à gérer.
IPSION.ITM : IPSION.ITM : Opcode 206 : Nom du sort introuvable pour spin775.spl.
JWSUPER.ITM : Opcode 206 : La ressource cdsw1h58.spl n'existe pas.
JWSUPER.ITM : Opcode 206 : La ressource cdmound.spl n'existe pas.
JWSUPER.ITM : Opcode 206 : La ressource cdhgnya1.spl n'existe pas.
MAGE05.ITM : Opcode 206 : La ressource cdsw1h58.spl n'existe pas.
MAGE05.ITM : Opcode 206 : La ressource cdmound.spl n'existe pas.
MAGE05.ITM : Opcode 206 : La ressource cdhgnya1.spl n'existe pas.
MAGEAMUL.ITM : Opcode 112 à gérer.
NISHRUU.ITM : Opcode 243 à gérer.
PHSPID.ITM : Opcode 318 : self avec parameter1 et parameter2 différent de 0
PHSPID.ITM : Opcode 318 : self avec parameter1 et parameter2 différent de 0
PLYJELLY.ITM : Opcode 318 : La ressource wand13.spl n'existe pas.
PLYWYVRN.ITM : Opcode 206 : La ressource cdhgnya1.spl n'existe pas.
PLYWYVRN.ITM : Opcode 206 : La ressource cdmound.spl n'existe pas.
PLYWYVRN.ITM : Opcode 206 : La ressource cdsw1h58.spl n'existe pas.
PRINCES2.ITM : PRINCES2.ITM : Opcode 146 : Nom du sort introuvable pour ohsmode3.spl.
RAKRING.ITM : Opcode 206 : La ressource sppr725d.spl n'existe pas.
RING09.ITM : Opcode 206 : La ressource cdsw1h58.spl n'existe pas.
RING09.ITM : Opcode 206 : La ressource cdmound.spl n'existe pas.
RING09.ITM : Opcode 206 : La ressource cdhgnya1.spl n'existe pas.
RING97.ITM : Opcode 206 : La ressource cdsw1h58.spl n'existe pas.
RING97.ITM : Opcode 206 : La ressource cdmound.spl n'existe pas.
RING97.ITM : Opcode 206 : La ressource cdhgnya1.spl n'existe pas.
RINGWOLF.ITM : opcode 120: Traduction 11200014 manquante
RINGWOLF.ITM : FAILURE: opcode 120: Not_found
SALGRFIR.ITM : SALGRFIR.ITM : Opcode 232 : Nom du sort introuvable pour spwi418d.spl.
SALGRICE.ITM : SALGRICE.ITM : Opcode 232 : Nom du sort introuvable pour spwi403d.spl.
SAREVIMM.ITM : Opcode 206 : La ressource sareveff.spl n'existe pas.
SHLD08P.ITM : Opcode 326 à gérer.
SHLD08P.ITM : Opcode 318 : Immunité à une ressource (spl ou itm) différente de l'objet : SPWI413
SHLD08P.ITM : SHLD08P.ITM : Opcode 146 : Nom du sort introuvable pour spwi413a.spl.
SHLD08P.ITM : Opcode 326 à gérer.
SHLD08P.ITM : Opcode 318 : Immunité à une ressource (spl ou itm) différente de l'objet : SPWI413
SHLD08P.ITM : SHLD08P.ITM : Opcode 146 : Nom du sort introuvable pour spwi413a.spl.
SHLD08P.ITM : SHLD08P.ITM : Opcode 232 : Nom du sort introuvable pour sppr951d.spl.
SHLD08P.ITM : SHLD08P.ITM : Opcode 232 : Nom du sort introuvable pour sppr951d.spl.
SHLD08P.ITM : SHLD08P.ITM : Opcode 232 : Nom du sort introuvable pour sppr951d.spl.
SHLD08P.ITM : SHLD08P.ITM : Opcode 232 : Nom du sort introuvable pour sppr951d.spl.
SHLD08P.ITM : SHLD08P.ITM : Opcode 232 : Nom du sort introuvable pour sppr951d.spl.
SHLD08P.ITM : SHLD08P.ITM : Opcode 232 : Nom du sort introuvable pour sppr951d.spl.
SHLD08P.ITM : SHLD08P.ITM : Opcode 232 : Nom du sort introuvable pour sppr951d.spl.
SHLD08P.ITM : SHLD08P.ITM : Opcode 232 : Nom du sort introuvable pour sppr951d.spl.
SHLD08P.ITM : SHLD08P.ITM : Opcode 232 : Nom du sort introuvable pour sppr951d.spl.
SHLD08P.ITM : SHLD08P.ITM : Opcode 232 : Nom du sort introuvable pour sppr951d.spl.
SHLD08P.ITM : SHLD08P.ITM : Opcode 232 : Nom du sort introuvable pour sppr951d.spl.
SHLD08P.ITM : SHLD08P.ITM : Opcode 232 : Nom du sort introuvable pour sppr951d.spl.
SHLD08P.ITM : SHLD08P.ITM : Opcode 232 : Nom du sort introuvable pour sppr951d.spl.
SHLD08P.ITM : SHLD08P.ITM : Opcode 232 : Nom du sort introuvable pour sppr951d.spl.
SPER01.ITM : SPER01.ITM : Opcode 146 : Nom du sort introuvable pour sper01.spl.
SPRNGB01.ITM : opcode 101: Traduction 11010151 manquante
SPRNGB01.ITM : FAILURE: opcode 101: Not_found
SPRNGB02.ITM : opcode 101: Traduction 11010151 manquante
SPRNGB02.ITM : FAILURE: opcode 101: Not_found
SPRNGB03.ITM : Opcode 206 : La ressource cdsw1h58.spl n'existe pas.
SPRNGB03.ITM : Opcode 206 : La ressource cdmound.spl n'existe pas.
SPRNGB03.ITM : Opcode 206 : La ressource cdhgnya1.spl n'existe pas.
SPRNGB03.ITM : opcode 101: Traduction 11010151 manquante
SPRNGB03.ITM : FAILURE: opcode 101: Not_found
SPRNGB04.ITM : Opcode 206 : La ressource cdsw1h58.spl n'existe pas.
SPRNGB04.ITM : Opcode 206 : La ressource cdmound.spl n'existe pas.
SPRNGB04.ITM : Opcode 206 : La ressource cdhgnya1.spl n'existe pas.
SPRNGB04.ITM : opcode 101: Traduction 11010151 manquante
SPRNGB04.ITM : FAILURE: opcode 101: Not_found
SPRNGL01.ITM : opcode 101: Traduction 11010151 manquante
SPRNGL01.ITM : FAILURE: opcode 101: Not_found
SPRNGL02.ITM : opcode 101: Traduction 11010151 manquante
SPRNGL02.ITM : FAILURE: opcode 101: Not_found
SPRNGL03.ITM : Opcode 206 : La ressource cdsw1h58.spl n'existe pas.
SPRNGL03.ITM : Opcode 206 : La ressource cdmound.spl n'existe pas.
SPRNGL03.ITM : Opcode 206 : La ressource cdhgnya1.spl n'existe pas.
SPRNGL03.ITM : opcode 101: Traduction 11010151 manquante
SPRNGL03.ITM : FAILURE: opcode 101: Not_found
SPRNGL04.ITM : Opcode 206 : La ressource cdsw1h58.spl n'existe pas.
SPRNGL04.ITM : Opcode 206 : La ressource cdmound.spl n'existe pas.
SPRNGL04.ITM : Opcode 206 : La ressource cdhgnya1.spl n'existe pas.
SPRNGL04.ITM : opcode 101: Traduction 11010151 manquante
SPRNGL04.ITM : FAILURE: opcode 101: Not_found
SPRNGS01.ITM : Opcode 206 : La ressource cdsw1h58.spl n'existe pas.
SPRNGS01.ITM : Opcode 206 : La ressource cdmound.spl n'existe pas.
SPRNGS01.ITM : Opcode 206 : La ressource cdhgnya1.spl n'existe pas.
SPRNGS01.ITM : opcode 101: Traduction 11010151 manquante
SPRNGS01.ITM : FAILURE: opcode 101: Not_found
SPRNGS02.ITM : Opcode 206 : La ressource cdsw1h58.spl n'existe pas.
SPRNGS02.ITM : Opcode 206 : La ressource cdmound.spl n'existe pas.
SPRNGS02.ITM : Opcode 206 : La ressource cdhgnya1.spl n'existe pas.
SPRNGS02.ITM : opcode 101: Traduction 11010151 manquante
SPRNGS02.ITM : FAILURE: opcode 101: Not_found
SPRNGS03.ITM : Opcode 206 : La ressource cdsw1h58.spl n'existe pas.
SPRNGS03.ITM : Opcode 206 : La ressource cdmound.spl n'existe pas.
SPRNGS03.ITM : Opcode 206 : La ressource cdhgnya1.spl n'existe pas.
SPRNGS03.ITM : opcode 101: Traduction 11010151 manquante
SPRNGS03.ITM : FAILURE: opcode 101: Not_found
SPRNGS04.ITM : Opcode 206 : La ressource cdsw1h58.spl n'existe pas.
SPRNGS04.ITM : Opcode 206 : La ressource cdmound.spl n'existe pas.
SPRNGS04.ITM : Opcode 206 : La ressource cdhgnya1.spl n'existe pas.
SPRNGS04.ITM : opcode 101: Traduction 11010151 manquante
SPRNGS04.ITM : FAILURE: opcode 101: Not_found
SPRNGW01.ITM : opcode 101: Traduction 11010151 manquante
SPRNGW01.ITM : FAILURE: opcode 101: Not_found
SPRNGW02.ITM : opcode 101: Traduction 11010151 manquante
SPRNGW02.ITM : FAILURE: opcode 101: Not_found
SPRNGW03.ITM : opcode 101: Traduction 11010151 manquante
SPRNGW03.ITM : FAILURE: opcode 101: Not_found
SPRNGW04.ITM : opcode 101: Traduction 11010151 manquante
SPRNGW04.ITM : FAILURE: opcode 101: Not_found
SPRNGZ05.ITM : Opcode 206 : La ressource cdsw1h58.spl n'existe pas.
SPRNGZ05.ITM : Opcode 206 : La ressource cdmound.spl n'existe pas.
SPRNGZ05.ITM : Opcode 206 : La ressource cdhgnya1.spl n'existe pas.
SPRNGZ05.ITM : opcode 101: Traduction 11010151 manquante
SPRNGZ05.ITM : FAILURE: opcode 101: Not_found
SUREHP1.ITM : Opcode 206 : La ressource cdsw1h58.spl n'existe pas.
SUREHP1.ITM : Opcode 206 : La ressource cdmound.spl n'existe pas.
SUREHP1.ITM : Opcode 206 : La ressource cdhgnya1.spl n'existe pas.
SW1H01.ITM : SW1H01.ITM : Opcode 146 : Nom du sort introuvable pour sw1h01.spl.
SW1H04.ITM : SW1H04.ITM : Opcode 146 : Nom du sort introuvable pour sw1h04.spl.
SW1H07.ITM : SW1H07.ITM : Opcode 146 : Nom du sort introuvable pour sw1h07.spl.
SW1H12.ITM : SW1H12.ITM : Opcode 146 : Nom du sort introuvable pour sw1h12.spl.
SW1H17.ITM : SW1H17.ITM : Opcode 146 : Nom du sort introuvable pour sw1h17.spl.
SW1H20.ITM : SW1H20.ITM : Opcode 146 : Nom du sort introuvable pour sw1h20.spl.
SW1H21.ITM : SW1H21.ITM : Opcode 146 : Nom du sort introuvable pour sw1h21.spl.
SW1P01.ITM : Unknown macro: opcode_target_233
SW1P01.ITM : FAILURE: opcode 232: Failure("Unknown macro: opcode_target_233")
SW2H01.ITM : SW2H01.ITM : Opcode 146 : Nom du sort introuvable pour sw2h01.spl.
SW2H01B.ITM : SW2H01B.ITM : Opcode 146 : Nom du sort introuvable pour sw2h01b.spl.
SW2H06.ITM : Opcode 206 : La ressource cdsw1h58.spl n'existe pas.
SW2H06.ITM : Opcode 206 : La ressource cdmound.spl n'existe pas.
SW2H06.ITM : Opcode 206 : La ressource cdhgnya1.spl n'existe pas.
SW2HD1.ITM : SW2HD1.ITM : Opcode 232 : Nom du sort introuvable pour ohdsw2.spl.
SW2HD1.ITM : SW2HD1.ITM : Opcode 206 : Nom du sort introuvable pour ohdsw1.spl.
SW2HD1.ITM : SW2HD1.ITM : Opcode 206 : Nom du sort introuvable pour ohdsw2.spl.
SW2HD1.ITM : SW2HD1.ITM : Opcode 232 : Nom du sort introuvable pour ohdsw1.spl.
SW2HD1.ITM : opcode 221: Traduction 100214 manquante
SW2HD1.ITM : opcode 221: Traduction 100214 manquante
TROLLREG.ITM : TROLLREG.ITM : Opcode 232 : Nom du sort introuvable pour trollreg.spl.
TROLLREG.ITM : Opcode 112 à gérer.
TROLLREG.ITM : Opcode 112 à gérer.
TROLLREG.ITM : TROLLREG.ITM : Opcode 143 : Nom de l'objet introuvable pour MONHP1.itm.
UNIAMN.ITM : opcode 101: Traduction 11010007 manquante
UNIAMN.ITM : FAILURE: opcode 101: Not_found
UNIBAND.ITM : opcode 101: Traduction 11010007 manquante
UNIBAND.ITM : FAILURE: opcode 101: Not_found
UNIBBEG.ITM : opcode 101: Traduction 11010007 manquante
UNIBBEG.ITM : FAILURE: opcode 101: Not_found
UNICAEL.ITM : opcode 101: Traduction 11010007 manquante
UNICAEL.ITM : FAILURE: opcode 101: Not_found
UNICAND.ITM : opcode 101: Traduction 11010007 manquante
UNICAND.ITM : FAILURE: opcode 101: Not_found
UNICHILL.ITM : opcode 101: Traduction 11010007 manquante
UNICHILL.ITM : FAILURE: opcode 101: Not_found
UNIDAGG.ITM : opcode 101: Traduction 11010007 manquante
UNIDAGG.ITM : FAILURE: opcode 101: Not_found
UNIDRSH.ITM : opcode 101: Traduction 11010007 manquante
UNIDRSH.ITM : FAILURE: opcode 101: Not_found
UNIDRUID.ITM : opcode 101: Traduction 11010007 manquante
UNIDRUID.ITM : FAILURE: opcode 101: Not_found
UNIFAI.ITM : opcode 101: Traduction 11010007 manquante
UNIFAI.ITM : FAILURE: opcode 101: Not_found
UNIFLAM.ITM : opcode 101: Traduction 11010007 manquante
UNIFLAM.ITM : FAILURE: opcode 101: Not_found
UNILATH1.ITM : opcode 101: Traduction 11010007 manquante
UNILATH1.ITM : FAILURE: opcode 101: Not_found
UNITALON.ITM : opcode 101: Traduction 11010007 manquante
UNITALON.ITM : FAILURE: opcode 101: Not_found
UNITHAY.ITM : opcode 101: Traduction 11010007 manquante
UNITHAY.ITM : FAILURE: opcode 101: Not_found
UNITHRON.ITM : opcode 101: Traduction 11010007 manquante
UNITHRON.ITM : FAILURE: opcode 101: Not_found
UNIWATER.ITM : opcode 101: Traduction 11010007 manquante
UNIWATER.ITM : FAILURE: opcode 101: Not_found
WA2SHIEL.ITM : Opcode 197 : Réflection du type de projectile '320'
