	
mostr06.spl : mostr06.eff : Opcode 232 : Nom du sort introuvable pour mostr06.spl.
mostr06.eff : Opcode 326 à gérer.
mostr05.spl : mostr05.eff : Opcode 232 : Nom du sort introuvable pour mostr05.spl.
mostr05.eff : Opcode 326 à gérer.
mostr04.spl : mostr04.eff : Opcode 232 : Nom du sort introuvable pour mostr04.spl.
mostr04.eff : Opcode 326 à gérer.
mostr03.spl : mostr03.eff : Opcode 232 : Nom du sort introuvable pour mostr03.spl.
mostr03.eff : Opcode 326 à gérer.
mostr02.spl : mostr02.eff : Opcode 232 : Nom du sort introuvable pour mostr02.spl.
mostr02.eff : Opcode 326 à gérer.
mostr01.spl : mostr01.eff : Opcode 232 : Nom du sort introuvable pour mostr01.spl.
mostr01.eff : Opcode 326 à gérer.
BDGIANHL.ITM : Opcode 318 : self avec parameter1 et parameter2 différent de 0
mostr06.spl : mostr06.eff : Opcode 232 : Nom du sort introuvable pour mostr06.spl.
mostr06.eff : Opcode 326 à gérer.
mostr05.spl : mostr05.eff : Opcode 232 : Nom du sort introuvable pour mostr05.spl.
mostr05.eff : Opcode 326 à gérer.
mostr04.spl : mostr04.eff : Opcode 232 : Nom du sort introuvable pour mostr04.spl.
mostr04.eff : Opcode 326 à gérer.
mostr03.spl : mostr03.eff : Opcode 232 : Nom du sort introuvable pour mostr03.spl.
mostr03.eff : Opcode 326 à gérer.
mostr02.spl : mostr02.eff : Opcode 232 : Nom du sort introuvable pour mostr02.spl.
mostr02.eff : Opcode 326 à gérer.
mostr01.spl : mostr01.eff : Opcode 232 : Nom du sort introuvable pour mostr01.spl.
mostr01.eff : Opcode 326 à gérer.
BDHALB01.ITM : Opcode 318 : self avec parameter1 et parameter2 différent de 0
BDHALB01.ITM : Opcode 361 à gérer.
mostr06.spl : mostr06.eff : Opcode 232 : Nom du sort introuvable pour mostr06.spl.
mostr06.eff : Opcode 326 à gérer.
mostr05.spl : mostr05.eff : Opcode 232 : Nom du sort introuvable pour mostr05.spl.
mostr05.eff : Opcode 326 à gérer.
mostr04.spl : mostr04.eff : Opcode 232 : Nom du sort introuvable pour mostr04.spl.
mostr04.eff : Opcode 326 à gérer.
mostr03.spl : mostr03.eff : Opcode 232 : Nom du sort introuvable pour mostr03.spl.
mostr03.eff : Opcode 326 à gérer.
mostr02.spl : mostr02.eff : Opcode 232 : Nom du sort introuvable pour mostr02.spl.
mostr02.eff : Opcode 326 à gérer.
mostr01.spl : mostr01.eff : Opcode 232 : Nom du sort introuvable pour mostr01.spl.
mostr01.eff : Opcode 326 à gérer.
BDHALB02.ITM : Opcode 318 : self avec parameter1 et parameter2 différent de 0
BDHALB02.ITM : Opcode 341 : La ressource BDFESTER.eff n'existe pas.
bdhalb02.spl : BDHALB02.ITM : Opcode 146 : Nom du sort introuvable pour bdhalb02.spl.
mostr06.spl : mostr06.eff : Opcode 232 : Nom du sort introuvable pour mostr06.spl.
mostr06.eff : Opcode 326 à gérer.
mostr05.spl : mostr05.eff : Opcode 232 : Nom du sort introuvable pour mostr05.spl.
mostr05.eff : Opcode 326 à gérer.
mostr04.spl : mostr04.eff : Opcode 232 : Nom du sort introuvable pour mostr04.spl.
mostr04.eff : Opcode 326 à gérer.
mostr03.spl : mostr03.eff : Opcode 232 : Nom du sort introuvable pour mostr03.spl.
mostr03.eff : Opcode 326 à gérer.
mostr02.spl : mostr02.eff : Opcode 232 : Nom du sort introuvable pour mostr02.spl.
mostr02.eff : Opcode 326 à gérer.
mostr01.spl : mostr01.eff : Opcode 232 : Nom du sort introuvable pour mostr01.spl.
mostr01.eff : Opcode 326 à gérer.
BDHALB03.ITM : Opcode 318 : self avec parameter1 et parameter2 différent de 0
BDHALB03.ITM : Opcode 326 à gérer.
mostr06.spl : mostr06.eff : Opcode 232 : Nom du sort introuvable pour mostr06.spl.
mostr06.eff : Opcode 326 à gérer.
mostr05.spl : mostr05.eff : Opcode 232 : Nom du sort introuvable pour mostr05.spl.
mostr05.eff : Opcode 326 à gérer.
mostr04.spl : mostr04.eff : Opcode 232 : Nom du sort introuvable pour mostr04.spl.
mostr04.eff : Opcode 326 à gérer.
mostr03.spl : mostr03.eff : Opcode 232 : Nom du sort introuvable pour mostr03.spl.
mostr03.eff : Opcode 326 à gérer.
mostr02.spl : mostr02.eff : Opcode 232 : Nom du sort introuvable pour mostr02.spl.
mostr02.eff : Opcode 326 à gérer.
mostr01.spl : mostr01.eff : Opcode 232 : Nom du sort introuvable pour mostr01.spl.
mostr01.eff : Opcode 326 à gérer.
BDSEMAHL.ITM : Opcode 318 : self avec parameter1 et parameter2 différent de 0
BDSHLD03.ITM : Opcode 318 : self avec parameter1 et parameter2 différent de 0
BDSHLD03.ITM : Opcode 318 : self avec parameter1 et parameter2 différent de 0
BDSHLD03.ITM : Opcode 318 : self avec parameter1 et parameter2 différent de 0
BDSHLD03.ITM : Opcode 318 : self avec parameter1 et parameter2 différent de 0
mostr06.spl : mostr06.eff : Opcode 232 : Nom du sort introuvable pour mostr06.spl.
mostr06.eff : Opcode 326 à gérer.
mostr05.spl : mostr05.eff : Opcode 232 : Nom du sort introuvable pour mostr05.spl.
mostr05.eff : Opcode 326 à gérer.
mostr04.spl : mostr04.eff : Opcode 232 : Nom du sort introuvable pour mostr04.spl.
mostr04.eff : Opcode 326 à gérer.
mostr03.spl : mostr03.eff : Opcode 232 : Nom du sort introuvable pour mostr03.spl.
mostr03.eff : Opcode 326 à gérer.
mostr02.spl : mostr02.eff : Opcode 232 : Nom du sort introuvable pour mostr02.spl.
mostr02.eff : Opcode 326 à gérer.
mostr01.spl : mostr01.eff : Opcode 232 : Nom du sort introuvable pour mostr01.spl.
mostr01.eff : Opcode 326 à gérer.
BDSPER01.ITM : Opcode 318 : self avec parameter1 et parameter2 différent de 0
bdsper1a.spl : BDSPER01.ITM : Opcode 146 : Nom du sort introuvable pour bdsper1a.spl.
mostr06.spl : mostr06.eff : Opcode 232 : Nom du sort introuvable pour mostr06.spl.
mostr06.eff : Opcode 326 à gérer.
mostr05.spl : mostr05.eff : Opcode 232 : Nom du sort introuvable pour mostr05.spl.
mostr05.eff : Opcode 326 à gérer.
mostr04.spl : mostr04.eff : Opcode 232 : Nom du sort introuvable pour mostr04.spl.
mostr04.eff : Opcode 326 à gérer.
mostr03.spl : mostr03.eff : Opcode 232 : Nom du sort introuvable pour mostr03.spl.
mostr03.eff : Opcode 326 à gérer.
mostr02.spl : mostr02.eff : Opcode 232 : Nom du sort introuvable pour mostr02.spl.
mostr02.eff : Opcode 326 à gérer.
mostr01.spl : mostr01.eff : Opcode 232 : Nom du sort introuvable pour mostr01.spl.
mostr01.eff : Opcode 326 à gérer.
BDSW2H01.ITM : Opcode 318 : self avec parameter1 et parameter2 différent de 0
BDSW2H01.ITM : Opcode 232: TODO parameter2 : 21 : 0 : 104
bddragbl.spl : BDSW2H01.ITM : Opcode 232 : Nom du sort introuvable pour bddragbl.spl.
BDSW2H01.ITM : Unknown macro: opcode_party_206
BDSW2H01.ITM : FAILURE: opcode 232: Failure("Unknown macro: opcode_party_206")
mostr06.spl : mostr06.eff : Opcode 232 : Nom du sort introuvable pour mostr06.spl.
mostr06.eff : Opcode 326 à gérer.
mostr05.spl : mostr05.eff : Opcode 232 : Nom du sort introuvable pour mostr05.spl.
mostr05.eff : Opcode 326 à gérer.
mostr04.spl : mostr04.eff : Opcode 232 : Nom du sort introuvable pour mostr04.spl.
mostr04.eff : Opcode 326 à gérer.
mostr03.spl : mostr03.eff : Opcode 232 : Nom du sort introuvable pour mostr03.spl.
mostr03.eff : Opcode 326 à gérer.
mostr02.spl : mostr02.eff : Opcode 232 : Nom du sort introuvable pour mostr02.spl.
mostr02.eff : Opcode 326 à gérer.
mostr01.spl : mostr01.eff : Opcode 232 : Nom du sort introuvable pour mostr01.spl.
mostr01.eff : Opcode 326 à gérer.
BDSW2H02.ITM : Opcode 318 : self avec parameter1 et parameter2 différent de 0
BDSW2H02.ITM : Opcode 341 : La ressource BDSW2H02.eff n'existe pas.
mostr06.spl : mostr06.eff : Opcode 232 : Nom du sort introuvable pour mostr06.spl.
mostr06.eff : Opcode 326 à gérer.
mostr05.spl : mostr05.eff : Opcode 232 : Nom du sort introuvable pour mostr05.spl.
mostr05.eff : Opcode 326 à gérer.
mostr04.spl : mostr04.eff : Opcode 232 : Nom du sort introuvable pour mostr04.spl.
mostr04.eff : Opcode 326 à gérer.
mostr03.spl : mostr03.eff : Opcode 232 : Nom du sort introuvable pour mostr03.spl.
mostr03.eff : Opcode 326 à gérer.
mostr02.spl : mostr02.eff : Opcode 232 : Nom du sort introuvable pour mostr02.spl.
mostr02.eff : Opcode 326 à gérer.
mostr01.spl : mostr01.eff : Opcode 232 : Nom du sort introuvable pour mostr01.spl.
mostr01.eff : Opcode 326 à gérer.
BDSW2H03.ITM : Opcode 318 : self avec parameter1 et parameter2 différent de 0
BDSW2H03.ITM : Opcode 341 : La ressource BDSW2H03.eff n'existe pas.
mostr06.spl : mostr06.eff : Opcode 232 : Nom du sort introuvable pour mostr06.spl.
mostr06.eff : Opcode 326 à gérer.
mostr05.spl : mostr05.eff : Opcode 232 : Nom du sort introuvable pour mostr05.spl.
mostr05.eff : Opcode 326 à gérer.
mostr04.spl : mostr04.eff : Opcode 232 : Nom du sort introuvable pour mostr04.spl.
mostr04.eff : Opcode 326 à gérer.
mostr03.spl : mostr03.eff : Opcode 232 : Nom du sort introuvable pour mostr03.spl.
mostr03.eff : Opcode 326 à gérer.
mostr02.spl : mostr02.eff : Opcode 232 : Nom du sort introuvable pour mostr02.spl.
mostr02.eff : Opcode 326 à gérer.
mostr01.spl : mostr01.eff : Opcode 232 : Nom du sort introuvable pour mostr01.spl.
mostr01.eff : Opcode 326 à gérer.
BDSW2HGH.ITM : Opcode 318 : self avec parameter1 et parameter2 différent de 0
mostr06.spl : mostr06.eff : Opcode 232 : Nom du sort introuvable pour mostr06.spl.
mostr06.eff : Opcode 326 à gérer.
mostr05.spl : mostr05.eff : Opcode 232 : Nom du sort introuvable pour mostr05.spl.
mostr05.eff : Opcode 326 à gérer.
mostr04.spl : mostr04.eff : Opcode 232 : Nom du sort introuvable pour mostr04.spl.
mostr04.eff : Opcode 326 à gérer.
mostr03.spl : mostr03.eff : Opcode 232 : Nom du sort introuvable pour mostr03.spl.
mostr03.eff : Opcode 326 à gérer.
mostr02.spl : mostr02.eff : Opcode 232 : Nom du sort introuvable pour mostr02.spl.
mostr02.eff : Opcode 326 à gérer.
mostr01.spl : mostr01.eff : Opcode 232 : Nom du sort introuvable pour mostr01.spl.
mostr01.eff : Opcode 326 à gérer.
CATTAC1.ITM : Opcode 318 : self avec parameter1 et parameter2 différent de 0
cattac1.spl : CATTAC1.ITM : Opcode 146 : Nom du sort introuvable pour cattac1.spl.
mostr06.spl : mostr06.eff : Opcode 232 : Nom du sort introuvable pour mostr06.spl.
mostr06.eff : Opcode 326 à gérer.
mostr05.spl : mostr05.eff : Opcode 232 : Nom du sort introuvable pour mostr05.spl.
mostr05.eff : Opcode 326 à gérer.
mostr04.spl : mostr04.eff : Opcode 232 : Nom du sort introuvable pour mostr04.spl.
mostr04.eff : Opcode 326 à gérer.
mostr03.spl : mostr03.eff : Opcode 232 : Nom du sort introuvable pour mostr03.spl.
mostr03.eff : Opcode 326 à gérer.
mostr02.spl : mostr02.eff : Opcode 232 : Nom du sort introuvable pour mostr02.spl.
mostr02.eff : Opcode 326 à gérer.
mostr01.spl : mostr01.eff : Opcode 232 : Nom du sort introuvable pour mostr01.spl.
mostr01.eff : Opcode 326 à gérer.
DWSPER01.ITM : Opcode 318 : self avec parameter1 et parameter2 différent de 0
mostr06.spl : mostr06.eff : Opcode 232 : Nom du sort introuvable pour mostr06.spl.
mostr06.eff : Opcode 326 à gérer.
mostr05.spl : mostr05.eff : Opcode 232 : Nom du sort introuvable pour mostr05.spl.
mostr05.eff : Opcode 326 à gérer.
mostr04.spl : mostr04.eff : Opcode 232 : Nom du sort introuvable pour mostr04.spl.
mostr04.eff : Opcode 326 à gérer.
mostr03.spl : mostr03.eff : Opcode 232 : Nom du sort introuvable pour mostr03.spl.
mostr03.eff : Opcode 326 à gérer.
mostr02.spl : mostr02.eff : Opcode 232 : Nom du sort introuvable pour mostr02.spl.
mostr02.eff : Opcode 326 à gérer.
mostr01.spl : mostr01.eff : Opcode 232 : Nom du sort introuvable pour mostr01.spl.
mostr01.eff : Opcode 326 à gérer.
GIAFIR2.ITM : Opcode 318 : self avec parameter1 et parameter2 différent de 0
mostr06.spl : mostr06.eff : Opcode 232 : Nom du sort introuvable pour mostr06.spl.
mostr06.eff : Opcode 326 à gérer.
mostr05.spl : mostr05.eff : Opcode 232 : Nom du sort introuvable pour mostr05.spl.
mostr05.eff : Opcode 326 à gérer.
mostr04.spl : mostr04.eff : Opcode 232 : Nom du sort introuvable pour mostr04.spl.
mostr04.eff : Opcode 326 à gérer.
mostr03.spl : mostr03.eff : Opcode 232 : Nom du sort introuvable pour mostr03.spl.
mostr03.eff : Opcode 326 à gérer.
mostr02.spl : mostr02.eff : Opcode 232 : Nom du sort introuvable pour mostr02.spl.
mostr02.eff : Opcode 326 à gérer.
mostr01.spl : mostr01.eff : Opcode 232 : Nom du sort introuvable pour mostr01.spl.
mostr01.eff : Opcode 326 à gérer.
HALB01.ITM : Opcode 318 : self avec parameter1 et parameter2 différent de 0
halb01.spl : HALB01.ITM : Opcode 146 : Nom du sort introuvable pour halb01.spl.
mostr06.spl : mostr06.eff : Opcode 232 : Nom du sort introuvable pour mostr06.spl.
mostr06.eff : Opcode 326 à gérer.
mostr05.spl : mostr05.eff : Opcode 232 : Nom du sort introuvable pour mostr05.spl.
mostr05.eff : Opcode 326 à gérer.
mostr04.spl : mostr04.eff : Opcode 232 : Nom du sort introuvable pour mostr04.spl.
mostr04.eff : Opcode 326 à gérer.
mostr03.spl : mostr03.eff : Opcode 232 : Nom du sort introuvable pour mostr03.spl.
mostr03.eff : Opcode 326 à gérer.
mostr02.spl : mostr02.eff : Opcode 232 : Nom du sort introuvable pour mostr02.spl.
mostr02.eff : Opcode 326 à gérer.
mostr01.spl : mostr01.eff : Opcode 232 : Nom du sort introuvable pour mostr01.spl.
mostr01.eff : Opcode 326 à gérer.
HALB01Q.ITM : Opcode 318 : self avec parameter1 et parameter2 différent de 0
mostr06.spl : mostr06.eff : Opcode 232 : Nom du sort introuvable pour mostr06.spl.
mostr06.eff : Opcode 326 à gérer.
mostr05.spl : mostr05.eff : Opcode 232 : Nom du sort introuvable pour mostr05.spl.
mostr05.eff : Opcode 326 à gérer.
mostr04.spl : mostr04.eff : Opcode 232 : Nom du sort introuvable pour mostr04.spl.
mostr04.eff : Opcode 326 à gérer.
mostr03.spl : mostr03.eff : Opcode 232 : Nom du sort introuvable pour mostr03.spl.
mostr03.eff : Opcode 326 à gérer.
mostr02.spl : mostr02.eff : Opcode 232 : Nom du sort introuvable pour mostr02.spl.
mostr02.eff : Opcode 326 à gérer.
mostr01.spl : mostr01.eff : Opcode 232 : Nom du sort introuvable pour mostr01.spl.
mostr01.eff : Opcode 326 à gérer.
HALB02.ITM : Opcode 318 : self avec parameter1 et parameter2 différent de 0
mostr06.spl : mostr06.eff : Opcode 232 : Nom du sort introuvable pour mostr06.spl.
mostr06.eff : Opcode 326 à gérer.
mostr05.spl : mostr05.eff : Opcode 232 : Nom du sort introuvable pour mostr05.spl.
mostr05.eff : Opcode 326 à gérer.
mostr04.spl : mostr04.eff : Opcode 232 : Nom du sort introuvable pour mostr04.spl.
mostr04.eff : Opcode 326 à gérer.
mostr03.spl : mostr03.eff : Opcode 232 : Nom du sort introuvable pour mostr03.spl.
mostr03.eff : Opcode 326 à gérer.
mostr02.spl : mostr02.eff : Opcode 232 : Nom du sort introuvable pour mostr02.spl.
mostr02.eff : Opcode 326 à gérer.
mostr01.spl : mostr01.eff : Opcode 232 : Nom du sort introuvable pour mostr01.spl.
mostr01.eff : Opcode 326 à gérer.
HALB03.ITM : Opcode 318 : self avec parameter1 et parameter2 différent de 0
mostr06.spl : mostr06.eff : Opcode 232 : Nom du sort introuvable pour mostr06.spl.
mostr06.eff : Opcode 326 à gérer.
mostr05.spl : mostr05.eff : Opcode 232 : Nom du sort introuvable pour mostr05.spl.
mostr05.eff : Opcode 326 à gérer.
mostr04.spl : mostr04.eff : Opcode 232 : Nom du sort introuvable pour mostr04.spl.
mostr04.eff : Opcode 326 à gérer.
mostr03.spl : mostr03.eff : Opcode 232 : Nom du sort introuvable pour mostr03.spl.
mostr03.eff : Opcode 326 à gérer.
mostr02.spl : mostr02.eff : Opcode 232 : Nom du sort introuvable pour mostr02.spl.
mostr02.eff : Opcode 326 à gérer.
mostr01.spl : mostr01.eff : Opcode 232 : Nom du sort introuvable pour mostr01.spl.
mostr01.eff : Opcode 326 à gérer.
HALB07.ITM : Opcode 318 : self avec parameter1 et parameter2 différent de 0
mostr06.spl : mostr06.eff : Opcode 232 : Nom du sort introuvable pour mostr06.spl.
mostr06.eff : Opcode 326 à gérer.
mostr05.spl : mostr05.eff : Opcode 232 : Nom du sort introuvable pour mostr05.spl.
mostr05.eff : Opcode 326 à gérer.
mostr04.spl : mostr04.eff : Opcode 232 : Nom du sort introuvable pour mostr04.spl.
mostr04.eff : Opcode 326 à gérer.
mostr03.spl : mostr03.eff : Opcode 232 : Nom du sort introuvable pour mostr03.spl.
mostr03.eff : Opcode 326 à gérer.
mostr02.spl : mostr02.eff : Opcode 232 : Nom du sort introuvable pour mostr02.spl.
mostr02.eff : Opcode 326 à gérer.
mostr01.spl : mostr01.eff : Opcode 232 : Nom du sort introuvable pour mostr01.spl.
mostr01.eff : Opcode 326 à gérer.
HALB13.ITM : Opcode 318 : self avec parameter1 et parameter2 différent de 0
mostr06.spl : mostr06.eff : Opcode 232 : Nom du sort introuvable pour mostr06.spl.
mostr06.eff : Opcode 326 à gérer.
mostr05.spl : mostr05.eff : Opcode 232 : Nom du sort introuvable pour mostr05.spl.
mostr05.eff : Opcode 326 à gérer.
mostr04.spl : mostr04.eff : Opcode 232 : Nom du sort introuvable pour mostr04.spl.
mostr04.eff : Opcode 326 à gérer.
mostr03.spl : mostr03.eff : Opcode 232 : Nom du sort introuvable pour mostr03.spl.
mostr03.eff : Opcode 326 à gérer.
mostr02.spl : mostr02.eff : Opcode 232 : Nom du sort introuvable pour mostr02.spl.
mostr02.eff : Opcode 326 à gérer.
mostr01.spl : mostr01.eff : Opcode 232 : Nom du sort introuvable pour mostr01.spl.
mostr01.eff : Opcode 326 à gérer.
HALBRD01.ITM : Opcode 318 : self avec parameter1 et parameter2 différent de 0
mostr06.spl : mostr06.eff : Opcode 232 : Nom du sort introuvable pour mostr06.spl.
mostr06.eff : Opcode 326 à gérer.
mostr05.spl : mostr05.eff : Opcode 232 : Nom du sort introuvable pour mostr05.spl.
mostr05.eff : Opcode 326 à gérer.
mostr04.spl : mostr04.eff : Opcode 232 : Nom du sort introuvable pour mostr04.spl.
mostr04.eff : Opcode 326 à gérer.
mostr03.spl : mostr03.eff : Opcode 232 : Nom du sort introuvable pour mostr03.spl.
mostr03.eff : Opcode 326 à gérer.
mostr02.spl : mostr02.eff : Opcode 232 : Nom du sort introuvable pour mostr02.spl.
mostr02.eff : Opcode 326 à gérer.
mostr01.spl : mostr01.eff : Opcode 232 : Nom du sort introuvable pour mostr01.spl.
mostr01.eff : Opcode 326 à gérer.
HGBER01.ITM : Opcode 318 : self avec parameter1 et parameter2 différent de 0
mostr06.spl : mostr06.eff : Opcode 232 : Nom du sort introuvable pour mostr06.spl.
mostr06.eff : Opcode 326 à gérer.
mostr05.spl : mostr05.eff : Opcode 232 : Nom du sort introuvable pour mostr05.spl.
mostr05.eff : Opcode 326 à gérer.
mostr04.spl : mostr04.eff : Opcode 232 : Nom du sort introuvable pour mostr04.spl.
mostr04.eff : Opcode 326 à gérer.
mostr03.spl : mostr03.eff : Opcode 232 : Nom du sort introuvable pour mostr03.spl.
mostr03.eff : Opcode 326 à gérer.
mostr02.spl : mostr02.eff : Opcode 232 : Nom du sort introuvable pour mostr02.spl.
mostr02.eff : Opcode 326 à gérer.
mostr01.spl : mostr01.eff : Opcode 232 : Nom du sort introuvable pour mostr01.spl.
mostr01.eff : Opcode 326 à gérer.
HGSALF.ITM : Opcode 318 : self avec parameter1 et parameter2 différent de 0
mostr06.spl : mostr06.eff : Opcode 232 : Nom du sort introuvable pour mostr06.spl.
mostr06.eff : Opcode 326 à gérer.
mostr05.spl : mostr05.eff : Opcode 232 : Nom du sort introuvable pour mostr05.spl.
mostr05.eff : Opcode 326 à gérer.
mostr04.spl : mostr04.eff : Opcode 232 : Nom du sort introuvable pour mostr04.spl.
mostr04.eff : Opcode 326 à gérer.
mostr03.spl : mostr03.eff : Opcode 232 : Nom du sort introuvable pour mostr03.spl.
mostr03.eff : Opcode 326 à gérer.
mostr02.spl : mostr02.eff : Opcode 232 : Nom du sort introuvable pour mostr02.spl.
mostr02.eff : Opcode 326 à gérer.
mostr01.spl : mostr01.eff : Opcode 232 : Nom du sort introuvable pour mostr01.spl.
mostr01.eff : Opcode 326 à gérer.
SAHSPEAR.ITM : Opcode 318 : self avec parameter1 et parameter2 différent de 0
mostr06.spl : mostr06.eff : Opcode 232 : Nom du sort introuvable pour mostr06.spl.
mostr06.eff : Opcode 326 à gérer.
mostr05.spl : mostr05.eff : Opcode 232 : Nom du sort introuvable pour mostr05.spl.
mostr05.eff : Opcode 326 à gérer.
mostr04.spl : mostr04.eff : Opcode 232 : Nom du sort introuvable pour mostr04.spl.
mostr04.eff : Opcode 326 à gérer.
mostr03.spl : mostr03.eff : Opcode 232 : Nom du sort introuvable pour mostr03.spl.
mostr03.eff : Opcode 326 à gérer.
mostr02.spl : mostr02.eff : Opcode 232 : Nom du sort introuvable pour mostr02.spl.
mostr02.eff : Opcode 326 à gérer.
mostr01.spl : mostr01.eff : Opcode 232 : Nom du sort introuvable pour mostr01.spl.
mostr01.eff : Opcode 326 à gérer.
SALACOLD.ITM : Opcode 318 : self avec parameter1 et parameter2 différent de 0
mostr06.spl : mostr06.eff : Opcode 232 : Nom du sort introuvable pour mostr06.spl.
mostr06.eff : Opcode 326 à gérer.
mostr05.spl : mostr05.eff : Opcode 232 : Nom du sort introuvable pour mostr05.spl.
mostr05.eff : Opcode 326 à gérer.
mostr04.spl : mostr04.eff : Opcode 232 : Nom du sort introuvable pour mostr04.spl.
mostr04.eff : Opcode 326 à gérer.
mostr03.spl : mostr03.eff : Opcode 232 : Nom du sort introuvable pour mostr03.spl.
mostr03.eff : Opcode 326 à gérer.
mostr02.spl : mostr02.eff : Opcode 232 : Nom du sort introuvable pour mostr02.spl.
mostr02.eff : Opcode 326 à gérer.
mostr01.spl : mostr01.eff : Opcode 232 : Nom du sort introuvable pour mostr01.spl.
mostr01.eff : Opcode 326 à gérer.
SALGRFIR.ITM : Opcode 318 : self avec parameter1 et parameter2 différent de 0
spwi418d.spl : SALGRFIR.ITM : Opcode 232 : Nom du sort introuvable pour spwi418d.spl.
mostr06.spl : mostr06.eff : Opcode 232 : Nom du sort introuvable pour mostr06.spl.
mostr06.eff : Opcode 326 à gérer.
mostr05.spl : mostr05.eff : Opcode 232 : Nom du sort introuvable pour mostr05.spl.
mostr05.eff : Opcode 326 à gérer.
mostr04.spl : mostr04.eff : Opcode 232 : Nom du sort introuvable pour mostr04.spl.
mostr04.eff : Opcode 326 à gérer.
mostr03.spl : mostr03.eff : Opcode 232 : Nom du sort introuvable pour mostr03.spl.
mostr03.eff : Opcode 326 à gérer.
mostr02.spl : mostr02.eff : Opcode 232 : Nom du sort introuvable pour mostr02.spl.
mostr02.eff : Opcode 326 à gérer.
mostr01.spl : mostr01.eff : Opcode 232 : Nom du sort introuvable pour mostr01.spl.
mostr01.eff : Opcode 326 à gérer.
SALGRICE.ITM : Opcode 318 : self avec parameter1 et parameter2 différent de 0
spwi403d.spl : SALGRICE.ITM : Opcode 232 : Nom du sort introuvable pour spwi403d.spl.
mostr06.spl : mostr06.eff : Opcode 232 : Nom du sort introuvable pour mostr06.spl.
mostr06.eff : Opcode 326 à gérer.
mostr05.spl : mostr05.eff : Opcode 232 : Nom du sort introuvable pour mostr05.spl.
mostr05.eff : Opcode 326 à gérer.
mostr04.spl : mostr04.eff : Opcode 232 : Nom du sort introuvable pour mostr04.spl.
mostr04.eff : Opcode 326 à gérer.
mostr03.spl : mostr03.eff : Opcode 232 : Nom du sort introuvable pour mostr03.spl.
mostr03.eff : Opcode 326 à gérer.
mostr02.spl : mostr02.eff : Opcode 232 : Nom du sort introuvable pour mostr02.spl.
mostr02.eff : Opcode 326 à gérer.
mostr01.spl : mostr01.eff : Opcode 232 : Nom du sort introuvable pour mostr01.spl.
mostr01.eff : Opcode 326 à gérer.
SPER01.ITM : Opcode 318 : self avec parameter1 et parameter2 différent de 0
sper01.spl : SPER01.ITM : Opcode 146 : Nom du sort introuvable pour sper01.spl.
mostr06.spl : mostr06.eff : Opcode 232 : Nom du sort introuvable pour mostr06.spl.
mostr06.eff : Opcode 326 à gérer.
mostr05.spl : mostr05.eff : Opcode 232 : Nom du sort introuvable pour mostr05.spl.
mostr05.eff : Opcode 326 à gérer.
mostr04.spl : mostr04.eff : Opcode 232 : Nom du sort introuvable pour mostr04.spl.
mostr04.eff : Opcode 326 à gérer.
mostr03.spl : mostr03.eff : Opcode 232 : Nom du sort introuvable pour mostr03.spl.
mostr03.eff : Opcode 326 à gérer.
mostr02.spl : mostr02.eff : Opcode 232 : Nom du sort introuvable pour mostr02.spl.
mostr02.eff : Opcode 326 à gérer.
mostr01.spl : mostr01.eff : Opcode 232 : Nom du sort introuvable pour mostr01.spl.
mostr01.eff : Opcode 326 à gérer.
SPER01Q.ITM : Opcode 318 : self avec parameter1 et parameter2 différent de 0
mostr06.spl : mostr06.eff : Opcode 232 : Nom du sort introuvable pour mostr06.spl.
mostr06.eff : Opcode 326 à gérer.
mostr05.spl : mostr05.eff : Opcode 232 : Nom du sort introuvable pour mostr05.spl.
mostr05.eff : Opcode 326 à gérer.
mostr04.spl : mostr04.eff : Opcode 232 : Nom du sort introuvable pour mostr04.spl.
mostr04.eff : Opcode 326 à gérer.
mostr03.spl : mostr03.eff : Opcode 232 : Nom du sort introuvable pour mostr03.spl.
mostr03.eff : Opcode 326 à gérer.
mostr02.spl : mostr02.eff : Opcode 232 : Nom du sort introuvable pour mostr02.spl.
mostr02.eff : Opcode 326 à gérer.
mostr01.spl : mostr01.eff : Opcode 232 : Nom du sort introuvable pour mostr01.spl.
mostr01.eff : Opcode 326 à gérer.
SPER02.ITM : Opcode 318 : self avec parameter1 et parameter2 différent de 0
mostr06.spl : mostr06.eff : Opcode 232 : Nom du sort introuvable pour mostr06.spl.
mostr06.eff : Opcode 326 à gérer.
mostr05.spl : mostr05.eff : Opcode 232 : Nom du sort introuvable pour mostr05.spl.
mostr05.eff : Opcode 326 à gérer.
mostr04.spl : mostr04.eff : Opcode 232 : Nom du sort introuvable pour mostr04.spl.
mostr04.eff : Opcode 326 à gérer.
mostr03.spl : mostr03.eff : Opcode 232 : Nom du sort introuvable pour mostr03.spl.
mostr03.eff : Opcode 326 à gérer.
mostr02.spl : mostr02.eff : Opcode 232 : Nom du sort introuvable pour mostr02.spl.
mostr02.eff : Opcode 326 à gérer.
mostr01.spl : mostr01.eff : Opcode 232 : Nom du sort introuvable pour mostr01.spl.
mostr01.eff : Opcode 326 à gérer.
SPER03.ITM : Opcode 318 : self avec parameter1 et parameter2 différent de 0
mostr06.spl : mostr06.eff : Opcode 232 : Nom du sort introuvable pour mostr06.spl.
mostr06.eff : Opcode 326 à gérer.
mostr05.spl : mostr05.eff : Opcode 232 : Nom du sort introuvable pour mostr05.spl.
mostr05.eff : Opcode 326 à gérer.
mostr04.spl : mostr04.eff : Opcode 232 : Nom du sort introuvable pour mostr04.spl.
mostr04.eff : Opcode 326 à gérer.
mostr03.spl : mostr03.eff : Opcode 232 : Nom du sort introuvable pour mostr03.spl.
mostr03.eff : Opcode 326 à gérer.
mostr02.spl : mostr02.eff : Opcode 232 : Nom du sort introuvable pour mostr02.spl.
mostr02.eff : Opcode 326 à gérer.
mostr01.spl : mostr01.eff : Opcode 232 : Nom du sort introuvable pour mostr01.spl.
mostr01.eff : Opcode 326 à gérer.
SPER04.ITM : Opcode 318 : self avec parameter1 et parameter2 différent de 0
mostr06.spl : mostr06.eff : Opcode 232 : Nom du sort introuvable pour mostr06.spl.
mostr06.eff : Opcode 326 à gérer.
mostr05.spl : mostr05.eff : Opcode 232 : Nom du sort introuvable pour mostr05.spl.
mostr05.eff : Opcode 326 à gérer.
mostr04.spl : mostr04.eff : Opcode 232 : Nom du sort introuvable pour mostr04.spl.
mostr04.eff : Opcode 326 à gérer.
mostr03.spl : mostr03.eff : Opcode 232 : Nom du sort introuvable pour mostr03.spl.
mostr03.eff : Opcode 326 à gérer.
mostr02.spl : mostr02.eff : Opcode 232 : Nom du sort introuvable pour mostr02.spl.
mostr02.eff : Opcode 326 à gérer.
mostr01.spl : mostr01.eff : Opcode 232 : Nom du sort introuvable pour mostr01.spl.
mostr01.eff : Opcode 326 à gérer.
SPER05.ITM : Opcode 318 : self avec parameter1 et parameter2 différent de 0
mostr06.spl : mostr06.eff : Opcode 232 : Nom du sort introuvable pour mostr06.spl.
mostr06.eff : Opcode 326 à gérer.
mostr05.spl : mostr05.eff : Opcode 232 : Nom du sort introuvable pour mostr05.spl.
mostr05.eff : Opcode 326 à gérer.
mostr04.spl : mostr04.eff : Opcode 232 : Nom du sort introuvable pour mostr04.spl.
mostr04.eff : Opcode 326 à gérer.
mostr03.spl : mostr03.eff : Opcode 232 : Nom du sort introuvable pour mostr03.spl.
mostr03.eff : Opcode 326 à gérer.
mostr02.spl : mostr02.eff : Opcode 232 : Nom du sort introuvable pour mostr02.spl.
mostr02.eff : Opcode 326 à gérer.
mostr01.spl : mostr01.eff : Opcode 232 : Nom du sort introuvable pour mostr01.spl.
mostr01.eff : Opcode 326 à gérer.
SPER06.ITM : Opcode 318 : self avec parameter1 et parameter2 différent de 0
mostr06.spl : mostr06.eff : Opcode 232 : Nom du sort introuvable pour mostr06.spl.
mostr06.eff : Opcode 326 à gérer.
mostr05.spl : mostr05.eff : Opcode 232 : Nom du sort introuvable pour mostr05.spl.
mostr05.eff : Opcode 326 à gérer.
mostr04.spl : mostr04.eff : Opcode 232 : Nom du sort introuvable pour mostr04.spl.
mostr04.eff : Opcode 326 à gérer.
mostr03.spl : mostr03.eff : Opcode 232 : Nom du sort introuvable pour mostr03.spl.
mostr03.eff : Opcode 326 à gérer.
mostr02.spl : mostr02.eff : Opcode 232 : Nom du sort introuvable pour mostr02.spl.
mostr02.eff : Opcode 326 à gérer.
mostr01.spl : mostr01.eff : Opcode 232 : Nom du sort introuvable pour mostr01.spl.
mostr01.eff : Opcode 326 à gérer.
SPERMEL.ITM : Opcode 318 : self avec parameter1 et parameter2 différent de 0
mostr06.spl : mostr06.eff : Opcode 232 : Nom du sort introuvable pour mostr06.spl.
mostr06.eff : Opcode 326 à gérer.
mostr05.spl : mostr05.eff : Opcode 232 : Nom du sort introuvable pour mostr05.spl.
mostr05.eff : Opcode 326 à gérer.
mostr04.spl : mostr04.eff : Opcode 232 : Nom du sort introuvable pour mostr04.spl.
mostr04.eff : Opcode 326 à gérer.
mostr03.spl : mostr03.eff : Opcode 232 : Nom du sort introuvable pour mostr03.spl.
mostr03.eff : Opcode 326 à gérer.
mostr02.spl : mostr02.eff : Opcode 232 : Nom du sort introuvable pour mostr02.spl.
mostr02.eff : Opcode 326 à gérer.
mostr01.spl : mostr01.eff : Opcode 232 : Nom du sort introuvable pour mostr01.spl.
mostr01.eff : Opcode 326 à gérer.
SW2H01.ITM : Opcode 318 : self avec parameter1 et parameter2 différent de 0
sw2h01.spl : SW2H01.ITM : Opcode 146 : Nom du sort introuvable pour sw2h01.spl.
mostr06.spl : mostr06.eff : Opcode 232 : Nom du sort introuvable pour mostr06.spl.
mostr06.eff : Opcode 326 à gérer.
mostr05.spl : mostr05.eff : Opcode 232 : Nom du sort introuvable pour mostr05.spl.
mostr05.eff : Opcode 326 à gérer.
mostr04.spl : mostr04.eff : Opcode 232 : Nom du sort introuvable pour mostr04.spl.
mostr04.eff : Opcode 326 à gérer.
mostr03.spl : mostr03.eff : Opcode 232 : Nom du sort introuvable pour mostr03.spl.
mostr03.eff : Opcode 326 à gérer.
mostr02.spl : mostr02.eff : Opcode 232 : Nom du sort introuvable pour mostr02.spl.
mostr02.eff : Opcode 326 à gérer.
mostr01.spl : mostr01.eff : Opcode 232 : Nom du sort introuvable pour mostr01.spl.
mostr01.eff : Opcode 326 à gérer.
SW2H01B.ITM : Opcode 318 : self avec parameter1 et parameter2 différent de 0
sw2h01b.spl : SW2H01B.ITM : Opcode 146 : Nom du sort introuvable pour sw2h01b.spl.
mostr06.spl : mostr06.eff : Opcode 232 : Nom du sort introuvable pour mostr06.spl.
mostr06.eff : Opcode 326 à gérer.
mostr05.spl : mostr05.eff : Opcode 232 : Nom du sort introuvable pour mostr05.spl.
mostr05.eff : Opcode 326 à gérer.
mostr04.spl : mostr04.eff : Opcode 232 : Nom du sort introuvable pour mostr04.spl.
mostr04.eff : Opcode 326 à gérer.
mostr03.spl : mostr03.eff : Opcode 232 : Nom du sort introuvable pour mostr03.spl.
mostr03.eff : Opcode 326 à gérer.
mostr02.spl : mostr02.eff : Opcode 232 : Nom du sort introuvable pour mostr02.spl.
mostr02.eff : Opcode 326 à gérer.
mostr01.spl : mostr01.eff : Opcode 232 : Nom du sort introuvable pour mostr01.spl.
mostr01.eff : Opcode 326 à gérer.
SW2H02.ITM : Opcode 318 : self avec parameter1 et parameter2 différent de 0
mostr06.spl : mostr06.eff : Opcode 232 : Nom du sort introuvable pour mostr06.spl.
mostr06.eff : Opcode 326 à gérer.
mostr05.spl : mostr05.eff : Opcode 232 : Nom du sort introuvable pour mostr05.spl.
mostr05.eff : Opcode 326 à gérer.
mostr04.spl : mostr04.eff : Opcode 232 : Nom du sort introuvable pour mostr04.spl.
mostr04.eff : Opcode 326 à gérer.
mostr03.spl : mostr03.eff : Opcode 232 : Nom du sort introuvable pour mostr03.spl.
mostr03.eff : Opcode 326 à gérer.
mostr02.spl : mostr02.eff : Opcode 232 : Nom du sort introuvable pour mostr02.spl.
mostr02.eff : Opcode 326 à gérer.
mostr01.spl : mostr01.eff : Opcode 232 : Nom du sort introuvable pour mostr01.spl.
mostr01.eff : Opcode 326 à gérer.
SW2H03.ITM : Opcode 318 : self avec parameter1 et parameter2 différent de 0
mostr06.spl : mostr06.eff : Opcode 232 : Nom du sort introuvable pour mostr06.spl.
mostr06.eff : Opcode 326 à gérer.
mostr05.spl : mostr05.eff : Opcode 232 : Nom du sort introuvable pour mostr05.spl.
mostr05.eff : Opcode 326 à gérer.
mostr04.spl : mostr04.eff : Opcode 232 : Nom du sort introuvable pour mostr04.spl.
mostr04.eff : Opcode 326 à gérer.
mostr03.spl : mostr03.eff : Opcode 232 : Nom du sort introuvable pour mostr03.spl.
mostr03.eff : Opcode 326 à gérer.
mostr02.spl : mostr02.eff : Opcode 232 : Nom du sort introuvable pour mostr02.spl.
mostr02.eff : Opcode 326 à gérer.
mostr01.spl : mostr01.eff : Opcode 232 : Nom du sort introuvable pour mostr01.spl.
mostr01.eff : Opcode 326 à gérer.
SW2H06.ITM : Opcode 318 : self avec parameter1 et parameter2 différent de 0
SW2H06.ITM : Opcode 206 : La ressource cdsw1h58.spl n'existe pas.
SW2H06.ITM : Opcode 206 : La ressource cdmound.spl n'existe pas.
SW2H06.ITM : Opcode 206 : La ressource cdhgnya1.spl n'existe pas.
mostr06.spl : mostr06.eff : Opcode 232 : Nom du sort introuvable pour mostr06.spl.
mostr06.eff : Opcode 326 à gérer.
mostr05.spl : mostr05.eff : Opcode 232 : Nom du sort introuvable pour mostr05.spl.
mostr05.eff : Opcode 326 à gérer.
mostr04.spl : mostr04.eff : Opcode 232 : Nom du sort introuvable pour mostr04.spl.
mostr04.eff : Opcode 326 à gérer.
mostr03.spl : mostr03.eff : Opcode 232 : Nom du sort introuvable pour mostr03.spl.
mostr03.eff : Opcode 326 à gérer.
mostr02.spl : mostr02.eff : Opcode 232 : Nom du sort introuvable pour mostr02.spl.
mostr02.eff : Opcode 326 à gérer.
mostr01.spl : mostr01.eff : Opcode 232 : Nom du sort introuvable pour mostr01.spl.
mostr01.eff : Opcode 326 à gérer.
SW2H07.ITM : Opcode 318 : self avec parameter1 et parameter2 différent de 0
mostr06.spl : mostr06.eff : Opcode 232 : Nom du sort introuvable pour mostr06.spl.
mostr06.eff : Opcode 326 à gérer.
mostr05.spl : mostr05.eff : Opcode 232 : Nom du sort introuvable pour mostr05.spl.
mostr05.eff : Opcode 326 à gérer.
mostr04.spl : mostr04.eff : Opcode 232 : Nom du sort introuvable pour mostr04.spl.
mostr04.eff : Opcode 326 à gérer.
mostr03.spl : mostr03.eff : Opcode 232 : Nom du sort introuvable pour mostr03.spl.
mostr03.eff : Opcode 326 à gérer.
mostr02.spl : mostr02.eff : Opcode 232 : Nom du sort introuvable pour mostr02.spl.
mostr02.eff : Opcode 326 à gérer.
mostr01.spl : mostr01.eff : Opcode 232 : Nom du sort introuvable pour mostr01.spl.
mostr01.eff : Opcode 326 à gérer.
SW2H07A.ITM : Opcode 318 : self avec parameter1 et parameter2 différent de 0
mostr06.spl : mostr06.eff : Opcode 232 : Nom du sort introuvable pour mostr06.spl.
mostr06.eff : Opcode 326 à gérer.
mostr05.spl : mostr05.eff : Opcode 232 : Nom du sort introuvable pour mostr05.spl.
mostr05.eff : Opcode 326 à gérer.
mostr04.spl : mostr04.eff : Opcode 232 : Nom du sort introuvable pour mostr04.spl.
mostr04.eff : Opcode 326 à gérer.
mostr03.spl : mostr03.eff : Opcode 232 : Nom du sort introuvable pour mostr03.spl.
mostr03.eff : Opcode 326 à gérer.
mostr02.spl : mostr02.eff : Opcode 232 : Nom du sort introuvable pour mostr02.spl.
mostr02.eff : Opcode 326 à gérer.
mostr01.spl : mostr01.eff : Opcode 232 : Nom du sort introuvable pour mostr01.spl.
mostr01.eff : Opcode 326 à gérer.
SW2H08.ITM : Opcode 318 : self avec parameter1 et parameter2 différent de 0
mostr06.spl : mostr06.eff : Opcode 232 : Nom du sort introuvable pour mostr06.spl.
mostr06.eff : Opcode 326 à gérer.
mostr05.spl : mostr05.eff : Opcode 232 : Nom du sort introuvable pour mostr05.spl.
mostr05.eff : Opcode 326 à gérer.
mostr04.spl : mostr04.eff : Opcode 232 : Nom du sort introuvable pour mostr04.spl.
mostr04.eff : Opcode 326 à gérer.
mostr03.spl : mostr03.eff : Opcode 232 : Nom du sort introuvable pour mostr03.spl.
mostr03.eff : Opcode 326 à gérer.
mostr02.spl : mostr02.eff : Opcode 232 : Nom du sort introuvable pour mostr02.spl.
mostr02.eff : Opcode 326 à gérer.
mostr01.spl : mostr01.eff : Opcode 232 : Nom du sort introuvable pour mostr01.spl.
mostr01.eff : Opcode 326 à gérer.
SW2H11.ITM : Opcode 318 : self avec parameter1 et parameter2 différent de 0
mostr06.spl : mostr06.eff : Opcode 232 : Nom du sort introuvable pour mostr06.spl.
mostr06.eff : Opcode 326 à gérer.
mostr05.spl : mostr05.eff : Opcode 232 : Nom du sort introuvable pour mostr05.spl.
mostr05.eff : Opcode 326 à gérer.
mostr04.spl : mostr04.eff : Opcode 232 : Nom du sort introuvable pour mostr04.spl.
mostr04.eff : Opcode 326 à gérer.
mostr03.spl : mostr03.eff : Opcode 232 : Nom du sort introuvable pour mostr03.spl.
mostr03.eff : Opcode 326 à gérer.
mostr02.spl : mostr02.eff : Opcode 232 : Nom du sort introuvable pour mostr02.spl.
mostr02.eff : Opcode 326 à gérer.
mostr01.spl : mostr01.eff : Opcode 232 : Nom du sort introuvable pour mostr01.spl.
mostr01.eff : Opcode 326 à gérer.
SW2H22.ITM : Opcode 318 : self avec parameter1 et parameter2 différent de 0
mostr06.spl : mostr06.eff : Opcode 232 : Nom du sort introuvable pour mostr06.spl.
mostr06.eff : Opcode 326 à gérer.
mostr05.spl : mostr05.eff : Opcode 232 : Nom du sort introuvable pour mostr05.spl.
mostr05.eff : Opcode 326 à gérer.
mostr04.spl : mostr04.eff : Opcode 232 : Nom du sort introuvable pour mostr04.spl.
mostr04.eff : Opcode 326 à gérer.
mostr03.spl : mostr03.eff : Opcode 232 : Nom du sort introuvable pour mostr03.spl.
mostr03.eff : Opcode 326 à gérer.
mostr02.spl : mostr02.eff : Opcode 232 : Nom du sort introuvable pour mostr02.spl.
mostr02.eff : Opcode 326 à gérer.
mostr01.spl : mostr01.eff : Opcode 232 : Nom du sort introuvable pour mostr01.spl.
mostr01.eff : Opcode 326 à gérer.
SW2H99.ITM : Opcode 318 : self avec parameter1 et parameter2 différent de 0
mostr06.spl : mostr06.eff : Opcode 232 : Nom du sort introuvable pour mostr06.spl.
mostr06.eff : Opcode 326 à gérer.
mostr05.spl : mostr05.eff : Opcode 232 : Nom du sort introuvable pour mostr05.spl.
mostr05.eff : Opcode 326 à gérer.
mostr04.spl : mostr04.eff : Opcode 232 : Nom du sort introuvable pour mostr04.spl.
mostr04.eff : Opcode 326 à gérer.
mostr03.spl : mostr03.eff : Opcode 232 : Nom du sort introuvable pour mostr03.spl.
mostr03.eff : Opcode 326 à gérer.
mostr02.spl : mostr02.eff : Opcode 232 : Nom du sort introuvable pour mostr02.spl.
mostr02.eff : Opcode 326 à gérer.
mostr01.spl : mostr01.eff : Opcode 232 : Nom du sort introuvable pour mostr01.spl.
mostr01.eff : Opcode 326 à gérer.
SW2HD1.ITM : Opcode 318 : self avec parameter1 et parameter2 différent de 0
ohdsw2.spl : SW2HD1.ITM : Opcode 232 : Nom du sort introuvable pour ohdsw2.spl.
ohdsw1.spl : SW2HD1.ITM : Opcode 206 : Nom du sort introuvable pour ohdsw1.spl.
ohdsw2.spl : SW2HD1.ITM : Opcode 206 : Nom du sort introuvable pour ohdsw2.spl.
ohdsw1.spl : SW2HD1.ITM : Opcode 232 : Nom du sort introuvable pour ohdsw1.spl.
SW2HD1.ITM : opcode 221: Traduction 100214 manquante
SW2HD1.ITM : opcode 221: Traduction 100214 manquante
mostr06.spl : mostr06.eff : Opcode 232 : Nom du sort introuvable pour mostr06.spl.
mostr06.eff : Opcode 326 à gérer.
mostr05.spl : mostr05.eff : Opcode 232 : Nom du sort introuvable pour mostr05.spl.
mostr05.eff : Opcode 326 à gérer.
mostr04.spl : mostr04.eff : Opcode 232 : Nom du sort introuvable pour mostr04.spl.
mostr04.eff : Opcode 326 à gérer.
mostr03.spl : mostr03.eff : Opcode 232 : Nom du sort introuvable pour mostr03.spl.
mostr03.eff : Opcode 326 à gérer.
mostr02.spl : mostr02.eff : Opcode 232 : Nom du sort introuvable pour mostr02.spl.
mostr02.eff : Opcode 326 à gérer.
mostr01.spl : mostr01.eff : Opcode 232 : Nom du sort introuvable pour mostr01.spl.
mostr01.eff : Opcode 326 à gérer.
SW2HD2.ITM : Opcode 318 : self avec parameter1 et parameter2 différent de 0
mostr06.spl : mostr06.eff : Opcode 232 : Nom du sort introuvable pour mostr06.spl.
mostr06.eff : Opcode 326 à gérer.
mostr05.spl : mostr05.eff : Opcode 232 : Nom du sort introuvable pour mostr05.spl.
mostr05.eff : Opcode 326 à gérer.
mostr04.spl : mostr04.eff : Opcode 232 : Nom du sort introuvable pour mostr04.spl.
mostr04.eff : Opcode 326 à gérer.
mostr03.spl : mostr03.eff : Opcode 232 : Nom du sort introuvable pour mostr03.spl.
mostr03.eff : Opcode 326 à gérer.
mostr02.spl : mostr02.eff : Opcode 232 : Nom du sort introuvable pour mostr02.spl.
mostr02.eff : Opcode 326 à gérer.
mostr01.spl : mostr01.eff : Opcode 232 : Nom du sort introuvable pour mostr01.spl.
mostr01.eff : Opcode 326 à gérer.
SW2HDEAT.ITM : Opcode 318 : self avec parameter1 et parameter2 différent de 0
mostr06.spl : mostr06.eff : Opcode 232 : Nom du sort introuvable pour mostr06.spl.
mostr06.eff : Opcode 326 à gérer.
mostr05.spl : mostr05.eff : Opcode 232 : Nom du sort introuvable pour mostr05.spl.
mostr05.eff : Opcode 326 à gérer.
mostr04.spl : mostr04.eff : Opcode 232 : Nom du sort introuvable pour mostr04.spl.
mostr04.eff : Opcode 326 à gérer.
mostr03.spl : mostr03.eff : Opcode 232 : Nom du sort introuvable pour mostr03.spl.
mostr03.eff : Opcode 326 à gérer.
mostr02.spl : mostr02.eff : Opcode 232 : Nom du sort introuvable pour mostr02.spl.
mostr02.eff : Opcode 326 à gérer.
mostr01.spl : mostr01.eff : Opcode 232 : Nom du sort introuvable pour mostr01.spl.
mostr01.eff : Opcode 326 à gérer.
TASLOIIL.ITM : Opcode 318 : self avec parameter1 et parameter2 différent de 0
mostr06.spl : mostr06.eff : Opcode 232 : Nom du sort introuvable pour mostr06.spl.
mostr06.eff : Opcode 326 à gérer.
mostr05.spl : mostr05.eff : Opcode 232 : Nom du sort introuvable pour mostr05.spl.
mostr05.eff : Opcode 326 à gérer.
mostr04.spl : mostr04.eff : Opcode 232 : Nom du sort introuvable pour mostr04.spl.
mostr04.eff : Opcode 326 à gérer.
mostr03.spl : mostr03.eff : Opcode 232 : Nom du sort introuvable pour mostr03.spl.
mostr03.eff : Opcode 326 à gérer.
mostr02.spl : mostr02.eff : Opcode 232 : Nom du sort introuvable pour mostr02.spl.
mostr02.eff : Opcode 326 à gérer.
mostr01.spl : mostr01.eff : Opcode 232 : Nom du sort introuvable pour mostr01.spl.
mostr01.eff : Opcode 326 à gérer.
TTHALB1.ITM : Opcode 318 : self avec parameter1 et parameter2 différent de 0
mostr06.spl : mostr06.eff : Opcode 232 : Nom du sort introuvable pour mostr06.spl.
mostr06.eff : Opcode 326 à gérer.
mostr05.spl : mostr05.eff : Opcode 232 : Nom du sort introuvable pour mostr05.spl.
mostr05.eff : Opcode 326 à gérer.
mostr04.spl : mostr04.eff : Opcode 232 : Nom du sort introuvable pour mostr04.spl.
mostr04.eff : Opcode 326 à gérer.
mostr03.spl : mostr03.eff : Opcode 232 : Nom du sort introuvable pour mostr03.spl.
mostr03.eff : Opcode 326 à gérer.
mostr02.spl : mostr02.eff : Opcode 232 : Nom du sort introuvable pour mostr02.spl.
mostr02.eff : Opcode 326 à gérer.
mostr01.spl : mostr01.eff : Opcode 232 : Nom du sort introuvable pour mostr01.spl.
mostr01.eff : Opcode 326 à gérer.
TTSPER1.ITM : Opcode 318 : self avec parameter1 et parameter2 différent de 0
mostr06.spl : mostr06.eff : Opcode 232 : Nom du sort introuvable pour mostr06.spl.
mostr06.eff : Opcode 326 à gérer.
mostr05.spl : mostr05.eff : Opcode 232 : Nom du sort introuvable pour mostr05.spl.
mostr05.eff : Opcode 326 à gérer.
mostr04.spl : mostr04.eff : Opcode 232 : Nom du sort introuvable pour mostr04.spl.
mostr04.eff : Opcode 326 à gérer.
mostr03.spl : mostr03.eff : Opcode 232 : Nom du sort introuvable pour mostr03.spl.
mostr03.eff : Opcode 326 à gérer.
mostr02.spl : mostr02.eff : Opcode 232 : Nom du sort introuvable pour mostr02.spl.
mostr02.eff : Opcode 326 à gérer.
mostr01.spl : mostr01.eff : Opcode 232 : Nom du sort introuvable pour mostr01.spl.
mostr01.eff : Opcode 326 à gérer.
TTSWORD2.ITM : Opcode 318 : self avec parameter1 et parameter2 différent de 0
mostr06.spl : mostr06.eff : Opcode 232 : Nom du sort introuvable pour mostr06.spl.
mostr06.eff : Opcode 326 à gérer.
mostr05.spl : mostr05.eff : Opcode 232 : Nom du sort introuvable pour mostr05.spl.
mostr05.eff : Opcode 326 à gérer.
mostr04.spl : mostr04.eff : Opcode 232 : Nom du sort introuvable pour mostr04.spl.
mostr04.eff : Opcode 326 à gérer.
mostr03.spl : mostr03.eff : Opcode 232 : Nom du sort introuvable pour mostr03.spl.
mostr03.eff : Opcode 326 à gérer.
mostr02.spl : mostr02.eff : Opcode 232 : Nom du sort introuvable pour mostr02.spl.
mostr02.eff : Opcode 326 à gérer.
mostr01.spl : mostr01.eff : Opcode 232 : Nom du sort introuvable pour mostr01.spl.
mostr01.eff : Opcode 326 à gérer.
TTSWORD6.ITM : Opcode 318 : self avec parameter1 et parameter2 différent de 0
ax1h01.spl : AX1H01.ITM : Opcode 146 : Nom du sort introuvable pour ax1h01.spl.
AX1H06.ITM : Opcode 341 : La ressource BDRHYTE.eff n'existe pas.
AX1H19.ITM : Opcode 112 à gérer.
AX1H19.ITM : Opcode 58: TODO EE : Dissipation des armes magiques à gerer : 131074
BDAX1H02.ITM : Opcode 318 : self avec parameter1 et parameter2 différent de 0
bdax1h02.spl : BDAX1H02.ITM : Opcode 146 : Nom du sort introuvable pour bdax1h02.spl.
bdax1h02.spl : BDAX1H02.ITM : Opcode 146 : Nom du sort introuvable pour bdax1h02.spl.
BDAX1H05.ITM : Opcode 318 : self avec parameter1 et parameter2 différent de 0
bdax1h05.spl : BDAX1H05.ITM : Opcode 146 : Nom du sort introuvable pour bdax1h05.spl.
bdax1h05.spl : BDAX1H05.ITM : Opcode 146 : Nom du sort introuvable pour bdax1h05.spl.
BDBLUN04.ITM : Opcode 341 : La ressource BDBLUN04.eff n'existe pas.
mostr06.spl : mostr06.eff : Opcode 232 : Nom du sort introuvable pour mostr06.spl.
mostr06.eff : Opcode 326 à gérer.
mostr05.spl : mostr05.eff : Opcode 232 : Nom du sort introuvable pour mostr05.spl.
mostr05.eff : Opcode 326 à gérer.
mostr04.spl : mostr04.eff : Opcode 232 : Nom du sort introuvable pour mostr04.spl.
mostr04.eff : Opcode 326 à gérer.
mostr03.spl : mostr03.eff : Opcode 232 : Nom du sort introuvable pour mostr03.spl.
mostr03.eff : Opcode 326 à gérer.
mostr02.spl : mostr02.eff : Opcode 232 : Nom du sort introuvable pour mostr02.spl.
mostr02.eff : Opcode 326 à gérer.
mostr01.spl : mostr01.eff : Opcode 232 : Nom du sort introuvable pour mostr01.spl.
mostr01.eff : Opcode 326 à gérer.
BDBLUN06.ITM : Opcode 318 : self avec parameter1 et parameter2 différent de 0
BDBLUN07.ITM : Opcode 340 à gérer.
BDGOGH01.ITM : Opcode 341 : La ressource BDSHA06A.eff n'existe pas.
bdvoid.spl : BDHAMM02.ITM : Opcode 146 : Nom du sort introuvable pour bdvoid.spl.
BDHAMM06.ITM : Opcode 361 à gérer.
BDHAMM06.ITM : Opcode 326 à gérer.
moarm06.spl : moarm06.eff : Opcode 232 : Nom du sort introuvable pour moarm06.spl.
moarm06.eff : Opcode 326 à gérer.
moarm05.spl : moarm05.eff : Opcode 232 : Nom du sort introuvable pour moarm05.spl.
moarm05.eff : Opcode 326 à gérer.
moarm04.spl : moarm04.eff : Opcode 232 : Nom du sort introuvable pour moarm04.spl.
moarm04.eff : Opcode 326 à gérer.
moarm03.spl : moarm03.eff : Opcode 232 : Nom du sort introuvable pour moarm03.spl.
moarm03.eff : Opcode 326 à gérer.
moarm01.spl : moarm01.eff : Opcode 232 : Nom du sort introuvable pour moarm01.spl.
moarm01.eff : Opcode 326 à gérer.
moarm06.spl : moarm06.eff : Opcode 232 : Nom du sort introuvable pour moarm06.spl.
moarm06.eff : Opcode 326 à gérer.
moarm05.spl : moarm05.eff : Opcode 232 : Nom du sort introuvable pour moarm05.spl.
moarm05.eff : Opcode 326 à gérer.
moarm04.spl : moarm04.eff : Opcode 232 : Nom du sort introuvable pour moarm04.spl.
moarm04.eff : Opcode 326 à gérer.
moarm03.spl : moarm03.eff : Opcode 232 : Nom du sort introuvable pour moarm03.spl.
moarm03.eff : Opcode 326 à gérer.
moarm01.spl : moarm01.eff : Opcode 232 : Nom du sort introuvable pour moarm01.spl.
moarm01.eff : Opcode 326 à gérer.
moarm06.spl : moarm06.eff : Opcode 232 : Nom du sort introuvable pour moarm06.spl.
moarm06.eff : Opcode 326 à gérer.
moarm05.spl : moarm05.eff : Opcode 232 : Nom du sort introuvable pour moarm05.spl.
moarm05.eff : Opcode 326 à gérer.
moarm04.spl : moarm04.eff : Opcode 232 : Nom du sort introuvable pour moarm04.spl.
moarm04.eff : Opcode 326 à gérer.
moarm03.spl : moarm03.eff : Opcode 232 : Nom du sort introuvable pour moarm03.spl.
moarm03.eff : Opcode 326 à gérer.
moarm01.spl : moarm01.eff : Opcode 232 : Nom du sort introuvable pour moarm01.spl.
moarm01.eff : Opcode 326 à gérer.
mostr06.spl : mostr06.eff : Opcode 232 : Nom du sort introuvable pour mostr06.spl.
mostr06.eff : Opcode 326 à gérer.
mostr05.spl : mostr05.eff : Opcode 232 : Nom du sort introuvable pour mostr05.spl.
mostr05.eff : Opcode 326 à gérer.
mostr04.spl : mostr04.eff : Opcode 232 : Nom du sort introuvable pour mostr04.spl.
mostr04.eff : Opcode 326 à gérer.
mostr03.spl : mostr03.eff : Opcode 232 : Nom du sort introuvable pour mostr03.spl.
mostr03.eff : Opcode 326 à gérer.
mostr02.spl : mostr02.eff : Opcode 232 : Nom du sort introuvable pour mostr02.spl.
mostr02.eff : Opcode 326 à gérer.
mostr01.spl : mostr01.eff : Opcode 232 : Nom du sort introuvable pour mostr01.spl.
mostr01.eff : Opcode 326 à gérer.
BDSHSTF1.ITM : Opcode 318 : self avec parameter1 et parameter2 différent de 0
mostr06.spl : mostr06.eff : Opcode 232 : Nom du sort introuvable pour mostr06.spl.
mostr06.eff : Opcode 326 à gérer.
mostr05.spl : mostr05.eff : Opcode 232 : Nom du sort introuvable pour mostr05.spl.
mostr05.eff : Opcode 326 à gérer.
mostr04.spl : mostr04.eff : Opcode 232 : Nom du sort introuvable pour mostr04.spl.
mostr04.eff : Opcode 326 à gérer.
mostr03.spl : mostr03.eff : Opcode 232 : Nom du sort introuvable pour mostr03.spl.
mostr03.eff : Opcode 326 à gérer.
mostr02.spl : mostr02.eff : Opcode 232 : Nom du sort introuvable pour mostr02.spl.
mostr02.eff : Opcode 326 à gérer.
mostr01.spl : mostr01.eff : Opcode 232 : Nom du sort introuvable pour mostr01.spl.
mostr01.eff : Opcode 326 à gérer.
BDSTAF01.ITM : Opcode 318 : self avec parameter1 et parameter2 différent de 0
mostr06.spl : mostr06.eff : Opcode 232 : Nom du sort introuvable pour mostr06.spl.
mostr06.eff : Opcode 326 à gérer.
mostr05.spl : mostr05.eff : Opcode 232 : Nom du sort introuvable pour mostr05.spl.
mostr05.eff : Opcode 326 à gérer.
mostr04.spl : mostr04.eff : Opcode 232 : Nom du sort introuvable pour mostr04.spl.
mostr04.eff : Opcode 326 à gérer.
mostr03.spl : mostr03.eff : Opcode 232 : Nom du sort introuvable pour mostr03.spl.
mostr03.eff : Opcode 326 à gérer.
mostr02.spl : mostr02.eff : Opcode 232 : Nom du sort introuvable pour mostr02.spl.
mostr02.eff : Opcode 326 à gérer.
mostr01.spl : mostr01.eff : Opcode 232 : Nom du sort introuvable pour mostr01.spl.
mostr01.eff : Opcode 326 à gérer.
BDSTAF02.ITM : Opcode 318 : self avec parameter1 et parameter2 différent de 0
mostr06.spl : mostr06.eff : Opcode 232 : Nom du sort introuvable pour mostr06.spl.
mostr06.eff : Opcode 326 à gérer.
mostr05.spl : mostr05.eff : Opcode 232 : Nom du sort introuvable pour mostr05.spl.
mostr05.eff : Opcode 326 à gérer.
mostr04.spl : mostr04.eff : Opcode 232 : Nom du sort introuvable pour mostr04.spl.
mostr04.eff : Opcode 326 à gérer.
mostr03.spl : mostr03.eff : Opcode 232 : Nom du sort introuvable pour mostr03.spl.
mostr03.eff : Opcode 326 à gérer.
mostr02.spl : mostr02.eff : Opcode 232 : Nom du sort introuvable pour mostr02.spl.
mostr02.eff : Opcode 326 à gérer.
mostr01.spl : mostr01.eff : Opcode 232 : Nom du sort introuvable pour mostr01.spl.
mostr01.eff : Opcode 326 à gérer.
BDSTAF03.ITM : Opcode 318 : self avec parameter1 et parameter2 différent de 0
bdcrimsn.spl : BDSW1H01.ITM : Opcode 232 : Nom du sort introuvable pour bdcrimsn.spl.
BDSW1H01.ITM : Opcode 321 à gérer.
BDSW1H01.ITM : Opcode 321 à gérer.
bdsw1h02.spl : BDSW1H02.ITM : Opcode 146 : Nom du sort introuvable pour bdsw1h02.spl.
BDSW1H03.ITM : Opcode 341 : La ressource BDSW1H03.eff n'existe pas.
bdvoid.spl : BDSW1H06.ITM : Opcode 146 : Nom du sort introuvable pour bdvoid.spl.
bdsw1h08.spl : BDSW1H08.ITM : Opcode 232 : Nom du sort introuvable pour bdsw1h08.spl.
BDSW1H08.ITM : Opcode 321 à gérer.
bdfractl.spl : BDSW1H14.ITM : Opcode 232 : Nom du sort introuvable pour bdfractl.spl.
BDSW1H14.ITM : Opcode 321 à gérer.
bdsw1h14.spl : BDSW1H14.ITM : Opcode 146 : Nom du sort introuvable pour bdsw1h14.spl.
BDSW1H21.ITM : Opcode 340 à gérer.
bdsw1h21.spl : BDSW1H21.ITM : Opcode 146 : Nom du sort introuvable pour bdsw1h21.spl.
blun02.spl : BLUN02.ITM : Opcode 146 : Nom du sort introuvable pour blun02.spl.
blun04.spl : BLUN04.ITM : Opcode 146 : Nom du sort introuvable pour blun04.spl.
blun06.spl : BLUN06.ITM : Opcode 146 : Nom du sort introuvable pour blun06.spl.
blun08.spl : BLUN08.ITM : Opcode 146 : Nom du sort introuvable pour blun08.spl.
blun38.spl : BLUN38.ITM : Opcode 232 : Nom du sort introuvable pour blun38.spl.
mostr06.spl : mostr06.eff : Opcode 232 : Nom du sort introuvable pour mostr06.spl.
mostr06.eff : Opcode 326 à gérer.
mostr05.spl : mostr05.eff : Opcode 232 : Nom du sort introuvable pour mostr05.spl.
mostr05.eff : Opcode 326 à gérer.
mostr04.spl : mostr04.eff : Opcode 232 : Nom du sort introuvable pour mostr04.spl.
mostr04.eff : Opcode 326 à gérer.
mostr03.spl : mostr03.eff : Opcode 232 : Nom du sort introuvable pour mostr03.spl.
mostr03.eff : Opcode 326 à gérer.
mostr02.spl : mostr02.eff : Opcode 232 : Nom du sort introuvable pour mostr02.spl.
mostr02.eff : Opcode 326 à gérer.
mostr01.spl : mostr01.eff : Opcode 232 : Nom du sort introuvable pour mostr01.spl.
mostr01.eff : Opcode 326 à gérer.
DEVA.ITM : Opcode 58: TODO EE : Dissipation des armes magiques à gerer : 131073
DEVAEVIL.ITM : Opcode 58: TODO EE : Dissipation des armes magiques à gerer : 131073
moarm06.spl : moarm06.eff : Opcode 232 : Nom du sort introuvable pour moarm06.spl.
moarm06.eff : Opcode 326 à gérer.
moarm05.spl : moarm05.eff : Opcode 232 : Nom du sort introuvable pour moarm05.spl.
moarm05.eff : Opcode 326 à gérer.
moarm04.spl : moarm04.eff : Opcode 232 : Nom du sort introuvable pour moarm04.spl.
moarm04.eff : Opcode 326 à gérer.
moarm03.spl : moarm03.eff : Opcode 232 : Nom du sort introuvable pour moarm03.spl.
moarm03.eff : Opcode 326 à gérer.
moarm01.spl : moarm01.eff : Opcode 232 : Nom du sort introuvable pour moarm01.spl.
moarm01.eff : Opcode 326 à gérer.
mostr06.spl : mostr06.eff : Opcode 232 : Nom du sort introuvable pour mostr06.spl.
mostr06.eff : Opcode 326 à gérer.
mostr05.spl : mostr05.eff : Opcode 232 : Nom du sort introuvable pour mostr05.spl.
mostr05.eff : Opcode 326 à gérer.
mostr04.spl : mostr04.eff : Opcode 232 : Nom du sort introuvable pour mostr04.spl.
mostr04.eff : Opcode 326 à gérer.
mostr03.spl : mostr03.eff : Opcode 232 : Nom du sort introuvable pour mostr03.spl.
mostr03.eff : Opcode 326 à gérer.
mostr02.spl : mostr02.eff : Opcode 232 : Nom du sort introuvable pour mostr02.spl.
mostr02.eff : Opcode 326 à gérer.
mostr01.spl : mostr01.eff : Opcode 232 : Nom du sort introuvable pour mostr01.spl.
mostr01.eff : Opcode 326 à gérer.
ENSTAFF.ITM : Opcode 318 : self avec parameter1 et parameter2 différent de 0
hamm01.spl : HAMM01.ITM : Opcode 146 : Nom du sort introuvable pour hamm01.spl.
mostr06.spl : mostr06.eff : Opcode 232 : Nom du sort introuvable pour mostr06.spl.
mostr06.eff : Opcode 326 à gérer.
mostr05.spl : mostr05.eff : Opcode 232 : Nom du sort introuvable pour mostr05.spl.
mostr05.eff : Opcode 326 à gérer.
mostr04.spl : mostr04.eff : Opcode 232 : Nom du sort introuvable pour mostr04.spl.
mostr04.eff : Opcode 326 à gérer.
mostr03.spl : mostr03.eff : Opcode 232 : Nom du sort introuvable pour mostr03.spl.
mostr03.eff : Opcode 326 à gérer.
mostr02.spl : mostr02.eff : Opcode 232 : Nom du sort introuvable pour mostr02.spl.
mostr02.eff : Opcode 326 à gérer.
mostr01.spl : mostr01.eff : Opcode 232 : Nom du sort introuvable pour mostr01.spl.
mostr01.eff : Opcode 326 à gérer.
HGNYA01.ITM : Opcode 318 : self avec parameter1 et parameter2 différent de 0
mostr06.spl : mostr06.eff : Opcode 232 : Nom du sort introuvable pour mostr06.spl.
mostr06.eff : Opcode 326 à gérer.
mostr05.spl : mostr05.eff : Opcode 232 : Nom du sort introuvable pour mostr05.spl.
mostr05.eff : Opcode 326 à gérer.
mostr04.spl : mostr04.eff : Opcode 232 : Nom du sort introuvable pour mostr04.spl.
mostr04.eff : Opcode 326 à gérer.
mostr03.spl : mostr03.eff : Opcode 232 : Nom du sort introuvable pour mostr03.spl.
mostr03.eff : Opcode 326 à gérer.
mostr02.spl : mostr02.eff : Opcode 232 : Nom du sort introuvable pour mostr02.spl.
mostr02.eff : Opcode 326 à gérer.
mostr01.spl : mostr01.eff : Opcode 232 : Nom du sort introuvable pour mostr01.spl.
mostr01.eff : Opcode 326 à gérer.
HGWRA01.ITM : Opcode 318 : self avec parameter1 et parameter2 différent de 0
moarm06.spl : moarm06.eff : Opcode 232 : Nom du sort introuvable pour moarm06.spl.
moarm06.eff : Opcode 326 à gérer.
moarm05.spl : moarm05.eff : Opcode 232 : Nom du sort introuvable pour moarm05.spl.
moarm05.eff : Opcode 326 à gérer.
moarm04.spl : moarm04.eff : Opcode 232 : Nom du sort introuvable pour moarm04.spl.
moarm04.eff : Opcode 326 à gérer.
moarm03.spl : moarm03.eff : Opcode 232 : Nom du sort introuvable pour moarm03.spl.
moarm03.eff : Opcode 326 à gérer.
moarm01.spl : moarm01.eff : Opcode 232 : Nom du sort introuvable pour moarm01.spl.
moarm01.eff : Opcode 326 à gérer.
moarm06.spl : moarm06.eff : Opcode 232 : Nom du sort introuvable pour moarm06.spl.
moarm06.eff : Opcode 326 à gérer.
moarm05.spl : moarm05.eff : Opcode 232 : Nom du sort introuvable pour moarm05.spl.
moarm05.eff : Opcode 326 à gérer.
moarm04.spl : moarm04.eff : Opcode 232 : Nom du sort introuvable pour moarm04.spl.
moarm04.eff : Opcode 326 à gérer.
moarm03.spl : moarm03.eff : Opcode 232 : Nom du sort introuvable pour moarm03.spl.
moarm03.eff : Opcode 326 à gérer.
moarm01.spl : moarm01.eff : Opcode 232 : Nom du sort introuvable pour moarm01.spl.
moarm01.eff : Opcode 326 à gérer.
PLANETAR.ITM : Opcode 58: TODO EE : Dissipation des armes magiques à gerer : 131073
moarm06.spl : moarm06.eff : Opcode 232 : Nom du sort introuvable pour moarm06.spl.
moarm06.eff : Opcode 326 à gérer.
moarm05.spl : moarm05.eff : Opcode 232 : Nom du sort introuvable pour moarm05.spl.
moarm05.eff : Opcode 326 à gérer.
moarm04.spl : moarm04.eff : Opcode 232 : Nom du sort introuvable pour moarm04.spl.
moarm04.eff : Opcode 326 à gérer.
moarm03.spl : moarm03.eff : Opcode 232 : Nom du sort introuvable pour moarm03.spl.
moarm03.eff : Opcode 326 à gérer.
moarm01.spl : moarm01.eff : Opcode 232 : Nom du sort introuvable pour moarm01.spl.
moarm01.eff : Opcode 326 à gérer.
moarm06.spl : moarm06.eff : Opcode 232 : Nom du sort introuvable pour moarm06.spl.
moarm06.eff : Opcode 326 à gérer.
moarm05.spl : moarm05.eff : Opcode 232 : Nom du sort introuvable pour moarm05.spl.
moarm05.eff : Opcode 326 à gérer.
moarm04.spl : moarm04.eff : Opcode 232 : Nom du sort introuvable pour moarm04.spl.
moarm04.eff : Opcode 326 à gérer.
moarm03.spl : moarm03.eff : Opcode 232 : Nom du sort introuvable pour moarm03.spl.
moarm03.eff : Opcode 326 à gérer.
moarm01.spl : moarm01.eff : Opcode 232 : Nom du sort introuvable pour moarm01.spl.
moarm01.eff : Opcode 326 à gérer.
moarm06.spl : moarm06.eff : Opcode 232 : Nom du sort introuvable pour moarm06.spl.
moarm06.eff : Opcode 326 à gérer.
moarm05.spl : moarm05.eff : Opcode 232 : Nom du sort introuvable pour moarm05.spl.
moarm05.eff : Opcode 326 à gérer.
moarm04.spl : moarm04.eff : Opcode 232 : Nom du sort introuvable pour moarm04.spl.
moarm04.eff : Opcode 326 à gérer.
moarm03.spl : moarm03.eff : Opcode 232 : Nom du sort introuvable pour moarm03.spl.
moarm03.eff : Opcode 326 à gérer.
moarm01.spl : moarm01.eff : Opcode 232 : Nom du sort introuvable pour moarm01.spl.
moarm01.eff : Opcode 326 à gérer.
moarm06.spl : moarm06.eff : Opcode 232 : Nom du sort introuvable pour moarm06.spl.
moarm06.eff : Opcode 326 à gérer.
moarm05.spl : moarm05.eff : Opcode 232 : Nom du sort introuvable pour moarm05.spl.
moarm05.eff : Opcode 326 à gérer.
moarm04.spl : moarm04.eff : Opcode 232 : Nom du sort introuvable pour moarm04.spl.
moarm04.eff : Opcode 326 à gérer.
moarm03.spl : moarm03.eff : Opcode 232 : Nom du sort introuvable pour moarm03.spl.
moarm03.eff : Opcode 326 à gérer.
moarm01.spl : moarm01.eff : Opcode 232 : Nom du sort introuvable pour moarm01.spl.
moarm01.eff : Opcode 326 à gérer.
moarm06.spl : moarm06.eff : Opcode 232 : Nom du sort introuvable pour moarm06.spl.
moarm06.eff : Opcode 326 à gérer.
moarm05.spl : moarm05.eff : Opcode 232 : Nom du sort introuvable pour moarm05.spl.
moarm05.eff : Opcode 326 à gérer.
moarm04.spl : moarm04.eff : Opcode 232 : Nom du sort introuvable pour moarm04.spl.
moarm04.eff : Opcode 326 à gérer.
moarm03.spl : moarm03.eff : Opcode 232 : Nom du sort introuvable pour moarm03.spl.
moarm03.eff : Opcode 326 à gérer.
moarm01.spl : moarm01.eff : Opcode 232 : Nom du sort introuvable pour moarm01.spl.
moarm01.eff : Opcode 326 à gérer.
moarm06.spl : moarm06.eff : Opcode 232 : Nom du sort introuvable pour moarm06.spl.
moarm06.eff : Opcode 326 à gérer.
moarm05.spl : moarm05.eff : Opcode 232 : Nom du sort introuvable pour moarm05.spl.
moarm05.eff : Opcode 326 à gérer.
moarm04.spl : moarm04.eff : Opcode 232 : Nom du sort introuvable pour moarm04.spl.
moarm04.eff : Opcode 326 à gérer.
moarm03.spl : moarm03.eff : Opcode 232 : Nom du sort introuvable pour moarm03.spl.
moarm03.eff : Opcode 326 à gérer.
moarm01.spl : moarm01.eff : Opcode 232 : Nom du sort introuvable pour moarm01.spl.
moarm01.eff : Opcode 326 à gérer.
moarm06.spl : moarm06.eff : Opcode 232 : Nom du sort introuvable pour moarm06.spl.
moarm06.eff : Opcode 326 à gérer.
moarm05.spl : moarm05.eff : Opcode 232 : Nom du sort introuvable pour moarm05.spl.
moarm05.eff : Opcode 326 à gérer.
moarm04.spl : moarm04.eff : Opcode 232 : Nom du sort introuvable pour moarm04.spl.
moarm04.eff : Opcode 326 à gérer.
moarm03.spl : moarm03.eff : Opcode 232 : Nom du sort introuvable pour moarm03.spl.
moarm03.eff : Opcode 326 à gérer.
moarm01.spl : moarm01.eff : Opcode 232 : Nom du sort introuvable pour moarm01.spl.
moarm01.eff : Opcode 326 à gérer.
moarm06.spl : moarm06.eff : Opcode 232 : Nom du sort introuvable pour moarm06.spl.
moarm06.eff : Opcode 326 à gérer.
moarm05.spl : moarm05.eff : Opcode 232 : Nom du sort introuvable pour moarm05.spl.
moarm05.eff : Opcode 326 à gérer.
moarm04.spl : moarm04.eff : Opcode 232 : Nom du sort introuvable pour moarm04.spl.
moarm04.eff : Opcode 326 à gérer.
moarm03.spl : moarm03.eff : Opcode 232 : Nom du sort introuvable pour moarm03.spl.
moarm03.eff : Opcode 326 à gérer.
moarm01.spl : moarm01.eff : Opcode 232 : Nom du sort introuvable pour moarm01.spl.
moarm01.eff : Opcode 326 à gérer.
moarm06.spl : moarm06.eff : Opcode 232 : Nom du sort introuvable pour moarm06.spl.
moarm06.eff : Opcode 326 à gérer.
moarm05.spl : moarm05.eff : Opcode 232 : Nom du sort introuvable pour moarm05.spl.
moarm05.eff : Opcode 326 à gérer.
moarm04.spl : moarm04.eff : Opcode 232 : Nom du sort introuvable pour moarm04.spl.
moarm04.eff : Opcode 326 à gérer.
moarm03.spl : moarm03.eff : Opcode 232 : Nom du sort introuvable pour moarm03.spl.
moarm03.eff : Opcode 326 à gérer.
moarm01.spl : moarm01.eff : Opcode 232 : Nom du sort introuvable pour moarm01.spl.
moarm01.eff : Opcode 326 à gérer.
moarm06.spl : moarm06.eff : Opcode 232 : Nom du sort introuvable pour moarm06.spl.
moarm06.eff : Opcode 326 à gérer.
moarm05.spl : moarm05.eff : Opcode 232 : Nom du sort introuvable pour moarm05.spl.
moarm05.eff : Opcode 326 à gérer.
moarm04.spl : moarm04.eff : Opcode 232 : Nom du sort introuvable pour moarm04.spl.
moarm04.eff : Opcode 326 à gérer.
moarm03.spl : moarm03.eff : Opcode 232 : Nom du sort introuvable pour moarm03.spl.
moarm03.eff : Opcode 326 à gérer.
moarm01.spl : moarm01.eff : Opcode 232 : Nom du sort introuvable pour moarm01.spl.
moarm01.eff : Opcode 326 à gérer.
moarm06.spl : moarm06.eff : Opcode 232 : Nom du sort introuvable pour moarm06.spl.
moarm06.eff : Opcode 326 à gérer.
moarm05.spl : moarm05.eff : Opcode 232 : Nom du sort introuvable pour moarm05.spl.
moarm05.eff : Opcode 326 à gérer.
moarm04.spl : moarm04.eff : Opcode 232 : Nom du sort introuvable pour moarm04.spl.
moarm04.eff : Opcode 326 à gérer.
moarm03.spl : moarm03.eff : Opcode 232 : Nom du sort introuvable pour moarm03.spl.
moarm03.eff : Opcode 326 à gérer.
moarm01.spl : moarm01.eff : Opcode 232 : Nom du sort introuvable pour moarm01.spl.
moarm01.eff : Opcode 326 à gérer.
moarm06.spl : moarm06.eff : Opcode 232 : Nom du sort introuvable pour moarm06.spl.
moarm06.eff : Opcode 326 à gérer.
moarm05.spl : moarm05.eff : Opcode 232 : Nom du sort introuvable pour moarm05.spl.
moarm05.eff : Opcode 326 à gérer.
moarm04.spl : moarm04.eff : Opcode 232 : Nom du sort introuvable pour moarm04.spl.
moarm04.eff : Opcode 326 à gérer.
moarm03.spl : moarm03.eff : Opcode 232 : Nom du sort introuvable pour moarm03.spl.
moarm03.eff : Opcode 326 à gérer.
moarm01.spl : moarm01.eff : Opcode 232 : Nom du sort introuvable pour moarm01.spl.
moarm01.eff : Opcode 326 à gérer.
mostr06.spl : mostr06.eff : Opcode 232 : Nom du sort introuvable pour mostr06.spl.
mostr06.eff : Opcode 326 à gérer.
mostr05.spl : mostr05.eff : Opcode 232 : Nom du sort introuvable pour mostr05.spl.
mostr05.eff : Opcode 326 à gérer.
mostr04.spl : mostr04.eff : Opcode 232 : Nom du sort introuvable pour mostr04.spl.
mostr04.eff : Opcode 326 à gérer.
mostr03.spl : mostr03.eff : Opcode 232 : Nom du sort introuvable pour mostr03.spl.
mostr03.eff : Opcode 326 à gérer.
mostr02.spl : mostr02.eff : Opcode 232 : Nom du sort introuvable pour mostr02.spl.
mostr02.eff : Opcode 326 à gérer.
mostr01.spl : mostr01.eff : Opcode 232 : Nom du sort introuvable pour mostr01.spl.
mostr01.eff : Opcode 326 à gérer.
PSTAFM0.ITM : Opcode 318 : self avec parameter1 et parameter2 différent de 0
mostr06.spl : mostr06.eff : Opcode 232 : Nom du sort introuvable pour mostr06.spl.
mostr06.eff : Opcode 326 à gérer.
mostr05.spl : mostr05.eff : Opcode 232 : Nom du sort introuvable pour mostr05.spl.
mostr05.eff : Opcode 326 à gérer.
mostr04.spl : mostr04.eff : Opcode 232 : Nom du sort introuvable pour mostr04.spl.
mostr04.eff : Opcode 326 à gérer.
mostr03.spl : mostr03.eff : Opcode 232 : Nom du sort introuvable pour mostr03.spl.
mostr03.eff : Opcode 326 à gérer.
mostr02.spl : mostr02.eff : Opcode 232 : Nom du sort introuvable pour mostr02.spl.
mostr02.eff : Opcode 326 à gérer.
mostr01.spl : mostr01.eff : Opcode 232 : Nom du sort introuvable pour mostr01.spl.
mostr01.eff : Opcode 326 à gérer.
PSTAFM0B.ITM : Opcode 318 : self avec parameter1 et parameter2 différent de 0
mostr06.spl : mostr06.eff : Opcode 232 : Nom du sort introuvable pour mostr06.spl.
mostr06.eff : Opcode 326 à gérer.
mostr05.spl : mostr05.eff : Opcode 232 : Nom du sort introuvable pour mostr05.spl.
mostr05.eff : Opcode 326 à gérer.
mostr04.spl : mostr04.eff : Opcode 232 : Nom du sort introuvable pour mostr04.spl.
mostr04.eff : Opcode 326 à gérer.
mostr03.spl : mostr03.eff : Opcode 232 : Nom du sort introuvable pour mostr03.spl.
mostr03.eff : Opcode 326 à gérer.
mostr02.spl : mostr02.eff : Opcode 232 : Nom du sort introuvable pour mostr02.spl.
mostr02.eff : Opcode 326 à gérer.
mostr01.spl : mostr01.eff : Opcode 232 : Nom du sort introuvable pour mostr01.spl.
mostr01.eff : Opcode 326 à gérer.
PSTAFM0C.ITM : Opcode 318 : self avec parameter1 et parameter2 différent de 0
mostr06.spl : mostr06.eff : Opcode 232 : Nom du sort introuvable pour mostr06.spl.
mostr06.eff : Opcode 326 à gérer.
mostr05.spl : mostr05.eff : Opcode 232 : Nom du sort introuvable pour mostr05.spl.
mostr05.eff : Opcode 326 à gérer.
mostr04.spl : mostr04.eff : Opcode 232 : Nom du sort introuvable pour mostr04.spl.
mostr04.eff : Opcode 326 à gérer.
mostr03.spl : mostr03.eff : Opcode 232 : Nom du sort introuvable pour mostr03.spl.
mostr03.eff : Opcode 326 à gérer.
mostr02.spl : mostr02.eff : Opcode 232 : Nom du sort introuvable pour mostr02.spl.
mostr02.eff : Opcode 326 à gérer.
mostr01.spl : mostr01.eff : Opcode 232 : Nom du sort introuvable pour mostr01.spl.
mostr01.eff : Opcode 326 à gérer.
PSTAFM0D.ITM : Opcode 318 : self avec parameter1 et parameter2 différent de 0
mostr06.spl : mostr06.eff : Opcode 232 : Nom du sort introuvable pour mostr06.spl.
mostr06.eff : Opcode 326 à gérer.
mostr05.spl : mostr05.eff : Opcode 232 : Nom du sort introuvable pour mostr05.spl.
mostr05.eff : Opcode 326 à gérer.
mostr04.spl : mostr04.eff : Opcode 232 : Nom du sort introuvable pour mostr04.spl.
mostr04.eff : Opcode 326 à gérer.
mostr03.spl : mostr03.eff : Opcode 232 : Nom du sort introuvable pour mostr03.spl.
mostr03.eff : Opcode 326 à gérer.
mostr02.spl : mostr02.eff : Opcode 232 : Nom du sort introuvable pour mostr02.spl.
mostr02.eff : Opcode 326 à gérer.
mostr01.spl : mostr01.eff : Opcode 232 : Nom du sort introuvable pour mostr01.spl.
mostr01.eff : Opcode 326 à gérer.
PSTAFM0E.ITM : Opcode 318 : self avec parameter1 et parameter2 différent de 0
mostr06.spl : mostr06.eff : Opcode 232 : Nom du sort introuvable pour mostr06.spl.
mostr06.eff : Opcode 326 à gérer.
mostr05.spl : mostr05.eff : Opcode 232 : Nom du sort introuvable pour mostr05.spl.
mostr05.eff : Opcode 326 à gérer.
mostr04.spl : mostr04.eff : Opcode 232 : Nom du sort introuvable pour mostr04.spl.
mostr04.eff : Opcode 326 à gérer.
mostr03.spl : mostr03.eff : Opcode 232 : Nom du sort introuvable pour mostr03.spl.
mostr03.eff : Opcode 326 à gérer.
mostr02.spl : mostr02.eff : Opcode 232 : Nom du sort introuvable pour mostr02.spl.
mostr02.eff : Opcode 326 à gérer.
mostr01.spl : mostr01.eff : Opcode 232 : Nom du sort introuvable pour mostr01.spl.
mostr01.eff : Opcode 326 à gérer.
PSTAFM1.ITM : Opcode 318 : self avec parameter1 et parameter2 différent de 0
mostr06.spl : mostr06.eff : Opcode 232 : Nom du sort introuvable pour mostr06.spl.
mostr06.eff : Opcode 326 à gérer.
mostr05.spl : mostr05.eff : Opcode 232 : Nom du sort introuvable pour mostr05.spl.
mostr05.eff : Opcode 326 à gérer.
mostr04.spl : mostr04.eff : Opcode 232 : Nom du sort introuvable pour mostr04.spl.
mostr04.eff : Opcode 326 à gérer.
mostr03.spl : mostr03.eff : Opcode 232 : Nom du sort introuvable pour mostr03.spl.
mostr03.eff : Opcode 326 à gérer.
mostr02.spl : mostr02.eff : Opcode 232 : Nom du sort introuvable pour mostr02.spl.
mostr02.eff : Opcode 326 à gérer.
mostr01.spl : mostr01.eff : Opcode 232 : Nom du sort introuvable pour mostr01.spl.
mostr01.eff : Opcode 326 à gérer.
PSTAFM2.ITM : Opcode 318 : self avec parameter1 et parameter2 différent de 0
mostr06.spl : mostr06.eff : Opcode 232 : Nom du sort introuvable pour mostr06.spl.
mostr06.eff : Opcode 326 à gérer.
mostr05.spl : mostr05.eff : Opcode 232 : Nom du sort introuvable pour mostr05.spl.
mostr05.eff : Opcode 326 à gérer.
mostr04.spl : mostr04.eff : Opcode 232 : Nom du sort introuvable pour mostr04.spl.
mostr04.eff : Opcode 326 à gérer.
mostr03.spl : mostr03.eff : Opcode 232 : Nom du sort introuvable pour mostr03.spl.
mostr03.eff : Opcode 326 à gérer.
mostr02.spl : mostr02.eff : Opcode 232 : Nom du sort introuvable pour mostr02.spl.
mostr02.eff : Opcode 326 à gérer.
mostr01.spl : mostr01.eff : Opcode 232 : Nom du sort introuvable pour mostr01.spl.
mostr01.eff : Opcode 326 à gérer.
mostr06.spl : mostr06.eff : Opcode 232 : Nom du sort introuvable pour mostr06.spl.
mostr06.eff : Opcode 326 à gérer.
mostr05.spl : mostr05.eff : Opcode 232 : Nom du sort introuvable pour mostr05.spl.
mostr05.eff : Opcode 326 à gérer.
mostr04.spl : mostr04.eff : Opcode 232 : Nom du sort introuvable pour mostr04.spl.
mostr04.eff : Opcode 326 à gérer.
mostr03.spl : mostr03.eff : Opcode 232 : Nom du sort introuvable pour mostr03.spl.
mostr03.eff : Opcode 326 à gérer.
mostr02.spl : mostr02.eff : Opcode 232 : Nom du sort introuvable pour mostr02.spl.
mostr02.eff : Opcode 326 à gérer.
mostr01.spl : mostr01.eff : Opcode 232 : Nom du sort introuvable pour mostr01.spl.
mostr01.eff : Opcode 326 à gérer.
STAF01.ITM : Opcode 318 : self avec parameter1 et parameter2 différent de 0
mostr06.spl : mostr06.eff : Opcode 232 : Nom du sort introuvable pour mostr06.spl.
mostr06.eff : Opcode 326 à gérer.
mostr05.spl : mostr05.eff : Opcode 232 : Nom du sort introuvable pour mostr05.spl.
mostr05.eff : Opcode 326 à gérer.
mostr04.spl : mostr04.eff : Opcode 232 : Nom du sort introuvable pour mostr04.spl.
mostr04.eff : Opcode 326 à gérer.
mostr03.spl : mostr03.eff : Opcode 232 : Nom du sort introuvable pour mostr03.spl.
mostr03.eff : Opcode 326 à gérer.
mostr02.spl : mostr02.eff : Opcode 232 : Nom du sort introuvable pour mostr02.spl.
mostr02.eff : Opcode 326 à gérer.
mostr01.spl : mostr01.eff : Opcode 232 : Nom du sort introuvable pour mostr01.spl.
mostr01.eff : Opcode 326 à gérer.
STAF02.ITM : Opcode 318 : self avec parameter1 et parameter2 différent de 0
mostr06.spl : mostr06.eff : Opcode 232 : Nom du sort introuvable pour mostr06.spl.
mostr06.eff : Opcode 326 à gérer.
mostr05.spl : mostr05.eff : Opcode 232 : Nom du sort introuvable pour mostr05.spl.
mostr05.eff : Opcode 326 à gérer.
mostr04.spl : mostr04.eff : Opcode 232 : Nom du sort introuvable pour mostr04.spl.
mostr04.eff : Opcode 326 à gérer.
mostr03.spl : mostr03.eff : Opcode 232 : Nom du sort introuvable pour mostr03.spl.
mostr03.eff : Opcode 326 à gérer.
mostr02.spl : mostr02.eff : Opcode 232 : Nom du sort introuvable pour mostr02.spl.
mostr02.eff : Opcode 326 à gérer.
mostr01.spl : mostr01.eff : Opcode 232 : Nom du sort introuvable pour mostr01.spl.
mostr01.eff : Opcode 326 à gérer.
STAF03.ITM : Opcode 318 : self avec parameter1 et parameter2 différent de 0
mostr06.spl : mostr06.eff : Opcode 232 : Nom du sort introuvable pour mostr06.spl.
mostr06.eff : Opcode 326 à gérer.
mostr05.spl : mostr05.eff : Opcode 232 : Nom du sort introuvable pour mostr05.spl.
mostr05.eff : Opcode 326 à gérer.
mostr04.spl : mostr04.eff : Opcode 232 : Nom du sort introuvable pour mostr04.spl.
mostr04.eff : Opcode 326 à gérer.
mostr03.spl : mostr03.eff : Opcode 232 : Nom du sort introuvable pour mostr03.spl.
mostr03.eff : Opcode 326 à gérer.
mostr02.spl : mostr02.eff : Opcode 232 : Nom du sort introuvable pour mostr02.spl.
mostr02.eff : Opcode 326 à gérer.
mostr01.spl : mostr01.eff : Opcode 232 : Nom du sort introuvable pour mostr01.spl.
mostr01.eff : Opcode 326 à gérer.
STAF04.ITM : Opcode 318 : self avec parameter1 et parameter2 différent de 0
mostr06.spl : mostr06.eff : Opcode 232 : Nom du sort introuvable pour mostr06.spl.
mostr06.eff : Opcode 326 à gérer.
mostr05.spl : mostr05.eff : Opcode 232 : Nom du sort introuvable pour mostr05.spl.
mostr05.eff : Opcode 326 à gérer.
mostr04.spl : mostr04.eff : Opcode 232 : Nom du sort introuvable pour mostr04.spl.
mostr04.eff : Opcode 326 à gérer.
mostr03.spl : mostr03.eff : Opcode 232 : Nom du sort introuvable pour mostr03.spl.
mostr03.eff : Opcode 326 à gérer.
mostr02.spl : mostr02.eff : Opcode 232 : Nom du sort introuvable pour mostr02.spl.
mostr02.eff : Opcode 326 à gérer.
mostr01.spl : mostr01.eff : Opcode 232 : Nom du sort introuvable pour mostr01.spl.
mostr01.eff : Opcode 326 à gérer.
STAF05.ITM : Opcode 318 : self avec parameter1 et parameter2 différent de 0
mostr06.spl : mostr06.eff : Opcode 232 : Nom du sort introuvable pour mostr06.spl.
mostr06.eff : Opcode 326 à gérer.
mostr05.spl : mostr05.eff : Opcode 232 : Nom du sort introuvable pour mostr05.spl.
mostr05.eff : Opcode 326 à gérer.
mostr04.spl : mostr04.eff : Opcode 232 : Nom du sort introuvable pour mostr04.spl.
mostr04.eff : Opcode 326 à gérer.
mostr03.spl : mostr03.eff : Opcode 232 : Nom du sort introuvable pour mostr03.spl.
mostr03.eff : Opcode 326 à gérer.
mostr02.spl : mostr02.eff : Opcode 232 : Nom du sort introuvable pour mostr02.spl.
mostr02.eff : Opcode 326 à gérer.
mostr01.spl : mostr01.eff : Opcode 232 : Nom du sort introuvable pour mostr01.spl.
mostr01.eff : Opcode 326 à gérer.
STAF07.ITM : Opcode 318 : self avec parameter1 et parameter2 différent de 0
mostr06.spl : mostr06.eff : Opcode 232 : Nom du sort introuvable pour mostr06.spl.
mostr06.eff : Opcode 326 à gérer.
mostr05.spl : mostr05.eff : Opcode 232 : Nom du sort introuvable pour mostr05.spl.
mostr05.eff : Opcode 326 à gérer.
mostr04.spl : mostr04.eff : Opcode 232 : Nom du sort introuvable pour mostr04.spl.
mostr04.eff : Opcode 326 à gérer.
mostr03.spl : mostr03.eff : Opcode 232 : Nom du sort introuvable pour mostr03.spl.
mostr03.eff : Opcode 326 à gérer.
mostr02.spl : mostr02.eff : Opcode 232 : Nom du sort introuvable pour mostr02.spl.
mostr02.eff : Opcode 326 à gérer.
mostr01.spl : mostr01.eff : Opcode 232 : Nom du sort introuvable pour mostr01.spl.
mostr01.eff : Opcode 326 à gérer.
STAF08.ITM : Opcode 318 : self avec parameter1 et parameter2 différent de 0
mostr06.spl : mostr06.eff : Opcode 232 : Nom du sort introuvable pour mostr06.spl.
mostr06.eff : Opcode 326 à gérer.
mostr05.spl : mostr05.eff : Opcode 232 : Nom du sort introuvable pour mostr05.spl.
mostr05.eff : Opcode 326 à gérer.
mostr04.spl : mostr04.eff : Opcode 232 : Nom du sort introuvable pour mostr04.spl.
mostr04.eff : Opcode 326 à gérer.
mostr03.spl : mostr03.eff : Opcode 232 : Nom du sort introuvable pour mostr03.spl.
mostr03.eff : Opcode 326 à gérer.
mostr02.spl : mostr02.eff : Opcode 232 : Nom du sort introuvable pour mostr02.spl.
mostr02.eff : Opcode 326 à gérer.
mostr01.spl : mostr01.eff : Opcode 232 : Nom du sort introuvable pour mostr01.spl.
mostr01.eff : Opcode 326 à gérer.
STAF18.ITM : Opcode 318 : self avec parameter1 et parameter2 différent de 0
mostr06.spl : mostr06.eff : Opcode 232 : Nom du sort introuvable pour mostr06.spl.
mostr06.eff : Opcode 326 à gérer.
mostr05.spl : mostr05.eff : Opcode 232 : Nom du sort introuvable pour mostr05.spl.
mostr05.eff : Opcode 326 à gérer.
mostr04.spl : mostr04.eff : Opcode 232 : Nom du sort introuvable pour mostr04.spl.
mostr04.eff : Opcode 326 à gérer.
mostr03.spl : mostr03.eff : Opcode 232 : Nom du sort introuvable pour mostr03.spl.
mostr03.eff : Opcode 326 à gérer.
mostr02.spl : mostr02.eff : Opcode 232 : Nom du sort introuvable pour mostr02.spl.
mostr02.eff : Opcode 326 à gérer.
mostr01.spl : mostr01.eff : Opcode 232 : Nom du sort introuvable pour mostr01.spl.
mostr01.eff : Opcode 326 à gérer.
STAF25.ITM : Opcode 318 : self avec parameter1 et parameter2 différent de 0
mostr06.spl : mostr06.eff : Opcode 232 : Nom du sort introuvable pour mostr06.spl.
mostr06.eff : Opcode 326 à gérer.
mostr05.spl : mostr05.eff : Opcode 232 : Nom du sort introuvable pour mostr05.spl.
mostr05.eff : Opcode 326 à gérer.
mostr04.spl : mostr04.eff : Opcode 232 : Nom du sort introuvable pour mostr04.spl.
mostr04.eff : Opcode 326 à gérer.
mostr03.spl : mostr03.eff : Opcode 232 : Nom du sort introuvable pour mostr03.spl.
mostr03.eff : Opcode 326 à gérer.
mostr02.spl : mostr02.eff : Opcode 232 : Nom du sort introuvable pour mostr02.spl.
mostr02.eff : Opcode 326 à gérer.
mostr01.spl : mostr01.eff : Opcode 232 : Nom du sort introuvable pour mostr01.spl.
mostr01.eff : Opcode 326 à gérer.
STAFN1.ITM : Opcode 318 : self avec parameter1 et parameter2 différent de 0
sw1h01.spl : SW1H01.ITM : Opcode 146 : Nom du sort introuvable pour sw1h01.spl.
sw1h04.spl : SW1H04.ITM : Opcode 146 : Nom du sort introuvable pour sw1h04.spl.
sw1h07.spl : SW1H07.ITM : Opcode 146 : Nom du sort introuvable pour sw1h07.spl.
sw1h12.spl : SW1H12.ITM : Opcode 146 : Nom du sort introuvable pour sw1h12.spl.
sw1h17.spl : SW1H17.ITM : Opcode 146 : Nom du sort introuvable pour sw1h17.spl.
sw1h20.spl : SW1H20.ITM : Opcode 146 : Nom du sort introuvable pour sw1h20.spl.
sw1h21.spl : SW1H21.ITM : Opcode 146 : Nom du sort introuvable pour sw1h21.spl.
SW1P01.ITM : Unknown macro: opcode_target_233
SW1P01.ITM : FAILURE: opcode 232: Failure("Unknown macro: opcode_target_233")
moprof.itm : Opcode 321 à gérer.
dagg01.spl : moprof.itm : Opcode 146 : Nom du sort introuvable pour dagg01.spl.
