	
NEWHMDO.itm : Opcode 160 à gérer.
NEWNTXA.itm : Opcode 112 à gérer.
NEWSCI03.itm : Opcode 232 à gérer.
NEWSCI03.itm : Opcode 232 à gérer.
NEWSCI03.itm : Opcode 232 à gérer.
NEWSCI03.itm : Opcode 232 à gérer.
NEWSCI03.itm : Opcode 232 à gérer.
NEWSTF03.itm : Opcode 112 à gérer.
NEWSTF03.itm : Opcode 112 à gérer.
NEWSTF03.itm : Opcode 112 à gérer.
NEWSTF03.itm : Opcode 112 à gérer.
NEWSTF03.itm : Opcode 112 à gérer.
NEWSTF03.itm : Opcode 112 à gérer.
NEWSTF03.itm : Opcode 112 à gérer.
NEWSTF03.itm : Opcode 112 à gérer.
NEWSTF03.itm : Opcode 112 à gérer.
NEWSTF03.itm : Opcode 112 à gérer.
NEWSTF03.itm : Opcode 112 à gérer.
NEWSTF03.itm : Opcode 112 à gérer.
NEWSTF03.itm : Opcode 112 à gérer.
NEWSTF03.itm : Opcode 112 à gérer.
NEWSTF03.itm : Opcode 112 à gérer.
NEWSTF03.itm : Opcode 112 à gérer.
NEWSTF03.itm : Opcode 112 à gérer.
NEWSTF03.itm : Opcode 112 à gérer.
NEWSTF03.itm : Opcode 112 à gérer.
NEWSTF03.itm : Opcode 112 à gérer.
NEWSTF03.itm : Opcode 112 à gérer.
NEWSTF03.itm : Opcode 112 à gérer.
NEWSTF03.itm : Opcode 112 à gérer.
NEWSTF03.itm : Opcode 112 à gérer.
NEWSTF03.itm : Opcode 112 à gérer.
NEWSTF03.itm : Opcode 112 à gérer.
NEWSTF03.itm : Opcode 112 à gérer.
NEWSTF03.itm : Opcode 112 à gérer.
NEWSTF03.itm : Opcode 112 à gérer.
NEWSTF03.itm : Opcode 112 à gérer.
NEWSTF03.itm : Opcode 112 à gérer.
NEWSTF03.itm : Opcode 112 à gérer.
NEWSTF03.itm : Opcode 112 à gérer.
NEWSTF03.itm : Opcode 112 à gérer.
NEWSTF03.itm : Opcode 112 à gérer.
NEWSWS03.itm : Opcode 232 à gérer.
SOULARM3.itm : opcode 101: Traduction 11010156 manquante
SOULARM3.itm : FAILURE: opcode 101: Not_found
SOULARMR.itm : opcode 101: Traduction 11010156 manquante
SOULARMR.itm : FAILURE: opcode 101: Not_found
