	
CM2H01.ITM : Opcode 232 à gérer.
CMAX03.ITM : opcode 55: Traduction 205136 manquante
CMAX03.ITM : FAILURE: opcode 55: Not_found
CMHA01.ITM : Opcode 197 : Réflection du type de projectile '1'
CMHA01.ITM : Opcode 197 : Réflection du type de projectile '3'
CMHA01.ITM : Opcode 197 : Réflection du type de projectile '4'
CMHA01.ITM : Opcode 197 : Réflection du type de projectile '10'
CMHA01.ITM : Opcode 197 : Réflection du type de projectile '11'
CMHA01.ITM : Opcode 197 : Réflection du type de projectile '14'
CMHA01.ITM : Opcode 197 : Réflection du type de projectile '15'
CMHA01.ITM : Opcode 197 : Réflection du type de projectile '17'
CMHA01.ITM : Opcode 197 : Réflection du type de projectile '19'
CMHA01.ITM : Opcode 197 : Réflection du type de projectile '26'
CMHA01.ITM : Opcode 197 : Réflection du type de projectile '29'
CMHA01.ITM : Opcode 197 : Réflection du type de projectile '31'
CMHA01.ITM : Opcode 197 : Réflection du type de projectile '34'
CMMM02.ITM : opcode 55: Traduction 205136 manquante
CMMM02.ITM : FAILURE: opcode 55: Not_found
CMTULE03.ITM : Opcode 232 à gérer.
CMXB02.ITM : Opcode 117 à gérer.
