// Log of Currently Installed WeiDU Mods
// The top of the file is the 'oldest' mod
// ~TP2_File~ #language_number #component_number // [Subcomponent Name -> ] Component Name [ : Version]
~SETUP-WEIDU.TP2~ #0 #0 // 24900
~CORRECTFRBG2EE/CORRECTFRBG2EE.TP2~ #0 #10 // Correction de la traduction de Baldur's Gate II : Enhanced Edition: 0.14
~CORRECTFRBG2EE/CORRECTFRBG2EE.TP2~ #0 #20 // Correction de la description des objets: 0.14
~CORRECTFRBG2EE/CORRECTFRBG2EE.TP2~ #0 #30 // Patch audio et video francais: 0.14
~CORRECTFRBG2EE/CORRECTFRBG2EE.TP2~ #0 #40 // Suppression des doublages en anglais: 0.14
~EET/EET.TP2~ #3 #0 // EET core (importation de ressource): V13.4
~EEEX/EEEX.TP2~ #0 #0 // EEex: 0.9.7
~EEEX/EEEX.TP2~ #0 #1 // Enable effect menu module - (LShift-on-hover to view spells affecting creature): 0.9.7
~EEEX/EEEX.TP2~ #0 #2 // Enable timer module - (visual indicators for modal actions, contingency spells, and spell/item cooldowns): 0.9.7
~DRAGONSPEAR_UI++/DRAGONSPEAR_UI++.TP2~ #5 #0 // Installation du composant principal de SoD GUI Overhaul: 22.01.3
~DRAGONSPEAR_UI++/DRAGONSPEAR_UI++.TP2~ #5 #1 // Ajouter un arriere-plan transparent pour les info-bulles: 22.01.3
~DRAGONSPEAR_UI++/DRAGONSPEAR_UI++.TP2~ #5 #2 // Mise a jour de plusieurs lignes de caracteres dans Dialog.tlk: 22.01.3
~DRAGONSPEAR_UI++/DRAGONSPEAR_UI++.TP2~ #5 #8 // Selectionner le nombre d'emplacements de sauvegardes rapides -> 6: 22.01.3
~DRAGONSPEAR_UI++/DRAGONSPEAR_UI++.TP2~ #5 #9 // Correction des portraits flous: 22.01.3
~DRAGONSPEAR_UI++/DRAGONSPEAR_UI++.TP2~ #5 #11 // Mute tooltip sound effect: 22.01.3
~BUBB_SPELL_MENU_EXTENDED/BUBB_SPELL_MENU_EXTENDED.TP2~ #0 #0 // Bubb's Spell Menu Extended: 4.5.1
~HIDDENGAMEPLAYOPTIONS/HIDDENGAMEPLAYOPTIONS.TP2~ #1 #0 // Installer simultanement toutes les options de jeu cachees: 3.0
~BGQE/SETUP-BGQE.TP2~ #2 #0 // Installation de la quete de la vase...: v25.5
~BGQE/SETUP-BGQE.TP2~ #2 #1 // Installation de la quete de famille a Beregost...: v25.5
~BGQE/SETUP-BGQE.TP2~ #2 #2 // Installation de la quete de la garde d'enfants, y compris la rencontre au festival...: v25.5
~BGQE/SETUP-BGQE.TP2~ #2 #3 // Installation de la quete du monstre de Nashkel...: v25.5
~BGQE/SETUP-BGQE.TP2~ #2 #4 // Installation de la quete du paladin dechu...: v25.5
~BGQE/SETUP-BGQE.TP2~ #2 #5 // Installation de la quete de l'amour eternel...: v25.5
~BGQE/SETUP-BGQE.TP2~ #2 #6 // Installation de la rencontre de l'orque amoureux...: v25.5
~BGQE/SETUP-BGQE.TP2~ #2 #7 // Installation de la quete une aide inattendue...: v25.5
~BGQE/SETUP-BGQE.TP2~ #2 #8 // Installation de la quete du hamster...: v25.5
~BGQE/SETUP-BGQE.TP2~ #2 #9 // Installation de la quete de l'ivrogne pres du temple de Beregost...: v25.5
~BGQE/SETUP-BGQE.TP2~ #2 #10 // Installation de la quete un endroit douillet pour Noober...: v25.5
~BGQE/SETUP-BGQE.TP2~ #2 #12 // Installation de la quete sources legales des cartes maritimes...: v25.5
~BGQE/SETUP-BGQE.TP2~ #2 #13 // Installation de la quete additions a la Maison de la Dame et du Temple de la Reine Garce...: v25.5
~BGQE/SETUP-BGQE.TP2~ #2 #14 // Installation de la quete un fermier inquiet...: v25.5
~BGQE/SETUP-BGQE.TP2~ #2 #15 // Installation de la quete des corps pour une bonne cause...: v25.5
~BGQE/SETUP-BGQE.TP2~ #2 #16 // Installation de la quete terminer la quete de Cordyr sans tuer Sil...: v25.5
~BG1RE/SETUP-BG1RE.TP2~ #2 #105 // Composant principal : quantite de... hum... details croustillants, et style BG ou textes explicites ! (necessaire) -> Version "explicite" [contenu adulte] et faire apparaitre/installer les composants avec avertissement.: 9.0
~BG1RE/SETUP-BG1RE.TP2~ #2 #2 // Du temps libre pour La Balafre, par jastey: 9.0
~BG1RE/SETUP-BG1RE.TP2~ #2 #3 // L'obsession de Kim, par jastey (AVERTISSEMENT - consultez le fichier README !): 9.0
~BG1RE/SETUP-BG1RE.TP2~ #2 #4 // Extension de la rencontre avec Bjornin (traitement medical personnalise), par jastey: 9.0
~BG1RE/SETUP-BG1RE.TP2~ #2 #5 // Plus d'amidon dans mon mat: 9.0
~BG1RE/SETUP-BG1RE.TP2~ #2 #6 // Une minute pour le duc Eltan, par jastey: 9.0
~BG1RE/SETUP-BG1RE.TP2~ #2 #7 // L'entrainement tres special de Husam, par jastey: 9.0
~BG1RE/SETUP-BG1RE.TP2~ #2 #8 // Laurel, apres la chasse, par jastey: 9.0
~BG1RE/SETUP-BG1RE.TP2~ #2 #9 // La seduction de Bartus, par jastey: 9.0
~BG1RE/SETUP-BG1RE.TP2~ #2 #11 // Premiere nuit avec Quentin, par Kulyok: 9.0
~BG1RE/SETUP-BG1RE.TP2~ #2 #12 // Les jeux de Niklos, par Kulyok (contenu adulte. AVERTISSEMENT - consultez le fichier README !): 9.0
~BG1RE/SETUP-BG1RE.TP2~ #2 #13 // Slythe et Krystin, par Kulyok (contenu adulte. AVERTISSEMENT - consultez le fichier README !): 9.0
~BG1RE/SETUP-BG1RE.TP2~ #2 #14 // Sans regret, par Anonyme: 9.0
~BG1RE/SETUP-BG1RE.TP2~ #2 #15 // Amour payant, par Thimblerig: 9.0
~BG1RE/SETUP-BG1RE.TP2~ #2 #16 // Hull : le sens du devoir, par Lava: 9.0
~BG1RE/SETUP-BG1RE.TP2~ #2 #17 // Fin de soiree avec Jaheira, par Kulyok: 9.0
~BG1RE/SETUP-BG1RE.TP2~ #2 #18 // La benediction de Sil, par Lava: 9.0
~BG1RE/SETUP-BG1RE.TP2~ #2 #19 // Melicamp : le garcon volaille, par Lava: 9.0
~BG1RE/SETUP-BG1RE.TP2~ #2 #20 // Une lecture avec Rinnie, par Western Paladin: 9.0
~BG1RE/SETUP-BG1RE.TP2~ #2 #21 // Molly cherche un mari, par Kulyok: 9.0
~BG1RE/SETUP-BG1RE.TP2~ #2 #22 // Le deuil de Centeol, la dame araignee, par Lava: 9.0
~BG1RE/SETUP-BG1RE.TP2~ #2 #23 // L'essentiel, par Lava (AVERTISSEMENT - consultez le fichier README !): 9.0
~BG1RE/SETUP-BG1RE.TP2~ #2 #24 // Le repaire du Moissonneur, par Lava (contenu adulte): 9.0
~BG1RE/SETUP-BG1RE.TP2~ #2 #25 // Le grand Zudini, par Kulyok (contenu adulte): 9.0
~BG1RE/SETUP-BG1RE.TP2~ #2 #26 // Le messager, par Thimblerig: 9.0
~BG1RE/SETUP-BG1RE.TP2~ #2 #27 // Ender Sai : la recompense du heros, par Thimblerig (AVERTISSEMENT - consultez le fichier README !): 9.0
~BG1RE/SETUP-BG1RE.TP2~ #2 #28 // Les romanciers, par Thimblerig: 9.0
~BG1RE/SETUP-BG1RE.TP2~ #2 #29 // Les honnetes mensonges des Deux Rives, par Lava: 9.0
~BG1RE/SETUP-BG1RE.TP2~ #2 #30 // Le dilemme d'un necromancien, par jastey: 9.0
~BG1RE/SETUP-BG1RE.TP2~ #2 #31 // Un diner avec Thalantyr, par jastey: 9.0
~BG1RE/SETUP-BG1RE.TP2~ #2 #32 // Ceinture de changement de sexe et reactions, par Thimblerig, Kulyok, Domi, Lava, Lastknightleft, Twani, Jastey, Daisy Ninja Girl: 9.0
~BG1RE/SETUP-BG1RE.TP2~ #2 #33 // Le reve du guerisseur, par Kulyok: 9.0
~BG1RE/SETUP-BG1RE.TP2~ #2 #34 // Ce qu'etait Gauche, par Lava and Thimblerig: 9.0
~BG1RE/SETUP-BG1RE.TP2~ #2 #35 // Un ami d'enfance, par Kulyok: 9.0
~BG1RE/SETUP-BG1RE.TP2~ #2 #36 // Arlene la travailleuse, par Kulyok: 9.0
~BG1RE/SETUP-BG1RE.TP2~ #2 #37 // Della May de Thay, par Kulyok: 9.0
~BG1RE/SETUP-BG1RE.TP2~ #2 #38 // Un garde deprave a Chateau-Suif, par Kulyok (contenu adulte. AVERTISSEMENT - consultez le fichier README !): 9.0
~BG1RE/SETUP-BG1RE.TP2~ #2 #39 // La flamme du phoenix, par Kulyok (contenu adulte): 9.0
~BG1RE/SETUP-BG1RE.TP2~ #2 #40 // Mikala la moniale, par Twani: 9.0
~BG1RE/SETUP-BG1RE.TP2~ #2 #41 // Le messager 2 : pluie, neige et noirceur de la nuit, par Thimblerig and tibicina: 9.0
~BG1RE/SETUP-BG1RE.TP2~ #2 #42 // Camryn et Tamah, par tibicina: 9.0
~BG1RE/SETUP-BG1RE.TP2~ #2 #43 // Petites indiscretions, par jastey: 9.0
~BG1RE/SETUP-BG1RE.TP2~ #2 #44 // Les amoureux de Bois-Manteau, par tibicina: 9.0
~ASCENSION/ASCENSION.TP2~ #2 #0 // Reecriture du chapitre final de Throne of Bhaal: 2.0.17
~ASCENSION/ASCENSION.TP2~ #2 #10 // Balthazar peut etre rachete: 2.0.17
~ASCENSION/ASCENSION.TP2~ #2 #20 // Interactions entre Sarevok et le joueur ameliorees: 2.0.17
~ASCENSION/ASCENSION.TP2~ #2 #30 // Interactions entre Imoen et le joueur ameliorees dans Throne of Bhaal: 2.0.17
~ASCENSION/ASCENSION.TP2~ #2 #40 // Pouvoirs de l'enfant de Bhaal restaures: 2.0.17
~ASCENSION/ASCENSION.TP2~ #2 #50 // Transformation en Ecorcheur amelioree: 2.0.17
~ASCENSION/ASCENSION.TP2~ #2 #61 // Epilogues etendus pour les PNJ de Bioware -> Epilogues alternatifs, par Shawne: 2.0.17
~ASCENSION/ASCENSION.TP2~ #2 #1000 // Combat d'Abazigal plus difficile: 2.0.17
~ASCENSION/ASCENSION.TP2~ #2 #1100 // Combat de Balthazar plus difficile: 2.0.17
~ASCENSION/ASCENSION.TP2~ #2 #1200 // Combat de Demogorgon plus difficile: 2.0.17
~ASCENSION/ASCENSION.TP2~ #2 #1300 // Combat de Gromnir plus difficile: 2.0.17
~ASCENSION/ASCENSION.TP2~ #2 #1400 // Combat d'Illasera plus difficile: 2.0.17
~ASCENSION/ASCENSION.TP2~ #2 #1500 // Combat de Yaga-Shura plus difficile: 2.0.17
~ASCENSION/ASCENSION.TP2~ #2 #2000 // Portrait complet de Bodhi (incluant son corps): 2.0.17
~ASCENSION/ASCENSION.TP2~ #2 #2100 // Portrait alternatif de Balthazar, par Cuv: 2.0.17
~ASCENSION/ASCENSION.TP2~ #2 #2200 // Epilogues etendus pour les PNJ additionnels de Beamdog, par shawne: 2.0.17
~ASCENSION/ASCENSION.TP2~ #2 #2300 // Portraits plus nets d'Abazigal et de Gromnir pour l'Enhanced Edition, par DavidW: 2.0.17
~ASCENSION/ASCENSION.TP2~ #2 #2400 // Cinematiques legerement ameliorees, par DavidW: 2.0.17
~ARESTORATIONP/ARESTORATIONP.TP2~ #7 #0 // Restauration de lieux: v8.4
~ARESTORATIONP/ARESTORATIONP.TP2~ #7 #1 // Restauration de personnages et de dialogues: v8.4
~ARESTORATIONP/ARESTORATIONP.TP2~ #7 #2 // Restauration de sons: v8.4
~ARESTORATIONP/ARESTORATIONP.TP2~ #7 #3 // Restauration d'objets: v8.4
~ARESTORATIONP/ARESTORATIONP.TP2~ #7 #4 // Restauration d'options de souhait: v8.4
~ARESTORATIONP/ARESTORATIONP.TP2~ #7 #5 // Restauration de table d'XP dans ToB: v8.4
~ARESTORATIONP/ARESTORATIONP.TP2~ #7 #6 // Liche Deril: v8.4
~ARESTORATIONP/ARESTORATIONP.TP2~ #7 #8 // Restaurations mineures: v8.4
~ARESTORATIONP/ARESTORATIONP.TP2~ #7 #11 // Restauration du reve de fin avec l'Ecorcheur: v8.4
~ARESTORATIONP/ARESTORATIONP.TP2~ #7 #12 // Transformation en Ecorcheur alternative: v8.4
~ARESTORATIONP/ARESTORATIONP.TP2~ #7 #13 // Restauration de la cinematique de la Promenade de Waukyne: v8.4
~C#SB_SILBER/SETUP-C#SB_SILBER.TP2~ #2 #0 // Adalon's Blood - Modification pour BGII par Gandalf the white: 14
~ASSASSINATIONS/ASSASSINATIONS.TP2~ #6 #0 // Mod Assassinations pour Baldur's Gate II: v17
~BACKBRYNNLAW/BACKBRYNNLAW.TP2~ #4 #0 // Mod Retour à Brynnlaw mod pour Baldur's Gate II: v9
~SELLSWORDS/SELLSWORDS.TP2~ #4 #0 // Mod Mercenaires pour Baldur's Gate II: v9.1
~ALTERNATIVES/SETUP-ALTERNATIVES.TP2~ #2 #0 // Alternatives: v15
~ITEM_REV/ITEM_REV.TP2~ #0 #0 // Item Revisions by Demivrgvs: V4 (Revised V1.3.855)
~ITEM_REV/ITEM_REV.TP2~ #0 #1030 // Store Revisions: V4 (Revised V1.3.855)
~ITEM_REV/ITEM_REV.TP2~ #0 #1042 // Revised Armor -> Without Movement Speed Penalties: V4 (Revised V1.3.855)
~ITEM_REV/ITEM_REV.TP2~ #0 #3 // Allow Spellcasting in Armor -> With Casting Speed Penalties for Arcane Casters: V4 (Revised V1.3.855)
~ITEM_REV/ITEM_REV.TP2~ #0 #9 // Allow Thieving Skills in Armor -> Stealth is Penalized by Armor: V4 (Revised V1.3.855)
~ITEM_REV/ITEM_REV.TP2~ #0 #10 // Revised Shield Bonuses: V4 (Revised V1.3.855)
~ITEM_REV/ITEM_REV.TP2~ #0 #17 // Weapon Changes: V4 (Revised V1.3.855)
~ITEM_REV/ITEM_REV.TP2~ #0 #11 // Dual Wielding Changes for Light and Heavy Weapons: V4 (Revised V1.3.855)
~ITEM_REV/ITEM_REV.TP2~ #0 #19 // Revised Backstabbing -> More Weapons Usable for Backstabbing: V4 (Revised V1.3.855)
~ITEM_REV/ITEM_REV.TP2~ #0 #1200 // Revised Critical Hit Aversion: V4 (Revised V1.3.855)
~ITEM_REV/ITEM_REV.TP2~ #0 #12 // Items of Protection Can Be Worn with Magical Armor: V4 (Revised V1.3.855)
~ITEM_REV/ITEM_REV.TP2~ #0 #1093 // Remove Weapon Restrictions from Multi-classed Divine Spellcasters -> Clerics and Druids, With Halved Specialization: V4 (Revised V1.3.855)
~ITEM_REV/ITEM_REV.TP2~ #0 #16 // PnP Equipment for Druids -> Druids and Fighter/Druids: V4 (Revised V1.3.855)
~ITEM_REV/ITEM_REV.TP2~ #0 #1060 // Kensai Can Wear Bracers: V4 (Revised V1.3.855)
~ITEM_REV/ITEM_REV.TP2~ #0 #1070 // Thieves Can Use Wands: V4 (Revised V1.3.855)
~CDTWEAKS/SETUP-CDTWEAKS.TP2~ #2 #2250 // Table de progression des sorts du sorcier debridee: v15 BWS-FR Fix
~CDTWEAKS/SETUP-CDTWEAKS.TP2~ #2 #2260 // Alterer la table de progression des sorts du mage -> Table debridee (Blucher): v15 BWS-FR Fix
~CDTWEAKS/SETUP-CDTWEAKS.TP2~ #2 #2270 // Alterer la table de progression des sorts du barde -> Table debridee (Blucher): v15 BWS-FR Fix
~CDTWEAKS/SETUP-CDTWEAKS.TP2~ #2 #2280 // Alterer la table de progression des sorts du clerc -> Table debridee (Blucher): v15 BWS-FR Fix
~CDTWEAKS/SETUP-CDTWEAKS.TP2~ #2 #2290 // Alterer les tables de progression des sorts et de niveaux du druide -> Pas de modification de la progression, table debridee des sorts des druides uniquement (Blucher): v15 BWS-FR Fix
~CDTWEAKS/SETUP-CDTWEAKS.TP2~ #2 #2580 // Modifier la table des sorts divins en bonus lies à la sagesse -> Utiliser la table PnP/PsT: v15 BWS-FR Fix
~CDTWEAKS/SETUP-CDTWEAKS.TP2~ #2 #2339 // Suppression de la limite de convocation pour les creatures normales: v15 BWS-FR Fix
~CDTWEAKS/SETUP-CDTWEAKS.TP2~ #2 #2391 // Alteration de la progression de la table des sorts du paladin -> Progression de la table des sorts de BG2 (jusqu'au niveau six) (TotoR): v15 BWS-FR Fix
~CDTWEAKS/SETUP-CDTWEAKS.TP2~ #2 #2401 // Alteration de la progression de la table des sorts du rodeur -> Progression de la table des sorts de BG2 (jusqu'au niveau cinq) (TotoR): v15 BWS-FR Fix
~CDTWEAKS/SETUP-CDTWEAKS.TP2~ #2 #2090 // Changer la limite de points d'experience -> Retirer la limite: v15 BWS-FR Fix
~CDTWEAKS/SETUP-CDTWEAKS.TP2~ #2 #2300 // Tables de capacites de haut niveau pour les triclasses: v15 BWS-FR Fix
~CDTWEAKS/SETUP-CDTWEAKS.TP2~ #2 #40 // Peau bleue pour Viconia: v15 BWS-FR Fix
~CDTWEAKS/SETUP-CDTWEAKS.TP2~ #2 #50 // Script de changement d'avatar: v15 BWS-FR Fix
~CDTWEAKS/SETUP-CDTWEAKS.TP2~ #2 #60 // Animation des armes amelioree: v15 BWS-FR Fix
~CDTWEAKS/SETUP-CDTWEAKS.TP2~ #2 #110 // Amelioration des icones des objets: v15 BWS-FR Fix
~CDTWEAKS/SETUP-CDTWEAKS.TP2~ #2 #140 // Correction du cri de Bouh: v15 BWS-FR Fix
~CDTWEAKS/SETUP-CDTWEAKS.TP2~ #2 #150 // Supprimer "+x" dans les noms des objets uniques: v15 BWS-FR Fix
~CDTWEAKS/SETUP-CDTWEAKS.TP2~ #2 #170 // Icones uniques -> Ne remplacer que les icones qui ne sont pas deja uniques: v15 BWS-FR Fix
~CDTWEAKS/SETUP-CDTWEAKS.TP2~ #2 #182 // Recipients uniques -> Recipients et noms uniques: v15 BWS-FR Fix
~CDTWEAKS/SETUP-CDTWEAKS.TP2~ #2 #1010 // Davantage d'interjections: v15 BWS-FR Fix
~CDTWEAKS/SETUP-CDTWEAKS.TP2~ #2 #1040 // Ameliorer les gardes d'Athkatla: v15 BWS-FR Fix
~CDTWEAKS/SETUP-CDTWEAKS.TP2~ #2 #1070 // Amelioration du dialogue d'ejection pour les PNJs multijoueurs: v15 BWS-FR Fix
~CDTWEAKS/SETUP-CDTWEAKS.TP2~ #2 #1080 // Ajouter des sacs de contenance: v15 BWS-FR Fix
~CDTWEAKS/SETUP-CDTWEAKS.TP2~ #2 #1120 // Plus de munitions dans les boutiques: v15 BWS-FR Fix
~CDTWEAKS/SETUP-CDTWEAKS.TP2~ #2 #1160 // Forteresses pour toutes les classes -> Pas de restrictions (Baldurdash): v15 BWS-FR Fix
~CDTWEAKS/SETUP-CDTWEAKS.TP2~ #2 #1180 // Portrait feminin pour Edwina: v15 BWS-FR Fix
~CDTWEAKS/SETUP-CDTWEAKS.TP2~ #2 #1220 // Permettre a Cromwell d'ameliorer les objets de la Tour de Garde: v15 BWS-FR Fix
~CDTWEAKS/SETUP-CDTWEAKS.TP2~ #2 #1225 // Ajuster le temps de forgeage de Cromwell -> Forgeage instantane (reglage BG2 original): v15 BWS-FR Fix
~CDTWEAKS/SETUP-CDTWEAKS.TP2~ #2 #1230 // Permettre a Cespenar d'utiliser les recettes de Cromwell: v15 BWS-FR Fix
~CDTWEAKS/SETUP-CDTWEAKS.TP2~ #2 #2040 // Gourdins universels: v15 BWS-FR Fix
~CDTWEAKS/SETUP-CDTWEAKS.TP2~ #2 #2060 // Styles de combat pour toutes les classes: v15 BWS-FR Fix
~CDTWEAKS/SETUP-CDTWEAKS.TP2~ #2 #2080 // Reporter les competences de haut niveau: v15 BWS-FR Fix
~CDTWEAKS/SETUP-CDTWEAKS.TP2~ #2 #2150 // Port de plusieurs objets de protection -> Restrictions style P&P: v15 BWS-FR Fix
~CDTWEAKS/SETUP-CDTWEAKS.TP2~ #2 #2170 // Lancement des sorts depuis les parchemins (et autres objets) au niveau du personnage: v15 BWS-FR Fix
~CDTWEAKS/SETUP-CDTWEAKS.TP2~ #2 #2200 // Grande maitrise pour les multi-classes (Weimer): v15 BWS-FR Fix
~CDTWEAKS/SETUP-CDTWEAKS.TP2~ #2 #2210 // Modifier les bonus de grande maitrise -> Veritable grande maitrise (Baldurdash): v15 BWS-FR Fix
~CDTWEAKS/SETUP-CDTWEAKS.TP2~ #2 #2240 // Table debridee des TAC0: v15 BWS-FR Fix
~CDTWEAKS/SETUP-CDTWEAKS.TP2~ #2 #2320 // Suppression de la limite du nombre de pieges (Ardanis/GeN1e): v15 BWS-FR Fix
~CDTWEAKS/SETUP-CDTWEAKS.TP2~ #2 #2330 // Suppression du delai pour les pieges magiques (Ardanis/GeN1e): v15 BWS-FR Fix
~CDTWEAKS/SETUP-CDTWEAKS.TP2~ #2 #2340 // Suppression de la limite de convocation des creatures celestes (Ardanis/GeN1e): v15 BWS-FR Fix
~CDTWEAKS/SETUP-CDTWEAKS.TP2~ #2 #2357 // Alterer les restrictions des multi-classses -> Installer les options une et deux (tout le monde a acces aux multi-classes sans contrainte): v15 BWS-FR Fix
~CDTWEAKS/SETUP-CDTWEAKS.TP2~ #2 #2360 // Suppression des restrictions raciales pour les mono-classes: v15 BWS-FR Fix
~CDTWEAKS/SETUP-CDTWEAKS.TP2~ #2 #2371 // Alterer les restrictions de jumelage -> Autoriser les non-humains a se jumeler: v15 BWS-FR Fix
~CDTWEAKS/SETUP-CDTWEAKS.TP2~ #2 #2550 // Modifier les options de kit/multi-classe du gnome -> Conserve l'illusionniste pour les gnome multi-classes, autorise tous les kits pour les mono-classes: v15 BWS-FR Fix
~CDTWEAKS/SETUP-CDTWEAKS.TP2~ #2 #2380 // Suppression des restrictions raciales pour les kits: v15 BWS-FR Fix
~CDTWEAKS/SETUP-CDTWEAKS.TP2~ #2 #2420 // Attenuer les restrictions d'equipement pour les clercs multi-classes: v15 BWS-FR Fix
~CDTWEAKS/SETUP-CDTWEAKS.TP2~ #2 #2430 // Modifier les restrictions d'equipement pour les druides multi-classes -> Attenuer les restrictions d'equipement pour les druides multi-classes: v15 BWS-FR Fix
~CDTWEAKS/SETUP-CDTWEAKS.TP2~ #2 #2440 // Tout le monde obtient le bonus d'attaque par round de specialisation: v15 BWS-FR Fix
~CDTWEAKS/SETUP-CDTWEAKS.TP2~ #2 #2500 // Modification de la limite de poids de la force exceptionnelle: v15 BWS-FR Fix
~CDTWEAKS/SETUP-CDTWEAKS.TP2~ #2 #2520 // Permettre aux mages d'utiliser une targe et les voleurs d'utiliser une rondache (Angel): v15 BWS-FR Fix
~CDTWEAKS/SETUP-CDTWEAKS.TP2~ #2 #2540 // Accelerer les quetes de forteresse du chateau de'Arnise: v15 BWS-FR Fix
~CDTWEAKS/SETUP-CDTWEAKS.TP2~ #2 #2560 // Autorise le port du casque pour les moines: v15 BWS-FR Fix
~CDTWEAKS/SETUP-CDTWEAKS.TP2~ #2 #2590 // Les voleurs peuvent executer des attaques sournoises avec plus d'armes grace a "Utilisation d'objet": v15 BWS-FR Fix
~CDTWEAKS/SETUP-CDTWEAKS.TP2~ #2 #2999 // Maximum de PV au niveau 1: v15 BWS-FR Fix
~CDTWEAKS/SETUP-CDTWEAKS.TP2~ #2 #3000 // Davantage de points de vie a la montee de niveau -> Maximum: v15 BWS-FR Fix
~CDTWEAKS/SETUP-CDTWEAKS.TP2~ #2 #3008 // Autoriser le tirage des PV jusqu'au niveau 20 (Angel): v15 BWS-FR Fix
~CDTWEAKS/SETUP-CDTWEAKS.TP2~ #2 #3010 // Points de vie maximum pour les PNJs (the bigg) -> Pour toutes les creatures du jeu: v15 BWS-FR Fix
~CDTWEAKS/SETUP-CDTWEAKS.TP2~ #2 #3050 // Retirer l'effet de fatigue des sorts de restauration: v15 BWS-FR Fix
~CDTWEAKS/SETUP-CDTWEAKS.TP2~ #2 #3060 // Desactiver la voix "Vous devez reunir votre groupe avant d'aller plus loin" (Weimer): v15 BWS-FR Fix
~CDTWEAKS/SETUP-CDTWEAKS.TP2~ #2 #3080 // Augmenter la taille de la pile de munitions -> Empilement illimite des munitions: v15 BWS-FR Fix
~CDTWEAKS/SETUP-CDTWEAKS.TP2~ #2 #3090 // Augmenter la limite d'empilement des gemmes et des bijoux -> Empilement illimite des gemmes et des bijoux: v15 BWS-FR Fix
~CDTWEAKS/SETUP-CDTWEAKS.TP2~ #2 #3100 // Augmenter la limite d'empilement des potions -> Empilement illimite des potions: v15 BWS-FR Fix
~CDTWEAKS/SETUP-CDTWEAKS.TP2~ #2 #3110 // Augmenter la limite d'empilement des parchemins -> Empilement illimite des parchemins: v15 BWS-FR Fix
~CDTWEAKS/SETUP-CDTWEAKS.TP2~ #2 #3121 // Patch du bonheur (les PNJs du groupe ne se plaignent pas de la reputation) -> Les PNJs peuvent etre en colere a propos de la reputation mais ne partent jamais (Salk): v15 BWS-FR Fix
~CDTWEAKS/SETUP-CDTWEAKS.TP2~ #2 #3125 // Rendre heureux les personnages neutres lorsque la reputation est moyenne: v15 BWS-FR Fix
~CDTWEAKS/SETUP-CDTWEAKS.TP2~ #2 #3140 // Cinematiques et reves des chapitres 1 et 2 acceleres -> Version originale d'Ease of Use (Karzak, Blucher): v15 BWS-FR Fix
~CDTWEAKS/SETUP-CDTWEAKS.TP2~ #2 #3170 // Pas d'avatar d'elfe noir pour le groupe en Ombre-Terre: v15 BWS-FR Fix
~CDTWEAKS/SETUP-CDTWEAKS.TP2~ #2 #3183 // Triche sur les romances: v15 BWS-FR Fix
~CDTWEAKS/SETUP-CDTWEAKS.TP2~ #2 #3200 // Batons, gourdins et frondes vendables (Icelus): v15 BWS-FR Fix
~CDTWEAKS/SETUP-CDTWEAKS.TP2~ #2 #3205 // Les magasins achetent tous les types d'objets: v15 BWS-FR Fix
~CDTWEAKS/SETUP-CDTWEAKS.TP2~ #2 #3230 // Taerum fabrique une armure d'Ankheg supplementaire (Icendoan/grogerson): v15 BWS-FR Fix
~CDTWEAKS/SETUP-CDTWEAKS.TP2~ #2 #3280 // Accorder a chaque classe/kit quatre emplacements d'arme: v15 BWS-FR Fix
~CDTWEAKS/SETUP-CDTWEAKS.TP2~ #2 #3295 // Personnaliser le nom des sauvegardes automatiques -> Employer la forme : 000000000-[Protagoniste] Nom de sauvegarde: v15 BWS-FR Fix
~CDTWEAKS/SETUP-CDTWEAKS.TP2~ #2 #3330 // Rendre les membres du groupe moins susceptibles de mourir de facon permanente: v15 BWS-FR Fix
~CDTWEAKS/SETUP-CDTWEAKS.TP2~ #2 #3357 // Creer des sauvegardes periodiques -> Toutes les 120 minutes (cycle de quatre emplacements de sauvegarde): v15 BWS-FR Fix
~CDTWEAKS/SETUP-CDTWEAKS.TP2~ #2 #4000 // Ajuster le jet de reputation des PNJs mauvais recrutables: v15 BWS-FR Fix
~CDTWEAKS/SETUP-CDTWEAKS.TP2~ #2 #4110 // Donner a Kagain une valeur reglementaire de 19 en constitution: v15 BWS-FR Fix
~CDTWEAKS/SETUP-CDTWEAKS.TP2~ #2 #4120 // Donner a Coran une valeur reglementaire de 19 en dexterite: v15 BWS-FR Fix
~CDTWEAKS/SETUP-CDTWEAKS.TP2~ #2 #4140 // Ne pas attribuer automatiquement un script IA avance au groupe: v15 BWS-FR Fix
~CDTWEAKS/SETUP-CDTWEAKS.TP2~ #2 #4150 // Deplacer Bouh dans le sac de Minsc: v15 BWS-FR Fix
~CDTWEAKS/SETUP-CDTWEAKS.TP2~ #2 #4160 // Permettre a Yeslick d'utiliser les haches: v15 BWS-FR Fix
~CDTWEAKS/SETUP-CDTWEAKS.TP2~ #2 #4180 // Objets detachables des PNJ: v15 BWS-FR Fix
~EET_END/EET_END.TP2~ #3 #0 // EET end (dernier mod dans l'ordre d'installation) -> Installation standard
// Recently Uninstalled: ~SETUP-BWS_FINAL.TP2~ #0 #0 // Make quick-logged WeiDU-entries visible
