	
AMUL17.ITM : Opcode 321 à gérer.
AMUL17.ITM : Opcode 321 à gérer.
BDDART01.ITM : Opcode 318 : self avec parameter1 et parameter2 différent de 0
BDDART01.ITM : Opcode 318 : self avec parameter1 et parameter2 différent de 0
bdvoid.spl : BDHAMM02.ITM : Opcode 146 : Nom du sort introuvable pour bdvoid.spl.
BDSHLD01.ITM : Opcode 318 : self avec parameter1 et parameter2 différent de 0
BDSHLD01.ITM : Opcode 318 : self avec parameter1 et parameter2 différent de 0
BDSHLD01.ITM : Opcode 318 : self avec parameter1 et parameter2 différent de 0
BDSHLD01.ITM : Opcode 318 : self avec parameter1 et parameter2 différent de 0
bdvoid.spl : BDSW1H06.ITM : Opcode 146 : Nom du sort introuvable pour bdvoid.spl.
mostr06.eff : Opcode 232 à gérer.
mostr05.eff : Opcode 232 à gérer.
mostr04.eff : Opcode 232 à gérer.
mostr03.eff : Opcode 232 à gérer.
mostr02.eff : Opcode 232 à gérer.
mostr01.eff : Opcode 232 à gérer.
BDSW2H01.ITM : Opcode 318 : self avec parameter1 et parameter2 différent de 0
BDSW2H01.ITM : Opcode 232 à gérer.
BDSW2H01.ITM : Opcode 341 : La ressource BDSW2H01.eff n'existe pas.
BLUN30.ITM : Opcode 206 : La ressource cdsw1h58.spl n'existe pas.
BLUN30.ITM : Opcode 206 : La ressource cdmound.spl n'existe pas.
BLUN30.ITM : Opcode 206 : La ressource cdhgnya1.spl n'existe pas.
BOW02.ITM : Opcode 318 : self avec parameter1 et parameter2 différent de 0
BOW02.ITM : Opcode 318 : self avec parameter1 et parameter2 différent de 0
BOW04.ITM : Opcode 318 : self avec parameter1 et parameter2 différent de 0
BOW04.ITM : Opcode 318 : self avec parameter1 et parameter2 différent de 0
BOW06.ITM : Opcode 318 : self avec parameter1 et parameter2 différent de 0
BOW06.ITM : Opcode 318 : self avec parameter1 et parameter2 différent de 0
BOW07.ITM : Opcode 318 : self avec parameter1 et parameter2 différent de 0
BOW07.ITM : Opcode 318 : self avec parameter1 et parameter2 différent de 0
BOW08.ITM : Opcode 318 : self avec parameter1 et parameter2 différent de 0
BOW08.ITM : Opcode 318 : self avec parameter1 et parameter2 différent de 0
BOW09.ITM : Opcode 318 : self avec parameter1 et parameter2 différent de 0
BOW09.ITM : Opcode 318 : self avec parameter1 et parameter2 différent de 0
BOW10.ITM : Opcode 318 : self avec parameter1 et parameter2 différent de 0
BOW10.ITM : Opcode 318 : self avec parameter1 et parameter2 différent de 0
BOW11.ITM : Opcode 318 : self avec parameter1 et parameter2 différent de 0
BOW11.ITM : Opcode 318 : self avec parameter1 et parameter2 différent de 0
BOW12.ITM : Opcode 318 : self avec parameter1 et parameter2 différent de 0
BOW12.ITM : Opcode 318 : self avec parameter1 et parameter2 différent de 0
BOW13.ITM : Opcode 318 : self avec parameter1 et parameter2 différent de 0
BOW13.ITM : Opcode 318 : self avec parameter1 et parameter2 différent de 0
BOW14.ITM : Opcode 318 : self avec parameter1 et parameter2 différent de 0
BOW14.ITM : Opcode 318 : self avec parameter1 et parameter2 différent de 0
BOW15.ITM : Opcode 318 : self avec parameter1 et parameter2 différent de 0
BOW15.ITM : Opcode 318 : self avec parameter1 et parameter2 différent de 0
BOW16.ITM : Opcode 318 : self avec parameter1 et parameter2 différent de 0
BOW16.ITM : Opcode 318 : self avec parameter1 et parameter2 différent de 0
BOW17.ITM : Opcode 318 : self avec parameter1 et parameter2 différent de 0
BOW17.ITM : Opcode 318 : self avec parameter1 et parameter2 différent de 0
BOW18.ITM : Opcode 318 : self avec parameter1 et parameter2 différent de 0
BOW18.ITM : Opcode 318 : self avec parameter1 et parameter2 différent de 0
BOW19.ITM : Opcode 318 : self avec parameter1 et parameter2 différent de 0
BOW19.ITM : Opcode 318 : self avec parameter1 et parameter2 différent de 0
BOW20.ITM : Opcode 318 : self avec parameter1 et parameter2 différent de 0
BOW20.ITM : Opcode 318 : self avec parameter1 et parameter2 différent de 0
BOW21.ITM : Opcode 318 : self avec parameter1 et parameter2 différent de 0
BOW21.ITM : Opcode 318 : self avec parameter1 et parameter2 différent de 0
BOW22.ITM : Opcode 318 : self avec parameter1 et parameter2 différent de 0
BOW22.ITM : Opcode 318 : self avec parameter1 et parameter2 différent de 0
BOW23.ITM : Opcode 318 : self avec parameter1 et parameter2 différent de 0
BOW23.ITM : Opcode 318 : self avec parameter1 et parameter2 différent de 0
BOW24.ITM : Opcode 318 : self avec parameter1 et parameter2 différent de 0
BOW24.ITM : Opcode 318 : self avec parameter1 et parameter2 différent de 0
BOW25.ITM : Opcode 318 : self avec parameter1 et parameter2 différent de 0
BOW25.ITM : Opcode 318 : self avec parameter1 et parameter2 différent de 0
BOW26.ITM : Opcode 318 : self avec parameter1 et parameter2 différent de 0
BOW26.ITM : Opcode 318 : self avec parameter1 et parameter2 différent de 0
moarm06.eff : Opcode 232 à gérer.
moarm05.eff : Opcode 232 à gérer.
moarm04.eff : Opcode 232 à gérer.
moarm03.eff : Opcode 232 à gérer.
moarm01.eff : Opcode 232 à gérer.
CATTIBOW.ITM : Opcode 318 : self avec parameter1 et parameter2 différent de 0
CATTIBOW.ITM : Opcode 318 : self avec parameter1 et parameter2 différent de 0
mostr06.eff : Opcode 232 à gérer.
mostr05.eff : Opcode 232 à gérer.
mostr04.eff : Opcode 232 à gérer.
mostr03.eff : Opcode 232 à gérer.
mostr02.eff : Opcode 232 à gérer.
mostr01.eff : Opcode 232 à gérer.
CDSW2H07.ITM : Opcode 318 : self avec parameter1 et parameter2 différent de 0
CHALCY3.ITM : Opcode 321 à gérer.
CHALCY3.ITM : Opcode 321 à gérer.
CHALSHLD.ITM : Opcode 318 : self avec parameter1 et parameter2 différent de 0
CHALSHLD.ITM : Opcode 318 : self avec parameter1 et parameter2 différent de 0
CHALSHLD.ITM : Opcode 318 : self avec parameter1 et parameter2 différent de 0
CHALSHLD.ITM : Opcode 318 : self avec parameter1 et parameter2 différent de 0
CLCK24.ITM : Opcode 197 : Réflection du type de projectile '219'
CLCK24.ITM : Opcode 197 : Réflection du type de projectile '205'
CLCK24.ITM : Opcode 197 : Réflection du type de projectile '320'
DART02.ITM : Opcode 318 : self avec parameter1 et parameter2 différent de 0
DART02.ITM : Opcode 318 : self avec parameter1 et parameter2 différent de 0
DART03.ITM : Opcode 318 : self avec parameter1 et parameter2 différent de 0
DART03.ITM : Opcode 318 : self avec parameter1 et parameter2 différent de 0
DART04.ITM : Opcode 318 : self avec parameter1 et parameter2 différent de 0
DART04.ITM : Opcode 318 : self avec parameter1 et parameter2 différent de 0
DART05.ITM : Opcode 318 : self avec parameter1 et parameter2 différent de 0
DART05.ITM : Opcode 318 : self avec parameter1 et parameter2 différent de 0
DART08.ITM : Opcode 318 : self avec parameter1 et parameter2 différent de 0
DART08.ITM : Opcode 318 : self avec parameter1 et parameter2 différent de 0
mostr06.eff : Opcode 232 à gérer.
mostr05.eff : Opcode 232 à gérer.
mostr04.eff : Opcode 232 à gérer.
mostr03.eff : Opcode 232 à gérer.
mostr02.eff : Opcode 232 à gérer.
mostr01.eff : Opcode 232 à gérer.
DWHALB01.ITM : Opcode 318 : self avec parameter1 et parameter2 différent de 0
moarm06.eff : Opcode 232 à gérer.
moarm05.eff : Opcode 232 à gérer.
moarm04.eff : Opcode 232 à gérer.
moarm03.eff : Opcode 232 à gérer.
moarm01.eff : Opcode 232 à gérer.
DWSHLD01.ITM : Opcode 318 : self avec parameter1 et parameter2 différent de 0
DWSHLD01.ITM : Opcode 318 : self avec parameter1 et parameter2 différent de 0
DWSHLD01.ITM : Opcode 318 : self avec parameter1 et parameter2 différent de 0
DWSHLD01.ITM : Opcode 318 : self avec parameter1 et parameter2 différent de 0
mostr06.eff : Opcode 232 à gérer.
mostr05.eff : Opcode 232 à gérer.
mostr04.eff : Opcode 232 à gérer.
mostr03.eff : Opcode 232 à gérer.
mostr02.eff : Opcode 232 à gérer.
mostr01.eff : Opcode 232 à gérer.
DWSPER01.ITM : Opcode 318 : self avec parameter1 et parameter2 différent de 0
DWXBOW01.ITM : Opcode 318 : self avec parameter1 et parameter2 différent de 0
DWXBOW01.ITM : Opcode 318 : self avec parameter1 et parameter2 différent de 0
mostr06.eff : Opcode 232 à gérer.
mostr05.eff : Opcode 232 à gérer.
mostr04.eff : Opcode 232 à gérer.
mostr03.eff : Opcode 232 à gérer.
mostr02.eff : Opcode 232 à gérer.
mostr01.eff : Opcode 232 à gérer.
ENSTAFF.ITM : Opcode 318 : self avec parameter1 et parameter2 différent de 0
GODBOW.ITM : Opcode 318 : self avec parameter1 et parameter2 différent de 0
GODBOW.ITM : Opcode 318 : self avec parameter1 et parameter2 différent de 0
mostr06.eff : Opcode 232 à gérer.
mostr05.eff : Opcode 232 à gérer.
mostr04.eff : Opcode 232 à gérer.
mostr03.eff : Opcode 232 à gérer.
mostr02.eff : Opcode 232 à gérer.
mostr01.eff : Opcode 232 à gérer.
HALB02.ITM : Opcode 318 : self avec parameter1 et parameter2 différent de 0
mostr06.eff : Opcode 232 à gérer.
mostr05.eff : Opcode 232 à gérer.
mostr04.eff : Opcode 232 à gérer.
mostr03.eff : Opcode 232 à gérer.
mostr02.eff : Opcode 232 à gérer.
mostr01.eff : Opcode 232 à gérer.
HALB03.ITM : Opcode 318 : self avec parameter1 et parameter2 différent de 0
mostr06.eff : Opcode 232 à gérer.
mostr05.eff : Opcode 232 à gérer.
mostr04.eff : Opcode 232 à gérer.
mostr03.eff : Opcode 232 à gérer.
mostr02.eff : Opcode 232 à gérer.
mostr01.eff : Opcode 232 à gérer.
HALB04.ITM : Opcode 318 : self avec parameter1 et parameter2 différent de 0
mostr06.eff : Opcode 232 à gérer.
mostr05.eff : Opcode 232 à gérer.
mostr04.eff : Opcode 232 à gérer.
mostr03.eff : Opcode 232 à gérer.
mostr02.eff : Opcode 232 à gérer.
mostr01.eff : Opcode 232 à gérer.
HALB05.ITM : Opcode 318 : self avec parameter1 et parameter2 différent de 0
mostr06.eff : Opcode 232 à gérer.
mostr05.eff : Opcode 232 à gérer.
mostr04.eff : Opcode 232 à gérer.
mostr03.eff : Opcode 232 à gérer.
mostr02.eff : Opcode 232 à gérer.
mostr01.eff : Opcode 232 à gérer.
HALB06.ITM : Opcode 318 : self avec parameter1 et parameter2 différent de 0
mostr06.eff : Opcode 232 à gérer.
mostr05.eff : Opcode 232 à gérer.
mostr04.eff : Opcode 232 à gérer.
mostr03.eff : Opcode 232 à gérer.
mostr02.eff : Opcode 232 à gérer.
mostr01.eff : Opcode 232 à gérer.
HALB07.ITM : Opcode 318 : self avec parameter1 et parameter2 différent de 0
mostr06.eff : Opcode 232 à gérer.
mostr05.eff : Opcode 232 à gérer.
mostr04.eff : Opcode 232 à gérer.
mostr03.eff : Opcode 232 à gérer.
mostr02.eff : Opcode 232 à gérer.
mostr01.eff : Opcode 232 à gérer.
HALB08.ITM : Opcode 318 : self avec parameter1 et parameter2 différent de 0
mostr06.eff : Opcode 232 à gérer.
mostr05.eff : Opcode 232 à gérer.
mostr04.eff : Opcode 232 à gérer.
mostr03.eff : Opcode 232 à gérer.
mostr02.eff : Opcode 232 à gérer.
mostr01.eff : Opcode 232 à gérer.
HALB09.ITM : Opcode 318 : self avec parameter1 et parameter2 différent de 0
mostr06.eff : Opcode 232 à gérer.
mostr05.eff : Opcode 232 à gérer.
mostr04.eff : Opcode 232 à gérer.
mostr03.eff : Opcode 232 à gérer.
mostr02.eff : Opcode 232 à gérer.
mostr01.eff : Opcode 232 à gérer.
HALB10.ITM : Opcode 318 : self avec parameter1 et parameter2 différent de 0
mostr06.eff : Opcode 232 à gérer.
mostr05.eff : Opcode 232 à gérer.
mostr04.eff : Opcode 232 à gérer.
mostr03.eff : Opcode 232 à gérer.
mostr02.eff : Opcode 232 à gérer.
mostr01.eff : Opcode 232 à gérer.
HALB11.ITM : Opcode 318 : self avec parameter1 et parameter2 différent de 0
mostr06.eff : Opcode 232 à gérer.
mostr05.eff : Opcode 232 à gérer.
mostr04.eff : Opcode 232 à gérer.
mostr03.eff : Opcode 232 à gérer.
mostr02.eff : Opcode 232 à gérer.
mostr01.eff : Opcode 232 à gérer.
HALB12.ITM : Opcode 318 : self avec parameter1 et parameter2 différent de 0
cftroll.eff : Opcode 123 à gérer.
ISHLD02.ITM : Opcode 318 : self avec parameter1 et parameter2 différent de 0
ISHLD02.ITM : Opcode 318 : self avec parameter1 et parameter2 différent de 0
ISHLD02.ITM : Opcode 318 : self avec parameter1 et parameter2 différent de 0
ISHLD02.ITM : Opcode 318 : self avec parameter1 et parameter2 différent de 0
JWSUPER.ITM : Opcode 206 : La ressource cdsw1h58.spl n'existe pas.
JWSUPER.ITM : Opcode 206 : La ressource cdmound.spl n'existe pas.
JWSUPER.ITM : Opcode 206 : La ressource cdhgnya1.spl n'existe pas.
LEAT23.ITM : Opcode 232 à gérer.
NPBOW.ITM : Opcode 318 : self avec parameter1 et parameter2 différent de 0
NPBOW.ITM : Opcode 318 : self avec parameter1 et parameter2 différent de 0
moarm06.eff : Opcode 232 à gérer.
moarm05.eff : Opcode 232 à gérer.
moarm04.eff : Opcode 232 à gérer.
moarm03.eff : Opcode 232 à gérer.
moarm01.eff : Opcode 232 à gérer.
NPPLAT.ITM : Opcode 206 : La ressource cdsw1h58.spl n'existe pas.
NPPLAT.ITM : Opcode 206 : La ressource cdmound.spl n'existe pas.
NPPLAT.ITM : Opcode 206 : La ressource cdhgnya1.spl n'existe pas.
NPSHLD.ITM : Opcode 318 : self avec parameter1 et parameter2 différent de 0
NPSHLD.ITM : Opcode 318 : self avec parameter1 et parameter2 différent de 0
NPSHLD.ITM : Opcode 318 : self avec parameter1 et parameter2 différent de 0
NPSHLD.ITM : Opcode 318 : self avec parameter1 et parameter2 différent de 0
mostr06.eff : Opcode 232 à gérer.
mostr05.eff : Opcode 232 à gérer.
mostr04.eff : Opcode 232 à gérer.
mostr03.eff : Opcode 232 à gérer.
mostr02.eff : Opcode 232 à gérer.
mostr01.eff : Opcode 232 à gérer.
NPSTAF.ITM : Opcode 318 : self avec parameter1 et parameter2 différent de 0
mostr06.eff : Opcode 232 à gérer.
mostr05.eff : Opcode 232 à gérer.
mostr04.eff : Opcode 232 à gérer.
mostr03.eff : Opcode 232 à gérer.
mostr02.eff : Opcode 232 à gérer.
mostr01.eff : Opcode 232 à gérer.
NPSW03.ITM : Opcode 318 : self avec parameter1 et parameter2 différent de 0
NPSW03.ITM : Opcode 232 à gérer.
OHBGLOV1.ITM : Opcode 232 à gérer.
mostr06.eff : Opcode 232 à gérer.
mostr05.eff : Opcode 232 à gérer.
mostr04.eff : Opcode 232 à gérer.
mostr03.eff : Opcode 232 à gérer.
mostr02.eff : Opcode 232 à gérer.
mostr01.eff : Opcode 232 à gérer.
OHBREW02.ITM : Opcode 318 : self avec parameter1 et parameter2 différent de 0
OHBREW02.ITM : Opcode 177 : La ressource .eff n'existe pas.
OHBSHLD1.ITM : Opcode 318 : self avec parameter1 et parameter2 différent de 0
OHBSHLD1.ITM : Opcode 318 : self avec parameter1 et parameter2 différent de 0
OHBSHLD1.ITM : Opcode 318 : self avec parameter1 et parameter2 différent de 0
OHBSHLD1.ITM : Opcode 318 : self avec parameter1 et parameter2 différent de 0
mostr06.eff : Opcode 232 à gérer.
mostr05.eff : Opcode 232 à gérer.
mostr04.eff : Opcode 232 à gérer.
mostr03.eff : Opcode 232 à gérer.
mostr02.eff : Opcode 232 à gérer.
mostr01.eff : Opcode 232 à gérer.
OHBSTAF1.ITM : Opcode 318 : self avec parameter1 et parameter2 différent de 0
mostr06.eff : Opcode 232 à gérer.
mostr05.eff : Opcode 232 à gérer.
mostr04.eff : Opcode 232 à gérer.
mostr03.eff : Opcode 232 à gérer.
mostr02.eff : Opcode 232 à gérer.
mostr01.eff : Opcode 232 à gérer.
OHBWING.ITM : Opcode 318 : self avec parameter1 et parameter2 différent de 0
mostr06.eff : Opcode 232 à gérer.
mostr05.eff : Opcode 232 à gérer.
mostr04.eff : Opcode 232 à gérer.
mostr03.eff : Opcode 232 à gérer.
mostr02.eff : Opcode 232 à gérer.
mostr01.eff : Opcode 232 à gérer.
OHBWING2.ITM : Opcode 318 : self avec parameter1 et parameter2 différent de 0
moarm06.eff : Opcode 232 à gérer.
moarm05.eff : Opcode 232 à gérer.
moarm04.eff : Opcode 232 à gérer.
moarm03.eff : Opcode 232 à gérer.
moarm01.eff : Opcode 232 à gérer.
OHDARMOR.ITM : Opcode 232 à gérer.
OHDART50.ITM : Opcode 318 : self avec parameter1 et parameter2 différent de 0
OHDART50.ITM : Opcode 318 : self avec parameter1 et parameter2 différent de 0
OHDART51.ITM : Opcode 318 : self avec parameter1 et parameter2 différent de 0
OHDART51.ITM : Opcode 318 : self avec parameter1 et parameter2 différent de 0
mostr06.eff : Opcode 232 à gérer.
mostr05.eff : Opcode 232 à gérer.
mostr04.eff : Opcode 232 à gérer.
mostr03.eff : Opcode 232 à gérer.
mostr02.eff : Opcode 232 à gérer.
mostr01.eff : Opcode 232 à gérer.
OHDSW2HA.ITM : Opcode 318 : self avec parameter1 et parameter2 différent de 0
mostr06.eff : Opcode 232 à gérer.
mostr05.eff : Opcode 232 à gérer.
mostr04.eff : Opcode 232 à gérer.
mostr03.eff : Opcode 232 à gérer.
mostr02.eff : Opcode 232 à gérer.
mostr01.eff : Opcode 232 à gérer.
OHDSW2HB.ITM : Opcode 318 : self avec parameter1 et parameter2 différent de 0
mostr06.eff : Opcode 232 à gérer.
mostr05.eff : Opcode 232 à gérer.
mostr04.eff : Opcode 232 à gérer.
mostr03.eff : Opcode 232 à gérer.
mostr02.eff : Opcode 232 à gérer.
mostr01.eff : Opcode 232 à gérer.
OHDSW2HC.ITM : Opcode 318 : self avec parameter1 et parameter2 différent de 0
mostr06.eff : Opcode 232 à gérer.
mostr05.eff : Opcode 232 à gérer.
mostr04.eff : Opcode 232 à gérer.
mostr03.eff : Opcode 232 à gérer.
mostr02.eff : Opcode 232 à gérer.
mostr01.eff : Opcode 232 à gérer.
OHDSW2HD.ITM : Opcode 318 : self avec parameter1 et parameter2 différent de 0
ohnhammx.spl : OHNHAMM1.eff : Opcode 146 : Nom du sort introuvable pour ohnhammx.spl.
OHNSHLD1.ITM : Opcode 318 : self avec parameter1 et parameter2 différent de 0
OHNSHLD1.ITM : Opcode 318 : self avec parameter1 et parameter2 différent de 0
OHNSHLD1.ITM : Opcode 318 : self avec parameter1 et parameter2 différent de 0
OHNSHLD1.ITM : Opcode 318 : self avec parameter1 et parameter2 différent de 0
ohnshldx.spl : OHNSHLD1.eff : Opcode 146 : Nom du sort introuvable pour ohnshldx.spl.
OHNSLNG1.ITM : Opcode 318 : self avec parameter1 et parameter2 différent de 0
OHNSLNG1.ITM : Opcode 318 : self avec parameter1 et parameter2 différent de 0
moarm06.eff : Opcode 232 à gérer.
moarm05.eff : Opcode 232 à gérer.
moarm04.eff : Opcode 232 à gérer.
moarm03.eff : Opcode 232 à gérer.
moarm01.eff : Opcode 232 à gérer.
OHRBELT2.ITM : Opcode 232 à gérer.
OHRBOOT1.ITM : Opcode 83 : Type de projectile '319'
OHRBOOT1.ITM : Opcode 83 : Type de projectile '319'
OHRBOOT1.ITM : Opcode 83 : Type de projectile '319'
OHRCLCK4.ITM : Opcode 232 à gérer.
mostr06.eff : Opcode 232 à gérer.
mostr05.eff : Opcode 232 à gérer.
mostr04.eff : Opcode 232 à gérer.
mostr03.eff : Opcode 232 à gérer.
mostr02.eff : Opcode 232 à gérer.
mostr01.eff : Opcode 232 à gérer.
OHREAVER.ITM : Opcode 318 : self avec parameter1 et parameter2 différent de 0
OHRSLNG1.ITM : Opcode 318 : self avec parameter1 et parameter2 différent de 0
OHRSLNG1.ITM : Opcode 318 : self avec parameter1 et parameter2 différent de 0
OHSHLD50.ITM : Opcode 318 : self avec parameter1 et parameter2 différent de 0
OHSHLD50.ITM : Opcode 318 : self avec parameter1 et parameter2 différent de 0
OHSHLD50.ITM : Opcode 318 : self avec parameter1 et parameter2 différent de 0
OHSHLD50.ITM : Opcode 318 : self avec parameter1 et parameter2 différent de 0
OHSHLD51.ITM : Opcode 318 : self avec parameter1 et parameter2 différent de 0
OHSHLD51.ITM : Opcode 318 : self avec parameter1 et parameter2 différent de 0
OHSHLD51.ITM : Opcode 318 : self avec parameter1 et parameter2 différent de 0
OHSHLD51.ITM : Opcode 318 : self avec parameter1 et parameter2 différent de 0
moarm06.eff : Opcode 232 à gérer.
moarm05.eff : Opcode 232 à gérer.
moarm04.eff : Opcode 232 à gérer.
moarm03.eff : Opcode 232 à gérer.
moarm01.eff : Opcode 232 à gérer.
moarm06.eff : Opcode 232 à gérer.
moarm05.eff : Opcode 232 à gérer.
moarm04.eff : Opcode 232 à gérer.
moarm03.eff : Opcode 232 à gérer.
moarm01.eff : Opcode 232 à gérer.
moarm06.eff : Opcode 232 à gérer.
moarm05.eff : Opcode 232 à gérer.
moarm04.eff : Opcode 232 à gérer.
moarm03.eff : Opcode 232 à gérer.
moarm01.eff : Opcode 232 à gérer.
moarm06.eff : Opcode 232 à gérer.
moarm05.eff : Opcode 232 à gérer.
moarm04.eff : Opcode 232 à gérer.
moarm03.eff : Opcode 232 à gérer.
moarm01.eff : Opcode 232 à gérer.
moarm06.eff : Opcode 232 à gérer.
moarm05.eff : Opcode 232 à gérer.
moarm04.eff : Opcode 232 à gérer.
moarm03.eff : Opcode 232 à gérer.
moarm01.eff : Opcode 232 à gérer.
moarm06.eff : Opcode 232 à gérer.
moarm05.eff : Opcode 232 à gérer.
moarm04.eff : Opcode 232 à gérer.
moarm03.eff : Opcode 232 à gérer.
moarm01.eff : Opcode 232 à gérer.
moarm06.eff : Opcode 232 à gérer.
moarm05.eff : Opcode 232 à gérer.
moarm04.eff : Opcode 232 à gérer.
moarm03.eff : Opcode 232 à gérer.
moarm01.eff : Opcode 232 à gérer.
moarm06.eff : Opcode 232 à gérer.
moarm05.eff : Opcode 232 à gérer.
moarm04.eff : Opcode 232 à gérer.
moarm03.eff : Opcode 232 à gérer.
moarm01.eff : Opcode 232 à gérer.
moarm06.eff : Opcode 232 à gérer.
moarm05.eff : Opcode 232 à gérer.
moarm04.eff : Opcode 232 à gérer.
moarm03.eff : Opcode 232 à gérer.
moarm01.eff : Opcode 232 à gérer.
moarm06.eff : Opcode 232 à gérer.
moarm05.eff : Opcode 232 à gérer.
moarm04.eff : Opcode 232 à gérer.
moarm03.eff : Opcode 232 à gérer.
moarm01.eff : Opcode 232 à gérer.
moarm06.eff : Opcode 232 à gérer.
moarm05.eff : Opcode 232 à gérer.
moarm04.eff : Opcode 232 à gérer.
moarm03.eff : Opcode 232 à gérer.
moarm01.eff : Opcode 232 à gérer.
moarm06.eff : Opcode 232 à gérer.
moarm05.eff : Opcode 232 à gérer.
moarm04.eff : Opcode 232 à gérer.
moarm03.eff : Opcode 232 à gérer.
moarm01.eff : Opcode 232 à gérer.
moarm06.eff : Opcode 232 à gérer.
moarm05.eff : Opcode 232 à gérer.
moarm04.eff : Opcode 232 à gérer.
moarm03.eff : Opcode 232 à gérer.
moarm01.eff : Opcode 232 à gérer.
moarm06.eff : Opcode 232 à gérer.
moarm05.eff : Opcode 232 à gérer.
moarm04.eff : Opcode 232 à gérer.
moarm03.eff : Opcode 232 à gérer.
moarm01.eff : Opcode 232 à gérer.
moarm06.eff : Opcode 232 à gérer.
moarm05.eff : Opcode 232 à gérer.
moarm04.eff : Opcode 232 à gérer.
moarm03.eff : Opcode 232 à gérer.
moarm01.eff : Opcode 232 à gérer.
moarm06.eff : Opcode 232 à gérer.
moarm05.eff : Opcode 232 à gérer.
moarm04.eff : Opcode 232 à gérer.
moarm03.eff : Opcode 232 à gérer.
moarm01.eff : Opcode 232 à gérer.
moarm06.eff : Opcode 232 à gérer.
moarm05.eff : Opcode 232 à gérer.
moarm04.eff : Opcode 232 à gérer.
moarm03.eff : Opcode 232 à gérer.
moarm01.eff : Opcode 232 à gérer.
moarm06.eff : Opcode 232 à gérer.
moarm05.eff : Opcode 232 à gérer.
moarm04.eff : Opcode 232 à gérer.
moarm03.eff : Opcode 232 à gérer.
moarm01.eff : Opcode 232 à gérer.
RING09.ITM : Opcode 206 : La ressource cdsw1h58.spl n'existe pas.
RING09.ITM : Opcode 206 : La ressource cdmound.spl n'existe pas.
RING09.ITM : Opcode 206 : La ressource cdhgnya1.spl n'existe pas.
mostr06.eff : Opcode 232 à gérer.
mostr05.eff : Opcode 232 à gérer.
mostr04.eff : Opcode 232 à gérer.
mostr03.eff : Opcode 232 à gérer.
mostr02.eff : Opcode 232 à gérer.
mostr01.eff : Opcode 232 à gérer.
RODS04.ITM : Opcode 318 : self avec parameter1 et parameter2 différent de 0
mostr06.eff : Opcode 232 à gérer.
mostr05.eff : Opcode 232 à gérer.
mostr04.eff : Opcode 232 à gérer.
mostr03.eff : Opcode 232 à gérer.
mostr02.eff : Opcode 232 à gérer.
mostr01.eff : Opcode 232 à gérer.
RODS05.ITM : Opcode 318 : self avec parameter1 et parameter2 différent de 0
mostr06.eff : Opcode 232 à gérer.
mostr05.eff : Opcode 232 à gérer.
mostr04.eff : Opcode 232 à gérer.
mostr03.eff : Opcode 232 à gérer.
mostr02.eff : Opcode 232 à gérer.
mostr01.eff : Opcode 232 à gérer.
RODSPEAR.ITM : Opcode 318 : self avec parameter1 et parameter2 différent de 0
ROSSRING.ITM : Opcode 206 : La ressource cdsw1h58.spl n'existe pas.
ROSSRING.ITM : Opcode 206 : La ressource cdmound.spl n'existe pas.
ROSSRING.ITM : Opcode 206 : La ressource cdhgnya1.spl n'existe pas.
SECRET01.ITM : Opcode 318 : self avec parameter1 et parameter2 différent de 0
SECRET01.ITM : Opcode 318 : self avec parameter1 et parameter2 différent de 0
moarm06.eff : Opcode 232 à gérer.
moarm05.eff : Opcode 232 à gérer.
moarm04.eff : Opcode 232 à gérer.
moarm03.eff : Opcode 232 à gérer.
moarm01.eff : Opcode 232 à gérer.
SHLD02.ITM : Opcode 318 : self avec parameter1 et parameter2 différent de 0
SHLD02.ITM : Opcode 318 : self avec parameter1 et parameter2 différent de 0
SHLD02.ITM : Opcode 318 : self avec parameter1 et parameter2 différent de 0
SHLD02.ITM : Opcode 318 : self avec parameter1 et parameter2 différent de 0
SHLD02A.ITM : Opcode 318 : self avec parameter1 et parameter2 différent de 0
SHLD02A.ITM : Opcode 318 : self avec parameter1 et parameter2 différent de 0
SHLD02A.ITM : Opcode 318 : self avec parameter1 et parameter2 différent de 0
SHLD02A.ITM : Opcode 318 : self avec parameter1 et parameter2 différent de 0
SHLD04.ITM : Opcode 318 : self avec parameter1 et parameter2 différent de 0
SHLD04.ITM : Opcode 318 : self avec parameter1 et parameter2 différent de 0
SHLD04.ITM : Opcode 318 : self avec parameter1 et parameter2 différent de 0
SHLD04.ITM : Opcode 318 : self avec parameter1 et parameter2 différent de 0
SHLD04A.ITM : Opcode 318 : self avec parameter1 et parameter2 différent de 0
SHLD04A.ITM : Opcode 318 : self avec parameter1 et parameter2 différent de 0
SHLD04A.ITM : Opcode 318 : self avec parameter1 et parameter2 différent de 0
SHLD04A.ITM : Opcode 318 : self avec parameter1 et parameter2 différent de 0
SHLD06.ITM : Opcode 318 : self avec parameter1 et parameter2 différent de 0
SHLD06.ITM : Opcode 318 : self avec parameter1 et parameter2 différent de 0
SHLD06.ITM : Opcode 318 : self avec parameter1 et parameter2 différent de 0
SHLD06.ITM : Opcode 318 : self avec parameter1 et parameter2 différent de 0
SHLD06A.ITM : Opcode 318 : self avec parameter1 et parameter2 différent de 0
SHLD06A.ITM : Opcode 318 : self avec parameter1 et parameter2 différent de 0
SHLD06A.ITM : Opcode 318 : self avec parameter1 et parameter2 différent de 0
SHLD06A.ITM : Opcode 318 : self avec parameter1 et parameter2 différent de 0
SHLD07.ITM : Opcode 318 : self avec parameter1 et parameter2 différent de 0
SHLD07.ITM : Opcode 318 : self avec parameter1 et parameter2 différent de 0
SHLD07.ITM : Opcode 318 : self avec parameter1 et parameter2 différent de 0
SHLD07.ITM : Opcode 318 : self avec parameter1 et parameter2 différent de 0
SHLD07A.ITM : Opcode 318 : self avec parameter1 et parameter2 différent de 0
SHLD07A.ITM : Opcode 318 : self avec parameter1 et parameter2 différent de 0
SHLD07A.ITM : Opcode 318 : self avec parameter1 et parameter2 différent de 0
SHLD07A.ITM : Opcode 318 : self avec parameter1 et parameter2 différent de 0
SHLD17.ITM : Opcode 318 : self avec parameter1 et parameter2 différent de 0
SHLD17.ITM : Opcode 318 : self avec parameter1 et parameter2 différent de 0
SHLD17.ITM : Opcode 318 : self avec parameter1 et parameter2 différent de 0
SHLD17.ITM : Opcode 318 : self avec parameter1 et parameter2 différent de 0
SHLD17A.ITM : Opcode 318 : self avec parameter1 et parameter2 différent de 0
SHLD17A.ITM : Opcode 318 : self avec parameter1 et parameter2 différent de 0
SHLD17A.ITM : Opcode 318 : self avec parameter1 et parameter2 différent de 0
SHLD17A.ITM : Opcode 318 : self avec parameter1 et parameter2 différent de 0
SHLD19.ITM : Opcode 318 : self avec parameter1 et parameter2 différent de 0
SHLD19.ITM : Opcode 318 : self avec parameter1 et parameter2 différent de 0
SHLD19.ITM : Opcode 318 : self avec parameter1 et parameter2 différent de 0
SHLD19.ITM : Opcode 318 : self avec parameter1 et parameter2 différent de 0
SHLD19A.ITM : Opcode 318 : self avec parameter1 et parameter2 différent de 0
SHLD19A.ITM : Opcode 318 : self avec parameter1 et parameter2 différent de 0
SHLD19A.ITM : Opcode 318 : self avec parameter1 et parameter2 différent de 0
SHLD19A.ITM : Opcode 318 : self avec parameter1 et parameter2 différent de 0
SHLD20.ITM : Opcode 318 : self avec parameter1 et parameter2 différent de 0
SHLD20.ITM : Opcode 318 : self avec parameter1 et parameter2 différent de 0
SHLD20.ITM : Opcode 318 : self avec parameter1 et parameter2 différent de 0
SHLD20.ITM : Opcode 318 : self avec parameter1 et parameter2 différent de 0
SHLD21.ITM : Opcode 318 : self avec parameter1 et parameter2 différent de 0
SHLD21.ITM : Opcode 318 : self avec parameter1 et parameter2 différent de 0
SHLD21.ITM : Opcode 318 : self avec parameter1 et parameter2 différent de 0
SHLD21.ITM : Opcode 318 : self avec parameter1 et parameter2 différent de 0
SHLD22.ITM : Opcode 318 : self avec parameter1 et parameter2 différent de 0
SHLD22.ITM : Opcode 318 : self avec parameter1 et parameter2 différent de 0
SHLD22.ITM : Opcode 318 : self avec parameter1 et parameter2 différent de 0
SHLD22.ITM : Opcode 318 : self avec parameter1 et parameter2 différent de 0
SHLD23.ITM : Opcode 318 : self avec parameter1 et parameter2 différent de 0
SHLD23.ITM : Opcode 318 : self avec parameter1 et parameter2 différent de 0
SHLD23.ITM : Opcode 318 : self avec parameter1 et parameter2 différent de 0
SHLD23.ITM : Opcode 318 : self avec parameter1 et parameter2 différent de 0
SHLD23A.ITM : Opcode 318 : self avec parameter1 et parameter2 différent de 0
SHLD23A.ITM : Opcode 318 : self avec parameter1 et parameter2 différent de 0
SHLD23A.ITM : Opcode 318 : self avec parameter1 et parameter2 différent de 0
SHLD23A.ITM : Opcode 318 : self avec parameter1 et parameter2 différent de 0
SHLD24.ITM : Opcode 318 : self avec parameter1 et parameter2 différent de 0
SHLD24.ITM : Opcode 318 : self avec parameter1 et parameter2 différent de 0
SHLD24.ITM : Opcode 318 : self avec parameter1 et parameter2 différent de 0
SHLD24.ITM : Opcode 318 : self avec parameter1 et parameter2 différent de 0
SHLD24A.ITM : Opcode 318 : self avec parameter1 et parameter2 différent de 0
SHLD24A.ITM : Opcode 318 : self avec parameter1 et parameter2 différent de 0
SHLD24A.ITM : Opcode 318 : self avec parameter1 et parameter2 différent de 0
SHLD24A.ITM : Opcode 318 : self avec parameter1 et parameter2 différent de 0
SHLD25.ITM : Opcode 318 : self avec parameter1 et parameter2 différent de 0
SHLD25.ITM : Opcode 318 : self avec parameter1 et parameter2 différent de 0
SHLD25.ITM : Opcode 318 : self avec parameter1 et parameter2 différent de 0
SHLD25.ITM : Opcode 318 : self avec parameter1 et parameter2 différent de 0
SHLD26.ITM : Opcode 318 : self avec parameter1 et parameter2 différent de 0
SHLD26.ITM : Opcode 318 : self avec parameter1 et parameter2 différent de 0
SHLD26.ITM : Opcode 318 : self avec parameter1 et parameter2 différent de 0
SHLD26.ITM : Opcode 318 : self avec parameter1 et parameter2 différent de 0
SHLD26A.ITM : Opcode 318 : self avec parameter1 et parameter2 différent de 0
SHLD26A.ITM : Opcode 318 : self avec parameter1 et parameter2 différent de 0
SHLD26A.ITM : Opcode 318 : self avec parameter1 et parameter2 différent de 0
SHLD26A.ITM : Opcode 318 : self avec parameter1 et parameter2 différent de 0
SHLD27.ITM : Opcode 318 : self avec parameter1 et parameter2 différent de 0
SHLD27.ITM : Opcode 318 : self avec parameter1 et parameter2 différent de 0
SHLD27.ITM : Opcode 318 : self avec parameter1 et parameter2 différent de 0
SHLD27.ITM : Opcode 318 : self avec parameter1 et parameter2 différent de 0
SHLD27A.ITM : Opcode 318 : self avec parameter1 et parameter2 différent de 0
SHLD27A.ITM : Opcode 318 : self avec parameter1 et parameter2 différent de 0
SHLD27A.ITM : Opcode 318 : self avec parameter1 et parameter2 différent de 0
SHLD27A.ITM : Opcode 318 : self avec parameter1 et parameter2 différent de 0
SHLD28.ITM : Opcode 318 : self avec parameter1 et parameter2 différent de 0
SHLD28.ITM : Opcode 318 : self avec parameter1 et parameter2 différent de 0
SHLD28.ITM : Opcode 318 : self avec parameter1 et parameter2 différent de 0
SHLD28.ITM : Opcode 318 : self avec parameter1 et parameter2 différent de 0
SHLD28A.ITM : Opcode 318 : self avec parameter1 et parameter2 différent de 0
SHLD28A.ITM : Opcode 318 : self avec parameter1 et parameter2 différent de 0
SHLD28A.ITM : Opcode 318 : self avec parameter1 et parameter2 différent de 0
SHLD28A.ITM : Opcode 318 : self avec parameter1 et parameter2 différent de 0
SHLD29.ITM : Opcode 318 : self avec parameter1 et parameter2 différent de 0
SHLD29.ITM : Opcode 318 : self avec parameter1 et parameter2 différent de 0
SHLD29.ITM : Opcode 318 : self avec parameter1 et parameter2 différent de 0
SHLD29.ITM : Opcode 318 : self avec parameter1 et parameter2 différent de 0
SHLD29A.ITM : Opcode 318 : self avec parameter1 et parameter2 différent de 0
SHLD29A.ITM : Opcode 318 : self avec parameter1 et parameter2 différent de 0
SHLD29A.ITM : Opcode 318 : self avec parameter1 et parameter2 différent de 0
SHLD29A.ITM : Opcode 318 : self avec parameter1 et parameter2 différent de 0
SHLD30.ITM : Opcode 318 : self avec parameter1 et parameter2 différent de 0
SHLD30.ITM : Opcode 318 : self avec parameter1 et parameter2 différent de 0
SHLD30.ITM : Opcode 318 : self avec parameter1 et parameter2 différent de 0
SHLD30.ITM : Opcode 318 : self avec parameter1 et parameter2 différent de 0
SHLD30A.ITM : Opcode 318 : self avec parameter1 et parameter2 différent de 0
SHLD30A.ITM : Opcode 318 : self avec parameter1 et parameter2 différent de 0
SHLD30A.ITM : Opcode 318 : self avec parameter1 et parameter2 différent de 0
SHLD30A.ITM : Opcode 318 : self avec parameter1 et parameter2 différent de 0
SHLD31.ITM : Opcode 318 : self avec parameter1 et parameter2 différent de 0
SHLD31.ITM : Opcode 318 : self avec parameter1 et parameter2 différent de 0
SHLD31.ITM : Opcode 318 : self avec parameter1 et parameter2 différent de 0
SHLD31.ITM : Opcode 318 : self avec parameter1 et parameter2 différent de 0
SHLD31A.ITM : Opcode 318 : self avec parameter1 et parameter2 différent de 0
SHLD31A.ITM : Opcode 318 : self avec parameter1 et parameter2 différent de 0
SHLD31A.ITM : Opcode 318 : self avec parameter1 et parameter2 différent de 0
SHLD31A.ITM : Opcode 318 : self avec parameter1 et parameter2 différent de 0
SHLD32.ITM : Opcode 318 : self avec parameter1 et parameter2 différent de 0
SHLD32.ITM : Opcode 318 : self avec parameter1 et parameter2 différent de 0
SHLD32.ITM : Opcode 318 : self avec parameter1 et parameter2 différent de 0
SHLD32.ITM : Opcode 318 : self avec parameter1 et parameter2 différent de 0
SLNG02.ITM : Opcode 318 : self avec parameter1 et parameter2 différent de 0
SLNG02.ITM : Opcode 318 : self avec parameter1 et parameter2 différent de 0
SLNG04.ITM : Opcode 318 : self avec parameter1 et parameter2 différent de 0
SLNG04.ITM : Opcode 318 : self avec parameter1 et parameter2 différent de 0
SLNG05.ITM : Opcode 318 : self avec parameter1 et parameter2 différent de 0
SLNG05.ITM : Opcode 318 : self avec parameter1 et parameter2 différent de 0
SLNG06.ITM : Opcode 318 : self avec parameter1 et parameter2 différent de 0
SLNG06.ITM : Opcode 318 : self avec parameter1 et parameter2 différent de 0
SLNG07.ITM : Opcode 318 : self avec parameter1 et parameter2 différent de 0
SLNG07.ITM : Opcode 318 : self avec parameter1 et parameter2 différent de 0
SLNG08.ITM : Opcode 318 : self avec parameter1 et parameter2 différent de 0
SLNG08.ITM : Opcode 318 : self avec parameter1 et parameter2 différent de 0
SLNG09.ITM : Opcode 318 : self avec parameter1 et parameter2 différent de 0
SLNG09.ITM : Opcode 318 : self avec parameter1 et parameter2 différent de 0
SLNG10.ITM : Opcode 318 : self avec parameter1 et parameter2 différent de 0
SLNG10.ITM : Opcode 318 : self avec parameter1 et parameter2 différent de 0
mostr06.eff : Opcode 232 à gérer.
mostr05.eff : Opcode 232 à gérer.
mostr04.eff : Opcode 232 à gérer.
mostr03.eff : Opcode 232 à gérer.
mostr02.eff : Opcode 232 à gérer.
mostr01.eff : Opcode 232 à gérer.
SPER02.ITM : Opcode 318 : self avec parameter1 et parameter2 différent de 0
mostr06.eff : Opcode 232 à gérer.
mostr05.eff : Opcode 232 à gérer.
mostr04.eff : Opcode 232 à gérer.
mostr03.eff : Opcode 232 à gérer.
mostr02.eff : Opcode 232 à gérer.
mostr01.eff : Opcode 232 à gérer.
SPER03.ITM : Opcode 318 : self avec parameter1 et parameter2 différent de 0
mostr06.eff : Opcode 232 à gérer.
mostr05.eff : Opcode 232 à gérer.
mostr04.eff : Opcode 232 à gérer.
mostr03.eff : Opcode 232 à gérer.
mostr02.eff : Opcode 232 à gérer.
mostr01.eff : Opcode 232 à gérer.
SPER05.ITM : Opcode 318 : self avec parameter1 et parameter2 différent de 0
mostr06.eff : Opcode 232 à gérer.
mostr05.eff : Opcode 232 à gérer.
mostr04.eff : Opcode 232 à gérer.
mostr03.eff : Opcode 232 à gérer.
mostr02.eff : Opcode 232 à gérer.
mostr01.eff : Opcode 232 à gérer.
SPER06.ITM : Opcode 318 : self avec parameter1 et parameter2 différent de 0
mostr06.eff : Opcode 232 à gérer.
mostr05.eff : Opcode 232 à gérer.
mostr04.eff : Opcode 232 à gérer.
mostr03.eff : Opcode 232 à gérer.
mostr02.eff : Opcode 232 à gérer.
mostr01.eff : Opcode 232 à gérer.
SPER07.ITM : Opcode 318 : self avec parameter1 et parameter2 différent de 0
mostr06.eff : Opcode 232 à gérer.
mostr05.eff : Opcode 232 à gérer.
mostr04.eff : Opcode 232 à gérer.
mostr03.eff : Opcode 232 à gérer.
mostr02.eff : Opcode 232 à gérer.
mostr01.eff : Opcode 232 à gérer.
SPER08.ITM : Opcode 318 : self avec parameter1 et parameter2 différent de 0
mostr06.eff : Opcode 232 à gérer.
mostr05.eff : Opcode 232 à gérer.
mostr04.eff : Opcode 232 à gérer.
mostr03.eff : Opcode 232 à gérer.
mostr02.eff : Opcode 232 à gérer.
mostr01.eff : Opcode 232 à gérer.
SPER09.ITM : Opcode 318 : self avec parameter1 et parameter2 différent de 0
mostr06.eff : Opcode 232 à gérer.
mostr05.eff : Opcode 232 à gérer.
mostr04.eff : Opcode 232 à gérer.
mostr03.eff : Opcode 232 à gérer.
mostr02.eff : Opcode 232 à gérer.
mostr01.eff : Opcode 232 à gérer.
SPER10.ITM : Opcode 318 : self avec parameter1 et parameter2 différent de 0
mostr06.eff : Opcode 232 à gérer.
mostr05.eff : Opcode 232 à gérer.
mostr04.eff : Opcode 232 à gérer.
mostr03.eff : Opcode 232 à gérer.
mostr02.eff : Opcode 232 à gérer.
mostr01.eff : Opcode 232 à gérer.
SPER11.ITM : Opcode 318 : self avec parameter1 et parameter2 différent de 0
mostr06.eff : Opcode 232 à gérer.
mostr05.eff : Opcode 232 à gérer.
mostr04.eff : Opcode 232 à gérer.
mostr03.eff : Opcode 232 à gérer.
mostr02.eff : Opcode 232 à gérer.
mostr01.eff : Opcode 232 à gérer.
SPER12.ITM : Opcode 318 : self avec parameter1 et parameter2 différent de 0
SPER12.ITM : Opcode 206 : La ressource cdsw1h58.spl n'existe pas.
SPER12.ITM : Opcode 206 : La ressource cdmound.spl n'existe pas.
SPER12.ITM : Opcode 206 : La ressource cdhgnya1.spl n'existe pas.
mostr06.eff : Opcode 232 à gérer.
mostr05.eff : Opcode 232 à gérer.
mostr04.eff : Opcode 232 à gérer.
mostr03.eff : Opcode 232 à gérer.
mostr02.eff : Opcode 232 à gérer.
mostr01.eff : Opcode 232 à gérer.
STAF02.ITM : Opcode 318 : self avec parameter1 et parameter2 différent de 0
mostr06.eff : Opcode 232 à gérer.
mostr05.eff : Opcode 232 à gérer.
mostr04.eff : Opcode 232 à gérer.
mostr03.eff : Opcode 232 à gérer.
mostr02.eff : Opcode 232 à gérer.
mostr01.eff : Opcode 232 à gérer.
STAF05.ITM : Opcode 318 : self avec parameter1 et parameter2 différent de 0
mostr06.eff : Opcode 232 à gérer.
mostr05.eff : Opcode 232 à gérer.
mostr04.eff : Opcode 232 à gérer.
mostr03.eff : Opcode 232 à gérer.
mostr02.eff : Opcode 232 à gérer.
mostr01.eff : Opcode 232 à gérer.
STAF07.ITM : Opcode 318 : self avec parameter1 et parameter2 différent de 0
mostr06.eff : Opcode 232 à gérer.
mostr05.eff : Opcode 232 à gérer.
mostr04.eff : Opcode 232 à gérer.
mostr03.eff : Opcode 232 à gérer.
mostr02.eff : Opcode 232 à gérer.
mostr01.eff : Opcode 232 à gérer.
STAF08.ITM : Opcode 318 : self avec parameter1 et parameter2 différent de 0
mostr06.eff : Opcode 232 à gérer.
mostr05.eff : Opcode 232 à gérer.
mostr04.eff : Opcode 232 à gérer.
mostr03.eff : Opcode 232 à gérer.
mostr02.eff : Opcode 232 à gérer.
mostr01.eff : Opcode 232 à gérer.
STAF09.ITM : Opcode 318 : self avec parameter1 et parameter2 différent de 0
mostr06.eff : Opcode 232 à gérer.
mostr05.eff : Opcode 232 à gérer.
mostr04.eff : Opcode 232 à gérer.
mostr03.eff : Opcode 232 à gérer.
mostr02.eff : Opcode 232 à gérer.
mostr01.eff : Opcode 232 à gérer.
STAF10.ITM : Opcode 318 : self avec parameter1 et parameter2 différent de 0
mostr06.eff : Opcode 232 à gérer.
mostr05.eff : Opcode 232 à gérer.
mostr04.eff : Opcode 232 à gérer.
mostr03.eff : Opcode 232 à gérer.
mostr02.eff : Opcode 232 à gérer.
mostr01.eff : Opcode 232 à gérer.
STAF11.ITM : Opcode 318 : self avec parameter1 et parameter2 différent de 0
STAF11.ITM : Opcode 58: TODO EE : Dissipation des armes magiques à gerer : 131074
mostr06.eff : Opcode 232 à gérer.
mostr05.eff : Opcode 232 à gérer.
mostr04.eff : Opcode 232 à gérer.
mostr03.eff : Opcode 232 à gérer.
mostr02.eff : Opcode 232 à gérer.
mostr01.eff : Opcode 232 à gérer.
STAF12.ITM : Opcode 318 : self avec parameter1 et parameter2 différent de 0
mostr06.eff : Opcode 232 à gérer.
mostr05.eff : Opcode 232 à gérer.
mostr04.eff : Opcode 232 à gérer.
mostr03.eff : Opcode 232 à gérer.
mostr02.eff : Opcode 232 à gérer.
mostr01.eff : Opcode 232 à gérer.
STAF13.ITM : Opcode 318 : self avec parameter1 et parameter2 différent de 0
mostr06.eff : Opcode 232 à gérer.
mostr05.eff : Opcode 232 à gérer.
mostr04.eff : Opcode 232 à gérer.
mostr03.eff : Opcode 232 à gérer.
mostr02.eff : Opcode 232 à gérer.
mostr01.eff : Opcode 232 à gérer.
STAF14.ITM : Opcode 318 : self avec parameter1 et parameter2 différent de 0
mostr06.eff : Opcode 232 à gérer.
mostr05.eff : Opcode 232 à gérer.
mostr04.eff : Opcode 232 à gérer.
mostr03.eff : Opcode 232 à gérer.
mostr02.eff : Opcode 232 à gérer.
mostr01.eff : Opcode 232 à gérer.
STAF15.ITM : Opcode 318 : self avec parameter1 et parameter2 différent de 0
mostr06.eff : Opcode 232 à gérer.
mostr05.eff : Opcode 232 à gérer.
mostr04.eff : Opcode 232 à gérer.
mostr03.eff : Opcode 232 à gérer.
mostr02.eff : Opcode 232 à gérer.
mostr01.eff : Opcode 232 à gérer.
STAF16.ITM : Opcode 318 : self avec parameter1 et parameter2 différent de 0
mostr06.eff : Opcode 232 à gérer.
mostr05.eff : Opcode 232 à gérer.
mostr04.eff : Opcode 232 à gérer.
mostr03.eff : Opcode 232 à gérer.
mostr02.eff : Opcode 232 à gérer.
mostr01.eff : Opcode 232 à gérer.
STAF17.ITM : Opcode 318 : self avec parameter1 et parameter2 différent de 0
mostr06.eff : Opcode 232 à gérer.
mostr05.eff : Opcode 232 à gérer.
mostr04.eff : Opcode 232 à gérer.
mostr03.eff : Opcode 232 à gérer.
mostr02.eff : Opcode 232 à gérer.
mostr01.eff : Opcode 232 à gérer.
STAF18.ITM : Opcode 318 : self avec parameter1 et parameter2 différent de 0
mostr06.eff : Opcode 232 à gérer.
mostr05.eff : Opcode 232 à gérer.
mostr04.eff : Opcode 232 à gérer.
mostr03.eff : Opcode 232 à gérer.
mostr02.eff : Opcode 232 à gérer.
mostr01.eff : Opcode 232 à gérer.
STAF19.ITM : Opcode 318 : self avec parameter1 et parameter2 différent de 0
mostr06.eff : Opcode 232 à gérer.
mostr05.eff : Opcode 232 à gérer.
mostr04.eff : Opcode 232 à gérer.
mostr03.eff : Opcode 232 à gérer.
mostr02.eff : Opcode 232 à gérer.
mostr01.eff : Opcode 232 à gérer.
STAF20.ITM : Opcode 318 : self avec parameter1 et parameter2 différent de 0
mostr06.eff : Opcode 232 à gérer.
mostr05.eff : Opcode 232 à gérer.
mostr04.eff : Opcode 232 à gérer.
mostr03.eff : Opcode 232 à gérer.
mostr02.eff : Opcode 232 à gérer.
mostr01.eff : Opcode 232 à gérer.
STAF21.ITM : Opcode 318 : self avec parameter1 et parameter2 différent de 0
mostr06.eff : Opcode 232 à gérer.
mostr05.eff : Opcode 232 à gérer.
mostr04.eff : Opcode 232 à gérer.
mostr03.eff : Opcode 232 à gérer.
mostr02.eff : Opcode 232 à gérer.
mostr01.eff : Opcode 232 à gérer.
STAF22.ITM : Opcode 318 : self avec parameter1 et parameter2 différent de 0
mostr06.eff : Opcode 232 à gérer.
mostr05.eff : Opcode 232 à gérer.
mostr04.eff : Opcode 232 à gérer.
mostr03.eff : Opcode 232 à gérer.
mostr02.eff : Opcode 232 à gérer.
mostr01.eff : Opcode 232 à gérer.
STAF23.ITM : Opcode 318 : self avec parameter1 et parameter2 différent de 0
mostr06.eff : Opcode 232 à gérer.
mostr05.eff : Opcode 232 à gérer.
mostr04.eff : Opcode 232 à gérer.
mostr03.eff : Opcode 232 à gérer.
mostr02.eff : Opcode 232 à gérer.
mostr01.eff : Opcode 232 à gérer.
STAF24.ITM : Opcode 318 : self avec parameter1 et parameter2 différent de 0
mostr06.eff : Opcode 232 à gérer.
mostr05.eff : Opcode 232 à gérer.
mostr04.eff : Opcode 232 à gérer.
mostr03.eff : Opcode 232 à gérer.
mostr02.eff : Opcode 232 à gérer.
mostr01.eff : Opcode 232 à gérer.
STAFN1.ITM : Opcode 318 : self avec parameter1 et parameter2 différent de 0
spin104a.spl : SW1H63.ITM : Opcode 146 : Nom du sort introuvable pour spin104a.spl.
SW1H68C.ITM : Opcode 112 à gérer.
SW1H69C.ITM : Opcode 112 à gérer.
mostr06.eff : Opcode 232 à gérer.
mostr05.eff : Opcode 232 à gérer.
mostr04.eff : Opcode 232 à gérer.
mostr03.eff : Opcode 232 à gérer.
mostr02.eff : Opcode 232 à gérer.
mostr01.eff : Opcode 232 à gérer.
SW2H02.ITM : Opcode 318 : self avec parameter1 et parameter2 différent de 0
mostr06.eff : Opcode 232 à gérer.
mostr05.eff : Opcode 232 à gérer.
mostr04.eff : Opcode 232 à gérer.
mostr03.eff : Opcode 232 à gérer.
mostr02.eff : Opcode 232 à gérer.
mostr01.eff : Opcode 232 à gérer.
SW2H03.ITM : Opcode 318 : self avec parameter1 et parameter2 différent de 0
mostr06.eff : Opcode 232 à gérer.
mostr05.eff : Opcode 232 à gérer.
mostr04.eff : Opcode 232 à gérer.
mostr03.eff : Opcode 232 à gérer.
mostr02.eff : Opcode 232 à gérer.
mostr01.eff : Opcode 232 à gérer.
SW2H06.ITM : Opcode 318 : self avec parameter1 et parameter2 différent de 0
SW2H06.ITM : Opcode 206 : La ressource cdsw1h58.spl n'existe pas.
SW2H06.ITM : Opcode 206 : La ressource cdmound.spl n'existe pas.
SW2H06.ITM : Opcode 206 : La ressource cdhgnya1.spl n'existe pas.
mostr06.eff : Opcode 232 à gérer.
mostr05.eff : Opcode 232 à gérer.
mostr04.eff : Opcode 232 à gérer.
mostr03.eff : Opcode 232 à gérer.
mostr02.eff : Opcode 232 à gérer.
mostr01.eff : Opcode 232 à gérer.
SW2H07.ITM : Opcode 318 : self avec parameter1 et parameter2 différent de 0
mostr06.eff : Opcode 232 à gérer.
mostr05.eff : Opcode 232 à gérer.
mostr04.eff : Opcode 232 à gérer.
mostr03.eff : Opcode 232 à gérer.
mostr02.eff : Opcode 232 à gérer.
mostr01.eff : Opcode 232 à gérer.
SW2H08.ITM : Opcode 318 : self avec parameter1 et parameter2 différent de 0
mostr06.eff : Opcode 232 à gérer.
mostr05.eff : Opcode 232 à gérer.
mostr04.eff : Opcode 232 à gérer.
mostr03.eff : Opcode 232 à gérer.
mostr02.eff : Opcode 232 à gérer.
mostr01.eff : Opcode 232 à gérer.
SW2H09.ITM : Opcode 318 : self avec parameter1 et parameter2 différent de 0
mostr06.eff : Opcode 232 à gérer.
mostr05.eff : Opcode 232 à gérer.
mostr04.eff : Opcode 232 à gérer.
mostr03.eff : Opcode 232 à gérer.
mostr02.eff : Opcode 232 à gérer.
mostr01.eff : Opcode 232 à gérer.
SW2H10.ITM : Opcode 318 : self avec parameter1 et parameter2 différent de 0
SW2H10.ITM : Opcode 58: TODO EE : Dissipation des armes magiques à gerer : 131074
mostr06.eff : Opcode 232 à gérer.
mostr05.eff : Opcode 232 à gérer.
mostr04.eff : Opcode 232 à gérer.
mostr03.eff : Opcode 232 à gérer.
mostr02.eff : Opcode 232 à gérer.
mostr01.eff : Opcode 232 à gérer.
SW2H11.ITM : Opcode 318 : self avec parameter1 et parameter2 différent de 0
mostr06.eff : Opcode 232 à gérer.
mostr05.eff : Opcode 232 à gérer.
mostr04.eff : Opcode 232 à gérer.
mostr03.eff : Opcode 232 à gérer.
mostr02.eff : Opcode 232 à gérer.
mostr01.eff : Opcode 232 à gérer.
SW2H12.ITM : Opcode 318 : self avec parameter1 et parameter2 différent de 0
mostr06.eff : Opcode 232 à gérer.
mostr05.eff : Opcode 232 à gérer.
mostr04.eff : Opcode 232 à gérer.
mostr03.eff : Opcode 232 à gérer.
mostr02.eff : Opcode 232 à gérer.
mostr01.eff : Opcode 232 à gérer.
SW2H13.ITM : Opcode 318 : self avec parameter1 et parameter2 différent de 0
SW2H13.ITM : Opcode 206 : La ressource cdsw1h58.spl n'existe pas.
SW2H13.ITM : Opcode 206 : La ressource cdmound.spl n'existe pas.
SW2H13.ITM : Opcode 206 : La ressource cdhgnya1.spl n'existe pas.
mostr06.eff : Opcode 232 à gérer.
mostr05.eff : Opcode 232 à gérer.
mostr04.eff : Opcode 232 à gérer.
mostr03.eff : Opcode 232 à gérer.
mostr02.eff : Opcode 232 à gérer.
mostr01.eff : Opcode 232 à gérer.
SW2H14.ITM : Opcode 318 : self avec parameter1 et parameter2 différent de 0
mostr06.eff : Opcode 232 à gérer.
mostr05.eff : Opcode 232 à gérer.
mostr04.eff : Opcode 232 à gérer.
mostr03.eff : Opcode 232 à gérer.
mostr02.eff : Opcode 232 à gérer.
mostr01.eff : Opcode 232 à gérer.
SW2H15.ITM : Opcode 318 : self avec parameter1 et parameter2 différent de 0
mostr06.eff : Opcode 232 à gérer.
mostr05.eff : Opcode 232 à gérer.
mostr04.eff : Opcode 232 à gérer.
mostr03.eff : Opcode 232 à gérer.
mostr02.eff : Opcode 232 à gérer.
mostr01.eff : Opcode 232 à gérer.
SW2H16.ITM : Opcode 318 : self avec parameter1 et parameter2 différent de 0
mostr06.eff : Opcode 232 à gérer.
mostr05.eff : Opcode 232 à gérer.
mostr04.eff : Opcode 232 à gérer.
mostr03.eff : Opcode 232 à gérer.
mostr02.eff : Opcode 232 à gérer.
mostr01.eff : Opcode 232 à gérer.
SW2H17.ITM : Opcode 318 : self avec parameter1 et parameter2 différent de 0
mostr06.eff : Opcode 232 à gérer.
mostr05.eff : Opcode 232 à gérer.
mostr04.eff : Opcode 232 à gérer.
mostr03.eff : Opcode 232 à gérer.
mostr02.eff : Opcode 232 à gérer.
mostr01.eff : Opcode 232 à gérer.
SW2H18.ITM : Opcode 318 : self avec parameter1 et parameter2 différent de 0
mostr06.eff : Opcode 232 à gérer.
mostr05.eff : Opcode 232 à gérer.
mostr04.eff : Opcode 232 à gérer.
mostr03.eff : Opcode 232 à gérer.
mostr02.eff : Opcode 232 à gérer.
mostr01.eff : Opcode 232 à gérer.
SW2H19.ITM : Opcode 318 : self avec parameter1 et parameter2 différent de 0
SW2H19.ITM : Opcode 58: TODO EE : Dissipation des armes magiques à gerer : 131074
mostr06.eff : Opcode 232 à gérer.
mostr05.eff : Opcode 232 à gérer.
mostr04.eff : Opcode 232 à gérer.
mostr03.eff : Opcode 232 à gérer.
mostr02.eff : Opcode 232 à gérer.
mostr01.eff : Opcode 232 à gérer.
SW2H20.ITM : Opcode 318 : self avec parameter1 et parameter2 différent de 0
mostr06.eff : Opcode 232 à gérer.
mostr05.eff : Opcode 232 à gérer.
mostr04.eff : Opcode 232 à gérer.
mostr03.eff : Opcode 232 à gérer.
mostr02.eff : Opcode 232 à gérer.
mostr01.eff : Opcode 232 à gérer.
SW2H21.ITM : Opcode 318 : self avec parameter1 et parameter2 différent de 0
mostr06.eff : Opcode 232 à gérer.
mostr05.eff : Opcode 232 à gérer.
mostr04.eff : Opcode 232 à gérer.
mostr03.eff : Opcode 232 à gérer.
mostr02.eff : Opcode 232 à gérer.
mostr01.eff : Opcode 232 à gérer.
SW2HD1.ITM : Opcode 318 : self avec parameter1 et parameter2 différent de 0
SW2HD1.ITM : Opcode 232 à gérer.
SW2HD1.ITM : Opcode 232 à gérer.
TTSHLD01.ITM : Opcode 318 : self avec parameter1 et parameter2 différent de 0
TTSHLD01.ITM : Opcode 318 : self avec parameter1 et parameter2 différent de 0
TTSHLD01.ITM : Opcode 318 : self avec parameter1 et parameter2 différent de 0
TTSHLD01.ITM : Opcode 318 : self avec parameter1 et parameter2 différent de 0
mostr06.eff : Opcode 232 à gérer.
mostr05.eff : Opcode 232 à gérer.
mostr04.eff : Opcode 232 à gérer.
mostr03.eff : Opcode 232 à gérer.
mostr02.eff : Opcode 232 à gérer.
mostr01.eff : Opcode 232 à gérer.
WA2HALB.ITM : Opcode 318 : self avec parameter1 et parameter2 différent de 0
moarm06.eff : Opcode 232 à gérer.
moarm05.eff : Opcode 232 à gérer.
moarm04.eff : Opcode 232 à gérer.
moarm03.eff : Opcode 232 à gérer.
moarm01.eff : Opcode 232 à gérer.
WA2SHIEL.ITM : Opcode 318 : self avec parameter1 et parameter2 différent de 0
WA2SHIEL.ITM : Opcode 318 : self avec parameter1 et parameter2 différent de 0
WA2SHIEL.ITM : Opcode 318 : self avec parameter1 et parameter2 différent de 0
WA2SHIEL.ITM : Opcode 318 : self avec parameter1 et parameter2 différent de 0
WA2SHIEL.ITM : Opcode 197 : Réflection du type de projectile '320'
mostr06.eff : Opcode 232 à gérer.
mostr05.eff : Opcode 232 à gérer.
mostr04.eff : Opcode 232 à gérer.
mostr03.eff : Opcode 232 à gérer.
mostr02.eff : Opcode 232 à gérer.
mostr01.eff : Opcode 232 à gérer.
WAS2H.ITM : Opcode 318 : self avec parameter1 et parameter2 différent de 0
WASLING.ITM : Opcode 318 : self avec parameter1 et parameter2 différent de 0
WASLING.ITM : Opcode 318 : self avec parameter1 et parameter2 différent de 0
mostr06.eff : Opcode 232 à gérer.
mostr05.eff : Opcode 232 à gérer.
mostr04.eff : Opcode 232 à gérer.
mostr03.eff : Opcode 232 à gérer.
mostr02.eff : Opcode 232 à gérer.
mostr01.eff : Opcode 232 à gérer.
WASPEAR.ITM : Opcode 318 : self avec parameter1 et parameter2 différent de 0
mostr06.eff : Opcode 232 à gérer.
mostr05.eff : Opcode 232 à gérer.
mostr04.eff : Opcode 232 à gérer.
mostr03.eff : Opcode 232 à gérer.
mostr02.eff : Opcode 232 à gérer.
mostr01.eff : Opcode 232 à gérer.
WASTAFF.ITM : Opcode 318 : self avec parameter1 et parameter2 différent de 0
XBOW02.ITM : Opcode 318 : self avec parameter1 et parameter2 différent de 0
XBOW02.ITM : Opcode 318 : self avec parameter1 et parameter2 différent de 0
XBOW03.ITM : Opcode 318 : self avec parameter1 et parameter2 différent de 0
XBOW03.ITM : Opcode 318 : self avec parameter1 et parameter2 différent de 0
XBOW05.ITM : Opcode 318 : self avec parameter1 et parameter2 différent de 0
XBOW05.ITM : Opcode 318 : self avec parameter1 et parameter2 différent de 0
XBOW06.ITM : Opcode 318 : self avec parameter1 et parameter2 différent de 0
XBOW06.ITM : Opcode 318 : self avec parameter1 et parameter2 différent de 0
XBOW07.ITM : Opcode 318 : self avec parameter1 et parameter2 différent de 0
XBOW07.ITM : Opcode 318 : self avec parameter1 et parameter2 différent de 0
XBOW08.ITM : Opcode 318 : self avec parameter1 et parameter2 différent de 0
XBOW08.ITM : Opcode 318 : self avec parameter1 et parameter2 différent de 0
XBOW09.ITM : Opcode 318 : self avec parameter1 et parameter2 différent de 0
XBOW09.ITM : Opcode 318 : self avec parameter1 et parameter2 différent de 0
XBOW10.ITM : Opcode 318 : self avec parameter1 et parameter2 différent de 0
XBOW10.ITM : Opcode 318 : self avec parameter1 et parameter2 différent de 0
XBOW13.ITM : Opcode 318 : self avec parameter1 et parameter2 différent de 0
XBOW13.ITM : Opcode 318 : self avec parameter1 et parameter2 différent de 0
XBOW14.ITM : Opcode 318 : self avec parameter1 et parameter2 différent de 0
XBOW14.ITM : Opcode 318 : self avec parameter1 et parameter2 différent de 0
XBOW15.ITM : Opcode 318 : self avec parameter1 et parameter2 différent de 0
XBOW15.ITM : Opcode 318 : self avec parameter1 et parameter2 différent de 0
XBOW16.ITM : Opcode 318 : self avec parameter1 et parameter2 différent de 0
XBOW16.ITM : Opcode 318 : self avec parameter1 et parameter2 différent de 0
XBOW17.ITM : Opcode 318 : self avec parameter1 et parameter2 différent de 0
XBOW17.ITM : Opcode 318 : self avec parameter1 et parameter2 différent de 0
XBOW18.ITM : Opcode 318 : self avec parameter1 et parameter2 différent de 0
XBOW18.ITM : Opcode 318 : self avec parameter1 et parameter2 différent de 0
