	
SW2H07.ITM : Opcode 177: Invalid ids entry : gender.ids (20)
DWXBOW01.ITM : Opcode 165: Les 2 parametres doivent avoir la valeur 0
FINSOL01.ITM : Opcode 77: Les 2 parametres doivent avoir la valeur 0
FINSOL01.ITM : Opcode 81: Les 2 parametres doivent avoir la valeur 0
HAMM10.ITM : Opcode 177: Invalid ids entry : gender.ids (20)
HAMM11.ITM : Opcode 177: Invalid ids entry : gender.ids (20)
KUOBOW.ITM : Opcode 165: Les 2 parametres doivent avoir la valeur 0
MDK2GUN.ITM : Opcode 165: Les 2 parametres doivent avoir la valeur 0
OHBREW05.ITM : Opcode 344: Invalid ids entry : specific.ids (5)
OHBREW05.ITM : Opcode 178: Invalid ids entry : specific.ids (5)
OHBREW05.ITM : Opcode 177: Invalid ids entry : specific.ids (5)
PLAT17.ITM : Opcode 0: parameter1 equal to 0 for a bonus/malus to the armor class.
PLAT23.ITM : Opcode 0: parameter1 equal to 0 for a bonus/malus to the armor class.
SECRET01.ITM : Opcode 165: Les 2 parametres doivent avoir la valeur 0
XBOW01.ITM : Opcode 165: Les 2 parametres doivent avoir la valeur 0
XBOW02.ITM : Opcode 165: Les 2 parametres doivent avoir la valeur 0
XBOW03.ITM : Opcode 165: Les 2 parametres doivent avoir la valeur 0
XBOW04.ITM : Opcode 165: Les 2 parametres doivent avoir la valeur 0
XBOW05.ITM : Opcode 165: Les 2 parametres doivent avoir la valeur 0
XBOW06.ITM : Opcode 165: Les 2 parametres doivent avoir la valeur 0
XBOW07.ITM : Opcode 165: Les 2 parametres doivent avoir la valeur 0
XBOW08.ITM : Opcode 165: Les 2 parametres doivent avoir la valeur 0
XBOW09.ITM : Opcode 165: Les 2 parametres doivent avoir la valeur 0
XBOW10.ITM : Opcode 165: Les 2 parametres doivent avoir la valeur 0
XBOW12.ITM : Opcode 165: Les 2 parametres doivent avoir la valeur 0
XBOW13.ITM : Opcode 165: Les 2 parametres doivent avoir la valeur 0
XBOW14.ITM : Opcode 165: Les 2 parametres doivent avoir la valeur 0
XBOW15.ITM : Opcode 165: Les 2 parametres doivent avoir la valeur 0
XBOW16.ITM : Opcode 165: Les 2 parametres doivent avoir la valeur 0
XBOW17.ITM : Opcode 165: Les 2 parametres doivent avoir la valeur 0
XBOW18.ITM : Opcode 165: Les 2 parametres doivent avoir la valeur 0

Total : 722

Sans description : 0

Ignores : 68

Reussis : 653

Echoues : 1

Potions (TODO): 0

Munitions (TODO) : 64

Opcodes a coder : 28
