	
DEVA.itm : Opcode 81: Les 2 parametres doivent avoir la valeur 0
DWXBOW01.ITM : Opcode 165: Les 2 parametres doivent avoir la valeur 0
FINSOL01.ITM : Opcode 77: Les 2 parametres doivent avoir la valeur 0
FINSOL01.ITM : Opcode 81: Les 2 parametres doivent avoir la valeur 0
HAMM10.ITM : Opcode 177: Invalid ids entry : gender.ids (20)
HAMM11.ITM : Opcode 177: Invalid ids entry : gender.ids (20)
KUOBOW.itm : Opcode 165: Les 2 parametres doivent avoir la valeur 0
MDK2GUN.ITM : Opcode 165: Les 2 parametres doivent avoir la valeur 0
OHBREW05.ITM : Opcode 344: Invalid ids entry : specific.ids (5)
OHBREW05.ITM : Opcode 178: Invalid ids entry : specific.ids (5)
OHBREW05.ITM : Opcode 177: Invalid ids entry : specific.ids (5)
SECRET01.ITM : Opcode 165: Les 2 parametres doivent avoir la valeur 0
SW2H07.ITM : Opcode 177: Invalid ids entry : gender.ids (20)
XBOW01.ITM : Opcode 165: Les 2 parametres doivent avoir la valeur 0
XBOW02.ITM : Opcode 165: Les 2 parametres doivent avoir la valeur 0
XBOW03.ITM : Opcode 165: Les 2 parametres doivent avoir la valeur 0
XBOW04.ITM : Opcode 165: Les 2 parametres doivent avoir la valeur 0
XBOW05.ITM : Opcode 165: Les 2 parametres doivent avoir la valeur 0
XBOW06.ITM : Opcode 165: Les 2 parametres doivent avoir la valeur 0
XBOW07.ITM : Opcode 165: Les 2 parametres doivent avoir la valeur 0
XBOW08.ITM : Opcode 165: Les 2 parametres doivent avoir la valeur 0
XBOW09.ITM : Opcode 165: Les 2 parametres doivent avoir la valeur 0
XBOW10.ITM : Opcode 165: Les 2 parametres doivent avoir la valeur 0
XBOW12.ITM : Opcode 165: Les 2 parametres doivent avoir la valeur 0
XBOW13.ITM : Opcode 165: Les 2 parametres doivent avoir la valeur 0
XBOW14.ITM : Opcode 165: Les 2 parametres doivent avoir la valeur 0
XBOW15.ITM : Opcode 165: Les 2 parametres doivent avoir la valeur 0
XBOW16.ITM : Opcode 165: Les 2 parametres doivent avoir la valeur 0
XBOW17.ITM : Opcode 165: Les 2 parametres doivent avoir la valeur 0
XBOW18.ITM : Opcode 165: Les 2 parametres doivent avoir la valeur 0
xbow12.itm : Opcode 165: Les 2 parametres doivent avoir la valeur 0
dwchan02.itm : Opcode 0: parameter1 equal to 0 for a bonus/malus to the armor class.
dwxbow01.itm : Opcode 165: Les 2 parametres doivent avoir la valeur 0
hamm10.itm : Opcode 177: Invalid ids entry : gender.ids (20)
hamm11.itm : Opcode 177: Invalid ids entry : gender.ids (20)
mdog1.itm : Opcode 0: parameter1 equal to 0 for a bonus/malus to the armor class.
misc4y.itm : Opcode 0: parameter1 equal to 0 for a bonus/malus to the armor class.
misc5e.itm : Opcode 0: parameter1 equal to 0 for a bonus/malus to the armor class.
misc5r.itm : Opcode 0: parameter1 equal to 0 for a bonus/malus to the armor class.
misc5w.itm : Opcode 0: parameter1 equal to 0 for a bonus/malus to the armor class.
misc7r.itm : Opcode 0: parameter1 equal to 0 for a bonus/malus to the armor class.
misc8l.itm : Opcode 0: parameter1 equal to 0 for a bonus/malus to the armor class.
misc8o.itm : Opcode 0: parameter1 equal to 0 for a bonus/malus to the armor class.
misc9n.itm : Opcode 0: parameter1 equal to 0 for a bonus/malus to the armor class.
misca9.itm : Opcode 0: parameter1 equal to 0 for a bonus/malus to the armor class.
miscad.itm : Opcode 0: parameter1 equal to 0 for a bonus/malus to the armor class.
miscae.itm : Opcode 0: parameter1 equal to 0 for a bonus/malus to the armor class.
miscb1.itm : Opcode 0: parameter1 equal to 0 for a bonus/malus to the armor class.
plat17.itm : Opcode 0: parameter1 equal to 0 for a bonus/malus to the armor class.
plat23.itm : Opcode 0: parameter1 equal to 0 for a bonus/malus to the armor class.
ring37.itm : Opcode 0: parameter1 equal to 0 for a bonus/malus to the armor class.
ring38.itm : Opcode 0: parameter1 equal to 0 for a bonus/malus to the armor class.
ring45.itm : Opcode 0: parameter1 equal to 0 for a bonus/malus to the armor class.
secret01.itm : Opcode 165: Les 2 parametres doivent avoir la valeur 0
sw2h07.itm : Opcode 177: Invalid ids entry : gender.ids (20)
xbow01.itm : Opcode 165: Les 2 parametres doivent avoir la valeur 0
xbow02.itm : Opcode 165: Les 2 parametres doivent avoir la valeur 0
xbow03.itm : Opcode 165: Les 2 parametres doivent avoir la valeur 0
xbow04.itm : Opcode 165: Les 2 parametres doivent avoir la valeur 0
xbow05.itm : Opcode 165: Les 2 parametres doivent avoir la valeur 0
xbow06.itm : Opcode 165: Les 2 parametres doivent avoir la valeur 0
xbow07.itm : Opcode 165: Les 2 parametres doivent avoir la valeur 0
xbow08.itm : Opcode 165: Les 2 parametres doivent avoir la valeur 0
xbow09.itm : Opcode 165: Les 2 parametres doivent avoir la valeur 0
xbow10.itm : Opcode 165: Les 2 parametres doivent avoir la valeur 0
xbow13.itm : Opcode 165: Les 2 parametres doivent avoir la valeur 0
xbow14.itm : Opcode 165: Les 2 parametres doivent avoir la valeur 0
xbow15.itm : Opcode 165: Les 2 parametres doivent avoir la valeur 0
xbow16.itm : Opcode 165: Les 2 parametres doivent avoir la valeur 0
xbow17.itm : Opcode 165: Les 2 parametres doivent avoir la valeur 0
xbow18.itm : Opcode 165: Les 2 parametres doivent avoir la valeur 0

Total : 1479

Sans description : 0

Ignores : 248

Reussis : 1229

Echoues : 2

Potions (TODO): 82

Munitions (TODO) : 111

Opcodes a coder : 28
