	
CDHGTRL.ITM : Opcode 4: Les 2 parametres doivent avoir la valeur 0
CDHGTRL.ITM : Opcode 75: Les 2 parametres doivent avoir la valeur 0
CDHGTRL.ITM : Opcode 77: Les 2 parametres doivent avoir la valeur 0
CDHGTRL.ITM : Opcode 81: Les 2 parametres doivent avoir la valeur 0
CDHGTRL.ITM : Opcode 79: Les 2 parametres doivent avoir la valeur 0
CDTORGAL.ITM : Opcode 4: Les 2 parametres doivent avoir la valeur 0
CDTORGAL.ITM : Opcode 75: Les 2 parametres doivent avoir la valeur 0
CDTORGAL.ITM : Opcode 77: Les 2 parametres doivent avoir la valeur 0
CDTORGAL.ITM : Opcode 81: Les 2 parametres doivent avoir la valeur 0
CDTORGAL.ITM : Opcode 79: Les 2 parametres doivent avoir la valeur 0
CDTRLBLZ.ITM : Opcode 4: Les 2 parametres doivent avoir la valeur 0
CDTRLBLZ.ITM : Opcode 75: Les 2 parametres doivent avoir la valeur 0
CDTRLBLZ.ITM : Opcode 77: Les 2 parametres doivent avoir la valeur 0
CDTRLBLZ.ITM : Opcode 81: Les 2 parametres doivent avoir la valeur 0
CDTRLBLZ.ITM : Opcode 79: Les 2 parametres doivent avoir la valeur 0
DEVA.ITM : Opcode 81: Les 2 parametres doivent avoir la valeur 0
DEVAEVIL.ITM : Opcode 81: Les 2 parametres doivent avoir la valeur 0
DWCHAN02.ITM : Opcode 0: parameter1 equal to 0 for a bonus/malus to the armor class.
DWXBOW01.ITM : Opcode 165: Les 2 parametres doivent avoir la valeur 0
FINSOL01.ITM : Opcode 77: Les 2 parametres doivent avoir la valeur 0
FINSOL01.ITM : Opcode 81: Les 2 parametres doivent avoir la valeur 0
HAMM10.ITM : Opcode 177: Invalid ids entry : gender.ids (20)
HAMM11.ITM : Opcode 177: Invalid ids entry : gender.ids (20)
KUOBOW.ITM : Opcode 165: Les 2 parametres doivent avoir la valeur 0
MDK2GUN.ITM : Opcode 165: Les 2 parametres doivent avoir la valeur 0
MDOG1.ITM : Opcode 0: parameter1 equal to 0 for a bonus/malus to the armor class.
MISC4Y.ITM : Opcode 0: parameter1 equal to 0 for a bonus/malus to the armor class.
MISC5E.ITM : Opcode 0: parameter1 equal to 0 for a bonus/malus to the armor class.
MISC5R.ITM : Opcode 0: parameter1 equal to 0 for a bonus/malus to the armor class.
MISC5W.ITM : Opcode 0: parameter1 equal to 0 for a bonus/malus to the armor class.
MISC7R.ITM : Opcode 0: parameter1 equal to 0 for a bonus/malus to the armor class.
MISC8L.ITM : Opcode 0: parameter1 equal to 0 for a bonus/malus to the armor class.
MISC8O.ITM : Opcode 0: parameter1 equal to 0 for a bonus/malus to the armor class.
MISC9N.ITM : Opcode 0: parameter1 equal to 0 for a bonus/malus to the armor class.
MISCA9.ITM : Opcode 0: parameter1 equal to 0 for a bonus/malus to the armor class.
MISCAD.ITM : Opcode 0: parameter1 equal to 0 for a bonus/malus to the armor class.
MISCAE.ITM : Opcode 0: parameter1 equal to 0 for a bonus/malus to the armor class.
MISCB1.ITM : Opcode 0: parameter1 equal to 0 for a bonus/malus to the armor class.
OHBREW05.ITM : Opcode 344: Invalid ids entry : specific.ids (5)
OHBREW05.ITM : Opcode 178: Invalid ids entry : specific.ids (5)
OHBREW05.ITM : Opcode 177: Invalid ids entry : specific.ids (5)
PLANETAR.ITM : Opcode 81: Les 2 parametres doivent avoir la valeur 0
PLAT17.ITM : Opcode 0: parameter1 equal to 0 for a bonus/malus to the armor class.
PLAT23.ITM : Opcode 0: parameter1 equal to 0 for a bonus/malus to the armor class.
RING37.ITM : Opcode 0: parameter1 equal to 0 for a bonus/malus to the armor class.
RING38.ITM : Opcode 0: parameter1 equal to 0 for a bonus/malus to the armor class.
RING45.ITM : Opcode 0: parameter1 equal to 0 for a bonus/malus to the armor class.
RINGJOIA.ITM : Opcode 0: parameter1 equal to 0 for a bonus/malus to the armor class.
RINGJOS.ITM : Opcode 0: parameter1 equal to 0 for a bonus/malus to the armor class.
SECRET01.ITM : Opcode 165: Les 2 parametres doivent avoir la valeur 0
SW2H07.ITM : Opcode 177: Invalid ids entry : gender.ids (20)
TROLLREG.ITM : Opcode 4: Les 2 parametres doivent avoir la valeur 0
TROLLREG.ITM : Opcode 75: Les 2 parametres doivent avoir la valeur 0
TROLLREG.ITM : Opcode 77: Les 2 parametres doivent avoir la valeur 0
TROLLREG.ITM : Opcode 81: Les 2 parametres doivent avoir la valeur 0
TROLLREG.ITM : Opcode 79: Les 2 parametres doivent avoir la valeur 0
XBOW01.ITM : Opcode 165: Les 2 parametres doivent avoir la valeur 0
XBOW02.ITM : Opcode 165: Les 2 parametres doivent avoir la valeur 0
XBOW03.ITM : Opcode 165: Les 2 parametres doivent avoir la valeur 0
XBOW04.ITM : Opcode 165: Les 2 parametres doivent avoir la valeur 0
XBOW05.ITM : Opcode 165: Les 2 parametres doivent avoir la valeur 0
XBOW06.ITM : Opcode 165: Les 2 parametres doivent avoir la valeur 0
XBOW07.ITM : Opcode 165: Les 2 parametres doivent avoir la valeur 0
XBOW08.ITM : Opcode 165: Les 2 parametres doivent avoir la valeur 0
XBOW09.ITM : Opcode 165: Les 2 parametres doivent avoir la valeur 0
XBOW10.ITM : Opcode 165: Les 2 parametres doivent avoir la valeur 0
XBOW12.ITM : Opcode 165: Les 2 parametres doivent avoir la valeur 0
XBOW13.ITM : Opcode 165: Les 2 parametres doivent avoir la valeur 0
XBOW14.ITM : Opcode 165: Les 2 parametres doivent avoir la valeur 0
XBOW15.ITM : Opcode 165: Les 2 parametres doivent avoir la valeur 0
XBOW16.ITM : Opcode 165: Les 2 parametres doivent avoir la valeur 0
XBOW17.ITM : Opcode 165: Les 2 parametres doivent avoir la valeur 0
XBOW18.ITM : Opcode 165: Les 2 parametres doivent avoir la valeur 0

Total : 2969

Sans description : 0

Ignores : 1533

Reussis : 1417

Echoues : 19

Potions (TODO): 406

Munitions (TODO) : 64

Opcodes a coder : 28
