	
DWXBOW01.ITM : Opcode 165: Les 2 parametres doivent avoir la valeur 0
SECRET01.ITM : Opcode 165: Les 2 parametres doivent avoir la valeur 0
XBOW02.ITM : Opcode 165: Les 2 parametres doivent avoir la valeur 0
XBOW03.ITM : Opcode 165: Les 2 parametres doivent avoir la valeur 0
XBOW05.ITM : Opcode 165: Les 2 parametres doivent avoir la valeur 0
XBOW06.ITM : Opcode 165: Les 2 parametres doivent avoir la valeur 0
XBOW07.ITM : Opcode 165: Les 2 parametres doivent avoir la valeur 0
XBOW08.ITM : Opcode 165: Les 2 parametres doivent avoir la valeur 0
XBOW09.ITM : Opcode 165: Les 2 parametres doivent avoir la valeur 0
XBOW10.ITM : Opcode 165: Les 2 parametres doivent avoir la valeur 0
XBOW12.ITM : Opcode 165: Les 2 parametres doivent avoir la valeur 0
XBOW13.ITM : Opcode 165: Les 2 parametres doivent avoir la valeur 0
XBOW14.ITM : Opcode 165: Les 2 parametres doivent avoir la valeur 0
XBOW15.ITM : Opcode 165: Les 2 parametres doivent avoir la valeur 0
XBOW16.ITM : Opcode 165: Les 2 parametres doivent avoir la valeur 0
XBOW17.ITM : Opcode 165: Les 2 parametres doivent avoir la valeur 0
XBOW18.ITM : Opcode 165: Les 2 parametres doivent avoir la valeur 0
XBOW01.ITM : Opcode 165: Les 2 parametres doivent avoir la valeur 0
XBOW04.ITM : Opcode 165: Les 2 parametres doivent avoir la valeur 0
xbow12.itm : Opcode 165: Les 2 parametres doivent avoir la valeur 0
dwxbow01.itm : Opcode 165: Les 2 parametres doivent avoir la valeur 0
secret01.itm : Opcode 165: Les 2 parametres doivent avoir la valeur 0
xbow01.itm : Opcode 165: Les 2 parametres doivent avoir la valeur 0
xbow02.itm : Opcode 165: Les 2 parametres doivent avoir la valeur 0
xbow03.itm : Opcode 165: Les 2 parametres doivent avoir la valeur 0
xbow04.itm : Opcode 165: Les 2 parametres doivent avoir la valeur 0
xbow05.itm : Opcode 165: Les 2 parametres doivent avoir la valeur 0
xbow06.itm : Opcode 165: Les 2 parametres doivent avoir la valeur 0
xbow07.itm : Opcode 165: Les 2 parametres doivent avoir la valeur 0
xbow08.itm : Opcode 165: Les 2 parametres doivent avoir la valeur 0
xbow09.itm : Opcode 165: Les 2 parametres doivent avoir la valeur 0
xbow10.itm : Opcode 165: Les 2 parametres doivent avoir la valeur 0
xbow13.itm : Opcode 165: Les 2 parametres doivent avoir la valeur 0
xbow14.itm : Opcode 165: Les 2 parametres doivent avoir la valeur 0
xbow15.itm : Opcode 165: Les 2 parametres doivent avoir la valeur 0
xbow16.itm : Opcode 165: Les 2 parametres doivent avoir la valeur 0
xbow17.itm : Opcode 165: Les 2 parametres doivent avoir la valeur 0
xbow18.itm : Opcode 165: Les 2 parametres doivent avoir la valeur 0


Total : 1902

Sans description : 233

Ignores : 503

Reussis : 1379

Echoues : 20

Potions (TODO): 84

Munitions (TODO) : 91

Opcodes a coder : 40