	
BDSHLD02.ITM : Opcode 232 à gérer.
BDSHLD04.ITM : Opcode 319 à gérer.
BDSHLD05.ITM : Opcode 319 à gérer.
BDSHLD07.ITM : Opcode 319 à gérer.
BDSHLD08.ITM : Opcode 232 à gérer.
BDSHLDCA.ITM : Opcode 319 à gérer.
SHLD07.ITM : Opcode 272 à gérer.
shld07d.spl : SHLD07.ITM : Opcode 206 : Nom du sort introuvable pour shld07d.spl.
SHLD07A.ITM : Opcode 272 à gérer.
shld07d.spl : SHLD07A.ITM : Opcode 206 : Nom du sort introuvable pour shld07d.spl.
SHLD08P.ITM : Opcode 232 à gérer.
SHLD08P.ITM : Opcode 232 à gérer.
SHLD08P.ITM : Opcode 232 à gérer.
SHLD08P.ITM : Opcode 232 à gérer.
SHLD08P.ITM : Opcode 232 à gérer.
WA2SHIEL.ITM : Opcode 197 : Réflection du type de projectile '320'
bdchan01.itm : Opcode 319 à gérer.
bdchan02.itm : Opcode 319 à gérer.
bdchan04.itm : Opcode 272 à gérer.
bdchan05.itm : Opcode 319 à gérer.
bdbeldis.spl : bdchanca.itm : Opcode 206 : Nom du sort introuvable pour bdbeldis.spl.
bdchanca.itm : Opcode 319 à gérer.
bdleat02.itm : Opcode 232 à gérer.
bdleat02.itm : Opcode 319 à gérer.
bdleat04.itm : Opcode 318 self à gérer
bdbow06.spl : bdleat06.itm : Opcode 206 : Nom du sort introuvable pour bdbow06.spl.
bdshamb.spl : bdleat06.itm : Opcode 206 : Nom du sort introuvable pour bdshamb.spl.
bdleat06.itm : Opcode 319 à gérer.
bdleat07.itm : Opcode 232 à gérer.
bdplat03.itm : Opcode 319 à gérer.
bdplat04.itm : Opcode 319 à gérer.
leat06.itm : Opcode 272 à gérer.
leat06d.spl : leat06.itm : Opcode 206 : Nom du sort introuvable pour leat06d.spl.
plat08.itm : Opcode 233: Proficiency not found : 117
dvexhaus.spl : BRAC11.eff : Opcode 146 : Nom du sort introuvable pour dvexhaus.spl.
dvexhaus.spl : BRAC11.eff : Opcode 146 : Nom du sort introuvable pour dvexhaus.spl.
BRAC18.itm : Opcode 83 : Type de projectile '376'
BRAC18.itm : Opcode 83 : Type de projectile '318'
BRAC18.itm : Opcode 83 : Type de projectile '317'
BRAC18.itm : Opcode 83 : Type de projectile '316'
BRAC18.itm : Opcode 83 : Type de projectile '314'
BRAC18.itm : Opcode 83 : Type de projectile '313'
BRAC18.itm : Opcode 83 : Type de projectile '312'
BRAC18.itm : Opcode 83 : Type de projectile '310'
BRAC18.itm : Opcode 83 : Type de projectile '309'
BRAC18.itm : Opcode 83 : Type de projectile '308'
BRAC18.itm : Opcode 83 : Type de projectile '307'
BRAC18.itm : Opcode 83 : Type de projectile '306'
BRAC18.itm : Opcode 83 : Type de projectile '305'
BRAC18.itm : Opcode 83 : Type de projectile '304'
BRAC18.itm : Opcode 83 : Type de projectile '303'
BRAC18.itm : Opcode 83 : Type de projectile '302'
BRAC18.itm : Opcode 83 : Type de projectile '301'
BRAC18.itm : Opcode 83 : Type de projectile '300'
BRAC18.itm : Opcode 83 : Type de projectile '298'
BRAC18.itm : Opcode 83 : Type de projectile '297'
BRAC18.itm : Opcode 83 : Type de projectile '296'
BRAC18.itm : Opcode 83 : Type de projectile '295'
BRAC18.itm : Opcode 83 : Type de projectile '294'
BRAC18.itm : Opcode 83 : Type de projectile '293'
BRAC18.itm : Opcode 83 : Type de projectile '292'
BRAC18.itm : Opcode 83 : Type de projectile '291'
BRAC18.itm : Opcode 83 : Type de projectile '290'
BRAC18.itm : Opcode 83 : Type de projectile '289'
BRAC18.itm : Opcode 83 : Type de projectile '288'
BRAC18.itm : Opcode 83 : Type de projectile '287'
BRAC18.itm : Opcode 83 : Type de projectile '286'
BRAC18.itm : Opcode 83 : Type de projectile '284'
BRAC18.itm : Opcode 83 : Type de projectile '283'
BRAC18.itm : Opcode 83 : Type de projectile '11'
BRAC18.itm : Opcode 83 : Type de projectile '15'
BRAC18.itm : Opcode 83 : Type de projectile '20'
BRAC18.itm : Opcode 83 : Type de projectile '101'
BRAC18.itm : Opcode 83 : Type de projectile '257'
BRAC18.itm : Opcode 83 : Type de projectile '270'
AX1H01.ITM : Opcode 319 à gérer.
ax1h01.spl : AX1H01.ITM : Opcode 146 : Nom du sort introuvable pour ax1h01.spl.
AX1H02.ITM : Opcode 319 à gérer.
dvkndown.spl : AX1H03.ITM : Opcode 146 : Nom du sort introuvable pour dvkndown.spl.
AX1H04.ITM : Opcode 319 à gérer.
AX1H05.ITM : Opcode 319 à gérer.
AX1H05.ITM : Opcode 123 à gérer.
AX1H05A.ITM : Opcode 319 à gérer.
AX1H05A.ITM : Opcode 123 à gérer.
AX1H05B.ITM : Opcode 319 à gérer.
AX1H05B.ITM : Opcode 123 à gérer.
AX1H06.ITM : Opcode 319 à gérer.
AX1H06.ITM : Opcode 123 à gérer.
AX1H06A.ITM : Opcode 319 à gérer.
AX1H06A.ITM : Opcode 123 à gérer.
AX1H06B.ITM : Opcode 319 à gérer.
AX1H06B.ITM : Opcode 123 à gérer.
AX1H07.ITM : Opcode 319 à gérer.
AX1H11.ITM : Opcode 319 à gérer.
AX1H16.ITM : Opcode 319 à gérer.
AX1H16.ITM : Opcode 123 à gérer.
AX1H16A.ITM : Opcode 319 à gérer.
AX1H16A.ITM : Opcode 123 à gérer.
AX1H16B.ITM : Opcode 319 à gérer.
AX1H16B.ITM : Opcode 123 à gérer.
AX1H17.ITM : Opcode 319 à gérer.
AX1H18.ITM : Opcode 319 à gérer.
AX1H19.ITM : Opcode 319 à gérer.
dvdispel.spl : AX1H19.ITM : Opcode 146 : Nom du sort introuvable pour dvdispel.spl.
BDAX1H03.ITM : Opcode 319 à gérer.
BDAX1H04.ITM : Opcode 319 à gérer.
BDBLUN04.ITM : Opcode 341 : La ressource BDBLUN04.eff n'existe pas.
BDBOW02.ITM : Opcode 341 : La ressource BDBOW02.eff n'existe pas.
BDBOW03.ITM : Opcode 319 à gérer.
bdfleshr.spl : BDBOW03.ITM : Opcode 146 : Nom du sort introuvable pour bdfleshr.spl.
BDBOW04.ITM : Opcode 326 à gérer.
BDBOW05.ITM : Opcode 319 à gérer.
BDBOW05.ITM : Opcode 326 à gérer.
BDBOW05.ITM : Opcode 326 à gérer.
BDBOW05.ITM : Opcode 326 à gérer.
RNDGEM01.itm : BDDAGG03.ITM : Opcode 122 : Nom de l'objet introuvable pour RNDGEM01.itm.
RNDGEM02.itm : BDDAGG03.ITM : Opcode 122 : Nom de l'objet introuvable pour RNDGEM02.itm.
RNDGEM03.itm : BDDAGG03.ITM : Opcode 122 : Nom de l'objet introuvable pour RNDGEM03.itm.
RNDGEM04.itm : BDDAGG03.ITM : Opcode 122 : Nom de l'objet introuvable pour RNDGEM04.itm.
bddagg05.spl : BDDAGG05.ITM : Opcode 146 : Nom du sort introuvable pour bddagg05.spl.
BDHALB01.ITM : Opcode 361 à gérer.
BDHALB02.ITM : Opcode 341 : La ressource BDFESTER.eff n'existe pas.
bdhalb02.spl : BDHALB02.ITM : Opcode 146 : Nom du sort introuvable pour bdhalb02.spl.
BDHALB03.ITM : Opcode 326 à gérer.
bdvoid.spl : BDHAMM02.ITM : Opcode 146 : Nom du sort introuvable pour bdvoid.spl.
BDHAMM06.ITM : Opcode 361 à gérer.
BDHAMM06.ITM : Opcode 326 à gérer.
bdsper1a.spl : BDSPER01.ITM : Opcode 146 : Nom du sort introuvable pour bdsper1a.spl.
BDSW1H01.ITM : Opcode 232 à gérer.
bdsw1h02.spl : BDSW1H02.ITM : Opcode 146 : Nom du sort introuvable pour bdsw1h02.spl.
BDSW1H03.ITM : Opcode 319 à gérer.
BDSW1H03.ITM : Opcode 341 : La ressource BDSW1H03.eff n'existe pas.
bdvoid.spl : BDSW1H06.ITM : Opcode 146 : Nom du sort introuvable pour bdvoid.spl.
BDSW1H08.ITM : Opcode 319 à gérer.
BDSW1H08.ITM : Opcode 232 à gérer.
BDSW1H14.ITM : Opcode 232 à gérer.
bdsw1h14.spl : BDSW1H14.ITM : Opcode 146 : Nom du sort introuvable pour bdsw1h14.spl.
BDSW1H21.ITM : Opcode 340 à gérer.
bdsw1h21.spl : BDSW1H21.ITM : Opcode 146 : Nom du sort introuvable pour bdsw1h21.spl.
BDSW1H23.ITM : Opcode 319 à gérer.
BDSW2H01.ITM : Opcode 232 à gérer.
BDSW2H01.ITM : Opcode 341 : La ressource BDSW2H01.eff n'existe pas.
BDSW2H02.ITM : Opcode 341 : La ressource BDSW2H02.eff n'existe pas.
BDSW2H03.ITM : Opcode 341 : La ressource BDSW2H03.eff n'existe pas.
BDXBOW01.ITM : Opcode 341 : La ressource BDXBOW01.eff n'existe pas.
bddoom.spl : BDXBOW02.ITM : Opcode 146 : Nom du sort introuvable pour bddoom.spl.
blun02.spl : BLUN02.ITM : Opcode 146 : Nom du sort introuvable pour blun02.spl.
blun04.spl : BLUN04.ITM : Opcode 146 : Nom du sort introuvable pour blun04.spl.
blun06.spl : BLUN06.ITM : Opcode 146 : Nom du sort introuvable pour blun06.spl.
blun08.spl : BLUN08.ITM : Opcode 146 : Nom du sort introuvable pour blun08.spl.
BOW05.ITM : Opcode 319 à gérer.
BOW06.ITM : Opcode 319 à gérer.
BOW08.ITM : Opcode 319 à gérer.
BOW18.ITM : Opcode 319 à gérer.
dagg01.spl : DAGG01.ITM : Opcode 146 : Nom du sort introuvable pour dagg01.spl.
dagg06.spl : DAGG06.ITM : Opcode 146 : Nom du sort introuvable pour dagg06.spl.
dagg07.spl : DAGG07.ITM : Opcode 146 : Nom du sort introuvable pour dagg07.spl.
DAGG09.ITM : Opcode 123 à gérer.
DAGG09A.ITM : Opcode 123 à gérer.
DAGG09B.ITM : Opcode 123 à gérer.
dvaspven.spl : DART05.ITM : Opcode 146 : Nom du sort introuvable pour dvaspven.spl.
DWSW1H01.ITM : Opcode 319 à gérer.
ENSW2H.ITM : Opcode 319 à gérer.
halb01.spl : HALB01.ITM : Opcode 146 : Nom du sort introuvable pour halb01.spl.
halb03.spl : HALB03.ITM : Opcode 146 : Nom du sort introuvable pour halb03.spl.
hamm01.spl : HAMM01.ITM : Opcode 146 : Nom du sort introuvable pour hamm01.spl.
HAMM13.ITM : Opcode 206 : La ressource SPPR309D.spl n'existe pas.
HAMM13.ITM : Opcode 206 : La ressource SPWI203D.spl n'existe pas.
dvtrusee.spl : HAMM13.ITM : Opcode 206 : Nom du sort introuvable pour dvtrusee.spl.
dvkndown.spl : HAMM13.ITM : Opcode 146 : Nom du sort introuvable pour dvkndown.spl.
dvvenom.spl : MISC75.ITM : Opcode 146 : Nom du sort introuvable pour dvvenom.spl.
OHSW1H55.ITM : Opcode 319 à gérer.
sper01.spl : SPER01.ITM : Opcode 146 : Nom du sort introuvable pour sper01.spl.
sw1h01.spl : SW1H01.ITM : Opcode 146 : Nom du sort introuvable pour sw1h01.spl.
sw1h04.spl : SW1H04.ITM : Opcode 146 : Nom du sort introuvable pour sw1h04.spl.
sw1h07.spl : SW1H07.ITM : Opcode 146 : Nom du sort introuvable pour sw1h07.spl.
SW1H09.ITM : Opcode 272 à gérer.
sw1h12.spl : SW1H12.ITM : Opcode 146 : Nom du sort introuvable pour sw1h12.spl.
sw1h17.spl : SW1H17.ITM : Opcode 146 : Nom du sort introuvable pour sw1h17.spl.
SW1H19.ITM : Opcode 272 à gérer.
sw1h20.spl : SW1H20.ITM : Opcode 146 : Nom du sort introuvable pour sw1h20.spl.
SW1H52.ITM : Opcode 319 à gérer.
SW1P01.ITM : Opcode 232 à gérer.
SW1P01.ITM : Opcode 318 self probability à gérer
SW1P01.ITM : Opcode 318 self probability à gérer
sw2h01.spl : SW2H01.ITM : Opcode 146 : Nom du sort introuvable pour sw2h01.spl.
SW2H06.ITM : Opcode 206 : La ressource SPWI215D.spl n'existe pas.
SW2H06.ITM : Opcode 206 : La ressource WAND14.spl n'existe pas.
SW2H06.ITM : Opcode 206 : La ressource WAND14D.spl n'existe pas.
SW2H06.ITM : Opcode 206 : La ressource D0SPIWEB.spl n'existe pas.
SW2H06.ITM : Opcode 206 : La ressource DVWEB.spl n'existe pas.
dvwebb.spl : SW2H06.ITM : Opcode 206 : Nom du sort introuvable pour dvwebb.spl.
SW2H06.ITM : Opcode 206 : La ressource DW#0W215.spl n'existe pas.
SW2H06.ITM : Opcode 206 : La ressource DW#MWEB.spl n'existe pas.
SW2H06.ITM : Opcode 206 : La ressource DW#WEB.spl n'existe pas.
SW2H06.ITM : Opcode 206 : La ressource SPIN175.spl n'existe pas.
SW2H06.ITM : Opcode 206 : La ressource SPIN566.spl n'existe pas.
SW2HD1.ITM : Opcode 232 à gérer.
SW2HD1.ITM : Opcode 232 à gérer.
XBOW01.ITM : Opcode 180 : La ressource SECRET02.itm n'existe pas.
XBOW01.ITM : Opcode 180 : La ressource SECRET03.itm n'existe pas.
XBOW01.ITM : Opcode 180 : La ressource SECRET04.itm n'existe pas.
XBOW02.ITM : Opcode 180 : La ressource SECRET02.itm n'existe pas.
XBOW02.ITM : Opcode 180 : La ressource SECRET03.itm n'existe pas.
XBOW02.ITM : Opcode 180 : La ressource SECRET04.itm n'existe pas.
XBOW03.ITM : Opcode 180 : La ressource SECRET02.itm n'existe pas.
XBOW03.ITM : Opcode 180 : La ressource SECRET03.itm n'existe pas.
XBOW03.ITM : Opcode 180 : La ressource SECRET04.itm n'existe pas.
XBOW04.ITM : Opcode 180 : La ressource SECRET02.itm n'existe pas.
XBOW04.ITM : Opcode 180 : La ressource SECRET03.itm n'existe pas.
XBOW04.ITM : Opcode 180 : La ressource SECRET04.itm n'existe pas.
XBOW05.ITM : Opcode 180 : La ressource SECRET02.itm n'existe pas.
XBOW05.ITM : Opcode 180 : La ressource SECRET03.itm n'existe pas.
XBOW05.ITM : Opcode 180 : La ressource SECRET04.itm n'existe pas.
XBOW06.ITM : Opcode 180 : La ressource SECRET02.itm n'existe pas.
XBOW06.ITM : Opcode 180 : La ressource SECRET03.itm n'existe pas.
XBOW06.ITM : Opcode 180 : La ressource SECRET04.itm n'existe pas.
BDAX1H02.ITM : Opcode 319 à gérer.
BDAX1H02.ITM : Opcode 319 à gérer.
BDAX1H02.ITM : Opcode 318 self à gérer
bdax1h02.spl : BDAX1H02.ITM : Opcode 146 : Nom du sort introuvable pour bdax1h02.spl.
bdax1h02.spl : BDAX1H02.ITM : Opcode 146 : Nom du sort introuvable pour bdax1h02.spl.
BDAX1H05.ITM : Opcode 319 à gérer.
BDAX1H05.ITM : Opcode 319 à gérer.
BDAX1H05.ITM : Opcode 318 self à gérer
bdax1h05.spl : BDAX1H05.ITM : Opcode 146 : Nom du sort introuvable pour bdax1h05.spl.
bdax1h05.spl : BDAX1H05.ITM : Opcode 146 : Nom du sort introuvable pour bdax1h05.spl.
BDBLUN07.ITM : Opcode 340 à gérer.
BLUN38.ITM : Opcode 232 à gérer.
bdshld02.itm : Opcode 232 à gérer.
bdshld04.itm : Opcode 319 à gérer.
bdshld05.itm : Opcode 319 à gérer.
bdshld08.itm : Opcode 232 à gérer.
bdshldca.itm : Opcode 319 à gérer.
shld07.itm : Opcode 272 à gérer.
shld07d.spl : shld07.itm : Opcode 206 : Nom du sort introuvable pour shld07d.spl.
shld07a.itm : Opcode 272 à gérer.
shld07d.spl : shld07a.itm : Opcode 206 : Nom du sort introuvable pour shld07d.spl.
shld08p.itm : Opcode 232 à gérer.
shld08p.itm : Opcode 232 à gérer.
shld08p.itm : Opcode 232 à gérer.
shld08p.itm : Opcode 232 à gérer.
shld08p.itm : Opcode 232 à gérer.
wa2shiel.itm : Opcode 197 : Réflection du type de projectile '320'
HELM05.ITM : Opcode 206 : La ressource HALB06.spl n'existe pas.
HELM35.ITM : Unknown macro: opcode_self_probability_83
BDBOW01.ITM : Opcode 319 à gérer.
BDBOW01.ITM : Opcode 319 à gérer.
BDBOW01.ITM : Opcode 318 self à gérer
bdbow01.spl : BDBOW01.ITM : Opcode 146 : Nom du sort introuvable pour bdbow01.spl.
BDBOW06.ITM : Opcode 319 à gérer.
bdbow06.spl : BDBOW06.ITM : Opcode 146 : Nom du sort introuvable pour bdbow06.spl.
BDSTAF02.ITM : Opcode 319 à gérer.
BDSW1HCA.ITM : Opcode 319 à gérer.
GODBOW.ITM : Opcode 319 à gérer.
spin775.spl : OHREAVER.ITM : Opcode 206 : Nom du sort introuvable pour spin775.spl.
dvsleep.spl : OHREAVER.ITM : Opcode 206 : Nom du sort introuvable pour dvsleep.spl.
dvstun.spl : OHREAVER.ITM : Opcode 206 : Nom du sort introuvable pour dvstun.spl.
dvmindbr.spl : OHREAVER.ITM : Opcode 206 : Nom du sort introuvable pour dvmindbr.spl.
dvfearsm.spl : OHREAVER.ITM : Opcode 206 : Nom du sort introuvable pour dvfearsm.spl.
dvhoples.spl : OHREAVER.ITM : Opcode 206 : Nom du sort introuvable pour dvhoples.spl.
OHREAVER.ITM : Opcode 206 : La ressource HELM32.spl n'existe pas.
OHREAVER.ITM : Opcode 206 : La ressource MISC3M.spl n'existe pas.
OHREAVER.ITM : Opcode 206 : La ressource WA2HARP.spl n'existe pas.
spin775.spl : REAVER.ITM : Opcode 206 : Nom du sort introuvable pour spin775.spl.
dvsleep.spl : REAVER.ITM : Opcode 206 : Nom du sort introuvable pour dvsleep.spl.
dvstun.spl : REAVER.ITM : Opcode 206 : Nom du sort introuvable pour dvstun.spl.
dvmindbr.spl : REAVER.ITM : Opcode 206 : Nom du sort introuvable pour dvmindbr.spl.
dvfearsm.spl : REAVER.ITM : Opcode 206 : Nom du sort introuvable pour dvfearsm.spl.
dvhoples.spl : REAVER.ITM : Opcode 206 : Nom du sort introuvable pour dvhoples.spl.
REAVER.ITM : Opcode 206 : La ressource HELM32.spl n'existe pas.
REAVER.ITM : Opcode 206 : La ressource MISC3M.spl n'existe pas.
REAVER.ITM : Opcode 206 : La ressource WA2HARP.spl n'existe pas.
STAFN1.ITM : Opcode 319 à gérer.
bdshld07.itm : Opcode 319 à gérer.
spin775.spl : amul17.itm : Opcode 206 : Nom du sort introuvable pour spin775.spl.
dvsleep.spl : amul17.itm : Opcode 206 : Nom du sort introuvable pour dvsleep.spl.
dvstun.spl : amul17.itm : Opcode 206 : Nom du sort introuvable pour dvstun.spl.
dvmindbr.spl : amul17.itm : Opcode 206 : Nom du sort introuvable pour dvmindbr.spl.
dvfearsm.spl : amul17.itm : Opcode 206 : Nom du sort introuvable pour dvfearsm.spl.
dvhoples.spl : amul17.itm : Opcode 206 : Nom du sort introuvable pour dvhoples.spl.
amul17.itm : Opcode 206 : La ressource HELM32.spl n'existe pas.
amul17.itm : Opcode 206 : La ressource MISC3M.spl n'existe pas.
amul17.itm : Opcode 206 : La ressource WA2HARP.spl n'existe pas.
amul24.itm : Opcode 318 self à gérer
amul24.itm : Opcode 318 self à gérer
amul24.itm : Opcode 206 : La ressource SPWI889.spl n'existe pas.
amul24.itm : Opcode 206 : La ressource SPPR420.spl n'existe pas.
ax1h01.itm : Opcode 319 à gérer.
ax1h01.spl : ax1h01.itm : Opcode 146 : Nom du sort introuvable pour ax1h01.spl.
ax1h02.itm : Opcode 319 à gérer.
dvkndown.spl : ax1h03.itm : Opcode 146 : Nom du sort introuvable pour dvkndown.spl.
ax1h04.itm : Opcode 319 à gérer.
ax1h05.itm : Opcode 319 à gérer.
ax1h05.itm : Opcode 123 à gérer.
ax1h05a.itm : Opcode 319 à gérer.
ax1h05a.itm : Opcode 123 à gérer.
ax1h05b.itm : Opcode 319 à gérer.
ax1h05b.itm : Opcode 123 à gérer.
ax1h06.itm : Opcode 319 à gérer.
ax1h06.itm : Opcode 123 à gérer.
ax1h06a.itm : Opcode 319 à gérer.
ax1h06a.itm : Opcode 123 à gérer.
ax1h06b.itm : Opcode 319 à gérer.
ax1h06b.itm : Opcode 123 à gérer.
ax1h07.itm : Opcode 319 à gérer.
ax1h11.itm : Opcode 319 à gérer.
ax1h16.itm : Opcode 319 à gérer.
ax1h16.itm : Opcode 123 à gérer.
ax1h16a.itm : Opcode 319 à gérer.
ax1h16a.itm : Opcode 123 à gérer.
ax1h16b.itm : Opcode 319 à gérer.
ax1h16b.itm : Opcode 123 à gérer.
ax1h17.itm : Opcode 319 à gérer.
ax1h18.itm : Opcode 319 à gérer.
ax1h19.itm : Opcode 319 à gérer.
dvdispel.spl : ax1h19.itm : Opcode 146 : Nom du sort introuvable pour dvdispel.spl.
belt10.itm : Opcode 272 à gérer.
blun02.spl : blun02.itm : Opcode 146 : Nom du sort introuvable pour blun02.spl.
blun04.spl : blun04.itm : Opcode 146 : Nom du sort introuvable pour blun04.spl.
blun06.spl : blun06.itm : Opcode 146 : Nom du sort introuvable pour blun06.spl.
blun08.spl : blun08.itm : Opcode 146 : Nom du sort introuvable pour blun08.spl.
blun38.itm : Opcode 232 à gérer.
boot08.itm : Opcode 272 à gérer.
boot11.itm : Opcode 206 : La ressource SPWI505D.spl n'existe pas.
boot11.itm : Opcode 206 : La ressource HELM30A.spl n'existe pas.
boot11.itm : Opcode 206 : La ressource OHBDEMI3.spl n'existe pas.
boot12.itm : Opcode 272 à gérer.
bow05.itm : Opcode 319 à gérer.
bow06.itm : Opcode 319 à gérer.
bow08.itm : Opcode 319 à gérer.
bow18.itm : Opcode 319 à gérer.
dvexhaus.spl : BRAC11.eff : Opcode 146 : Nom du sort introuvable pour dvexhaus.spl.
dvexhaus.spl : BRAC11.eff : Opcode 146 : Nom du sort introuvable pour dvexhaus.spl.
brac18.itm : Opcode 83 : Type de projectile '376'
brac18.itm : Opcode 83 : Type de projectile '318'
brac18.itm : Opcode 83 : Type de projectile '317'
brac18.itm : Opcode 83 : Type de projectile '316'
brac18.itm : Opcode 83 : Type de projectile '314'
brac18.itm : Opcode 83 : Type de projectile '313'
brac18.itm : Opcode 83 : Type de projectile '312'
brac18.itm : Opcode 83 : Type de projectile '310'
brac18.itm : Opcode 83 : Type de projectile '309'
brac18.itm : Opcode 83 : Type de projectile '308'
brac18.itm : Opcode 83 : Type de projectile '307'
brac18.itm : Opcode 83 : Type de projectile '306'
brac18.itm : Opcode 83 : Type de projectile '305'
brac18.itm : Opcode 83 : Type de projectile '304'
brac18.itm : Opcode 83 : Type de projectile '303'
brac18.itm : Opcode 83 : Type de projectile '302'
brac18.itm : Opcode 83 : Type de projectile '301'
brac18.itm : Opcode 83 : Type de projectile '300'
brac18.itm : Opcode 83 : Type de projectile '298'
brac18.itm : Opcode 83 : Type de projectile '297'
brac18.itm : Opcode 83 : Type de projectile '296'
brac18.itm : Opcode 83 : Type de projectile '295'
brac18.itm : Opcode 83 : Type de projectile '294'
brac18.itm : Opcode 83 : Type de projectile '293'
brac18.itm : Opcode 83 : Type de projectile '292'
brac18.itm : Opcode 83 : Type de projectile '291'
brac18.itm : Opcode 83 : Type de projectile '290'
brac18.itm : Opcode 83 : Type de projectile '289'
brac18.itm : Opcode 83 : Type de projectile '288'
brac18.itm : Opcode 83 : Type de projectile '287'
brac18.itm : Opcode 83 : Type de projectile '286'
brac18.itm : Opcode 83 : Type de projectile '284'
brac18.itm : Opcode 83 : Type de projectile '283'
brac18.itm : Opcode 83 : Type de projectile '11'
brac18.itm : Opcode 83 : Type de projectile '15'
brac18.itm : Opcode 83 : Type de projectile '20'
brac18.itm : Opcode 83 : Type de projectile '101'
brac18.itm : Opcode 83 : Type de projectile '257'
brac18.itm : Opcode 83 : Type de projectile '270'
clck03.itm : Opcode 232 à gérer.
clck06.itm : Opcode 206 : La ressource SPPR309D.spl n'existe pas.
clck06.itm : Opcode 206 : La ressource SPWI203D.spl n'existe pas.
clck06.itm : Opcode 206 : La ressource DVDINVIS.spl n'existe pas.
dagg01.spl : dagg01.itm : Opcode 146 : Nom du sort introuvable pour dagg01.spl.
dagg06.spl : dagg06.itm : Opcode 146 : Nom du sort introuvable pour dagg06.spl.
dagg07.spl : dagg07.itm : Opcode 146 : Nom du sort introuvable pour dagg07.spl.
dagg09.itm : Opcode 123 à gérer.
dagg09a.itm : Opcode 123 à gérer.
dagg09b.itm : Opcode 123 à gérer.
dvaspven.spl : dart05.itm : Opcode 146 : Nom du sort introuvable pour dvaspven.spl.
dwsw1h01.itm : Opcode 319 à gérer.
halb01.spl : halb01.itm : Opcode 146 : Nom du sort introuvable pour halb01.spl.
halb03.spl : halb03.itm : Opcode 146 : Nom du sort introuvable pour halb03.spl.
hamm01.spl : hamm01.itm : Opcode 146 : Nom du sort introuvable pour hamm01.spl.
hamm13.itm : Opcode 206 : La ressource SPPR309D.spl n'existe pas.
hamm13.itm : Opcode 206 : La ressource SPWI203D.spl n'existe pas.
dvtrusee.spl : hamm13.itm : Opcode 206 : Nom du sort introuvable pour dvtrusee.spl.
dvkndown.spl : hamm13.itm : Opcode 146 : Nom du sort introuvable pour dvkndown.spl.
helm05.itm : Opcode 206 : La ressource HALB06.spl n'existe pas.
dvvenom.spl : misc75.itm : Opcode 146 : Nom du sort introuvable pour dvvenom.spl.
spin775.spl : ohreaver.itm : Opcode 206 : Nom du sort introuvable pour spin775.spl.
dvsleep.spl : ohreaver.itm : Opcode 206 : Nom du sort introuvable pour dvsleep.spl.
dvstun.spl : ohreaver.itm : Opcode 206 : Nom du sort introuvable pour dvstun.spl.
dvmindbr.spl : ohreaver.itm : Opcode 206 : Nom du sort introuvable pour dvmindbr.spl.
dvfearsm.spl : ohreaver.itm : Opcode 206 : Nom du sort introuvable pour dvfearsm.spl.
dvhoples.spl : ohreaver.itm : Opcode 206 : Nom du sort introuvable pour dvhoples.spl.
ohreaver.itm : Opcode 206 : La ressource HELM32.spl n'existe pas.
ohreaver.itm : Opcode 206 : La ressource MISC3M.spl n'existe pas.
ohreaver.itm : Opcode 206 : La ressource WA2HARP.spl n'existe pas.
ohsw1h55.itm : Opcode 319 à gérer.
spin775.spl : reaver.itm : Opcode 206 : Nom du sort introuvable pour spin775.spl.
dvsleep.spl : reaver.itm : Opcode 206 : Nom du sort introuvable pour dvsleep.spl.
dvstun.spl : reaver.itm : Opcode 206 : Nom du sort introuvable pour dvstun.spl.
dvmindbr.spl : reaver.itm : Opcode 206 : Nom du sort introuvable pour dvmindbr.spl.
dvfearsm.spl : reaver.itm : Opcode 206 : Nom du sort introuvable pour dvfearsm.spl.
dvhoples.spl : reaver.itm : Opcode 206 : Nom du sort introuvable pour dvhoples.spl.
reaver.itm : Opcode 206 : La ressource HELM32.spl n'existe pas.
reaver.itm : Opcode 206 : La ressource MISC3M.spl n'existe pas.
reaver.itm : Opcode 206 : La ressource WA2HARP.spl n'existe pas.
rsboot.itm : Opcode 319 à gérer.
rsbrac.itm : Opcode 319 à gérer.
sper01.spl : sper01.itm : Opcode 146 : Nom du sort introuvable pour sper01.spl.
stafn1.itm : Opcode 319 à gérer.
sw1h01.spl : sw1h01.itm : Opcode 146 : Nom du sort introuvable pour sw1h01.spl.
sw1h04.spl : sw1h04.itm : Opcode 146 : Nom du sort introuvable pour sw1h04.spl.
sw1h07.spl : sw1h07.itm : Opcode 146 : Nom du sort introuvable pour sw1h07.spl.
sw1h09.itm : Opcode 272 à gérer.
sw1h12.spl : sw1h12.itm : Opcode 146 : Nom du sort introuvable pour sw1h12.spl.
sw1h17.spl : sw1h17.itm : Opcode 146 : Nom du sort introuvable pour sw1h17.spl.
sw1h19.itm : Opcode 272 à gérer.
sw1h20.spl : sw1h20.itm : Opcode 146 : Nom du sort introuvable pour sw1h20.spl.
sw1h52.itm : Opcode 319 à gérer.
sw2h01.spl : sw2h01.itm : Opcode 146 : Nom du sort introuvable pour sw2h01.spl.
sw2h06.itm : Opcode 206 : La ressource SPWI215D.spl n'existe pas.
sw2h06.itm : Opcode 206 : La ressource WAND14.spl n'existe pas.
sw2h06.itm : Opcode 206 : La ressource WAND14D.spl n'existe pas.
sw2h06.itm : Opcode 206 : La ressource D0SPIWEB.spl n'existe pas.
sw2h06.itm : Opcode 206 : La ressource DVWEB.spl n'existe pas.
dvwebb.spl : sw2h06.itm : Opcode 206 : Nom du sort introuvable pour dvwebb.spl.
sw2h06.itm : Opcode 206 : La ressource DW#0W215.spl n'existe pas.
sw2h06.itm : Opcode 206 : La ressource DW#MWEB.spl n'existe pas.
sw2h06.itm : Opcode 206 : La ressource DW#WEB.spl n'existe pas.
sw2h06.itm : Opcode 206 : La ressource SPIN175.spl n'existe pas.
sw2h06.itm : Opcode 206 : La ressource SPIN566.spl n'existe pas.
sw2hd1.itm : Opcode 232 à gérer.
sw2hd1.itm : Opcode 232 à gérer.
xbow01.itm : Opcode 180 : La ressource SECRET02.itm n'existe pas.
xbow01.itm : Opcode 180 : La ressource SECRET03.itm n'existe pas.
xbow01.itm : Opcode 180 : La ressource SECRET04.itm n'existe pas.
xbow02.itm : Opcode 180 : La ressource SECRET02.itm n'existe pas.
xbow02.itm : Opcode 180 : La ressource SECRET03.itm n'existe pas.
xbow02.itm : Opcode 180 : La ressource SECRET04.itm n'existe pas.
xbow03.itm : Opcode 180 : La ressource SECRET02.itm n'existe pas.
xbow03.itm : Opcode 180 : La ressource SECRET03.itm n'existe pas.
xbow03.itm : Opcode 180 : La ressource SECRET04.itm n'existe pas.
xbow04.itm : Opcode 180 : La ressource SECRET02.itm n'existe pas.
xbow04.itm : Opcode 180 : La ressource SECRET03.itm n'existe pas.
xbow04.itm : Opcode 180 : La ressource SECRET04.itm n'existe pas.
xbow05.itm : Opcode 180 : La ressource SECRET02.itm n'existe pas.
xbow05.itm : Opcode 180 : La ressource SECRET03.itm n'existe pas.
xbow05.itm : Opcode 180 : La ressource SECRET04.itm n'existe pas.
xbow06.itm : Opcode 180 : La ressource SECRET02.itm n'existe pas.
xbow06.itm : Opcode 180 : La ressource SECRET03.itm n'existe pas.
xbow06.itm : Opcode 180 : La ressource SECRET04.itm n'existe pas.
