	
ABAZRING.ITM : Opcode 206 : La ressource cdsw1h58.spl n'existe pas.
ABAZRING.ITM : Opcode 206 : La ressource cdmound.spl n'existe pas.
ABAZRING.ITM : Opcode 206 : La ressource cdhgnya1.spl n'existe pas.
AEGIS2.ITM : Opcode 123 à gérer.
AEGIS2A.ITM : Opcode 123 à gérer.
AEGIS2B.ITM : Opcode 123 à gérer.
ALDETH.ITM : Opcode 206 : La ressource cdsw1h58.spl n'existe pas.
ALDETH.ITM : Opcode 206 : La ressource cdmound.spl n'existe pas.
ALDETH.ITM : Opcode 206 : La ressource cdhgnya1.spl n'existe pas.
AMUL24.ITM : Opcode 318 : self avec parameter1 et parameter2 différent de 0
AMUL24.ITM : Opcode 318 : self avec parameter1 et parameter2 différent de 0
AMUL24.ITM : Opcode 206 : La ressource spwi889.spl n'existe pas.
AMUL24.ITM : Opcode 206 : La ressource sppr420.spl n'existe pas.
AMUL27.ITM : Opcode 233: Proficiency not found : 117
ARROPHEO.ITM : Opcode 67 : La ressource pheogurd.cre n'existe pas.
ARROPHEO.ITM : Opcode 67 : La ressource pheogurd.cre n'existe pas.
AX1H05.ITM : Opcode 123 à gérer.
AX1H05A.ITM : Opcode 123 à gérer.
AX1H05B.ITM : Opcode 123 à gérer.
AX1H06.ITM : Opcode 123 à gérer.
AX1H06A.ITM : Opcode 123 à gérer.
AX1H06B.ITM : Opcode 123 à gérer.
AX1H08.ITM : Opcode 123 à gérer.
AX1H08A.ITM : Opcode 123 à gérer.
AX1H08B.ITM : Opcode 123 à gérer.
AX1H09.ITM : Opcode 123 à gérer.
AX1H09A.ITM : Opcode 123 à gérer.
AX1H09B.ITM : Opcode 123 à gérer.
AX1H10.ITM : Opcode 123 à gérer.
AX1H10A.ITM : Opcode 123 à gérer.
AX1H10B.ITM : Opcode 123 à gérer.
AX1H16.ITM : Opcode 123 à gérer.
AX1H16A.ITM : Opcode 123 à gérer.
AX1H16B.ITM : Opcode 123 à gérer.
BAZPATRG.ITM : Opcode 206 : La ressource cdsw1h58.spl n'existe pas.
BAZPATRG.ITM : Opcode 206 : La ressource cdmound.spl n'existe pas.
BAZPATRG.ITM : Opcode 206 : La ressource cdhgnya1.spl n'existe pas.
BDSPIRIM.ITM : Opcode 206 : La ressource bdbeldis.spl n'existe pas.
BDSPNAIM.ITM : Opcode 206 : La ressource bdbeldis.spl n'existe pas.
BEHOLDER.ITM : Opcode 206 : La ressource cdsw1h58.spl n'existe pas.
BEHOLDER.ITM : Opcode 206 : La ressource cdmound.spl n'existe pas.
BEHOLDER.ITM : Opcode 206 : La ressource cdhgnya1.spl n'existe pas.
BLUN38.ITM : Opcode 232 : La ressource blun38.spl n'existe pas.
BLUN38.ITM : La ressource BLUN38.spl n'existe pas.
BOOT07.ITM : Opcode 206 : La ressource dvshille.spl n'existe pas.
BOOT07.ITM : Opcode 206 : La ressource sppr105d.spl n'existe pas.
BOOT11.ITM : Opcode 206 : La ressource spwi505d.spl n'existe pas.
BOOT11.ITM : Opcode 206 : La ressource helm30a.spl n'existe pas.
BRAC18.ITM : Opcode 83 : Type de projectile '357'
BRAC18.ITM : Opcode 83 : Type de projectile '312'
BRAC18.ITM : Opcode 83 : Type de projectile '11'
BRAC18.ITM : Opcode 83 : Type de projectile '15'
BRAC18.ITM : Opcode 83 : Type de projectile '20'
BRAC18.ITM : Opcode 83 : Type de projectile '101'
BRAC18.ITM : Opcode 83 : Type de projectile '257'
BRAC18.ITM : Opcode 83 : Type de projectile '270'
CDHGTRL.ITM : Opcode 112 à gérer.
CDHGTRL.ITM : Opcode 112 à gérer.
CDTORGAL.ITM : Opcode 112 à gérer.
CDTORGAL.ITM : Opcode 112 à gérer.
CDTRLBLZ.ITM : Opcode 112 à gérer.
CDTRLBLZ.ITM : Opcode 112 à gérer.
CHALCY3.ITM : Opcode 321 : La ressource spwi205.itm n'existe pas.
CHALCY3.ITM : Opcode 321 : La ressource spin105.itm n'existe pas.
CHAN09.ITM : Opcode 206 : La ressource dvstench.spl n'existe pas.
CHAN10.ITM : Opcode 206 : La ressource dvprism.spl n'existe pas.
CHAN10.ITM : Opcode 206 : La ressource spwi105d.spl n'existe pas.
CHAN10.ITM : Opcode 206 : La ressource spwi714d.spl n'existe pas.
CLCK06.ITM : Opcode 206 : La ressource sppr309d.spl n'existe pas.
CLCK06.ITM : Opcode 206 : La ressource spwi203d.spl n'existe pas.
CLCK06.ITM : Opcode 206 : La ressource dvdinvis.spl n'existe pas.
CLCK23.ITM : Opcode 206 : La ressource bdspidga.spl n'existe pas.
CLCK23.ITM : Opcode 206 : La ressource spwi215d.spl n'existe pas.
CLCK23.ITM : Opcode 206 : La ressource wand14d.spl n'existe pas.
CLCK23.ITM : Opcode 206 : La ressource d0spiweb.spl n'existe pas.
CLCK23.ITM : Opcode 206 : La ressource dvweb.spl n'existe pas.
CLCK23.ITM : Opcode 206 : La ressource dw#0w215.spl n'existe pas.
CLCK23.ITM : Opcode 206 : La ressource dw#mweb.spl n'existe pas.
CLCK23.ITM : Opcode 206 : La ressource dw#web.spl n'existe pas.
CLCK27.ITM : Opcode 206 : La ressource dvstench.spl n'existe pas.
DAGG09.ITM : Opcode 123 à gérer.
DAGG09A.ITM : Opcode 123 à gérer.
DAGG09B.ITM : Opcode 123 à gérer.
DAGG11.ITM : Opcode 123 à gérer.
DAGG11A.ITM : Opcode 123 à gérer.
DAGG11B.ITM : Opcode 123 à gérer.
DAGG12.ITM : Opcode 123 à gérer.
DAGG12A.ITM : Opcode 123 à gérer.
DAGG12B.ITM : Opcode 123 à gérer.
DAGG22.ITM : Opcode 123 à gérer.
DAGG22A.ITM : Opcode 123 à gérer.
DRAGRING.ITM : Opcode 206 : La ressource cdsw1h58.spl n'existe pas.
DRAGRING.ITM : Opcode 206 : La ressource cdmound.spl n'existe pas.
DRAGRING.ITM : Opcode 206 : La ressource cdhgnya1.spl n'existe pas.
DVJELLY.ITM : Opcode 206 : La ressource spwi889.spl n'existe pas.
ETTERC.ITM : Opcode 318 : self avec parameter1 et parameter2 différent de 0
ETTERC.ITM : Opcode 318 : self avec parameter1 et parameter2 différent de 0
FREERING.ITM : Opcode 206 : La ressource cdsw1h58.spl n'existe pas.
FREERING.ITM : Opcode 206 : La ressource cdmound.spl n'existe pas.
FREERING.ITM : Opcode 206 : La ressource cdhgnya1.spl n'existe pas.
FSSPIR.ITM : Opcode 206 : La ressource cdsw1h58.spl n'existe pas.
FSSPIR.ITM : Opcode 206 : La ressource cdmound.spl n'existe pas.
FSSPIR.ITM : Opcode 206 : La ressource cdhgnya1.spl n'existe pas.
GBASIL.ITM : Opcode 318 : self avec parameter1 et parameter2 différent de 0
GBASIL.ITM : Opcode 318 : self avec parameter1 et parameter2 différent de 0
GISPID.ITM : Opcode 318 : self avec parameter1 et parameter2 différent de 0
GISPID.ITM : Opcode 318 : self avec parameter1 et parameter2 différent de 0
GORCHR.ITM : Opcode 206 : La ressource cdsw1h58.spl n'existe pas.
GORCHR.ITM : Opcode 206 : La ressource cdmound.spl n'existe pas.
GORCHR.ITM : Opcode 206 : La ressource cdhgnya1.spl n'existe pas.
HALB09.ITM : Opcode 206 : La ressource spwi812d.spl n'existe pas.
HAMM06.ITM : Opcode 123 à gérer.
HAMM06A.ITM : Opcode 123 à gérer.
HAMM06B.ITM : Opcode 123 à gérer.
HAMM09.ITM : Opcode 123 à gérer.
HAMM09A.ITM : Opcode 123 à gérer.
HAMM13.ITM : Opcode 206 : La ressource sppr309d.spl n'existe pas.
HAMM13.ITM : Opcode 206 : La ressource spwi203d.spl n'existe pas.
HARM.ITM : FAILURE: opcode 12: Failure("HARM.ITM : Type de degat '4194305' pour le opcode 12 pas encore gere")
HELM29.ITM : Opcode 206 : La ressource sppr309d.spl n'existe pas.
HELM29.ITM : Opcode 206 : La ressource spwi203d.spl n'existe pas.
HELM29.ITM : Opcode 206 : La ressource dvdinvis.spl n'existe pas.
HELM30.ITM : Opcode 206 : La ressource sppr309d.spl n'existe pas.
HELM30.ITM : Opcode 206 : La ressource spwi203d.spl n'existe pas.
HELM30.ITM : Opcode 206 : La ressource dvdinvis.spl n'existe pas.
HOLDRING.ITM : Opcode 206 : La ressource cdsw1h58.spl n'existe pas.
HOLDRING.ITM : Opcode 206 : La ressource cdmound.spl n'existe pas.
HOLDRING.ITM : Opcode 206 : La ressource cdhgnya1.spl n'existe pas.
HUSPID.ITM : Opcode 318 : self avec parameter1 et parameter2 différent de 0
HUSPID.ITM : Opcode 318 : self avec parameter1 et parameter2 différent de 0
IMMCLOUD.ITM : Opcode 83 : Type de projectile '94'
IMMUNE3.ITM : Opcode 233: Proficiency not found : 128
IMMUNE4.ITM : Opcode 233: Proficiency not found : 128
INVULNER.ITM : Opcode 206 : La ressource cdsw1h58.spl n'existe pas.
INVULNER.ITM : Opcode 206 : La ressource cdmound.spl n'existe pas.
INVULNER.ITM : Opcode 206 : La ressource cdhgnya1.spl n'existe pas.
IPSION.ITM : Opcode 321 : La ressource spwi205.itm n'existe pas.
IPSION.ITM : Opcode 321 : La ressource spin105.itm n'existe pas.
JWSUPER.ITM : Opcode 206 : La ressource cdsw1h58.spl n'existe pas.
JWSUPER.ITM : Opcode 206 : La ressource cdmound.spl n'existe pas.
JWSUPER.ITM : Opcode 206 : La ressource cdhgnya1.spl n'existe pas.
LEAT24.ITM : Opcode 206 : La ressource spwi105e.spl n'existe pas.
MAGE05.ITM : Opcode 206 : La ressource cdsw1h58.spl n'existe pas.
MAGE05.ITM : Opcode 206 : La ressource cdmound.spl n'existe pas.
MAGE05.ITM : Opcode 206 : La ressource cdhgnya1.spl n'existe pas.
MDOG1.ITM : Opcode 206 : La ressource mummydsp.spl n'existe pas.
MISC5X.ITM : Opcode 206 : La ressource sppr309d.spl n'existe pas.
MISC5X.ITM : Opcode 206 : La ressource spwi203d.spl n'existe pas.
MISC5X.ITM : Opcode 206 : La ressource dvdinvis.spl n'existe pas.
MISC8J.ITM : Opcode 206 : La ressource rr#dpdis.spl n'existe pas.
MISC8J.ITM : Opcode 206 : La ressource fl#csdis.spl n'existe pas.
NPCHAN.ITM : Opcode 206 : La ressource sppr309d.spl n'existe pas.
NPCHAN.ITM : Opcode 206 : La ressource spwi203d.spl n'existe pas.
NPCHAN.ITM : Opcode 206 : La ressource dvdinvis.spl n'existe pas.
NPCLCK.ITM : Opcode 206 : La ressource sppr517d.spl n'existe pas.
NPCLCK.ITM : Opcode 206 : La ressource sppr717d.spl n'existe pas.
OBJRING.ITM : Opcode 206 : La ressource cdsw1h58.spl n'existe pas.
OBJRING.ITM : Opcode 206 : La ressource cdmound.spl n'existe pas.
OBJRING.ITM : Opcode 206 : La ressource cdhgnya1.spl n'existe pas.
OHBDTRAI.ITM : Opcode 206 : La ressource sppr215.spl n'existe pas.
OHBETRAI.ITM : Opcode 206 : La ressource sppr215.spl n'existe pas.
OHRWILC1.ITM : Opcode 233: Proficiency not found : 108
OHRWILC2.ITM : Opcode 233: Proficiency not found : 108
OHRWILC3.ITM : Opcode 233: Proficiency not found : 108
OHRWILC4.ITM : Opcode 233: Proficiency not found : 108
OHRWILC5.ITM : Opcode 233: Proficiency not found : 108
PALRING.ITM : Opcode 206 : La ressource cdsw1h58.spl n'existe pas.
PALRING.ITM : Opcode 206 : La ressource cdmound.spl n'existe pas.
PALRING.ITM : Opcode 206 : La ressource cdhgnya1.spl n'existe pas.
PHSPID.ITM : Opcode 318 : self avec parameter1 et parameter2 différent de 0
PHSPID.ITM : Opcode 318 : self avec parameter1 et parameter2 différent de 0
PLAT08.ITM : Opcode 233: Proficiency not found : 117
PLAT17.ITM : Opcode 206 : La ressource sppr215.spl n'existe pas.
PLYJELLY.ITM : Opcode 318 : La ressource wand13.spl n'existe pas.
PLYWYVRN.ITM : Opcode 206 : La ressource cdhgnya1.spl n'existe pas.
PLYWYVRN.ITM : Opcode 206 : La ressource cdmound.spl n'existe pas.
PLYWYVRN.ITM : Opcode 206 : La ressource cdsw1h58.spl n'existe pas.
RING28.ITM : Opcode 206 : La ressource spwi213d.spl n'existe pas.
RING28.ITM : Opcode 206 : La ressource spwi502d.spl n'existe pas.
RING28.ITM : Opcode 206 : La ressource spwi614d.spl n'existe pas.
RING28.ITM : Opcode 206 : La ressource spwi810d.spl n'existe pas.
RING28.ITM : Opcode 206 : La ressource wand13.spl n'existe pas.
RING28.ITM : Opcode 206 : La ressource dvckill2.spl n'existe pas.
RING42.ITM : Opcode 206 : La ressource sppr519.spl n'existe pas.
RING47.ITM : Opcode 283 : La ressource ZOMBIE.eff n'existe pas.
RING97.ITM : Opcode 206 : La ressource cdsw1h58.spl n'existe pas.
RING97.ITM : Opcode 206 : La ressource cdmound.spl n'existe pas.
RING97.ITM : Opcode 206 : La ressource cdhgnya1.spl n'existe pas.
RODAXE.ITM : Opcode 123 à gérer.
RODAXE.ITM : Opcode 123 à gérer.
RODAXE.ITM : Opcode 123 à gérer.
RODAXE.ITM : Opcode 123 à gérer.
RODMACE.ITM : Opcode 123 à gérer.
RODMACE.ITM : Opcode 123 à gérer.
RODMACE.ITM : Opcode 123 à gérer.
RODMACE.ITM : Opcode 123 à gérer.
RODS02.ITM : Opcode 123 à gérer.
RODS02.ITM : Opcode 123 à gérer.
RODS02.ITM : Opcode 123 à gérer.
RODS02.ITM : Opcode 123 à gérer.
RODS02A.ITM : Opcode 123 à gérer.
RODS02A.ITM : Opcode 123 à gérer.
RODS02A.ITM : Opcode 123 à gérer.
RODS02A.ITM : Opcode 123 à gérer.
RODSPEAR.ITM : Opcode 123 à gérer.
RODSPEAR.ITM : Opcode 123 à gérer.
RODSPEAR.ITM : Opcode 123 à gérer.
RODSPEAR.ITM : Opcode 123 à gérer.
RODSWORD.ITM : Opcode 123 à gérer.
RODSWORD.ITM : Opcode 123 à gérer.
RODSWORD.ITM : Opcode 123 à gérer.
RODSWORD.ITM : Opcode 123 à gérer.
ROSSRING.ITM : Opcode 206 : La ressource cdsw1h58.spl n'existe pas.
ROSSRING.ITM : Opcode 206 : La ressource cdmound.spl n'existe pas.
ROSSRING.ITM : Opcode 206 : La ressource cdhgnya1.spl n'existe pas.
SECRET01.ITM : Opcode 180 : La ressource DVENBOLT.itm n'existe pas.
SHALT01.ITM : Opcode 206 : La ressource cdsw1h58.spl n'existe pas.
SHALT01.ITM : Opcode 206 : La ressource cdmound.spl n'existe pas.
SHALT01.ITM : Opcode 206 : La ressource cdhgnya1.spl n'existe pas.
SHLD24.ITM : Opcode 83 : Type de projectile '357'
SHLD24.ITM : Opcode 83 : Type de projectile '312'
SHLD24.ITM : Opcode 83 : Type de projectile '11'
SHLD24.ITM : Opcode 83 : Type de projectile '15'
SHLD24.ITM : Opcode 83 : Type de projectile '20'
SHLD24.ITM : Opcode 83 : Type de projectile '101'
SHLD24.ITM : Opcode 83 : Type de projectile '257'
SHLD24.ITM : Opcode 83 : Type de projectile '270'
SPRNGB03.ITM : Opcode 206 : La ressource cdsw1h58.spl n'existe pas.
SPRNGB03.ITM : Opcode 206 : La ressource cdmound.spl n'existe pas.
SPRNGB03.ITM : Opcode 206 : La ressource cdhgnya1.spl n'existe pas.
SPRNGB04.ITM : Opcode 206 : La ressource cdsw1h58.spl n'existe pas.
SPRNGB04.ITM : Opcode 206 : La ressource cdmound.spl n'existe pas.
SPRNGB04.ITM : Opcode 206 : La ressource cdhgnya1.spl n'existe pas.
SPRNGL03.ITM : Opcode 206 : La ressource cdsw1h58.spl n'existe pas.
SPRNGL03.ITM : Opcode 206 : La ressource cdmound.spl n'existe pas.
SPRNGL03.ITM : Opcode 206 : La ressource cdhgnya1.spl n'existe pas.
SPRNGL04.ITM : Opcode 206 : La ressource cdsw1h58.spl n'existe pas.
SPRNGL04.ITM : Opcode 206 : La ressource cdmound.spl n'existe pas.
SPRNGL04.ITM : Opcode 206 : La ressource cdhgnya1.spl n'existe pas.
SPRNGS01.ITM : Opcode 206 : La ressource cdsw1h58.spl n'existe pas.
SPRNGS01.ITM : Opcode 206 : La ressource cdmound.spl n'existe pas.
SPRNGS01.ITM : Opcode 206 : La ressource cdhgnya1.spl n'existe pas.
SPRNGS02.ITM : Opcode 206 : La ressource cdsw1h58.spl n'existe pas.
SPRNGS02.ITM : Opcode 206 : La ressource cdmound.spl n'existe pas.
SPRNGS02.ITM : Opcode 206 : La ressource cdhgnya1.spl n'existe pas.
SPRNGS03.ITM : Opcode 206 : La ressource cdsw1h58.spl n'existe pas.
SPRNGS03.ITM : Opcode 206 : La ressource cdmound.spl n'existe pas.
SPRNGS03.ITM : Opcode 206 : La ressource cdhgnya1.spl n'existe pas.
SPRNGS04.ITM : Opcode 206 : La ressource cdsw1h58.spl n'existe pas.
SPRNGS04.ITM : Opcode 206 : La ressource cdmound.spl n'existe pas.
SPRNGS04.ITM : Opcode 206 : La ressource cdhgnya1.spl n'existe pas.
SPRNGZ05.ITM : Opcode 206 : La ressource cdsw1h58.spl n'existe pas.
SPRNGZ05.ITM : Opcode 206 : La ressource cdmound.spl n'existe pas.
SPRNGZ05.ITM : Opcode 206 : La ressource cdhgnya1.spl n'existe pas.
STAF11.ITM : Opcode 206 : La ressource sppr121.spl n'existe pas.
STAF11.ITM : Opcode 206 : La ressource spwi505d.spl n'existe pas.
STAF11.ITM : Opcode 233: Proficiency not found : 118
STAF20.ITM : Opcode 206 : La ressource rr#curse.spl n'existe pas.
SUREHP1.ITM : Opcode 206 : La ressource cdsw1h58.spl n'existe pas.
SUREHP1.ITM : Opcode 206 : La ressource cdmound.spl n'existe pas.
SUREHP1.ITM : Opcode 206 : La ressource cdhgnya1.spl n'existe pas.
SW1H27.ITM : Opcode 206 : La ressource bdspidga.spl n'existe pas.
SW1H27.ITM : Opcode 206 : La ressource spwi215d.spl n'existe pas.
SW1H27.ITM : Opcode 206 : La ressource wand14d.spl n'existe pas.
SW1H27.ITM : Opcode 206 : La ressource d0spiweb.spl n'existe pas.
SW1H27.ITM : Opcode 206 : La ressource dvweb.spl n'existe pas.
SW1H27.ITM : Opcode 206 : La ressource dw#0w215.spl n'existe pas.
SW1H27.ITM : Opcode 206 : La ressource dw#mweb.spl n'existe pas.
SW1H27.ITM : Opcode 206 : La ressource dw#web.spl n'existe pas.
SW1H33.ITM : Opcode 112 à gérer.
SW1H33A.ITM : Opcode 112 à gérer.
SW1H68C.ITM : Opcode 112 à gérer.
SW1H69C.ITM : Opcode 112 à gérer.
SW2H06.ITM : Opcode 206 : La ressource bdspidga.spl n'existe pas.
SW2H06.ITM : Opcode 206 : La ressource spwi215d.spl n'existe pas.
SW2H06.ITM : Opcode 206 : La ressource wand14d.spl n'existe pas.
SW2H06.ITM : Opcode 206 : La ressource d0spiweb.spl n'existe pas.
SW2H06.ITM : Opcode 206 : La ressource dvweb.spl n'existe pas.
SW2H06.ITM : Opcode 206 : La ressource dw#0w215.spl n'existe pas.
SW2H06.ITM : Opcode 206 : La ressource dw#mweb.spl n'existe pas.
SW2H06.ITM : Opcode 206 : La ressource dw#web.spl n'existe pas.
SW2H06.ITM : Opcode 206 : La ressource spin175.spl n'existe pas.
SW2H13.ITM : Opcode 206 : La ressource bdspidga.spl n'existe pas.
SW2H13.ITM : Opcode 206 : La ressource spwi215d.spl n'existe pas.
SW2H13.ITM : Opcode 206 : La ressource wand14d.spl n'existe pas.
SW2H13.ITM : Opcode 206 : La ressource d0spiweb.spl n'existe pas.
SW2H13.ITM : Opcode 206 : La ressource dvweb.spl n'existe pas.
SW2H13.ITM : Opcode 206 : La ressource dw#0w215.spl n'existe pas.
SW2H13.ITM : Opcode 206 : La ressource dw#mweb.spl n'existe pas.
SW2H13.ITM : Opcode 206 : La ressource dw#web.spl n'existe pas.
SW2H13.ITM : Opcode 206 : La ressource spin175.spl n'existe pas.
SW2HD1.ITM : Opcode 321 : La ressource ohdsw1.itm n'existe pas.
SW2HD1.ITM : Opcode 321 : no names of spells or items found
SW2HD1.ITM : Opcode 321 : La ressource ohdsw1.itm n'existe pas.
SW2HD1.ITM : Opcode 321 : no names of spells or items found
TROLLREG.ITM : Opcode 112 à gérer.
TROLLREG.ITM : Opcode 112 à gérer.
XBOW15.ITM : Opcode 180 : La ressource DVENBOLT.itm n'existe pas.
XBOW16.ITM : Opcode 180 : La ressource DVENBOLT.itm n'existe pas.
