	
AMUL17.ITM : Opcode 321 à gérer.
AMUL17.ITM : Opcode 321 à gérer.
AX1H19.ITM : Opcode 112 à gérer.
BDAX1H02.ITM : Opcode 318 : self avec parameter1 et parameter2 différent de 0
BDAX1H05.ITM : Opcode 318 : self avec parameter1 et parameter2 différent de 0
BDBELT01.ITM : Opcode 321 à gérer.
BDBLUN04.ITM : FAILURE: opcode 12: Failure("BDBLUN04.ITM : Type de degat '3' pour le opcode 12 pas encore gere")
BDBLUN04.ITM : FAILURE: opcode 341: Failure("Opcode 12: Failure(\"BDBLUN04.ITM : Type de degat '3' pour le opcode 12 pas encore gere\")")
BDBOW01.ITM : Opcode 318 : self avec parameter1 et parameter2 différent de 0
BDBOW04.ITM : Unknown macro: opcode_target_326
BDBOW05.ITM : Unknown macro: opcode_target_326
BDHALB02.ITM : Opcode 318 : Immunité à une ressource (spl ou itm) différente de l'objet : BDFESTER
BDHALB02.ITM : Opcode 318 : Immunité à une ressource (spl ou itm) différente de l'objet : BDFESTER
BDHALB02.ITM : Opcode 318 : Immunité à une ressource (spl ou itm) différente de l'objet : BDFESTER
BDHALB02.ITM : Opcode 321 à gérer.
BDHALB03.ITM : Unknown macro: opcode_target_326
BDHAMM06.ITM : Unknown macro: opcode_target_326
BDRING09.ITM : Opcode 206 : La ressource cdsw1h58.spl n'existe pas.
BDRING09.ITM : Opcode 206 : La ressource cdmound.spl n'existe pas.
BDRING09.ITM : Opcode 206 : La ressource cdhgnya1.spl n'existe pas.
BDSW1H01.ITM : Opcode 321 à gérer.
BDSW1H01.ITM : Opcode 321 à gérer.
BDSW1H03.ITM : Unknown macro: opcode_target_326
BDSW1H03.ITM : FAILURE: opcode 341: Failure("Unknown macro: opcode_target_326")
BDSW1H08.ITM : Opcode 321 à gérer.
BDSW1H14.ITM : Opcode 321 à gérer.
BDSW1H21.ITM : Opcode 321 à gérer.
BDSW1H21.ITM : Opcode 321 à gérer.
BDSW1H21.ITM : Opcode 44: Unknow target : 9 
BDSW2H01.ITM : Opcode 321 à gérer.
BDSW2H02.ITM : Unknown macro: opcode_target_326
BDSW2H02.ITM : FAILURE: opcode 341: Failure("Unknown macro: opcode_target_326")
BLUN23.ITM : Opcode 177 : La ressource mobln232.eff n'existe pas.
BLUN23.ITM : Opcode 177 : La ressource mobln231.eff n'existe pas.
CHAINBM.ITM : Opcode 318 : La ressource umbergaz.spl n'existe pas.
CHALCY3.ITM : Opcode 321 à gérer.
CHALCY3.ITM : Opcode 321 à gérer.
CLCK24.ITM : Opcode 197 : Réflection du type de projectile '219'
CLCK24.ITM : Opcode 197 : Réflection du type de projectile '205'
CLCK24.ITM : Opcode 197 : Réflection du type de projectile '320'
HAMM09.ITM : Opcode 123 à gérer.
HELM35.ITM : Opcode 83: TODO: self_probability
JWSUPER.ITM : Opcode 206 : La ressource cdsw1h58.spl n'existe pas.
JWSUPER.ITM : Opcode 206 : La ressource cdmound.spl n'existe pas.
JWSUPER.ITM : Opcode 206 : La ressource cdhgnya1.spl n'existe pas.
MO1H50.ITM : Opcode 324 : Immunité à une ressource (spl ou itm) différente de l'objet : MISC75
MO1H50.ITM : Opcode 324 : Immunité à une ressource (spl ou itm) différente de l'objet : MISC75
MOAX01.ITM : Opcode 206 : La ressource kla#deqd.spl n'existe pas.
MOBT07.ITM : Opcode 206 : La ressource cdsw1h58.spl n'existe pas.
MOBT07.ITM : Opcode 206 : La ressource cdmound.spl n'existe pas.
MOBT07.ITM : Opcode 206 : La ressource cdhgnya1.spl n'existe pas.
MODAG01.ITM : Opcode 341 : La ressource modag01.spl n'existe pas.
MODAG01.ITM : La ressource MODAG01.spl n'existe pas.
MOMS01.ITM : Opcode 324 : Immunité à une ressource (spl ou itm) différente de l'objet : DAGG13
MOMS01.ITM : Opcode 324 : Immunité à une ressource (spl ou itm) différente de l'objet : DAGG13
MOSTA01.ITM : Opcode 324 : Immunité à une ressource (spl ou itm) différente de l'objet : RING30
MOSTA01.ITM : Opcode 324 : Immunité à une ressource (spl ou itm) différente de l'objet : RING30
NPPLAT.ITM : Opcode 206 : La ressource cdsw1h58.spl n'existe pas.
NPPLAT.ITM : Opcode 206 : La ressource cdmound.spl n'existe pas.
NPPLAT.ITM : Opcode 206 : La ressource cdhgnya1.spl n'existe pas.
OHBREW02.ITM : Opcode 177 : La ressource .eff n'existe pas.
RING09.ITM : Opcode 206 : La ressource cdsw1h58.spl n'existe pas.
RING09.ITM : Opcode 206 : La ressource cdmound.spl n'existe pas.
RING09.ITM : Opcode 206 : La ressource cdhgnya1.spl n'existe pas.
ROSSRING.ITM : Opcode 206 : La ressource cdsw1h58.spl n'existe pas.
ROSSRING.ITM : Opcode 206 : La ressource cdmound.spl n'existe pas.
ROSSRING.ITM : Opcode 206 : La ressource cdhgnya1.spl n'existe pas.
SHLD08P.ITM : Unknown macro: opcode_target_326
SHLD08P.ITM : FAILURE: opcode 232: Failure("Unknown macro: opcode_target_326")
SW1H23.ITM : Opcode 341 : La ressource mo1h23.spl n'existe pas.
SW1H23.ITM : La ressource mo1h23.spl n'existe pas.
SW1H64.ITM : Opcode 321 à gérer.
SW1H64.ITM : opcode 101: Traduction 11012216 manquante
SW1H64.ITM : FAILURE: opcode 101: Not_found
SW1H64.ITM : FAILURE: opcode 177: Failure("Failure(\"Opcode 101: Not_found\")")
SW1H65.ITM : Opcode 321 à gérer.
SW1H65.ITM : Opcode 321 à gérer.
SW1H65.ITM : Opcode 321 à gérer.
SW1H65.ITM : Opcode 321 à gérer.
SW1H65.ITM : Opcode 321 à gérer.
SW1H65.ITM : Opcode 321 à gérer.
SW1H65.ITM : Opcode 321 à gérer.
SW1H65.ITM : Opcode 321 à gérer.
SW1H65.ITM : Opcode 321 à gérer.
SW1H65.ITM : Opcode 321 à gérer.
SW1H65.ITM : Opcode 321 à gérer.
SW1H65.ITM : Opcode 321 à gérer.
SW1H65.ITM : Opcode 321 à gérer.
SW1H65.ITM : Opcode 321 à gérer.
SW1H65.ITM : Opcode 321 à gérer.
SW1H65.ITM : Opcode 321 à gérer.
SW1H65.ITM : Opcode 321 à gérer.
SW1H65.ITM : Opcode 321 à gérer.
SW1H65.ITM : Opcode 321 à gérer.
SW1H65.ITM : Opcode 321 à gérer.
SW1H65.ITM : Opcode 321 à gérer.
SW1H65.ITM : Opcode 321 à gérer.
SW1H65.ITM : Opcode 321 à gérer.
SW1H65.ITM : Opcode 321 à gérer.
SW1H65.ITM : Opcode 321 à gérer.
SW1H65.ITM : Opcode 321 à gérer.
SW1H65.ITM : Opcode 321 à gérer.
SW1H65.ITM : Opcode 321 à gérer.
SW1H65.ITM : Opcode 321 à gérer.
SW1H65.ITM : Opcode 321 à gérer.
SW1H65.ITM : Opcode 321 à gérer.
SW1H65.ITM : opcode 101: Traduction 11012216 manquante
SW1H65.ITM : FAILURE: opcode 101: Not_found
SW1H65.ITM : FAILURE: opcode 177: Failure("Failure(\"Opcode 101: Not_found\")")
SW1H68C.ITM : Opcode 112 à gérer.
SW1H69C.ITM : Opcode 112 à gérer.
SW1P01.ITM : Unknown macro: opcode_target_233
SW1P01.ITM : FAILURE: opcode 232: Failure("Unknown macro: opcode_target_233")
SW2H06.ITM : Opcode 206 : La ressource cdsw1h58.spl n'existe pas.
SW2H06.ITM : Opcode 206 : La ressource cdmound.spl n'existe pas.
SW2H06.ITM : Opcode 206 : La ressource cdhgnya1.spl n'existe pas.
SW2H07.ITM : Opcode 321 à gérer.
SW2H07.ITM : Opcode 44: Unknow target : 9 
SW2H13.ITM : Opcode 206 : La ressource cdsw1h58.spl n'existe pas.
SW2H13.ITM : Opcode 206 : La ressource cdmound.spl n'existe pas.
SW2H13.ITM : Opcode 206 : La ressource cdhgnya1.spl n'existe pas.
SW2HD1.ITM : Opcode 321 à gérer.
WA2SHIEL.ITM : Opcode 197 : Réflection du type de projectile '320'
