	
AX1H19.ITM : Opcode 81: Les 2 parametres doivent avoir la valeur 0
BDSW1H25.ITM : Opcode 81: Les 2 parametres doivent avoir la valeur 0
DEVA.ITM : Opcode 81: Les 2 parametres doivent avoir la valeur 0
DEVAEVIL.ITM : Opcode 81: Les 2 parametres doivent avoir la valeur 0
DWCHAN02.ITM : Opcode 0: parameter1 equal to 0 for a bonus/malus to the armor class.
FINSOL01.ITM : Opcode 77: Les 2 parametres doivent avoir la valeur 0
FINSOL01.ITM : Opcode 81: Les 2 parametres doivent avoir la valeur 0
PLANETAR.ITM : Opcode 81: Les 2 parametres doivent avoir la valeur 0
PRINCESS.ITM : Opcode 238: Wrong ids file : 24
SHLD06P.ITM : Opcode 178: Wrong ids file : 255
SHLD06P.ITM : Opcode 219000: Wrong ids file : 255
SHLD06P.ITM : Opcode 219001: Wrong ids file : 255
SHLD06P.ITM : Opcode 219000: Wrong ids file : 255
SHLD06P.ITM : Opcode 219001: Wrong ids file : 255

Total : 2867

Sans description : 0

Ignores : 1525

Reussis : 1324

Echoues : 18

Potions (TODO): 444

Munitions (TODO) : 64

Opcodes a coder : 19
